Node index: 2
[10.0.1.0:9000 10.0.1.2:9001 10.0.1.4:9002 10.0.1.6:9003 10.0.1.8:9004 10.0.1.10:9005 10.0.1.12:9006]
node 2 initiating connection to 10.0.1.0:9000
node 2 initiating connection to 10.0.1.2:9001
2022-11-27T04:37:56.887Z	DEBUG	replica=2	coded-hotterstuff/consensus.go:520	entered new view	{"CURRENT VIEW": 1, "view timeout": 2, "timedout": false}
2022-11-27T04:37:56.887Z	DEBUG	replica=2	coded-hotterstuff/consensus.go:535	replica is a leader for next view. collecting new-view messages	{"CURRENT VIEW": 1}
node 2 successfully initiated connection to 10.0.1.0:9000
node 2 successfully initiated connection to 10.0.1.2:9001
connection established 2 - 3
Node  2 -->  Listening for messages... 
connection established 2 - 4
connection established 2 - 6
Node  2 -->  Listening for messages... 
Node  2 -->  Listening for messages... 
connection established 2 - 5
Node  2 -->  Listening for messages... 
connection established 2 - 0
Node  2 -->  Listening for messages... 
connection established 2 - 1
Node  2 -->  Listening for messages... 
replica 2 is forwarding chunk to replica 0
replica 2 is forwarding chunk to replica 3
replica 2 is forwarding chunk to replica 4
replica 2 is forwarding chunk to replica 5
replica 2 is forwarding chunk to replica 6
2022-11-27T04:37:58.276Z	DEBUG	replica=2	coded-hotterstuff/consensus.go:965	received vote	{"CURRENT VIEW": 1, "msg": "vote", "voter": 1, "view": 1, "hash": "SKC06ZXnbItnYZVTxXLWgGtuTOc9zSoSvlJWhQRO6/8="}
Node  2  received vote before proposal, saving vote in pending votes, hash is  [72 160 180 233 149 231 108 139 103 97 149 83 197 114 214 128 107 110 76 231 61 205 42 18 190 82 86 133 4 78 235 255]  and string is,  1
2022-11-27T04:37:58.276Z	DEBUG	replica=2	coded-hotterstuff/consensus.go:970	Received vote before proposal, key is, 1	{"CURRENT VIEW": 1}
Decoded original proposal, time: 2022-11-27 04:37:59.492958075 +0000 UTC m=+2.697298482 header hash: [72 160 180 233 149 231 108 139 103 97 149 83 197 114 214 128 107 110 76 231 61 205 42 18 190 82 86 133 4 78 235 255]
2022-11-27T04:37:59.493Z	DEBUG	replica=2	coded-hotterstuff/consensus.go:576	received proposal	{"CURRENT VIEW": 1, "msg": "proposal", "header view": 1, "prepare view": 0, "hash": "SKC06ZXnbItnYZVTxXLWgGtuTOc9zSoSvlJWhQRO6/8=", "parent": "GZWDhiYW+ib6TpJWRLDOftUd8y8ovAaEerQWDbefS7c="}
2022-11-27T04:37:59.500Z	DEBUG	replica=2	coded-hotterstuff/consensus.go:777	could not find gparent header	{"CURRENT VIEW": 1, "view": 0, "hash": "GZWDhiYW+ib6TpJWRLDOftUd8y8ovAaEerQWDbefS7c="}
2022-11-27T04:37:59.503Z	DEBUG	replica=2	coded-hotterstuff/consensus.go:678	proposal is safe to vote on	{"CURRENT VIEW": 1, "msg": "proposal", "header view": 1, "prepare view": 0, "hash": "SKC06ZXnbItnYZVTxXLWgGtuTOc9zSoSvlJWhQRO6/8=", "parent": "GZWDhiYW+ib6TpJWRLDOftUd8y8ovAaEerQWDbefS7c="}
2022-11-27T04:37:59.503Z	DEBUG	replica=2	coded-hotterstuff/consensus.go:758	Taking care of pending vote 1	{"CURRENT VIEW": 1}
2022-11-27T04:37:59.503Z	DEBUG	replica=2	coded-hotterstuff/consensus.go:965	received vote	{"CURRENT VIEW": 1, "msg": "vote", "voter": 1, "view": 1, "hash": "SKC06ZXnbItnYZVTxXLWgGtuTOc9zSoSvlJWhQRO6/8="}
2022-11-27T04:37:59.509Z	DEBUG	replica=2	coded-hotterstuff/consensus.go:965	received vote	{"CURRENT VIEW": 1, "msg": "vote", "voter": 2, "view": 1, "hash": "SKC06ZXnbItnYZVTxXLWgGtuTOc9zSoSvlJWhQRO6/8="}
2022-11-27T04:37:59.514Z	DEBUG	replica=2	coded-hotterstuff/consensus.go:965	received vote	{"CURRENT VIEW": 1, "msg": "vote", "voter": 3, "view": 1, "hash": "SKC06ZXnbItnYZVTxXLWgGtuTOc9zSoSvlJWhQRO6/8="}
2022-11-27T04:37:59.519Z	DEBUG	replica=2	coded-hotterstuff/consensus.go:965	received vote	{"CURRENT VIEW": 1, "msg": "vote", "voter": 4, "view": 1, "hash": "SKC06ZXnbItnYZVTxXLWgGtuTOc9zSoSvlJWhQRO6/8="}
2022-11-27T04:37:59.524Z	DEBUG	replica=2	coded-hotterstuff/consensus.go:965	received vote	{"CURRENT VIEW": 1, "msg": "vote", "voter": 5, "view": 1, "hash": "SKC06ZXnbItnYZVTxXLWgGtuTOc9zSoSvlJWhQRO6/8="}
2022-11-27T04:37:59.529Z	DEBUG	replica=2	coded-hotterstuff/consensus.go:809	new block certified	{"CURRENT VIEW": 1, "view": 1, "hash": "SKC06ZXnbItnYZVTxXLWgGtuTOc9zSoSvlJWhQRO6/8="}
2022-11-27T04:37:59.529Z	DEBUG	replica=2	coded-hotterstuff/consensus.go:520	entered new view	{"CURRENT VIEW": 2, "view timeout": 2, "timedout": false}
2022-11-27T04:37:59.529Z	DEBUG	replica=2	coded-hotterstuff/consensus.go:544	replica is a leader for this view. waiting for data	{"CURRENT VIEW": 2}
2022-11-27T04:37:59.529Z	DEBUG	replica=2	coded-hotterstuff/consensus.go:520	entered new view	{"CURRENT VIEW": 2, "view timeout": 2, "timedout": false}
2022-11-27T04:37:59.529Z	DEBUG	replica=2	coded-hotterstuff/consensus.go:544	replica is a leader for this view. waiting for data	{"CURRENT VIEW": 2}
2022-11-27T04:37:59.529Z	DEBUG	replica=2	coded-hotterstuff/consensus.go:965	received vote	{"CURRENT VIEW": 2, "msg": "vote", "voter": 6, "view": 2, "hash": "SKC06ZXnbItnYZVTxXLWgGtuTOc9zSoSvlJWhQRO6/8="}
2022-11-27T04:37:59.533Z	DEBUG	replica=2	coded-hotterstuff/consensus.go:520	entered new view	{"CURRENT VIEW": 2, "view timeout": 2, "timedout": false}
2022-11-27T04:37:59.533Z	DEBUG	replica=2	coded-hotterstuff/consensus.go:544	replica is a leader for this view. waiting for data	{"CURRENT VIEW": 2}
2022-11-27T04:37:59.536Z	DEBUG	replica=2	coded-hotterstuff/consensus.go:238	sending proposal	{"CURRENT VIEW": 2, "hash": "cPBdTa7qQJueFGrjnuqGleZwFBh/lhGAlUWBfCr3UKs=", "parent": "SKC06ZXnbItnYZVTxXLWgGtuTOc9zSoSvlJWhQRO6/8=", "signer": 2}
2022-11-27T04:37:59.539Z	DEBUG	replica=2	coded-hotterstuff/consensus.go:576	received proposal	{"CURRENT VIEW": 2, "msg": "proposal", "header view": 2, "prepare view": 1, "hash": "cPBdTa7qQJueFGrjnuqGleZwFBh/lhGAlUWBfCr3UKs=", "parent": "SKC06ZXnbItnYZVTxXLWgGtuTOc9zSoSvlJWhQRO6/8="}
2022-11-27T04:37:59.545Z	DEBUG	replica=2	coded-hotterstuff/consensus.go:782	could not find ggparent header	{"CURRENT VIEW": 2, "view": 0, "hash": "GZWDhiYW+ib6TpJWRLDOftUd8y8ovAaEerQWDbefS7c="}
2022-11-27T04:37:59.548Z	DEBUG	replica=2	coded-hotterstuff/consensus.go:678	proposal is safe to vote on	{"CURRENT VIEW": 2, "msg": "proposal", "header view": 2, "prepare view": 1, "hash": "cPBdTa7qQJueFGrjnuqGleZwFBh/lhGAlUWBfCr3UKs=", "parent": "SKC06ZXnbItnYZVTxXLWgGtuTOc9zSoSvlJWhQRO6/8="}
2022-11-27T04:37:59.550Z	DEBUG	replica=2	coded-hotterstuff/consensus.go:965	received vote	{"CURRENT VIEW": 2, "msg": "vote", "voter": 0, "view": 2, "hash": "SKC06ZXnbItnYZVTxXLWgGtuTOc9zSoSvlJWhQRO6/8="}
2022-11-27T04:37:59.555Z	DEBUG	replica=2	coded-hotterstuff/consensus.go:520	entered new view	{"CURRENT VIEW": 2, "view timeout": 2, "timedout": false}
2022-11-27T04:37:59.555Z	DEBUG	replica=2	coded-hotterstuff/consensus.go:544	replica is a leader for this view. waiting for data	{"CURRENT VIEW": 2}
2022-11-27T04:37:59.556Z	DEBUG	replica=2	coded-hotterstuff/consensus.go:238	sending proposal	{"CURRENT VIEW": 2, "hash": "cPBdTa7qQJueFGrjnuqGleZwFBh/lhGAlUWBfCr3UKs=", "parent": "SKC06ZXnbItnYZVTxXLWgGtuTOc9zSoSvlJWhQRO6/8=", "signer": 2}
2022-11-27T04:37:59.559Z	DEBUG	replica=2	coded-hotterstuff/consensus.go:576	received proposal	{"CURRENT VIEW": 2, "msg": "proposal", "header view": 2, "prepare view": 1, "hash": "cPBdTa7qQJueFGrjnuqGleZwFBh/lhGAlUWBfCr3UKs=", "parent": "SKC06ZXnbItnYZVTxXLWgGtuTOc9zSoSvlJWhQRO6/8="}
2022-11-27T04:37:59.566Z	DEBUG	replica=2	coded-hotterstuff/consensus.go:782	could not find ggparent header	{"CURRENT VIEW": 2, "view": 0, "hash": "GZWDhiYW+ib6TpJWRLDOftUd8y8ovAaEerQWDbefS7c="}
replica 2 is forwarding chunk to replica 0
replica 2 is forwarding chunk to replica 1
replica 2 is forwarding chunk to replica 4
replica 2 is forwarding chunk to replica 5
replica 2 is forwarding chunk to replica 6
replica 2 is forwarding chunk to replica 0
replica 2 is forwarding chunk to replica 1
replica 2 is forwarding chunk to replica 4
replica 2 is forwarding chunk to replica 5
replica 2 is forwarding chunk to replica 6
replica 2 is forwarding chunk to replica 0
replica 2 is forwarding chunk to replica 1
replica 2 is forwarding chunk to replica 4
replica 2 is forwarding chunk to replica 5
replica 2 is forwarding chunk to replica 6
Decoded original proposal, time: 2022-11-27 04:38:06.124578645 +0000 UTC m=+9.328919102 header hash: [112 177 115 22 63 1 229 2 188 132 41 134 91 243 148 216 155 140 26 48 57 5 100 136 252 109 95 105 67 73 234 227]
2022-11-27T04:38:06.124Z	DEBUG	replica=2	coded-hotterstuff/consensus.go:576	received proposal	{"CURRENT VIEW": 2, "msg": "proposal", "header view": 3, "prepare view": 1, "hash": "cLFzFj8B5QK8hCmGW/OU2JuMGjA5BWSI/G1faUNJ6uM=", "parent": "cPBdTa7qQJueFGrjnuqGleZwFBh/lhGAlUWBfCr3UKs="}
2022-11-27T04:38:06.132Z	DEBUG	replica=2	coded-hotterstuff/consensus.go:809	new block certified	{"CURRENT VIEW": 2, "view": 2, "hash": "cPBdTa7qQJueFGrjnuqGleZwFBh/lhGAlUWBfCr3UKs="}
2022-11-27T04:38:06.132Z	DEBUG	replica=2	coded-hotterstuff/consensus.go:520	entered new view	{"CURRENT VIEW": 3, "view timeout": 2, "timedout": false}
2022-11-27T04:38:06.132Z	DEBUG	replica=2	coded-hotterstuff/consensus.go:788	new block locked	{"CURRENT VIEW": 3, "view": 1, "hash": "SKC06ZXnbItnYZVTxXLWgGtuTOc9zSoSvlJWhQRO6/8="}
2022-11-27T04:38:06.134Z	DEBUG	replica=2	coded-hotterstuff/consensus.go:678	proposal is safe to vote on	{"CURRENT VIEW": 2, "msg": "proposal", "header view": 3, "prepare view": 1, "hash": "cLFzFj8B5QK8hCmGW/OU2JuMGjA5BWSI/G1faUNJ6uM=", "parent": "cPBdTa7qQJueFGrjnuqGleZwFBh/lhGAlUWBfCr3UKs="}
Decoded original proposal, time: 2022-11-27 04:38:07.464310553 +0000 UTC m=+10.668651014 header hash: [112 177 115 22 63 1 229 2 188 132 41 134 91 243 148 216 155 140 26 48 57 5 100 136 252 109 95 105 67 73 234 227]
2022-11-27T04:38:07.464Z	DEBUG	replica=2	coded-hotterstuff/consensus.go:576	received proposal	{"CURRENT VIEW": 3, "msg": "proposal", "header view": 3, "prepare view": 2, "hash": "cLFzFj8B5QK8hCmGW/OU2JuMGjA5BWSI/G1faUNJ6uM=", "parent": "cPBdTa7qQJueFGrjnuqGleZwFBh/lhGAlUWBfCr3UKs="}
replica 2 is forwarding chunk to replica 0
replica 2 is forwarding chunk to replica 1
replica 2 is forwarding chunk to replica 3
replica 2 is forwarding chunk to replica 5
replica 2 is forwarding chunk to replica 6
Decoded original proposal, time: 2022-11-27 04:38:08.725991451 +0000 UTC m=+11.930331863 header hash: [112 177 115 22 63 1 229 2 188 132 41 134 91 243 148 216 155 140 26 48 57 5 100 136 252 109 95 105 67 73 234 227]
2022-11-27T04:38:08.726Z	DEBUG	replica=2	coded-hotterstuff/consensus.go:576	received proposal	{"CURRENT VIEW": 3, "msg": "proposal", "header view": 3, "prepare view": 2, "hash": "cLFzFj8B5QK8hCmGW/OU2JuMGjA5BWSI/G1faUNJ6uM=", "parent": "cPBdTa7qQJueFGrjnuqGleZwFBh/lhGAlUWBfCr3UKs="}
Decoded original proposal, time: 2022-11-27 04:38:10.161795888 +0000 UTC m=+13.366136296 header hash: [241 106 152 62 46 209 156 146 237 16 116 52 193 237 0 80 85 192 166 182 15 238 2 99 236 42 182 26 232 130 25 190]
2022-11-27T04:38:10.161Z	DEBUG	replica=2	coded-hotterstuff/consensus.go:576	received proposal	{"CURRENT VIEW": 3, "msg": "proposal", "header view": 4, "prepare view": 2, "hash": "8WqYPi7RnJLtEHQ0we0AUFXAprYP7gJj7Cq2GuiCGb4=", "parent": "cLFzFj8B5QK8hCmGW/OU2JuMGjA5BWSI/G1faUNJ6uM="}
2022-11-27T04:38:10.170Z	DEBUG	replica=2	coded-hotterstuff/consensus.go:809	new block certified	{"CURRENT VIEW": 3, "view": 3, "hash": "cLFzFj8B5QK8hCmGW/OU2JuMGjA5BWSI/G1faUNJ6uM="}
2022-11-27T04:38:10.170Z	DEBUG	replica=2	coded-hotterstuff/consensus.go:520	entered new view	{"CURRENT VIEW": 4, "view timeout": 2, "timedout": false}
2022-11-27T04:38:10.170Z	DEBUG	replica=2	coded-hotterstuff/consensus.go:788	new block locked	{"CURRENT VIEW": 4, "view": 2, "hash": "cPBdTa7qQJueFGrjnuqGleZwFBh/lhGAlUWBfCr3UKs="}
2022-11-27T04:38:10.170Z	INFO	replica=2	coded-hotterstuff/consensus.go:797	new block commited	{"CURRENT VIEW": 4, "view": 1, "hash": "SKC06ZXnbItnYZVTxXLWgGtuTOc9zSoSvlJWhQRO6/8="}
2022-11-27T04:38:10.172Z	DEBUG	replica=2	coded-hotterstuff/consensus.go:678	proposal is safe to vote on	{"CURRENT VIEW": 3, "msg": "proposal", "header view": 4, "prepare view": 2, "hash": "8WqYPi7RnJLtEHQ0we0AUFXAprYP7gJj7Cq2GuiCGb4=", "parent": "cLFzFj8B5QK8hCmGW/OU2JuMGjA5BWSI/G1faUNJ6uM="}
Node  2 +1 block finalized at time:  2022-11-27 04:38:10.174979333 +0000 UTC m=+13.379319728
replica 2 is forwarding chunk to replica 0
replica 2 is forwarding chunk to replica 1
replica 2 is forwarding chunk to replica 3
replica 2 is forwarding chunk to replica 5
replica 2 is forwarding chunk to replica 6
replica 2 is forwarding chunk to replica 0
replica 2 is forwarding chunk to replica 1
replica 2 is forwarding chunk to replica 3
replica 2 is forwarding chunk to replica 5
replica 2 is forwarding chunk to replica 6
replica 2 is forwarding chunk to replica 0
replica 2 is forwarding chunk to replica 1
replica 2 is forwarding chunk to replica 3
replica 2 is forwarding chunk to replica 4
replica 2 is forwarding chunk to replica 6
Decoded original proposal, time: 2022-11-27 04:38:13.204533442 +0000 UTC m=+16.408873900 header hash: [142 10 227 234 199 14 168 203 47 218 211 136 230 41 94 109 68 52 16 5 27 142 16 70 5 23 250 1 182 25 221 148]
2022-11-27T04:38:13.204Z	DEBUG	replica=2	coded-hotterstuff/consensus.go:576	received proposal	{"CURRENT VIEW": 4, "msg": "proposal", "header view": 5, "prepare view": 3, "hash": "jgrj6scOqMsv2tOI5ilebUQ0EAUbjhBGBRf6AbYZ3ZQ=", "parent": "8WqYPi7RnJLtEHQ0we0AUFXAprYP7gJj7Cq2GuiCGb4="}
2022-11-27T04:38:13.213Z	DEBUG	replica=2	coded-hotterstuff/consensus.go:809	new block certified	{"CURRENT VIEW": 4, "view": 4, "hash": "8WqYPi7RnJLtEHQ0we0AUFXAprYP7gJj7Cq2GuiCGb4="}
2022-11-27T04:38:13.213Z	DEBUG	replica=2	coded-hotterstuff/consensus.go:520	entered new view	{"CURRENT VIEW": 5, "view timeout": 2, "timedout": false}
2022-11-27T04:38:13.213Z	DEBUG	replica=2	coded-hotterstuff/consensus.go:788	new block locked	{"CURRENT VIEW": 5, "view": 3, "hash": "cLFzFj8B5QK8hCmGW/OU2JuMGjA5BWSI/G1faUNJ6uM="}
2022-11-27T04:38:13.213Z	INFO	replica=2	coded-hotterstuff/consensus.go:797	new block commited	{"CURRENT VIEW": 5, "view": 2, "hash": "cPBdTa7qQJueFGrjnuqGleZwFBh/lhGAlUWBfCr3UKs="}
2022-11-27T04:38:13.214Z	DEBUG	replica=2	coded-hotterstuff/consensus.go:678	proposal is safe to vote on	{"CURRENT VIEW": 4, "msg": "proposal", "header view": 5, "prepare view": 3, "hash": "jgrj6scOqMsv2tOI5ilebUQ0EAUbjhBGBRf6AbYZ3ZQ=", "parent": "8WqYPi7RnJLtEHQ0we0AUFXAprYP7gJj7Cq2GuiCGb4="}
Node  2 +1 block finalized at time:  2022-11-27 04:38:13.216902389 +0000 UTC m=+16.421242797
replica 2 is forwarding chunk to replica 0
replica 2 is forwarding chunk to replica 1
replica 2 is forwarding chunk to replica 3
replica 2 is forwarding chunk to replica 4
replica 2 is forwarding chunk to replica 6
Decoded original proposal, time: 2022-11-27 04:38:13.818948354 +0000 UTC m=+17.023288800 header hash: [241 106 152 62 46 209 156 146 237 16 116 52 193 237 0 80 85 192 166 182 15 238 2 99 236 42 182 26 232 130 25 190]
2022-11-27T04:38:13.818Z	DEBUG	replica=2	coded-hotterstuff/consensus.go:576	received proposal	{"CURRENT VIEW": 5, "msg": "proposal", "header view": 4, "prepare view": 4, "hash": "8WqYPi7RnJLtEHQ0we0AUFXAprYP7gJj7Cq2GuiCGb4=", "parent": "cLFzFj8B5QK8hCmGW/OU2JuMGjA5BWSI/G1faUNJ6uM="}
2022-11-27T04:38:13.827Z	DEBUG	replica=2	coded-hotterstuff/consensus.go:667	proposal view doesn't match local view	{"CURRENT VIEW": 5, "msg": "proposal", "header view": 4, "prepare view": 4, "hash": "8WqYPi7RnJLtEHQ0we0AUFXAprYP7gJj7Cq2GuiCGb4=", "parent": "cLFzFj8B5QK8hCmGW/OU2JuMGjA5BWSI/G1faUNJ6uM="}
replica 2 is forwarding chunk to replica 0
replica 2 is forwarding chunk to replica 1
replica 2 is forwarding chunk to replica 3
replica 2 is forwarding chunk to replica 4
replica 2 is forwarding chunk to replica 6
Decoded original proposal, time: 2022-11-27 04:38:14.975202938 +0000 UTC m=+18.179543396 header hash: [142 10 227 234 199 14 168 203 47 218 211 136 230 41 94 109 68 52 16 5 27 142 16 70 5 23 250 1 182 25 221 148]
2022-11-27T04:38:14.975Z	DEBUG	replica=2	coded-hotterstuff/consensus.go:576	received proposal	{"CURRENT VIEW": 5, "msg": "proposal", "header view": 5, "prepare view": 4, "hash": "jgrj6scOqMsv2tOI5ilebUQ0EAUbjhBGBRf6AbYZ3ZQ=", "parent": "8WqYPi7RnJLtEHQ0we0AUFXAprYP7gJj7Cq2GuiCGb4="}
Decoded original proposal, time: 2022-11-27 04:38:16.261432587 +0000 UTC m=+19.465773048 header hash: [241 106 152 62 46 209 156 146 237 16 116 52 193 237 0 80 85 192 166 182 15 238 2 99 236 42 182 26 232 130 25 190]
2022-11-27T04:38:16.261Z	DEBUG	replica=2	coded-hotterstuff/consensus.go:576	received proposal	{"CURRENT VIEW": 5, "msg": "proposal", "header view": 4, "prepare view": 4, "hash": "8WqYPi7RnJLtEHQ0we0AUFXAprYP7gJj7Cq2GuiCGb4=", "parent": "cLFzFj8B5QK8hCmGW/OU2JuMGjA5BWSI/G1faUNJ6uM="}
2022-11-27T04:38:16.270Z	DEBUG	replica=2	coded-hotterstuff/consensus.go:667	proposal view doesn't match local view	{"CURRENT VIEW": 5, "msg": "proposal", "header view": 4, "prepare view": 4, "hash": "8WqYPi7RnJLtEHQ0we0AUFXAprYP7gJj7Cq2GuiCGb4=", "parent": "cLFzFj8B5QK8hCmGW/OU2JuMGjA5BWSI/G1faUNJ6uM="}
Decoded original proposal, time: 2022-11-27 04:38:17.412474393 +0000 UTC m=+20.616814856 header hash: [142 10 227 234 199 14 168 203 47 218 211 136 230 41 94 109 68 52 16 5 27 142 16 70 5 23 250 1 182 25 221 148]
2022-11-27T04:38:17.412Z	DEBUG	replica=2	coded-hotterstuff/consensus.go:576	received proposal	{"CURRENT VIEW": 5, "msg": "proposal", "header view": 5, "prepare view": 4, "hash": "jgrj6scOqMsv2tOI5ilebUQ0EAUbjhBGBRf6AbYZ3ZQ=", "parent": "8WqYPi7RnJLtEHQ0we0AUFXAprYP7gJj7Cq2GuiCGb4="}
replica 2 is forwarding chunk to replica 0
replica 2 is forwarding chunk to replica 1
replica 2 is forwarding chunk to replica 3
replica 2 is forwarding chunk to replica 4
replica 2 is forwarding chunk to replica 5
Decoded original proposal, time: 2022-11-27 04:38:18.106492832 +0000 UTC m=+21.310833240 header hash: [144 90 124 249 42 55 49 193 182 202 159 220 172 15 148 92 178 123 123 95 139 252 214 157 36 122 219 17 149 62 178 46]
2022-11-27T04:38:18.106Z	DEBUG	replica=2	coded-hotterstuff/consensus.go:576	received proposal	{"CURRENT VIEW": 5, "msg": "proposal", "header view": 6, "prepare view": 4, "hash": "kFp8+So3McG2yp/crA+UXLJ7e1+L/NadJHrbEZU+si4=", "parent": "jgrj6scOqMsv2tOI5ilebUQ0EAUbjhBGBRf6AbYZ3ZQ="}
2022-11-27T04:38:18.115Z	DEBUG	replica=2	coded-hotterstuff/consensus.go:809	new block certified	{"CURRENT VIEW": 5, "view": 5, "hash": "jgrj6scOqMsv2tOI5ilebUQ0EAUbjhBGBRf6AbYZ3ZQ="}
2022-11-27T04:38:18.115Z	DEBUG	replica=2	coded-hotterstuff/consensus.go:520	entered new view	{"CURRENT VIEW": 6, "view timeout": 2, "timedout": false}
2022-11-27T04:38:18.115Z	DEBUG	replica=2	coded-hotterstuff/consensus.go:788	new block locked	{"CURRENT VIEW": 6, "view": 4, "hash": "8WqYPi7RnJLtEHQ0we0AUFXAprYP7gJj7Cq2GuiCGb4="}
2022-11-27T04:38:18.115Z	INFO	replica=2	coded-hotterstuff/consensus.go:797	new block commited	{"CURRENT VIEW": 6, "view": 3, "hash": "cLFzFj8B5QK8hCmGW/OU2JuMGjA5BWSI/G1faUNJ6uM="}
2022-11-27T04:38:18.118Z	DEBUG	replica=2	coded-hotterstuff/consensus.go:678	proposal is safe to vote on	{"CURRENT VIEW": 5, "msg": "proposal", "header view": 6, "prepare view": 4, "hash": "kFp8+So3McG2yp/crA+UXLJ7e1+L/NadJHrbEZU+si4=", "parent": "jgrj6scOqMsv2tOI5ilebUQ0EAUbjhBGBRf6AbYZ3ZQ="}
Node  2 +1 block finalized at time:  2022-11-27 04:38:18.120823747 +0000 UTC m=+21.325164155
replica 2 is forwarding chunk to replica 0
replica 2 is forwarding chunk to replica 1
replica 2 is forwarding chunk to replica 3
replica 2 is forwarding chunk to replica 4
replica 2 is forwarding chunk to replica 5
Decoded original proposal, time: 2022-11-27 04:38:20.225673782 +0000 UTC m=+23.430014190 header hash: [144 90 124 249 42 55 49 193 182 202 159 220 172 15 148 92 178 123 123 95 139 252 214 157 36 122 219 17 149 62 178 46]
2022-11-27T04:38:20.225Z	DEBUG	replica=2	coded-hotterstuff/consensus.go:576	received proposal	{"CURRENT VIEW": 6, "msg": "proposal", "header view": 6, "prepare view": 5, "hash": "kFp8+So3McG2yp/crA+UXLJ7e1+L/NadJHrbEZU+si4=", "parent": "jgrj6scOqMsv2tOI5ilebUQ0EAUbjhBGBRf6AbYZ3ZQ="}
replica 2 is forwarding chunk to replica 1
replica 2 is forwarding chunk to replica 3
replica 2 is forwarding chunk to replica 4
replica 2 is forwarding chunk to replica 5
replica 2 is forwarding chunk to replica 6
replica 2 is forwarding chunk to replica 0
replica 2 is forwarding chunk to replica 1
replica 2 is forwarding chunk to replica 3
replica 2 is forwarding chunk to replica 4
replica 2 is forwarding chunk to replica 5
Decoded original proposal, time: 2022-11-27 04:38:21.304142676 +0000 UTC m=+24.508483137 header hash: [144 90 124 249 42 55 49 193 182 202 159 220 172 15 148 92 178 123 123 95 139 252 214 157 36 122 219 17 149 62 178 46]
2022-11-27T04:38:21.304Z	DEBUG	replica=2	coded-hotterstuff/consensus.go:576	received proposal	{"CURRENT VIEW": 6, "msg": "proposal", "header view": 6, "prepare view": 5, "hash": "kFp8+So3McG2yp/crA+UXLJ7e1+L/NadJHrbEZU+si4=", "parent": "jgrj6scOqMsv2tOI5ilebUQ0EAUbjhBGBRf6AbYZ3ZQ="}
Decoded original proposal, time: 2022-11-27 04:38:22.230810201 +0000 UTC m=+25.435150665 header hash: [82 186 70 5 171 170 163 31 242 237 216 214 91 95 174 96 9 56 150 120 198 10 139 98 230 188 67 131 78 157 60 15]
2022-11-27T04:38:22.230Z	DEBUG	replica=2	coded-hotterstuff/consensus.go:576	received proposal	{"CURRENT VIEW": 6, "msg": "proposal", "header view": 7, "prepare view": 5, "hash": "UrpGBauqox/y7djWW1+uYAk4lnjGCoti5rxDg06dPA8=", "parent": "kFp8+So3McG2yp/crA+UXLJ7e1+L/NadJHrbEZU+si4="}
2022-11-27T04:38:22.238Z	DEBUG	replica=2	coded-hotterstuff/consensus.go:809	new block certified	{"CURRENT VIEW": 6, "view": 6, "hash": "kFp8+So3McG2yp/crA+UXLJ7e1+L/NadJHrbEZU+si4="}
2022-11-27T04:38:22.238Z	DEBUG	replica=2	coded-hotterstuff/consensus.go:520	entered new view	{"CURRENT VIEW": 7, "view timeout": 2, "timedout": false}
2022-11-27T04:38:22.238Z	DEBUG	replica=2	coded-hotterstuff/consensus.go:788	new block locked	{"CURRENT VIEW": 7, "view": 5, "hash": "jgrj6scOqMsv2tOI5ilebUQ0EAUbjhBGBRf6AbYZ3ZQ="}
2022-11-27T04:38:22.238Z	INFO	replica=2	coded-hotterstuff/consensus.go:797	new block commited	{"CURRENT VIEW": 7, "view": 4, "hash": "8WqYPi7RnJLtEHQ0we0AUFXAprYP7gJj7Cq2GuiCGb4="}
2022-11-27T04:38:22.239Z	DEBUG	replica=2	coded-hotterstuff/consensus.go:678	proposal is safe to vote on	{"CURRENT VIEW": 6, "msg": "proposal", "header view": 7, "prepare view": 5, "hash": "UrpGBauqox/y7djWW1+uYAk4lnjGCoti5rxDg06dPA8=", "parent": "kFp8+So3McG2yp/crA+UXLJ7e1+L/NadJHrbEZU+si4="}
Node  2 +1 block finalized at time:  2022-11-27 04:38:22.242010529 +0000 UTC m=+25.446350940
replica 2 is forwarding chunk to replica 1
replica 2 is forwarding chunk to replica 3
replica 2 is forwarding chunk to replica 4
replica 2 is forwarding chunk to replica 5
replica 2 is forwarding chunk to replica 6
Decoded original proposal, time: 2022-11-27 04:38:23.654459464 +0000 UTC m=+26.858799879 header hash: [82 186 70 5 171 170 163 31 242 237 216 214 91 95 174 96 9 56 150 120 198 10 139 98 230 188 67 131 78 157 60 15]
2022-11-27T04:38:23.654Z	DEBUG	replica=2	coded-hotterstuff/consensus.go:576	received proposal	{"CURRENT VIEW": 7, "msg": "proposal", "header view": 7, "prepare view": 6, "hash": "UrpGBauqox/y7djWW1+uYAk4lnjGCoti5rxDg06dPA8=", "parent": "kFp8+So3McG2yp/crA+UXLJ7e1+L/NadJHrbEZU+si4="}
replica 2 is forwarding chunk to replica 1
replica 2 is forwarding chunk to replica 3
replica 2 is forwarding chunk to replica 4
replica 2 is forwarding chunk to replica 5
replica 2 is forwarding chunk to replica 6
Decoded original proposal, time: 2022-11-27 04:38:24.874511303 +0000 UTC m=+28.078851761 header hash: [82 186 70 5 171 170 163 31 242 237 216 214 91 95 174 96 9 56 150 120 198 10 139 98 230 188 67 131 78 157 60 15]
2022-11-27T04:38:24.874Z	DEBUG	replica=2	coded-hotterstuff/consensus.go:576	received proposal	{"CURRENT VIEW": 7, "msg": "proposal", "header view": 7, "prepare view": 6, "hash": "UrpGBauqox/y7djWW1+uYAk4lnjGCoti5rxDg06dPA8=", "parent": "kFp8+So3McG2yp/crA+UXLJ7e1+L/NadJHrbEZU+si4="}
2022-11-27T04:38:26.050Z	DEBUG	replica=2	coded-hotterstuff/consensus.go:965	received vote	{"CURRENT VIEW": 7, "msg": "vote", "voter": 4, "view": 7, "hash": "CdTNHG77L/KNb6fxbFkMI5vefUtOuAcj6xhNSmb/gws="}
Node  2  received vote before proposal, saving vote in pending votes, hash is  [9 212 205 28 110 251 47 242 141 111 167 241 108 89 12 35 155 222 125 75 78 184 7 35 235 24 77 74 102 255 131 11]  and string is,  8
2022-11-27T04:38:26.050Z	DEBUG	replica=2	coded-hotterstuff/consensus.go:970	Received vote before proposal, key is, 8	{"CURRENT VIEW": 7}
2022-11-27T04:38:26.122Z	DEBUG	replica=2	coded-hotterstuff/consensus.go:965	received vote	{"CURRENT VIEW": 7, "msg": "vote", "voter": 6, "view": 7, "hash": "CdTNHG77L/KNb6fxbFkMI5vefUtOuAcj6xhNSmb/gws="}
replica 2 is forwarding chunk to replica 0
replica 2 is forwarding chunk to replica 3
replica 2 is forwarding chunk to replica 4
replica 2 is forwarding chunk to replica 5
replica 2 is forwarding chunk to replica 6
Decoded original proposal, time: 2022-11-27 04:38:26.572738959 +0000 UTC m=+29.777079367 header hash: [9 212 205 28 110 251 47 242 141 111 167 241 108 89 12 35 155 222 125 75 78 184 7 35 235 24 77 74 102 255 131 11]
2022-11-27T04:38:26.572Z	DEBUG	replica=2	coded-hotterstuff/consensus.go:576	received proposal	{"CURRENT VIEW": 7, "msg": "proposal", "header view": 8, "prepare view": 6, "hash": "CdTNHG77L/KNb6fxbFkMI5vefUtOuAcj6xhNSmb/gws=", "parent": "UrpGBauqox/y7djWW1+uYAk4lnjGCoti5rxDg06dPA8="}
2022-11-27T04:38:26.580Z	DEBUG	replica=2	coded-hotterstuff/consensus.go:809	new block certified	{"CURRENT VIEW": 7, "view": 7, "hash": "UrpGBauqox/y7djWW1+uYAk4lnjGCoti5rxDg06dPA8="}
2022-11-27T04:38:26.580Z	DEBUG	replica=2	coded-hotterstuff/consensus.go:520	entered new view	{"CURRENT VIEW": 8, "view timeout": 2, "timedout": false}
2022-11-27T04:38:26.580Z	DEBUG	replica=2	coded-hotterstuff/consensus.go:535	replica is a leader for next view. collecting new-view messages	{"CURRENT VIEW": 8}
2022-11-27T04:38:26.580Z	DEBUG	replica=2	coded-hotterstuff/consensus.go:788	new block locked	{"CURRENT VIEW": 8, "view": 6, "hash": "kFp8+So3McG2yp/crA+UXLJ7e1+L/NadJHrbEZU+si4="}
2022-11-27T04:38:26.580Z	INFO	replica=2	coded-hotterstuff/consensus.go:797	new block commited	{"CURRENT VIEW": 8, "view": 5, "hash": "jgrj6scOqMsv2tOI5ilebUQ0EAUbjhBGBRf6AbYZ3ZQ="}
2022-11-27T04:38:26.583Z	DEBUG	replica=2	coded-hotterstuff/consensus.go:678	proposal is safe to vote on	{"CURRENT VIEW": 7, "msg": "proposal", "header view": 8, "prepare view": 6, "hash": "CdTNHG77L/KNb6fxbFkMI5vefUtOuAcj6xhNSmb/gws=", "parent": "UrpGBauqox/y7djWW1+uYAk4lnjGCoti5rxDg06dPA8="}
2022-11-27T04:38:26.583Z	DEBUG	replica=2	coded-hotterstuff/consensus.go:758	Taking care of pending vote 8	{"CURRENT VIEW": 8}
2022-11-27T04:38:26.583Z	DEBUG	replica=2	coded-hotterstuff/consensus.go:965	received vote	{"CURRENT VIEW": 8, "msg": "vote", "voter": 4, "view": 8, "hash": "CdTNHG77L/KNb6fxbFkMI5vefUtOuAcj6xhNSmb/gws="}
2022-11-27T04:38:26.587Z	DEBUG	replica=2	coded-hotterstuff/consensus.go:758	Taking care of pending vote 8	{"CURRENT VIEW": 8}
2022-11-27T04:38:26.587Z	DEBUG	replica=2	coded-hotterstuff/consensus.go:965	received vote	{"CURRENT VIEW": 8, "msg": "vote", "voter": 6, "view": 8, "hash": "CdTNHG77L/KNb6fxbFkMI5vefUtOuAcj6xhNSmb/gws="}
2022-11-27T04:38:26.594Z	DEBUG	replica=2	coded-hotterstuff/consensus.go:965	received vote	{"CURRENT VIEW": 8, "msg": "vote", "voter": 2, "view": 8, "hash": "CdTNHG77L/KNb6fxbFkMI5vefUtOuAcj6xhNSmb/gws="}
2022-11-27T04:38:26.600Z	DEBUG	replica=2	coded-hotterstuff/consensus.go:965	received vote	{"CURRENT VIEW": 8, "msg": "vote", "voter": 1, "view": 8, "hash": "CdTNHG77L/KNb6fxbFkMI5vefUtOuAcj6xhNSmb/gws="}
Node  2 +1 block finalized at time:  2022-11-27 04:38:26.606425657 +0000 UTC m=+29.810766056
2022-11-27T04:38:26.672Z	DEBUG	replica=2	coded-hotterstuff/consensus.go:965	received vote	{"CURRENT VIEW": 8, "msg": "vote", "voter": 5, "view": 8, "hash": "CdTNHG77L/KNb6fxbFkMI5vefUtOuAcj6xhNSmb/gws="}
2022-11-27T04:38:26.678Z	DEBUG	replica=2	coded-hotterstuff/consensus.go:809	new block certified	{"CURRENT VIEW": 8, "view": 8, "hash": "CdTNHG77L/KNb6fxbFkMI5vefUtOuAcj6xhNSmb/gws="}
2022-11-27T04:38:26.678Z	DEBUG	replica=2	coded-hotterstuff/consensus.go:520	entered new view	{"CURRENT VIEW": 9, "view timeout": 2, "timedout": false}
2022-11-27T04:38:26.678Z	DEBUG	replica=2	coded-hotterstuff/consensus.go:544	replica is a leader for this view. waiting for data	{"CURRENT VIEW": 9}
2022-11-27T04:38:26.678Z	DEBUG	replica=2	coded-hotterstuff/consensus.go:520	entered new view	{"CURRENT VIEW": 9, "view timeout": 2, "timedout": false}
2022-11-27T04:38:26.678Z	DEBUG	replica=2	coded-hotterstuff/consensus.go:544	replica is a leader for this view. waiting for data	{"CURRENT VIEW": 9}
2022-11-27T04:38:26.681Z	DEBUG	replica=2	coded-hotterstuff/consensus.go:238	sending proposal	{"CURRENT VIEW": 9, "hash": "S5jvF8HlmLvBxjERXgBCYm1M/GPQBuOxef9Rwa5UXRA=", "parent": "CdTNHG77L/KNb6fxbFkMI5vefUtOuAcj6xhNSmb/gws=", "signer": 2}
2022-11-27T04:38:26.681Z	DEBUG	replica=2	coded-hotterstuff/consensus.go:576	received proposal	{"CURRENT VIEW": 9, "msg": "proposal", "header view": 9, "prepare view": 8, "hash": "S5jvF8HlmLvBxjERXgBCYm1M/GPQBuOxef9Rwa5UXRA=", "parent": "CdTNHG77L/KNb6fxbFkMI5vefUtOuAcj6xhNSmb/gws="}
2022-11-27T04:38:26.689Z	DEBUG	replica=2	coded-hotterstuff/consensus.go:788	new block locked	{"CURRENT VIEW": 9, "view": 7, "hash": "UrpGBauqox/y7djWW1+uYAk4lnjGCoti5rxDg06dPA8="}
2022-11-27T04:38:26.690Z	INFO	replica=2	coded-hotterstuff/consensus.go:797	new block commited	{"CURRENT VIEW": 9, "view": 6, "hash": "kFp8+So3McG2yp/crA+UXLJ7e1+L/NadJHrbEZU+si4="}
2022-11-27T04:38:26.690Z	DEBUG	replica=2	coded-hotterstuff/consensus.go:678	proposal is safe to vote on	{"CURRENT VIEW": 9, "msg": "proposal", "header view": 9, "prepare view": 8, "hash": "S5jvF8HlmLvBxjERXgBCYm1M/GPQBuOxef9Rwa5UXRA=", "parent": "CdTNHG77L/KNb6fxbFkMI5vefUtOuAcj6xhNSmb/gws="}
Node  2 +1 block finalized at time:  2022-11-27 04:38:26.692990501 +0000 UTC m=+29.897330896
2022-11-27T04:38:27.701Z	DEBUG	replica=2	coded-hotterstuff/consensus.go:965	received vote	{"CURRENT VIEW": 9, "msg": "vote", "voter": 0, "view": 9, "hash": "CdTNHG77L/KNb6fxbFkMI5vefUtOuAcj6xhNSmb/gws="}
2022-11-27T04:38:27.707Z	DEBUG	replica=2	coded-hotterstuff/consensus.go:520	entered new view	{"CURRENT VIEW": 9, "view timeout": 2, "timedout": false}
2022-11-27T04:38:27.707Z	DEBUG	replica=2	coded-hotterstuff/consensus.go:544	replica is a leader for this view. waiting for data	{"CURRENT VIEW": 9}
2022-11-27T04:38:27.710Z	DEBUG	replica=2	coded-hotterstuff/consensus.go:238	sending proposal	{"CURRENT VIEW": 9, "hash": "S5jvF8HlmLvBxjERXgBCYm1M/GPQBuOxef9Rwa5UXRA=", "parent": "CdTNHG77L/KNb6fxbFkMI5vefUtOuAcj6xhNSmb/gws=", "signer": 2}
2022-11-27T04:38:27.711Z	DEBUG	replica=2	coded-hotterstuff/consensus.go:576	received proposal	{"CURRENT VIEW": 9, "msg": "proposal", "header view": 9, "prepare view": 8, "hash": "S5jvF8HlmLvBxjERXgBCYm1M/GPQBuOxef9Rwa5UXRA=", "parent": "CdTNHG77L/KNb6fxbFkMI5vefUtOuAcj6xhNSmb/gws="}
Decoded original proposal, time: 2022-11-27 04:38:27.720792504 +0000 UTC m=+30.925132962 header hash: [9 212 205 28 110 251 47 242 141 111 167 241 108 89 12 35 155 222 125 75 78 184 7 35 235 24 77 74 102 255 131 11]
2022-11-27T04:38:27.720Z	DEBUG	replica=2	coded-hotterstuff/consensus.go:576	received proposal	{"CURRENT VIEW": 9, "msg": "proposal", "header view": 8, "prepare view": 8, "hash": "CdTNHG77L/KNb6fxbFkMI5vefUtOuAcj6xhNSmb/gws=", "parent": "UrpGBauqox/y7djWW1+uYAk4lnjGCoti5rxDg06dPA8="}
2022-11-27T04:38:27.728Z	DEBUG	replica=2	coded-hotterstuff/consensus.go:667	proposal view doesn't match local view	{"CURRENT VIEW": 9, "msg": "proposal", "header view": 8, "prepare view": 8, "hash": "CdTNHG77L/KNb6fxbFkMI5vefUtOuAcj6xhNSmb/gws=", "parent": "UrpGBauqox/y7djWW1+uYAk4lnjGCoti5rxDg06dPA8="}
2022-11-27T04:38:27.796Z	DEBUG	replica=2	coded-hotterstuff/consensus.go:965	received vote	{"CURRENT VIEW": 9, "msg": "vote", "voter": 3, "view": 9, "hash": "CdTNHG77L/KNb6fxbFkMI5vefUtOuAcj6xhNSmb/gws="}
2022-11-27T04:38:27.801Z	DEBUG	replica=2	coded-hotterstuff/consensus.go:520	entered new view	{"CURRENT VIEW": 9, "view timeout": 2, "timedout": false}
2022-11-27T04:38:27.801Z	DEBUG	replica=2	coded-hotterstuff/consensus.go:544	replica is a leader for this view. waiting for data	{"CURRENT VIEW": 9}
2022-11-27T04:38:27.804Z	DEBUG	replica=2	coded-hotterstuff/consensus.go:238	sending proposal	{"CURRENT VIEW": 9, "hash": "S5jvF8HlmLvBxjERXgBCYm1M/GPQBuOxef9Rwa5UXRA=", "parent": "CdTNHG77L/KNb6fxbFkMI5vefUtOuAcj6xhNSmb/gws=", "signer": 2}
2022-11-27T04:38:27.806Z	DEBUG	replica=2	coded-hotterstuff/consensus.go:576	received proposal	{"CURRENT VIEW": 9, "msg": "proposal", "header view": 9, "prepare view": 8, "hash": "S5jvF8HlmLvBxjERXgBCYm1M/GPQBuOxef9Rwa5UXRA=", "parent": "CdTNHG77L/KNb6fxbFkMI5vefUtOuAcj6xhNSmb/gws="}
replica 2 is forwarding chunk to replica 0
replica 2 is forwarding chunk to replica 3
replica 2 is forwarding chunk to replica 4
replica 2 is forwarding chunk to replica 5
replica 2 is forwarding chunk to replica 6
Decoded original proposal, time: 2022-11-27 04:38:29.511444837 +0000 UTC m=+32.715785245 header hash: [9 212 205 28 110 251 47 242 141 111 167 241 108 89 12 35 155 222 125 75 78 184 7 35 235 24 77 74 102 255 131 11]
2022-11-27T04:38:29.511Z	DEBUG	replica=2	coded-hotterstuff/consensus.go:576	received proposal	{"CURRENT VIEW": 9, "msg": "proposal", "header view": 8, "prepare view": 8, "hash": "CdTNHG77L/KNb6fxbFkMI5vefUtOuAcj6xhNSmb/gws=", "parent": "UrpGBauqox/y7djWW1+uYAk4lnjGCoti5rxDg06dPA8="}
2022-11-27T04:38:29.519Z	DEBUG	replica=2	coded-hotterstuff/consensus.go:667	proposal view doesn't match local view	{"CURRENT VIEW": 9, "msg": "proposal", "header view": 8, "prepare view": 8, "hash": "CdTNHG77L/KNb6fxbFkMI5vefUtOuAcj6xhNSmb/gws=", "parent": "UrpGBauqox/y7djWW1+uYAk4lnjGCoti5rxDg06dPA8="}
replica 2 is forwarding chunk to replica 0
replica 2 is forwarding chunk to replica 3
replica 2 is forwarding chunk to replica 4
replica 2 is forwarding chunk to replica 5
replica 2 is forwarding chunk to replica 6
replica 2 is forwarding chunk to replica 0
replica 2 is forwarding chunk to replica 1
replica 2 is forwarding chunk to replica 4
replica 2 is forwarding chunk to replica 5
replica 2 is forwarding chunk to replica 6
replica 2 is forwarding chunk to replica 0
replica 2 is forwarding chunk to replica 1
replica 2 is forwarding chunk to replica 4
replica 2 is forwarding chunk to replica 5
replica 2 is forwarding chunk to replica 6
Decoded original proposal, time: 2022-11-27 04:38:34.903204474 +0000 UTC m=+38.107544930 header hash: [27 41 162 234 216 56 3 146 217 203 198 162 48 110 164 219 109 81 22 147 45 180 199 35 245 217 107 204 240 129 84 110]
2022-11-27T04:38:34.903Z	DEBUG	replica=2	coded-hotterstuff/consensus.go:576	received proposal	{"CURRENT VIEW": 9, "msg": "proposal", "header view": 10, "prepare view": 8, "hash": "Gymi6tg4A5LZy8aiMG6k221RFpMttMcj9dlrzPCBVG4=", "parent": "S5jvF8HlmLvBxjERXgBCYm1M/GPQBuOxef9Rwa5UXRA="}
2022-11-27T04:38:34.910Z	DEBUG	replica=2	coded-hotterstuff/consensus.go:809	new block certified	{"CURRENT VIEW": 9, "view": 9, "hash": "S5jvF8HlmLvBxjERXgBCYm1M/GPQBuOxef9Rwa5UXRA="}
2022-11-27T04:38:34.911Z	DEBUG	replica=2	coded-hotterstuff/consensus.go:520	entered new view	{"CURRENT VIEW": 10, "view timeout": 2, "timedout": false}
2022-11-27T04:38:34.911Z	DEBUG	replica=2	coded-hotterstuff/consensus.go:788	new block locked	{"CURRENT VIEW": 10, "view": 8, "hash": "CdTNHG77L/KNb6fxbFkMI5vefUtOuAcj6xhNSmb/gws="}
2022-11-27T04:38:34.911Z	INFO	replica=2	coded-hotterstuff/consensus.go:797	new block commited	{"CURRENT VIEW": 10, "view": 7, "hash": "UrpGBauqox/y7djWW1+uYAk4lnjGCoti5rxDg06dPA8="}
2022-11-27T04:38:34.912Z	DEBUG	replica=2	coded-hotterstuff/consensus.go:678	proposal is safe to vote on	{"CURRENT VIEW": 9, "msg": "proposal", "header view": 10, "prepare view": 8, "hash": "Gymi6tg4A5LZy8aiMG6k221RFpMttMcj9dlrzPCBVG4=", "parent": "S5jvF8HlmLvBxjERXgBCYm1M/GPQBuOxef9Rwa5UXRA="}
Node  2 +1 block finalized at time:  2022-11-27 04:38:34.916290542 +0000 UTC m=+38.120630964
Decoded original proposal, time: 2022-11-27 04:38:36.052592627 +0000 UTC m=+39.256933085 header hash: [27 41 162 234 216 56 3 146 217 203 198 162 48 110 164 219 109 81 22 147 45 180 199 35 245 217 107 204 240 129 84 110]
2022-11-27T04:38:36.052Z	DEBUG	replica=2	coded-hotterstuff/consensus.go:576	received proposal	{"CURRENT VIEW": 10, "msg": "proposal", "header view": 10, "prepare view": 9, "hash": "Gymi6tg4A5LZy8aiMG6k221RFpMttMcj9dlrzPCBVG4=", "parent": "S5jvF8HlmLvBxjERXgBCYm1M/GPQBuOxef9Rwa5UXRA="}
replica 2 is forwarding chunk to replica 0
replica 2 is forwarding chunk to replica 1
replica 2 is forwarding chunk to replica 4
replica 2 is forwarding chunk to replica 5
replica 2 is forwarding chunk to replica 6
Decoded original proposal, time: 2022-11-27 04:38:38.04541336 +0000 UTC m=+41.249753817 header hash: [27 41 162 234 216 56 3 146 217 203 198 162 48 110 164 219 109 81 22 147 45 180 199 35 245 217 107 204 240 129 84 110]
2022-11-27T04:38:38.045Z	DEBUG	replica=2	coded-hotterstuff/consensus.go:576	received proposal	{"CURRENT VIEW": 10, "msg": "proposal", "header view": 10, "prepare view": 9, "hash": "Gymi6tg4A5LZy8aiMG6k221RFpMttMcj9dlrzPCBVG4=", "parent": "S5jvF8HlmLvBxjERXgBCYm1M/GPQBuOxef9Rwa5UXRA="}
replica 2 is forwarding chunk to replica 0
replica 2 is forwarding chunk to replica 1
replica 2 is forwarding chunk to replica 3
replica 2 is forwarding chunk to replica 5
replica 2 is forwarding chunk to replica 6
Decoded original proposal, time: 2022-11-27 04:38:39.115695483 +0000 UTC m=+42.320035940 header hash: [36 112 202 110 235 231 254 169 68 108 200 133 25 89 215 19 188 251 85 241 73 155 115 67 11 176 16 17 106 100 183 124]
2022-11-27T04:38:39.115Z	DEBUG	replica=2	coded-hotterstuff/consensus.go:576	received proposal	{"CURRENT VIEW": 10, "msg": "proposal", "header view": 11, "prepare view": 9, "hash": "JHDKbuvn/qlEbMiFGVnXE7z7VfFJm3NDC7AQEWpkt3w=", "parent": "Gymi6tg4A5LZy8aiMG6k221RFpMttMcj9dlrzPCBVG4="}
2022-11-27T04:38:39.122Z	DEBUG	replica=2	coded-hotterstuff/consensus.go:809	new block certified	{"CURRENT VIEW": 10, "view": 10, "hash": "Gymi6tg4A5LZy8aiMG6k221RFpMttMcj9dlrzPCBVG4="}
2022-11-27T04:38:39.122Z	DEBUG	replica=2	coded-hotterstuff/consensus.go:520	entered new view	{"CURRENT VIEW": 11, "view timeout": 2, "timedout": false}
2022-11-27T04:38:39.123Z	DEBUG	replica=2	coded-hotterstuff/consensus.go:788	new block locked	{"CURRENT VIEW": 11, "view": 9, "hash": "S5jvF8HlmLvBxjERXgBCYm1M/GPQBuOxef9Rwa5UXRA="}
2022-11-27T04:38:39.123Z	INFO	replica=2	coded-hotterstuff/consensus.go:797	new block commited	{"CURRENT VIEW": 11, "view": 8, "hash": "CdTNHG77L/KNb6fxbFkMI5vefUtOuAcj6xhNSmb/gws="}
2022-11-27T04:38:39.123Z	DEBUG	replica=2	coded-hotterstuff/consensus.go:678	proposal is safe to vote on	{"CURRENT VIEW": 10, "msg": "proposal", "header view": 11, "prepare view": 9, "hash": "JHDKbuvn/qlEbMiFGVnXE7z7VfFJm3NDC7AQEWpkt3w=", "parent": "Gymi6tg4A5LZy8aiMG6k221RFpMttMcj9dlrzPCBVG4="}
Node  2 +1 block finalized at time:  2022-11-27 04:38:39.125523249 +0000 UTC m=+42.329863645
replica 2 is forwarding chunk to replica 0
replica 2 is forwarding chunk to replica 1
replica 2 is forwarding chunk to replica 3
replica 2 is forwarding chunk to replica 5
replica 2 is forwarding chunk to replica 6
Decoded original proposal, time: 2022-11-27 04:38:40.435356684 +0000 UTC m=+43.639697099 header hash: [36 112 202 110 235 231 254 169 68 108 200 133 25 89 215 19 188 251 85 241 73 155 115 67 11 176 16 17 106 100 183 124]
2022-11-27T04:38:40.435Z	DEBUG	replica=2	coded-hotterstuff/consensus.go:576	received proposal	{"CURRENT VIEW": 11, "msg": "proposal", "header view": 11, "prepare view": 10, "hash": "JHDKbuvn/qlEbMiFGVnXE7z7VfFJm3NDC7AQEWpkt3w=", "parent": "Gymi6tg4A5LZy8aiMG6k221RFpMttMcj9dlrzPCBVG4="}
replica 2 is forwarding chunk to replica 0
replica 2 is forwarding chunk to replica 1
replica 2 is forwarding chunk to replica 3
replica 2 is forwarding chunk to replica 5
replica 2 is forwarding chunk to replica 6
Decoded original proposal, time: 2022-11-27 04:38:41.734190621 +0000 UTC m=+44.938531081 header hash: [36 112 202 110 235 231 254 169 68 108 200 133 25 89 215 19 188 251 85 241 73 155 115 67 11 176 16 17 106 100 183 124]
2022-11-27T04:38:41.734Z	DEBUG	replica=2	coded-hotterstuff/consensus.go:576	received proposal	{"CURRENT VIEW": 11, "msg": "proposal", "header view": 11, "prepare view": 10, "hash": "JHDKbuvn/qlEbMiFGVnXE7z7VfFJm3NDC7AQEWpkt3w=", "parent": "Gymi6tg4A5LZy8aiMG6k221RFpMttMcj9dlrzPCBVG4="}
replica 2 is forwarding chunk to replica 0
replica 2 is forwarding chunk to replica 1
replica 2 is forwarding chunk to replica 3
replica 2 is forwarding chunk to replica 4
replica 2 is forwarding chunk to replica 6
replica 2 is forwarding chunk to replica 0
replica 2 is forwarding chunk to replica 1
replica 2 is forwarding chunk to replica 3
replica 2 is forwarding chunk to replica 4
replica 2 is forwarding chunk to replica 6
Decoded original proposal, time: 2022-11-27 04:38:43.863390026 +0000 UTC m=+47.067730488 header hash: [225 164 165 204 236 180 59 151 178 38 118 190 136 53 193 22 146 46 81 162 175 160 6 50 132 174 159 221 166 0 223 96]
2022-11-27T04:38:43.863Z	DEBUG	replica=2	coded-hotterstuff/consensus.go:576	received proposal	{"CURRENT VIEW": 11, "msg": "proposal", "header view": 12, "prepare view": 10, "hash": "4aSlzOy0O5eyJna+iDXBFpIuUaKvoAYyhK6f3aYA32A=", "parent": "JHDKbuvn/qlEbMiFGVnXE7z7VfFJm3NDC7AQEWpkt3w="}
2022-11-27T04:38:43.871Z	DEBUG	replica=2	coded-hotterstuff/consensus.go:809	new block certified	{"CURRENT VIEW": 11, "view": 11, "hash": "JHDKbuvn/qlEbMiFGVnXE7z7VfFJm3NDC7AQEWpkt3w="}
2022-11-27T04:38:43.871Z	DEBUG	replica=2	coded-hotterstuff/consensus.go:520	entered new view	{"CURRENT VIEW": 12, "view timeout": 2, "timedout": false}
2022-11-27T04:38:43.871Z	DEBUG	replica=2	coded-hotterstuff/consensus.go:788	new block locked	{"CURRENT VIEW": 12, "view": 10, "hash": "Gymi6tg4A5LZy8aiMG6k221RFpMttMcj9dlrzPCBVG4="}
2022-11-27T04:38:43.871Z	INFO	replica=2	coded-hotterstuff/consensus.go:797	new block commited	{"CURRENT VIEW": 12, "view": 9, "hash": "S5jvF8HlmLvBxjERXgBCYm1M/GPQBuOxef9Rwa5UXRA="}
2022-11-27T04:38:43.873Z	DEBUG	replica=2	coded-hotterstuff/consensus.go:678	proposal is safe to vote on	{"CURRENT VIEW": 11, "msg": "proposal", "header view": 12, "prepare view": 10, "hash": "4aSlzOy0O5eyJna+iDXBFpIuUaKvoAYyhK6f3aYA32A=", "parent": "JHDKbuvn/qlEbMiFGVnXE7z7VfFJm3NDC7AQEWpkt3w="}
Node  2 +1 block finalized at time:  2022-11-27 04:38:43.875642395 +0000 UTC m=+47.079982803
replica 2 is forwarding chunk to replica 0
replica 2 is forwarding chunk to replica 1
replica 2 is forwarding chunk to replica 3
replica 2 is forwarding chunk to replica 4
replica 2 is forwarding chunk to replica 6
Decoded original proposal, time: 2022-11-27 04:38:45.033972078 +0000 UTC m=+48.238312494 header hash: [225 164 165 204 236 180 59 151 178 38 118 190 136 53 193 22 146 46 81 162 175 160 6 50 132 174 159 221 166 0 223 96]
2022-11-27T04:38:45.034Z	DEBUG	replica=2	coded-hotterstuff/consensus.go:576	received proposal	{"CURRENT VIEW": 12, "msg": "proposal", "header view": 12, "prepare view": 11, "hash": "4aSlzOy0O5eyJna+iDXBFpIuUaKvoAYyhK6f3aYA32A=", "parent": "JHDKbuvn/qlEbMiFGVnXE7z7VfFJm3NDC7AQEWpkt3w="}
Decoded original proposal, time: 2022-11-27 04:38:46.370950175 +0000 UTC m=+49.575290632 header hash: [225 164 165 204 236 180 59 151 178 38 118 190 136 53 193 22 146 46 81 162 175 160 6 50 132 174 159 221 166 0 223 96]
2022-11-27T04:38:46.370Z	DEBUG	replica=2	coded-hotterstuff/consensus.go:576	received proposal	{"CURRENT VIEW": 12, "msg": "proposal", "header view": 12, "prepare view": 11, "hash": "4aSlzOy0O5eyJna+iDXBFpIuUaKvoAYyhK6f3aYA32A=", "parent": "JHDKbuvn/qlEbMiFGVnXE7z7VfFJm3NDC7AQEWpkt3w="}
replica 2 is forwarding chunk to replica 0
replica 2 is forwarding chunk to replica 1
replica 2 is forwarding chunk to replica 3
replica 2 is forwarding chunk to replica 4
replica 2 is forwarding chunk to replica 5
replica 2 is forwarding chunk to replica 0
replica 2 is forwarding chunk to replica 1
replica 2 is forwarding chunk to replica 3
replica 2 is forwarding chunk to replica 4
replica 2 is forwarding chunk to replica 5
Decoded original proposal, time: 2022-11-27 04:38:47.836845649 +0000 UTC m=+51.041186103 header hash: [55 71 12 88 170 89 30 100 228 23 243 137 27 6 133 29 78 24 217 198 107 27 88 123 223 127 133 219 145 253 87 161]
2022-11-27T04:38:47.836Z	DEBUG	replica=2	coded-hotterstuff/consensus.go:576	received proposal	{"CURRENT VIEW": 12, "msg": "proposal", "header view": 13, "prepare view": 11, "hash": "N0cMWKpZHmTkF/OJGwaFHU4Y2cZrG1h733+F25H9V6E=", "parent": "4aSlzOy0O5eyJna+iDXBFpIuUaKvoAYyhK6f3aYA32A="}
2022-11-27T04:38:47.845Z	DEBUG	replica=2	coded-hotterstuff/consensus.go:809	new block certified	{"CURRENT VIEW": 12, "view": 12, "hash": "4aSlzOy0O5eyJna+iDXBFpIuUaKvoAYyhK6f3aYA32A="}
2022-11-27T04:38:47.845Z	DEBUG	replica=2	coded-hotterstuff/consensus.go:520	entered new view	{"CURRENT VIEW": 13, "view timeout": 2, "timedout": false}
2022-11-27T04:38:47.845Z	DEBUG	replica=2	coded-hotterstuff/consensus.go:788	new block locked	{"CURRENT VIEW": 13, "view": 11, "hash": "JHDKbuvn/qlEbMiFGVnXE7z7VfFJm3NDC7AQEWpkt3w="}
2022-11-27T04:38:47.845Z	INFO	replica=2	coded-hotterstuff/consensus.go:797	new block commited	{"CURRENT VIEW": 13, "view": 10, "hash": "Gymi6tg4A5LZy8aiMG6k221RFpMttMcj9dlrzPCBVG4="}
2022-11-27T04:38:47.846Z	DEBUG	replica=2	coded-hotterstuff/consensus.go:678	proposal is safe to vote on	{"CURRENT VIEW": 12, "msg": "proposal", "header view": 13, "prepare view": 11, "hash": "N0cMWKpZHmTkF/OJGwaFHU4Y2cZrG1h733+F25H9V6E=", "parent": "4aSlzOy0O5eyJna+iDXBFpIuUaKvoAYyhK6f3aYA32A="}
Node  2 +1 block finalized at time:  2022-11-27 04:38:47.848536419 +0000 UTC m=+51.052876829
replica 2 is forwarding chunk to replica 0
replica 2 is forwarding chunk to replica 1
replica 2 is forwarding chunk to replica 3
replica 2 is forwarding chunk to replica 4
replica 2 is forwarding chunk to replica 5
Decoded original proposal, time: 2022-11-27 04:38:49.056480405 +0000 UTC m=+52.260820868 header hash: [55 71 12 88 170 89 30 100 228 23 243 137 27 6 133 29 78 24 217 198 107 27 88 123 223 127 133 219 145 253 87 161]
2022-11-27T04:38:49.056Z	DEBUG	replica=2	coded-hotterstuff/consensus.go:576	received proposal	{"CURRENT VIEW": 13, "msg": "proposal", "header view": 13, "prepare view": 12, "hash": "N0cMWKpZHmTkF/OJGwaFHU4Y2cZrG1h733+F25H9V6E=", "parent": "4aSlzOy0O5eyJna+iDXBFpIuUaKvoAYyhK6f3aYA32A="}
Decoded original proposal, time: 2022-11-27 04:38:50.360311582 +0000 UTC m=+53.564652041 header hash: [55 71 12 88 170 89 30 100 228 23 243 137 27 6 133 29 78 24 217 198 107 27 88 123 223 127 133 219 145 253 87 161]
2022-11-27T04:38:50.360Z	DEBUG	replica=2	coded-hotterstuff/consensus.go:576	received proposal	{"CURRENT VIEW": 13, "msg": "proposal", "header view": 13, "prepare view": 12, "hash": "N0cMWKpZHmTkF/OJGwaFHU4Y2cZrG1h733+F25H9V6E=", "parent": "4aSlzOy0O5eyJna+iDXBFpIuUaKvoAYyhK6f3aYA32A="}
replica 2 is forwarding chunk to replica 1
replica 2 is forwarding chunk to replica 3
replica 2 is forwarding chunk to replica 4
replica 2 is forwarding chunk to replica 5
replica 2 is forwarding chunk to replica 6
replica 2 is forwarding chunk to replica 1
replica 2 is forwarding chunk to replica 3
replica 2 is forwarding chunk to replica 4
replica 2 is forwarding chunk to replica 5
replica 2 is forwarding chunk to replica 6
Decoded original proposal, time: 2022-11-27 04:38:52.12859548 +0000 UTC m=+55.332935944 header hash: [179 79 157 9 84 57 195 200 132 217 159 131 10 204 29 20 183 79 241 0 252 79 239 189 106 39 9 193 130 153 110 137]
2022-11-27T04:38:52.128Z	DEBUG	replica=2	coded-hotterstuff/consensus.go:576	received proposal	{"CURRENT VIEW": 13, "msg": "proposal", "header view": 14, "prepare view": 12, "hash": "s0+dCVQ5w8iE2Z+DCswdFLdP8QD8T++9aicJwYKZbok=", "parent": "N0cMWKpZHmTkF/OJGwaFHU4Y2cZrG1h733+F25H9V6E="}
2022-11-27T04:38:52.136Z	DEBUG	replica=2	coded-hotterstuff/consensus.go:809	new block certified	{"CURRENT VIEW": 13, "view": 13, "hash": "N0cMWKpZHmTkF/OJGwaFHU4Y2cZrG1h733+F25H9V6E="}
2022-11-27T04:38:52.136Z	DEBUG	replica=2	coded-hotterstuff/consensus.go:520	entered new view	{"CURRENT VIEW": 14, "view timeout": 2, "timedout": false}
2022-11-27T04:38:52.137Z	DEBUG	replica=2	coded-hotterstuff/consensus.go:788	new block locked	{"CURRENT VIEW": 14, "view": 12, "hash": "4aSlzOy0O5eyJna+iDXBFpIuUaKvoAYyhK6f3aYA32A="}
2022-11-27T04:38:52.137Z	INFO	replica=2	coded-hotterstuff/consensus.go:797	new block commited	{"CURRENT VIEW": 14, "view": 11, "hash": "JHDKbuvn/qlEbMiFGVnXE7z7VfFJm3NDC7AQEWpkt3w="}
2022-11-27T04:38:52.140Z	DEBUG	replica=2	coded-hotterstuff/consensus.go:678	proposal is safe to vote on	{"CURRENT VIEW": 13, "msg": "proposal", "header view": 14, "prepare view": 12, "hash": "s0+dCVQ5w8iE2Z+DCswdFLdP8QD8T++9aicJwYKZbok=", "parent": "N0cMWKpZHmTkF/OJGwaFHU4Y2cZrG1h733+F25H9V6E="}
Node  2 +1 block finalized at time:  2022-11-27 04:38:52.143020711 +0000 UTC m=+55.347361122
Decoded original proposal, time: 2022-11-27 04:38:53.301738018 +0000 UTC m=+56.506078483 header hash: [179 79 157 9 84 57 195 200 132 217 159 131 10 204 29 20 183 79 241 0 252 79 239 189 106 39 9 193 130 153 110 137]
2022-11-27T04:38:53.301Z	DEBUG	replica=2	coded-hotterstuff/consensus.go:576	received proposal	{"CURRENT VIEW": 14, "msg": "proposal", "header view": 14, "prepare view": 13, "hash": "s0+dCVQ5w8iE2Z+DCswdFLdP8QD8T++9aicJwYKZbok=", "parent": "N0cMWKpZHmTkF/OJGwaFHU4Y2cZrG1h733+F25H9V6E="}
replica 2 is forwarding chunk to replica 0
replica 2 is forwarding chunk to replica 3
replica 2 is forwarding chunk to replica 4
replica 2 is forwarding chunk to replica 5
replica 2 is forwarding chunk to replica 6
2022-11-27T04:38:54.641Z	DEBUG	replica=2	coded-hotterstuff/consensus.go:965	received vote	{"CURRENT VIEW": 14, "msg": "vote", "voter": 1, "view": 14, "hash": "yki5uJhKgjQT5iLa3NRfkhkCHcRSab0ctor/KqZboNA="}
Node  2  received vote before proposal, saving vote in pending votes, hash is  [202 72 185 184 152 74 130 52 19 230 34 218 220 212 95 146 25 2 29 196 82 105 189 28 182 138 255 42 166 91 160 208]  and string is,  15
2022-11-27T04:38:54.642Z	DEBUG	replica=2	coded-hotterstuff/consensus.go:970	Received vote before proposal, key is, 15	{"CURRENT VIEW": 14}
Decoded original proposal, time: 2022-11-27 04:38:55.832342905 +0000 UTC m=+59.036683361 header hash: [202 72 185 184 152 74 130 52 19 230 34 218 220 212 95 146 25 2 29 196 82 105 189 28 182 138 255 42 166 91 160 208]
2022-11-27T04:38:55.832Z	DEBUG	replica=2	coded-hotterstuff/consensus.go:576	received proposal	{"CURRENT VIEW": 14, "msg": "proposal", "header view": 15, "prepare view": 13, "hash": "yki5uJhKgjQT5iLa3NRfkhkCHcRSab0ctor/KqZboNA=", "parent": "s0+dCVQ5w8iE2Z+DCswdFLdP8QD8T++9aicJwYKZbok="}
2022-11-27T04:38:55.840Z	DEBUG	replica=2	coded-hotterstuff/consensus.go:809	new block certified	{"CURRENT VIEW": 14, "view": 14, "hash": "s0+dCVQ5w8iE2Z+DCswdFLdP8QD8T++9aicJwYKZbok="}
2022-11-27T04:38:55.840Z	DEBUG	replica=2	coded-hotterstuff/consensus.go:520	entered new view	{"CURRENT VIEW": 15, "view timeout": 2, "timedout": false}
2022-11-27T04:38:55.840Z	DEBUG	replica=2	coded-hotterstuff/consensus.go:535	replica is a leader for next view. collecting new-view messages	{"CURRENT VIEW": 15}
2022-11-27T04:38:55.840Z	DEBUG	replica=2	coded-hotterstuff/consensus.go:788	new block locked	{"CURRENT VIEW": 15, "view": 13, "hash": "N0cMWKpZHmTkF/OJGwaFHU4Y2cZrG1h733+F25H9V6E="}
2022-11-27T04:38:55.840Z	INFO	replica=2	coded-hotterstuff/consensus.go:797	new block commited	{"CURRENT VIEW": 15, "view": 12, "hash": "4aSlzOy0O5eyJna+iDXBFpIuUaKvoAYyhK6f3aYA32A="}
2022-11-27T04:38:55.842Z	DEBUG	replica=2	coded-hotterstuff/consensus.go:678	proposal is safe to vote on	{"CURRENT VIEW": 14, "msg": "proposal", "header view": 15, "prepare view": 13, "hash": "yki5uJhKgjQT5iLa3NRfkhkCHcRSab0ctor/KqZboNA=", "parent": "s0+dCVQ5w8iE2Z+DCswdFLdP8QD8T++9aicJwYKZbok="}
2022-11-27T04:38:55.842Z	DEBUG	replica=2	coded-hotterstuff/consensus.go:758	Taking care of pending vote 15	{"CURRENT VIEW": 15}
2022-11-27T04:38:55.842Z	DEBUG	replica=2	coded-hotterstuff/consensus.go:965	received vote	{"CURRENT VIEW": 15, "msg": "vote", "voter": 1, "view": 15, "hash": "yki5uJhKgjQT5iLa3NRfkhkCHcRSab0ctor/KqZboNA="}
2022-11-27T04:38:55.848Z	DEBUG	replica=2	coded-hotterstuff/consensus.go:965	received vote	{"CURRENT VIEW": 15, "msg": "vote", "voter": 2, "view": 15, "hash": "yki5uJhKgjQT5iLa3NRfkhkCHcRSab0ctor/KqZboNA="}
Node  2 +1 block finalized at time:  2022-11-27 04:38:55.853879477 +0000 UTC m=+59.058219887
2022-11-27T04:38:55.915Z	DEBUG	replica=2	coded-hotterstuff/consensus.go:965	received vote	{"CURRENT VIEW": 15, "msg": "vote", "voter": 3, "view": 15, "hash": "yki5uJhKgjQT5iLa3NRfkhkCHcRSab0ctor/KqZboNA="}
replica 2 is forwarding chunk to replica 0
replica 2 is forwarding chunk to replica 3
replica 2 is forwarding chunk to replica 4
replica 2 is forwarding chunk to replica 5
replica 2 is forwarding chunk to replica 6
2022-11-27T04:38:55.928Z	DEBUG	replica=2	coded-hotterstuff/consensus.go:965	received vote	{"CURRENT VIEW": 15, "msg": "vote", "voter": 5, "view": 15, "hash": "yki5uJhKgjQT5iLa3NRfkhkCHcRSab0ctor/KqZboNA="}
2022-11-27T04:38:55.983Z	DEBUG	replica=2	coded-hotterstuff/consensus.go:965	received vote	{"CURRENT VIEW": 15, "msg": "vote", "voter": 4, "view": 15, "hash": "yki5uJhKgjQT5iLa3NRfkhkCHcRSab0ctor/KqZboNA="}
2022-11-27T04:38:55.988Z	DEBUG	replica=2	coded-hotterstuff/consensus.go:809	new block certified	{"CURRENT VIEW": 15, "view": 15, "hash": "yki5uJhKgjQT5iLa3NRfkhkCHcRSab0ctor/KqZboNA="}
2022-11-27T04:38:55.988Z	DEBUG	replica=2	coded-hotterstuff/consensus.go:520	entered new view	{"CURRENT VIEW": 16, "view timeout": 2, "timedout": false}
2022-11-27T04:38:55.988Z	DEBUG	replica=2	coded-hotterstuff/consensus.go:544	replica is a leader for this view. waiting for data	{"CURRENT VIEW": 16}
2022-11-27T04:38:55.988Z	DEBUG	replica=2	coded-hotterstuff/consensus.go:520	entered new view	{"CURRENT VIEW": 16, "view timeout": 2, "timedout": false}
2022-11-27T04:38:55.988Z	DEBUG	replica=2	coded-hotterstuff/consensus.go:544	replica is a leader for this view. waiting for data	{"CURRENT VIEW": 16}
2022-11-27T04:38:55.992Z	DEBUG	replica=2	coded-hotterstuff/consensus.go:238	sending proposal	{"CURRENT VIEW": 16, "hash": "PAOswJ5F5FKLEprAJ1SnuPasqGFIM2uhNIcdZdMfaCw=", "parent": "yki5uJhKgjQT5iLa3NRfkhkCHcRSab0ctor/KqZboNA=", "signer": 2}
2022-11-27T04:38:55.993Z	DEBUG	replica=2	coded-hotterstuff/consensus.go:576	received proposal	{"CURRENT VIEW": 16, "msg": "proposal", "header view": 16, "prepare view": 15, "hash": "PAOswJ5F5FKLEprAJ1SnuPasqGFIM2uhNIcdZdMfaCw=", "parent": "yki5uJhKgjQT5iLa3NRfkhkCHcRSab0ctor/KqZboNA="}
2022-11-27T04:38:56.000Z	DEBUG	replica=2	coded-hotterstuff/consensus.go:788	new block locked	{"CURRENT VIEW": 16, "view": 14, "hash": "s0+dCVQ5w8iE2Z+DCswdFLdP8QD8T++9aicJwYKZbok="}
2022-11-27T04:38:56.000Z	INFO	replica=2	coded-hotterstuff/consensus.go:797	new block commited	{"CURRENT VIEW": 16, "view": 13, "hash": "N0cMWKpZHmTkF/OJGwaFHU4Y2cZrG1h733+F25H9V6E="}
2022-11-27T04:38:56.000Z	DEBUG	replica=2	coded-hotterstuff/consensus.go:678	proposal is safe to vote on	{"CURRENT VIEW": 16, "msg": "proposal", "header view": 16, "prepare view": 15, "hash": "PAOswJ5F5FKLEprAJ1SnuPasqGFIM2uhNIcdZdMfaCw=", "parent": "yki5uJhKgjQT5iLa3NRfkhkCHcRSab0ctor/KqZboNA="}
Node  2 +1 block finalized at time:  2022-11-27 04:38:56.00344193 +0000 UTC m=+59.207782329
2022-11-27T04:38:56.810Z	DEBUG	replica=2	coded-hotterstuff/consensus.go:965	received vote	{"CURRENT VIEW": 16, "msg": "vote", "voter": 6, "view": 16, "hash": "yki5uJhKgjQT5iLa3NRfkhkCHcRSab0ctor/KqZboNA="}
2022-11-27T04:38:56.815Z	DEBUG	replica=2	coded-hotterstuff/consensus.go:520	entered new view	{"CURRENT VIEW": 16, "view timeout": 2, "timedout": false}
2022-11-27T04:38:56.815Z	DEBUG	replica=2	coded-hotterstuff/consensus.go:544	replica is a leader for this view. waiting for data	{"CURRENT VIEW": 16}
2022-11-27T04:38:56.819Z	DEBUG	replica=2	coded-hotterstuff/consensus.go:238	sending proposal	{"CURRENT VIEW": 16, "hash": "PAOswJ5F5FKLEprAJ1SnuPasqGFIM2uhNIcdZdMfaCw=", "parent": "yki5uJhKgjQT5iLa3NRfkhkCHcRSab0ctor/KqZboNA=", "signer": 2}
2022-11-27T04:38:56.822Z	DEBUG	replica=2	coded-hotterstuff/consensus.go:576	received proposal	{"CURRENT VIEW": 16, "msg": "proposal", "header view": 16, "prepare view": 15, "hash": "PAOswJ5F5FKLEprAJ1SnuPasqGFIM2uhNIcdZdMfaCw=", "parent": "yki5uJhKgjQT5iLa3NRfkhkCHcRSab0ctor/KqZboNA="}
2022-11-27T04:38:56.849Z	DEBUG	replica=2	coded-hotterstuff/consensus.go:965	received vote	{"CURRENT VIEW": 16, "msg": "vote", "voter": 0, "view": 16, "hash": "yki5uJhKgjQT5iLa3NRfkhkCHcRSab0ctor/KqZboNA="}
2022-11-27T04:38:56.854Z	DEBUG	replica=2	coded-hotterstuff/consensus.go:520	entered new view	{"CURRENT VIEW": 16, "view timeout": 2, "timedout": false}
2022-11-27T04:38:56.854Z	DEBUG	replica=2	coded-hotterstuff/consensus.go:544	replica is a leader for this view. waiting for data	{"CURRENT VIEW": 16}
2022-11-27T04:38:56.859Z	DEBUG	replica=2	coded-hotterstuff/consensus.go:238	sending proposal	{"CURRENT VIEW": 16, "hash": "PAOswJ5F5FKLEprAJ1SnuPasqGFIM2uhNIcdZdMfaCw=", "parent": "yki5uJhKgjQT5iLa3NRfkhkCHcRSab0ctor/KqZboNA=", "signer": 2}
2022-11-27T04:38:56.860Z	DEBUG	replica=2	coded-hotterstuff/consensus.go:576	received proposal	{"CURRENT VIEW": 16, "msg": "proposal", "header view": 16, "prepare view": 15, "hash": "PAOswJ5F5FKLEprAJ1SnuPasqGFIM2uhNIcdZdMfaCw=", "parent": "yki5uJhKgjQT5iLa3NRfkhkCHcRSab0ctor/KqZboNA="}
replica 2 is forwarding chunk to replica 0
replica 2 is forwarding chunk to replica 3
replica 2 is forwarding chunk to replica 4
replica 2 is forwarding chunk to replica 5
replica 2 is forwarding chunk to replica 6
Decoded original proposal, time: 2022-11-27 04:38:57.105945293 +0000 UTC m=+60.310285751 header hash: [202 72 185 184 152 74 130 52 19 230 34 218 220 212 95 146 25 2 29 196 82 105 189 28 182 138 255 42 166 91 160 208]
2022-11-27T04:38:57.105Z	DEBUG	replica=2	coded-hotterstuff/consensus.go:576	received proposal	{"CURRENT VIEW": 16, "msg": "proposal", "header view": 15, "prepare view": 15, "hash": "yki5uJhKgjQT5iLa3NRfkhkCHcRSab0ctor/KqZboNA=", "parent": "s0+dCVQ5w8iE2Z+DCswdFLdP8QD8T++9aicJwYKZbok="}
2022-11-27T04:38:57.114Z	DEBUG	replica=2	coded-hotterstuff/consensus.go:667	proposal view doesn't match local view	{"CURRENT VIEW": 16, "msg": "proposal", "header view": 15, "prepare view": 15, "hash": "yki5uJhKgjQT5iLa3NRfkhkCHcRSab0ctor/KqZboNA=", "parent": "s0+dCVQ5w8iE2Z+DCswdFLdP8QD8T++9aicJwYKZbok="}
Decoded original proposal, time: 2022-11-27 04:38:58.21909656 +0000 UTC m=+61.423436968 header hash: [202 72 185 184 152 74 130 52 19 230 34 218 220 212 95 146 25 2 29 196 82 105 189 28 182 138 255 42 166 91 160 208]
2022-11-27T04:38:58.219Z	DEBUG	replica=2	coded-hotterstuff/consensus.go:576	received proposal	{"CURRENT VIEW": 16, "msg": "proposal", "header view": 15, "prepare view": 15, "hash": "yki5uJhKgjQT5iLa3NRfkhkCHcRSab0ctor/KqZboNA=", "parent": "s0+dCVQ5w8iE2Z+DCswdFLdP8QD8T++9aicJwYKZbok="}
2022-11-27T04:38:58.227Z	DEBUG	replica=2	coded-hotterstuff/consensus.go:667	proposal view doesn't match local view	{"CURRENT VIEW": 16, "msg": "proposal", "header view": 15, "prepare view": 15, "hash": "yki5uJhKgjQT5iLa3NRfkhkCHcRSab0ctor/KqZboNA=", "parent": "s0+dCVQ5w8iE2Z+DCswdFLdP8QD8T++9aicJwYKZbok="}
replica 2 is forwarding chunk to replica 0
replica 2 is forwarding chunk to replica 1
replica 2 is forwarding chunk to replica 4
replica 2 is forwarding chunk to replica 5
replica 2 is forwarding chunk to replica 6
replica 2 is forwarding chunk to replica 0
replica 2 is forwarding chunk to replica 1
replica 2 is forwarding chunk to replica 4
replica 2 is forwarding chunk to replica 5
replica 2 is forwarding chunk to replica 6
Decoded original proposal, time: 2022-11-27 04:39:03.667004511 +0000 UTC m=+66.871344967 header hash: [125 188 128 163 149 74 17 87 102 203 151 169 127 222 108 104 174 185 14 72 28 223 232 151 172 204 94 91 117 235 43 104]
2022-11-27T04:39:03.667Z	DEBUG	replica=2	coded-hotterstuff/consensus.go:576	received proposal	{"CURRENT VIEW": 16, "msg": "proposal", "header view": 17, "prepare view": 15, "hash": "fbyAo5VKEVdmy5epf95saK65Dkgc3+iXrMxeW3XrK2g=", "parent": "PAOswJ5F5FKLEprAJ1SnuPasqGFIM2uhNIcdZdMfaCw="}
2022-11-27T04:39:03.674Z	DEBUG	replica=2	coded-hotterstuff/consensus.go:809	new block certified	{"CURRENT VIEW": 16, "view": 16, "hash": "PAOswJ5F5FKLEprAJ1SnuPasqGFIM2uhNIcdZdMfaCw="}
2022-11-27T04:39:03.674Z	DEBUG	replica=2	coded-hotterstuff/consensus.go:520	entered new view	{"CURRENT VIEW": 17, "view timeout": 2, "timedout": false}
2022-11-27T04:39:03.674Z	DEBUG	replica=2	coded-hotterstuff/consensus.go:788	new block locked	{"CURRENT VIEW": 17, "view": 15, "hash": "yki5uJhKgjQT5iLa3NRfkhkCHcRSab0ctor/KqZboNA="}
2022-11-27T04:39:03.674Z	INFO	replica=2	coded-hotterstuff/consensus.go:797	new block commited	{"CURRENT VIEW": 17, "view": 14, "hash": "s0+dCVQ5w8iE2Z+DCswdFLdP8QD8T++9aicJwYKZbok="}
2022-11-27T04:39:03.677Z	DEBUG	replica=2	coded-hotterstuff/consensus.go:678	proposal is safe to vote on	{"CURRENT VIEW": 16, "msg": "proposal", "header view": 17, "prepare view": 15, "hash": "fbyAo5VKEVdmy5epf95saK65Dkgc3+iXrMxeW3XrK2g=", "parent": "PAOswJ5F5FKLEprAJ1SnuPasqGFIM2uhNIcdZdMfaCw="}
Node  2 +1 block finalized at time:  2022-11-27 04:39:03.679396234 +0000 UTC m=+66.883736632
replica 2 is forwarding chunk to replica 0
replica 2 is forwarding chunk to replica 1
replica 2 is forwarding chunk to replica 4
replica 2 is forwarding chunk to replica 5
replica 2 is forwarding chunk to replica 6
Decoded original proposal, time: 2022-11-27 04:39:05.961385086 +0000 UTC m=+69.165725542 header hash: [125 188 128 163 149 74 17 87 102 203 151 169 127 222 108 104 174 185 14 72 28 223 232 151 172 204 94 91 117 235 43 104]
2022-11-27T04:39:05.961Z	DEBUG	replica=2	coded-hotterstuff/consensus.go:576	received proposal	{"CURRENT VIEW": 17, "msg": "proposal", "header view": 17, "prepare view": 16, "hash": "fbyAo5VKEVdmy5epf95saK65Dkgc3+iXrMxeW3XrK2g=", "parent": "PAOswJ5F5FKLEprAJ1SnuPasqGFIM2uhNIcdZdMfaCw="}
replica 2 is forwarding chunk to replica 0
replica 2 is forwarding chunk to replica 1
replica 2 is forwarding chunk to replica 3
replica 2 is forwarding chunk to replica 5
replica 2 is forwarding chunk to replica 6
Decoded original proposal, time: 2022-11-27 04:39:06.969575657 +0000 UTC m=+70.173916111 header hash: [125 188 128 163 149 74 17 87 102 203 151 169 127 222 108 104 174 185 14 72 28 223 232 151 172 204 94 91 117 235 43 104]
2022-11-27T04:39:06.969Z	DEBUG	replica=2	coded-hotterstuff/consensus.go:576	received proposal	{"CURRENT VIEW": 17, "msg": "proposal", "header view": 17, "prepare view": 16, "hash": "fbyAo5VKEVdmy5epf95saK65Dkgc3+iXrMxeW3XrK2g=", "parent": "PAOswJ5F5FKLEprAJ1SnuPasqGFIM2uhNIcdZdMfaCw="}
replica 2 is forwarding chunk to replica 0
replica 2 is forwarding chunk to replica 1
replica 2 is forwarding chunk to replica 3
replica 2 is forwarding chunk to replica 5
replica 2 is forwarding chunk to replica 6
Decoded original proposal, time: 2022-11-27 04:39:07.913464914 +0000 UTC m=+71.117805370 header hash: [233 71 193 36 185 72 95 92 29 220 193 120 223 14 188 72 252 159 62 199 112 113 252 214 161 209 254 215 214 224 205 19]
2022-11-27T04:39:07.913Z	DEBUG	replica=2	coded-hotterstuff/consensus.go:576	received proposal	{"CURRENT VIEW": 17, "msg": "proposal", "header view": 18, "prepare view": 16, "hash": "6UfBJLlIX1wd3MF43w68SPyfPsdwcfzWodH+19bgzRM=", "parent": "fbyAo5VKEVdmy5epf95saK65Dkgc3+iXrMxeW3XrK2g="}
2022-11-27T04:39:07.921Z	DEBUG	replica=2	coded-hotterstuff/consensus.go:809	new block certified	{"CURRENT VIEW": 17, "view": 17, "hash": "fbyAo5VKEVdmy5epf95saK65Dkgc3+iXrMxeW3XrK2g="}
2022-11-27T04:39:07.921Z	DEBUG	replica=2	coded-hotterstuff/consensus.go:520	entered new view	{"CURRENT VIEW": 18, "view timeout": 2, "timedout": false}
2022-11-27T04:39:07.921Z	DEBUG	replica=2	coded-hotterstuff/consensus.go:788	new block locked	{"CURRENT VIEW": 18, "view": 16, "hash": "PAOswJ5F5FKLEprAJ1SnuPasqGFIM2uhNIcdZdMfaCw="}
2022-11-27T04:39:07.921Z	INFO	replica=2	coded-hotterstuff/consensus.go:797	new block commited	{"CURRENT VIEW": 18, "view": 15, "hash": "yki5uJhKgjQT5iLa3NRfkhkCHcRSab0ctor/KqZboNA="}
2022-11-27T04:39:07.923Z	DEBUG	replica=2	coded-hotterstuff/consensus.go:678	proposal is safe to vote on	{"CURRENT VIEW": 17, "msg": "proposal", "header view": 18, "prepare view": 16, "hash": "6UfBJLlIX1wd3MF43w68SPyfPsdwcfzWodH+19bgzRM=", "parent": "fbyAo5VKEVdmy5epf95saK65Dkgc3+iXrMxeW3XrK2g="}
Node  2 +1 block finalized at time:  2022-11-27 04:39:07.925549658 +0000 UTC m=+71.129890054
Decoded original proposal, time: 2022-11-27 04:39:09.022956068 +0000 UTC m=+72.227296539 header hash: [233 71 193 36 185 72 95 92 29 220 193 120 223 14 188 72 252 159 62 199 112 113 252 214 161 209 254 215 214 224 205 19]
2022-11-27T04:39:09.023Z	DEBUG	replica=2	coded-hotterstuff/consensus.go:576	received proposal	{"CURRENT VIEW": 18, "msg": "proposal", "header view": 18, "prepare view": 17, "hash": "6UfBJLlIX1wd3MF43w68SPyfPsdwcfzWodH+19bgzRM=", "parent": "fbyAo5VKEVdmy5epf95saK65Dkgc3+iXrMxeW3XrK2g="}
replica 2 is forwarding chunk to replica 0
replica 2 is forwarding chunk to replica 1
replica 2 is forwarding chunk to replica 3
replica 2 is forwarding chunk to replica 5
replica 2 is forwarding chunk to replica 6
replica 2 is forwarding chunk to replica 0
replica 2 is forwarding chunk to replica 1
replica 2 is forwarding chunk to replica 3
replica 2 is forwarding chunk to replica 4
replica 2 is forwarding chunk to replica 6
Decoded original proposal, time: 2022-11-27 04:39:10.922263194 +0000 UTC m=+74.126603649 header hash: [233 71 193 36 185 72 95 92 29 220 193 120 223 14 188 72 252 159 62 199 112 113 252 214 161 209 254 215 214 224 205 19]
2022-11-27T04:39:10.922Z	DEBUG	replica=2	coded-hotterstuff/consensus.go:576	received proposal	{"CURRENT VIEW": 18, "msg": "proposal", "header view": 18, "prepare view": 17, "hash": "6UfBJLlIX1wd3MF43w68SPyfPsdwcfzWodH+19bgzRM=", "parent": "fbyAo5VKEVdmy5epf95saK65Dkgc3+iXrMxeW3XrK2g="}
replica 2 is forwarding chunk to replica 0
replica 2 is forwarding chunk to replica 1
replica 2 is forwarding chunk to replica 3
replica 2 is forwarding chunk to replica 4
replica 2 is forwarding chunk to replica 6
Decoded original proposal, time: 2022-11-27 04:39:12.058253116 +0000 UTC m=+75.262593578 header hash: [185 41 143 39 105 99 203 192 159 254 69 93 97 168 179 24 114 209 232 19 130 40 155 35 149 96 233 98 157 146 62 14]
2022-11-27T04:39:12.058Z	DEBUG	replica=2	coded-hotterstuff/consensus.go:576	received proposal	{"CURRENT VIEW": 18, "msg": "proposal", "header view": 19, "prepare view": 17, "hash": "uSmPJ2ljy8Cf/kVdYaizGHLR6BOCKJsjlWDpYp2SPg4=", "parent": "6UfBJLlIX1wd3MF43w68SPyfPsdwcfzWodH+19bgzRM="}
2022-11-27T04:39:12.067Z	DEBUG	replica=2	coded-hotterstuff/consensus.go:809	new block certified	{"CURRENT VIEW": 18, "view": 18, "hash": "6UfBJLlIX1wd3MF43w68SPyfPsdwcfzWodH+19bgzRM="}
2022-11-27T04:39:12.067Z	DEBUG	replica=2	coded-hotterstuff/consensus.go:520	entered new view	{"CURRENT VIEW": 19, "view timeout": 2, "timedout": false}
2022-11-27T04:39:12.067Z	DEBUG	replica=2	coded-hotterstuff/consensus.go:788	new block locked	{"CURRENT VIEW": 19, "view": 17, "hash": "fbyAo5VKEVdmy5epf95saK65Dkgc3+iXrMxeW3XrK2g="}
2022-11-27T04:39:12.067Z	INFO	replica=2	coded-hotterstuff/consensus.go:797	new block commited	{"CURRENT VIEW": 19, "view": 16, "hash": "PAOswJ5F5FKLEprAJ1SnuPasqGFIM2uhNIcdZdMfaCw="}
2022-11-27T04:39:12.068Z	DEBUG	replica=2	coded-hotterstuff/consensus.go:678	proposal is safe to vote on	{"CURRENT VIEW": 18, "msg": "proposal", "header view": 19, "prepare view": 17, "hash": "uSmPJ2ljy8Cf/kVdYaizGHLR6BOCKJsjlWDpYp2SPg4=", "parent": "6UfBJLlIX1wd3MF43w68SPyfPsdwcfzWodH+19bgzRM="}
Node  2 +1 block finalized at time:  2022-11-27 04:39:12.071543952 +0000 UTC m=+75.275884360
replica 2 is forwarding chunk to replica 0
replica 2 is forwarding chunk to replica 1
replica 2 is forwarding chunk to replica 3
replica 2 is forwarding chunk to replica 4
replica 2 is forwarding chunk to replica 6
Decoded original proposal, time: 2022-11-27 04:39:13.200677793 +0000 UTC m=+76.405018208 header hash: [185 41 143 39 105 99 203 192 159 254 69 93 97 168 179 24 114 209 232 19 130 40 155 35 149 96 233 98 157 146 62 14]
2022-11-27T04:39:13.200Z	DEBUG	replica=2	coded-hotterstuff/consensus.go:576	received proposal	{"CURRENT VIEW": 19, "msg": "proposal", "header view": 19, "prepare view": 18, "hash": "uSmPJ2ljy8Cf/kVdYaizGHLR6BOCKJsjlWDpYp2SPg4=", "parent": "6UfBJLlIX1wd3MF43w68SPyfPsdwcfzWodH+19bgzRM="}
Decoded original proposal, time: 2022-11-27 04:39:14.445476202 +0000 UTC m=+77.649816661 header hash: [185 41 143 39 105 99 203 192 159 254 69 93 97 168 179 24 114 209 232 19 130 40 155 35 149 96 233 98 157 146 62 14]
2022-11-27T04:39:14.445Z	DEBUG	replica=2	coded-hotterstuff/consensus.go:576	received proposal	{"CURRENT VIEW": 19, "msg": "proposal", "header view": 19, "prepare view": 18, "hash": "uSmPJ2ljy8Cf/kVdYaizGHLR6BOCKJsjlWDpYp2SPg4=", "parent": "6UfBJLlIX1wd3MF43w68SPyfPsdwcfzWodH+19bgzRM="}
replica 2 is forwarding chunk to replica 0
replica 2 is forwarding chunk to replica 1
replica 2 is forwarding chunk to replica 3
replica 2 is forwarding chunk to replica 4
replica 2 is forwarding chunk to replica 5
Decoded original proposal, time: 2022-11-27 04:39:16.305601814 +0000 UTC m=+79.509942230 header hash: [13 182 191 15 143 42 152 29 239 84 127 36 77 221 124 199 27 48 113 31 51 226 178 103 166 208 44 11 123 31 191 52]
2022-11-27T04:39:16.305Z	DEBUG	replica=2	coded-hotterstuff/consensus.go:576	received proposal	{"CURRENT VIEW": 19, "msg": "proposal", "header view": 20, "prepare view": 18, "hash": "Dba/D48qmB3vVH8kTd18xxswcR8z4rJnptAsC3sfvzQ=", "parent": "uSmPJ2ljy8Cf/kVdYaizGHLR6BOCKJsjlWDpYp2SPg4="}
2022-11-27T04:39:16.313Z	DEBUG	replica=2	coded-hotterstuff/consensus.go:809	new block certified	{"CURRENT VIEW": 19, "view": 19, "hash": "uSmPJ2ljy8Cf/kVdYaizGHLR6BOCKJsjlWDpYp2SPg4="}
2022-11-27T04:39:16.313Z	DEBUG	replica=2	coded-hotterstuff/consensus.go:520	entered new view	{"CURRENT VIEW": 20, "view timeout": 2, "timedout": false}
2022-11-27T04:39:16.314Z	DEBUG	replica=2	coded-hotterstuff/consensus.go:788	new block locked	{"CURRENT VIEW": 20, "view": 18, "hash": "6UfBJLlIX1wd3MF43w68SPyfPsdwcfzWodH+19bgzRM="}
2022-11-27T04:39:16.314Z	INFO	replica=2	coded-hotterstuff/consensus.go:797	new block commited	{"CURRENT VIEW": 20, "view": 17, "hash": "fbyAo5VKEVdmy5epf95saK65Dkgc3+iXrMxeW3XrK2g="}
2022-11-27T04:39:16.314Z	DEBUG	replica=2	coded-hotterstuff/consensus.go:678	proposal is safe to vote on	{"CURRENT VIEW": 19, "msg": "proposal", "header view": 20, "prepare view": 18, "hash": "Dba/D48qmB3vVH8kTd18xxswcR8z4rJnptAsC3sfvzQ=", "parent": "uSmPJ2ljy8Cf/kVdYaizGHLR6BOCKJsjlWDpYp2SPg4="}
Node  2 +1 block finalized at time:  2022-11-27 04:39:16.316965964 +0000 UTC m=+79.521306360
replica 2 is forwarding chunk to replica 0
replica 2 is forwarding chunk to replica 1
replica 2 is forwarding chunk to replica 3
replica 2 is forwarding chunk to replica 4
replica 2 is forwarding chunk to replica 5
Decoded original proposal, time: 2022-11-27 04:39:17.545789523 +0000 UTC m=+80.750129982 header hash: [13 182 191 15 143 42 152 29 239 84 127 36 77 221 124 199 27 48 113 31 51 226 178 103 166 208 44 11 123 31 191 52]
2022-11-27T04:39:17.545Z	DEBUG	replica=2	coded-hotterstuff/consensus.go:576	received proposal	{"CURRENT VIEW": 20, "msg": "proposal", "header view": 20, "prepare view": 19, "hash": "Dba/D48qmB3vVH8kTd18xxswcR8z4rJnptAsC3sfvzQ=", "parent": "uSmPJ2ljy8Cf/kVdYaizGHLR6BOCKJsjlWDpYp2SPg4="}
replica 2 is forwarding chunk to replica 0
replica 2 is forwarding chunk to replica 1
replica 2 is forwarding chunk to replica 3
replica 2 is forwarding chunk to replica 4
replica 2 is forwarding chunk to replica 5
replica 2 is forwarding chunk to replica 1
replica 2 is forwarding chunk to replica 3
replica 2 is forwarding chunk to replica 4
replica 2 is forwarding chunk to replica 5
replica 2 is forwarding chunk to replica 6
Decoded original proposal, time: 2022-11-27 04:39:18.892502205 +0000 UTC m=+82.096842664 header hash: [13 182 191 15 143 42 152 29 239 84 127 36 77 221 124 199 27 48 113 31 51 226 178 103 166 208 44 11 123 31 191 52]
2022-11-27T04:39:18.892Z	DEBUG	replica=2	coded-hotterstuff/consensus.go:576	received proposal	{"CURRENT VIEW": 20, "msg": "proposal", "header view": 20, "prepare view": 19, "hash": "Dba/D48qmB3vVH8kTd18xxswcR8z4rJnptAsC3sfvzQ=", "parent": "uSmPJ2ljy8Cf/kVdYaizGHLR6BOCKJsjlWDpYp2SPg4="}
Decoded original proposal, time: 2022-11-27 04:39:19.93343341 +0000 UTC m=+83.137773866 header hash: [209 38 65 65 46 4 226 145 106 139 61 138 29 3 67 4 115 15 92 233 3 182 204 209 81 205 132 59 223 246 130 103]
2022-11-27T04:39:19.933Z	DEBUG	replica=2	coded-hotterstuff/consensus.go:576	received proposal	{"CURRENT VIEW": 20, "msg": "proposal", "header view": 21, "prepare view": 19, "hash": "0SZBQS4E4pFqiz2KHQNDBHMPXOkDtszRUc2EO9/2gmc=", "parent": "Dba/D48qmB3vVH8kTd18xxswcR8z4rJnptAsC3sfvzQ="}
2022-11-27T04:39:19.940Z	DEBUG	replica=2	coded-hotterstuff/consensus.go:809	new block certified	{"CURRENT VIEW": 20, "view": 20, "hash": "Dba/D48qmB3vVH8kTd18xxswcR8z4rJnptAsC3sfvzQ="}
2022-11-27T04:39:19.940Z	DEBUG	replica=2	coded-hotterstuff/consensus.go:520	entered new view	{"CURRENT VIEW": 21, "view timeout": 2, "timedout": false}
2022-11-27T04:39:19.940Z	DEBUG	replica=2	coded-hotterstuff/consensus.go:788	new block locked	{"CURRENT VIEW": 21, "view": 19, "hash": "uSmPJ2ljy8Cf/kVdYaizGHLR6BOCKJsjlWDpYp2SPg4="}
2022-11-27T04:39:19.940Z	INFO	replica=2	coded-hotterstuff/consensus.go:797	new block commited	{"CURRENT VIEW": 21, "view": 18, "hash": "6UfBJLlIX1wd3MF43w68SPyfPsdwcfzWodH+19bgzRM="}
2022-11-27T04:39:19.942Z	DEBUG	replica=2	coded-hotterstuff/consensus.go:678	proposal is safe to vote on	{"CURRENT VIEW": 20, "msg": "proposal", "header view": 21, "prepare view": 19, "hash": "0SZBQS4E4pFqiz2KHQNDBHMPXOkDtszRUc2EO9/2gmc=", "parent": "Dba/D48qmB3vVH8kTd18xxswcR8z4rJnptAsC3sfvzQ="}
Node  2 +1 block finalized at time:  2022-11-27 04:39:19.94410954 +0000 UTC m=+83.148449955
replica 2 is forwarding chunk to replica 1
replica 2 is forwarding chunk to replica 3
replica 2 is forwarding chunk to replica 4
replica 2 is forwarding chunk to replica 5
replica 2 is forwarding chunk to replica 6
replica 2 is forwarding chunk to replica 0
replica 2 is forwarding chunk to replica 3
replica 2 is forwarding chunk to replica 4
replica 2 is forwarding chunk to replica 5
replica 2 is forwarding chunk to replica 6
2022-11-27T04:39:21.494Z	DEBUG	replica=2	coded-hotterstuff/consensus.go:965	received vote	{"CURRENT VIEW": 21, "msg": "vote", "voter": 1, "view": 21, "hash": "7Bb+cvmJVOtnuxbz/jTx3aPFOlXYkwYfrDz8TccKono="}
Node  2  received vote before proposal, saving vote in pending votes, hash is  [236 22 254 114 249 137 84 235 103 187 22 243 254 52 241 221 163 197 58 85 216 147 6 31 172 60 252 77 199 10 162 122]  and string is,  22
2022-11-27T04:39:21.494Z	DEBUG	replica=2	coded-hotterstuff/consensus.go:970	Received vote before proposal, key is, 22	{"CURRENT VIEW": 21}
replica 2 is forwarding chunk to replica 1
replica 2 is forwarding chunk to replica 3
replica 2 is forwarding chunk to replica 4
replica 2 is forwarding chunk to replica 5
replica 2 is forwarding chunk to replica 6
Decoded original proposal, time: 2022-11-27 04:39:22.167402205 +0000 UTC m=+85.371742621 header hash: [209 38 65 65 46 4 226 145 106 139 61 138 29 3 67 4 115 15 92 233 3 182 204 209 81 205 132 59 223 246 130 103]
2022-11-27T04:39:22.167Z	DEBUG	replica=2	coded-hotterstuff/consensus.go:576	received proposal	{"CURRENT VIEW": 21, "msg": "proposal", "header view": 21, "prepare view": 20, "hash": "0SZBQS4E4pFqiz2KHQNDBHMPXOkDtszRUc2EO9/2gmc=", "parent": "Dba/D48qmB3vVH8kTd18xxswcR8z4rJnptAsC3sfvzQ="}
replica 2 is forwarding chunk to replica 0
replica 2 is forwarding chunk to replica 3
replica 2 is forwarding chunk to replica 4
replica 2 is forwarding chunk to replica 5
replica 2 is forwarding chunk to replica 6
Decoded original proposal, time: 2022-11-27 04:39:23.711993039 +0000 UTC m=+86.916333502 header hash: [236 22 254 114 249 137 84 235 103 187 22 243 254 52 241 221 163 197 58 85 216 147 6 31 172 60 252 77 199 10 162 122]
2022-11-27T04:39:23.712Z	DEBUG	replica=2	coded-hotterstuff/consensus.go:576	received proposal	{"CURRENT VIEW": 21, "msg": "proposal", "header view": 22, "prepare view": 20, "hash": "7Bb+cvmJVOtnuxbz/jTx3aPFOlXYkwYfrDz8TccKono=", "parent": "0SZBQS4E4pFqiz2KHQNDBHMPXOkDtszRUc2EO9/2gmc="}
2022-11-27T04:39:23.719Z	DEBUG	replica=2	coded-hotterstuff/consensus.go:809	new block certified	{"CURRENT VIEW": 21, "view": 21, "hash": "0SZBQS4E4pFqiz2KHQNDBHMPXOkDtszRUc2EO9/2gmc="}
2022-11-27T04:39:23.719Z	DEBUG	replica=2	coded-hotterstuff/consensus.go:520	entered new view	{"CURRENT VIEW": 22, "view timeout": 2, "timedout": false}
2022-11-27T04:39:23.719Z	DEBUG	replica=2	coded-hotterstuff/consensus.go:535	replica is a leader for next view. collecting new-view messages	{"CURRENT VIEW": 22}
2022-11-27T04:39:23.719Z	DEBUG	replica=2	coded-hotterstuff/consensus.go:788	new block locked	{"CURRENT VIEW": 22, "view": 20, "hash": "Dba/D48qmB3vVH8kTd18xxswcR8z4rJnptAsC3sfvzQ="}
2022-11-27T04:39:23.719Z	INFO	replica=2	coded-hotterstuff/consensus.go:797	new block commited	{"CURRENT VIEW": 22, "view": 19, "hash": "uSmPJ2ljy8Cf/kVdYaizGHLR6BOCKJsjlWDpYp2SPg4="}
2022-11-27T04:39:23.720Z	DEBUG	replica=2	coded-hotterstuff/consensus.go:678	proposal is safe to vote on	{"CURRENT VIEW": 21, "msg": "proposal", "header view": 22, "prepare view": 20, "hash": "7Bb+cvmJVOtnuxbz/jTx3aPFOlXYkwYfrDz8TccKono=", "parent": "0SZBQS4E4pFqiz2KHQNDBHMPXOkDtszRUc2EO9/2gmc="}
2022-11-27T04:39:23.720Z	DEBUG	replica=2	coded-hotterstuff/consensus.go:758	Taking care of pending vote 22	{"CURRENT VIEW": 22}
2022-11-27T04:39:23.720Z	DEBUG	replica=2	coded-hotterstuff/consensus.go:965	received vote	{"CURRENT VIEW": 22, "msg": "vote", "voter": 1, "view": 22, "hash": "7Bb+cvmJVOtnuxbz/jTx3aPFOlXYkwYfrDz8TccKono="}
2022-11-27T04:39:23.727Z	DEBUG	replica=2	coded-hotterstuff/consensus.go:965	received vote	{"CURRENT VIEW": 22, "msg": "vote", "voter": 2, "view": 22, "hash": "7Bb+cvmJVOtnuxbz/jTx3aPFOlXYkwYfrDz8TccKono="}
Node  2 +1 block finalized at time:  2022-11-27 04:39:23.733680936 +0000 UTC m=+86.938021348
Decoded original proposal, time: 2022-11-27 04:39:24.720448714 +0000 UTC m=+87.924789122 header hash: [209 38 65 65 46 4 226 145 106 139 61 138 29 3 67 4 115 15 92 233 3 182 204 209 81 205 132 59 223 246 130 103]
2022-11-27T04:39:24.720Z	DEBUG	replica=2	coded-hotterstuff/consensus.go:576	received proposal	{"CURRENT VIEW": 22, "msg": "proposal", "header view": 21, "prepare view": 21, "hash": "0SZBQS4E4pFqiz2KHQNDBHMPXOkDtszRUc2EO9/2gmc=", "parent": "Dba/D48qmB3vVH8kTd18xxswcR8z4rJnptAsC3sfvzQ="}
2022-11-27T04:39:24.729Z	DEBUG	replica=2	coded-hotterstuff/consensus.go:667	proposal view doesn't match local view	{"CURRENT VIEW": 22, "msg": "proposal", "header view": 21, "prepare view": 21, "hash": "0SZBQS4E4pFqiz2KHQNDBHMPXOkDtszRUc2EO9/2gmc=", "parent": "Dba/D48qmB3vVH8kTd18xxswcR8z4rJnptAsC3sfvzQ="}
replica 2 is forwarding chunk to replica 0
replica 2 is forwarding chunk to replica 3
replica 2 is forwarding chunk to replica 4
replica 2 is forwarding chunk to replica 5
replica 2 is forwarding chunk to replica 6
2022-11-27T04:39:25.413Z	DEBUG	replica=2	coded-hotterstuff/consensus.go:965	received vote	{"CURRENT VIEW": 22, "msg": "vote", "voter": 3, "view": 22, "hash": "7Bb+cvmJVOtnuxbz/jTx3aPFOlXYkwYfrDz8TccKono="}
Decoded original proposal, time: 2022-11-27 04:39:25.519329879 +0000 UTC m=+88.723670306 header hash: [236 22 254 114 249 137 84 235 103 187 22 243 254 52 241 221 163 197 58 85 216 147 6 31 172 60 252 77 199 10 162 122]
2022-11-27T04:39:25.519Z	DEBUG	replica=2	coded-hotterstuff/consensus.go:576	received proposal	{"CURRENT VIEW": 22, "msg": "proposal", "header view": 22, "prepare view": 21, "hash": "7Bb+cvmJVOtnuxbz/jTx3aPFOlXYkwYfrDz8TccKono=", "parent": "0SZBQS4E4pFqiz2KHQNDBHMPXOkDtszRUc2EO9/2gmc="}
2022-11-27T04:39:25.528Z	DEBUG	replica=2	coded-hotterstuff/consensus.go:965	received vote	{"CURRENT VIEW": 22, "msg": "vote", "voter": 0, "view": 22, "hash": "7Bb+cvmJVOtnuxbz/jTx3aPFOlXYkwYfrDz8TccKono="}
2022-11-27T04:39:25.967Z	DEBUG	replica=2	coded-hotterstuff/consensus.go:965	received vote	{"CURRENT VIEW": 22, "msg": "vote", "voter": 6, "view": 22, "hash": "7Bb+cvmJVOtnuxbz/jTx3aPFOlXYkwYfrDz8TccKono="}
2022-11-27T04:39:25.972Z	DEBUG	replica=2	coded-hotterstuff/consensus.go:809	new block certified	{"CURRENT VIEW": 22, "view": 22, "hash": "7Bb+cvmJVOtnuxbz/jTx3aPFOlXYkwYfrDz8TccKono="}
2022-11-27T04:39:25.973Z	DEBUG	replica=2	coded-hotterstuff/consensus.go:520	entered new view	{"CURRENT VIEW": 23, "view timeout": 2, "timedout": false}
2022-11-27T04:39:25.973Z	DEBUG	replica=2	coded-hotterstuff/consensus.go:544	replica is a leader for this view. waiting for data	{"CURRENT VIEW": 23}
2022-11-27T04:39:25.973Z	DEBUG	replica=2	coded-hotterstuff/consensus.go:520	entered new view	{"CURRENT VIEW": 23, "view timeout": 2, "timedout": false}
2022-11-27T04:39:25.973Z	DEBUG	replica=2	coded-hotterstuff/consensus.go:544	replica is a leader for this view. waiting for data	{"CURRENT VIEW": 23}
2022-11-27T04:39:25.976Z	DEBUG	replica=2	coded-hotterstuff/consensus.go:238	sending proposal	{"CURRENT VIEW": 23, "hash": "pmj4OJzIOBXqJKBq/WB/iFAMQJkaLhcosvbRgseJajI=", "parent": "7Bb+cvmJVOtnuxbz/jTx3aPFOlXYkwYfrDz8TccKono=", "signer": 2}
2022-11-27T04:39:25.979Z	DEBUG	replica=2	coded-hotterstuff/consensus.go:576	received proposal	{"CURRENT VIEW": 23, "msg": "proposal", "header view": 23, "prepare view": 22, "hash": "pmj4OJzIOBXqJKBq/WB/iFAMQJkaLhcosvbRgseJajI=", "parent": "7Bb+cvmJVOtnuxbz/jTx3aPFOlXYkwYfrDz8TccKono="}
2022-11-27T04:39:25.987Z	DEBUG	replica=2	coded-hotterstuff/consensus.go:788	new block locked	{"CURRENT VIEW": 23, "view": 21, "hash": "0SZBQS4E4pFqiz2KHQNDBHMPXOkDtszRUc2EO9/2gmc="}
2022-11-27T04:39:25.987Z	INFO	replica=2	coded-hotterstuff/consensus.go:797	new block commited	{"CURRENT VIEW": 23, "view": 20, "hash": "Dba/D48qmB3vVH8kTd18xxswcR8z4rJnptAsC3sfvzQ="}
2022-11-27T04:39:25.990Z	DEBUG	replica=2	coded-hotterstuff/consensus.go:678	proposal is safe to vote on	{"CURRENT VIEW": 23, "msg": "proposal", "header view": 23, "prepare view": 22, "hash": "pmj4OJzIOBXqJKBq/WB/iFAMQJkaLhcosvbRgseJajI=", "parent": "7Bb+cvmJVOtnuxbz/jTx3aPFOlXYkwYfrDz8TccKono="}
Node  2 +1 block finalized at time:  2022-11-27 04:39:25.992505077 +0000 UTC m=+89.196845485
2022-11-27T04:39:26.098Z	DEBUG	replica=2	coded-hotterstuff/consensus.go:965	received vote	{"CURRENT VIEW": 23, "msg": "vote", "voter": 5, "view": 23, "hash": "7Bb+cvmJVOtnuxbz/jTx3aPFOlXYkwYfrDz8TccKono="}
2022-11-27T04:39:26.103Z	DEBUG	replica=2	coded-hotterstuff/consensus.go:520	entered new view	{"CURRENT VIEW": 23, "view timeout": 2, "timedout": false}
2022-11-27T04:39:26.103Z	DEBUG	replica=2	coded-hotterstuff/consensus.go:544	replica is a leader for this view. waiting for data	{"CURRENT VIEW": 23}
2022-11-27T04:39:26.106Z	DEBUG	replica=2	coded-hotterstuff/consensus.go:238	sending proposal	{"CURRENT VIEW": 23, "hash": "pmj4OJzIOBXqJKBq/WB/iFAMQJkaLhcosvbRgseJajI=", "parent": "7Bb+cvmJVOtnuxbz/jTx3aPFOlXYkwYfrDz8TccKono=", "signer": 2}
2022-11-27T04:39:26.109Z	DEBUG	replica=2	coded-hotterstuff/consensus.go:576	received proposal	{"CURRENT VIEW": 23, "msg": "proposal", "header view": 23, "prepare view": 22, "hash": "pmj4OJzIOBXqJKBq/WB/iFAMQJkaLhcosvbRgseJajI=", "parent": "7Bb+cvmJVOtnuxbz/jTx3aPFOlXYkwYfrDz8TccKono="}
2022-11-27T04:39:26.119Z	DEBUG	replica=2	coded-hotterstuff/consensus.go:965	received vote	{"CURRENT VIEW": 23, "msg": "vote", "voter": 4, "view": 23, "hash": "7Bb+cvmJVOtnuxbz/jTx3aPFOlXYkwYfrDz8TccKono="}
2022-11-27T04:39:26.125Z	DEBUG	replica=2	coded-hotterstuff/consensus.go:520	entered new view	{"CURRENT VIEW": 23, "view timeout": 2, "timedout": false}
2022-11-27T04:39:26.125Z	DEBUG	replica=2	coded-hotterstuff/consensus.go:544	replica is a leader for this view. waiting for data	{"CURRENT VIEW": 23}
2022-11-27T04:39:26.133Z	DEBUG	replica=2	coded-hotterstuff/consensus.go:238	sending proposal	{"CURRENT VIEW": 23, "hash": "pmj4OJzIOBXqJKBq/WB/iFAMQJkaLhcosvbRgseJajI=", "parent": "7Bb+cvmJVOtnuxbz/jTx3aPFOlXYkwYfrDz8TccKono=", "signer": 2}
2022-11-27T04:39:26.134Z	DEBUG	replica=2	coded-hotterstuff/consensus.go:576	received proposal	{"CURRENT VIEW": 23, "msg": "proposal", "header view": 23, "prepare view": 22, "hash": "pmj4OJzIOBXqJKBq/WB/iFAMQJkaLhcosvbRgseJajI=", "parent": "7Bb+cvmJVOtnuxbz/jTx3aPFOlXYkwYfrDz8TccKono="}
Decoded original proposal, time: 2022-11-27 04:39:26.917920974 +0000 UTC m=+90.122261431 header hash: [236 22 254 114 249 137 84 235 103 187 22 243 254 52 241 221 163 197 58 85 216 147 6 31 172 60 252 77 199 10 162 122]
2022-11-27T04:39:26.917Z	DEBUG	replica=2	coded-hotterstuff/consensus.go:576	received proposal	{"CURRENT VIEW": 23, "msg": "proposal", "header view": 22, "prepare view": 22, "hash": "7Bb+cvmJVOtnuxbz/jTx3aPFOlXYkwYfrDz8TccKono=", "parent": "0SZBQS4E4pFqiz2KHQNDBHMPXOkDtszRUc2EO9/2gmc="}
2022-11-27T04:39:26.925Z	DEBUG	replica=2	coded-hotterstuff/consensus.go:667	proposal view doesn't match local view	{"CURRENT VIEW": 23, "msg": "proposal", "header view": 22, "prepare view": 22, "hash": "7Bb+cvmJVOtnuxbz/jTx3aPFOlXYkwYfrDz8TccKono=", "parent": "0SZBQS4E4pFqiz2KHQNDBHMPXOkDtszRUc2EO9/2gmc="}
replica 2 is forwarding chunk to replica 0
replica 2 is forwarding chunk to replica 1
replica 2 is forwarding chunk to replica 4
replica 2 is forwarding chunk to replica 5
replica 2 is forwarding chunk to replica 6
replica 2 is forwarding chunk to replica 0
replica 2 is forwarding chunk to replica 1
replica 2 is forwarding chunk to replica 4
replica 2 is forwarding chunk to replica 5
replica 2 is forwarding chunk to replica 6
Decoded original proposal, time: 2022-11-27 04:39:33.327822798 +0000 UTC m=+96.532163258 header hash: [130 41 63 142 209 112 247 120 166 50 171 153 124 242 157 248 90 160 106 115 199 97 142 87 9 193 156 212 226 178 124 29]
2022-11-27T04:39:33.327Z	DEBUG	replica=2	coded-hotterstuff/consensus.go:576	received proposal	{"CURRENT VIEW": 23, "msg": "proposal", "header view": 24, "prepare view": 22, "hash": "gik/jtFw93imMquZfPKd+FqganPHYY5XCcGc1OKyfB0=", "parent": "pmj4OJzIOBXqJKBq/WB/iFAMQJkaLhcosvbRgseJajI="}
2022-11-27T04:39:33.335Z	DEBUG	replica=2	coded-hotterstuff/consensus.go:809	new block certified	{"CURRENT VIEW": 23, "view": 23, "hash": "pmj4OJzIOBXqJKBq/WB/iFAMQJkaLhcosvbRgseJajI="}
2022-11-27T04:39:33.335Z	DEBUG	replica=2	coded-hotterstuff/consensus.go:520	entered new view	{"CURRENT VIEW": 24, "view timeout": 2, "timedout": false}
2022-11-27T04:39:33.335Z	DEBUG	replica=2	coded-hotterstuff/consensus.go:788	new block locked	{"CURRENT VIEW": 24, "view": 22, "hash": "7Bb+cvmJVOtnuxbz/jTx3aPFOlXYkwYfrDz8TccKono="}
2022-11-27T04:39:33.335Z	INFO	replica=2	coded-hotterstuff/consensus.go:797	new block commited	{"CURRENT VIEW": 24, "view": 21, "hash": "0SZBQS4E4pFqiz2KHQNDBHMPXOkDtszRUc2EO9/2gmc="}
2022-11-27T04:39:33.336Z	DEBUG	replica=2	coded-hotterstuff/consensus.go:678	proposal is safe to vote on	{"CURRENT VIEW": 23, "msg": "proposal", "header view": 24, "prepare view": 22, "hash": "gik/jtFw93imMquZfPKd+FqganPHYY5XCcGc1OKyfB0=", "parent": "pmj4OJzIOBXqJKBq/WB/iFAMQJkaLhcosvbRgseJajI="}
Node  2 +1 block finalized at time:  2022-11-27 04:39:33.33884871 +0000 UTC m=+96.543189105
replica 2 is forwarding chunk to replica 0
replica 2 is forwarding chunk to replica 1
replica 2 is forwarding chunk to replica 4
replica 2 is forwarding chunk to replica 5
replica 2 is forwarding chunk to replica 6
Decoded original proposal, time: 2022-11-27 04:39:34.982703196 +0000 UTC m=+98.187043612 header hash: [130 41 63 142 209 112 247 120 166 50 171 153 124 242 157 248 90 160 106 115 199 97 142 87 9 193 156 212 226 178 124 29]
2022-11-27T04:39:34.982Z	DEBUG	replica=2	coded-hotterstuff/consensus.go:576	received proposal	{"CURRENT VIEW": 24, "msg": "proposal", "header view": 24, "prepare view": 23, "hash": "gik/jtFw93imMquZfPKd+FqganPHYY5XCcGc1OKyfB0=", "parent": "pmj4OJzIOBXqJKBq/WB/iFAMQJkaLhcosvbRgseJajI="}
replica 2 is forwarding chunk to replica 0
replica 2 is forwarding chunk to replica 1
replica 2 is forwarding chunk to replica 3
replica 2 is forwarding chunk to replica 5
replica 2 is forwarding chunk to replica 6
Decoded original proposal, time: 2022-11-27 04:39:36.594708778 +0000 UTC m=+99.799049235 header hash: [82 12 33 240 93 197 165 1 94 69 38 44 114 111 131 23 13 53 141 22 127 230 180 195 211 17 240 209 42 66 163 191]
2022-11-27T04:39:36.594Z	DEBUG	replica=2	coded-hotterstuff/consensus.go:576	received proposal	{"CURRENT VIEW": 24, "msg": "proposal", "header view": 25, "prepare view": 23, "hash": "Ugwh8F3FpQFeRSYscm+DFw01jRZ/5rTD0xHw0SpCo78=", "parent": "gik/jtFw93imMquZfPKd+FqganPHYY5XCcGc1OKyfB0="}
2022-11-27T04:39:36.601Z	DEBUG	replica=2	coded-hotterstuff/consensus.go:809	new block certified	{"CURRENT VIEW": 24, "view": 24, "hash": "gik/jtFw93imMquZfPKd+FqganPHYY5XCcGc1OKyfB0="}
2022-11-27T04:39:36.601Z	DEBUG	replica=2	coded-hotterstuff/consensus.go:520	entered new view	{"CURRENT VIEW": 25, "view timeout": 2, "timedout": false}
2022-11-27T04:39:36.601Z	DEBUG	replica=2	coded-hotterstuff/consensus.go:788	new block locked	{"CURRENT VIEW": 25, "view": 23, "hash": "pmj4OJzIOBXqJKBq/WB/iFAMQJkaLhcosvbRgseJajI="}
2022-11-27T04:39:36.601Z	INFO	replica=2	coded-hotterstuff/consensus.go:797	new block commited	{"CURRENT VIEW": 25, "view": 22, "hash": "7Bb+cvmJVOtnuxbz/jTx3aPFOlXYkwYfrDz8TccKono="}
2022-11-27T04:39:36.602Z	DEBUG	replica=2	coded-hotterstuff/consensus.go:678	proposal is safe to vote on	{"CURRENT VIEW": 24, "msg": "proposal", "header view": 25, "prepare view": 23, "hash": "Ugwh8F3FpQFeRSYscm+DFw01jRZ/5rTD0xHw0SpCo78=", "parent": "gik/jtFw93imMquZfPKd+FqganPHYY5XCcGc1OKyfB0="}
Node  2 +1 block finalized at time:  2022-11-27 04:39:36.604161106 +0000 UTC m=+99.808501513
Decoded original proposal, time: 2022-11-27 04:39:36.974197495 +0000 UTC m=+100.178537952 header hash: [130 41 63 142 209 112 247 120 166 50 171 153 124 242 157 248 90 160 106 115 199 97 142 87 9 193 156 212 226 178 124 29]
2022-11-27T04:39:36.974Z	DEBUG	replica=2	coded-hotterstuff/consensus.go:576	received proposal	{"CURRENT VIEW": 25, "msg": "proposal", "header view": 24, "prepare view": 24, "hash": "gik/jtFw93imMquZfPKd+FqganPHYY5XCcGc1OKyfB0=", "parent": "pmj4OJzIOBXqJKBq/WB/iFAMQJkaLhcosvbRgseJajI="}
2022-11-27T04:39:36.981Z	DEBUG	replica=2	coded-hotterstuff/consensus.go:667	proposal view doesn't match local view	{"CURRENT VIEW": 25, "msg": "proposal", "header view": 24, "prepare view": 24, "hash": "gik/jtFw93imMquZfPKd+FqganPHYY5XCcGc1OKyfB0=", "parent": "pmj4OJzIOBXqJKBq/WB/iFAMQJkaLhcosvbRgseJajI="}
replica 2 is forwarding chunk to replica 0
replica 2 is forwarding chunk to replica 1
replica 2 is forwarding chunk to replica 3
replica 2 is forwarding chunk to replica 5
replica 2 is forwarding chunk to replica 6
Decoded original proposal, time: 2022-11-27 04:39:38.276254692 +0000 UTC m=+101.480595108 header hash: [82 12 33 240 93 197 165 1 94 69 38 44 114 111 131 23 13 53 141 22 127 230 180 195 211 17 240 209 42 66 163 191]
2022-11-27T04:39:38.276Z	DEBUG	replica=2	coded-hotterstuff/consensus.go:576	received proposal	{"CURRENT VIEW": 25, "msg": "proposal", "header view": 25, "prepare view": 24, "hash": "Ugwh8F3FpQFeRSYscm+DFw01jRZ/5rTD0xHw0SpCo78=", "parent": "gik/jtFw93imMquZfPKd+FqganPHYY5XCcGc1OKyfB0="}
replica 2 is forwarding chunk to replica 0
replica 2 is forwarding chunk to replica 1
replica 2 is forwarding chunk to replica 3
replica 2 is forwarding chunk to replica 5
replica 2 is forwarding chunk to replica 6
replica 2 is forwarding chunk to replica 0
replica 2 is forwarding chunk to replica 1
replica 2 is forwarding chunk to replica 3
replica 2 is forwarding chunk to replica 4
replica 2 is forwarding chunk to replica 6
replica 2 is forwarding chunk to replica 0
replica 2 is forwarding chunk to replica 1
replica 2 is forwarding chunk to replica 3
replica 2 is forwarding chunk to replica 4
replica 2 is forwarding chunk to replica 6
Decoded original proposal, time: 2022-11-27 04:39:40.29332879 +0000 UTC m=+103.497669247 header hash: [82 12 33 240 93 197 165 1 94 69 38 44 114 111 131 23 13 53 141 22 127 230 180 195 211 17 240 209 42 66 163 191]
2022-11-27T04:39:40.293Z	DEBUG	replica=2	coded-hotterstuff/consensus.go:576	received proposal	{"CURRENT VIEW": 25, "msg": "proposal", "header view": 25, "prepare view": 24, "hash": "Ugwh8F3FpQFeRSYscm+DFw01jRZ/5rTD0xHw0SpCo78=", "parent": "gik/jtFw93imMquZfPKd+FqganPHYY5XCcGc1OKyfB0="}
Decoded original proposal, time: 2022-11-27 04:39:40.929040706 +0000 UTC m=+104.133381207 header hash: [4 92 222 242 88 244 7 42 136 122 14 69 49 227 58 66 22 66 11 141 253 91 119 103 62 24 21 53 219 2 9 239]
2022-11-27T04:39:40.929Z	DEBUG	replica=2	coded-hotterstuff/consensus.go:576	received proposal	{"CURRENT VIEW": 25, "msg": "proposal", "header view": 26, "prepare view": 24, "hash": "BFze8lj0ByqIeg5FMeM6QhZCC439W3dnPhgVNdsCCe8=", "parent": "Ugwh8F3FpQFeRSYscm+DFw01jRZ/5rTD0xHw0SpCo78="}
2022-11-27T04:39:40.936Z	DEBUG	replica=2	coded-hotterstuff/consensus.go:809	new block certified	{"CURRENT VIEW": 25, "view": 25, "hash": "Ugwh8F3FpQFeRSYscm+DFw01jRZ/5rTD0xHw0SpCo78="}
2022-11-27T04:39:40.936Z	DEBUG	replica=2	coded-hotterstuff/consensus.go:520	entered new view	{"CURRENT VIEW": 26, "view timeout": 2, "timedout": false}
2022-11-27T04:39:40.937Z	DEBUG	replica=2	coded-hotterstuff/consensus.go:788	new block locked	{"CURRENT VIEW": 26, "view": 24, "hash": "gik/jtFw93imMquZfPKd+FqganPHYY5XCcGc1OKyfB0="}
2022-11-27T04:39:40.937Z	INFO	replica=2	coded-hotterstuff/consensus.go:797	new block commited	{"CURRENT VIEW": 26, "view": 23, "hash": "pmj4OJzIOBXqJKBq/WB/iFAMQJkaLhcosvbRgseJajI="}
2022-11-27T04:39:40.938Z	DEBUG	replica=2	coded-hotterstuff/consensus.go:678	proposal is safe to vote on	{"CURRENT VIEW": 25, "msg": "proposal", "header view": 26, "prepare view": 24, "hash": "BFze8lj0ByqIeg5FMeM6QhZCC439W3dnPhgVNdsCCe8=", "parent": "Ugwh8F3FpQFeRSYscm+DFw01jRZ/5rTD0xHw0SpCo78="}
Node  2 +1 block finalized at time:  2022-11-27 04:39:40.941082991 +0000 UTC m=+104.145423388
replica 2 is forwarding chunk to replica 0
replica 2 is forwarding chunk to replica 1
replica 2 is forwarding chunk to replica 3
replica 2 is forwarding chunk to replica 4
replica 2 is forwarding chunk to replica 6
Decoded original proposal, time: 2022-11-27 04:39:42.775830156 +0000 UTC m=+105.980170611 header hash: [4 92 222 242 88 244 7 42 136 122 14 69 49 227 58 66 22 66 11 141 253 91 119 103 62 24 21 53 219 2 9 239]
2022-11-27T04:39:42.775Z	DEBUG	replica=2	coded-hotterstuff/consensus.go:576	received proposal	{"CURRENT VIEW": 26, "msg": "proposal", "header view": 26, "prepare view": 25, "hash": "BFze8lj0ByqIeg5FMeM6QhZCC439W3dnPhgVNdsCCe8=", "parent": "Ugwh8F3FpQFeRSYscm+DFw01jRZ/5rTD0xHw0SpCo78="}
