Node index: 1
[10.0.1.0:9000 10.0.1.2:9001 10.0.1.4:9002 10.0.1.6:9003 10.0.1.8:9004 10.0.1.10:9005 10.0.1.12:9006]
node 1 initiating connection to 10.0.1.0:9000
2022-11-27T04:37:56.893Z	DEBUG	replica=1	coded-hotterstuff/consensus.go:520	entered new view	{"CURRENT VIEW": 1, "view timeout": 2, "timedout": false}
2022-11-27T04:37:56.893Z	DEBUG	replica=1	coded-hotterstuff/consensus.go:544	replica is a leader for this view. waiting for data	{"CURRENT VIEW": 1}
2022-11-27T04:37:56.897Z	DEBUG	replica=1	coded-hotterstuff/consensus.go:238	sending proposal	{"CURRENT VIEW": 1, "hash": "SKC06ZXnbItnYZVTxXLWgGtuTOc9zSoSvlJWhQRO6/8=", "parent": "GZWDhiYW+ib6TpJWRLDOftUd8y8ovAaEerQWDbefS7c=", "signer": 1}
2022-11-27T04:37:56.900Z	DEBUG	replica=1	coded-hotterstuff/consensus.go:576	received proposal	{"CURRENT VIEW": 1, "msg": "proposal", "header view": 1, "prepare view": 0, "hash": "SKC06ZXnbItnYZVTxXLWgGtuTOc9zSoSvlJWhQRO6/8=", "parent": "GZWDhiYW+ib6TpJWRLDOftUd8y8ovAaEerQWDbefS7c="}
2022-11-27T04:37:56.907Z	DEBUG	replica=1	coded-hotterstuff/consensus.go:777	could not find gparent header	{"CURRENT VIEW": 1, "view": 0, "hash": "GZWDhiYW+ib6TpJWRLDOftUd8y8ovAaEerQWDbefS7c="}
2022-11-27T04:37:56.909Z	DEBUG	replica=1	coded-hotterstuff/consensus.go:678	proposal is safe to vote on	{"CURRENT VIEW": 1, "msg": "proposal", "header view": 1, "prepare view": 0, "hash": "SKC06ZXnbItnYZVTxXLWgGtuTOc9zSoSvlJWhQRO6/8=", "parent": "GZWDhiYW+ib6TpJWRLDOftUd8y8ovAaEerQWDbefS7c="}
node 1 successfully initiated connection to 10.0.1.0:9000
connection established 1 - 3
Node  1 -->  Listening for messages... 
connection established 1 - 4
connection established 1 - 2
Node  1 -->  Listening for messages... 
Node  1 -->  Listening for messages... 
connection established 1 - 6
Node  1 -->  Listening for messages... 
connection established 1 - 5
Node  1 -->  Listening for messages... 
connection established 1 - 0
Node  1 -->  Listening for messages... 
replica 1 is forwarding chunk to replica 0
replica 1 is forwarding chunk to replica 3
replica 1 is forwarding chunk to replica 4
replica 1 is forwarding chunk to replica 5
replica 1 is forwarding chunk to replica 6
Decoded original proposal, time: 2022-11-27 04:38:02.05825401 +0000 UTC m=+5.246706431 header hash: [112 240 93 77 174 234 64 155 158 20 106 227 158 234 134 149 230 112 20 24 127 150 17 128 149 69 129 124 42 247 80 171]
2022-11-27T04:38:02.058Z	DEBUG	replica=1	coded-hotterstuff/consensus.go:576	received proposal	{"CURRENT VIEW": 1, "msg": "proposal", "header view": 2, "prepare view": 0, "hash": "cPBdTa7qQJueFGrjnuqGleZwFBh/lhGAlUWBfCr3UKs=", "parent": "SKC06ZXnbItnYZVTxXLWgGtuTOc9zSoSvlJWhQRO6/8="}
2022-11-27T04:38:02.065Z	DEBUG	replica=1	coded-hotterstuff/consensus.go:809	new block certified	{"CURRENT VIEW": 1, "view": 1, "hash": "SKC06ZXnbItnYZVTxXLWgGtuTOc9zSoSvlJWhQRO6/8="}
2022-11-27T04:38:02.065Z	DEBUG	replica=1	coded-hotterstuff/consensus.go:520	entered new view	{"CURRENT VIEW": 2, "view timeout": 2, "timedout": false}
2022-11-27T04:38:02.065Z	DEBUG	replica=1	coded-hotterstuff/consensus.go:782	could not find ggparent header	{"CURRENT VIEW": 2, "view": 0, "hash": "GZWDhiYW+ib6TpJWRLDOftUd8y8ovAaEerQWDbefS7c="}
2022-11-27T04:38:02.067Z	DEBUG	replica=1	coded-hotterstuff/consensus.go:678	proposal is safe to vote on	{"CURRENT VIEW": 1, "msg": "proposal", "header view": 2, "prepare view": 0, "hash": "cPBdTa7qQJueFGrjnuqGleZwFBh/lhGAlUWBfCr3UKs=", "parent": "SKC06ZXnbItnYZVTxXLWgGtuTOc9zSoSvlJWhQRO6/8="}
replica 1 is forwarding chunk to replica 0
replica 1 is forwarding chunk to replica 3
replica 1 is forwarding chunk to replica 4
replica 1 is forwarding chunk to replica 5
replica 1 is forwarding chunk to replica 6
Decoded original proposal, time: 2022-11-27 04:38:03.150299196 +0000 UTC m=+6.338751624 header hash: [112 240 93 77 174 234 64 155 158 20 106 227 158 234 134 149 230 112 20 24 127 150 17 128 149 69 129 124 42 247 80 171]
2022-11-27T04:38:03.150Z	DEBUG	replica=1	coded-hotterstuff/consensus.go:576	received proposal	{"CURRENT VIEW": 2, "msg": "proposal", "header view": 2, "prepare view": 1, "hash": "cPBdTa7qQJueFGrjnuqGleZwFBh/lhGAlUWBfCr3UKs=", "parent": "SKC06ZXnbItnYZVTxXLWgGtuTOc9zSoSvlJWhQRO6/8="}
2022-11-27T04:38:03.158Z	DEBUG	replica=1	coded-hotterstuff/consensus.go:782	could not find ggparent header	{"CURRENT VIEW": 2, "view": 0, "hash": "GZWDhiYW+ib6TpJWRLDOftUd8y8ovAaEerQWDbefS7c="}
replica 1 is forwarding chunk to replica 0
replica 1 is forwarding chunk to replica 2
replica 1 is forwarding chunk to replica 4
replica 1 is forwarding chunk to replica 5
replica 1 is forwarding chunk to replica 6
Decoded original proposal, time: 2022-11-27 04:38:05.950923741 +0000 UTC m=+9.139376163 header hash: [112 177 115 22 63 1 229 2 188 132 41 134 91 243 148 216 155 140 26 48 57 5 100 136 252 109 95 105 67 73 234 227]
2022-11-27T04:38:05.950Z	DEBUG	replica=1	coded-hotterstuff/consensus.go:576	received proposal	{"CURRENT VIEW": 2, "msg": "proposal", "header view": 3, "prepare view": 1, "hash": "cLFzFj8B5QK8hCmGW/OU2JuMGjA5BWSI/G1faUNJ6uM=", "parent": "cPBdTa7qQJueFGrjnuqGleZwFBh/lhGAlUWBfCr3UKs="}
2022-11-27T04:38:05.958Z	DEBUG	replica=1	coded-hotterstuff/consensus.go:809	new block certified	{"CURRENT VIEW": 2, "view": 2, "hash": "cPBdTa7qQJueFGrjnuqGleZwFBh/lhGAlUWBfCr3UKs="}
2022-11-27T04:38:05.959Z	DEBUG	replica=1	coded-hotterstuff/consensus.go:520	entered new view	{"CURRENT VIEW": 3, "view timeout": 2, "timedout": false}
2022-11-27T04:38:05.959Z	DEBUG	replica=1	coded-hotterstuff/consensus.go:788	new block locked	{"CURRENT VIEW": 3, "view": 1, "hash": "SKC06ZXnbItnYZVTxXLWgGtuTOc9zSoSvlJWhQRO6/8="}
2022-11-27T04:38:05.960Z	DEBUG	replica=1	coded-hotterstuff/consensus.go:678	proposal is safe to vote on	{"CURRENT VIEW": 2, "msg": "proposal", "header view": 3, "prepare view": 1, "hash": "cLFzFj8B5QK8hCmGW/OU2JuMGjA5BWSI/G1faUNJ6uM=", "parent": "cPBdTa7qQJueFGrjnuqGleZwFBh/lhGAlUWBfCr3UKs="}
replica 1 is forwarding chunk to replica 0
replica 1 is forwarding chunk to replica 2
replica 1 is forwarding chunk to replica 4
replica 1 is forwarding chunk to replica 5
replica 1 is forwarding chunk to replica 6
Decoded original proposal, time: 2022-11-27 04:38:07.136563012 +0000 UTC m=+10.325015482 header hash: [112 177 115 22 63 1 229 2 188 132 41 134 91 243 148 216 155 140 26 48 57 5 100 136 252 109 95 105 67 73 234 227]
2022-11-27T04:38:07.136Z	DEBUG	replica=1	coded-hotterstuff/consensus.go:576	received proposal	{"CURRENT VIEW": 3, "msg": "proposal", "header view": 3, "prepare view": 2, "hash": "cLFzFj8B5QK8hCmGW/OU2JuMGjA5BWSI/G1faUNJ6uM=", "parent": "cPBdTa7qQJueFGrjnuqGleZwFBh/lhGAlUWBfCr3UKs="}
replica 1 is forwarding chunk to replica 0
replica 1 is forwarding chunk to replica 2
replica 1 is forwarding chunk to replica 4
replica 1 is forwarding chunk to replica 5
replica 1 is forwarding chunk to replica 6
Decoded original proposal, time: 2022-11-27 04:38:08.375619932 +0000 UTC m=+11.564072398 header hash: [112 177 115 22 63 1 229 2 188 132 41 134 91 243 148 216 155 140 26 48 57 5 100 136 252 109 95 105 67 73 234 227]
2022-11-27T04:38:08.375Z	DEBUG	replica=1	coded-hotterstuff/consensus.go:576	received proposal	{"CURRENT VIEW": 3, "msg": "proposal", "header view": 3, "prepare view": 2, "hash": "cLFzFj8B5QK8hCmGW/OU2JuMGjA5BWSI/G1faUNJ6uM=", "parent": "cPBdTa7qQJueFGrjnuqGleZwFBh/lhGAlUWBfCr3UKs="}
replica 1 is forwarding chunk to replica 0
replica 1 is forwarding chunk to replica 2
replica 1 is forwarding chunk to replica 3
replica 1 is forwarding chunk to replica 5
replica 1 is forwarding chunk to replica 6
Decoded original proposal, time: 2022-11-27 04:38:10.212668029 +0000 UTC m=+13.401120501 header hash: [241 106 152 62 46 209 156 146 237 16 116 52 193 237 0 80 85 192 166 182 15 238 2 99 236 42 182 26 232 130 25 190]
2022-11-27T04:38:10.212Z	DEBUG	replica=1	coded-hotterstuff/consensus.go:576	received proposal	{"CURRENT VIEW": 3, "msg": "proposal", "header view": 4, "prepare view": 2, "hash": "8WqYPi7RnJLtEHQ0we0AUFXAprYP7gJj7Cq2GuiCGb4=", "parent": "cLFzFj8B5QK8hCmGW/OU2JuMGjA5BWSI/G1faUNJ6uM="}
2022-11-27T04:38:10.221Z	DEBUG	replica=1	coded-hotterstuff/consensus.go:809	new block certified	{"CURRENT VIEW": 3, "view": 3, "hash": "cLFzFj8B5QK8hCmGW/OU2JuMGjA5BWSI/G1faUNJ6uM="}
2022-11-27T04:38:10.221Z	DEBUG	replica=1	coded-hotterstuff/consensus.go:520	entered new view	{"CURRENT VIEW": 4, "view timeout": 2, "timedout": false}
2022-11-27T04:38:10.221Z	DEBUG	replica=1	coded-hotterstuff/consensus.go:788	new block locked	{"CURRENT VIEW": 4, "view": 2, "hash": "cPBdTa7qQJueFGrjnuqGleZwFBh/lhGAlUWBfCr3UKs="}
2022-11-27T04:38:10.221Z	INFO	replica=1	coded-hotterstuff/consensus.go:797	new block commited	{"CURRENT VIEW": 4, "view": 1, "hash": "SKC06ZXnbItnYZVTxXLWgGtuTOc9zSoSvlJWhQRO6/8="}
2022-11-27T04:38:10.223Z	DEBUG	replica=1	coded-hotterstuff/consensus.go:678	proposal is safe to vote on	{"CURRENT VIEW": 3, "msg": "proposal", "header view": 4, "prepare view": 2, "hash": "8WqYPi7RnJLtEHQ0we0AUFXAprYP7gJj7Cq2GuiCGb4=", "parent": "cLFzFj8B5QK8hCmGW/OU2JuMGjA5BWSI/G1faUNJ6uM="}
Node  1 +1 block finalized at time:  2022-11-27 04:38:10.225875227 +0000 UTC m=+13.414327637
replica 1 is forwarding chunk to replica 0
replica 1 is forwarding chunk to replica 2
replica 1 is forwarding chunk to replica 3
replica 1 is forwarding chunk to replica 4
replica 1 is forwarding chunk to replica 6
replica 1 is forwarding chunk to replica 0
replica 1 is forwarding chunk to replica 2
replica 1 is forwarding chunk to replica 3
replica 1 is forwarding chunk to replica 5
replica 1 is forwarding chunk to replica 6
Decoded original proposal, time: 2022-11-27 04:38:12.010782229 +0000 UTC m=+15.199234736 header hash: [241 106 152 62 46 209 156 146 237 16 116 52 193 237 0 80 85 192 166 182 15 238 2 99 236 42 182 26 232 130 25 190]
2022-11-27T04:38:12.010Z	DEBUG	replica=1	coded-hotterstuff/consensus.go:576	received proposal	{"CURRENT VIEW": 4, "msg": "proposal", "header view": 4, "prepare view": 3, "hash": "8WqYPi7RnJLtEHQ0we0AUFXAprYP7gJj7Cq2GuiCGb4=", "parent": "cLFzFj8B5QK8hCmGW/OU2JuMGjA5BWSI/G1faUNJ6uM="}
replica 1 is forwarding chunk to replica 0
replica 1 is forwarding chunk to replica 2
replica 1 is forwarding chunk to replica 3
replica 1 is forwarding chunk to replica 4
replica 1 is forwarding chunk to replica 6
replica 1 is forwarding chunk to replica 0
replica 1 is forwarding chunk to replica 2
replica 1 is forwarding chunk to replica 3
replica 1 is forwarding chunk to replica 5
replica 1 is forwarding chunk to replica 6
Decoded original proposal, time: 2022-11-27 04:38:13.503426123 +0000 UTC m=+16.691878593 header hash: [142 10 227 234 199 14 168 203 47 218 211 136 230 41 94 109 68 52 16 5 27 142 16 70 5 23 250 1 182 25 221 148]
2022-11-27T04:38:13.503Z	DEBUG	replica=1	coded-hotterstuff/consensus.go:576	received proposal	{"CURRENT VIEW": 4, "msg": "proposal", "header view": 5, "prepare view": 3, "hash": "jgrj6scOqMsv2tOI5ilebUQ0EAUbjhBGBRf6AbYZ3ZQ=", "parent": "8WqYPi7RnJLtEHQ0we0AUFXAprYP7gJj7Cq2GuiCGb4="}
2022-11-27T04:38:13.511Z	DEBUG	replica=1	coded-hotterstuff/consensus.go:809	new block certified	{"CURRENT VIEW": 4, "view": 4, "hash": "8WqYPi7RnJLtEHQ0we0AUFXAprYP7gJj7Cq2GuiCGb4="}
2022-11-27T04:38:13.511Z	DEBUG	replica=1	coded-hotterstuff/consensus.go:520	entered new view	{"CURRENT VIEW": 5, "view timeout": 2, "timedout": false}
2022-11-27T04:38:13.511Z	DEBUG	replica=1	coded-hotterstuff/consensus.go:788	new block locked	{"CURRENT VIEW": 5, "view": 3, "hash": "cLFzFj8B5QK8hCmGW/OU2JuMGjA5BWSI/G1faUNJ6uM="}
2022-11-27T04:38:13.511Z	INFO	replica=1	coded-hotterstuff/consensus.go:797	new block commited	{"CURRENT VIEW": 5, "view": 2, "hash": "cPBdTa7qQJueFGrjnuqGleZwFBh/lhGAlUWBfCr3UKs="}
2022-11-27T04:38:13.513Z	DEBUG	replica=1	coded-hotterstuff/consensus.go:678	proposal is safe to vote on	{"CURRENT VIEW": 4, "msg": "proposal", "header view": 5, "prepare view": 3, "hash": "jgrj6scOqMsv2tOI5ilebUQ0EAUbjhBGBRf6AbYZ3ZQ=", "parent": "8WqYPi7RnJLtEHQ0we0AUFXAprYP7gJj7Cq2GuiCGb4="}
Node  1 +1 block finalized at time:  2022-11-27 04:38:13.517348998 +0000 UTC m=+16.705801418
replica 1 is forwarding chunk to replica 0
replica 1 is forwarding chunk to replica 2
replica 1 is forwarding chunk to replica 3
replica 1 is forwarding chunk to replica 4
replica 1 is forwarding chunk to replica 6
Decoded original proposal, time: 2022-11-27 04:38:14.86444222 +0000 UTC m=+18.052894689 header hash: [241 106 152 62 46 209 156 146 237 16 116 52 193 237 0 80 85 192 166 182 15 238 2 99 236 42 182 26 232 130 25 190]
2022-11-27T04:38:14.864Z	DEBUG	replica=1	coded-hotterstuff/consensus.go:576	received proposal	{"CURRENT VIEW": 5, "msg": "proposal", "header view": 4, "prepare view": 4, "hash": "8WqYPi7RnJLtEHQ0we0AUFXAprYP7gJj7Cq2GuiCGb4=", "parent": "cLFzFj8B5QK8hCmGW/OU2JuMGjA5BWSI/G1faUNJ6uM="}
2022-11-27T04:38:14.873Z	DEBUG	replica=1	coded-hotterstuff/consensus.go:667	proposal view doesn't match local view	{"CURRENT VIEW": 5, "msg": "proposal", "header view": 4, "prepare view": 4, "hash": "8WqYPi7RnJLtEHQ0we0AUFXAprYP7gJj7Cq2GuiCGb4=", "parent": "cLFzFj8B5QK8hCmGW/OU2JuMGjA5BWSI/G1faUNJ6uM="}
Decoded original proposal, time: 2022-11-27 04:38:15.189418321 +0000 UTC m=+18.377870747 header hash: [142 10 227 234 199 14 168 203 47 218 211 136 230 41 94 109 68 52 16 5 27 142 16 70 5 23 250 1 182 25 221 148]
2022-11-27T04:38:15.189Z	DEBUG	replica=1	coded-hotterstuff/consensus.go:576	received proposal	{"CURRENT VIEW": 5, "msg": "proposal", "header view": 5, "prepare view": 4, "hash": "jgrj6scOqMsv2tOI5ilebUQ0EAUbjhBGBRf6AbYZ3ZQ=", "parent": "8WqYPi7RnJLtEHQ0we0AUFXAprYP7gJj7Cq2GuiCGb4="}
Decoded original proposal, time: 2022-11-27 04:38:16.407818705 +0000 UTC m=+19.596271123 header hash: [142 10 227 234 199 14 168 203 47 218 211 136 230 41 94 109 68 52 16 5 27 142 16 70 5 23 250 1 182 25 221 148]
2022-11-27T04:38:16.407Z	DEBUG	replica=1	coded-hotterstuff/consensus.go:576	received proposal	{"CURRENT VIEW": 5, "msg": "proposal", "header view": 5, "prepare view": 4, "hash": "jgrj6scOqMsv2tOI5ilebUQ0EAUbjhBGBRf6AbYZ3ZQ=", "parent": "8WqYPi7RnJLtEHQ0we0AUFXAprYP7gJj7Cq2GuiCGb4="}
replica 1 is forwarding chunk to replica 0
replica 1 is forwarding chunk to replica 2
replica 1 is forwarding chunk to replica 3
replica 1 is forwarding chunk to replica 4
replica 1 is forwarding chunk to replica 5
Decoded original proposal, time: 2022-11-27 04:38:17.836524974 +0000 UTC m=+21.024977464 header hash: [144 90 124 249 42 55 49 193 182 202 159 220 172 15 148 92 178 123 123 95 139 252 214 157 36 122 219 17 149 62 178 46]
2022-11-27T04:38:17.836Z	DEBUG	replica=1	coded-hotterstuff/consensus.go:576	received proposal	{"CURRENT VIEW": 5, "msg": "proposal", "header view": 6, "prepare view": 4, "hash": "kFp8+So3McG2yp/crA+UXLJ7e1+L/NadJHrbEZU+si4=", "parent": "jgrj6scOqMsv2tOI5ilebUQ0EAUbjhBGBRf6AbYZ3ZQ="}
2022-11-27T04:38:17.844Z	DEBUG	replica=1	coded-hotterstuff/consensus.go:809	new block certified	{"CURRENT VIEW": 5, "view": 5, "hash": "jgrj6scOqMsv2tOI5ilebUQ0EAUbjhBGBRf6AbYZ3ZQ="}
2022-11-27T04:38:17.844Z	DEBUG	replica=1	coded-hotterstuff/consensus.go:520	entered new view	{"CURRENT VIEW": 6, "view timeout": 2, "timedout": false}
2022-11-27T04:38:17.844Z	DEBUG	replica=1	coded-hotterstuff/consensus.go:788	new block locked	{"CURRENT VIEW": 6, "view": 4, "hash": "8WqYPi7RnJLtEHQ0we0AUFXAprYP7gJj7Cq2GuiCGb4="}
2022-11-27T04:38:17.844Z	INFO	replica=1	coded-hotterstuff/consensus.go:797	new block commited	{"CURRENT VIEW": 6, "view": 3, "hash": "cLFzFj8B5QK8hCmGW/OU2JuMGjA5BWSI/G1faUNJ6uM="}
2022-11-27T04:38:17.845Z	DEBUG	replica=1	coded-hotterstuff/consensus.go:678	proposal is safe to vote on	{"CURRENT VIEW": 5, "msg": "proposal", "header view": 6, "prepare view": 4, "hash": "kFp8+So3McG2yp/crA+UXLJ7e1+L/NadJHrbEZU+si4=", "parent": "jgrj6scOqMsv2tOI5ilebUQ0EAUbjhBGBRf6AbYZ3ZQ="}
Node  1 +1 block finalized at time:  2022-11-27 04:38:17.847589601 +0000 UTC m=+21.036042023
replica 1 is forwarding chunk to replica 0
replica 1 is forwarding chunk to replica 2
replica 1 is forwarding chunk to replica 3
replica 1 is forwarding chunk to replica 4
replica 1 is forwarding chunk to replica 5
Decoded original proposal, time: 2022-11-27 04:38:20.16663648 +0000 UTC m=+23.355088946 header hash: [144 90 124 249 42 55 49 193 182 202 159 220 172 15 148 92 178 123 123 95 139 252 214 157 36 122 219 17 149 62 178 46]
2022-11-27T04:38:20.166Z	DEBUG	replica=1	coded-hotterstuff/consensus.go:576	received proposal	{"CURRENT VIEW": 6, "msg": "proposal", "header view": 6, "prepare view": 5, "hash": "kFp8+So3McG2yp/crA+UXLJ7e1+L/NadJHrbEZU+si4=", "parent": "jgrj6scOqMsv2tOI5ilebUQ0EAUbjhBGBRf6AbYZ3ZQ="}
replica 1 is forwarding chunk to replica 2
replica 1 is forwarding chunk to replica 3
replica 1 is forwarding chunk to replica 4
replica 1 is forwarding chunk to replica 5
replica 1 is forwarding chunk to replica 6
2022-11-27T04:38:20.223Z	DEBUG	replica=1	coded-hotterstuff/consensus.go:965	received vote	{"CURRENT VIEW": 6, "msg": "vote", "voter": 0, "view": 6, "hash": "UrpGBauqox/y7djWW1+uYAk4lnjGCoti5rxDg06dPA8="}
Node  1  received vote before proposal, saving vote in pending votes, hash is  [82 186 70 5 171 170 163 31 242 237 216 214 91 95 174 96 9 56 150 120 198 10 139 98 230 188 67 131 78 157 60 15]  and string is,  7
2022-11-27T04:38:20.223Z	DEBUG	replica=1	coded-hotterstuff/consensus.go:970	Received vote before proposal, key is, 7	{"CURRENT VIEW": 6}
replica 1 is forwarding chunk to replica 0
replica 1 is forwarding chunk to replica 2
replica 1 is forwarding chunk to replica 3
replica 1 is forwarding chunk to replica 4
replica 1 is forwarding chunk to replica 5
Decoded original proposal, time: 2022-11-27 04:38:21.325613249 +0000 UTC m=+24.514065676 header hash: [144 90 124 249 42 55 49 193 182 202 159 220 172 15 148 92 178 123 123 95 139 252 214 157 36 122 219 17 149 62 178 46]
2022-11-27T04:38:21.325Z	DEBUG	replica=1	coded-hotterstuff/consensus.go:576	received proposal	{"CURRENT VIEW": 6, "msg": "proposal", "header view": 6, "prepare view": 5, "hash": "kFp8+So3McG2yp/crA+UXLJ7e1+L/NadJHrbEZU+si4=", "parent": "jgrj6scOqMsv2tOI5ilebUQ0EAUbjhBGBRf6AbYZ3ZQ="}
Decoded original proposal, time: 2022-11-27 04:38:22.220603959 +0000 UTC m=+25.409056431 header hash: [82 186 70 5 171 170 163 31 242 237 216 214 91 95 174 96 9 56 150 120 198 10 139 98 230 188 67 131 78 157 60 15]
2022-11-27T04:38:22.220Z	DEBUG	replica=1	coded-hotterstuff/consensus.go:576	received proposal	{"CURRENT VIEW": 6, "msg": "proposal", "header view": 7, "prepare view": 5, "hash": "UrpGBauqox/y7djWW1+uYAk4lnjGCoti5rxDg06dPA8=", "parent": "kFp8+So3McG2yp/crA+UXLJ7e1+L/NadJHrbEZU+si4="}
2022-11-27T04:38:22.228Z	DEBUG	replica=1	coded-hotterstuff/consensus.go:809	new block certified	{"CURRENT VIEW": 6, "view": 6, "hash": "kFp8+So3McG2yp/crA+UXLJ7e1+L/NadJHrbEZU+si4="}
2022-11-27T04:38:22.228Z	DEBUG	replica=1	coded-hotterstuff/consensus.go:520	entered new view	{"CURRENT VIEW": 7, "view timeout": 2, "timedout": false}
2022-11-27T04:38:22.228Z	DEBUG	replica=1	coded-hotterstuff/consensus.go:535	replica is a leader for next view. collecting new-view messages	{"CURRENT VIEW": 7}
2022-11-27T04:38:22.228Z	DEBUG	replica=1	coded-hotterstuff/consensus.go:788	new block locked	{"CURRENT VIEW": 7, "view": 5, "hash": "jgrj6scOqMsv2tOI5ilebUQ0EAUbjhBGBRf6AbYZ3ZQ="}
2022-11-27T04:38:22.229Z	INFO	replica=1	coded-hotterstuff/consensus.go:797	new block commited	{"CURRENT VIEW": 7, "view": 4, "hash": "8WqYPi7RnJLtEHQ0we0AUFXAprYP7gJj7Cq2GuiCGb4="}
2022-11-27T04:38:22.232Z	DEBUG	replica=1	coded-hotterstuff/consensus.go:678	proposal is safe to vote on	{"CURRENT VIEW": 6, "msg": "proposal", "header view": 7, "prepare view": 5, "hash": "UrpGBauqox/y7djWW1+uYAk4lnjGCoti5rxDg06dPA8=", "parent": "kFp8+So3McG2yp/crA+UXLJ7e1+L/NadJHrbEZU+si4="}
2022-11-27T04:38:22.232Z	DEBUG	replica=1	coded-hotterstuff/consensus.go:758	Taking care of pending vote 7	{"CURRENT VIEW": 7}
2022-11-27T04:38:22.232Z	DEBUG	replica=1	coded-hotterstuff/consensus.go:965	received vote	{"CURRENT VIEW": 7, "msg": "vote", "voter": 0, "view": 7, "hash": "UrpGBauqox/y7djWW1+uYAk4lnjGCoti5rxDg06dPA8="}
2022-11-27T04:38:22.238Z	DEBUG	replica=1	coded-hotterstuff/consensus.go:965	received vote	{"CURRENT VIEW": 7, "msg": "vote", "voter": 1, "view": 7, "hash": "UrpGBauqox/y7djWW1+uYAk4lnjGCoti5rxDg06dPA8="}
2022-11-27T04:38:22.243Z	DEBUG	replica=1	coded-hotterstuff/consensus.go:965	received vote	{"CURRENT VIEW": 7, "msg": "vote", "voter": 3, "view": 7, "hash": "UrpGBauqox/y7djWW1+uYAk4lnjGCoti5rxDg06dPA8="}
Node  1 +1 block finalized at time:  2022-11-27 04:38:22.248888857 +0000 UTC m=+25.437341282
2022-11-27T04:38:22.347Z	DEBUG	replica=1	coded-hotterstuff/consensus.go:965	received vote	{"CURRENT VIEW": 7, "msg": "vote", "voter": 6, "view": 7, "hash": "UrpGBauqox/y7djWW1+uYAk4lnjGCoti5rxDg06dPA8="}
2022-11-27T04:38:22.374Z	DEBUG	replica=1	coded-hotterstuff/consensus.go:965	received vote	{"CURRENT VIEW": 7, "msg": "vote", "voter": 5, "view": 7, "hash": "UrpGBauqox/y7djWW1+uYAk4lnjGCoti5rxDg06dPA8="}
2022-11-27T04:38:22.379Z	DEBUG	replica=1	coded-hotterstuff/consensus.go:809	new block certified	{"CURRENT VIEW": 7, "view": 7, "hash": "UrpGBauqox/y7djWW1+uYAk4lnjGCoti5rxDg06dPA8="}
2022-11-27T04:38:22.379Z	DEBUG	replica=1	coded-hotterstuff/consensus.go:520	entered new view	{"CURRENT VIEW": 8, "view timeout": 2, "timedout": false}
2022-11-27T04:38:22.379Z	DEBUG	replica=1	coded-hotterstuff/consensus.go:544	replica is a leader for this view. waiting for data	{"CURRENT VIEW": 8}
2022-11-27T04:38:22.379Z	DEBUG	replica=1	coded-hotterstuff/consensus.go:520	entered new view	{"CURRENT VIEW": 8, "view timeout": 2, "timedout": false}
2022-11-27T04:38:22.379Z	DEBUG	replica=1	coded-hotterstuff/consensus.go:544	replica is a leader for this view. waiting for data	{"CURRENT VIEW": 8}
2022-11-27T04:38:22.383Z	DEBUG	replica=1	coded-hotterstuff/consensus.go:238	sending proposal	{"CURRENT VIEW": 8, "hash": "CdTNHG77L/KNb6fxbFkMI5vefUtOuAcj6xhNSmb/gws=", "parent": "UrpGBauqox/y7djWW1+uYAk4lnjGCoti5rxDg06dPA8=", "signer": 1}
2022-11-27T04:38:22.384Z	DEBUG	replica=1	coded-hotterstuff/consensus.go:576	received proposal	{"CURRENT VIEW": 8, "msg": "proposal", "header view": 8, "prepare view": 7, "hash": "CdTNHG77L/KNb6fxbFkMI5vefUtOuAcj6xhNSmb/gws=", "parent": "UrpGBauqox/y7djWW1+uYAk4lnjGCoti5rxDg06dPA8="}
2022-11-27T04:38:22.392Z	DEBUG	replica=1	coded-hotterstuff/consensus.go:788	new block locked	{"CURRENT VIEW": 8, "view": 6, "hash": "kFp8+So3McG2yp/crA+UXLJ7e1+L/NadJHrbEZU+si4="}
2022-11-27T04:38:22.392Z	INFO	replica=1	coded-hotterstuff/consensus.go:797	new block commited	{"CURRENT VIEW": 8, "view": 5, "hash": "jgrj6scOqMsv2tOI5ilebUQ0EAUbjhBGBRf6AbYZ3ZQ="}
2022-11-27T04:38:22.393Z	DEBUG	replica=1	coded-hotterstuff/consensus.go:678	proposal is safe to vote on	{"CURRENT VIEW": 8, "msg": "proposal", "header view": 8, "prepare view": 7, "hash": "CdTNHG77L/KNb6fxbFkMI5vefUtOuAcj6xhNSmb/gws=", "parent": "UrpGBauqox/y7djWW1+uYAk4lnjGCoti5rxDg06dPA8="}
Node  1 +1 block finalized at time:  2022-11-27 04:38:22.395399979 +0000 UTC m=+25.583852398
2022-11-27T04:38:22.413Z	DEBUG	replica=1	coded-hotterstuff/consensus.go:965	received vote	{"CURRENT VIEW": 8, "msg": "vote", "voter": 4, "view": 8, "hash": "UrpGBauqox/y7djWW1+uYAk4lnjGCoti5rxDg06dPA8="}
2022-11-27T04:38:22.418Z	DEBUG	replica=1	coded-hotterstuff/consensus.go:520	entered new view	{"CURRENT VIEW": 8, "view timeout": 2, "timedout": false}
2022-11-27T04:38:22.418Z	DEBUG	replica=1	coded-hotterstuff/consensus.go:544	replica is a leader for this view. waiting for data	{"CURRENT VIEW": 8}
2022-11-27T04:38:22.421Z	DEBUG	replica=1	coded-hotterstuff/consensus.go:238	sending proposal	{"CURRENT VIEW": 8, "hash": "CdTNHG77L/KNb6fxbFkMI5vefUtOuAcj6xhNSmb/gws=", "parent": "UrpGBauqox/y7djWW1+uYAk4lnjGCoti5rxDg06dPA8=", "signer": 1}
2022-11-27T04:38:22.422Z	DEBUG	replica=1	coded-hotterstuff/consensus.go:576	received proposal	{"CURRENT VIEW": 8, "msg": "proposal", "header view": 8, "prepare view": 7, "hash": "CdTNHG77L/KNb6fxbFkMI5vefUtOuAcj6xhNSmb/gws=", "parent": "UrpGBauqox/y7djWW1+uYAk4lnjGCoti5rxDg06dPA8="}
replica 1 is forwarding chunk to replica 2
replica 1 is forwarding chunk to replica 3
replica 1 is forwarding chunk to replica 4
replica 1 is forwarding chunk to replica 5
replica 1 is forwarding chunk to replica 6
2022-11-27T04:38:23.655Z	DEBUG	replica=1	coded-hotterstuff/consensus.go:965	received vote	{"CURRENT VIEW": 8, "msg": "vote", "voter": 2, "view": 8, "hash": "UrpGBauqox/y7djWW1+uYAk4lnjGCoti5rxDg06dPA8="}
2022-11-27T04:38:23.663Z	DEBUG	replica=1	coded-hotterstuff/consensus.go:520	entered new view	{"CURRENT VIEW": 8, "view timeout": 2, "timedout": false}
2022-11-27T04:38:23.663Z	DEBUG	replica=1	coded-hotterstuff/consensus.go:544	replica is a leader for this view. waiting for data	{"CURRENT VIEW": 8}
2022-11-27T04:38:23.668Z	DEBUG	replica=1	coded-hotterstuff/consensus.go:238	sending proposal	{"CURRENT VIEW": 8, "hash": "CdTNHG77L/KNb6fxbFkMI5vefUtOuAcj6xhNSmb/gws=", "parent": "UrpGBauqox/y7djWW1+uYAk4lnjGCoti5rxDg06dPA8=", "signer": 1}
2022-11-27T04:38:23.671Z	DEBUG	replica=1	coded-hotterstuff/consensus.go:576	received proposal	{"CURRENT VIEW": 8, "msg": "proposal", "header view": 8, "prepare view": 7, "hash": "CdTNHG77L/KNb6fxbFkMI5vefUtOuAcj6xhNSmb/gws=", "parent": "UrpGBauqox/y7djWW1+uYAk4lnjGCoti5rxDg06dPA8="}
Decoded original proposal, time: 2022-11-27 04:38:23.802085221 +0000 UTC m=+26.990537648 header hash: [82 186 70 5 171 170 163 31 242 237 216 214 91 95 174 96 9 56 150 120 198 10 139 98 230 188 67 131 78 157 60 15]
2022-11-27T04:38:23.802Z	DEBUG	replica=1	coded-hotterstuff/consensus.go:576	received proposal	{"CURRENT VIEW": 8, "msg": "proposal", "header view": 7, "prepare view": 7, "hash": "UrpGBauqox/y7djWW1+uYAk4lnjGCoti5rxDg06dPA8=", "parent": "kFp8+So3McG2yp/crA+UXLJ7e1+L/NadJHrbEZU+si4="}
2022-11-27T04:38:23.809Z	DEBUG	replica=1	coded-hotterstuff/consensus.go:667	proposal view doesn't match local view	{"CURRENT VIEW": 8, "msg": "proposal", "header view": 7, "prepare view": 7, "hash": "UrpGBauqox/y7djWW1+uYAk4lnjGCoti5rxDg06dPA8=", "parent": "kFp8+So3McG2yp/crA+UXLJ7e1+L/NadJHrbEZU+si4="}
replica 1 is forwarding chunk to replica 2
replica 1 is forwarding chunk to replica 3
replica 1 is forwarding chunk to replica 4
replica 1 is forwarding chunk to replica 5
replica 1 is forwarding chunk to replica 6
Decoded original proposal, time: 2022-11-27 04:38:25.399066221 +0000 UTC m=+28.587518689 header hash: [82 186 70 5 171 170 163 31 242 237 216 214 91 95 174 96 9 56 150 120 198 10 139 98 230 188 67 131 78 157 60 15]
2022-11-27T04:38:25.399Z	DEBUG	replica=1	coded-hotterstuff/consensus.go:576	received proposal	{"CURRENT VIEW": 8, "msg": "proposal", "header view": 7, "prepare view": 7, "hash": "UrpGBauqox/y7djWW1+uYAk4lnjGCoti5rxDg06dPA8=", "parent": "kFp8+So3McG2yp/crA+UXLJ7e1+L/NadJHrbEZU+si4="}
2022-11-27T04:38:25.406Z	DEBUG	replica=1	coded-hotterstuff/consensus.go:667	proposal view doesn't match local view	{"CURRENT VIEW": 8, "msg": "proposal", "header view": 7, "prepare view": 7, "hash": "UrpGBauqox/y7djWW1+uYAk4lnjGCoti5rxDg06dPA8=", "parent": "kFp8+So3McG2yp/crA+UXLJ7e1+L/NadJHrbEZU+si4="}
replica 1 is forwarding chunk to replica 0
replica 1 is forwarding chunk to replica 3
replica 1 is forwarding chunk to replica 4
replica 1 is forwarding chunk to replica 5
replica 1 is forwarding chunk to replica 6
replica 1 is forwarding chunk to replica 0
replica 1 is forwarding chunk to replica 3
replica 1 is forwarding chunk to replica 4
replica 1 is forwarding chunk to replica 5
replica 1 is forwarding chunk to replica 6
Decoded original proposal, time: 2022-11-27 04:38:30.470180626 +0000 UTC m=+33.658633096 header hash: [75 152 239 23 193 229 152 187 193 198 49 17 94 0 66 98 109 76 252 99 208 6 227 177 121 255 81 193 174 84 93 16]
2022-11-27T04:38:30.470Z	DEBUG	replica=1	coded-hotterstuff/consensus.go:576	received proposal	{"CURRENT VIEW": 8, "msg": "proposal", "header view": 9, "prepare view": 7, "hash": "S5jvF8HlmLvBxjERXgBCYm1M/GPQBuOxef9Rwa5UXRA=", "parent": "CdTNHG77L/KNb6fxbFkMI5vefUtOuAcj6xhNSmb/gws="}
2022-11-27T04:38:30.477Z	DEBUG	replica=1	coded-hotterstuff/consensus.go:809	new block certified	{"CURRENT VIEW": 8, "view": 8, "hash": "CdTNHG77L/KNb6fxbFkMI5vefUtOuAcj6xhNSmb/gws="}
2022-11-27T04:38:30.478Z	DEBUG	replica=1	coded-hotterstuff/consensus.go:520	entered new view	{"CURRENT VIEW": 9, "view timeout": 2, "timedout": false}
2022-11-27T04:38:30.478Z	DEBUG	replica=1	coded-hotterstuff/consensus.go:788	new block locked	{"CURRENT VIEW": 9, "view": 7, "hash": "UrpGBauqox/y7djWW1+uYAk4lnjGCoti5rxDg06dPA8="}
2022-11-27T04:38:30.478Z	INFO	replica=1	coded-hotterstuff/consensus.go:797	new block commited	{"CURRENT VIEW": 9, "view": 6, "hash": "kFp8+So3McG2yp/crA+UXLJ7e1+L/NadJHrbEZU+si4="}
2022-11-27T04:38:30.479Z	DEBUG	replica=1	coded-hotterstuff/consensus.go:678	proposal is safe to vote on	{"CURRENT VIEW": 8, "msg": "proposal", "header view": 9, "prepare view": 7, "hash": "S5jvF8HlmLvBxjERXgBCYm1M/GPQBuOxef9Rwa5UXRA=", "parent": "CdTNHG77L/KNb6fxbFkMI5vefUtOuAcj6xhNSmb/gws="}
Node  1 +1 block finalized at time:  2022-11-27 04:38:30.481980188 +0000 UTC m=+33.670432607
replica 1 is forwarding chunk to replica 0
replica 1 is forwarding chunk to replica 3
replica 1 is forwarding chunk to replica 4
replica 1 is forwarding chunk to replica 5
replica 1 is forwarding chunk to replica 6
Decoded original proposal, time: 2022-11-27 04:38:31.841188604 +0000 UTC m=+35.029641031 header hash: [75 152 239 23 193 229 152 187 193 198 49 17 94 0 66 98 109 76 252 99 208 6 227 177 121 255 81 193 174 84 93 16]
2022-11-27T04:38:31.841Z	DEBUG	replica=1	coded-hotterstuff/consensus.go:576	received proposal	{"CURRENT VIEW": 9, "msg": "proposal", "header view": 9, "prepare view": 8, "hash": "S5jvF8HlmLvBxjERXgBCYm1M/GPQBuOxef9Rwa5UXRA=", "parent": "CdTNHG77L/KNb6fxbFkMI5vefUtOuAcj6xhNSmb/gws="}
Decoded original proposal, time: 2022-11-27 04:38:32.940970017 +0000 UTC m=+36.129422488 header hash: [75 152 239 23 193 229 152 187 193 198 49 17 94 0 66 98 109 76 252 99 208 6 227 177 121 255 81 193 174 84 93 16]
2022-11-27T04:38:32.941Z	DEBUG	replica=1	coded-hotterstuff/consensus.go:576	received proposal	{"CURRENT VIEW": 9, "msg": "proposal", "header view": 9, "prepare view": 8, "hash": "S5jvF8HlmLvBxjERXgBCYm1M/GPQBuOxef9Rwa5UXRA=", "parent": "CdTNHG77L/KNb6fxbFkMI5vefUtOuAcj6xhNSmb/gws="}
replica 1 is forwarding chunk to replica 0
replica 1 is forwarding chunk to replica 2
replica 1 is forwarding chunk to replica 4
replica 1 is forwarding chunk to replica 5
replica 1 is forwarding chunk to replica 6
replica 1 is forwarding chunk to replica 0
replica 1 is forwarding chunk to replica 2
replica 1 is forwarding chunk to replica 4
replica 1 is forwarding chunk to replica 5
replica 1 is forwarding chunk to replica 6
Decoded original proposal, time: 2022-11-27 04:38:34.921297 +0000 UTC m=+38.109749427 header hash: [27 41 162 234 216 56 3 146 217 203 198 162 48 110 164 219 109 81 22 147 45 180 199 35 245 217 107 204 240 129 84 110]
2022-11-27T04:38:34.921Z	DEBUG	replica=1	coded-hotterstuff/consensus.go:576	received proposal	{"CURRENT VIEW": 9, "msg": "proposal", "header view": 10, "prepare view": 8, "hash": "Gymi6tg4A5LZy8aiMG6k221RFpMttMcj9dlrzPCBVG4=", "parent": "S5jvF8HlmLvBxjERXgBCYm1M/GPQBuOxef9Rwa5UXRA="}
2022-11-27T04:38:34.933Z	DEBUG	replica=1	coded-hotterstuff/consensus.go:809	new block certified	{"CURRENT VIEW": 9, "view": 9, "hash": "S5jvF8HlmLvBxjERXgBCYm1M/GPQBuOxef9Rwa5UXRA="}
2022-11-27T04:38:34.933Z	DEBUG	replica=1	coded-hotterstuff/consensus.go:520	entered new view	{"CURRENT VIEW": 10, "view timeout": 2, "timedout": false}
2022-11-27T04:38:34.933Z	DEBUG	replica=1	coded-hotterstuff/consensus.go:788	new block locked	{"CURRENT VIEW": 10, "view": 8, "hash": "CdTNHG77L/KNb6fxbFkMI5vefUtOuAcj6xhNSmb/gws="}
2022-11-27T04:38:34.933Z	INFO	replica=1	coded-hotterstuff/consensus.go:797	new block commited	{"CURRENT VIEW": 10, "view": 7, "hash": "UrpGBauqox/y7djWW1+uYAk4lnjGCoti5rxDg06dPA8="}
2022-11-27T04:38:34.934Z	DEBUG	replica=1	coded-hotterstuff/consensus.go:678	proposal is safe to vote on	{"CURRENT VIEW": 9, "msg": "proposal", "header view": 10, "prepare view": 8, "hash": "Gymi6tg4A5LZy8aiMG6k221RFpMttMcj9dlrzPCBVG4=", "parent": "S5jvF8HlmLvBxjERXgBCYm1M/GPQBuOxef9Rwa5UXRA="}
Node  1 +1 block finalized at time:  2022-11-27 04:38:34.937124544 +0000 UTC m=+38.125576953
Decoded original proposal, time: 2022-11-27 04:38:36.230469611 +0000 UTC m=+39.418922083 header hash: [27 41 162 234 216 56 3 146 217 203 198 162 48 110 164 219 109 81 22 147 45 180 199 35 245 217 107 204 240 129 84 110]
2022-11-27T04:38:36.230Z	DEBUG	replica=1	coded-hotterstuff/consensus.go:576	received proposal	{"CURRENT VIEW": 10, "msg": "proposal", "header view": 10, "prepare view": 9, "hash": "Gymi6tg4A5LZy8aiMG6k221RFpMttMcj9dlrzPCBVG4=", "parent": "S5jvF8HlmLvBxjERXgBCYm1M/GPQBuOxef9Rwa5UXRA="}
replica 1 is forwarding chunk to replica 0
replica 1 is forwarding chunk to replica 2
replica 1 is forwarding chunk to replica 4
replica 1 is forwarding chunk to replica 5
replica 1 is forwarding chunk to replica 6
replica 1 is forwarding chunk to replica 0
replica 1 is forwarding chunk to replica 2
replica 1 is forwarding chunk to replica 3
replica 1 is forwarding chunk to replica 5
replica 1 is forwarding chunk to replica 6
Decoded original proposal, time: 2022-11-27 04:38:38.197078276 +0000 UTC m=+41.385530707 header hash: [27 41 162 234 216 56 3 146 217 203 198 162 48 110 164 219 109 81 22 147 45 180 199 35 245 217 107 204 240 129 84 110]
2022-11-27T04:38:38.197Z	DEBUG	replica=1	coded-hotterstuff/consensus.go:576	received proposal	{"CURRENT VIEW": 10, "msg": "proposal", "header view": 10, "prepare view": 9, "hash": "Gymi6tg4A5LZy8aiMG6k221RFpMttMcj9dlrzPCBVG4=", "parent": "S5jvF8HlmLvBxjERXgBCYm1M/GPQBuOxef9Rwa5UXRA="}
replica 1 is forwarding chunk to replica 0
replica 1 is forwarding chunk to replica 2
replica 1 is forwarding chunk to replica 3
replica 1 is forwarding chunk to replica 5
replica 1 is forwarding chunk to replica 6
Decoded original proposal, time: 2022-11-27 04:38:39.375908361 +0000 UTC m=+42.564360833 header hash: [36 112 202 110 235 231 254 169 68 108 200 133 25 89 215 19 188 251 85 241 73 155 115 67 11 176 16 17 106 100 183 124]
2022-11-27T04:38:39.375Z	DEBUG	replica=1	coded-hotterstuff/consensus.go:576	received proposal	{"CURRENT VIEW": 10, "msg": "proposal", "header view": 11, "prepare view": 9, "hash": "JHDKbuvn/qlEbMiFGVnXE7z7VfFJm3NDC7AQEWpkt3w=", "parent": "Gymi6tg4A5LZy8aiMG6k221RFpMttMcj9dlrzPCBVG4="}
2022-11-27T04:38:39.383Z	DEBUG	replica=1	coded-hotterstuff/consensus.go:809	new block certified	{"CURRENT VIEW": 10, "view": 10, "hash": "Gymi6tg4A5LZy8aiMG6k221RFpMttMcj9dlrzPCBVG4="}
2022-11-27T04:38:39.383Z	DEBUG	replica=1	coded-hotterstuff/consensus.go:520	entered new view	{"CURRENT VIEW": 11, "view timeout": 2, "timedout": false}
2022-11-27T04:38:39.383Z	DEBUG	replica=1	coded-hotterstuff/consensus.go:788	new block locked	{"CURRENT VIEW": 11, "view": 9, "hash": "S5jvF8HlmLvBxjERXgBCYm1M/GPQBuOxef9Rwa5UXRA="}
2022-11-27T04:38:39.383Z	INFO	replica=1	coded-hotterstuff/consensus.go:797	new block commited	{"CURRENT VIEW": 11, "view": 8, "hash": "CdTNHG77L/KNb6fxbFkMI5vefUtOuAcj6xhNSmb/gws="}
2022-11-27T04:38:39.384Z	DEBUG	replica=1	coded-hotterstuff/consensus.go:678	proposal is safe to vote on	{"CURRENT VIEW": 10, "msg": "proposal", "header view": 11, "prepare view": 9, "hash": "JHDKbuvn/qlEbMiFGVnXE7z7VfFJm3NDC7AQEWpkt3w=", "parent": "Gymi6tg4A5LZy8aiMG6k221RFpMttMcj9dlrzPCBVG4="}
Node  1 +1 block finalized at time:  2022-11-27 04:38:39.386808983 +0000 UTC m=+42.575261406
replica 1 is forwarding chunk to replica 0
replica 1 is forwarding chunk to replica 2
replica 1 is forwarding chunk to replica 3
replica 1 is forwarding chunk to replica 5
replica 1 is forwarding chunk to replica 6
Decoded original proposal, time: 2022-11-27 04:38:40.657458763 +0000 UTC m=+43.845911231 header hash: [36 112 202 110 235 231 254 169 68 108 200 133 25 89 215 19 188 251 85 241 73 155 115 67 11 176 16 17 106 100 183 124]
2022-11-27T04:38:40.657Z	DEBUG	replica=1	coded-hotterstuff/consensus.go:576	received proposal	{"CURRENT VIEW": 11, "msg": "proposal", "header view": 11, "prepare view": 10, "hash": "JHDKbuvn/qlEbMiFGVnXE7z7VfFJm3NDC7AQEWpkt3w=", "parent": "Gymi6tg4A5LZy8aiMG6k221RFpMttMcj9dlrzPCBVG4="}
Decoded original proposal, time: 2022-11-27 04:38:41.780658921 +0000 UTC m=+44.969111385 header hash: [36 112 202 110 235 231 254 169 68 108 200 133 25 89 215 19 188 251 85 241 73 155 115 67 11 176 16 17 106 100 183 124]
2022-11-27T04:38:41.780Z	DEBUG	replica=1	coded-hotterstuff/consensus.go:576	received proposal	{"CURRENT VIEW": 11, "msg": "proposal", "header view": 11, "prepare view": 10, "hash": "JHDKbuvn/qlEbMiFGVnXE7z7VfFJm3NDC7AQEWpkt3w=", "parent": "Gymi6tg4A5LZy8aiMG6k221RFpMttMcj9dlrzPCBVG4="}
replica 1 is forwarding chunk to replica 0
replica 1 is forwarding chunk to replica 2
replica 1 is forwarding chunk to replica 3
replica 1 is forwarding chunk to replica 4
replica 1 is forwarding chunk to replica 6
Decoded original proposal, time: 2022-11-27 04:38:43.51472324 +0000 UTC m=+46.703175741 header hash: [225 164 165 204 236 180 59 151 178 38 118 190 136 53 193 22 146 46 81 162 175 160 6 50 132 174 159 221 166 0 223 96]
2022-11-27T04:38:43.514Z	DEBUG	replica=1	coded-hotterstuff/consensus.go:576	received proposal	{"CURRENT VIEW": 11, "msg": "proposal", "header view": 12, "prepare view": 10, "hash": "4aSlzOy0O5eyJna+iDXBFpIuUaKvoAYyhK6f3aYA32A=", "parent": "JHDKbuvn/qlEbMiFGVnXE7z7VfFJm3NDC7AQEWpkt3w="}
2022-11-27T04:38:43.522Z	DEBUG	replica=1	coded-hotterstuff/consensus.go:809	new block certified	{"CURRENT VIEW": 11, "view": 11, "hash": "JHDKbuvn/qlEbMiFGVnXE7z7VfFJm3NDC7AQEWpkt3w="}
2022-11-27T04:38:43.522Z	DEBUG	replica=1	coded-hotterstuff/consensus.go:520	entered new view	{"CURRENT VIEW": 12, "view timeout": 2, "timedout": false}
2022-11-27T04:38:43.522Z	DEBUG	replica=1	coded-hotterstuff/consensus.go:788	new block locked	{"CURRENT VIEW": 12, "view": 10, "hash": "Gymi6tg4A5LZy8aiMG6k221RFpMttMcj9dlrzPCBVG4="}
2022-11-27T04:38:43.522Z	INFO	replica=1	coded-hotterstuff/consensus.go:797	new block commited	{"CURRENT VIEW": 12, "view": 9, "hash": "S5jvF8HlmLvBxjERXgBCYm1M/GPQBuOxef9Rwa5UXRA="}
2022-11-27T04:38:43.523Z	DEBUG	replica=1	coded-hotterstuff/consensus.go:678	proposal is safe to vote on	{"CURRENT VIEW": 11, "msg": "proposal", "header view": 12, "prepare view": 10, "hash": "4aSlzOy0O5eyJna+iDXBFpIuUaKvoAYyhK6f3aYA32A=", "parent": "JHDKbuvn/qlEbMiFGVnXE7z7VfFJm3NDC7AQEWpkt3w="}
Node  1 +1 block finalized at time:  2022-11-27 04:38:43.525472158 +0000 UTC m=+46.713924568
replica 1 is forwarding chunk to replica 0
replica 1 is forwarding chunk to replica 2
replica 1 is forwarding chunk to replica 3
replica 1 is forwarding chunk to replica 4
replica 1 is forwarding chunk to replica 6
Decoded original proposal, time: 2022-11-27 04:38:44.770136012 +0000 UTC m=+47.958588480 header hash: [225 164 165 204 236 180 59 151 178 38 118 190 136 53 193 22 146 46 81 162 175 160 6 50 132 174 159 221 166 0 223 96]
2022-11-27T04:38:44.770Z	DEBUG	replica=1	coded-hotterstuff/consensus.go:576	received proposal	{"CURRENT VIEW": 12, "msg": "proposal", "header view": 12, "prepare view": 11, "hash": "4aSlzOy0O5eyJna+iDXBFpIuUaKvoAYyhK6f3aYA32A=", "parent": "JHDKbuvn/qlEbMiFGVnXE7z7VfFJm3NDC7AQEWpkt3w="}
replica 1 is forwarding chunk to replica 0
replica 1 is forwarding chunk to replica 2
replica 1 is forwarding chunk to replica 3
replica 1 is forwarding chunk to replica 4
replica 1 is forwarding chunk to replica 6
Decoded original proposal, time: 2022-11-27 04:38:46.14533204 +0000 UTC m=+49.333784505 header hash: [225 164 165 204 236 180 59 151 178 38 118 190 136 53 193 22 146 46 81 162 175 160 6 50 132 174 159 221 166 0 223 96]
2022-11-27T04:38:46.145Z	DEBUG	replica=1	coded-hotterstuff/consensus.go:576	received proposal	{"CURRENT VIEW": 12, "msg": "proposal", "header view": 12, "prepare view": 11, "hash": "4aSlzOy0O5eyJna+iDXBFpIuUaKvoAYyhK6f3aYA32A=", "parent": "JHDKbuvn/qlEbMiFGVnXE7z7VfFJm3NDC7AQEWpkt3w="}
replica 1 is forwarding chunk to replica 0
replica 1 is forwarding chunk to replica 2
replica 1 is forwarding chunk to replica 3
replica 1 is forwarding chunk to replica 4
replica 1 is forwarding chunk to replica 5
Decoded original proposal, time: 2022-11-27 04:38:47.580801219 +0000 UTC m=+50.769253686 header hash: [55 71 12 88 170 89 30 100 228 23 243 137 27 6 133 29 78 24 217 198 107 27 88 123 223 127 133 219 145 253 87 161]
2022-11-27T04:38:47.580Z	DEBUG	replica=1	coded-hotterstuff/consensus.go:576	received proposal	{"CURRENT VIEW": 12, "msg": "proposal", "header view": 13, "prepare view": 11, "hash": "N0cMWKpZHmTkF/OJGwaFHU4Y2cZrG1h733+F25H9V6E=", "parent": "4aSlzOy0O5eyJna+iDXBFpIuUaKvoAYyhK6f3aYA32A="}
2022-11-27T04:38:47.588Z	DEBUG	replica=1	coded-hotterstuff/consensus.go:809	new block certified	{"CURRENT VIEW": 12, "view": 12, "hash": "4aSlzOy0O5eyJna+iDXBFpIuUaKvoAYyhK6f3aYA32A="}
2022-11-27T04:38:47.588Z	DEBUG	replica=1	coded-hotterstuff/consensus.go:520	entered new view	{"CURRENT VIEW": 13, "view timeout": 2, "timedout": false}
2022-11-27T04:38:47.588Z	DEBUG	replica=1	coded-hotterstuff/consensus.go:788	new block locked	{"CURRENT VIEW": 13, "view": 11, "hash": "JHDKbuvn/qlEbMiFGVnXE7z7VfFJm3NDC7AQEWpkt3w="}
2022-11-27T04:38:47.588Z	INFO	replica=1	coded-hotterstuff/consensus.go:797	new block commited	{"CURRENT VIEW": 13, "view": 10, "hash": "Gymi6tg4A5LZy8aiMG6k221RFpMttMcj9dlrzPCBVG4="}
2022-11-27T04:38:47.590Z	DEBUG	replica=1	coded-hotterstuff/consensus.go:678	proposal is safe to vote on	{"CURRENT VIEW": 12, "msg": "proposal", "header view": 13, "prepare view": 11, "hash": "N0cMWKpZHmTkF/OJGwaFHU4Y2cZrG1h733+F25H9V6E=", "parent": "4aSlzOy0O5eyJna+iDXBFpIuUaKvoAYyhK6f3aYA32A="}
Node  1 +1 block finalized at time:  2022-11-27 04:38:47.592684905 +0000 UTC m=+50.781137311
replica 1 is forwarding chunk to replica 0
replica 1 is forwarding chunk to replica 2
replica 1 is forwarding chunk to replica 3
replica 1 is forwarding chunk to replica 4
replica 1 is forwarding chunk to replica 5
Decoded original proposal, time: 2022-11-27 04:38:48.890384411 +0000 UTC m=+52.078836884 header hash: [55 71 12 88 170 89 30 100 228 23 243 137 27 6 133 29 78 24 217 198 107 27 88 123 223 127 133 219 145 253 87 161]
2022-11-27T04:38:48.890Z	DEBUG	replica=1	coded-hotterstuff/consensus.go:576	received proposal	{"CURRENT VIEW": 13, "msg": "proposal", "header view": 13, "prepare view": 12, "hash": "N0cMWKpZHmTkF/OJGwaFHU4Y2cZrG1h733+F25H9V6E=", "parent": "4aSlzOy0O5eyJna+iDXBFpIuUaKvoAYyhK6f3aYA32A="}
replica 1 is forwarding chunk to replica 0
replica 1 is forwarding chunk to replica 2
replica 1 is forwarding chunk to replica 3
replica 1 is forwarding chunk to replica 4
replica 1 is forwarding chunk to replica 5
Decoded original proposal, time: 2022-11-27 04:38:50.090983076 +0000 UTC m=+53.279435544 header hash: [55 71 12 88 170 89 30 100 228 23 243 137 27 6 133 29 78 24 217 198 107 27 88 123 223 127 133 219 145 253 87 161]
2022-11-27T04:38:50.091Z	DEBUG	replica=1	coded-hotterstuff/consensus.go:576	received proposal	{"CURRENT VIEW": 13, "msg": "proposal", "header view": 13, "prepare view": 12, "hash": "N0cMWKpZHmTkF/OJGwaFHU4Y2cZrG1h733+F25H9V6E=", "parent": "4aSlzOy0O5eyJna+iDXBFpIuUaKvoAYyhK6f3aYA32A="}
replica 1 is forwarding chunk to replica 2
replica 1 is forwarding chunk to replica 3
replica 1 is forwarding chunk to replica 4
replica 1 is forwarding chunk to replica 5
replica 1 is forwarding chunk to replica 6
2022-11-27T04:38:51.100Z	DEBUG	replica=1	coded-hotterstuff/consensus.go:965	received vote	{"CURRENT VIEW": 13, "msg": "vote", "voter": 0, "view": 13, "hash": "s0+dCVQ5w8iE2Z+DCswdFLdP8QD8T++9aicJwYKZbok="}
Node  1  received vote before proposal, saving vote in pending votes, hash is  [179 79 157 9 84 57 195 200 132 217 159 131 10 204 29 20 183 79 241 0 252 79 239 189 106 39 9 193 130 153 110 137]  and string is,  14
2022-11-27T04:38:51.100Z	DEBUG	replica=1	coded-hotterstuff/consensus.go:970	Received vote before proposal, key is, 14	{"CURRENT VIEW": 13}
Decoded original proposal, time: 2022-11-27 04:38:51.907851522 +0000 UTC m=+55.096303992 header hash: [179 79 157 9 84 57 195 200 132 217 159 131 10 204 29 20 183 79 241 0 252 79 239 189 106 39 9 193 130 153 110 137]
2022-11-27T04:38:51.907Z	DEBUG	replica=1	coded-hotterstuff/consensus.go:576	received proposal	{"CURRENT VIEW": 13, "msg": "proposal", "header view": 14, "prepare view": 12, "hash": "s0+dCVQ5w8iE2Z+DCswdFLdP8QD8T++9aicJwYKZbok=", "parent": "N0cMWKpZHmTkF/OJGwaFHU4Y2cZrG1h733+F25H9V6E="}
2022-11-27T04:38:51.915Z	DEBUG	replica=1	coded-hotterstuff/consensus.go:809	new block certified	{"CURRENT VIEW": 13, "view": 13, "hash": "N0cMWKpZHmTkF/OJGwaFHU4Y2cZrG1h733+F25H9V6E="}
2022-11-27T04:38:51.915Z	DEBUG	replica=1	coded-hotterstuff/consensus.go:520	entered new view	{"CURRENT VIEW": 14, "view timeout": 2, "timedout": false}
2022-11-27T04:38:51.915Z	DEBUG	replica=1	coded-hotterstuff/consensus.go:535	replica is a leader for next view. collecting new-view messages	{"CURRENT VIEW": 14}
2022-11-27T04:38:51.915Z	DEBUG	replica=1	coded-hotterstuff/consensus.go:788	new block locked	{"CURRENT VIEW": 14, "view": 12, "hash": "4aSlzOy0O5eyJna+iDXBFpIuUaKvoAYyhK6f3aYA32A="}
2022-11-27T04:38:51.915Z	INFO	replica=1	coded-hotterstuff/consensus.go:797	new block commited	{"CURRENT VIEW": 14, "view": 11, "hash": "JHDKbuvn/qlEbMiFGVnXE7z7VfFJm3NDC7AQEWpkt3w="}
2022-11-27T04:38:51.917Z	DEBUG	replica=1	coded-hotterstuff/consensus.go:678	proposal is safe to vote on	{"CURRENT VIEW": 13, "msg": "proposal", "header view": 14, "prepare view": 12, "hash": "s0+dCVQ5w8iE2Z+DCswdFLdP8QD8T++9aicJwYKZbok=", "parent": "N0cMWKpZHmTkF/OJGwaFHU4Y2cZrG1h733+F25H9V6E="}
2022-11-27T04:38:51.917Z	DEBUG	replica=1	coded-hotterstuff/consensus.go:758	Taking care of pending vote 14	{"CURRENT VIEW": 14}
2022-11-27T04:38:51.917Z	DEBUG	replica=1	coded-hotterstuff/consensus.go:965	received vote	{"CURRENT VIEW": 14, "msg": "vote", "voter": 0, "view": 14, "hash": "s0+dCVQ5w8iE2Z+DCswdFLdP8QD8T++9aicJwYKZbok="}
2022-11-27T04:38:51.922Z	DEBUG	replica=1	coded-hotterstuff/consensus.go:965	received vote	{"CURRENT VIEW": 14, "msg": "vote", "voter": 1, "view": 14, "hash": "s0+dCVQ5w8iE2Z+DCswdFLdP8QD8T++9aicJwYKZbok="}
Node  1 +1 block finalized at time:  2022-11-27 04:38:51.928248161 +0000 UTC m=+55.116700567
replica 1 is forwarding chunk to replica 2
replica 1 is forwarding chunk to replica 3
replica 1 is forwarding chunk to replica 4
replica 1 is forwarding chunk to replica 5
replica 1 is forwarding chunk to replica 6
2022-11-27T04:38:52.318Z	DEBUG	replica=1	coded-hotterstuff/consensus.go:965	received vote	{"CURRENT VIEW": 14, "msg": "vote", "voter": 5, "view": 14, "hash": "s0+dCVQ5w8iE2Z+DCswdFLdP8QD8T++9aicJwYKZbok="}
2022-11-27T04:38:52.391Z	DEBUG	replica=1	coded-hotterstuff/consensus.go:965	received vote	{"CURRENT VIEW": 14, "msg": "vote", "voter": 3, "view": 14, "hash": "s0+dCVQ5w8iE2Z+DCswdFLdP8QD8T++9aicJwYKZbok="}
2022-11-27T04:38:52.846Z	DEBUG	replica=1	coded-hotterstuff/consensus.go:965	received vote	{"CURRENT VIEW": 14, "msg": "vote", "voter": 6, "view": 14, "hash": "s0+dCVQ5w8iE2Z+DCswdFLdP8QD8T++9aicJwYKZbok="}
2022-11-27T04:38:52.851Z	DEBUG	replica=1	coded-hotterstuff/consensus.go:809	new block certified	{"CURRENT VIEW": 14, "view": 14, "hash": "s0+dCVQ5w8iE2Z+DCswdFLdP8QD8T++9aicJwYKZbok="}
2022-11-27T04:38:52.851Z	DEBUG	replica=1	coded-hotterstuff/consensus.go:520	entered new view	{"CURRENT VIEW": 15, "view timeout": 2, "timedout": false}
2022-11-27T04:38:52.851Z	DEBUG	replica=1	coded-hotterstuff/consensus.go:544	replica is a leader for this view. waiting for data	{"CURRENT VIEW": 15}
2022-11-27T04:38:52.851Z	DEBUG	replica=1	coded-hotterstuff/consensus.go:520	entered new view	{"CURRENT VIEW": 15, "view timeout": 2, "timedout": false}
2022-11-27T04:38:52.851Z	DEBUG	replica=1	coded-hotterstuff/consensus.go:544	replica is a leader for this view. waiting for data	{"CURRENT VIEW": 15}
2022-11-27T04:38:52.854Z	DEBUG	replica=1	coded-hotterstuff/consensus.go:238	sending proposal	{"CURRENT VIEW": 15, "hash": "yki5uJhKgjQT5iLa3NRfkhkCHcRSab0ctor/KqZboNA=", "parent": "s0+dCVQ5w8iE2Z+DCswdFLdP8QD8T++9aicJwYKZbok=", "signer": 1}
2022-11-27T04:38:52.855Z	DEBUG	replica=1	coded-hotterstuff/consensus.go:576	received proposal	{"CURRENT VIEW": 15, "msg": "proposal", "header view": 15, "prepare view": 14, "hash": "yki5uJhKgjQT5iLa3NRfkhkCHcRSab0ctor/KqZboNA=", "parent": "s0+dCVQ5w8iE2Z+DCswdFLdP8QD8T++9aicJwYKZbok="}
2022-11-27T04:38:52.862Z	DEBUG	replica=1	coded-hotterstuff/consensus.go:788	new block locked	{"CURRENT VIEW": 15, "view": 13, "hash": "N0cMWKpZHmTkF/OJGwaFHU4Y2cZrG1h733+F25H9V6E="}
2022-11-27T04:38:52.862Z	INFO	replica=1	coded-hotterstuff/consensus.go:797	new block commited	{"CURRENT VIEW": 15, "view": 12, "hash": "4aSlzOy0O5eyJna+iDXBFpIuUaKvoAYyhK6f3aYA32A="}
2022-11-27T04:38:52.864Z	DEBUG	replica=1	coded-hotterstuff/consensus.go:678	proposal is safe to vote on	{"CURRENT VIEW": 15, "msg": "proposal", "header view": 15, "prepare view": 14, "hash": "yki5uJhKgjQT5iLa3NRfkhkCHcRSab0ctor/KqZboNA=", "parent": "s0+dCVQ5w8iE2Z+DCswdFLdP8QD8T++9aicJwYKZbok="}
Node  1 +1 block finalized at time:  2022-11-27 04:38:52.86678124 +0000 UTC m=+56.055233649
2022-11-27T04:38:53.002Z	DEBUG	replica=1	coded-hotterstuff/consensus.go:965	received vote	{"CURRENT VIEW": 15, "msg": "vote", "voter": 4, "view": 15, "hash": "s0+dCVQ5w8iE2Z+DCswdFLdP8QD8T++9aicJwYKZbok="}
2022-11-27T04:38:53.008Z	DEBUG	replica=1	coded-hotterstuff/consensus.go:520	entered new view	{"CURRENT VIEW": 15, "view timeout": 2, "timedout": false}
2022-11-27T04:38:53.008Z	DEBUG	replica=1	coded-hotterstuff/consensus.go:544	replica is a leader for this view. waiting for data	{"CURRENT VIEW": 15}
2022-11-27T04:38:53.011Z	DEBUG	replica=1	coded-hotterstuff/consensus.go:238	sending proposal	{"CURRENT VIEW": 15, "hash": "yki5uJhKgjQT5iLa3NRfkhkCHcRSab0ctor/KqZboNA=", "parent": "s0+dCVQ5w8iE2Z+DCswdFLdP8QD8T++9aicJwYKZbok=", "signer": 1}
2022-11-27T04:38:53.012Z	DEBUG	replica=1	coded-hotterstuff/consensus.go:576	received proposal	{"CURRENT VIEW": 15, "msg": "proposal", "header view": 15, "prepare view": 14, "hash": "yki5uJhKgjQT5iLa3NRfkhkCHcRSab0ctor/KqZboNA=", "parent": "s0+dCVQ5w8iE2Z+DCswdFLdP8QD8T++9aicJwYKZbok="}
Decoded original proposal, time: 2022-11-27 04:38:53.549446238 +0000 UTC m=+56.737898706 header hash: [179 79 157 9 84 57 195 200 132 217 159 131 10 204 29 20 183 79 241 0 252 79 239 189 106 39 9 193 130 153 110 137]
2022-11-27T04:38:53.549Z	DEBUG	replica=1	coded-hotterstuff/consensus.go:576	received proposal	{"CURRENT VIEW": 15, "msg": "proposal", "header view": 14, "prepare view": 14, "hash": "s0+dCVQ5w8iE2Z+DCswdFLdP8QD8T++9aicJwYKZbok=", "parent": "N0cMWKpZHmTkF/OJGwaFHU4Y2cZrG1h733+F25H9V6E="}
2022-11-27T04:38:53.556Z	DEBUG	replica=1	coded-hotterstuff/consensus.go:667	proposal view doesn't match local view	{"CURRENT VIEW": 15, "msg": "proposal", "header view": 14, "prepare view": 14, "hash": "s0+dCVQ5w8iE2Z+DCswdFLdP8QD8T++9aicJwYKZbok=", "parent": "N0cMWKpZHmTkF/OJGwaFHU4Y2cZrG1h733+F25H9V6E="}
2022-11-27T04:38:53.573Z	DEBUG	replica=1	coded-hotterstuff/consensus.go:965	received vote	{"CURRENT VIEW": 15, "msg": "vote", "voter": 2, "view": 15, "hash": "s0+dCVQ5w8iE2Z+DCswdFLdP8QD8T++9aicJwYKZbok="}
2022-11-27T04:38:53.578Z	DEBUG	replica=1	coded-hotterstuff/consensus.go:520	entered new view	{"CURRENT VIEW": 15, "view timeout": 2, "timedout": false}
2022-11-27T04:38:53.578Z	DEBUG	replica=1	coded-hotterstuff/consensus.go:544	replica is a leader for this view. waiting for data	{"CURRENT VIEW": 15}
2022-11-27T04:38:53.581Z	DEBUG	replica=1	coded-hotterstuff/consensus.go:238	sending proposal	{"CURRENT VIEW": 15, "hash": "yki5uJhKgjQT5iLa3NRfkhkCHcRSab0ctor/KqZboNA=", "parent": "s0+dCVQ5w8iE2Z+DCswdFLdP8QD8T++9aicJwYKZbok=", "signer": 1}
2022-11-27T04:38:53.582Z	DEBUG	replica=1	coded-hotterstuff/consensus.go:576	received proposal	{"CURRENT VIEW": 15, "msg": "proposal", "header view": 15, "prepare view": 14, "hash": "yki5uJhKgjQT5iLa3NRfkhkCHcRSab0ctor/KqZboNA=", "parent": "s0+dCVQ5w8iE2Z+DCswdFLdP8QD8T++9aicJwYKZbok="}
replica 1 is forwarding chunk to replica 0
replica 1 is forwarding chunk to replica 3
replica 1 is forwarding chunk to replica 4
replica 1 is forwarding chunk to replica 5
replica 1 is forwarding chunk to replica 6
replica 1 is forwarding chunk to replica 0
replica 1 is forwarding chunk to replica 3
replica 1 is forwarding chunk to replica 4
replica 1 is forwarding chunk to replica 5
replica 1 is forwarding chunk to replica 6
replica 1 is forwarding chunk to replica 0
replica 1 is forwarding chunk to replica 3
replica 1 is forwarding chunk to replica 4
replica 1 is forwarding chunk to replica 5
replica 1 is forwarding chunk to replica 6
Decoded original proposal, time: 2022-11-27 04:38:59.896921057 +0000 UTC m=+63.085373484 header hash: [60 3 172 192 158 69 228 82 139 18 154 192 39 84 167 184 246 172 168 97 72 51 107 161 52 135 29 101 211 31 104 44]
2022-11-27T04:38:59.896Z	DEBUG	replica=1	coded-hotterstuff/consensus.go:576	received proposal	{"CURRENT VIEW": 15, "msg": "proposal", "header view": 16, "prepare view": 14, "hash": "PAOswJ5F5FKLEprAJ1SnuPasqGFIM2uhNIcdZdMfaCw=", "parent": "yki5uJhKgjQT5iLa3NRfkhkCHcRSab0ctor/KqZboNA="}
2022-11-27T04:38:59.905Z	DEBUG	replica=1	coded-hotterstuff/consensus.go:809	new block certified	{"CURRENT VIEW": 15, "view": 15, "hash": "yki5uJhKgjQT5iLa3NRfkhkCHcRSab0ctor/KqZboNA="}
2022-11-27T04:38:59.905Z	DEBUG	replica=1	coded-hotterstuff/consensus.go:520	entered new view	{"CURRENT VIEW": 16, "view timeout": 2, "timedout": false}
2022-11-27T04:38:59.905Z	DEBUG	replica=1	coded-hotterstuff/consensus.go:788	new block locked	{"CURRENT VIEW": 16, "view": 14, "hash": "s0+dCVQ5w8iE2Z+DCswdFLdP8QD8T++9aicJwYKZbok="}
2022-11-27T04:38:59.905Z	INFO	replica=1	coded-hotterstuff/consensus.go:797	new block commited	{"CURRENT VIEW": 16, "view": 13, "hash": "N0cMWKpZHmTkF/OJGwaFHU4Y2cZrG1h733+F25H9V6E="}
2022-11-27T04:38:59.907Z	DEBUG	replica=1	coded-hotterstuff/consensus.go:678	proposal is safe to vote on	{"CURRENT VIEW": 15, "msg": "proposal", "header view": 16, "prepare view": 14, "hash": "PAOswJ5F5FKLEprAJ1SnuPasqGFIM2uhNIcdZdMfaCw=", "parent": "yki5uJhKgjQT5iLa3NRfkhkCHcRSab0ctor/KqZboNA="}
Node  1 +1 block finalized at time:  2022-11-27 04:38:59.909744996 +0000 UTC m=+63.098197416
Decoded original proposal, time: 2022-11-27 04:39:01.045221934 +0000 UTC m=+64.233674409 header hash: [60 3 172 192 158 69 228 82 139 18 154 192 39 84 167 184 246 172 168 97 72 51 107 161 52 135 29 101 211 31 104 44]
2022-11-27T04:39:01.045Z	DEBUG	replica=1	coded-hotterstuff/consensus.go:576	received proposal	{"CURRENT VIEW": 16, "msg": "proposal", "header view": 16, "prepare view": 15, "hash": "PAOswJ5F5FKLEprAJ1SnuPasqGFIM2uhNIcdZdMfaCw=", "parent": "yki5uJhKgjQT5iLa3NRfkhkCHcRSab0ctor/KqZboNA="}
replica 1 is forwarding chunk to replica 0
replica 1 is forwarding chunk to replica 2
replica 1 is forwarding chunk to replica 4
replica 1 is forwarding chunk to replica 5
replica 1 is forwarding chunk to replica 6
Decoded original proposal, time: 2022-11-27 04:39:02.113850729 +0000 UTC m=+65.302303193 header hash: [60 3 172 192 158 69 228 82 139 18 154 192 39 84 167 184 246 172 168 97 72 51 107 161 52 135 29 101 211 31 104 44]
2022-11-27T04:39:02.113Z	DEBUG	replica=1	coded-hotterstuff/consensus.go:576	received proposal	{"CURRENT VIEW": 16, "msg": "proposal", "header view": 16, "prepare view": 15, "hash": "PAOswJ5F5FKLEprAJ1SnuPasqGFIM2uhNIcdZdMfaCw=", "parent": "yki5uJhKgjQT5iLa3NRfkhkCHcRSab0ctor/KqZboNA="}
replica 1 is forwarding chunk to replica 0
replica 1 is forwarding chunk to replica 2
replica 1 is forwarding chunk to replica 4
replica 1 is forwarding chunk to replica 5
replica 1 is forwarding chunk to replica 6
Decoded original proposal, time: 2022-11-27 04:39:03.89757839 +0000 UTC m=+67.086031443 header hash: [125 188 128 163 149 74 17 87 102 203 151 169 127 222 108 104 174 185 14 72 28 223 232 151 172 204 94 91 117 235 43 104]
2022-11-27T04:39:03.897Z	DEBUG	replica=1	coded-hotterstuff/consensus.go:576	received proposal	{"CURRENT VIEW": 16, "msg": "proposal", "header view": 17, "prepare view": 15, "hash": "fbyAo5VKEVdmy5epf95saK65Dkgc3+iXrMxeW3XrK2g=", "parent": "PAOswJ5F5FKLEprAJ1SnuPasqGFIM2uhNIcdZdMfaCw="}
2022-11-27T04:39:03.905Z	DEBUG	replica=1	coded-hotterstuff/consensus.go:809	new block certified	{"CURRENT VIEW": 16, "view": 16, "hash": "PAOswJ5F5FKLEprAJ1SnuPasqGFIM2uhNIcdZdMfaCw="}
2022-11-27T04:39:03.905Z	DEBUG	replica=1	coded-hotterstuff/consensus.go:520	entered new view	{"CURRENT VIEW": 17, "view timeout": 2, "timedout": false}
2022-11-27T04:39:03.905Z	DEBUG	replica=1	coded-hotterstuff/consensus.go:788	new block locked	{"CURRENT VIEW": 17, "view": 15, "hash": "yki5uJhKgjQT5iLa3NRfkhkCHcRSab0ctor/KqZboNA="}
2022-11-27T04:39:03.905Z	INFO	replica=1	coded-hotterstuff/consensus.go:797	new block commited	{"CURRENT VIEW": 17, "view": 14, "hash": "s0+dCVQ5w8iE2Z+DCswdFLdP8QD8T++9aicJwYKZbok="}
2022-11-27T04:39:03.907Z	DEBUG	replica=1	coded-hotterstuff/consensus.go:678	proposal is safe to vote on	{"CURRENT VIEW": 16, "msg": "proposal", "header view": 17, "prepare view": 15, "hash": "fbyAo5VKEVdmy5epf95saK65Dkgc3+iXrMxeW3XrK2g=", "parent": "PAOswJ5F5FKLEprAJ1SnuPasqGFIM2uhNIcdZdMfaCw="}
Node  1 +1 block finalized at time:  2022-11-27 04:39:03.909680757 +0000 UTC m=+67.098133176
replica 1 is forwarding chunk to replica 0
replica 1 is forwarding chunk to replica 2
replica 1 is forwarding chunk to replica 4
replica 1 is forwarding chunk to replica 5
replica 1 is forwarding chunk to replica 6
Decoded original proposal, time: 2022-11-27 04:39:05.955907379 +0000 UTC m=+69.144359847 header hash: [125 188 128 163 149 74 17 87 102 203 151 169 127 222 108 104 174 185 14 72 28 223 232 151 172 204 94 91 117 235 43 104]
2022-11-27T04:39:05.955Z	DEBUG	replica=1	coded-hotterstuff/consensus.go:576	received proposal	{"CURRENT VIEW": 17, "msg": "proposal", "header view": 17, "prepare view": 16, "hash": "fbyAo5VKEVdmy5epf95saK65Dkgc3+iXrMxeW3XrK2g=", "parent": "PAOswJ5F5FKLEprAJ1SnuPasqGFIM2uhNIcdZdMfaCw="}
replica 1 is forwarding chunk to replica 0
replica 1 is forwarding chunk to replica 2
replica 1 is forwarding chunk to replica 3
replica 1 is forwarding chunk to replica 5
replica 1 is forwarding chunk to replica 6
Decoded original proposal, time: 2022-11-27 04:39:07.204909836 +0000 UTC m=+70.393362307 header hash: [125 188 128 163 149 74 17 87 102 203 151 169 127 222 108 104 174 185 14 72 28 223 232 151 172 204 94 91 117 235 43 104]
2022-11-27T04:39:07.204Z	DEBUG	replica=1	coded-hotterstuff/consensus.go:576	received proposal	{"CURRENT VIEW": 17, "msg": "proposal", "header view": 17, "prepare view": 16, "hash": "fbyAo5VKEVdmy5epf95saK65Dkgc3+iXrMxeW3XrK2g=", "parent": "PAOswJ5F5FKLEprAJ1SnuPasqGFIM2uhNIcdZdMfaCw="}
replica 1 is forwarding chunk to replica 0
replica 1 is forwarding chunk to replica 2
replica 1 is forwarding chunk to replica 3
replica 1 is forwarding chunk to replica 5
replica 1 is forwarding chunk to replica 6
Decoded original proposal, time: 2022-11-27 04:39:08.015267685 +0000 UTC m=+71.203720152 header hash: [233 71 193 36 185 72 95 92 29 220 193 120 223 14 188 72 252 159 62 199 112 113 252 214 161 209 254 215 214 224 205 19]
2022-11-27T04:39:08.015Z	DEBUG	replica=1	coded-hotterstuff/consensus.go:576	received proposal	{"CURRENT VIEW": 17, "msg": "proposal", "header view": 18, "prepare view": 16, "hash": "6UfBJLlIX1wd3MF43w68SPyfPsdwcfzWodH+19bgzRM=", "parent": "fbyAo5VKEVdmy5epf95saK65Dkgc3+iXrMxeW3XrK2g="}
2022-11-27T04:39:08.022Z	DEBUG	replica=1	coded-hotterstuff/consensus.go:809	new block certified	{"CURRENT VIEW": 17, "view": 17, "hash": "fbyAo5VKEVdmy5epf95saK65Dkgc3+iXrMxeW3XrK2g="}
2022-11-27T04:39:08.022Z	DEBUG	replica=1	coded-hotterstuff/consensus.go:520	entered new view	{"CURRENT VIEW": 18, "view timeout": 2, "timedout": false}
2022-11-27T04:39:08.023Z	DEBUG	replica=1	coded-hotterstuff/consensus.go:788	new block locked	{"CURRENT VIEW": 18, "view": 16, "hash": "PAOswJ5F5FKLEprAJ1SnuPasqGFIM2uhNIcdZdMfaCw="}
2022-11-27T04:39:08.023Z	INFO	replica=1	coded-hotterstuff/consensus.go:797	new block commited	{"CURRENT VIEW": 18, "view": 15, "hash": "yki5uJhKgjQT5iLa3NRfkhkCHcRSab0ctor/KqZboNA="}
2022-11-27T04:39:08.023Z	DEBUG	replica=1	coded-hotterstuff/consensus.go:678	proposal is safe to vote on	{"CURRENT VIEW": 17, "msg": "proposal", "header view": 18, "prepare view": 16, "hash": "6UfBJLlIX1wd3MF43w68SPyfPsdwcfzWodH+19bgzRM=", "parent": "fbyAo5VKEVdmy5epf95saK65Dkgc3+iXrMxeW3XrK2g="}
Node  1 +1 block finalized at time:  2022-11-27 04:39:08.026003232 +0000 UTC m=+71.214455651
Decoded original proposal, time: 2022-11-27 04:39:09.379464303 +0000 UTC m=+72.567916773 header hash: [233 71 193 36 185 72 95 92 29 220 193 120 223 14 188 72 252 159 62 199 112 113 252 214 161 209 254 215 214 224 205 19]
2022-11-27T04:39:09.379Z	DEBUG	replica=1	coded-hotterstuff/consensus.go:576	received proposal	{"CURRENT VIEW": 18, "msg": "proposal", "header view": 18, "prepare view": 17, "hash": "6UfBJLlIX1wd3MF43w68SPyfPsdwcfzWodH+19bgzRM=", "parent": "fbyAo5VKEVdmy5epf95saK65Dkgc3+iXrMxeW3XrK2g="}
replica 1 is forwarding chunk to replica 0
replica 1 is forwarding chunk to replica 2
replica 1 is forwarding chunk to replica 3
replica 1 is forwarding chunk to replica 5
replica 1 is forwarding chunk to replica 6
replica 1 is forwarding chunk to replica 0
replica 1 is forwarding chunk to replica 2
replica 1 is forwarding chunk to replica 3
replica 1 is forwarding chunk to replica 4
replica 1 is forwarding chunk to replica 6
Decoded original proposal, time: 2022-11-27 04:39:10.899783485 +0000 UTC m=+74.088235913 header hash: [233 71 193 36 185 72 95 92 29 220 193 120 223 14 188 72 252 159 62 199 112 113 252 214 161 209 254 215 214 224 205 19]
2022-11-27T04:39:10.899Z	DEBUG	replica=1	coded-hotterstuff/consensus.go:576	received proposal	{"CURRENT VIEW": 18, "msg": "proposal", "header view": 18, "prepare view": 17, "hash": "6UfBJLlIX1wd3MF43w68SPyfPsdwcfzWodH+19bgzRM=", "parent": "fbyAo5VKEVdmy5epf95saK65Dkgc3+iXrMxeW3XrK2g="}
replica 1 is forwarding chunk to replica 0
replica 1 is forwarding chunk to replica 2
replica 1 is forwarding chunk to replica 3
replica 1 is forwarding chunk to replica 4
replica 1 is forwarding chunk to replica 6
Decoded original proposal, time: 2022-11-27 04:39:12.095700782 +0000 UTC m=+75.284153254 header hash: [185 41 143 39 105 99 203 192 159 254 69 93 97 168 179 24 114 209 232 19 130 40 155 35 149 96 233 98 157 146 62 14]
2022-11-27T04:39:12.095Z	DEBUG	replica=1	coded-hotterstuff/consensus.go:576	received proposal	{"CURRENT VIEW": 18, "msg": "proposal", "header view": 19, "prepare view": 17, "hash": "uSmPJ2ljy8Cf/kVdYaizGHLR6BOCKJsjlWDpYp2SPg4=", "parent": "6UfBJLlIX1wd3MF43w68SPyfPsdwcfzWodH+19bgzRM="}
2022-11-27T04:39:12.102Z	DEBUG	replica=1	coded-hotterstuff/consensus.go:809	new block certified	{"CURRENT VIEW": 18, "view": 18, "hash": "6UfBJLlIX1wd3MF43w68SPyfPsdwcfzWodH+19bgzRM="}
2022-11-27T04:39:12.102Z	DEBUG	replica=1	coded-hotterstuff/consensus.go:520	entered new view	{"CURRENT VIEW": 19, "view timeout": 2, "timedout": false}
2022-11-27T04:39:12.102Z	DEBUG	replica=1	coded-hotterstuff/consensus.go:788	new block locked	{"CURRENT VIEW": 19, "view": 17, "hash": "fbyAo5VKEVdmy5epf95saK65Dkgc3+iXrMxeW3XrK2g="}
2022-11-27T04:39:12.102Z	INFO	replica=1	coded-hotterstuff/consensus.go:797	new block commited	{"CURRENT VIEW": 19, "view": 16, "hash": "PAOswJ5F5FKLEprAJ1SnuPasqGFIM2uhNIcdZdMfaCw="}
2022-11-27T04:39:12.104Z	DEBUG	replica=1	coded-hotterstuff/consensus.go:678	proposal is safe to vote on	{"CURRENT VIEW": 18, "msg": "proposal", "header view": 19, "prepare view": 17, "hash": "uSmPJ2ljy8Cf/kVdYaizGHLR6BOCKJsjlWDpYp2SPg4=", "parent": "6UfBJLlIX1wd3MF43w68SPyfPsdwcfzWodH+19bgzRM="}
Node  1 +1 block finalized at time:  2022-11-27 04:39:12.106878472 +0000 UTC m=+75.295330878
replica 1 is forwarding chunk to replica 0
replica 1 is forwarding chunk to replica 2
replica 1 is forwarding chunk to replica 3
replica 1 is forwarding chunk to replica 4
replica 1 is forwarding chunk to replica 6
Decoded original proposal, time: 2022-11-27 04:39:13.148396571 +0000 UTC m=+76.336849038 header hash: [185 41 143 39 105 99 203 192 159 254 69 93 97 168 179 24 114 209 232 19 130 40 155 35 149 96 233 98 157 146 62 14]
2022-11-27T04:39:13.148Z	DEBUG	replica=1	coded-hotterstuff/consensus.go:576	received proposal	{"CURRENT VIEW": 19, "msg": "proposal", "header view": 19, "prepare view": 18, "hash": "uSmPJ2ljy8Cf/kVdYaizGHLR6BOCKJsjlWDpYp2SPg4=", "parent": "6UfBJLlIX1wd3MF43w68SPyfPsdwcfzWodH+19bgzRM="}
Decoded original proposal, time: 2022-11-27 04:39:14.39129739 +0000 UTC m=+77.579749855 header hash: [185 41 143 39 105 99 203 192 159 254 69 93 97 168 179 24 114 209 232 19 130 40 155 35 149 96 233 98 157 146 62 14]
2022-11-27T04:39:14.391Z	DEBUG	replica=1	coded-hotterstuff/consensus.go:576	received proposal	{"CURRENT VIEW": 19, "msg": "proposal", "header view": 19, "prepare view": 18, "hash": "uSmPJ2ljy8Cf/kVdYaizGHLR6BOCKJsjlWDpYp2SPg4=", "parent": "6UfBJLlIX1wd3MF43w68SPyfPsdwcfzWodH+19bgzRM="}
replica 1 is forwarding chunk to replica 0
replica 1 is forwarding chunk to replica 2
replica 1 is forwarding chunk to replica 3
replica 1 is forwarding chunk to replica 4
replica 1 is forwarding chunk to replica 5
Decoded original proposal, time: 2022-11-27 04:39:16.298282502 +0000 UTC m=+79.486734968 header hash: [13 182 191 15 143 42 152 29 239 84 127 36 77 221 124 199 27 48 113 31 51 226 178 103 166 208 44 11 123 31 191 52]
2022-11-27T04:39:16.298Z	DEBUG	replica=1	coded-hotterstuff/consensus.go:576	received proposal	{"CURRENT VIEW": 19, "msg": "proposal", "header view": 20, "prepare view": 18, "hash": "Dba/D48qmB3vVH8kTd18xxswcR8z4rJnptAsC3sfvzQ=", "parent": "uSmPJ2ljy8Cf/kVdYaizGHLR6BOCKJsjlWDpYp2SPg4="}
2022-11-27T04:39:16.306Z	DEBUG	replica=1	coded-hotterstuff/consensus.go:809	new block certified	{"CURRENT VIEW": 19, "view": 19, "hash": "uSmPJ2ljy8Cf/kVdYaizGHLR6BOCKJsjlWDpYp2SPg4="}
2022-11-27T04:39:16.306Z	DEBUG	replica=1	coded-hotterstuff/consensus.go:520	entered new view	{"CURRENT VIEW": 20, "view timeout": 2, "timedout": false}
2022-11-27T04:39:16.306Z	DEBUG	replica=1	coded-hotterstuff/consensus.go:788	new block locked	{"CURRENT VIEW": 20, "view": 18, "hash": "6UfBJLlIX1wd3MF43w68SPyfPsdwcfzWodH+19bgzRM="}
2022-11-27T04:39:16.306Z	INFO	replica=1	coded-hotterstuff/consensus.go:797	new block commited	{"CURRENT VIEW": 20, "view": 17, "hash": "fbyAo5VKEVdmy5epf95saK65Dkgc3+iXrMxeW3XrK2g="}
2022-11-27T04:39:16.307Z	DEBUG	replica=1	coded-hotterstuff/consensus.go:678	proposal is safe to vote on	{"CURRENT VIEW": 19, "msg": "proposal", "header view": 20, "prepare view": 18, "hash": "Dba/D48qmB3vVH8kTd18xxswcR8z4rJnptAsC3sfvzQ=", "parent": "uSmPJ2ljy8Cf/kVdYaizGHLR6BOCKJsjlWDpYp2SPg4="}
Node  1 +1 block finalized at time:  2022-11-27 04:39:16.309425546 +0000 UTC m=+79.497877956
replica 1 is forwarding chunk to replica 0
replica 1 is forwarding chunk to replica 2
replica 1 is forwarding chunk to replica 3
replica 1 is forwarding chunk to replica 4
replica 1 is forwarding chunk to replica 5
Decoded original proposal, time: 2022-11-27 04:39:17.581848926 +0000 UTC m=+80.770301498 header hash: [13 182 191 15 143 42 152 29 239 84 127 36 77 221 124 199 27 48 113 31 51 226 178 103 166 208 44 11 123 31 191 52]
2022-11-27T04:39:17.581Z	DEBUG	replica=1	coded-hotterstuff/consensus.go:576	received proposal	{"CURRENT VIEW": 20, "msg": "proposal", "header view": 20, "prepare view": 19, "hash": "Dba/D48qmB3vVH8kTd18xxswcR8z4rJnptAsC3sfvzQ=", "parent": "uSmPJ2ljy8Cf/kVdYaizGHLR6BOCKJsjlWDpYp2SPg4="}
replica 1 is forwarding chunk to replica 0
replica 1 is forwarding chunk to replica 2
replica 1 is forwarding chunk to replica 3
replica 1 is forwarding chunk to replica 4
replica 1 is forwarding chunk to replica 5
replica 1 is forwarding chunk to replica 2
replica 1 is forwarding chunk to replica 3
replica 1 is forwarding chunk to replica 4
replica 1 is forwarding chunk to replica 5
replica 1 is forwarding chunk to replica 6
2022-11-27T04:39:18.577Z	DEBUG	replica=1	coded-hotterstuff/consensus.go:965	received vote	{"CURRENT VIEW": 20, "msg": "vote", "voter": 0, "view": 20, "hash": "0SZBQS4E4pFqiz2KHQNDBHMPXOkDtszRUc2EO9/2gmc="}
Node  1  received vote before proposal, saving vote in pending votes, hash is  [209 38 65 65 46 4 226 145 106 139 61 138 29 3 67 4 115 15 92 233 3 182 204 209 81 205 132 59 223 246 130 103]  and string is,  21
2022-11-27T04:39:18.577Z	DEBUG	replica=1	coded-hotterstuff/consensus.go:970	Received vote before proposal, key is, 21	{"CURRENT VIEW": 20}
Decoded original proposal, time: 2022-11-27 04:39:18.8295467 +0000 UTC m=+82.017999167 header hash: [13 182 191 15 143 42 152 29 239 84 127 36 77 221 124 199 27 48 113 31 51 226 178 103 166 208 44 11 123 31 191 52]
2022-11-27T04:39:18.829Z	DEBUG	replica=1	coded-hotterstuff/consensus.go:576	received proposal	{"CURRENT VIEW": 20, "msg": "proposal", "header view": 20, "prepare view": 19, "hash": "Dba/D48qmB3vVH8kTd18xxswcR8z4rJnptAsC3sfvzQ=", "parent": "uSmPJ2ljy8Cf/kVdYaizGHLR6BOCKJsjlWDpYp2SPg4="}
2022-11-27T04:39:19.596Z	DEBUG	replica=1	coded-hotterstuff/consensus.go:965	received vote	{"CURRENT VIEW": 20, "msg": "vote", "voter": 6, "view": 20, "hash": "0SZBQS4E4pFqiz2KHQNDBHMPXOkDtszRUc2EO9/2gmc="}
Decoded original proposal, time: 2022-11-27 04:39:19.904270305 +0000 UTC m=+83.092722770 header hash: [209 38 65 65 46 4 226 145 106 139 61 138 29 3 67 4 115 15 92 233 3 182 204 209 81 205 132 59 223 246 130 103]
2022-11-27T04:39:19.904Z	DEBUG	replica=1	coded-hotterstuff/consensus.go:576	received proposal	{"CURRENT VIEW": 20, "msg": "proposal", "header view": 21, "prepare view": 19, "hash": "0SZBQS4E4pFqiz2KHQNDBHMPXOkDtszRUc2EO9/2gmc=", "parent": "Dba/D48qmB3vVH8kTd18xxswcR8z4rJnptAsC3sfvzQ="}
2022-11-27T04:39:19.911Z	DEBUG	replica=1	coded-hotterstuff/consensus.go:809	new block certified	{"CURRENT VIEW": 20, "view": 20, "hash": "Dba/D48qmB3vVH8kTd18xxswcR8z4rJnptAsC3sfvzQ="}
2022-11-27T04:39:19.911Z	DEBUG	replica=1	coded-hotterstuff/consensus.go:520	entered new view	{"CURRENT VIEW": 21, "view timeout": 2, "timedout": false}
2022-11-27T04:39:19.911Z	DEBUG	replica=1	coded-hotterstuff/consensus.go:535	replica is a leader for next view. collecting new-view messages	{"CURRENT VIEW": 21}
2022-11-27T04:39:19.911Z	DEBUG	replica=1	coded-hotterstuff/consensus.go:788	new block locked	{"CURRENT VIEW": 21, "view": 19, "hash": "uSmPJ2ljy8Cf/kVdYaizGHLR6BOCKJsjlWDpYp2SPg4="}
2022-11-27T04:39:19.911Z	INFO	replica=1	coded-hotterstuff/consensus.go:797	new block commited	{"CURRENT VIEW": 21, "view": 18, "hash": "6UfBJLlIX1wd3MF43w68SPyfPsdwcfzWodH+19bgzRM="}
2022-11-27T04:39:19.912Z	DEBUG	replica=1	coded-hotterstuff/consensus.go:678	proposal is safe to vote on	{"CURRENT VIEW": 20, "msg": "proposal", "header view": 21, "prepare view": 19, "hash": "0SZBQS4E4pFqiz2KHQNDBHMPXOkDtszRUc2EO9/2gmc=", "parent": "Dba/D48qmB3vVH8kTd18xxswcR8z4rJnptAsC3sfvzQ="}
2022-11-27T04:39:19.912Z	DEBUG	replica=1	coded-hotterstuff/consensus.go:758	Taking care of pending vote 21	{"CURRENT VIEW": 21}
2022-11-27T04:39:19.912Z	DEBUG	replica=1	coded-hotterstuff/consensus.go:965	received vote	{"CURRENT VIEW": 21, "msg": "vote", "voter": 0, "view": 21, "hash": "0SZBQS4E4pFqiz2KHQNDBHMPXOkDtszRUc2EO9/2gmc="}
2022-11-27T04:39:19.916Z	DEBUG	replica=1	coded-hotterstuff/consensus.go:758	Taking care of pending vote 21	{"CURRENT VIEW": 21}
2022-11-27T04:39:19.916Z	DEBUG	replica=1	coded-hotterstuff/consensus.go:965	received vote	{"CURRENT VIEW": 21, "msg": "vote", "voter": 6, "view": 21, "hash": "0SZBQS4E4pFqiz2KHQNDBHMPXOkDtszRUc2EO9/2gmc="}
2022-11-27T04:39:19.923Z	DEBUG	replica=1	coded-hotterstuff/consensus.go:965	received vote	{"CURRENT VIEW": 21, "msg": "vote", "voter": 1, "view": 21, "hash": "0SZBQS4E4pFqiz2KHQNDBHMPXOkDtszRUc2EO9/2gmc="}
Node  1 +1 block finalized at time:  2022-11-27 04:39:19.929232337 +0000 UTC m=+83.117684757
2022-11-27T04:39:20.008Z	DEBUG	replica=1	coded-hotterstuff/consensus.go:965	received vote	{"CURRENT VIEW": 21, "msg": "vote", "voter": 2, "view": 21, "hash": "0SZBQS4E4pFqiz2KHQNDBHMPXOkDtszRUc2EO9/2gmc="}
2022-11-27T04:39:20.033Z	DEBUG	replica=1	coded-hotterstuff/consensus.go:965	received vote	{"CURRENT VIEW": 21, "msg": "vote", "voter": 5, "view": 21, "hash": "0SZBQS4E4pFqiz2KHQNDBHMPXOkDtszRUc2EO9/2gmc="}
2022-11-27T04:39:20.038Z	DEBUG	replica=1	coded-hotterstuff/consensus.go:809	new block certified	{"CURRENT VIEW": 21, "view": 21, "hash": "0SZBQS4E4pFqiz2KHQNDBHMPXOkDtszRUc2EO9/2gmc="}
2022-11-27T04:39:20.038Z	DEBUG	replica=1	coded-hotterstuff/consensus.go:520	entered new view	{"CURRENT VIEW": 22, "view timeout": 2, "timedout": false}
2022-11-27T04:39:20.038Z	DEBUG	replica=1	coded-hotterstuff/consensus.go:544	replica is a leader for this view. waiting for data	{"CURRENT VIEW": 22}
2022-11-27T04:39:20.038Z	DEBUG	replica=1	coded-hotterstuff/consensus.go:520	entered new view	{"CURRENT VIEW": 22, "view timeout": 2, "timedout": false}
2022-11-27T04:39:20.038Z	DEBUG	replica=1	coded-hotterstuff/consensus.go:544	replica is a leader for this view. waiting for data	{"CURRENT VIEW": 22}
2022-11-27T04:39:20.042Z	DEBUG	replica=1	coded-hotterstuff/consensus.go:238	sending proposal	{"CURRENT VIEW": 22, "hash": "7Bb+cvmJVOtnuxbz/jTx3aPFOlXYkwYfrDz8TccKono=", "parent": "0SZBQS4E4pFqiz2KHQNDBHMPXOkDtszRUc2EO9/2gmc=", "signer": 1}
2022-11-27T04:39:20.043Z	DEBUG	replica=1	coded-hotterstuff/consensus.go:576	received proposal	{"CURRENT VIEW": 22, "msg": "proposal", "header view": 22, "prepare view": 21, "hash": "7Bb+cvmJVOtnuxbz/jTx3aPFOlXYkwYfrDz8TccKono=", "parent": "0SZBQS4E4pFqiz2KHQNDBHMPXOkDtszRUc2EO9/2gmc="}
2022-11-27T04:39:20.050Z	DEBUG	replica=1	coded-hotterstuff/consensus.go:788	new block locked	{"CURRENT VIEW": 22, "view": 20, "hash": "Dba/D48qmB3vVH8kTd18xxswcR8z4rJnptAsC3sfvzQ="}
2022-11-27T04:39:20.050Z	INFO	replica=1	coded-hotterstuff/consensus.go:797	new block commited	{"CURRENT VIEW": 22, "view": 19, "hash": "uSmPJ2ljy8Cf/kVdYaizGHLR6BOCKJsjlWDpYp2SPg4="}
2022-11-27T04:39:20.051Z	DEBUG	replica=1	coded-hotterstuff/consensus.go:678	proposal is safe to vote on	{"CURRENT VIEW": 22, "msg": "proposal", "header view": 22, "prepare view": 21, "hash": "7Bb+cvmJVOtnuxbz/jTx3aPFOlXYkwYfrDz8TccKono=", "parent": "0SZBQS4E4pFqiz2KHQNDBHMPXOkDtszRUc2EO9/2gmc="}
2022-11-27T04:39:20.053Z	DEBUG	replica=1	coded-hotterstuff/consensus.go:965	received vote	{"CURRENT VIEW": 22, "msg": "vote", "voter": 4, "view": 22, "hash": "0SZBQS4E4pFqiz2KHQNDBHMPXOkDtszRUc2EO9/2gmc="}
Node  1 +1 block finalized at time:  2022-11-27 04:39:20.054060209 +0000 UTC m=+83.242512624
2022-11-27T04:39:20.058Z	DEBUG	replica=1	coded-hotterstuff/consensus.go:520	entered new view	{"CURRENT VIEW": 22, "view timeout": 2, "timedout": false}
2022-11-27T04:39:20.058Z	DEBUG	replica=1	coded-hotterstuff/consensus.go:544	replica is a leader for this view. waiting for data	{"CURRENT VIEW": 22}
2022-11-27T04:39:20.062Z	DEBUG	replica=1	coded-hotterstuff/consensus.go:238	sending proposal	{"CURRENT VIEW": 22, "hash": "7Bb+cvmJVOtnuxbz/jTx3aPFOlXYkwYfrDz8TccKono=", "parent": "0SZBQS4E4pFqiz2KHQNDBHMPXOkDtszRUc2EO9/2gmc=", "signer": 1}
2022-11-27T04:39:20.062Z	DEBUG	replica=1	coded-hotterstuff/consensus.go:576	received proposal	{"CURRENT VIEW": 22, "msg": "proposal", "header view": 22, "prepare view": 21, "hash": "7Bb+cvmJVOtnuxbz/jTx3aPFOlXYkwYfrDz8TccKono=", "parent": "0SZBQS4E4pFqiz2KHQNDBHMPXOkDtszRUc2EO9/2gmc="}
2022-11-27T04:39:21.315Z	DEBUG	replica=1	coded-hotterstuff/consensus.go:965	received vote	{"CURRENT VIEW": 22, "msg": "vote", "voter": 3, "view": 22, "hash": "0SZBQS4E4pFqiz2KHQNDBHMPXOkDtszRUc2EO9/2gmc="}
2022-11-27T04:39:21.320Z	DEBUG	replica=1	coded-hotterstuff/consensus.go:520	entered new view	{"CURRENT VIEW": 22, "view timeout": 2, "timedout": false}
2022-11-27T04:39:21.321Z	DEBUG	replica=1	coded-hotterstuff/consensus.go:544	replica is a leader for this view. waiting for data	{"CURRENT VIEW": 22}
replica 1 is forwarding chunk to replica 2
replica 1 is forwarding chunk to replica 3
replica 1 is forwarding chunk to replica 4
replica 1 is forwarding chunk to replica 5
replica 1 is forwarding chunk to replica 6
2022-11-27T04:39:21.324Z	DEBUG	replica=1	coded-hotterstuff/consensus.go:238	sending proposal	{"CURRENT VIEW": 22, "hash": "7Bb+cvmJVOtnuxbz/jTx3aPFOlXYkwYfrDz8TccKono=", "parent": "0SZBQS4E4pFqiz2KHQNDBHMPXOkDtszRUc2EO9/2gmc=", "signer": 1}
2022-11-27T04:39:21.325Z	DEBUG	replica=1	coded-hotterstuff/consensus.go:576	received proposal	{"CURRENT VIEW": 22, "msg": "proposal", "header view": 22, "prepare view": 21, "hash": "7Bb+cvmJVOtnuxbz/jTx3aPFOlXYkwYfrDz8TccKono=", "parent": "0SZBQS4E4pFqiz2KHQNDBHMPXOkDtszRUc2EO9/2gmc="}
Decoded original proposal, time: 2022-11-27 04:39:21.469542564 +0000 UTC m=+84.657994990 header hash: [209 38 65 65 46 4 226 145 106 139 61 138 29 3 67 4 115 15 92 233 3 182 204 209 81 205 132 59 223 246 130 103]
2022-11-27T04:39:21.469Z	DEBUG	replica=1	coded-hotterstuff/consensus.go:576	received proposal	{"CURRENT VIEW": 22, "msg": "proposal", "header view": 21, "prepare view": 21, "hash": "0SZBQS4E4pFqiz2KHQNDBHMPXOkDtszRUc2EO9/2gmc=", "parent": "Dba/D48qmB3vVH8kTd18xxswcR8z4rJnptAsC3sfvzQ="}
2022-11-27T04:39:21.477Z	DEBUG	replica=1	coded-hotterstuff/consensus.go:667	proposal view doesn't match local view	{"CURRENT VIEW": 22, "msg": "proposal", "header view": 21, "prepare view": 21, "hash": "0SZBQS4E4pFqiz2KHQNDBHMPXOkDtszRUc2EO9/2gmc=", "parent": "Dba/D48qmB3vVH8kTd18xxswcR8z4rJnptAsC3sfvzQ="}
replica 1 is forwarding chunk to replica 2
replica 1 is forwarding chunk to replica 3
replica 1 is forwarding chunk to replica 4
replica 1 is forwarding chunk to replica 5
replica 1 is forwarding chunk to replica 6
Decoded original proposal, time: 2022-11-27 04:39:22.955034118 +0000 UTC m=+86.143486590 header hash: [209 38 65 65 46 4 226 145 106 139 61 138 29 3 67 4 115 15 92 233 3 182 204 209 81 205 132 59 223 246 130 103]
2022-11-27T04:39:22.955Z	DEBUG	replica=1	coded-hotterstuff/consensus.go:576	received proposal	{"CURRENT VIEW": 22, "msg": "proposal", "header view": 21, "prepare view": 21, "hash": "0SZBQS4E4pFqiz2KHQNDBHMPXOkDtszRUc2EO9/2gmc=", "parent": "Dba/D48qmB3vVH8kTd18xxswcR8z4rJnptAsC3sfvzQ="}
2022-11-27T04:39:22.963Z	DEBUG	replica=1	coded-hotterstuff/consensus.go:667	proposal view doesn't match local view	{"CURRENT VIEW": 22, "msg": "proposal", "header view": 21, "prepare view": 21, "hash": "0SZBQS4E4pFqiz2KHQNDBHMPXOkDtszRUc2EO9/2gmc=", "parent": "Dba/D48qmB3vVH8kTd18xxswcR8z4rJnptAsC3sfvzQ="}
replica 1 is forwarding chunk to replica 0
replica 1 is forwarding chunk to replica 3
replica 1 is forwarding chunk to replica 4
replica 1 is forwarding chunk to replica 5
replica 1 is forwarding chunk to replica 6
replica 1 is forwarding chunk to replica 0
replica 1 is forwarding chunk to replica 3
replica 1 is forwarding chunk to replica 4
replica 1 is forwarding chunk to replica 5
replica 1 is forwarding chunk to replica 6
replica 1 is forwarding chunk to replica 0
replica 1 is forwarding chunk to replica 3
replica 1 is forwarding chunk to replica 4
replica 1 is forwarding chunk to replica 5
replica 1 is forwarding chunk to replica 6
Decoded original proposal, time: 2022-11-27 04:39:29.188841976 +0000 UTC m=+92.377294447 header hash: [166 104 248 56 156 200 56 21 234 36 160 106 253 96 127 136 80 12 64 153 26 46 23 40 178 246 209 130 199 137 106 50]
2022-11-27T04:39:29.188Z	DEBUG	replica=1	coded-hotterstuff/consensus.go:576	received proposal	{"CURRENT VIEW": 22, "msg": "proposal", "header view": 23, "prepare view": 21, "hash": "pmj4OJzIOBXqJKBq/WB/iFAMQJkaLhcosvbRgseJajI=", "parent": "7Bb+cvmJVOtnuxbz/jTx3aPFOlXYkwYfrDz8TccKono="}
2022-11-27T04:39:29.196Z	DEBUG	replica=1	coded-hotterstuff/consensus.go:809	new block certified	{"CURRENT VIEW": 22, "view": 22, "hash": "7Bb+cvmJVOtnuxbz/jTx3aPFOlXYkwYfrDz8TccKono="}
2022-11-27T04:39:29.196Z	DEBUG	replica=1	coded-hotterstuff/consensus.go:520	entered new view	{"CURRENT VIEW": 23, "view timeout": 2, "timedout": false}
2022-11-27T04:39:29.196Z	DEBUG	replica=1	coded-hotterstuff/consensus.go:788	new block locked	{"CURRENT VIEW": 23, "view": 21, "hash": "0SZBQS4E4pFqiz2KHQNDBHMPXOkDtszRUc2EO9/2gmc="}
2022-11-27T04:39:29.196Z	INFO	replica=1	coded-hotterstuff/consensus.go:797	new block commited	{"CURRENT VIEW": 23, "view": 20, "hash": "Dba/D48qmB3vVH8kTd18xxswcR8z4rJnptAsC3sfvzQ="}
2022-11-27T04:39:29.197Z	DEBUG	replica=1	coded-hotterstuff/consensus.go:678	proposal is safe to vote on	{"CURRENT VIEW": 22, "msg": "proposal", "header view": 23, "prepare view": 21, "hash": "pmj4OJzIOBXqJKBq/WB/iFAMQJkaLhcosvbRgseJajI=", "parent": "7Bb+cvmJVOtnuxbz/jTx3aPFOlXYkwYfrDz8TccKono="}
Node  1 +1 block finalized at time:  2022-11-27 04:39:29.199639846 +0000 UTC m=+92.388092273
Decoded original proposal, time: 2022-11-27 04:39:30.379655359 +0000 UTC m=+93.568107799 header hash: [166 104 248 56 156 200 56 21 234 36 160 106 253 96 127 136 80 12 64 153 26 46 23 40 178 246 209 130 199 137 106 50]
2022-11-27T04:39:30.379Z	DEBUG	replica=1	coded-hotterstuff/consensus.go:576	received proposal	{"CURRENT VIEW": 23, "msg": "proposal", "header view": 23, "prepare view": 22, "hash": "pmj4OJzIOBXqJKBq/WB/iFAMQJkaLhcosvbRgseJajI=", "parent": "7Bb+cvmJVOtnuxbz/jTx3aPFOlXYkwYfrDz8TccKono="}
replica 1 is forwarding chunk to replica 0
replica 1 is forwarding chunk to replica 2
replica 1 is forwarding chunk to replica 4
replica 1 is forwarding chunk to replica 5
replica 1 is forwarding chunk to replica 6
Decoded original proposal, time: 2022-11-27 04:39:32.108697474 +0000 UTC m=+95.297149945 header hash: [166 104 248 56 156 200 56 21 234 36 160 106 253 96 127 136 80 12 64 153 26 46 23 40 178 246 209 130 199 137 106 50]
2022-11-27T04:39:32.108Z	DEBUG	replica=1	coded-hotterstuff/consensus.go:576	received proposal	{"CURRENT VIEW": 23, "msg": "proposal", "header view": 23, "prepare view": 22, "hash": "pmj4OJzIOBXqJKBq/WB/iFAMQJkaLhcosvbRgseJajI=", "parent": "7Bb+cvmJVOtnuxbz/jTx3aPFOlXYkwYfrDz8TccKono="}
replica 1 is forwarding chunk to replica 0
replica 1 is forwarding chunk to replica 2
replica 1 is forwarding chunk to replica 4
replica 1 is forwarding chunk to replica 5
replica 1 is forwarding chunk to replica 6
Decoded original proposal, time: 2022-11-27 04:39:33.408369175 +0000 UTC m=+96.596821601 header hash: [130 41 63 142 209 112 247 120 166 50 171 153 124 242 157 248 90 160 106 115 199 97 142 87 9 193 156 212 226 178 124 29]
2022-11-27T04:39:33.408Z	DEBUG	replica=1	coded-hotterstuff/consensus.go:576	received proposal	{"CURRENT VIEW": 23, "msg": "proposal", "header view": 24, "prepare view": 22, "hash": "gik/jtFw93imMquZfPKd+FqganPHYY5XCcGc1OKyfB0=", "parent": "pmj4OJzIOBXqJKBq/WB/iFAMQJkaLhcosvbRgseJajI="}
2022-11-27T04:39:33.415Z	DEBUG	replica=1	coded-hotterstuff/consensus.go:809	new block certified	{"CURRENT VIEW": 23, "view": 23, "hash": "pmj4OJzIOBXqJKBq/WB/iFAMQJkaLhcosvbRgseJajI="}
2022-11-27T04:39:33.415Z	DEBUG	replica=1	coded-hotterstuff/consensus.go:520	entered new view	{"CURRENT VIEW": 24, "view timeout": 2, "timedout": false}
2022-11-27T04:39:33.416Z	DEBUG	replica=1	coded-hotterstuff/consensus.go:788	new block locked	{"CURRENT VIEW": 24, "view": 22, "hash": "7Bb+cvmJVOtnuxbz/jTx3aPFOlXYkwYfrDz8TccKono="}
2022-11-27T04:39:33.416Z	INFO	replica=1	coded-hotterstuff/consensus.go:797	new block commited	{"CURRENT VIEW": 24, "view": 21, "hash": "0SZBQS4E4pFqiz2KHQNDBHMPXOkDtszRUc2EO9/2gmc="}
2022-11-27T04:39:33.416Z	DEBUG	replica=1	coded-hotterstuff/consensus.go:678	proposal is safe to vote on	{"CURRENT VIEW": 23, "msg": "proposal", "header view": 24, "prepare view": 22, "hash": "gik/jtFw93imMquZfPKd+FqganPHYY5XCcGc1OKyfB0=", "parent": "pmj4OJzIOBXqJKBq/WB/iFAMQJkaLhcosvbRgseJajI="}
Node  1 +1 block finalized at time:  2022-11-27 04:39:33.418838387 +0000 UTC m=+96.607290794
replica 1 is forwarding chunk to replica 0
replica 1 is forwarding chunk to replica 2
replica 1 is forwarding chunk to replica 4
replica 1 is forwarding chunk to replica 5
replica 1 is forwarding chunk to replica 6
replica 1 is forwarding chunk to replica 0
replica 1 is forwarding chunk to replica 2
replica 1 is forwarding chunk to replica 3
replica 1 is forwarding chunk to replica 5
replica 1 is forwarding chunk to replica 6
Decoded original proposal, time: 2022-11-27 04:39:34.942186053 +0000 UTC m=+98.130638518 header hash: [130 41 63 142 209 112 247 120 166 50 171 153 124 242 157 248 90 160 106 115 199 97 142 87 9 193 156 212 226 178 124 29]
2022-11-27T04:39:34.942Z	DEBUG	replica=1	coded-hotterstuff/consensus.go:576	received proposal	{"CURRENT VIEW": 24, "msg": "proposal", "header view": 24, "prepare view": 23, "hash": "gik/jtFw93imMquZfPKd+FqganPHYY5XCcGc1OKyfB0=", "parent": "pmj4OJzIOBXqJKBq/WB/iFAMQJkaLhcosvbRgseJajI="}
Decoded original proposal, time: 2022-11-27 04:39:36.748886119 +0000 UTC m=+99.937338583 header hash: [82 12 33 240 93 197 165 1 94 69 38 44 114 111 131 23 13 53 141 22 127 230 180 195 211 17 240 209 42 66 163 191]
2022-11-27T04:39:36.748Z	DEBUG	replica=1	coded-hotterstuff/consensus.go:576	received proposal	{"CURRENT VIEW": 24, "msg": "proposal", "header view": 25, "prepare view": 23, "hash": "Ugwh8F3FpQFeRSYscm+DFw01jRZ/5rTD0xHw0SpCo78=", "parent": "gik/jtFw93imMquZfPKd+FqganPHYY5XCcGc1OKyfB0="}
2022-11-27T04:39:36.757Z	DEBUG	replica=1	coded-hotterstuff/consensus.go:809	new block certified	{"CURRENT VIEW": 24, "view": 24, "hash": "gik/jtFw93imMquZfPKd+FqganPHYY5XCcGc1OKyfB0="}
2022-11-27T04:39:36.757Z	DEBUG	replica=1	coded-hotterstuff/consensus.go:520	entered new view	{"CURRENT VIEW": 25, "view timeout": 2, "timedout": false}
2022-11-27T04:39:36.758Z	DEBUG	replica=1	coded-hotterstuff/consensus.go:788	new block locked	{"CURRENT VIEW": 25, "view": 23, "hash": "pmj4OJzIOBXqJKBq/WB/iFAMQJkaLhcosvbRgseJajI="}
2022-11-27T04:39:36.758Z	INFO	replica=1	coded-hotterstuff/consensus.go:797	new block commited	{"CURRENT VIEW": 25, "view": 22, "hash": "7Bb+cvmJVOtnuxbz/jTx3aPFOlXYkwYfrDz8TccKono="}
2022-11-27T04:39:36.760Z	DEBUG	replica=1	coded-hotterstuff/consensus.go:678	proposal is safe to vote on	{"CURRENT VIEW": 24, "msg": "proposal", "header view": 25, "prepare view": 23, "hash": "Ugwh8F3FpQFeRSYscm+DFw01jRZ/5rTD0xHw0SpCo78=", "parent": "gik/jtFw93imMquZfPKd+FqganPHYY5XCcGc1OKyfB0="}
Node  1 +1 block finalized at time:  2022-11-27 04:39:36.763071832 +0000 UTC m=+99.951524238
Decoded original proposal, time: 2022-11-27 04:39:36.982085475 +0000 UTC m=+100.170537940 header hash: [130 41 63 142 209 112 247 120 166 50 171 153 124 242 157 248 90 160 106 115 199 97 142 87 9 193 156 212 226 178 124 29]
2022-11-27T04:39:36.982Z	DEBUG	replica=1	coded-hotterstuff/consensus.go:576	received proposal	{"CURRENT VIEW": 25, "msg": "proposal", "header view": 24, "prepare view": 24, "hash": "gik/jtFw93imMquZfPKd+FqganPHYY5XCcGc1OKyfB0=", "parent": "pmj4OJzIOBXqJKBq/WB/iFAMQJkaLhcosvbRgseJajI="}
2022-11-27T04:39:36.991Z	DEBUG	replica=1	coded-hotterstuff/consensus.go:667	proposal view doesn't match local view	{"CURRENT VIEW": 25, "msg": "proposal", "header view": 24, "prepare view": 24, "hash": "gik/jtFw93imMquZfPKd+FqganPHYY5XCcGc1OKyfB0=", "parent": "pmj4OJzIOBXqJKBq/WB/iFAMQJkaLhcosvbRgseJajI="}
replica 1 is forwarding chunk to replica 0
replica 1 is forwarding chunk to replica 2
replica 1 is forwarding chunk to replica 3
replica 1 is forwarding chunk to replica 5
replica 1 is forwarding chunk to replica 6
replica 1 is forwarding chunk to replica 0
replica 1 is forwarding chunk to replica 2
replica 1 is forwarding chunk to replica 3
replica 1 is forwarding chunk to replica 5
replica 1 is forwarding chunk to replica 6
Decoded original proposal, time: 2022-11-27 04:39:38.570618676 +0000 UTC m=+101.759071147 header hash: [82 12 33 240 93 197 165 1 94 69 38 44 114 111 131 23 13 53 141 22 127 230 180 195 211 17 240 209 42 66 163 191]
2022-11-27T04:39:38.570Z	DEBUG	replica=1	coded-hotterstuff/consensus.go:576	received proposal	{"CURRENT VIEW": 25, "msg": "proposal", "header view": 25, "prepare view": 24, "hash": "Ugwh8F3FpQFeRSYscm+DFw01jRZ/5rTD0xHw0SpCo78=", "parent": "gik/jtFw93imMquZfPKd+FqganPHYY5XCcGc1OKyfB0="}
replica 1 is forwarding chunk to replica 0
replica 1 is forwarding chunk to replica 2
replica 1 is forwarding chunk to replica 3
replica 1 is forwarding chunk to replica 4
replica 1 is forwarding chunk to replica 6
replica 1 is forwarding chunk to replica 0
replica 1 is forwarding chunk to replica 2
replica 1 is forwarding chunk to replica 3
replica 1 is forwarding chunk to replica 4
replica 1 is forwarding chunk to replica 6
Decoded original proposal, time: 2022-11-27 04:39:40.475488576 +0000 UTC m=+103.663941002 header hash: [82 12 33 240 93 197 165 1 94 69 38 44 114 111 131 23 13 53 141 22 127 230 180 195 211 17 240 209 42 66 163 191]
2022-11-27T04:39:40.475Z	DEBUG	replica=1	coded-hotterstuff/consensus.go:576	received proposal	{"CURRENT VIEW": 25, "msg": "proposal", "header view": 25, "prepare view": 24, "hash": "Ugwh8F3FpQFeRSYscm+DFw01jRZ/5rTD0xHw0SpCo78=", "parent": "gik/jtFw93imMquZfPKd+FqganPHYY5XCcGc1OKyfB0="}
Decoded original proposal, time: 2022-11-27 04:39:40.775660877 +0000 UTC m=+103.964113357 header hash: [4 92 222 242 88 244 7 42 136 122 14 69 49 227 58 66 22 66 11 141 253 91 119 103 62 24 21 53 219 2 9 239]
2022-11-27T04:39:40.775Z	DEBUG	replica=1	coded-hotterstuff/consensus.go:576	received proposal	{"CURRENT VIEW": 25, "msg": "proposal", "header view": 26, "prepare view": 24, "hash": "BFze8lj0ByqIeg5FMeM6QhZCC439W3dnPhgVNdsCCe8=", "parent": "Ugwh8F3FpQFeRSYscm+DFw01jRZ/5rTD0xHw0SpCo78="}
2022-11-27T04:39:40.783Z	DEBUG	replica=1	coded-hotterstuff/consensus.go:809	new block certified	{"CURRENT VIEW": 25, "view": 25, "hash": "Ugwh8F3FpQFeRSYscm+DFw01jRZ/5rTD0xHw0SpCo78="}
2022-11-27T04:39:40.784Z	DEBUG	replica=1	coded-hotterstuff/consensus.go:520	entered new view	{"CURRENT VIEW": 26, "view timeout": 2, "timedout": false}
2022-11-27T04:39:40.784Z	DEBUG	replica=1	coded-hotterstuff/consensus.go:788	new block locked	{"CURRENT VIEW": 26, "view": 24, "hash": "gik/jtFw93imMquZfPKd+FqganPHYY5XCcGc1OKyfB0="}
2022-11-27T04:39:40.784Z	INFO	replica=1	coded-hotterstuff/consensus.go:797	new block commited	{"CURRENT VIEW": 26, "view": 23, "hash": "pmj4OJzIOBXqJKBq/WB/iFAMQJkaLhcosvbRgseJajI="}
2022-11-27T04:39:40.785Z	DEBUG	replica=1	coded-hotterstuff/consensus.go:678	proposal is safe to vote on	{"CURRENT VIEW": 25, "msg": "proposal", "header view": 26, "prepare view": 24, "hash": "BFze8lj0ByqIeg5FMeM6QhZCC439W3dnPhgVNdsCCe8=", "parent": "Ugwh8F3FpQFeRSYscm+DFw01jRZ/5rTD0xHw0SpCo78="}
Node  1 +1 block finalized at time:  2022-11-27 04:39:40.787589842 +0000 UTC m=+103.976042248
replica 1 is forwarding chunk to replica 0
replica 1 is forwarding chunk to replica 2
replica 1 is forwarding chunk to replica 3
replica 1 is forwarding chunk to replica 4
replica 1 is forwarding chunk to replica 6
Decoded original proposal, time: 2022-11-27 04:39:42.293255835 +0000 UTC m=+105.481708305 header hash: [4 92 222 242 88 244 7 42 136 122 14 69 49 227 58 66 22 66 11 141 253 91 119 103 62 24 21 53 219 2 9 239]
2022-11-27T04:39:42.293Z	DEBUG	replica=1	coded-hotterstuff/consensus.go:576	received proposal	{"CURRENT VIEW": 26, "msg": "proposal", "header view": 26, "prepare view": 25, "hash": "BFze8lj0ByqIeg5FMeM6QhZCC439W3dnPhgVNdsCCe8=", "parent": "Ugwh8F3FpQFeRSYscm+DFw01jRZ/5rTD0xHw0SpCo78="}
