Node index: 5
[10.0.1.0:9000 10.0.1.2:9001 10.0.1.4:9002 10.0.1.6:9003 10.0.1.8:9004 10.0.1.10:9005 10.0.1.12:9006]
node 5 initiating connection to 10.0.1.4:9002
node 5 initiating connection to 10.0.1.2:9001
node 5 initiating connection to 10.0.1.6:9003
node 5 initiating connection to 10.0.1.8:9004
node 5 initiating connection to 10.0.1.0:9000
2022-11-27T04:37:56.881Z	DEBUG	replica=5	coded-hotterstuff/consensus.go:520	entered new view	{"CURRENT VIEW": 1, "view timeout": 2, "timedout": false}
node 5 successfully initiated connection to 10.0.1.6:9003
node 5 successfully initiated connection to 10.0.1.2:9001
node 5 successfully initiated connection to 10.0.1.4:9002
node 5 successfully initiated connection to 10.0.1.8:9004
node 5 successfully initiated connection to 10.0.1.0:9000
connection established 5 - 6
Node  5 -->  Listening for messages... 
connection established 5 - 2
Node  5 -->  Listening for messages... 
connection established 5 - 3
Node  5 -->  Listening for messages... 
connection established 5 - 1
Node  5 -->  Listening for messages... 
connection established 5 - 0
Node  5 -->  Listening for messages... 
connection established 5 - 4
Node  5 -->  Listening for messages... 
replica 5 is forwarding chunk to replica 0
replica 5 is forwarding chunk to replica 2
replica 5 is forwarding chunk to replica 3
replica 5 is forwarding chunk to replica 4
replica 5 is forwarding chunk to replica 6
Decoded original proposal, time: 2022-11-27 04:37:59.43651342 +0000 UTC m=+2.637255130 header hash: [72 160 180 233 149 231 108 139 103 97 149 83 197 114 214 128 107 110 76 231 61 205 42 18 190 82 86 133 4 78 235 255]
2022-11-27T04:37:59.436Z	DEBUG	replica=5	coded-hotterstuff/consensus.go:576	received proposal	{"CURRENT VIEW": 1, "msg": "proposal", "header view": 1, "prepare view": 0, "hash": "SKC06ZXnbItnYZVTxXLWgGtuTOc9zSoSvlJWhQRO6/8=", "parent": "GZWDhiYW+ib6TpJWRLDOftUd8y8ovAaEerQWDbefS7c="}
2022-11-27T04:37:59.448Z	DEBUG	replica=5	coded-hotterstuff/consensus.go:777	could not find gparent header	{"CURRENT VIEW": 1, "view": 0, "hash": "GZWDhiYW+ib6TpJWRLDOftUd8y8ovAaEerQWDbefS7c="}
2022-11-27T04:37:59.453Z	DEBUG	replica=5	coded-hotterstuff/consensus.go:678	proposal is safe to vote on	{"CURRENT VIEW": 1, "msg": "proposal", "header view": 1, "prepare view": 0, "hash": "SKC06ZXnbItnYZVTxXLWgGtuTOc9zSoSvlJWhQRO6/8=", "parent": "GZWDhiYW+ib6TpJWRLDOftUd8y8ovAaEerQWDbefS7c="}
replica 5 is forwarding chunk to replica 0
replica 5 is forwarding chunk to replica 1
replica 5 is forwarding chunk to replica 3
replica 5 is forwarding chunk to replica 4
replica 5 is forwarding chunk to replica 6
Decoded original proposal, time: 2022-11-27 04:38:02.008536118 +0000 UTC m=+5.209277826 header hash: [112 240 93 77 174 234 64 155 158 20 106 227 158 234 134 149 230 112 20 24 127 150 17 128 149 69 129 124 42 247 80 171]
2022-11-27T04:38:02.008Z	DEBUG	replica=5	coded-hotterstuff/consensus.go:576	received proposal	{"CURRENT VIEW": 1, "msg": "proposal", "header view": 2, "prepare view": 0, "hash": "cPBdTa7qQJueFGrjnuqGleZwFBh/lhGAlUWBfCr3UKs=", "parent": "SKC06ZXnbItnYZVTxXLWgGtuTOc9zSoSvlJWhQRO6/8="}
2022-11-27T04:38:02.016Z	DEBUG	replica=5	coded-hotterstuff/consensus.go:809	new block certified	{"CURRENT VIEW": 1, "view": 1, "hash": "SKC06ZXnbItnYZVTxXLWgGtuTOc9zSoSvlJWhQRO6/8="}
2022-11-27T04:38:02.016Z	DEBUG	replica=5	coded-hotterstuff/consensus.go:520	entered new view	{"CURRENT VIEW": 2, "view timeout": 2, "timedout": false}
2022-11-27T04:38:02.016Z	DEBUG	replica=5	coded-hotterstuff/consensus.go:782	could not find ggparent header	{"CURRENT VIEW": 2, "view": 0, "hash": "GZWDhiYW+ib6TpJWRLDOftUd8y8ovAaEerQWDbefS7c="}
2022-11-27T04:38:02.017Z	DEBUG	replica=5	coded-hotterstuff/consensus.go:678	proposal is safe to vote on	{"CURRENT VIEW": 1, "msg": "proposal", "header view": 2, "prepare view": 0, "hash": "cPBdTa7qQJueFGrjnuqGleZwFBh/lhGAlUWBfCr3UKs=", "parent": "SKC06ZXnbItnYZVTxXLWgGtuTOc9zSoSvlJWhQRO6/8="}
replica 5 is forwarding chunk to replica 0
replica 5 is forwarding chunk to replica 1
replica 5 is forwarding chunk to replica 3
replica 5 is forwarding chunk to replica 4
replica 5 is forwarding chunk to replica 6
Decoded original proposal, time: 2022-11-27 04:38:03.295152594 +0000 UTC m=+6.495894306 header hash: [112 240 93 77 174 234 64 155 158 20 106 227 158 234 134 149 230 112 20 24 127 150 17 128 149 69 129 124 42 247 80 171]
2022-11-27T04:38:03.295Z	DEBUG	replica=5	coded-hotterstuff/consensus.go:576	received proposal	{"CURRENT VIEW": 2, "msg": "proposal", "header view": 2, "prepare view": 1, "hash": "cPBdTa7qQJueFGrjnuqGleZwFBh/lhGAlUWBfCr3UKs=", "parent": "SKC06ZXnbItnYZVTxXLWgGtuTOc9zSoSvlJWhQRO6/8="}
2022-11-27T04:38:03.302Z	DEBUG	replica=5	coded-hotterstuff/consensus.go:782	could not find ggparent header	{"CURRENT VIEW": 2, "view": 0, "hash": "GZWDhiYW+ib6TpJWRLDOftUd8y8ovAaEerQWDbefS7c="}
replica 5 is forwarding chunk to replica 0
replica 5 is forwarding chunk to replica 1
replica 5 is forwarding chunk to replica 2
replica 5 is forwarding chunk to replica 4
replica 5 is forwarding chunk to replica 6
Decoded original proposal, time: 2022-11-27 04:38:05.876440592 +0000 UTC m=+9.077182348 header hash: [112 177 115 22 63 1 229 2 188 132 41 134 91 243 148 216 155 140 26 48 57 5 100 136 252 109 95 105 67 73 234 227]
2022-11-27T04:38:05.876Z	DEBUG	replica=5	coded-hotterstuff/consensus.go:576	received proposal	{"CURRENT VIEW": 2, "msg": "proposal", "header view": 3, "prepare view": 1, "hash": "cLFzFj8B5QK8hCmGW/OU2JuMGjA5BWSI/G1faUNJ6uM=", "parent": "cPBdTa7qQJueFGrjnuqGleZwFBh/lhGAlUWBfCr3UKs="}
2022-11-27T04:38:05.884Z	DEBUG	replica=5	coded-hotterstuff/consensus.go:809	new block certified	{"CURRENT VIEW": 2, "view": 2, "hash": "cPBdTa7qQJueFGrjnuqGleZwFBh/lhGAlUWBfCr3UKs="}
2022-11-27T04:38:05.884Z	DEBUG	replica=5	coded-hotterstuff/consensus.go:520	entered new view	{"CURRENT VIEW": 3, "view timeout": 2, "timedout": false}
2022-11-27T04:38:05.884Z	DEBUG	replica=5	coded-hotterstuff/consensus.go:788	new block locked	{"CURRENT VIEW": 3, "view": 1, "hash": "SKC06ZXnbItnYZVTxXLWgGtuTOc9zSoSvlJWhQRO6/8="}
2022-11-27T04:38:05.886Z	DEBUG	replica=5	coded-hotterstuff/consensus.go:678	proposal is safe to vote on	{"CURRENT VIEW": 2, "msg": "proposal", "header view": 3, "prepare view": 1, "hash": "cLFzFj8B5QK8hCmGW/OU2JuMGjA5BWSI/G1faUNJ6uM=", "parent": "cPBdTa7qQJueFGrjnuqGleZwFBh/lhGAlUWBfCr3UKs="}
replica 5 is forwarding chunk to replica 0
replica 5 is forwarding chunk to replica 1
replica 5 is forwarding chunk to replica 2
replica 5 is forwarding chunk to replica 4
replica 5 is forwarding chunk to replica 6
replica 5 is forwarding chunk to replica 0
replica 5 is forwarding chunk to replica 1
replica 5 is forwarding chunk to replica 2
replica 5 is forwarding chunk to replica 4
replica 5 is forwarding chunk to replica 6
Decoded original proposal, time: 2022-11-27 04:38:07.217360755 +0000 UTC m=+10.418102494 header hash: [112 177 115 22 63 1 229 2 188 132 41 134 91 243 148 216 155 140 26 48 57 5 100 136 252 109 95 105 67 73 234 227]
2022-11-27T04:38:07.217Z	DEBUG	replica=5	coded-hotterstuff/consensus.go:576	received proposal	{"CURRENT VIEW": 3, "msg": "proposal", "header view": 3, "prepare view": 2, "hash": "cLFzFj8B5QK8hCmGW/OU2JuMGjA5BWSI/G1faUNJ6uM=", "parent": "cPBdTa7qQJueFGrjnuqGleZwFBh/lhGAlUWBfCr3UKs="}
replica 5 is forwarding chunk to replica 0
replica 5 is forwarding chunk to replica 1
replica 5 is forwarding chunk to replica 2
replica 5 is forwarding chunk to replica 3
replica 5 is forwarding chunk to replica 6
2022-11-27T04:38:08.918Z	DEBUG	replica=5	coded-hotterstuff/consensus.go:965	received vote	{"CURRENT VIEW": 3, "msg": "vote", "voter": 4, "view": 3, "hash": "8WqYPi7RnJLtEHQ0we0AUFXAprYP7gJj7Cq2GuiCGb4="}
Node  5  received vote before proposal, saving vote in pending votes, hash is  [241 106 152 62 46 209 156 146 237 16 116 52 193 237 0 80 85 192 166 182 15 238 2 99 236 42 182 26 232 130 25 190]  and string is,  4
2022-11-27T04:38:08.918Z	DEBUG	replica=5	coded-hotterstuff/consensus.go:970	Received vote before proposal, key is, 4	{"CURRENT VIEW": 3}
Decoded original proposal, time: 2022-11-27 04:38:09.063624794 +0000 UTC m=+12.264366502 header hash: [112 177 115 22 63 1 229 2 188 132 41 134 91 243 148 216 155 140 26 48 57 5 100 136 252 109 95 105 67 73 234 227]
2022-11-27T04:38:09.063Z	DEBUG	replica=5	coded-hotterstuff/consensus.go:576	received proposal	{"CURRENT VIEW": 3, "msg": "proposal", "header view": 3, "prepare view": 2, "hash": "cLFzFj8B5QK8hCmGW/OU2JuMGjA5BWSI/G1faUNJ6uM=", "parent": "cPBdTa7qQJueFGrjnuqGleZwFBh/lhGAlUWBfCr3UKs="}
Decoded original proposal, time: 2022-11-27 04:38:10.217048639 +0000 UTC m=+13.417790393 header hash: [241 106 152 62 46 209 156 146 237 16 116 52 193 237 0 80 85 192 166 182 15 238 2 99 236 42 182 26 232 130 25 190]
2022-11-27T04:38:10.217Z	DEBUG	replica=5	coded-hotterstuff/consensus.go:576	received proposal	{"CURRENT VIEW": 3, "msg": "proposal", "header view": 4, "prepare view": 2, "hash": "8WqYPi7RnJLtEHQ0we0AUFXAprYP7gJj7Cq2GuiCGb4=", "parent": "cLFzFj8B5QK8hCmGW/OU2JuMGjA5BWSI/G1faUNJ6uM="}
2022-11-27T04:38:10.226Z	DEBUG	replica=5	coded-hotterstuff/consensus.go:809	new block certified	{"CURRENT VIEW": 3, "view": 3, "hash": "cLFzFj8B5QK8hCmGW/OU2JuMGjA5BWSI/G1faUNJ6uM="}
2022-11-27T04:38:10.226Z	DEBUG	replica=5	coded-hotterstuff/consensus.go:520	entered new view	{"CURRENT VIEW": 4, "view timeout": 2, "timedout": false}
2022-11-27T04:38:10.226Z	DEBUG	replica=5	coded-hotterstuff/consensus.go:535	replica is a leader for next view. collecting new-view messages	{"CURRENT VIEW": 4}
2022-11-27T04:38:10.226Z	DEBUG	replica=5	coded-hotterstuff/consensus.go:788	new block locked	{"CURRENT VIEW": 4, "view": 2, "hash": "cPBdTa7qQJueFGrjnuqGleZwFBh/lhGAlUWBfCr3UKs="}
2022-11-27T04:38:10.226Z	INFO	replica=5	coded-hotterstuff/consensus.go:797	new block commited	{"CURRENT VIEW": 4, "view": 1, "hash": "SKC06ZXnbItnYZVTxXLWgGtuTOc9zSoSvlJWhQRO6/8="}
2022-11-27T04:38:10.228Z	DEBUG	replica=5	coded-hotterstuff/consensus.go:678	proposal is safe to vote on	{"CURRENT VIEW": 3, "msg": "proposal", "header view": 4, "prepare view": 2, "hash": "8WqYPi7RnJLtEHQ0we0AUFXAprYP7gJj7Cq2GuiCGb4=", "parent": "cLFzFj8B5QK8hCmGW/OU2JuMGjA5BWSI/G1faUNJ6uM="}
2022-11-27T04:38:10.228Z	DEBUG	replica=5	coded-hotterstuff/consensus.go:758	Taking care of pending vote 4	{"CURRENT VIEW": 4}
2022-11-27T04:38:10.228Z	DEBUG	replica=5	coded-hotterstuff/consensus.go:965	received vote	{"CURRENT VIEW": 4, "msg": "vote", "voter": 4, "view": 4, "hash": "8WqYPi7RnJLtEHQ0we0AUFXAprYP7gJj7Cq2GuiCGb4="}
2022-11-27T04:38:10.235Z	DEBUG	replica=5	coded-hotterstuff/consensus.go:965	received vote	{"CURRENT VIEW": 4, "msg": "vote", "voter": 5, "view": 4, "hash": "8WqYPi7RnJLtEHQ0we0AUFXAprYP7gJj7Cq2GuiCGb4="}
2022-11-27T04:38:10.241Z	DEBUG	replica=5	coded-hotterstuff/consensus.go:965	received vote	{"CURRENT VIEW": 4, "msg": "vote", "voter": 6, "view": 4, "hash": "8WqYPi7RnJLtEHQ0we0AUFXAprYP7gJj7Cq2GuiCGb4="}
Node  5 +1 block finalized at time:  2022-11-27 04:38:10.241150161 +0000 UTC m=+13.441891868
2022-11-27T04:38:10.312Z	DEBUG	replica=5	coded-hotterstuff/consensus.go:965	received vote	{"CURRENT VIEW": 4, "msg": "vote", "voter": 2, "view": 4, "hash": "8WqYPi7RnJLtEHQ0we0AUFXAprYP7gJj7Cq2GuiCGb4="}
2022-11-27T04:38:10.317Z	DEBUG	replica=5	coded-hotterstuff/consensus.go:965	received vote	{"CURRENT VIEW": 4, "msg": "vote", "voter": 0, "view": 4, "hash": "8WqYPi7RnJLtEHQ0we0AUFXAprYP7gJj7Cq2GuiCGb4="}
2022-11-27T04:38:10.323Z	DEBUG	replica=5	coded-hotterstuff/consensus.go:809	new block certified	{"CURRENT VIEW": 4, "view": 4, "hash": "8WqYPi7RnJLtEHQ0we0AUFXAprYP7gJj7Cq2GuiCGb4="}
2022-11-27T04:38:10.323Z	DEBUG	replica=5	coded-hotterstuff/consensus.go:520	entered new view	{"CURRENT VIEW": 5, "view timeout": 2, "timedout": false}
2022-11-27T04:38:10.323Z	DEBUG	replica=5	coded-hotterstuff/consensus.go:544	replica is a leader for this view. waiting for data	{"CURRENT VIEW": 5}
2022-11-27T04:38:10.323Z	DEBUG	replica=5	coded-hotterstuff/consensus.go:520	entered new view	{"CURRENT VIEW": 5, "view timeout": 2, "timedout": false}
2022-11-27T04:38:10.323Z	DEBUG	replica=5	coded-hotterstuff/consensus.go:544	replica is a leader for this view. waiting for data	{"CURRENT VIEW": 5}
2022-11-27T04:38:10.327Z	DEBUG	replica=5	coded-hotterstuff/consensus.go:238	sending proposal	{"CURRENT VIEW": 5, "hash": "jgrj6scOqMsv2tOI5ilebUQ0EAUbjhBGBRf6AbYZ3ZQ=", "parent": "8WqYPi7RnJLtEHQ0we0AUFXAprYP7gJj7Cq2GuiCGb4=", "signer": 5}
2022-11-27T04:38:10.327Z	DEBUG	replica=5	coded-hotterstuff/consensus.go:576	received proposal	{"CURRENT VIEW": 5, "msg": "proposal", "header view": 5, "prepare view": 4, "hash": "jgrj6scOqMsv2tOI5ilebUQ0EAUbjhBGBRf6AbYZ3ZQ=", "parent": "8WqYPi7RnJLtEHQ0we0AUFXAprYP7gJj7Cq2GuiCGb4="}
2022-11-27T04:38:10.336Z	DEBUG	replica=5	coded-hotterstuff/consensus.go:788	new block locked	{"CURRENT VIEW": 5, "view": 3, "hash": "cLFzFj8B5QK8hCmGW/OU2JuMGjA5BWSI/G1faUNJ6uM="}
2022-11-27T04:38:10.336Z	INFO	replica=5	coded-hotterstuff/consensus.go:797	new block commited	{"CURRENT VIEW": 5, "view": 2, "hash": "cPBdTa7qQJueFGrjnuqGleZwFBh/lhGAlUWBfCr3UKs="}
2022-11-27T04:38:10.337Z	DEBUG	replica=5	coded-hotterstuff/consensus.go:678	proposal is safe to vote on	{"CURRENT VIEW": 5, "msg": "proposal", "header view": 5, "prepare view": 4, "hash": "jgrj6scOqMsv2tOI5ilebUQ0EAUbjhBGBRf6AbYZ3ZQ=", "parent": "8WqYPi7RnJLtEHQ0we0AUFXAprYP7gJj7Cq2GuiCGb4="}
Node  5 +1 block finalized at time:  2022-11-27 04:38:10.339753775 +0000 UTC m=+13.540495481
2022-11-27T04:38:10.449Z	DEBUG	replica=5	coded-hotterstuff/consensus.go:965	received vote	{"CURRENT VIEW": 5, "msg": "vote", "voter": 1, "view": 5, "hash": "8WqYPi7RnJLtEHQ0we0AUFXAprYP7gJj7Cq2GuiCGb4="}
2022-11-27T04:38:10.455Z	DEBUG	replica=5	coded-hotterstuff/consensus.go:520	entered new view	{"CURRENT VIEW": 5, "view timeout": 2, "timedout": false}
2022-11-27T04:38:10.455Z	DEBUG	replica=5	coded-hotterstuff/consensus.go:544	replica is a leader for this view. waiting for data	{"CURRENT VIEW": 5}
2022-11-27T04:38:10.459Z	DEBUG	replica=5	coded-hotterstuff/consensus.go:238	sending proposal	{"CURRENT VIEW": 5, "hash": "jgrj6scOqMsv2tOI5ilebUQ0EAUbjhBGBRf6AbYZ3ZQ=", "parent": "8WqYPi7RnJLtEHQ0we0AUFXAprYP7gJj7Cq2GuiCGb4=", "signer": 5}
2022-11-27T04:38:10.459Z	DEBUG	replica=5	coded-hotterstuff/consensus.go:576	received proposal	{"CURRENT VIEW": 5, "msg": "proposal", "header view": 5, "prepare view": 4, "hash": "jgrj6scOqMsv2tOI5ilebUQ0EAUbjhBGBRf6AbYZ3ZQ=", "parent": "8WqYPi7RnJLtEHQ0we0AUFXAprYP7gJj7Cq2GuiCGb4="}
2022-11-27T04:38:10.689Z	DEBUG	replica=5	coded-hotterstuff/consensus.go:965	received vote	{"CURRENT VIEW": 5, "msg": "vote", "voter": 3, "view": 5, "hash": "8WqYPi7RnJLtEHQ0we0AUFXAprYP7gJj7Cq2GuiCGb4="}
2022-11-27T04:38:10.695Z	DEBUG	replica=5	coded-hotterstuff/consensus.go:520	entered new view	{"CURRENT VIEW": 5, "view timeout": 2, "timedout": false}
2022-11-27T04:38:10.695Z	DEBUG	replica=5	coded-hotterstuff/consensus.go:544	replica is a leader for this view. waiting for data	{"CURRENT VIEW": 5}
2022-11-27T04:38:10.698Z	DEBUG	replica=5	coded-hotterstuff/consensus.go:238	sending proposal	{"CURRENT VIEW": 5, "hash": "jgrj6scOqMsv2tOI5ilebUQ0EAUbjhBGBRf6AbYZ3ZQ=", "parent": "8WqYPi7RnJLtEHQ0we0AUFXAprYP7gJj7Cq2GuiCGb4=", "signer": 5}
2022-11-27T04:38:10.699Z	DEBUG	replica=5	coded-hotterstuff/consensus.go:576	received proposal	{"CURRENT VIEW": 5, "msg": "proposal", "header view": 5, "prepare view": 4, "hash": "jgrj6scOqMsv2tOI5ilebUQ0EAUbjhBGBRf6AbYZ3ZQ=", "parent": "8WqYPi7RnJLtEHQ0we0AUFXAprYP7gJj7Cq2GuiCGb4="}
replica 5 is forwarding chunk to replica 0
replica 5 is forwarding chunk to replica 1
replica 5 is forwarding chunk to replica 2
replica 5 is forwarding chunk to replica 3
replica 5 is forwarding chunk to replica 6
Decoded original proposal, time: 2022-11-27 04:38:12.341582709 +0000 UTC m=+15.542324415 header hash: [241 106 152 62 46 209 156 146 237 16 116 52 193 237 0 80 85 192 166 182 15 238 2 99 236 42 182 26 232 130 25 190]
2022-11-27T04:38:12.341Z	DEBUG	replica=5	coded-hotterstuff/consensus.go:576	received proposal	{"CURRENT VIEW": 5, "msg": "proposal", "header view": 4, "prepare view": 4, "hash": "8WqYPi7RnJLtEHQ0we0AUFXAprYP7gJj7Cq2GuiCGb4=", "parent": "cLFzFj8B5QK8hCmGW/OU2JuMGjA5BWSI/G1faUNJ6uM="}
2022-11-27T04:38:12.350Z	DEBUG	replica=5	coded-hotterstuff/consensus.go:667	proposal view doesn't match local view	{"CURRENT VIEW": 5, "msg": "proposal", "header view": 4, "prepare view": 4, "hash": "8WqYPi7RnJLtEHQ0we0AUFXAprYP7gJj7Cq2GuiCGb4=", "parent": "cLFzFj8B5QK8hCmGW/OU2JuMGjA5BWSI/G1faUNJ6uM="}
replica 5 is forwarding chunk to replica 0
replica 5 is forwarding chunk to replica 1
replica 5 is forwarding chunk to replica 2
replica 5 is forwarding chunk to replica 3
replica 5 is forwarding chunk to replica 6
Decoded original proposal, time: 2022-11-27 04:38:14.133111656 +0000 UTC m=+17.333853383 header hash: [241 106 152 62 46 209 156 146 237 16 116 52 193 237 0 80 85 192 166 182 15 238 2 99 236 42 182 26 232 130 25 190]
2022-11-27T04:38:14.133Z	DEBUG	replica=5	coded-hotterstuff/consensus.go:576	received proposal	{"CURRENT VIEW": 5, "msg": "proposal", "header view": 4, "prepare view": 4, "hash": "8WqYPi7RnJLtEHQ0we0AUFXAprYP7gJj7Cq2GuiCGb4=", "parent": "cLFzFj8B5QK8hCmGW/OU2JuMGjA5BWSI/G1faUNJ6uM="}
2022-11-27T04:38:14.142Z	DEBUG	replica=5	coded-hotterstuff/consensus.go:667	proposal view doesn't match local view	{"CURRENT VIEW": 5, "msg": "proposal", "header view": 4, "prepare view": 4, "hash": "8WqYPi7RnJLtEHQ0we0AUFXAprYP7gJj7Cq2GuiCGb4=", "parent": "cLFzFj8B5QK8hCmGW/OU2JuMGjA5BWSI/G1faUNJ6uM="}
replica 5 is forwarding chunk to replica 0
replica 5 is forwarding chunk to replica 1
replica 5 is forwarding chunk to replica 2
replica 5 is forwarding chunk to replica 3
replica 5 is forwarding chunk to replica 4
Decoded original proposal, time: 2022-11-27 04:38:17.806478176 +0000 UTC m=+21.007219931 header hash: [144 90 124 249 42 55 49 193 182 202 159 220 172 15 148 92 178 123 123 95 139 252 214 157 36 122 219 17 149 62 178 46]
2022-11-27T04:38:17.806Z	DEBUG	replica=5	coded-hotterstuff/consensus.go:576	received proposal	{"CURRENT VIEW": 5, "msg": "proposal", "header view": 6, "prepare view": 4, "hash": "kFp8+So3McG2yp/crA+UXLJ7e1+L/NadJHrbEZU+si4=", "parent": "jgrj6scOqMsv2tOI5ilebUQ0EAUbjhBGBRf6AbYZ3ZQ="}
2022-11-27T04:38:17.814Z	DEBUG	replica=5	coded-hotterstuff/consensus.go:809	new block certified	{"CURRENT VIEW": 5, "view": 5, "hash": "jgrj6scOqMsv2tOI5ilebUQ0EAUbjhBGBRf6AbYZ3ZQ="}
2022-11-27T04:38:17.814Z	DEBUG	replica=5	coded-hotterstuff/consensus.go:520	entered new view	{"CURRENT VIEW": 6, "view timeout": 2, "timedout": false}
2022-11-27T04:38:17.814Z	DEBUG	replica=5	coded-hotterstuff/consensus.go:788	new block locked	{"CURRENT VIEW": 6, "view": 4, "hash": "8WqYPi7RnJLtEHQ0we0AUFXAprYP7gJj7Cq2GuiCGb4="}
2022-11-27T04:38:17.814Z	INFO	replica=5	coded-hotterstuff/consensus.go:797	new block commited	{"CURRENT VIEW": 6, "view": 3, "hash": "cLFzFj8B5QK8hCmGW/OU2JuMGjA5BWSI/G1faUNJ6uM="}
2022-11-27T04:38:17.816Z	DEBUG	replica=5	coded-hotterstuff/consensus.go:678	proposal is safe to vote on	{"CURRENT VIEW": 5, "msg": "proposal", "header view": 6, "prepare view": 4, "hash": "kFp8+So3McG2yp/crA+UXLJ7e1+L/NadJHrbEZU+si4=", "parent": "jgrj6scOqMsv2tOI5ilebUQ0EAUbjhBGBRf6AbYZ3ZQ="}
Node  5 +1 block finalized at time:  2022-11-27 04:38:17.818441761 +0000 UTC m=+21.019183468
replica 5 is forwarding chunk to replica 0
replica 5 is forwarding chunk to replica 1
replica 5 is forwarding chunk to replica 2
replica 5 is forwarding chunk to replica 3
replica 5 is forwarding chunk to replica 4
replica 5 is forwarding chunk to replica 0
replica 5 is forwarding chunk to replica 1
replica 5 is forwarding chunk to replica 2
replica 5 is forwarding chunk to replica 3
replica 5 is forwarding chunk to replica 4
replica 5 is forwarding chunk to replica 1
replica 5 is forwarding chunk to replica 2
replica 5 is forwarding chunk to replica 3
replica 5 is forwarding chunk to replica 4
replica 5 is forwarding chunk to replica 6
Decoded original proposal, time: 2022-11-27 04:38:21.263721847 +0000 UTC m=+24.464463606 header hash: [144 90 124 249 42 55 49 193 182 202 159 220 172 15 148 92 178 123 123 95 139 252 214 157 36 122 219 17 149 62 178 46]
2022-11-27T04:38:21.263Z	DEBUG	replica=5	coded-hotterstuff/consensus.go:576	received proposal	{"CURRENT VIEW": 6, "msg": "proposal", "header view": 6, "prepare view": 5, "hash": "kFp8+So3McG2yp/crA+UXLJ7e1+L/NadJHrbEZU+si4=", "parent": "jgrj6scOqMsv2tOI5ilebUQ0EAUbjhBGBRf6AbYZ3ZQ="}
Decoded original proposal, time: 2022-11-27 04:38:22.313791145 +0000 UTC m=+25.514532871 header hash: [82 186 70 5 171 170 163 31 242 237 216 214 91 95 174 96 9 56 150 120 198 10 139 98 230 188 67 131 78 157 60 15]
2022-11-27T04:38:22.313Z	DEBUG	replica=5	coded-hotterstuff/consensus.go:576	received proposal	{"CURRENT VIEW": 6, "msg": "proposal", "header view": 7, "prepare view": 5, "hash": "UrpGBauqox/y7djWW1+uYAk4lnjGCoti5rxDg06dPA8=", "parent": "kFp8+So3McG2yp/crA+UXLJ7e1+L/NadJHrbEZU+si4="}
2022-11-27T04:38:22.321Z	DEBUG	replica=5	coded-hotterstuff/consensus.go:809	new block certified	{"CURRENT VIEW": 6, "view": 6, "hash": "kFp8+So3McG2yp/crA+UXLJ7e1+L/NadJHrbEZU+si4="}
2022-11-27T04:38:22.321Z	DEBUG	replica=5	coded-hotterstuff/consensus.go:520	entered new view	{"CURRENT VIEW": 7, "view timeout": 2, "timedout": false}
2022-11-27T04:38:22.321Z	DEBUG	replica=5	coded-hotterstuff/consensus.go:788	new block locked	{"CURRENT VIEW": 7, "view": 5, "hash": "jgrj6scOqMsv2tOI5ilebUQ0EAUbjhBGBRf6AbYZ3ZQ="}
2022-11-27T04:38:22.321Z	INFO	replica=5	coded-hotterstuff/consensus.go:797	new block commited	{"CURRENT VIEW": 7, "view": 4, "hash": "8WqYPi7RnJLtEHQ0we0AUFXAprYP7gJj7Cq2GuiCGb4="}
2022-11-27T04:38:22.322Z	DEBUG	replica=5	coded-hotterstuff/consensus.go:678	proposal is safe to vote on	{"CURRENT VIEW": 6, "msg": "proposal", "header view": 7, "prepare view": 5, "hash": "UrpGBauqox/y7djWW1+uYAk4lnjGCoti5rxDg06dPA8=", "parent": "kFp8+So3McG2yp/crA+UXLJ7e1+L/NadJHrbEZU+si4="}
Node  5 +1 block finalized at time:  2022-11-27 04:38:22.324379356 +0000 UTC m=+25.525121067
replica 5 is forwarding chunk to replica 1
replica 5 is forwarding chunk to replica 2
replica 5 is forwarding chunk to replica 3
replica 5 is forwarding chunk to replica 4
replica 5 is forwarding chunk to replica 6
replica 5 is forwarding chunk to replica 1
replica 5 is forwarding chunk to replica 2
replica 5 is forwarding chunk to replica 3
replica 5 is forwarding chunk to replica 4
replica 5 is forwarding chunk to replica 6
Decoded original proposal, time: 2022-11-27 04:38:23.58982076 +0000 UTC m=+26.790562517 header hash: [144 90 124 249 42 55 49 193 182 202 159 220 172 15 148 92 178 123 123 95 139 252 214 157 36 122 219 17 149 62 178 46]
2022-11-27T04:38:23.589Z	DEBUG	replica=5	coded-hotterstuff/consensus.go:576	received proposal	{"CURRENT VIEW": 7, "msg": "proposal", "header view": 6, "prepare view": 6, "hash": "kFp8+So3McG2yp/crA+UXLJ7e1+L/NadJHrbEZU+si4=", "parent": "jgrj6scOqMsv2tOI5ilebUQ0EAUbjhBGBRf6AbYZ3ZQ="}
2022-11-27T04:38:23.598Z	DEBUG	replica=5	coded-hotterstuff/consensus.go:667	proposal view doesn't match local view	{"CURRENT VIEW": 7, "msg": "proposal", "header view": 6, "prepare view": 6, "hash": "kFp8+So3McG2yp/crA+UXLJ7e1+L/NadJHrbEZU+si4=", "parent": "jgrj6scOqMsv2tOI5ilebUQ0EAUbjhBGBRf6AbYZ3ZQ="}
Decoded original proposal, time: 2022-11-27 04:38:24.732064124 +0000 UTC m=+27.932805840 header hash: [82 186 70 5 171 170 163 31 242 237 216 214 91 95 174 96 9 56 150 120 198 10 139 98 230 188 67 131 78 157 60 15]
2022-11-27T04:38:24.732Z	DEBUG	replica=5	coded-hotterstuff/consensus.go:576	received proposal	{"CURRENT VIEW": 7, "msg": "proposal", "header view": 7, "prepare view": 6, "hash": "UrpGBauqox/y7djWW1+uYAk4lnjGCoti5rxDg06dPA8=", "parent": "kFp8+So3McG2yp/crA+UXLJ7e1+L/NadJHrbEZU+si4="}
replica 5 is forwarding chunk to replica 0
replica 5 is forwarding chunk to replica 2
replica 5 is forwarding chunk to replica 3
replica 5 is forwarding chunk to replica 4
replica 5 is forwarding chunk to replica 6
Decoded original proposal, time: 2022-11-27 04:38:25.921989337 +0000 UTC m=+29.122731053 header hash: [82 186 70 5 171 170 163 31 242 237 216 214 91 95 174 96 9 56 150 120 198 10 139 98 230 188 67 131 78 157 60 15]
2022-11-27T04:38:25.922Z	DEBUG	replica=5	coded-hotterstuff/consensus.go:576	received proposal	{"CURRENT VIEW": 7, "msg": "proposal", "header view": 7, "prepare view": 6, "hash": "UrpGBauqox/y7djWW1+uYAk4lnjGCoti5rxDg06dPA8=", "parent": "kFp8+So3McG2yp/crA+UXLJ7e1+L/NadJHrbEZU+si4="}
Decoded original proposal, time: 2022-11-27 04:38:26.181516808 +0000 UTC m=+29.382258522 header hash: [9 212 205 28 110 251 47 242 141 111 167 241 108 89 12 35 155 222 125 75 78 184 7 35 235 24 77 74 102 255 131 11]
2022-11-27T04:38:26.181Z	DEBUG	replica=5	coded-hotterstuff/consensus.go:576	received proposal	{"CURRENT VIEW": 7, "msg": "proposal", "header view": 8, "prepare view": 6, "hash": "CdTNHG77L/KNb6fxbFkMI5vefUtOuAcj6xhNSmb/gws=", "parent": "UrpGBauqox/y7djWW1+uYAk4lnjGCoti5rxDg06dPA8="}
2022-11-27T04:38:26.189Z	DEBUG	replica=5	coded-hotterstuff/consensus.go:809	new block certified	{"CURRENT VIEW": 7, "view": 7, "hash": "UrpGBauqox/y7djWW1+uYAk4lnjGCoti5rxDg06dPA8="}
2022-11-27T04:38:26.189Z	DEBUG	replica=5	coded-hotterstuff/consensus.go:520	entered new view	{"CURRENT VIEW": 8, "view timeout": 2, "timedout": false}
2022-11-27T04:38:26.189Z	DEBUG	replica=5	coded-hotterstuff/consensus.go:788	new block locked	{"CURRENT VIEW": 8, "view": 6, "hash": "kFp8+So3McG2yp/crA+UXLJ7e1+L/NadJHrbEZU+si4="}
2022-11-27T04:38:26.189Z	INFO	replica=5	coded-hotterstuff/consensus.go:797	new block commited	{"CURRENT VIEW": 8, "view": 5, "hash": "jgrj6scOqMsv2tOI5ilebUQ0EAUbjhBGBRf6AbYZ3ZQ="}
2022-11-27T04:38:26.190Z	DEBUG	replica=5	coded-hotterstuff/consensus.go:678	proposal is safe to vote on	{"CURRENT VIEW": 7, "msg": "proposal", "header view": 8, "prepare view": 6, "hash": "CdTNHG77L/KNb6fxbFkMI5vefUtOuAcj6xhNSmb/gws=", "parent": "UrpGBauqox/y7djWW1+uYAk4lnjGCoti5rxDg06dPA8="}
Node  5 +1 block finalized at time:  2022-11-27 04:38:26.192795703 +0000 UTC m=+29.393537408
replica 5 is forwarding chunk to replica 0
replica 5 is forwarding chunk to replica 2
replica 5 is forwarding chunk to replica 3
replica 5 is forwarding chunk to replica 4
replica 5 is forwarding chunk to replica 6
Decoded original proposal, time: 2022-11-27 04:38:27.101243692 +0000 UTC m=+30.301985447 header hash: [9 212 205 28 110 251 47 242 141 111 167 241 108 89 12 35 155 222 125 75 78 184 7 35 235 24 77 74 102 255 131 11]
2022-11-27T04:38:27.101Z	DEBUG	replica=5	coded-hotterstuff/consensus.go:576	received proposal	{"CURRENT VIEW": 8, "msg": "proposal", "header view": 8, "prepare view": 7, "hash": "CdTNHG77L/KNb6fxbFkMI5vefUtOuAcj6xhNSmb/gws=", "parent": "UrpGBauqox/y7djWW1+uYAk4lnjGCoti5rxDg06dPA8="}
replica 5 is forwarding chunk to replica 0
replica 5 is forwarding chunk to replica 2
replica 5 is forwarding chunk to replica 3
replica 5 is forwarding chunk to replica 4
replica 5 is forwarding chunk to replica 6
replica 5 is forwarding chunk to replica 0
replica 5 is forwarding chunk to replica 1
replica 5 is forwarding chunk to replica 3
replica 5 is forwarding chunk to replica 4
replica 5 is forwarding chunk to replica 6
Decoded original proposal, time: 2022-11-27 04:38:28.915769298 +0000 UTC m=+32.116511033 header hash: [9 212 205 28 110 251 47 242 141 111 167 241 108 89 12 35 155 222 125 75 78 184 7 35 235 24 77 74 102 255 131 11]
2022-11-27T04:38:28.915Z	DEBUG	replica=5	coded-hotterstuff/consensus.go:576	received proposal	{"CURRENT VIEW": 8, "msg": "proposal", "header view": 8, "prepare view": 7, "hash": "CdTNHG77L/KNb6fxbFkMI5vefUtOuAcj6xhNSmb/gws=", "parent": "UrpGBauqox/y7djWW1+uYAk4lnjGCoti5rxDg06dPA8="}
Decoded original proposal, time: 2022-11-27 04:38:30.035569229 +0000 UTC m=+33.236310940 header hash: [75 152 239 23 193 229 152 187 193 198 49 17 94 0 66 98 109 76 252 99 208 6 227 177 121 255 81 193 174 84 93 16]
2022-11-27T04:38:30.035Z	DEBUG	replica=5	coded-hotterstuff/consensus.go:576	received proposal	{"CURRENT VIEW": 8, "msg": "proposal", "header view": 9, "prepare view": 7, "hash": "S5jvF8HlmLvBxjERXgBCYm1M/GPQBuOxef9Rwa5UXRA=", "parent": "CdTNHG77L/KNb6fxbFkMI5vefUtOuAcj6xhNSmb/gws="}
2022-11-27T04:38:30.043Z	DEBUG	replica=5	coded-hotterstuff/consensus.go:809	new block certified	{"CURRENT VIEW": 8, "view": 8, "hash": "CdTNHG77L/KNb6fxbFkMI5vefUtOuAcj6xhNSmb/gws="}
2022-11-27T04:38:30.043Z	DEBUG	replica=5	coded-hotterstuff/consensus.go:520	entered new view	{"CURRENT VIEW": 9, "view timeout": 2, "timedout": false}
2022-11-27T04:38:30.043Z	DEBUG	replica=5	coded-hotterstuff/consensus.go:788	new block locked	{"CURRENT VIEW": 9, "view": 7, "hash": "UrpGBauqox/y7djWW1+uYAk4lnjGCoti5rxDg06dPA8="}
2022-11-27T04:38:30.043Z	INFO	replica=5	coded-hotterstuff/consensus.go:797	new block commited	{"CURRENT VIEW": 9, "view": 6, "hash": "kFp8+So3McG2yp/crA+UXLJ7e1+L/NadJHrbEZU+si4="}
2022-11-27T04:38:30.045Z	DEBUG	replica=5	coded-hotterstuff/consensus.go:678	proposal is safe to vote on	{"CURRENT VIEW": 8, "msg": "proposal", "header view": 9, "prepare view": 7, "hash": "S5jvF8HlmLvBxjERXgBCYm1M/GPQBuOxef9Rwa5UXRA=", "parent": "CdTNHG77L/KNb6fxbFkMI5vefUtOuAcj6xhNSmb/gws="}
Node  5 +1 block finalized at time:  2022-11-27 04:38:30.047668133 +0000 UTC m=+33.248409845
replica 5 is forwarding chunk to replica 0
replica 5 is forwarding chunk to replica 1
replica 5 is forwarding chunk to replica 3
replica 5 is forwarding chunk to replica 4
replica 5 is forwarding chunk to replica 6
Decoded original proposal, time: 2022-11-27 04:38:31.297013043 +0000 UTC m=+34.497754801 header hash: [75 152 239 23 193 229 152 187 193 198 49 17 94 0 66 98 109 76 252 99 208 6 227 177 121 255 81 193 174 84 93 16]
2022-11-27T04:38:31.297Z	DEBUG	replica=5	coded-hotterstuff/consensus.go:576	received proposal	{"CURRENT VIEW": 9, "msg": "proposal", "header view": 9, "prepare view": 8, "hash": "S5jvF8HlmLvBxjERXgBCYm1M/GPQBuOxef9Rwa5UXRA=", "parent": "CdTNHG77L/KNb6fxbFkMI5vefUtOuAcj6xhNSmb/gws="}
replica 5 is forwarding chunk to replica 0
replica 5 is forwarding chunk to replica 1
replica 5 is forwarding chunk to replica 3
replica 5 is forwarding chunk to replica 4
replica 5 is forwarding chunk to replica 6
Decoded original proposal, time: 2022-11-27 04:38:32.734353918 +0000 UTC m=+35.935095651 header hash: [75 152 239 23 193 229 152 187 193 198 49 17 94 0 66 98 109 76 252 99 208 6 227 177 121 255 81 193 174 84 93 16]
2022-11-27T04:38:32.734Z	DEBUG	replica=5	coded-hotterstuff/consensus.go:576	received proposal	{"CURRENT VIEW": 9, "msg": "proposal", "header view": 9, "prepare view": 8, "hash": "S5jvF8HlmLvBxjERXgBCYm1M/GPQBuOxef9Rwa5UXRA=", "parent": "CdTNHG77L/KNb6fxbFkMI5vefUtOuAcj6xhNSmb/gws="}
replica 5 is forwarding chunk to replica 0
replica 5 is forwarding chunk to replica 1
replica 5 is forwarding chunk to replica 2
replica 5 is forwarding chunk to replica 4
replica 5 is forwarding chunk to replica 6
Decoded original proposal, time: 2022-11-27 04:38:34.959946501 +0000 UTC m=+38.160688215 header hash: [27 41 162 234 216 56 3 146 217 203 198 162 48 110 164 219 109 81 22 147 45 180 199 35 245 217 107 204 240 129 84 110]
2022-11-27T04:38:34.960Z	DEBUG	replica=5	coded-hotterstuff/consensus.go:576	received proposal	{"CURRENT VIEW": 9, "msg": "proposal", "header view": 10, "prepare view": 8, "hash": "Gymi6tg4A5LZy8aiMG6k221RFpMttMcj9dlrzPCBVG4=", "parent": "S5jvF8HlmLvBxjERXgBCYm1M/GPQBuOxef9Rwa5UXRA="}
2022-11-27T04:38:34.968Z	DEBUG	replica=5	coded-hotterstuff/consensus.go:809	new block certified	{"CURRENT VIEW": 9, "view": 9, "hash": "S5jvF8HlmLvBxjERXgBCYm1M/GPQBuOxef9Rwa5UXRA="}
2022-11-27T04:38:34.968Z	DEBUG	replica=5	coded-hotterstuff/consensus.go:520	entered new view	{"CURRENT VIEW": 10, "view timeout": 2, "timedout": false}
2022-11-27T04:38:34.968Z	DEBUG	replica=5	coded-hotterstuff/consensus.go:788	new block locked	{"CURRENT VIEW": 10, "view": 8, "hash": "CdTNHG77L/KNb6fxbFkMI5vefUtOuAcj6xhNSmb/gws="}
2022-11-27T04:38:34.968Z	INFO	replica=5	coded-hotterstuff/consensus.go:797	new block commited	{"CURRENT VIEW": 10, "view": 7, "hash": "UrpGBauqox/y7djWW1+uYAk4lnjGCoti5rxDg06dPA8="}
2022-11-27T04:38:34.970Z	DEBUG	replica=5	coded-hotterstuff/consensus.go:678	proposal is safe to vote on	{"CURRENT VIEW": 9, "msg": "proposal", "header view": 10, "prepare view": 8, "hash": "Gymi6tg4A5LZy8aiMG6k221RFpMttMcj9dlrzPCBVG4=", "parent": "S5jvF8HlmLvBxjERXgBCYm1M/GPQBuOxef9Rwa5UXRA="}
Node  5 +1 block finalized at time:  2022-11-27 04:38:34.972425492 +0000 UTC m=+38.173167193
replica 5 is forwarding chunk to replica 0
replica 5 is forwarding chunk to replica 1
replica 5 is forwarding chunk to replica 2
replica 5 is forwarding chunk to replica 4
replica 5 is forwarding chunk to replica 6
Decoded original proposal, time: 2022-11-27 04:38:36.173718096 +0000 UTC m=+39.374459847 header hash: [27 41 162 234 216 56 3 146 217 203 198 162 48 110 164 219 109 81 22 147 45 180 199 35 245 217 107 204 240 129 84 110]
2022-11-27T04:38:36.173Z	DEBUG	replica=5	coded-hotterstuff/consensus.go:576	received proposal	{"CURRENT VIEW": 10, "msg": "proposal", "header view": 10, "prepare view": 9, "hash": "Gymi6tg4A5LZy8aiMG6k221RFpMttMcj9dlrzPCBVG4=", "parent": "S5jvF8HlmLvBxjERXgBCYm1M/GPQBuOxef9Rwa5UXRA="}
replica 5 is forwarding chunk to replica 0
replica 5 is forwarding chunk to replica 1
replica 5 is forwarding chunk to replica 2
replica 5 is forwarding chunk to replica 4
replica 5 is forwarding chunk to replica 6
replica 5 is forwarding chunk to replica 0
replica 5 is forwarding chunk to replica 1
replica 5 is forwarding chunk to replica 2
replica 5 is forwarding chunk to replica 3
replica 5 is forwarding chunk to replica 6
2022-11-27T04:38:37.827Z	DEBUG	replica=5	coded-hotterstuff/consensus.go:965	received vote	{"CURRENT VIEW": 10, "msg": "vote", "voter": 4, "view": 10, "hash": "JHDKbuvn/qlEbMiFGVnXE7z7VfFJm3NDC7AQEWpkt3w="}
Node  5  received vote before proposal, saving vote in pending votes, hash is  [36 112 202 110 235 231 254 169 68 108 200 133 25 89 215 19 188 251 85 241 73 155 115 67 11 176 16 17 106 100 183 124]  and string is,  11
2022-11-27T04:38:37.827Z	DEBUG	replica=5	coded-hotterstuff/consensus.go:970	Received vote before proposal, key is, 11	{"CURRENT VIEW": 10}
Decoded original proposal, time: 2022-11-27 04:38:38.239483191 +0000 UTC m=+41.440224906 header hash: [27 41 162 234 216 56 3 146 217 203 198 162 48 110 164 219 109 81 22 147 45 180 199 35 245 217 107 204 240 129 84 110]
2022-11-27T04:38:38.239Z	DEBUG	replica=5	coded-hotterstuff/consensus.go:576	received proposal	{"CURRENT VIEW": 10, "msg": "proposal", "header view": 10, "prepare view": 9, "hash": "Gymi6tg4A5LZy8aiMG6k221RFpMttMcj9dlrzPCBVG4=", "parent": "S5jvF8HlmLvBxjERXgBCYm1M/GPQBuOxef9Rwa5UXRA="}
replica 5 is forwarding chunk to replica 0
replica 5 is forwarding chunk to replica 1
replica 5 is forwarding chunk to replica 2
replica 5 is forwarding chunk to replica 3
replica 5 is forwarding chunk to replica 6
2022-11-27T04:38:39.263Z	DEBUG	replica=5	coded-hotterstuff/consensus.go:965	received vote	{"CURRENT VIEW": 10, "msg": "vote", "voter": 3, "view": 10, "hash": "JHDKbuvn/qlEbMiFGVnXE7z7VfFJm3NDC7AQEWpkt3w="}
Decoded original proposal, time: 2022-11-27 04:38:39.408057493 +0000 UTC m=+42.608799260 header hash: [36 112 202 110 235 231 254 169 68 108 200 133 25 89 215 19 188 251 85 241 73 155 115 67 11 176 16 17 106 100 183 124]
2022-11-27T04:38:39.408Z	DEBUG	replica=5	coded-hotterstuff/consensus.go:576	received proposal	{"CURRENT VIEW": 10, "msg": "proposal", "header view": 11, "prepare view": 9, "hash": "JHDKbuvn/qlEbMiFGVnXE7z7VfFJm3NDC7AQEWpkt3w=", "parent": "Gymi6tg4A5LZy8aiMG6k221RFpMttMcj9dlrzPCBVG4="}
2022-11-27T04:38:39.415Z	DEBUG	replica=5	coded-hotterstuff/consensus.go:809	new block certified	{"CURRENT VIEW": 10, "view": 10, "hash": "Gymi6tg4A5LZy8aiMG6k221RFpMttMcj9dlrzPCBVG4="}
2022-11-27T04:38:39.415Z	DEBUG	replica=5	coded-hotterstuff/consensus.go:520	entered new view	{"CURRENT VIEW": 11, "view timeout": 2, "timedout": false}
2022-11-27T04:38:39.415Z	DEBUG	replica=5	coded-hotterstuff/consensus.go:535	replica is a leader for next view. collecting new-view messages	{"CURRENT VIEW": 11}
2022-11-27T04:38:39.416Z	DEBUG	replica=5	coded-hotterstuff/consensus.go:788	new block locked	{"CURRENT VIEW": 11, "view": 9, "hash": "S5jvF8HlmLvBxjERXgBCYm1M/GPQBuOxef9Rwa5UXRA="}
2022-11-27T04:38:39.416Z	INFO	replica=5	coded-hotterstuff/consensus.go:797	new block commited	{"CURRENT VIEW": 11, "view": 8, "hash": "CdTNHG77L/KNb6fxbFkMI5vefUtOuAcj6xhNSmb/gws="}
2022-11-27T04:38:39.416Z	DEBUG	replica=5	coded-hotterstuff/consensus.go:678	proposal is safe to vote on	{"CURRENT VIEW": 10, "msg": "proposal", "header view": 11, "prepare view": 9, "hash": "JHDKbuvn/qlEbMiFGVnXE7z7VfFJm3NDC7AQEWpkt3w=", "parent": "Gymi6tg4A5LZy8aiMG6k221RFpMttMcj9dlrzPCBVG4="}
2022-11-27T04:38:39.417Z	DEBUG	replica=5	coded-hotterstuff/consensus.go:758	Taking care of pending vote 11	{"CURRENT VIEW": 11}
2022-11-27T04:38:39.417Z	DEBUG	replica=5	coded-hotterstuff/consensus.go:965	received vote	{"CURRENT VIEW": 11, "msg": "vote", "voter": 4, "view": 11, "hash": "JHDKbuvn/qlEbMiFGVnXE7z7VfFJm3NDC7AQEWpkt3w="}
2022-11-27T04:38:39.420Z	DEBUG	replica=5	coded-hotterstuff/consensus.go:758	Taking care of pending vote 11	{"CURRENT VIEW": 11}
2022-11-27T04:38:39.420Z	DEBUG	replica=5	coded-hotterstuff/consensus.go:965	received vote	{"CURRENT VIEW": 11, "msg": "vote", "voter": 3, "view": 11, "hash": "JHDKbuvn/qlEbMiFGVnXE7z7VfFJm3NDC7AQEWpkt3w="}
2022-11-27T04:38:39.428Z	DEBUG	replica=5	coded-hotterstuff/consensus.go:965	received vote	{"CURRENT VIEW": 11, "msg": "vote", "voter": 5, "view": 11, "hash": "JHDKbuvn/qlEbMiFGVnXE7z7VfFJm3NDC7AQEWpkt3w="}
2022-11-27T04:38:39.433Z	DEBUG	replica=5	coded-hotterstuff/consensus.go:965	received vote	{"CURRENT VIEW": 11, "msg": "vote", "voter": 2, "view": 11, "hash": "JHDKbuvn/qlEbMiFGVnXE7z7VfFJm3NDC7AQEWpkt3w="}
Node  5 +1 block finalized at time:  2022-11-27 04:38:39.433688356 +0000 UTC m=+42.634430159
replica 5 is forwarding chunk to replica 0
replica 5 is forwarding chunk to replica 1
replica 5 is forwarding chunk to replica 2
replica 5 is forwarding chunk to replica 3
replica 5 is forwarding chunk to replica 6
2022-11-27T04:38:40.851Z	DEBUG	replica=5	coded-hotterstuff/consensus.go:965	received vote	{"CURRENT VIEW": 11, "msg": "vote", "voter": 0, "view": 11, "hash": "JHDKbuvn/qlEbMiFGVnXE7z7VfFJm3NDC7AQEWpkt3w="}
2022-11-27T04:38:40.856Z	DEBUG	replica=5	coded-hotterstuff/consensus.go:809	new block certified	{"CURRENT VIEW": 11, "view": 11, "hash": "JHDKbuvn/qlEbMiFGVnXE7z7VfFJm3NDC7AQEWpkt3w="}
2022-11-27T04:38:40.856Z	DEBUG	replica=5	coded-hotterstuff/consensus.go:520	entered new view	{"CURRENT VIEW": 12, "view timeout": 2, "timedout": false}
2022-11-27T04:38:40.856Z	DEBUG	replica=5	coded-hotterstuff/consensus.go:544	replica is a leader for this view. waiting for data	{"CURRENT VIEW": 12}
2022-11-27T04:38:40.856Z	DEBUG	replica=5	coded-hotterstuff/consensus.go:520	entered new view	{"CURRENT VIEW": 12, "view timeout": 2, "timedout": false}
2022-11-27T04:38:40.856Z	DEBUG	replica=5	coded-hotterstuff/consensus.go:544	replica is a leader for this view. waiting for data	{"CURRENT VIEW": 12}
2022-11-27T04:38:40.860Z	DEBUG	replica=5	coded-hotterstuff/consensus.go:238	sending proposal	{"CURRENT VIEW": 12, "hash": "4aSlzOy0O5eyJna+iDXBFpIuUaKvoAYyhK6f3aYA32A=", "parent": "JHDKbuvn/qlEbMiFGVnXE7z7VfFJm3NDC7AQEWpkt3w=", "signer": 5}
2022-11-27T04:38:40.860Z	DEBUG	replica=5	coded-hotterstuff/consensus.go:576	received proposal	{"CURRENT VIEW": 12, "msg": "proposal", "header view": 12, "prepare view": 11, "hash": "4aSlzOy0O5eyJna+iDXBFpIuUaKvoAYyhK6f3aYA32A=", "parent": "JHDKbuvn/qlEbMiFGVnXE7z7VfFJm3NDC7AQEWpkt3w="}
2022-11-27T04:38:40.873Z	DEBUG	replica=5	coded-hotterstuff/consensus.go:788	new block locked	{"CURRENT VIEW": 12, "view": 10, "hash": "Gymi6tg4A5LZy8aiMG6k221RFpMttMcj9dlrzPCBVG4="}
2022-11-27T04:38:40.873Z	INFO	replica=5	coded-hotterstuff/consensus.go:797	new block commited	{"CURRENT VIEW": 12, "view": 9, "hash": "S5jvF8HlmLvBxjERXgBCYm1M/GPQBuOxef9Rwa5UXRA="}
2022-11-27T04:38:40.874Z	DEBUG	replica=5	coded-hotterstuff/consensus.go:678	proposal is safe to vote on	{"CURRENT VIEW": 12, "msg": "proposal", "header view": 12, "prepare view": 11, "hash": "4aSlzOy0O5eyJna+iDXBFpIuUaKvoAYyhK6f3aYA32A=", "parent": "JHDKbuvn/qlEbMiFGVnXE7z7VfFJm3NDC7AQEWpkt3w="}
Node  5 +1 block finalized at time:  2022-11-27 04:38:40.877373901 +0000 UTC m=+44.078115607
Decoded original proposal, time: 2022-11-27 04:38:41.082225021 +0000 UTC m=+44.282966773 header hash: [36 112 202 110 235 231 254 169 68 108 200 133 25 89 215 19 188 251 85 241 73 155 115 67 11 176 16 17 106 100 183 124]
2022-11-27T04:38:41.082Z	DEBUG	replica=5	coded-hotterstuff/consensus.go:576	received proposal	{"CURRENT VIEW": 12, "msg": "proposal", "header view": 11, "prepare view": 11, "hash": "JHDKbuvn/qlEbMiFGVnXE7z7VfFJm3NDC7AQEWpkt3w=", "parent": "Gymi6tg4A5LZy8aiMG6k221RFpMttMcj9dlrzPCBVG4="}
2022-11-27T04:38:41.089Z	DEBUG	replica=5	coded-hotterstuff/consensus.go:667	proposal view doesn't match local view	{"CURRENT VIEW": 12, "msg": "proposal", "header view": 11, "prepare view": 11, "hash": "JHDKbuvn/qlEbMiFGVnXE7z7VfFJm3NDC7AQEWpkt3w=", "parent": "Gymi6tg4A5LZy8aiMG6k221RFpMttMcj9dlrzPCBVG4="}
2022-11-27T04:38:41.249Z	DEBUG	replica=5	coded-hotterstuff/consensus.go:965	received vote	{"CURRENT VIEW": 12, "msg": "vote", "voter": 1, "view": 12, "hash": "JHDKbuvn/qlEbMiFGVnXE7z7VfFJm3NDC7AQEWpkt3w="}
2022-11-27T04:38:41.254Z	DEBUG	replica=5	coded-hotterstuff/consensus.go:520	entered new view	{"CURRENT VIEW": 12, "view timeout": 2, "timedout": false}
2022-11-27T04:38:41.254Z	DEBUG	replica=5	coded-hotterstuff/consensus.go:544	replica is a leader for this view. waiting for data	{"CURRENT VIEW": 12}
2022-11-27T04:38:41.257Z	DEBUG	replica=5	coded-hotterstuff/consensus.go:238	sending proposal	{"CURRENT VIEW": 12, "hash": "4aSlzOy0O5eyJna+iDXBFpIuUaKvoAYyhK6f3aYA32A=", "parent": "JHDKbuvn/qlEbMiFGVnXE7z7VfFJm3NDC7AQEWpkt3w=", "signer": 5}
2022-11-27T04:38:41.258Z	DEBUG	replica=5	coded-hotterstuff/consensus.go:576	received proposal	{"CURRENT VIEW": 12, "msg": "proposal", "header view": 12, "prepare view": 11, "hash": "4aSlzOy0O5eyJna+iDXBFpIuUaKvoAYyhK6f3aYA32A=", "parent": "JHDKbuvn/qlEbMiFGVnXE7z7VfFJm3NDC7AQEWpkt3w="}
2022-11-27T04:38:41.331Z	DEBUG	replica=5	coded-hotterstuff/consensus.go:965	received vote	{"CURRENT VIEW": 12, "msg": "vote", "voter": 6, "view": 12, "hash": "JHDKbuvn/qlEbMiFGVnXE7z7VfFJm3NDC7AQEWpkt3w="}
2022-11-27T04:38:41.336Z	DEBUG	replica=5	coded-hotterstuff/consensus.go:520	entered new view	{"CURRENT VIEW": 12, "view timeout": 2, "timedout": false}
2022-11-27T04:38:41.336Z	DEBUG	replica=5	coded-hotterstuff/consensus.go:544	replica is a leader for this view. waiting for data	{"CURRENT VIEW": 12}
2022-11-27T04:38:41.339Z	DEBUG	replica=5	coded-hotterstuff/consensus.go:238	sending proposal	{"CURRENT VIEW": 12, "hash": "4aSlzOy0O5eyJna+iDXBFpIuUaKvoAYyhK6f3aYA32A=", "parent": "JHDKbuvn/qlEbMiFGVnXE7z7VfFJm3NDC7AQEWpkt3w=", "signer": 5}
2022-11-27T04:38:41.341Z	DEBUG	replica=5	coded-hotterstuff/consensus.go:576	received proposal	{"CURRENT VIEW": 12, "msg": "proposal", "header view": 12, "prepare view": 11, "hash": "4aSlzOy0O5eyJna+iDXBFpIuUaKvoAYyhK6f3aYA32A=", "parent": "JHDKbuvn/qlEbMiFGVnXE7z7VfFJm3NDC7AQEWpkt3w="}
Decoded original proposal, time: 2022-11-27 04:38:42.153077474 +0000 UTC m=+45.353819229 header hash: [36 112 202 110 235 231 254 169 68 108 200 133 25 89 215 19 188 251 85 241 73 155 115 67 11 176 16 17 106 100 183 124]
2022-11-27T04:38:42.153Z	DEBUG	replica=5	coded-hotterstuff/consensus.go:576	received proposal	{"CURRENT VIEW": 12, "msg": "proposal", "header view": 11, "prepare view": 11, "hash": "JHDKbuvn/qlEbMiFGVnXE7z7VfFJm3NDC7AQEWpkt3w=", "parent": "Gymi6tg4A5LZy8aiMG6k221RFpMttMcj9dlrzPCBVG4="}
2022-11-27T04:38:42.160Z	DEBUG	replica=5	coded-hotterstuff/consensus.go:667	proposal view doesn't match local view	{"CURRENT VIEW": 12, "msg": "proposal", "header view": 11, "prepare view": 11, "hash": "JHDKbuvn/qlEbMiFGVnXE7z7VfFJm3NDC7AQEWpkt3w=", "parent": "Gymi6tg4A5LZy8aiMG6k221RFpMttMcj9dlrzPCBVG4="}
replica 5 is forwarding chunk to replica 0
replica 5 is forwarding chunk to replica 1
replica 5 is forwarding chunk to replica 2
replica 5 is forwarding chunk to replica 3
replica 5 is forwarding chunk to replica 4
replica 5 is forwarding chunk to replica 0
replica 5 is forwarding chunk to replica 1
replica 5 is forwarding chunk to replica 2
replica 5 is forwarding chunk to replica 3
replica 5 is forwarding chunk to replica 4
replica 5 is forwarding chunk to replica 0
replica 5 is forwarding chunk to replica 1
replica 5 is forwarding chunk to replica 2
replica 5 is forwarding chunk to replica 3
replica 5 is forwarding chunk to replica 4
Decoded original proposal, time: 2022-11-27 04:38:47.682466573 +0000 UTC m=+50.883208327 header hash: [55 71 12 88 170 89 30 100 228 23 243 137 27 6 133 29 78 24 217 198 107 27 88 123 223 127 133 219 145 253 87 161]
2022-11-27T04:38:47.682Z	DEBUG	replica=5	coded-hotterstuff/consensus.go:576	received proposal	{"CURRENT VIEW": 12, "msg": "proposal", "header view": 13, "prepare view": 11, "hash": "N0cMWKpZHmTkF/OJGwaFHU4Y2cZrG1h733+F25H9V6E=", "parent": "4aSlzOy0O5eyJna+iDXBFpIuUaKvoAYyhK6f3aYA32A="}
2022-11-27T04:38:47.689Z	DEBUG	replica=5	coded-hotterstuff/consensus.go:809	new block certified	{"CURRENT VIEW": 12, "view": 12, "hash": "4aSlzOy0O5eyJna+iDXBFpIuUaKvoAYyhK6f3aYA32A="}
2022-11-27T04:38:47.689Z	DEBUG	replica=5	coded-hotterstuff/consensus.go:520	entered new view	{"CURRENT VIEW": 13, "view timeout": 2, "timedout": false}
2022-11-27T04:38:47.689Z	DEBUG	replica=5	coded-hotterstuff/consensus.go:788	new block locked	{"CURRENT VIEW": 13, "view": 11, "hash": "JHDKbuvn/qlEbMiFGVnXE7z7VfFJm3NDC7AQEWpkt3w="}
2022-11-27T04:38:47.689Z	INFO	replica=5	coded-hotterstuff/consensus.go:797	new block commited	{"CURRENT VIEW": 13, "view": 10, "hash": "Gymi6tg4A5LZy8aiMG6k221RFpMttMcj9dlrzPCBVG4="}
2022-11-27T04:38:47.691Z	DEBUG	replica=5	coded-hotterstuff/consensus.go:678	proposal is safe to vote on	{"CURRENT VIEW": 12, "msg": "proposal", "header view": 13, "prepare view": 11, "hash": "N0cMWKpZHmTkF/OJGwaFHU4Y2cZrG1h733+F25H9V6E=", "parent": "4aSlzOy0O5eyJna+iDXBFpIuUaKvoAYyhK6f3aYA32A="}
Node  5 +1 block finalized at time:  2022-11-27 04:38:47.693025934 +0000 UTC m=+50.893767646
Decoded original proposal, time: 2022-11-27 04:38:49.010861054 +0000 UTC m=+52.211602814 header hash: [55 71 12 88 170 89 30 100 228 23 243 137 27 6 133 29 78 24 217 198 107 27 88 123 223 127 133 219 145 253 87 161]
2022-11-27T04:38:49.010Z	DEBUG	replica=5	coded-hotterstuff/consensus.go:576	received proposal	{"CURRENT VIEW": 13, "msg": "proposal", "header view": 13, "prepare view": 12, "hash": "N0cMWKpZHmTkF/OJGwaFHU4Y2cZrG1h733+F25H9V6E=", "parent": "4aSlzOy0O5eyJna+iDXBFpIuUaKvoAYyhK6f3aYA32A="}
Decoded original proposal, time: 2022-11-27 04:38:49.804553213 +0000 UTC m=+53.005294964 header hash: [55 71 12 88 170 89 30 100 228 23 243 137 27 6 133 29 78 24 217 198 107 27 88 123 223 127 133 219 145 253 87 161]
2022-11-27T04:38:49.804Z	DEBUG	replica=5	coded-hotterstuff/consensus.go:576	received proposal	{"CURRENT VIEW": 13, "msg": "proposal", "header view": 13, "prepare view": 12, "hash": "N0cMWKpZHmTkF/OJGwaFHU4Y2cZrG1h733+F25H9V6E=", "parent": "4aSlzOy0O5eyJna+iDXBFpIuUaKvoAYyhK6f3aYA32A="}
replica 5 is forwarding chunk to replica 1
replica 5 is forwarding chunk to replica 2
replica 5 is forwarding chunk to replica 3
replica 5 is forwarding chunk to replica 4
replica 5 is forwarding chunk to replica 6
Decoded original proposal, time: 2022-11-27 04:38:51.946694837 +0000 UTC m=+55.147436593 header hash: [179 79 157 9 84 57 195 200 132 217 159 131 10 204 29 20 183 79 241 0 252 79 239 189 106 39 9 193 130 153 110 137]
2022-11-27T04:38:51.946Z	DEBUG	replica=5	coded-hotterstuff/consensus.go:576	received proposal	{"CURRENT VIEW": 13, "msg": "proposal", "header view": 14, "prepare view": 12, "hash": "s0+dCVQ5w8iE2Z+DCswdFLdP8QD8T++9aicJwYKZbok=", "parent": "N0cMWKpZHmTkF/OJGwaFHU4Y2cZrG1h733+F25H9V6E="}
2022-11-27T04:38:51.954Z	DEBUG	replica=5	coded-hotterstuff/consensus.go:809	new block certified	{"CURRENT VIEW": 13, "view": 13, "hash": "N0cMWKpZHmTkF/OJGwaFHU4Y2cZrG1h733+F25H9V6E="}
2022-11-27T04:38:51.954Z	DEBUG	replica=5	coded-hotterstuff/consensus.go:520	entered new view	{"CURRENT VIEW": 14, "view timeout": 2, "timedout": false}
2022-11-27T04:38:51.954Z	DEBUG	replica=5	coded-hotterstuff/consensus.go:788	new block locked	{"CURRENT VIEW": 14, "view": 12, "hash": "4aSlzOy0O5eyJna+iDXBFpIuUaKvoAYyhK6f3aYA32A="}
2022-11-27T04:38:51.954Z	INFO	replica=5	coded-hotterstuff/consensus.go:797	new block commited	{"CURRENT VIEW": 14, "view": 11, "hash": "JHDKbuvn/qlEbMiFGVnXE7z7VfFJm3NDC7AQEWpkt3w="}
2022-11-27T04:38:51.955Z	DEBUG	replica=5	coded-hotterstuff/consensus.go:678	proposal is safe to vote on	{"CURRENT VIEW": 13, "msg": "proposal", "header view": 14, "prepare view": 12, "hash": "s0+dCVQ5w8iE2Z+DCswdFLdP8QD8T++9aicJwYKZbok=", "parent": "N0cMWKpZHmTkF/OJGwaFHU4Y2cZrG1h733+F25H9V6E="}
Node  5 +1 block finalized at time:  2022-11-27 04:38:51.957528244 +0000 UTC m=+55.158269950
replica 5 is forwarding chunk to replica 1
replica 5 is forwarding chunk to replica 2
replica 5 is forwarding chunk to replica 3
replica 5 is forwarding chunk to replica 4
replica 5 is forwarding chunk to replica 6
Decoded original proposal, time: 2022-11-27 04:38:53.282355046 +0000 UTC m=+56.483096807 header hash: [179 79 157 9 84 57 195 200 132 217 159 131 10 204 29 20 183 79 241 0 252 79 239 189 106 39 9 193 130 153 110 137]
2022-11-27T04:38:53.282Z	DEBUG	replica=5	coded-hotterstuff/consensus.go:576	received proposal	{"CURRENT VIEW": 14, "msg": "proposal", "header view": 14, "prepare view": 13, "hash": "s0+dCVQ5w8iE2Z+DCswdFLdP8QD8T++9aicJwYKZbok=", "parent": "N0cMWKpZHmTkF/OJGwaFHU4Y2cZrG1h733+F25H9V6E="}
replica 5 is forwarding chunk to replica 0
replica 5 is forwarding chunk to replica 2
replica 5 is forwarding chunk to replica 3
replica 5 is forwarding chunk to replica 4
replica 5 is forwarding chunk to replica 6
Decoded original proposal, time: 2022-11-27 04:38:55.810470188 +0000 UTC m=+59.011211895 header hash: [202 72 185 184 152 74 130 52 19 230 34 218 220 212 95 146 25 2 29 196 82 105 189 28 182 138 255 42 166 91 160 208]
2022-11-27T04:38:55.810Z	DEBUG	replica=5	coded-hotterstuff/consensus.go:576	received proposal	{"CURRENT VIEW": 14, "msg": "proposal", "header view": 15, "prepare view": 13, "hash": "yki5uJhKgjQT5iLa3NRfkhkCHcRSab0ctor/KqZboNA=", "parent": "s0+dCVQ5w8iE2Z+DCswdFLdP8QD8T++9aicJwYKZbok="}
2022-11-27T04:38:55.822Z	DEBUG	replica=5	coded-hotterstuff/consensus.go:809	new block certified	{"CURRENT VIEW": 14, "view": 14, "hash": "s0+dCVQ5w8iE2Z+DCswdFLdP8QD8T++9aicJwYKZbok="}
2022-11-27T04:38:55.822Z	DEBUG	replica=5	coded-hotterstuff/consensus.go:520	entered new view	{"CURRENT VIEW": 15, "view timeout": 2, "timedout": false}
2022-11-27T04:38:55.822Z	DEBUG	replica=5	coded-hotterstuff/consensus.go:788	new block locked	{"CURRENT VIEW": 15, "view": 13, "hash": "N0cMWKpZHmTkF/OJGwaFHU4Y2cZrG1h733+F25H9V6E="}
2022-11-27T04:38:55.822Z	INFO	replica=5	coded-hotterstuff/consensus.go:797	new block commited	{"CURRENT VIEW": 15, "view": 12, "hash": "4aSlzOy0O5eyJna+iDXBFpIuUaKvoAYyhK6f3aYA32A="}
2022-11-27T04:38:55.826Z	DEBUG	replica=5	coded-hotterstuff/consensus.go:678	proposal is safe to vote on	{"CURRENT VIEW": 14, "msg": "proposal", "header view": 15, "prepare view": 13, "hash": "yki5uJhKgjQT5iLa3NRfkhkCHcRSab0ctor/KqZboNA=", "parent": "s0+dCVQ5w8iE2Z+DCswdFLdP8QD8T++9aicJwYKZbok="}
Node  5 +1 block finalized at time:  2022-11-27 04:38:55.82923744 +0000 UTC m=+59.029979157
replica 5 is forwarding chunk to replica 0
replica 5 is forwarding chunk to replica 2
replica 5 is forwarding chunk to replica 3
replica 5 is forwarding chunk to replica 4
replica 5 is forwarding chunk to replica 6
replica 5 is forwarding chunk to replica 0
replica 5 is forwarding chunk to replica 2
replica 5 is forwarding chunk to replica 3
replica 5 is forwarding chunk to replica 4
replica 5 is forwarding chunk to replica 6
Decoded original proposal, time: 2022-11-27 04:38:57.164792881 +0000 UTC m=+60.365534636 header hash: [202 72 185 184 152 74 130 52 19 230 34 218 220 212 95 146 25 2 29 196 82 105 189 28 182 138 255 42 166 91 160 208]
2022-11-27T04:38:57.164Z	DEBUG	replica=5	coded-hotterstuff/consensus.go:576	received proposal	{"CURRENT VIEW": 15, "msg": "proposal", "header view": 15, "prepare view": 14, "hash": "yki5uJhKgjQT5iLa3NRfkhkCHcRSab0ctor/KqZboNA=", "parent": "s0+dCVQ5w8iE2Z+DCswdFLdP8QD8T++9aicJwYKZbok="}
Decoded original proposal, time: 2022-11-27 04:38:58.291267822 +0000 UTC m=+61.492009586 header hash: [202 72 185 184 152 74 130 52 19 230 34 218 220 212 95 146 25 2 29 196 82 105 189 28 182 138 255 42 166 91 160 208]
2022-11-27T04:38:58.291Z	DEBUG	replica=5	coded-hotterstuff/consensus.go:576	received proposal	{"CURRENT VIEW": 15, "msg": "proposal", "header view": 15, "prepare view": 14, "hash": "yki5uJhKgjQT5iLa3NRfkhkCHcRSab0ctor/KqZboNA=", "parent": "s0+dCVQ5w8iE2Z+DCswdFLdP8QD8T++9aicJwYKZbok="}
replica 5 is forwarding chunk to replica 0
replica 5 is forwarding chunk to replica 1
replica 5 is forwarding chunk to replica 3
replica 5 is forwarding chunk to replica 4
replica 5 is forwarding chunk to replica 6
Decoded original proposal, time: 2022-11-27 04:38:59.760633702 +0000 UTC m=+62.961375458 header hash: [60 3 172 192 158 69 228 82 139 18 154 192 39 84 167 184 246 172 168 97 72 51 107 161 52 135 29 101 211 31 104 44]
2022-11-27T04:38:59.760Z	DEBUG	replica=5	coded-hotterstuff/consensus.go:576	received proposal	{"CURRENT VIEW": 15, "msg": "proposal", "header view": 16, "prepare view": 14, "hash": "PAOswJ5F5FKLEprAJ1SnuPasqGFIM2uhNIcdZdMfaCw=", "parent": "yki5uJhKgjQT5iLa3NRfkhkCHcRSab0ctor/KqZboNA="}
2022-11-27T04:38:59.768Z	DEBUG	replica=5	coded-hotterstuff/consensus.go:809	new block certified	{"CURRENT VIEW": 15, "view": 15, "hash": "yki5uJhKgjQT5iLa3NRfkhkCHcRSab0ctor/KqZboNA="}
2022-11-27T04:38:59.768Z	DEBUG	replica=5	coded-hotterstuff/consensus.go:520	entered new view	{"CURRENT VIEW": 16, "view timeout": 2, "timedout": false}
2022-11-27T04:38:59.768Z	DEBUG	replica=5	coded-hotterstuff/consensus.go:788	new block locked	{"CURRENT VIEW": 16, "view": 14, "hash": "s0+dCVQ5w8iE2Z+DCswdFLdP8QD8T++9aicJwYKZbok="}
2022-11-27T04:38:59.768Z	INFO	replica=5	coded-hotterstuff/consensus.go:797	new block commited	{"CURRENT VIEW": 16, "view": 13, "hash": "N0cMWKpZHmTkF/OJGwaFHU4Y2cZrG1h733+F25H9V6E="}
2022-11-27T04:38:59.769Z	DEBUG	replica=5	coded-hotterstuff/consensus.go:678	proposal is safe to vote on	{"CURRENT VIEW": 15, "msg": "proposal", "header view": 16, "prepare view": 14, "hash": "PAOswJ5F5FKLEprAJ1SnuPasqGFIM2uhNIcdZdMfaCw=", "parent": "yki5uJhKgjQT5iLa3NRfkhkCHcRSab0ctor/KqZboNA="}
Node  5 +1 block finalized at time:  2022-11-27 04:38:59.773243978 +0000 UTC m=+62.973985714
replica 5 is forwarding chunk to replica 0
replica 5 is forwarding chunk to replica 1
replica 5 is forwarding chunk to replica 3
replica 5 is forwarding chunk to replica 4
replica 5 is forwarding chunk to replica 6
replica 5 is forwarding chunk to replica 0
replica 5 is forwarding chunk to replica 1
replica 5 is forwarding chunk to replica 3
replica 5 is forwarding chunk to replica 4
replica 5 is forwarding chunk to replica 6
Decoded original proposal, time: 2022-11-27 04:39:01.42526988 +0000 UTC m=+64.626011636 header hash: [60 3 172 192 158 69 228 82 139 18 154 192 39 84 167 184 246 172 168 97 72 51 107 161 52 135 29 101 211 31 104 44]
2022-11-27T04:39:01.425Z	DEBUG	replica=5	coded-hotterstuff/consensus.go:576	received proposal	{"CURRENT VIEW": 16, "msg": "proposal", "header view": 16, "prepare view": 15, "hash": "PAOswJ5F5FKLEprAJ1SnuPasqGFIM2uhNIcdZdMfaCw=", "parent": "yki5uJhKgjQT5iLa3NRfkhkCHcRSab0ctor/KqZboNA="}
Decoded original proposal, time: 2022-11-27 04:39:02.584485029 +0000 UTC m=+65.785226795 header hash: [60 3 172 192 158 69 228 82 139 18 154 192 39 84 167 184 246 172 168 97 72 51 107 161 52 135 29 101 211 31 104 44]
2022-11-27T04:39:02.584Z	DEBUG	replica=5	coded-hotterstuff/consensus.go:576	received proposal	{"CURRENT VIEW": 16, "msg": "proposal", "header view": 16, "prepare view": 15, "hash": "PAOswJ5F5FKLEprAJ1SnuPasqGFIM2uhNIcdZdMfaCw=", "parent": "yki5uJhKgjQT5iLa3NRfkhkCHcRSab0ctor/KqZboNA="}
replica 5 is forwarding chunk to replica 0
replica 5 is forwarding chunk to replica 1
replica 5 is forwarding chunk to replica 2
replica 5 is forwarding chunk to replica 4
replica 5 is forwarding chunk to replica 6
Decoded original proposal, time: 2022-11-27 04:39:03.607868365 +0000 UTC m=+66.808610125 header hash: [125 188 128 163 149 74 17 87 102 203 151 169 127 222 108 104 174 185 14 72 28 223 232 151 172 204 94 91 117 235 43 104]
2022-11-27T04:39:03.607Z	DEBUG	replica=5	coded-hotterstuff/consensus.go:576	received proposal	{"CURRENT VIEW": 16, "msg": "proposal", "header view": 17, "prepare view": 15, "hash": "fbyAo5VKEVdmy5epf95saK65Dkgc3+iXrMxeW3XrK2g=", "parent": "PAOswJ5F5FKLEprAJ1SnuPasqGFIM2uhNIcdZdMfaCw="}
2022-11-27T04:39:03.615Z	DEBUG	replica=5	coded-hotterstuff/consensus.go:809	new block certified	{"CURRENT VIEW": 16, "view": 16, "hash": "PAOswJ5F5FKLEprAJ1SnuPasqGFIM2uhNIcdZdMfaCw="}
2022-11-27T04:39:03.615Z	DEBUG	replica=5	coded-hotterstuff/consensus.go:520	entered new view	{"CURRENT VIEW": 17, "view timeout": 2, "timedout": false}
2022-11-27T04:39:03.615Z	DEBUG	replica=5	coded-hotterstuff/consensus.go:788	new block locked	{"CURRENT VIEW": 17, "view": 15, "hash": "yki5uJhKgjQT5iLa3NRfkhkCHcRSab0ctor/KqZboNA="}
2022-11-27T04:39:03.615Z	INFO	replica=5	coded-hotterstuff/consensus.go:797	new block commited	{"CURRENT VIEW": 17, "view": 14, "hash": "s0+dCVQ5w8iE2Z+DCswdFLdP8QD8T++9aicJwYKZbok="}
2022-11-27T04:39:03.616Z	DEBUG	replica=5	coded-hotterstuff/consensus.go:678	proposal is safe to vote on	{"CURRENT VIEW": 16, "msg": "proposal", "header view": 17, "prepare view": 15, "hash": "fbyAo5VKEVdmy5epf95saK65Dkgc3+iXrMxeW3XrK2g=", "parent": "PAOswJ5F5FKLEprAJ1SnuPasqGFIM2uhNIcdZdMfaCw="}
Node  5 +1 block finalized at time:  2022-11-27 04:39:03.618663131 +0000 UTC m=+66.819404828
replica 5 is forwarding chunk to replica 0
replica 5 is forwarding chunk to replica 1
replica 5 is forwarding chunk to replica 2
replica 5 is forwarding chunk to replica 4
replica 5 is forwarding chunk to replica 6
replica 5 is forwarding chunk to replica 0
replica 5 is forwarding chunk to replica 1
replica 5 is forwarding chunk to replica 2
replica 5 is forwarding chunk to replica 4
replica 5 is forwarding chunk to replica 6
Decoded original proposal, time: 2022-11-27 04:39:05.877231416 +0000 UTC m=+69.077973168 header hash: [125 188 128 163 149 74 17 87 102 203 151 169 127 222 108 104 174 185 14 72 28 223 232 151 172 204 94 91 117 235 43 104]
2022-11-27T04:39:05.877Z	DEBUG	replica=5	coded-hotterstuff/consensus.go:576	received proposal	{"CURRENT VIEW": 17, "msg": "proposal", "header view": 17, "prepare view": 16, "hash": "fbyAo5VKEVdmy5epf95saK65Dkgc3+iXrMxeW3XrK2g=", "parent": "PAOswJ5F5FKLEprAJ1SnuPasqGFIM2uhNIcdZdMfaCw="}
replica 5 is forwarding chunk to replica 0
replica 5 is forwarding chunk to replica 1
replica 5 is forwarding chunk to replica 2
replica 5 is forwarding chunk to replica 3
replica 5 is forwarding chunk to replica 6
2022-11-27T04:39:05.982Z	DEBUG	replica=5	coded-hotterstuff/consensus.go:965	received vote	{"CURRENT VIEW": 17, "msg": "vote", "voter": 4, "view": 17, "hash": "6UfBJLlIX1wd3MF43w68SPyfPsdwcfzWodH+19bgzRM="}
Node  5  received vote before proposal, saving vote in pending votes, hash is  [233 71 193 36 185 72 95 92 29 220 193 120 223 14 188 72 252 159 62 199 112 113 252 214 161 209 254 215 214 224 205 19]  and string is,  18
2022-11-27T04:39:05.982Z	DEBUG	replica=5	coded-hotterstuff/consensus.go:970	Received vote before proposal, key is, 18	{"CURRENT VIEW": 17}
Decoded original proposal, time: 2022-11-27 04:39:07.074625626 +0000 UTC m=+70.275367339 header hash: [125 188 128 163 149 74 17 87 102 203 151 169 127 222 108 104 174 185 14 72 28 223 232 151 172 204 94 91 117 235 43 104]
2022-11-27T04:39:07.074Z	DEBUG	replica=5	coded-hotterstuff/consensus.go:576	received proposal	{"CURRENT VIEW": 17, "msg": "proposal", "header view": 17, "prepare view": 16, "hash": "fbyAo5VKEVdmy5epf95saK65Dkgc3+iXrMxeW3XrK2g=", "parent": "PAOswJ5F5FKLEprAJ1SnuPasqGFIM2uhNIcdZdMfaCw="}
replica 5 is forwarding chunk to replica 0
replica 5 is forwarding chunk to replica 1
replica 5 is forwarding chunk to replica 2
replica 5 is forwarding chunk to replica 3
replica 5 is forwarding chunk to replica 6
Decoded original proposal, time: 2022-11-27 04:39:08.185844424 +0000 UTC m=+71.386586178 header hash: [233 71 193 36 185 72 95 92 29 220 193 120 223 14 188 72 252 159 62 199 112 113 252 214 161 209 254 215 214 224 205 19]
2022-11-27T04:39:08.185Z	DEBUG	replica=5	coded-hotterstuff/consensus.go:576	received proposal	{"CURRENT VIEW": 17, "msg": "proposal", "header view": 18, "prepare view": 16, "hash": "6UfBJLlIX1wd3MF43w68SPyfPsdwcfzWodH+19bgzRM=", "parent": "fbyAo5VKEVdmy5epf95saK65Dkgc3+iXrMxeW3XrK2g="}
2022-11-27T04:39:08.193Z	DEBUG	replica=5	coded-hotterstuff/consensus.go:809	new block certified	{"CURRENT VIEW": 17, "view": 17, "hash": "fbyAo5VKEVdmy5epf95saK65Dkgc3+iXrMxeW3XrK2g="}
2022-11-27T04:39:08.193Z	DEBUG	replica=5	coded-hotterstuff/consensus.go:520	entered new view	{"CURRENT VIEW": 18, "view timeout": 2, "timedout": false}
2022-11-27T04:39:08.193Z	DEBUG	replica=5	coded-hotterstuff/consensus.go:535	replica is a leader for next view. collecting new-view messages	{"CURRENT VIEW": 18}
2022-11-27T04:39:08.194Z	DEBUG	replica=5	coded-hotterstuff/consensus.go:788	new block locked	{"CURRENT VIEW": 18, "view": 16, "hash": "PAOswJ5F5FKLEprAJ1SnuPasqGFIM2uhNIcdZdMfaCw="}
2022-11-27T04:39:08.194Z	INFO	replica=5	coded-hotterstuff/consensus.go:797	new block commited	{"CURRENT VIEW": 18, "view": 15, "hash": "yki5uJhKgjQT5iLa3NRfkhkCHcRSab0ctor/KqZboNA="}
2022-11-27T04:39:08.197Z	DEBUG	replica=5	coded-hotterstuff/consensus.go:678	proposal is safe to vote on	{"CURRENT VIEW": 17, "msg": "proposal", "header view": 18, "prepare view": 16, "hash": "6UfBJLlIX1wd3MF43w68SPyfPsdwcfzWodH+19bgzRM=", "parent": "fbyAo5VKEVdmy5epf95saK65Dkgc3+iXrMxeW3XrK2g="}
2022-11-27T04:39:08.197Z	DEBUG	replica=5	coded-hotterstuff/consensus.go:758	Taking care of pending vote 18	{"CURRENT VIEW": 18}
2022-11-27T04:39:08.197Z	DEBUG	replica=5	coded-hotterstuff/consensus.go:965	received vote	{"CURRENT VIEW": 18, "msg": "vote", "voter": 4, "view": 18, "hash": "6UfBJLlIX1wd3MF43w68SPyfPsdwcfzWodH+19bgzRM="}
2022-11-27T04:39:08.203Z	DEBUG	replica=5	coded-hotterstuff/consensus.go:965	received vote	{"CURRENT VIEW": 18, "msg": "vote", "voter": 5, "view": 18, "hash": "6UfBJLlIX1wd3MF43w68SPyfPsdwcfzWodH+19bgzRM="}
Node  5 +1 block finalized at time:  2022-11-27 04:39:08.208781599 +0000 UTC m=+71.409523296
2022-11-27T04:39:08.296Z	DEBUG	replica=5	coded-hotterstuff/consensus.go:965	received vote	{"CURRENT VIEW": 18, "msg": "vote", "voter": 3, "view": 18, "hash": "6UfBJLlIX1wd3MF43w68SPyfPsdwcfzWodH+19bgzRM="}
2022-11-27T04:39:08.716Z	DEBUG	replica=5	coded-hotterstuff/consensus.go:965	received vote	{"CURRENT VIEW": 18, "msg": "vote", "voter": 1, "view": 18, "hash": "6UfBJLlIX1wd3MF43w68SPyfPsdwcfzWodH+19bgzRM="}
Decoded original proposal, time: 2022-11-27 04:39:09.053071513 +0000 UTC m=+72.253813265 header hash: [233 71 193 36 185 72 95 92 29 220 193 120 223 14 188 72 252 159 62 199 112 113 252 214 161 209 254 215 214 224 205 19]
2022-11-27T04:39:09.053Z	DEBUG	replica=5	coded-hotterstuff/consensus.go:576	received proposal	{"CURRENT VIEW": 18, "msg": "proposal", "header view": 18, "prepare view": 17, "hash": "6UfBJLlIX1wd3MF43w68SPyfPsdwcfzWodH+19bgzRM=", "parent": "fbyAo5VKEVdmy5epf95saK65Dkgc3+iXrMxeW3XrK2g="}
2022-11-27T04:39:09.061Z	DEBUG	replica=5	coded-hotterstuff/consensus.go:965	received vote	{"CURRENT VIEW": 18, "msg": "vote", "voter": 6, "view": 18, "hash": "6UfBJLlIX1wd3MF43w68SPyfPsdwcfzWodH+19bgzRM="}
2022-11-27T04:39:09.066Z	DEBUG	replica=5	coded-hotterstuff/consensus.go:809	new block certified	{"CURRENT VIEW": 18, "view": 18, "hash": "6UfBJLlIX1wd3MF43w68SPyfPsdwcfzWodH+19bgzRM="}
2022-11-27T04:39:09.066Z	DEBUG	replica=5	coded-hotterstuff/consensus.go:520	entered new view	{"CURRENT VIEW": 19, "view timeout": 2, "timedout": false}
2022-11-27T04:39:09.066Z	DEBUG	replica=5	coded-hotterstuff/consensus.go:544	replica is a leader for this view. waiting for data	{"CURRENT VIEW": 19}
2022-11-27T04:39:09.066Z	DEBUG	replica=5	coded-hotterstuff/consensus.go:520	entered new view	{"CURRENT VIEW": 19, "view timeout": 2, "timedout": false}
2022-11-27T04:39:09.066Z	DEBUG	replica=5	coded-hotterstuff/consensus.go:544	replica is a leader for this view. waiting for data	{"CURRENT VIEW": 19}
2022-11-27T04:39:09.070Z	DEBUG	replica=5	coded-hotterstuff/consensus.go:238	sending proposal	{"CURRENT VIEW": 19, "hash": "uSmPJ2ljy8Cf/kVdYaizGHLR6BOCKJsjlWDpYp2SPg4=", "parent": "6UfBJLlIX1wd3MF43w68SPyfPsdwcfzWodH+19bgzRM=", "signer": 5}
2022-11-27T04:39:09.071Z	DEBUG	replica=5	coded-hotterstuff/consensus.go:576	received proposal	{"CURRENT VIEW": 19, "msg": "proposal", "header view": 19, "prepare view": 18, "hash": "uSmPJ2ljy8Cf/kVdYaizGHLR6BOCKJsjlWDpYp2SPg4=", "parent": "6UfBJLlIX1wd3MF43w68SPyfPsdwcfzWodH+19bgzRM="}
2022-11-27T04:39:09.078Z	DEBUG	replica=5	coded-hotterstuff/consensus.go:788	new block locked	{"CURRENT VIEW": 19, "view": 17, "hash": "fbyAo5VKEVdmy5epf95saK65Dkgc3+iXrMxeW3XrK2g="}
2022-11-27T04:39:09.078Z	INFO	replica=5	coded-hotterstuff/consensus.go:797	new block commited	{"CURRENT VIEW": 19, "view": 16, "hash": "PAOswJ5F5FKLEprAJ1SnuPasqGFIM2uhNIcdZdMfaCw="}
2022-11-27T04:39:09.079Z	DEBUG	replica=5	coded-hotterstuff/consensus.go:678	proposal is safe to vote on	{"CURRENT VIEW": 19, "msg": "proposal", "header view": 19, "prepare view": 18, "hash": "uSmPJ2ljy8Cf/kVdYaizGHLR6BOCKJsjlWDpYp2SPg4=", "parent": "6UfBJLlIX1wd3MF43w68SPyfPsdwcfzWodH+19bgzRM="}
Node  5 +1 block finalized at time:  2022-11-27 04:39:09.082837574 +0000 UTC m=+72.283579293
2022-11-27T04:39:09.121Z	DEBUG	replica=5	coded-hotterstuff/consensus.go:965	received vote	{"CURRENT VIEW": 19, "msg": "vote", "voter": 0, "view": 19, "hash": "6UfBJLlIX1wd3MF43w68SPyfPsdwcfzWodH+19bgzRM="}
2022-11-27T04:39:09.126Z	DEBUG	replica=5	coded-hotterstuff/consensus.go:520	entered new view	{"CURRENT VIEW": 19, "view timeout": 2, "timedout": false}
2022-11-27T04:39:09.126Z	DEBUG	replica=5	coded-hotterstuff/consensus.go:544	replica is a leader for this view. waiting for data	{"CURRENT VIEW": 19}
2022-11-27T04:39:09.129Z	DEBUG	replica=5	coded-hotterstuff/consensus.go:238	sending proposal	{"CURRENT VIEW": 19, "hash": "uSmPJ2ljy8Cf/kVdYaizGHLR6BOCKJsjlWDpYp2SPg4=", "parent": "6UfBJLlIX1wd3MF43w68SPyfPsdwcfzWodH+19bgzRM=", "signer": 5}
2022-11-27T04:39:09.132Z	DEBUG	replica=5	coded-hotterstuff/consensus.go:576	received proposal	{"CURRENT VIEW": 19, "msg": "proposal", "header view": 19, "prepare view": 18, "hash": "uSmPJ2ljy8Cf/kVdYaizGHLR6BOCKJsjlWDpYp2SPg4=", "parent": "6UfBJLlIX1wd3MF43w68SPyfPsdwcfzWodH+19bgzRM="}
2022-11-27T04:39:09.768Z	DEBUG	replica=5	coded-hotterstuff/consensus.go:965	received vote	{"CURRENT VIEW": 19, "msg": "vote", "voter": 2, "view": 19, "hash": "6UfBJLlIX1wd3MF43w68SPyfPsdwcfzWodH+19bgzRM="}
2022-11-27T04:39:09.773Z	DEBUG	replica=5	coded-hotterstuff/consensus.go:520	entered new view	{"CURRENT VIEW": 19, "view timeout": 2, "timedout": false}
2022-11-27T04:39:09.773Z	DEBUG	replica=5	coded-hotterstuff/consensus.go:544	replica is a leader for this view. waiting for data	{"CURRENT VIEW": 19}
2022-11-27T04:39:09.776Z	DEBUG	replica=5	coded-hotterstuff/consensus.go:238	sending proposal	{"CURRENT VIEW": 19, "hash": "uSmPJ2ljy8Cf/kVdYaizGHLR6BOCKJsjlWDpYp2SPg4=", "parent": "6UfBJLlIX1wd3MF43w68SPyfPsdwcfzWodH+19bgzRM=", "signer": 5}
2022-11-27T04:39:09.777Z	DEBUG	replica=5	coded-hotterstuff/consensus.go:576	received proposal	{"CURRENT VIEW": 19, "msg": "proposal", "header view": 19, "prepare view": 18, "hash": "uSmPJ2ljy8Cf/kVdYaizGHLR6BOCKJsjlWDpYp2SPg4=", "parent": "6UfBJLlIX1wd3MF43w68SPyfPsdwcfzWodH+19bgzRM="}
replica 5 is forwarding chunk to replica 0
replica 5 is forwarding chunk to replica 1
replica 5 is forwarding chunk to replica 2
replica 5 is forwarding chunk to replica 3
replica 5 is forwarding chunk to replica 6
Decoded original proposal, time: 2022-11-27 04:39:10.893702469 +0000 UTC m=+74.094444242 header hash: [233 71 193 36 185 72 95 92 29 220 193 120 223 14 188 72 252 159 62 199 112 113 252 214 161 209 254 215 214 224 205 19]
2022-11-27T04:39:10.893Z	DEBUG	replica=5	coded-hotterstuff/consensus.go:576	received proposal	{"CURRENT VIEW": 19, "msg": "proposal", "header view": 18, "prepare view": 18, "hash": "6UfBJLlIX1wd3MF43w68SPyfPsdwcfzWodH+19bgzRM=", "parent": "fbyAo5VKEVdmy5epf95saK65Dkgc3+iXrMxeW3XrK2g="}
2022-11-27T04:39:10.901Z	DEBUG	replica=5	coded-hotterstuff/consensus.go:667	proposal view doesn't match local view	{"CURRENT VIEW": 19, "msg": "proposal", "header view": 18, "prepare view": 18, "hash": "6UfBJLlIX1wd3MF43w68SPyfPsdwcfzWodH+19bgzRM=", "parent": "fbyAo5VKEVdmy5epf95saK65Dkgc3+iXrMxeW3XrK2g="}
replica 5 is forwarding chunk to replica 0
replica 5 is forwarding chunk to replica 1
replica 5 is forwarding chunk to replica 2
replica 5 is forwarding chunk to replica 3
replica 5 is forwarding chunk to replica 4
replica 5 is forwarding chunk to replica 0
replica 5 is forwarding chunk to replica 1
replica 5 is forwarding chunk to replica 2
replica 5 is forwarding chunk to replica 3
replica 5 is forwarding chunk to replica 4
Decoded original proposal, time: 2022-11-27 04:39:16.353013257 +0000 UTC m=+79.553755019 header hash: [13 182 191 15 143 42 152 29 239 84 127 36 77 221 124 199 27 48 113 31 51 226 178 103 166 208 44 11 123 31 191 52]
2022-11-27T04:39:16.353Z	DEBUG	replica=5	coded-hotterstuff/consensus.go:576	received proposal	{"CURRENT VIEW": 19, "msg": "proposal", "header view": 20, "prepare view": 18, "hash": "Dba/D48qmB3vVH8kTd18xxswcR8z4rJnptAsC3sfvzQ=", "parent": "uSmPJ2ljy8Cf/kVdYaizGHLR6BOCKJsjlWDpYp2SPg4="}
2022-11-27T04:39:16.360Z	DEBUG	replica=5	coded-hotterstuff/consensus.go:809	new block certified	{"CURRENT VIEW": 19, "view": 19, "hash": "uSmPJ2ljy8Cf/kVdYaizGHLR6BOCKJsjlWDpYp2SPg4="}
2022-11-27T04:39:16.360Z	DEBUG	replica=5	coded-hotterstuff/consensus.go:520	entered new view	{"CURRENT VIEW": 20, "view timeout": 2, "timedout": false}
2022-11-27T04:39:16.361Z	DEBUG	replica=5	coded-hotterstuff/consensus.go:788	new block locked	{"CURRENT VIEW": 20, "view": 18, "hash": "6UfBJLlIX1wd3MF43w68SPyfPsdwcfzWodH+19bgzRM="}
2022-11-27T04:39:16.361Z	INFO	replica=5	coded-hotterstuff/consensus.go:797	new block commited	{"CURRENT VIEW": 20, "view": 17, "hash": "fbyAo5VKEVdmy5epf95saK65Dkgc3+iXrMxeW3XrK2g="}
2022-11-27T04:39:16.362Z	DEBUG	replica=5	coded-hotterstuff/consensus.go:678	proposal is safe to vote on	{"CURRENT VIEW": 19, "msg": "proposal", "header view": 20, "prepare view": 18, "hash": "Dba/D48qmB3vVH8kTd18xxswcR8z4rJnptAsC3sfvzQ=", "parent": "uSmPJ2ljy8Cf/kVdYaizGHLR6BOCKJsjlWDpYp2SPg4="}
Node  5 +1 block finalized at time:  2022-11-27 04:39:16.364126655 +0000 UTC m=+79.564868351
replica 5 is forwarding chunk to replica 0
replica 5 is forwarding chunk to replica 1
replica 5 is forwarding chunk to replica 2
replica 5 is forwarding chunk to replica 3
replica 5 is forwarding chunk to replica 4
Decoded original proposal, time: 2022-11-27 04:39:17.623828373 +0000 UTC m=+80.824570113 header hash: [13 182 191 15 143 42 152 29 239 84 127 36 77 221 124 199 27 48 113 31 51 226 178 103 166 208 44 11 123 31 191 52]
2022-11-27T04:39:17.623Z	DEBUG	replica=5	coded-hotterstuff/consensus.go:576	received proposal	{"CURRENT VIEW": 20, "msg": "proposal", "header view": 20, "prepare view": 19, "hash": "Dba/D48qmB3vVH8kTd18xxswcR8z4rJnptAsC3sfvzQ=", "parent": "uSmPJ2ljy8Cf/kVdYaizGHLR6BOCKJsjlWDpYp2SPg4="}
replica 5 is forwarding chunk to replica 1
replica 5 is forwarding chunk to replica 2
replica 5 is forwarding chunk to replica 3
replica 5 is forwarding chunk to replica 4
replica 5 is forwarding chunk to replica 6
Decoded original proposal, time: 2022-11-27 04:39:18.845614316 +0000 UTC m=+82.046356042 header hash: [13 182 191 15 143 42 152 29 239 84 127 36 77 221 124 199 27 48 113 31 51 226 178 103 166 208 44 11 123 31 191 52]
2022-11-27T04:39:18.845Z	DEBUG	replica=5	coded-hotterstuff/consensus.go:576	received proposal	{"CURRENT VIEW": 20, "msg": "proposal", "header view": 20, "prepare view": 19, "hash": "Dba/D48qmB3vVH8kTd18xxswcR8z4rJnptAsC3sfvzQ=", "parent": "uSmPJ2ljy8Cf/kVdYaizGHLR6BOCKJsjlWDpYp2SPg4="}
Decoded original proposal, time: 2022-11-27 04:39:19.968916498 +0000 UTC m=+83.169658286 header hash: [209 38 65 65 46 4 226 145 106 139 61 138 29 3 67 4 115 15 92 233 3 182 204 209 81 205 132 59 223 246 130 103]
2022-11-27T04:39:19.968Z	DEBUG	replica=5	coded-hotterstuff/consensus.go:576	received proposal	{"CURRENT VIEW": 20, "msg": "proposal", "header view": 21, "prepare view": 19, "hash": "0SZBQS4E4pFqiz2KHQNDBHMPXOkDtszRUc2EO9/2gmc=", "parent": "Dba/D48qmB3vVH8kTd18xxswcR8z4rJnptAsC3sfvzQ="}
2022-11-27T04:39:19.976Z	DEBUG	replica=5	coded-hotterstuff/consensus.go:809	new block certified	{"CURRENT VIEW": 20, "view": 20, "hash": "Dba/D48qmB3vVH8kTd18xxswcR8z4rJnptAsC3sfvzQ="}
2022-11-27T04:39:19.976Z	DEBUG	replica=5	coded-hotterstuff/consensus.go:520	entered new view	{"CURRENT VIEW": 21, "view timeout": 2, "timedout": false}
2022-11-27T04:39:19.976Z	DEBUG	replica=5	coded-hotterstuff/consensus.go:788	new block locked	{"CURRENT VIEW": 21, "view": 19, "hash": "uSmPJ2ljy8Cf/kVdYaizGHLR6BOCKJsjlWDpYp2SPg4="}
2022-11-27T04:39:19.976Z	INFO	replica=5	coded-hotterstuff/consensus.go:797	new block commited	{"CURRENT VIEW": 21, "view": 18, "hash": "6UfBJLlIX1wd3MF43w68SPyfPsdwcfzWodH+19bgzRM="}
2022-11-27T04:39:19.978Z	DEBUG	replica=5	coded-hotterstuff/consensus.go:678	proposal is safe to vote on	{"CURRENT VIEW": 20, "msg": "proposal", "header view": 21, "prepare view": 19, "hash": "0SZBQS4E4pFqiz2KHQNDBHMPXOkDtszRUc2EO9/2gmc=", "parent": "Dba/D48qmB3vVH8kTd18xxswcR8z4rJnptAsC3sfvzQ="}
Node  5 +1 block finalized at time:  2022-11-27 04:39:19.9802057 +0000 UTC m=+83.180947411
replica 5 is forwarding chunk to replica 1
replica 5 is forwarding chunk to replica 2
replica 5 is forwarding chunk to replica 3
replica 5 is forwarding chunk to replica 4
replica 5 is forwarding chunk to replica 6
replica 5 is forwarding chunk to replica 0
replica 5 is forwarding chunk to replica 2
replica 5 is forwarding chunk to replica 3
replica 5 is forwarding chunk to replica 4
replica 5 is forwarding chunk to replica 6
replica 5 is forwarding chunk to replica 1
replica 5 is forwarding chunk to replica 2
replica 5 is forwarding chunk to replica 3
replica 5 is forwarding chunk to replica 4
replica 5 is forwarding chunk to replica 6
Decoded original proposal, time: 2022-11-27 04:39:22.361305386 +0000 UTC m=+85.562047141 header hash: [209 38 65 65 46 4 226 145 106 139 61 138 29 3 67 4 115 15 92 233 3 182 204 209 81 205 132 59 223 246 130 103]
2022-11-27T04:39:22.361Z	DEBUG	replica=5	coded-hotterstuff/consensus.go:576	received proposal	{"CURRENT VIEW": 21, "msg": "proposal", "header view": 21, "prepare view": 20, "hash": "0SZBQS4E4pFqiz2KHQNDBHMPXOkDtszRUc2EO9/2gmc=", "parent": "Dba/D48qmB3vVH8kTd18xxswcR8z4rJnptAsC3sfvzQ="}
replica 5 is forwarding chunk to replica 0
replica 5 is forwarding chunk to replica 2
replica 5 is forwarding chunk to replica 3
replica 5 is forwarding chunk to replica 4
replica 5 is forwarding chunk to replica 6
Decoded original proposal, time: 2022-11-27 04:39:23.847097027 +0000 UTC m=+87.047838779 header hash: [236 22 254 114 249 137 84 235 103 187 22 243 254 52 241 221 163 197 58 85 216 147 6 31 172 60 252 77 199 10 162 122]
2022-11-27T04:39:23.847Z	DEBUG	replica=5	coded-hotterstuff/consensus.go:576	received proposal	{"CURRENT VIEW": 21, "msg": "proposal", "header view": 22, "prepare view": 20, "hash": "7Bb+cvmJVOtnuxbz/jTx3aPFOlXYkwYfrDz8TccKono=", "parent": "0SZBQS4E4pFqiz2KHQNDBHMPXOkDtszRUc2EO9/2gmc="}
2022-11-27T04:39:23.854Z	DEBUG	replica=5	coded-hotterstuff/consensus.go:809	new block certified	{"CURRENT VIEW": 21, "view": 21, "hash": "0SZBQS4E4pFqiz2KHQNDBHMPXOkDtszRUc2EO9/2gmc="}
2022-11-27T04:39:23.854Z	DEBUG	replica=5	coded-hotterstuff/consensus.go:520	entered new view	{"CURRENT VIEW": 22, "view timeout": 2, "timedout": false}
2022-11-27T04:39:23.854Z	DEBUG	replica=5	coded-hotterstuff/consensus.go:788	new block locked	{"CURRENT VIEW": 22, "view": 20, "hash": "Dba/D48qmB3vVH8kTd18xxswcR8z4rJnptAsC3sfvzQ="}
2022-11-27T04:39:23.854Z	INFO	replica=5	coded-hotterstuff/consensus.go:797	new block commited	{"CURRENT VIEW": 22, "view": 19, "hash": "uSmPJ2ljy8Cf/kVdYaizGHLR6BOCKJsjlWDpYp2SPg4="}
2022-11-27T04:39:23.856Z	DEBUG	replica=5	coded-hotterstuff/consensus.go:678	proposal is safe to vote on	{"CURRENT VIEW": 21, "msg": "proposal", "header view": 22, "prepare view": 20, "hash": "7Bb+cvmJVOtnuxbz/jTx3aPFOlXYkwYfrDz8TccKono=", "parent": "0SZBQS4E4pFqiz2KHQNDBHMPXOkDtszRUc2EO9/2gmc="}
Node  5 +1 block finalized at time:  2022-11-27 04:39:23.859511104 +0000 UTC m=+87.060252836
Decoded original proposal, time: 2022-11-27 04:39:25.189484265 +0000 UTC m=+88.390226021 header hash: [236 22 254 114 249 137 84 235 103 187 22 243 254 52 241 221 163 197 58 85 216 147 6 31 172 60 252 77 199 10 162 122]
2022-11-27T04:39:25.189Z	DEBUG	replica=5	coded-hotterstuff/consensus.go:576	received proposal	{"CURRENT VIEW": 22, "msg": "proposal", "header view": 22, "prepare view": 21, "hash": "7Bb+cvmJVOtnuxbz/jTx3aPFOlXYkwYfrDz8TccKono=", "parent": "0SZBQS4E4pFqiz2KHQNDBHMPXOkDtszRUc2EO9/2gmc="}
replica 5 is forwarding chunk to replica 0
replica 5 is forwarding chunk to replica 2
replica 5 is forwarding chunk to replica 3
replica 5 is forwarding chunk to replica 4
replica 5 is forwarding chunk to replica 6
Decoded original proposal, time: 2022-11-27 04:39:25.792401268 +0000 UTC m=+88.993143030 header hash: [209 38 65 65 46 4 226 145 106 139 61 138 29 3 67 4 115 15 92 233 3 182 204 209 81 205 132 59 223 246 130 103]
2022-11-27T04:39:25.792Z	DEBUG	replica=5	coded-hotterstuff/consensus.go:576	received proposal	{"CURRENT VIEW": 22, "msg": "proposal", "header view": 21, "prepare view": 21, "hash": "0SZBQS4E4pFqiz2KHQNDBHMPXOkDtszRUc2EO9/2gmc=", "parent": "Dba/D48qmB3vVH8kTd18xxswcR8z4rJnptAsC3sfvzQ="}
2022-11-27T04:39:25.799Z	DEBUG	replica=5	coded-hotterstuff/consensus.go:667	proposal view doesn't match local view	{"CURRENT VIEW": 22, "msg": "proposal", "header view": 21, "prepare view": 21, "hash": "0SZBQS4E4pFqiz2KHQNDBHMPXOkDtszRUc2EO9/2gmc=", "parent": "Dba/D48qmB3vVH8kTd18xxswcR8z4rJnptAsC3sfvzQ="}
Decoded original proposal, time: 2022-11-27 04:39:26.463061669 +0000 UTC m=+89.663803425 header hash: [236 22 254 114 249 137 84 235 103 187 22 243 254 52 241 221 163 197 58 85 216 147 6 31 172 60 252 77 199 10 162 122]
2022-11-27T04:39:26.463Z	DEBUG	replica=5	coded-hotterstuff/consensus.go:576	received proposal	{"CURRENT VIEW": 22, "msg": "proposal", "header view": 22, "prepare view": 21, "hash": "7Bb+cvmJVOtnuxbz/jTx3aPFOlXYkwYfrDz8TccKono=", "parent": "0SZBQS4E4pFqiz2KHQNDBHMPXOkDtszRUc2EO9/2gmc="}
replica 5 is forwarding chunk to replica 0
replica 5 is forwarding chunk to replica 1
replica 5 is forwarding chunk to replica 3
replica 5 is forwarding chunk to replica 4
replica 5 is forwarding chunk to replica 6
replica 5 is forwarding chunk to replica 0
replica 5 is forwarding chunk to replica 1
replica 5 is forwarding chunk to replica 3
replica 5 is forwarding chunk to replica 4
replica 5 is forwarding chunk to replica 6
Decoded original proposal, time: 2022-11-27 04:39:29.487430589 +0000 UTC m=+92.688172343 header hash: [166 104 248 56 156 200 56 21 234 36 160 106 253 96 127 136 80 12 64 153 26 46 23 40 178 246 209 130 199 137 106 50]
2022-11-27T04:39:29.487Z	DEBUG	replica=5	coded-hotterstuff/consensus.go:576	received proposal	{"CURRENT VIEW": 22, "msg": "proposal", "header view": 23, "prepare view": 21, "hash": "pmj4OJzIOBXqJKBq/WB/iFAMQJkaLhcosvbRgseJajI=", "parent": "7Bb+cvmJVOtnuxbz/jTx3aPFOlXYkwYfrDz8TccKono="}
2022-11-27T04:39:29.494Z	DEBUG	replica=5	coded-hotterstuff/consensus.go:809	new block certified	{"CURRENT VIEW": 22, "view": 22, "hash": "7Bb+cvmJVOtnuxbz/jTx3aPFOlXYkwYfrDz8TccKono="}
2022-11-27T04:39:29.494Z	DEBUG	replica=5	coded-hotterstuff/consensus.go:520	entered new view	{"CURRENT VIEW": 23, "view timeout": 2, "timedout": false}
2022-11-27T04:39:29.494Z	DEBUG	replica=5	coded-hotterstuff/consensus.go:788	new block locked	{"CURRENT VIEW": 23, "view": 21, "hash": "0SZBQS4E4pFqiz2KHQNDBHMPXOkDtszRUc2EO9/2gmc="}
2022-11-27T04:39:29.494Z	INFO	replica=5	coded-hotterstuff/consensus.go:797	new block commited	{"CURRENT VIEW": 23, "view": 20, "hash": "Dba/D48qmB3vVH8kTd18xxswcR8z4rJnptAsC3sfvzQ="}
2022-11-27T04:39:29.495Z	DEBUG	replica=5	coded-hotterstuff/consensus.go:678	proposal is safe to vote on	{"CURRENT VIEW": 22, "msg": "proposal", "header view": 23, "prepare view": 21, "hash": "pmj4OJzIOBXqJKBq/WB/iFAMQJkaLhcosvbRgseJajI=", "parent": "7Bb+cvmJVOtnuxbz/jTx3aPFOlXYkwYfrDz8TccKono="}
Node  5 +1 block finalized at time:  2022-11-27 04:39:29.497337405 +0000 UTC m=+92.698079111
replica 5 is forwarding chunk to replica 0
replica 5 is forwarding chunk to replica 1
replica 5 is forwarding chunk to replica 3
replica 5 is forwarding chunk to replica 4
replica 5 is forwarding chunk to replica 6
Decoded original proposal, time: 2022-11-27 04:39:31.232892783 +0000 UTC m=+94.433634537 header hash: [166 104 248 56 156 200 56 21 234 36 160 106 253 96 127 136 80 12 64 153 26 46 23 40 178 246 209 130 199 137 106 50]
2022-11-27T04:39:31.232Z	DEBUG	replica=5	coded-hotterstuff/consensus.go:576	received proposal	{"CURRENT VIEW": 23, "msg": "proposal", "header view": 23, "prepare view": 22, "hash": "pmj4OJzIOBXqJKBq/WB/iFAMQJkaLhcosvbRgseJajI=", "parent": "7Bb+cvmJVOtnuxbz/jTx3aPFOlXYkwYfrDz8TccKono="}
Decoded original proposal, time: 2022-11-27 04:39:32.215996619 +0000 UTC m=+95.416738379 header hash: [166 104 248 56 156 200 56 21 234 36 160 106 253 96 127 136 80 12 64 153 26 46 23 40 178 246 209 130 199 137 106 50]
2022-11-27T04:39:32.216Z	DEBUG	replica=5	coded-hotterstuff/consensus.go:576	received proposal	{"CURRENT VIEW": 23, "msg": "proposal", "header view": 23, "prepare view": 22, "hash": "pmj4OJzIOBXqJKBq/WB/iFAMQJkaLhcosvbRgseJajI=", "parent": "7Bb+cvmJVOtnuxbz/jTx3aPFOlXYkwYfrDz8TccKono="}
replica 5 is forwarding chunk to replica 0
replica 5 is forwarding chunk to replica 1
replica 5 is forwarding chunk to replica 2
replica 5 is forwarding chunk to replica 4
replica 5 is forwarding chunk to replica 6
Decoded original proposal, time: 2022-11-27 04:39:32.795878684 +0000 UTC m=+95.996620440 header hash: [130 41 63 142 209 112 247 120 166 50 171 153 124 242 157 248 90 160 106 115 199 97 142 87 9 193 156 212 226 178 124 29]
2022-11-27T04:39:32.795Z	DEBUG	replica=5	coded-hotterstuff/consensus.go:576	received proposal	{"CURRENT VIEW": 23, "msg": "proposal", "header view": 24, "prepare view": 22, "hash": "gik/jtFw93imMquZfPKd+FqganPHYY5XCcGc1OKyfB0=", "parent": "pmj4OJzIOBXqJKBq/WB/iFAMQJkaLhcosvbRgseJajI="}
2022-11-27T04:39:32.803Z	DEBUG	replica=5	coded-hotterstuff/consensus.go:809	new block certified	{"CURRENT VIEW": 23, "view": 23, "hash": "pmj4OJzIOBXqJKBq/WB/iFAMQJkaLhcosvbRgseJajI="}
2022-11-27T04:39:32.803Z	DEBUG	replica=5	coded-hotterstuff/consensus.go:520	entered new view	{"CURRENT VIEW": 24, "view timeout": 2, "timedout": false}
2022-11-27T04:39:32.803Z	DEBUG	replica=5	coded-hotterstuff/consensus.go:788	new block locked	{"CURRENT VIEW": 24, "view": 22, "hash": "7Bb+cvmJVOtnuxbz/jTx3aPFOlXYkwYfrDz8TccKono="}
2022-11-27T04:39:32.803Z	INFO	replica=5	coded-hotterstuff/consensus.go:797	new block commited	{"CURRENT VIEW": 24, "view": 21, "hash": "0SZBQS4E4pFqiz2KHQNDBHMPXOkDtszRUc2EO9/2gmc="}
2022-11-27T04:39:32.807Z	DEBUG	replica=5	coded-hotterstuff/consensus.go:678	proposal is safe to vote on	{"CURRENT VIEW": 23, "msg": "proposal", "header view": 24, "prepare view": 22, "hash": "gik/jtFw93imMquZfPKd+FqganPHYY5XCcGc1OKyfB0=", "parent": "pmj4OJzIOBXqJKBq/WB/iFAMQJkaLhcosvbRgseJajI="}
Node  5 +1 block finalized at time:  2022-11-27 04:39:32.809148075 +0000 UTC m=+96.009889784
replica 5 is forwarding chunk to replica 0
replica 5 is forwarding chunk to replica 1
replica 5 is forwarding chunk to replica 2
replica 5 is forwarding chunk to replica 4
replica 5 is forwarding chunk to replica 6
Decoded original proposal, time: 2022-11-27 04:39:34.092261111 +0000 UTC m=+97.293002825 header hash: [130 41 63 142 209 112 247 120 166 50 171 153 124 242 157 248 90 160 106 115 199 97 142 87 9 193 156 212 226 178 124 29]
2022-11-27T04:39:34.092Z	DEBUG	replica=5	coded-hotterstuff/consensus.go:576	received proposal	{"CURRENT VIEW": 24, "msg": "proposal", "header view": 24, "prepare view": 23, "hash": "gik/jtFw93imMquZfPKd+FqganPHYY5XCcGc1OKyfB0=", "parent": "pmj4OJzIOBXqJKBq/WB/iFAMQJkaLhcosvbRgseJajI="}
replica 5 is forwarding chunk to replica 0
replica 5 is forwarding chunk to replica 1
replica 5 is forwarding chunk to replica 2
replica 5 is forwarding chunk to replica 4
replica 5 is forwarding chunk to replica 6
replica 5 is forwarding chunk to replica 0
replica 5 is forwarding chunk to replica 1
replica 5 is forwarding chunk to replica 2
replica 5 is forwarding chunk to replica 3
replica 5 is forwarding chunk to replica 6
2022-11-27T04:39:35.684Z	DEBUG	replica=5	coded-hotterstuff/consensus.go:965	received vote	{"CURRENT VIEW": 24, "msg": "vote", "voter": 4, "view": 24, "hash": "Ugwh8F3FpQFeRSYscm+DFw01jRZ/5rTD0xHw0SpCo78="}
Node  5  received vote before proposal, saving vote in pending votes, hash is  [82 12 33 240 93 197 165 1 94 69 38 44 114 111 131 23 13 53 141 22 127 230 180 195 211 17 240 209 42 66 163 191]  and string is,  25
2022-11-27T04:39:35.684Z	DEBUG	replica=5	coded-hotterstuff/consensus.go:970	Received vote before proposal, key is, 25	{"CURRENT VIEW": 24}
Decoded original proposal, time: 2022-11-27 04:39:35.837889419 +0000 UTC m=+99.038631185 header hash: [130 41 63 142 209 112 247 120 166 50 171 153 124 242 157 248 90 160 106 115 199 97 142 87 9 193 156 212 226 178 124 29]
2022-11-27T04:39:35.837Z	DEBUG	replica=5	coded-hotterstuff/consensus.go:576	received proposal	{"CURRENT VIEW": 24, "msg": "proposal", "header view": 24, "prepare view": 23, "hash": "gik/jtFw93imMquZfPKd+FqganPHYY5XCcGc1OKyfB0=", "parent": "pmj4OJzIOBXqJKBq/WB/iFAMQJkaLhcosvbRgseJajI="}
2022-11-27T04:39:36.654Z	DEBUG	replica=5	coded-hotterstuff/consensus.go:965	received vote	{"CURRENT VIEW": 24, "msg": "vote", "voter": 2, "view": 24, "hash": "Ugwh8F3FpQFeRSYscm+DFw01jRZ/5rTD0xHw0SpCo78="}
Decoded original proposal, time: 2022-11-27 04:39:37.130124157 +0000 UTC m=+100.330865871 header hash: [82 12 33 240 93 197 165 1 94 69 38 44 114 111 131 23 13 53 141 22 127 230 180 195 211 17 240 209 42 66 163 191]
2022-11-27T04:39:37.130Z	DEBUG	replica=5	coded-hotterstuff/consensus.go:576	received proposal	{"CURRENT VIEW": 24, "msg": "proposal", "header view": 25, "prepare view": 23, "hash": "Ugwh8F3FpQFeRSYscm+DFw01jRZ/5rTD0xHw0SpCo78=", "parent": "gik/jtFw93imMquZfPKd+FqganPHYY5XCcGc1OKyfB0="}
2022-11-27T04:39:37.138Z	DEBUG	replica=5	coded-hotterstuff/consensus.go:809	new block certified	{"CURRENT VIEW": 24, "view": 24, "hash": "gik/jtFw93imMquZfPKd+FqganPHYY5XCcGc1OKyfB0="}
2022-11-27T04:39:37.138Z	DEBUG	replica=5	coded-hotterstuff/consensus.go:520	entered new view	{"CURRENT VIEW": 25, "view timeout": 2, "timedout": false}
2022-11-27T04:39:37.138Z	DEBUG	replica=5	coded-hotterstuff/consensus.go:535	replica is a leader for next view. collecting new-view messages	{"CURRENT VIEW": 25}
2022-11-27T04:39:37.138Z	DEBUG	replica=5	coded-hotterstuff/consensus.go:788	new block locked	{"CURRENT VIEW": 25, "view": 23, "hash": "pmj4OJzIOBXqJKBq/WB/iFAMQJkaLhcosvbRgseJajI="}
2022-11-27T04:39:37.138Z	INFO	replica=5	coded-hotterstuff/consensus.go:797	new block commited	{"CURRENT VIEW": 25, "view": 22, "hash": "7Bb+cvmJVOtnuxbz/jTx3aPFOlXYkwYfrDz8TccKono="}
2022-11-27T04:39:37.139Z	DEBUG	replica=5	coded-hotterstuff/consensus.go:678	proposal is safe to vote on	{"CURRENT VIEW": 24, "msg": "proposal", "header view": 25, "prepare view": 23, "hash": "Ugwh8F3FpQFeRSYscm+DFw01jRZ/5rTD0xHw0SpCo78=", "parent": "gik/jtFw93imMquZfPKd+FqganPHYY5XCcGc1OKyfB0="}
2022-11-27T04:39:37.139Z	DEBUG	replica=5	coded-hotterstuff/consensus.go:758	Taking care of pending vote 25	{"CURRENT VIEW": 25}
2022-11-27T04:39:37.139Z	DEBUG	replica=5	coded-hotterstuff/consensus.go:965	received vote	{"CURRENT VIEW": 25, "msg": "vote", "voter": 4, "view": 25, "hash": "Ugwh8F3FpQFeRSYscm+DFw01jRZ/5rTD0xHw0SpCo78="}
2022-11-27T04:39:37.143Z	DEBUG	replica=5	coded-hotterstuff/consensus.go:758	Taking care of pending vote 25	{"CURRENT VIEW": 25}
2022-11-27T04:39:37.143Z	DEBUG	replica=5	coded-hotterstuff/consensus.go:965	received vote	{"CURRENT VIEW": 25, "msg": "vote", "voter": 2, "view": 25, "hash": "Ugwh8F3FpQFeRSYscm+DFw01jRZ/5rTD0xHw0SpCo78="}
2022-11-27T04:39:37.150Z	DEBUG	replica=5	coded-hotterstuff/consensus.go:965	received vote	{"CURRENT VIEW": 25, "msg": "vote", "voter": 5, "view": 25, "hash": "Ugwh8F3FpQFeRSYscm+DFw01jRZ/5rTD0xHw0SpCo78="}
2022-11-27T04:39:37.156Z	DEBUG	replica=5	coded-hotterstuff/consensus.go:965	received vote	{"CURRENT VIEW": 25, "msg": "vote", "voter": 1, "view": 25, "hash": "Ugwh8F3FpQFeRSYscm+DFw01jRZ/5rTD0xHw0SpCo78="}
2022-11-27T04:39:37.162Z	DEBUG	replica=5	coded-hotterstuff/consensus.go:965	received vote	{"CURRENT VIEW": 25, "msg": "vote", "voter": 3, "view": 25, "hash": "Ugwh8F3FpQFeRSYscm+DFw01jRZ/5rTD0xHw0SpCo78="}
2022-11-27T04:39:37.167Z	DEBUG	replica=5	coded-hotterstuff/consensus.go:809	new block certified	{"CURRENT VIEW": 25, "view": 25, "hash": "Ugwh8F3FpQFeRSYscm+DFw01jRZ/5rTD0xHw0SpCo78="}
2022-11-27T04:39:37.167Z	DEBUG	replica=5	coded-hotterstuff/consensus.go:520	entered new view	{"CURRENT VIEW": 26, "view timeout": 2, "timedout": false}
2022-11-27T04:39:37.167Z	DEBUG	replica=5	coded-hotterstuff/consensus.go:544	replica is a leader for this view. waiting for data	{"CURRENT VIEW": 26}
2022-11-27T04:39:37.167Z	DEBUG	replica=5	coded-hotterstuff/consensus.go:520	entered new view	{"CURRENT VIEW": 26, "view timeout": 2, "timedout": false}
2022-11-27T04:39:37.167Z	DEBUG	replica=5	coded-hotterstuff/consensus.go:544	replica is a leader for this view. waiting for data	{"CURRENT VIEW": 26}
Node  5 +1 block finalized at time:  2022-11-27 04:39:37.167958801 +0000 UTC m=+100.368700509
2022-11-27T04:39:37.171Z	DEBUG	replica=5	coded-hotterstuff/consensus.go:238	sending proposal	{"CURRENT VIEW": 26, "hash": "BFze8lj0ByqIeg5FMeM6QhZCC439W3dnPhgVNdsCCe8=", "parent": "Ugwh8F3FpQFeRSYscm+DFw01jRZ/5rTD0xHw0SpCo78=", "signer": 5}
2022-11-27T04:39:37.171Z	DEBUG	replica=5	coded-hotterstuff/consensus.go:576	received proposal	{"CURRENT VIEW": 26, "msg": "proposal", "header view": 26, "prepare view": 25, "hash": "BFze8lj0ByqIeg5FMeM6QhZCC439W3dnPhgVNdsCCe8=", "parent": "Ugwh8F3FpQFeRSYscm+DFw01jRZ/5rTD0xHw0SpCo78="}
2022-11-27T04:39:37.179Z	DEBUG	replica=5	coded-hotterstuff/consensus.go:788	new block locked	{"CURRENT VIEW": 26, "view": 24, "hash": "gik/jtFw93imMquZfPKd+FqganPHYY5XCcGc1OKyfB0="}
2022-11-27T04:39:37.179Z	INFO	replica=5	coded-hotterstuff/consensus.go:797	new block commited	{"CURRENT VIEW": 26, "view": 23, "hash": "pmj4OJzIOBXqJKBq/WB/iFAMQJkaLhcosvbRgseJajI="}
2022-11-27T04:39:37.181Z	DEBUG	replica=5	coded-hotterstuff/consensus.go:678	proposal is safe to vote on	{"CURRENT VIEW": 26, "msg": "proposal", "header view": 26, "prepare view": 25, "hash": "BFze8lj0ByqIeg5FMeM6QhZCC439W3dnPhgVNdsCCe8=", "parent": "Ugwh8F3FpQFeRSYscm+DFw01jRZ/5rTD0xHw0SpCo78="}
Node  5 +1 block finalized at time:  2022-11-27 04:39:37.183307038 +0000 UTC m=+100.384048746
2022-11-27T04:39:37.188Z	DEBUG	replica=5	coded-hotterstuff/consensus.go:965	received vote	{"CURRENT VIEW": 26, "msg": "vote", "voter": 0, "view": 26, "hash": "Ugwh8F3FpQFeRSYscm+DFw01jRZ/5rTD0xHw0SpCo78="}
2022-11-27T04:39:37.193Z	DEBUG	replica=5	coded-hotterstuff/consensus.go:520	entered new view	{"CURRENT VIEW": 26, "view timeout": 2, "timedout": false}
2022-11-27T04:39:37.194Z	DEBUG	replica=5	coded-hotterstuff/consensus.go:544	replica is a leader for this view. waiting for data	{"CURRENT VIEW": 26}
2022-11-27T04:39:37.197Z	DEBUG	replica=5	coded-hotterstuff/consensus.go:238	sending proposal	{"CURRENT VIEW": 26, "hash": "BFze8lj0ByqIeg5FMeM6QhZCC439W3dnPhgVNdsCCe8=", "parent": "Ugwh8F3FpQFeRSYscm+DFw01jRZ/5rTD0xHw0SpCo78=", "signer": 5}
2022-11-27T04:39:37.197Z	DEBUG	replica=5	coded-hotterstuff/consensus.go:576	received proposal	{"CURRENT VIEW": 26, "msg": "proposal", "header view": 26, "prepare view": 25, "hash": "BFze8lj0ByqIeg5FMeM6QhZCC439W3dnPhgVNdsCCe8=", "parent": "Ugwh8F3FpQFeRSYscm+DFw01jRZ/5rTD0xHw0SpCo78="}
2022-11-27T04:39:37.342Z	DEBUG	replica=5	coded-hotterstuff/consensus.go:965	received vote	{"CURRENT VIEW": 26, "msg": "vote", "voter": 6, "view": 26, "hash": "Ugwh8F3FpQFeRSYscm+DFw01jRZ/5rTD0xHw0SpCo78="}
2022-11-27T04:39:37.347Z	DEBUG	replica=5	coded-hotterstuff/consensus.go:520	entered new view	{"CURRENT VIEW": 26, "view timeout": 2, "timedout": false}
2022-11-27T04:39:37.347Z	DEBUG	replica=5	coded-hotterstuff/consensus.go:544	replica is a leader for this view. waiting for data	{"CURRENT VIEW": 26}
2022-11-27T04:39:37.351Z	DEBUG	replica=5	coded-hotterstuff/consensus.go:238	sending proposal	{"CURRENT VIEW": 26, "hash": "BFze8lj0ByqIeg5FMeM6QhZCC439W3dnPhgVNdsCCe8=", "parent": "Ugwh8F3FpQFeRSYscm+DFw01jRZ/5rTD0xHw0SpCo78=", "signer": 5}
2022-11-27T04:39:37.354Z	DEBUG	replica=5	coded-hotterstuff/consensus.go:576	received proposal	{"CURRENT VIEW": 26, "msg": "proposal", "header view": 26, "prepare view": 25, "hash": "BFze8lj0ByqIeg5FMeM6QhZCC439W3dnPhgVNdsCCe8=", "parent": "Ugwh8F3FpQFeRSYscm+DFw01jRZ/5rTD0xHw0SpCo78="}
replica 5 is forwarding chunk to replica 0
replica 5 is forwarding chunk to replica 1
replica 5 is forwarding chunk to replica 2
replica 5 is forwarding chunk to replica 3
replica 5 is forwarding chunk to replica 6
Decoded original proposal, time: 2022-11-27 04:39:39.15394573 +0000 UTC m=+102.354687440 header hash: [82 12 33 240 93 197 165 1 94 69 38 44 114 111 131 23 13 53 141 22 127 230 180 195 211 17 240 209 42 66 163 191]
2022-11-27T04:39:39.153Z	DEBUG	replica=5	coded-hotterstuff/consensus.go:576	received proposal	{"CURRENT VIEW": 26, "msg": "proposal", "header view": 25, "prepare view": 25, "hash": "Ugwh8F3FpQFeRSYscm+DFw01jRZ/5rTD0xHw0SpCo78=", "parent": "gik/jtFw93imMquZfPKd+FqganPHYY5XCcGc1OKyfB0="}
2022-11-27T04:39:39.163Z	DEBUG	replica=5	coded-hotterstuff/consensus.go:667	proposal view doesn't match local view	{"CURRENT VIEW": 26, "msg": "proposal", "header view": 25, "prepare view": 25, "hash": "Ugwh8F3FpQFeRSYscm+DFw01jRZ/5rTD0xHw0SpCo78=", "parent": "gik/jtFw93imMquZfPKd+FqganPHYY5XCcGc1OKyfB0="}
replica 5 is forwarding chunk to replica 0
replica 5 is forwarding chunk to replica 1
replica 5 is forwarding chunk to replica 2
replica 5 is forwarding chunk to replica 3
replica 5 is forwarding chunk to replica 6
Decoded original proposal, time: 2022-11-27 04:39:40.273415429 +0000 UTC m=+103.474157136 header hash: [82 12 33 240 93 197 165 1 94 69 38 44 114 111 131 23 13 53 141 22 127 230 180 195 211 17 240 209 42 66 163 191]
2022-11-27T04:39:40.273Z	DEBUG	replica=5	coded-hotterstuff/consensus.go:576	received proposal	{"CURRENT VIEW": 26, "msg": "proposal", "header view": 25, "prepare view": 25, "hash": "Ugwh8F3FpQFeRSYscm+DFw01jRZ/5rTD0xHw0SpCo78=", "parent": "gik/jtFw93imMquZfPKd+FqganPHYY5XCcGc1OKyfB0="}
2022-11-27T04:39:40.280Z	DEBUG	replica=5	coded-hotterstuff/consensus.go:667	proposal view doesn't match local view	{"CURRENT VIEW": 26, "msg": "proposal", "header view": 25, "prepare view": 25, "hash": "Ugwh8F3FpQFeRSYscm+DFw01jRZ/5rTD0xHw0SpCo78=", "parent": "gik/jtFw93imMquZfPKd+FqganPHYY5XCcGc1OKyfB0="}
