Node index: 3
[10.0.1.0:9000 10.0.1.2:9001 10.0.1.4:9002 10.0.1.6:9003 10.0.1.8:9004 10.0.1.10:9005 10.0.1.12:9006]
node 3 initiating connection to 10.0.1.0:9000
node 3 initiating connection to 10.0.1.2:9001
node 3 initiating connection to 10.0.1.4:9002
2022-11-27T04:37:56.861Z	DEBUG	replica=3	coded-hotterstuff/consensus.go:520	entered new view	{"CURRENT VIEW": 1, "view timeout": 2, "timedout": false}
node 3 successfully initiated connection to 10.0.1.0:9000
node 3 successfully initiated connection to 10.0.1.2:9001
node 3 successfully initiated connection to 10.0.1.4:9002
connection established 3 - 6
Node  3 -->  Listening for messages... 
connection established 3 - 4
Node  3 -->  Listening for messages... 
connection established 3 - 5
Node  3 -->  Listening for messages... 
connection established 3 - 1
connection established 3 - 2
Node  3 -->  Listening for messages... 
connection established 3 - 0
Node  3 -->  Listening for messages... 
Node  3 -->  Listening for messages... 
replica 3 is forwarding chunk to replica 0
replica 3 is forwarding chunk to replica 2
replica 3 is forwarding chunk to replica 4
replica 3 is forwarding chunk to replica 5
replica 3 is forwarding chunk to replica 6
Decoded original proposal, time: 2022-11-27 04:37:59.415247418 +0000 UTC m=+2.624672382 header hash: [72 160 180 233 149 231 108 139 103 97 149 83 197 114 214 128 107 110 76 231 61 205 42 18 190 82 86 133 4 78 235 255]
2022-11-27T04:37:59.415Z	DEBUG	replica=3	coded-hotterstuff/consensus.go:576	received proposal	{"CURRENT VIEW": 1, "msg": "proposal", "header view": 1, "prepare view": 0, "hash": "SKC06ZXnbItnYZVTxXLWgGtuTOc9zSoSvlJWhQRO6/8=", "parent": "GZWDhiYW+ib6TpJWRLDOftUd8y8ovAaEerQWDbefS7c="}
2022-11-27T04:37:59.423Z	DEBUG	replica=3	coded-hotterstuff/consensus.go:777	could not find gparent header	{"CURRENT VIEW": 1, "view": 0, "hash": "GZWDhiYW+ib6TpJWRLDOftUd8y8ovAaEerQWDbefS7c="}
2022-11-27T04:37:59.427Z	DEBUG	replica=3	coded-hotterstuff/consensus.go:678	proposal is safe to vote on	{"CURRENT VIEW": 1, "msg": "proposal", "header view": 1, "prepare view": 0, "hash": "SKC06ZXnbItnYZVTxXLWgGtuTOc9zSoSvlJWhQRO6/8=", "parent": "GZWDhiYW+ib6TpJWRLDOftUd8y8ovAaEerQWDbefS7c="}
replica 3 is forwarding chunk to replica 0
replica 3 is forwarding chunk to replica 1
replica 3 is forwarding chunk to replica 4
replica 3 is forwarding chunk to replica 5
replica 3 is forwarding chunk to replica 6
2022-11-27T04:38:00.932Z	DEBUG	replica=3	coded-hotterstuff/consensus.go:965	received vote	{"CURRENT VIEW": 1, "msg": "vote", "voter": 2, "view": 1, "hash": "cPBdTa7qQJueFGrjnuqGleZwFBh/lhGAlUWBfCr3UKs="}
Node  3  received vote before proposal, saving vote in pending votes, hash is  [112 240 93 77 174 234 64 155 158 20 106 227 158 234 134 149 230 112 20 24 127 150 17 128 149 69 129 124 42 247 80 171]  and string is,  2
2022-11-27T04:38:00.932Z	DEBUG	replica=3	coded-hotterstuff/consensus.go:970	Received vote before proposal, key is, 2	{"CURRENT VIEW": 1}
Decoded original proposal, time: 2022-11-27 04:38:02.031547006 +0000 UTC m=+5.240972024 header hash: [112 240 93 77 174 234 64 155 158 20 106 227 158 234 134 149 230 112 20 24 127 150 17 128 149 69 129 124 42 247 80 171]
2022-11-27T04:38:02.031Z	DEBUG	replica=3	coded-hotterstuff/consensus.go:576	received proposal	{"CURRENT VIEW": 1, "msg": "proposal", "header view": 2, "prepare view": 0, "hash": "cPBdTa7qQJueFGrjnuqGleZwFBh/lhGAlUWBfCr3UKs=", "parent": "SKC06ZXnbItnYZVTxXLWgGtuTOc9zSoSvlJWhQRO6/8="}
2022-11-27T04:38:02.038Z	DEBUG	replica=3	coded-hotterstuff/consensus.go:809	new block certified	{"CURRENT VIEW": 1, "view": 1, "hash": "SKC06ZXnbItnYZVTxXLWgGtuTOc9zSoSvlJWhQRO6/8="}
2022-11-27T04:38:02.038Z	DEBUG	replica=3	coded-hotterstuff/consensus.go:520	entered new view	{"CURRENT VIEW": 2, "view timeout": 2, "timedout": false}
2022-11-27T04:38:02.038Z	DEBUG	replica=3	coded-hotterstuff/consensus.go:535	replica is a leader for next view. collecting new-view messages	{"CURRENT VIEW": 2}
2022-11-27T04:38:02.038Z	DEBUG	replica=3	coded-hotterstuff/consensus.go:782	could not find ggparent header	{"CURRENT VIEW": 2, "view": 0, "hash": "GZWDhiYW+ib6TpJWRLDOftUd8y8ovAaEerQWDbefS7c="}
2022-11-27T04:38:02.040Z	DEBUG	replica=3	coded-hotterstuff/consensus.go:678	proposal is safe to vote on	{"CURRENT VIEW": 1, "msg": "proposal", "header view": 2, "prepare view": 0, "hash": "cPBdTa7qQJueFGrjnuqGleZwFBh/lhGAlUWBfCr3UKs=", "parent": "SKC06ZXnbItnYZVTxXLWgGtuTOc9zSoSvlJWhQRO6/8="}
2022-11-27T04:38:02.040Z	DEBUG	replica=3	coded-hotterstuff/consensus.go:758	Taking care of pending vote 2	{"CURRENT VIEW": 2}
2022-11-27T04:38:02.040Z	DEBUG	replica=3	coded-hotterstuff/consensus.go:965	received vote	{"CURRENT VIEW": 2, "msg": "vote", "voter": 2, "view": 2, "hash": "cPBdTa7qQJueFGrjnuqGleZwFBh/lhGAlUWBfCr3UKs="}
2022-11-27T04:38:02.045Z	DEBUG	replica=3	coded-hotterstuff/consensus.go:965	received vote	{"CURRENT VIEW": 2, "msg": "vote", "voter": 3, "view": 2, "hash": "cPBdTa7qQJueFGrjnuqGleZwFBh/lhGAlUWBfCr3UKs="}
2022-11-27T04:38:02.099Z	DEBUG	replica=3	coded-hotterstuff/consensus.go:965	received vote	{"CURRENT VIEW": 2, "msg": "vote", "voter": 4, "view": 2, "hash": "cPBdTa7qQJueFGrjnuqGleZwFBh/lhGAlUWBfCr3UKs="}
replica 3 is forwarding chunk to replica 0
replica 3 is forwarding chunk to replica 1
replica 3 is forwarding chunk to replica 4
replica 3 is forwarding chunk to replica 5
replica 3 is forwarding chunk to replica 6
2022-11-27T04:38:02.122Z	DEBUG	replica=3	coded-hotterstuff/consensus.go:965	received vote	{"CURRENT VIEW": 2, "msg": "vote", "voter": 1, "view": 2, "hash": "cPBdTa7qQJueFGrjnuqGleZwFBh/lhGAlUWBfCr3UKs="}
2022-11-27T04:38:02.150Z	DEBUG	replica=3	coded-hotterstuff/consensus.go:965	received vote	{"CURRENT VIEW": 2, "msg": "vote", "voter": 0, "view": 2, "hash": "cPBdTa7qQJueFGrjnuqGleZwFBh/lhGAlUWBfCr3UKs="}
2022-11-27T04:38:02.155Z	DEBUG	replica=3	coded-hotterstuff/consensus.go:809	new block certified	{"CURRENT VIEW": 2, "view": 2, "hash": "cPBdTa7qQJueFGrjnuqGleZwFBh/lhGAlUWBfCr3UKs="}
2022-11-27T04:38:02.155Z	DEBUG	replica=3	coded-hotterstuff/consensus.go:520	entered new view	{"CURRENT VIEW": 3, "view timeout": 2, "timedout": false}
2022-11-27T04:38:02.155Z	DEBUG	replica=3	coded-hotterstuff/consensus.go:544	replica is a leader for this view. waiting for data	{"CURRENT VIEW": 3}
2022-11-27T04:38:02.155Z	DEBUG	replica=3	coded-hotterstuff/consensus.go:520	entered new view	{"CURRENT VIEW": 3, "view timeout": 2, "timedout": false}
2022-11-27T04:38:02.155Z	DEBUG	replica=3	coded-hotterstuff/consensus.go:544	replica is a leader for this view. waiting for data	{"CURRENT VIEW": 3}
2022-11-27T04:38:02.161Z	DEBUG	replica=3	coded-hotterstuff/consensus.go:238	sending proposal	{"CURRENT VIEW": 3, "hash": "cLFzFj8B5QK8hCmGW/OU2JuMGjA5BWSI/G1faUNJ6uM=", "parent": "cPBdTa7qQJueFGrjnuqGleZwFBh/lhGAlUWBfCr3UKs=", "signer": 3}
2022-11-27T04:38:02.162Z	DEBUG	replica=3	coded-hotterstuff/consensus.go:576	received proposal	{"CURRENT VIEW": 3, "msg": "proposal", "header view": 3, "prepare view": 2, "hash": "cLFzFj8B5QK8hCmGW/OU2JuMGjA5BWSI/G1faUNJ6uM=", "parent": "cPBdTa7qQJueFGrjnuqGleZwFBh/lhGAlUWBfCr3UKs="}
2022-11-27T04:38:02.174Z	DEBUG	replica=3	coded-hotterstuff/consensus.go:788	new block locked	{"CURRENT VIEW": 3, "view": 1, "hash": "SKC06ZXnbItnYZVTxXLWgGtuTOc9zSoSvlJWhQRO6/8="}
2022-11-27T04:38:02.179Z	DEBUG	replica=3	coded-hotterstuff/consensus.go:678	proposal is safe to vote on	{"CURRENT VIEW": 3, "msg": "proposal", "header view": 3, "prepare view": 2, "hash": "cLFzFj8B5QK8hCmGW/OU2JuMGjA5BWSI/G1faUNJ6uM=", "parent": "cPBdTa7qQJueFGrjnuqGleZwFBh/lhGAlUWBfCr3UKs="}
2022-11-27T04:38:02.182Z	DEBUG	replica=3	coded-hotterstuff/consensus.go:965	received vote	{"CURRENT VIEW": 3, "msg": "vote", "voter": 5, "view": 3, "hash": "cPBdTa7qQJueFGrjnuqGleZwFBh/lhGAlUWBfCr3UKs="}
2022-11-27T04:38:02.187Z	DEBUG	replica=3	coded-hotterstuff/consensus.go:520	entered new view	{"CURRENT VIEW": 3, "view timeout": 2, "timedout": false}
2022-11-27T04:38:02.187Z	DEBUG	replica=3	coded-hotterstuff/consensus.go:544	replica is a leader for this view. waiting for data	{"CURRENT VIEW": 3}
2022-11-27T04:38:02.191Z	DEBUG	replica=3	coded-hotterstuff/consensus.go:238	sending proposal	{"CURRENT VIEW": 3, "hash": "cLFzFj8B5QK8hCmGW/OU2JuMGjA5BWSI/G1faUNJ6uM=", "parent": "cPBdTa7qQJueFGrjnuqGleZwFBh/lhGAlUWBfCr3UKs=", "signer": 3}
2022-11-27T04:38:02.193Z	DEBUG	replica=3	coded-hotterstuff/consensus.go:576	received proposal	{"CURRENT VIEW": 3, "msg": "proposal", "header view": 3, "prepare view": 2, "hash": "cLFzFj8B5QK8hCmGW/OU2JuMGjA5BWSI/G1faUNJ6uM=", "parent": "cPBdTa7qQJueFGrjnuqGleZwFBh/lhGAlUWBfCr3UKs="}
Decoded original proposal, time: 2022-11-27 04:38:03.304503955 +0000 UTC m=+6.513928929 header hash: [112 240 93 77 174 234 64 155 158 20 106 227 158 234 134 149 230 112 20 24 127 150 17 128 149 69 129 124 42 247 80 171]
2022-11-27T04:38:03.304Z	DEBUG	replica=3	coded-hotterstuff/consensus.go:576	received proposal	{"CURRENT VIEW": 3, "msg": "proposal", "header view": 2, "prepare view": 2, "hash": "cPBdTa7qQJueFGrjnuqGleZwFBh/lhGAlUWBfCr3UKs=", "parent": "SKC06ZXnbItnYZVTxXLWgGtuTOc9zSoSvlJWhQRO6/8="}
2022-11-27T04:38:03.313Z	DEBUG	replica=3	coded-hotterstuff/consensus.go:782	could not find ggparent header	{"CURRENT VIEW": 3, "view": 0, "hash": "GZWDhiYW+ib6TpJWRLDOftUd8y8ovAaEerQWDbefS7c="}
2022-11-27T04:38:03.313Z	DEBUG	replica=3	coded-hotterstuff/consensus.go:667	proposal view doesn't match local view	{"CURRENT VIEW": 3, "msg": "proposal", "header view": 2, "prepare view": 2, "hash": "cPBdTa7qQJueFGrjnuqGleZwFBh/lhGAlUWBfCr3UKs=", "parent": "SKC06ZXnbItnYZVTxXLWgGtuTOc9zSoSvlJWhQRO6/8="}
2022-11-27T04:38:03.419Z	DEBUG	replica=3	coded-hotterstuff/consensus.go:965	received vote	{"CURRENT VIEW": 3, "msg": "vote", "voter": 6, "view": 3, "hash": "cPBdTa7qQJueFGrjnuqGleZwFBh/lhGAlUWBfCr3UKs="}
2022-11-27T04:38:03.424Z	DEBUG	replica=3	coded-hotterstuff/consensus.go:520	entered new view	{"CURRENT VIEW": 3, "view timeout": 2, "timedout": false}
2022-11-27T04:38:03.424Z	DEBUG	replica=3	coded-hotterstuff/consensus.go:544	replica is a leader for this view. waiting for data	{"CURRENT VIEW": 3}
2022-11-27T04:38:03.428Z	DEBUG	replica=3	coded-hotterstuff/consensus.go:238	sending proposal	{"CURRENT VIEW": 3, "hash": "cLFzFj8B5QK8hCmGW/OU2JuMGjA5BWSI/G1faUNJ6uM=", "parent": "cPBdTa7qQJueFGrjnuqGleZwFBh/lhGAlUWBfCr3UKs=", "signer": 3}
2022-11-27T04:38:03.429Z	DEBUG	replica=3	coded-hotterstuff/consensus.go:576	received proposal	{"CURRENT VIEW": 3, "msg": "proposal", "header view": 3, "prepare view": 2, "hash": "cLFzFj8B5QK8hCmGW/OU2JuMGjA5BWSI/G1faUNJ6uM=", "parent": "cPBdTa7qQJueFGrjnuqGleZwFBh/lhGAlUWBfCr3UKs="}
replica 3 is forwarding chunk to replica 0
replica 3 is forwarding chunk to replica 1
replica 3 is forwarding chunk to replica 2
replica 3 is forwarding chunk to replica 5
replica 3 is forwarding chunk to replica 6
replica 3 is forwarding chunk to replica 0
replica 3 is forwarding chunk to replica 1
replica 3 is forwarding chunk to replica 2
replica 3 is forwarding chunk to replica 5
replica 3 is forwarding chunk to replica 6
replica 3 is forwarding chunk to replica 0
replica 3 is forwarding chunk to replica 1
replica 3 is forwarding chunk to replica 2
replica 3 is forwarding chunk to replica 5
replica 3 is forwarding chunk to replica 6
Decoded original proposal, time: 2022-11-27 04:38:10.032421303 +0000 UTC m=+13.241846316 header hash: [241 106 152 62 46 209 156 146 237 16 116 52 193 237 0 80 85 192 166 182 15 238 2 99 236 42 182 26 232 130 25 190]
2022-11-27T04:38:10.032Z	DEBUG	replica=3	coded-hotterstuff/consensus.go:576	received proposal	{"CURRENT VIEW": 3, "msg": "proposal", "header view": 4, "prepare view": 2, "hash": "8WqYPi7RnJLtEHQ0we0AUFXAprYP7gJj7Cq2GuiCGb4=", "parent": "cLFzFj8B5QK8hCmGW/OU2JuMGjA5BWSI/G1faUNJ6uM="}
2022-11-27T04:38:10.042Z	DEBUG	replica=3	coded-hotterstuff/consensus.go:809	new block certified	{"CURRENT VIEW": 3, "view": 3, "hash": "cLFzFj8B5QK8hCmGW/OU2JuMGjA5BWSI/G1faUNJ6uM="}
2022-11-27T04:38:10.042Z	DEBUG	replica=3	coded-hotterstuff/consensus.go:520	entered new view	{"CURRENT VIEW": 4, "view timeout": 2, "timedout": false}
2022-11-27T04:38:10.042Z	DEBUG	replica=3	coded-hotterstuff/consensus.go:788	new block locked	{"CURRENT VIEW": 4, "view": 2, "hash": "cPBdTa7qQJueFGrjnuqGleZwFBh/lhGAlUWBfCr3UKs="}
2022-11-27T04:38:10.042Z	INFO	replica=3	coded-hotterstuff/consensus.go:797	new block commited	{"CURRENT VIEW": 4, "view": 1, "hash": "SKC06ZXnbItnYZVTxXLWgGtuTOc9zSoSvlJWhQRO6/8="}
2022-11-27T04:38:10.043Z	DEBUG	replica=3	coded-hotterstuff/consensus.go:678	proposal is safe to vote on	{"CURRENT VIEW": 3, "msg": "proposal", "header view": 4, "prepare view": 2, "hash": "8WqYPi7RnJLtEHQ0we0AUFXAprYP7gJj7Cq2GuiCGb4=", "parent": "cLFzFj8B5QK8hCmGW/OU2JuMGjA5BWSI/G1faUNJ6uM="}
Node  3 +1 block finalized at time:  2022-11-27 04:38:10.045886751 +0000 UTC m=+13.255311717
replica 3 is forwarding chunk to replica 0
replica 3 is forwarding chunk to replica 1
replica 3 is forwarding chunk to replica 2
replica 3 is forwarding chunk to replica 4
replica 3 is forwarding chunk to replica 6
replica 3 is forwarding chunk to replica 0
replica 3 is forwarding chunk to replica 1
replica 3 is forwarding chunk to replica 2
replica 3 is forwarding chunk to replica 4
replica 3 is forwarding chunk to replica 6
Decoded original proposal, time: 2022-11-27 04:38:12.87035957 +0000 UTC m=+16.079784584 header hash: [142 10 227 234 199 14 168 203 47 218 211 136 230 41 94 109 68 52 16 5 27 142 16 70 5 23 250 1 182 25 221 148]
2022-11-27T04:38:12.870Z	DEBUG	replica=3	coded-hotterstuff/consensus.go:576	received proposal	{"CURRENT VIEW": 4, "msg": "proposal", "header view": 5, "prepare view": 3, "hash": "jgrj6scOqMsv2tOI5ilebUQ0EAUbjhBGBRf6AbYZ3ZQ=", "parent": "8WqYPi7RnJLtEHQ0we0AUFXAprYP7gJj7Cq2GuiCGb4="}
2022-11-27T04:38:12.879Z	DEBUG	replica=3	coded-hotterstuff/consensus.go:809	new block certified	{"CURRENT VIEW": 4, "view": 4, "hash": "8WqYPi7RnJLtEHQ0we0AUFXAprYP7gJj7Cq2GuiCGb4="}
2022-11-27T04:38:12.879Z	DEBUG	replica=3	coded-hotterstuff/consensus.go:520	entered new view	{"CURRENT VIEW": 5, "view timeout": 2, "timedout": false}
2022-11-27T04:38:12.879Z	DEBUG	replica=3	coded-hotterstuff/consensus.go:788	new block locked	{"CURRENT VIEW": 5, "view": 3, "hash": "cLFzFj8B5QK8hCmGW/OU2JuMGjA5BWSI/G1faUNJ6uM="}
2022-11-27T04:38:12.879Z	INFO	replica=3	coded-hotterstuff/consensus.go:797	new block commited	{"CURRENT VIEW": 5, "view": 2, "hash": "cPBdTa7qQJueFGrjnuqGleZwFBh/lhGAlUWBfCr3UKs="}
2022-11-27T04:38:12.882Z	DEBUG	replica=3	coded-hotterstuff/consensus.go:678	proposal is safe to vote on	{"CURRENT VIEW": 4, "msg": "proposal", "header view": 5, "prepare view": 3, "hash": "jgrj6scOqMsv2tOI5ilebUQ0EAUbjhBGBRf6AbYZ3ZQ=", "parent": "8WqYPi7RnJLtEHQ0we0AUFXAprYP7gJj7Cq2GuiCGb4="}
Node  3 +1 block finalized at time:  2022-11-27 04:38:12.885551537 +0000 UTC m=+16.094976505
replica 3 is forwarding chunk to replica 0
replica 3 is forwarding chunk to replica 1
replica 3 is forwarding chunk to replica 2
replica 3 is forwarding chunk to replica 4
replica 3 is forwarding chunk to replica 6
Decoded original proposal, time: 2022-11-27 04:38:14.096698064 +0000 UTC m=+17.306123101 header hash: [241 106 152 62 46 209 156 146 237 16 116 52 193 237 0 80 85 192 166 182 15 238 2 99 236 42 182 26 232 130 25 190]
2022-11-27T04:38:14.096Z	DEBUG	replica=3	coded-hotterstuff/consensus.go:576	received proposal	{"CURRENT VIEW": 5, "msg": "proposal", "header view": 4, "prepare view": 4, "hash": "8WqYPi7RnJLtEHQ0we0AUFXAprYP7gJj7Cq2GuiCGb4=", "parent": "cLFzFj8B5QK8hCmGW/OU2JuMGjA5BWSI/G1faUNJ6uM="}
2022-11-27T04:38:14.105Z	DEBUG	replica=3	coded-hotterstuff/consensus.go:667	proposal view doesn't match local view	{"CURRENT VIEW": 5, "msg": "proposal", "header view": 4, "prepare view": 4, "hash": "8WqYPi7RnJLtEHQ0we0AUFXAprYP7gJj7Cq2GuiCGb4=", "parent": "cLFzFj8B5QK8hCmGW/OU2JuMGjA5BWSI/G1faUNJ6uM="}
Decoded original proposal, time: 2022-11-27 04:38:15.427718232 +0000 UTC m=+18.637143246 header hash: [241 106 152 62 46 209 156 146 237 16 116 52 193 237 0 80 85 192 166 182 15 238 2 99 236 42 182 26 232 130 25 190]
2022-11-27T04:38:15.427Z	DEBUG	replica=3	coded-hotterstuff/consensus.go:576	received proposal	{"CURRENT VIEW": 5, "msg": "proposal", "header view": 4, "prepare view": 4, "hash": "8WqYPi7RnJLtEHQ0we0AUFXAprYP7gJj7Cq2GuiCGb4=", "parent": "cLFzFj8B5QK8hCmGW/OU2JuMGjA5BWSI/G1faUNJ6uM="}
2022-11-27T04:38:15.437Z	DEBUG	replica=3	coded-hotterstuff/consensus.go:667	proposal view doesn't match local view	{"CURRENT VIEW": 5, "msg": "proposal", "header view": 4, "prepare view": 4, "hash": "8WqYPi7RnJLtEHQ0we0AUFXAprYP7gJj7Cq2GuiCGb4=", "parent": "cLFzFj8B5QK8hCmGW/OU2JuMGjA5BWSI/G1faUNJ6uM="}
Decoded original proposal, time: 2022-11-27 04:38:15.50892042 +0000 UTC m=+18.718345440 header hash: [142 10 227 234 199 14 168 203 47 218 211 136 230 41 94 109 68 52 16 5 27 142 16 70 5 23 250 1 182 25 221 148]
2022-11-27T04:38:15.508Z	DEBUG	replica=3	coded-hotterstuff/consensus.go:576	received proposal	{"CURRENT VIEW": 5, "msg": "proposal", "header view": 5, "prepare view": 4, "hash": "jgrj6scOqMsv2tOI5ilebUQ0EAUbjhBGBRf6AbYZ3ZQ=", "parent": "8WqYPi7RnJLtEHQ0we0AUFXAprYP7gJj7Cq2GuiCGb4="}
replica 3 is forwarding chunk to replica 0
replica 3 is forwarding chunk to replica 1
replica 3 is forwarding chunk to replica 2
replica 3 is forwarding chunk to replica 4
replica 3 is forwarding chunk to replica 5
Decoded original proposal, time: 2022-11-27 04:38:17.080973398 +0000 UTC m=+20.290398412 header hash: [142 10 227 234 199 14 168 203 47 218 211 136 230 41 94 109 68 52 16 5 27 142 16 70 5 23 250 1 182 25 221 148]
2022-11-27T04:38:17.081Z	DEBUG	replica=3	coded-hotterstuff/consensus.go:576	received proposal	{"CURRENT VIEW": 5, "msg": "proposal", "header view": 5, "prepare view": 4, "hash": "jgrj6scOqMsv2tOI5ilebUQ0EAUbjhBGBRf6AbYZ3ZQ=", "parent": "8WqYPi7RnJLtEHQ0we0AUFXAprYP7gJj7Cq2GuiCGb4="}
replica 3 is forwarding chunk to replica 0
replica 3 is forwarding chunk to replica 1
replica 3 is forwarding chunk to replica 2
replica 3 is forwarding chunk to replica 4
replica 3 is forwarding chunk to replica 5
Decoded original proposal, time: 2022-11-27 04:38:18.656637825 +0000 UTC m=+21.866062798 header hash: [144 90 124 249 42 55 49 193 182 202 159 220 172 15 148 92 178 123 123 95 139 252 214 157 36 122 219 17 149 62 178 46]
2022-11-27T04:38:18.656Z	DEBUG	replica=3	coded-hotterstuff/consensus.go:576	received proposal	{"CURRENT VIEW": 5, "msg": "proposal", "header view": 6, "prepare view": 4, "hash": "kFp8+So3McG2yp/crA+UXLJ7e1+L/NadJHrbEZU+si4=", "parent": "jgrj6scOqMsv2tOI5ilebUQ0EAUbjhBGBRf6AbYZ3ZQ="}
2022-11-27T04:38:18.665Z	DEBUG	replica=3	coded-hotterstuff/consensus.go:809	new block certified	{"CURRENT VIEW": 5, "view": 5, "hash": "jgrj6scOqMsv2tOI5ilebUQ0EAUbjhBGBRf6AbYZ3ZQ="}
2022-11-27T04:38:18.665Z	DEBUG	replica=3	coded-hotterstuff/consensus.go:520	entered new view	{"CURRENT VIEW": 6, "view timeout": 2, "timedout": false}
2022-11-27T04:38:18.665Z	DEBUG	replica=3	coded-hotterstuff/consensus.go:788	new block locked	{"CURRENT VIEW": 6, "view": 4, "hash": "8WqYPi7RnJLtEHQ0we0AUFXAprYP7gJj7Cq2GuiCGb4="}
2022-11-27T04:38:18.665Z	INFO	replica=3	coded-hotterstuff/consensus.go:797	new block commited	{"CURRENT VIEW": 6, "view": 3, "hash": "cLFzFj8B5QK8hCmGW/OU2JuMGjA5BWSI/G1faUNJ6uM="}
2022-11-27T04:38:18.669Z	DEBUG	replica=3	coded-hotterstuff/consensus.go:678	proposal is safe to vote on	{"CURRENT VIEW": 5, "msg": "proposal", "header view": 6, "prepare view": 4, "hash": "kFp8+So3McG2yp/crA+UXLJ7e1+L/NadJHrbEZU+si4=", "parent": "jgrj6scOqMsv2tOI5ilebUQ0EAUbjhBGBRf6AbYZ3ZQ="}
Node  3 +1 block finalized at time:  2022-11-27 04:38:18.671721265 +0000 UTC m=+21.881146217
replica 3 is forwarding chunk to replica 0
replica 3 is forwarding chunk to replica 1
replica 3 is forwarding chunk to replica 2
replica 3 is forwarding chunk to replica 4
replica 3 is forwarding chunk to replica 5
replica 3 is forwarding chunk to replica 1
replica 3 is forwarding chunk to replica 2
replica 3 is forwarding chunk to replica 4
replica 3 is forwarding chunk to replica 5
replica 3 is forwarding chunk to replica 6
Decoded original proposal, time: 2022-11-27 04:38:21.272351743 +0000 UTC m=+24.481776762 header hash: [144 90 124 249 42 55 49 193 182 202 159 220 172 15 148 92 178 123 123 95 139 252 214 157 36 122 219 17 149 62 178 46]
2022-11-27T04:38:21.272Z	DEBUG	replica=3	coded-hotterstuff/consensus.go:576	received proposal	{"CURRENT VIEW": 6, "msg": "proposal", "header view": 6, "prepare view": 5, "hash": "kFp8+So3McG2yp/crA+UXLJ7e1+L/NadJHrbEZU+si4=", "parent": "jgrj6scOqMsv2tOI5ilebUQ0EAUbjhBGBRf6AbYZ3ZQ="}
Decoded original proposal, time: 2022-11-27 04:38:21.770161757 +0000 UTC m=+24.979586771 header hash: [82 186 70 5 171 170 163 31 242 237 216 214 91 95 174 96 9 56 150 120 198 10 139 98 230 188 67 131 78 157 60 15]
2022-11-27T04:38:21.770Z	DEBUG	replica=3	coded-hotterstuff/consensus.go:576	received proposal	{"CURRENT VIEW": 6, "msg": "proposal", "header view": 7, "prepare view": 5, "hash": "UrpGBauqox/y7djWW1+uYAk4lnjGCoti5rxDg06dPA8=", "parent": "kFp8+So3McG2yp/crA+UXLJ7e1+L/NadJHrbEZU+si4="}
2022-11-27T04:38:21.778Z	DEBUG	replica=3	coded-hotterstuff/consensus.go:809	new block certified	{"CURRENT VIEW": 6, "view": 6, "hash": "kFp8+So3McG2yp/crA+UXLJ7e1+L/NadJHrbEZU+si4="}
2022-11-27T04:38:21.778Z	DEBUG	replica=3	coded-hotterstuff/consensus.go:520	entered new view	{"CURRENT VIEW": 7, "view timeout": 2, "timedout": false}
2022-11-27T04:38:21.778Z	DEBUG	replica=3	coded-hotterstuff/consensus.go:788	new block locked	{"CURRENT VIEW": 7, "view": 5, "hash": "jgrj6scOqMsv2tOI5ilebUQ0EAUbjhBGBRf6AbYZ3ZQ="}
2022-11-27T04:38:21.778Z	INFO	replica=3	coded-hotterstuff/consensus.go:797	new block commited	{"CURRENT VIEW": 7, "view": 4, "hash": "8WqYPi7RnJLtEHQ0we0AUFXAprYP7gJj7Cq2GuiCGb4="}
2022-11-27T04:38:21.779Z	DEBUG	replica=3	coded-hotterstuff/consensus.go:678	proposal is safe to vote on	{"CURRENT VIEW": 6, "msg": "proposal", "header view": 7, "prepare view": 5, "hash": "UrpGBauqox/y7djWW1+uYAk4lnjGCoti5rxDg06dPA8=", "parent": "kFp8+So3McG2yp/crA+UXLJ7e1+L/NadJHrbEZU+si4="}
Node  3 +1 block finalized at time:  2022-11-27 04:38:21.781456912 +0000 UTC m=+24.990881877
Decoded original proposal, time: 2022-11-27 04:38:23.480897 +0000 UTC m=+26.690322013 header hash: [144 90 124 249 42 55 49 193 182 202 159 220 172 15 148 92 178 123 123 95 139 252 214 157 36 122 219 17 149 62 178 46]
2022-11-27T04:38:23.480Z	DEBUG	replica=3	coded-hotterstuff/consensus.go:576	received proposal	{"CURRENT VIEW": 7, "msg": "proposal", "header view": 6, "prepare view": 6, "hash": "kFp8+So3McG2yp/crA+UXLJ7e1+L/NadJHrbEZU+si4=", "parent": "jgrj6scOqMsv2tOI5ilebUQ0EAUbjhBGBRf6AbYZ3ZQ="}
2022-11-27T04:38:23.489Z	DEBUG	replica=3	coded-hotterstuff/consensus.go:667	proposal view doesn't match local view	{"CURRENT VIEW": 7, "msg": "proposal", "header view": 6, "prepare view": 6, "hash": "kFp8+So3McG2yp/crA+UXLJ7e1+L/NadJHrbEZU+si4=", "parent": "jgrj6scOqMsv2tOI5ilebUQ0EAUbjhBGBRf6AbYZ3ZQ="}
replica 3 is forwarding chunk to replica 1
replica 3 is forwarding chunk to replica 2
replica 3 is forwarding chunk to replica 4
replica 3 is forwarding chunk to replica 5
replica 3 is forwarding chunk to replica 6
Decoded original proposal, time: 2022-11-27 04:38:23.93515993 +0000 UTC m=+27.144584894 header hash: [82 186 70 5 171 170 163 31 242 237 216 214 91 95 174 96 9 56 150 120 198 10 139 98 230 188 67 131 78 157 60 15]
2022-11-27T04:38:23.935Z	DEBUG	replica=3	coded-hotterstuff/consensus.go:576	received proposal	{"CURRENT VIEW": 7, "msg": "proposal", "header view": 7, "prepare view": 6, "hash": "UrpGBauqox/y7djWW1+uYAk4lnjGCoti5rxDg06dPA8=", "parent": "kFp8+So3McG2yp/crA+UXLJ7e1+L/NadJHrbEZU+si4="}
replica 3 is forwarding chunk to replica 0
replica 3 is forwarding chunk to replica 2
replica 3 is forwarding chunk to replica 4
replica 3 is forwarding chunk to replica 5
replica 3 is forwarding chunk to replica 6
replica 3 is forwarding chunk to replica 1
replica 3 is forwarding chunk to replica 2
replica 3 is forwarding chunk to replica 4
replica 3 is forwarding chunk to replica 5
replica 3 is forwarding chunk to replica 6
Decoded original proposal, time: 2022-11-27 04:38:25.50527766 +0000 UTC m=+28.714702678 header hash: [82 186 70 5 171 170 163 31 242 237 216 214 91 95 174 96 9 56 150 120 198 10 139 98 230 188 67 131 78 157 60 15]
2022-11-27T04:38:25.505Z	DEBUG	replica=3	coded-hotterstuff/consensus.go:576	received proposal	{"CURRENT VIEW": 7, "msg": "proposal", "header view": 7, "prepare view": 6, "hash": "UrpGBauqox/y7djWW1+uYAk4lnjGCoti5rxDg06dPA8=", "parent": "kFp8+So3McG2yp/crA+UXLJ7e1+L/NadJHrbEZU+si4="}
replica 3 is forwarding chunk to replica 0
replica 3 is forwarding chunk to replica 2
replica 3 is forwarding chunk to replica 4
replica 3 is forwarding chunk to replica 5
replica 3 is forwarding chunk to replica 6
Decoded original proposal, time: 2022-11-27 04:38:26.766636225 +0000 UTC m=+29.976061239 header hash: [9 212 205 28 110 251 47 242 141 111 167 241 108 89 12 35 155 222 125 75 78 184 7 35 235 24 77 74 102 255 131 11]
2022-11-27T04:38:26.766Z	DEBUG	replica=3	coded-hotterstuff/consensus.go:576	received proposal	{"CURRENT VIEW": 7, "msg": "proposal", "header view": 8, "prepare view": 6, "hash": "CdTNHG77L/KNb6fxbFkMI5vefUtOuAcj6xhNSmb/gws=", "parent": "UrpGBauqox/y7djWW1+uYAk4lnjGCoti5rxDg06dPA8="}
2022-11-27T04:38:26.774Z	DEBUG	replica=3	coded-hotterstuff/consensus.go:809	new block certified	{"CURRENT VIEW": 7, "view": 7, "hash": "UrpGBauqox/y7djWW1+uYAk4lnjGCoti5rxDg06dPA8="}
2022-11-27T04:38:26.774Z	DEBUG	replica=3	coded-hotterstuff/consensus.go:520	entered new view	{"CURRENT VIEW": 8, "view timeout": 2, "timedout": false}
2022-11-27T04:38:26.774Z	DEBUG	replica=3	coded-hotterstuff/consensus.go:788	new block locked	{"CURRENT VIEW": 8, "view": 6, "hash": "kFp8+So3McG2yp/crA+UXLJ7e1+L/NadJHrbEZU+si4="}
2022-11-27T04:38:26.774Z	INFO	replica=3	coded-hotterstuff/consensus.go:797	new block commited	{"CURRENT VIEW": 8, "view": 5, "hash": "jgrj6scOqMsv2tOI5ilebUQ0EAUbjhBGBRf6AbYZ3ZQ="}
2022-11-27T04:38:26.776Z	DEBUG	replica=3	coded-hotterstuff/consensus.go:678	proposal is safe to vote on	{"CURRENT VIEW": 7, "msg": "proposal", "header view": 8, "prepare view": 6, "hash": "CdTNHG77L/KNb6fxbFkMI5vefUtOuAcj6xhNSmb/gws=", "parent": "UrpGBauqox/y7djWW1+uYAk4lnjGCoti5rxDg06dPA8="}
Node  3 +1 block finalized at time:  2022-11-27 04:38:26.778583488 +0000 UTC m=+29.988008440
Decoded original proposal, time: 2022-11-27 04:38:27.949108808 +0000 UTC m=+31.158533819 header hash: [9 212 205 28 110 251 47 242 141 111 167 241 108 89 12 35 155 222 125 75 78 184 7 35 235 24 77 74 102 255 131 11]
2022-11-27T04:38:27.949Z	DEBUG	replica=3	coded-hotterstuff/consensus.go:576	received proposal	{"CURRENT VIEW": 8, "msg": "proposal", "header view": 8, "prepare view": 7, "hash": "CdTNHG77L/KNb6fxbFkMI5vefUtOuAcj6xhNSmb/gws=", "parent": "UrpGBauqox/y7djWW1+uYAk4lnjGCoti5rxDg06dPA8="}
replica 3 is forwarding chunk to replica 0
replica 3 is forwarding chunk to replica 2
replica 3 is forwarding chunk to replica 4
replica 3 is forwarding chunk to replica 5
replica 3 is forwarding chunk to replica 6
Decoded original proposal, time: 2022-11-27 04:38:29.316840395 +0000 UTC m=+32.526265410 header hash: [9 212 205 28 110 251 47 242 141 111 167 241 108 89 12 35 155 222 125 75 78 184 7 35 235 24 77 74 102 255 131 11]
2022-11-27T04:38:29.316Z	DEBUG	replica=3	coded-hotterstuff/consensus.go:576	received proposal	{"CURRENT VIEW": 8, "msg": "proposal", "header view": 8, "prepare view": 7, "hash": "CdTNHG77L/KNb6fxbFkMI5vefUtOuAcj6xhNSmb/gws=", "parent": "UrpGBauqox/y7djWW1+uYAk4lnjGCoti5rxDg06dPA8="}
replica 3 is forwarding chunk to replica 0
replica 3 is forwarding chunk to replica 1
replica 3 is forwarding chunk to replica 4
replica 3 is forwarding chunk to replica 5
replica 3 is forwarding chunk to replica 6
2022-11-27T04:38:30.018Z	DEBUG	replica=3	coded-hotterstuff/consensus.go:965	received vote	{"CURRENT VIEW": 8, "msg": "vote", "voter": 2, "view": 8, "hash": "S5jvF8HlmLvBxjERXgBCYm1M/GPQBuOxef9Rwa5UXRA="}
Node  3  received vote before proposal, saving vote in pending votes, hash is  [75 152 239 23 193 229 152 187 193 198 49 17 94 0 66 98 109 76 252 99 208 6 227 177 121 255 81 193 174 84 93 16]  and string is,  9
2022-11-27T04:38:30.018Z	DEBUG	replica=3	coded-hotterstuff/consensus.go:970	Received vote before proposal, key is, 9	{"CURRENT VIEW": 8}
2022-11-27T04:38:30.227Z	DEBUG	replica=3	coded-hotterstuff/consensus.go:965	received vote	{"CURRENT VIEW": 8, "msg": "vote", "voter": 5, "view": 8, "hash": "S5jvF8HlmLvBxjERXgBCYm1M/GPQBuOxef9Rwa5UXRA="}
2022-11-27T04:38:30.399Z	DEBUG	replica=3	coded-hotterstuff/consensus.go:965	received vote	{"CURRENT VIEW": 8, "msg": "vote", "voter": 0, "view": 8, "hash": "S5jvF8HlmLvBxjERXgBCYm1M/GPQBuOxef9Rwa5UXRA="}
Decoded original proposal, time: 2022-11-27 04:38:30.509515041 +0000 UTC m=+33.718940014 header hash: [75 152 239 23 193 229 152 187 193 198 49 17 94 0 66 98 109 76 252 99 208 6 227 177 121 255 81 193 174 84 93 16]
2022-11-27T04:38:30.509Z	DEBUG	replica=3	coded-hotterstuff/consensus.go:576	received proposal	{"CURRENT VIEW": 8, "msg": "proposal", "header view": 9, "prepare view": 7, "hash": "S5jvF8HlmLvBxjERXgBCYm1M/GPQBuOxef9Rwa5UXRA=", "parent": "CdTNHG77L/KNb6fxbFkMI5vefUtOuAcj6xhNSmb/gws="}
2022-11-27T04:38:30.518Z	DEBUG	replica=3	coded-hotterstuff/consensus.go:809	new block certified	{"CURRENT VIEW": 8, "view": 8, "hash": "CdTNHG77L/KNb6fxbFkMI5vefUtOuAcj6xhNSmb/gws="}
2022-11-27T04:38:30.518Z	DEBUG	replica=3	coded-hotterstuff/consensus.go:520	entered new view	{"CURRENT VIEW": 9, "view timeout": 2, "timedout": false}
2022-11-27T04:38:30.518Z	DEBUG	replica=3	coded-hotterstuff/consensus.go:535	replica is a leader for next view. collecting new-view messages	{"CURRENT VIEW": 9}
2022-11-27T04:38:30.518Z	DEBUG	replica=3	coded-hotterstuff/consensus.go:788	new block locked	{"CURRENT VIEW": 9, "view": 7, "hash": "UrpGBauqox/y7djWW1+uYAk4lnjGCoti5rxDg06dPA8="}
2022-11-27T04:38:30.518Z	INFO	replica=3	coded-hotterstuff/consensus.go:797	new block commited	{"CURRENT VIEW": 9, "view": 6, "hash": "kFp8+So3McG2yp/crA+UXLJ7e1+L/NadJHrbEZU+si4="}
2022-11-27T04:38:30.520Z	DEBUG	replica=3	coded-hotterstuff/consensus.go:678	proposal is safe to vote on	{"CURRENT VIEW": 8, "msg": "proposal", "header view": 9, "prepare view": 7, "hash": "S5jvF8HlmLvBxjERXgBCYm1M/GPQBuOxef9Rwa5UXRA=", "parent": "CdTNHG77L/KNb6fxbFkMI5vefUtOuAcj6xhNSmb/gws="}
2022-11-27T04:38:30.520Z	DEBUG	replica=3	coded-hotterstuff/consensus.go:758	Taking care of pending vote 9	{"CURRENT VIEW": 9}
2022-11-27T04:38:30.520Z	DEBUG	replica=3	coded-hotterstuff/consensus.go:965	received vote	{"CURRENT VIEW": 9, "msg": "vote", "voter": 2, "view": 9, "hash": "S5jvF8HlmLvBxjERXgBCYm1M/GPQBuOxef9Rwa5UXRA="}
2022-11-27T04:38:30.524Z	DEBUG	replica=3	coded-hotterstuff/consensus.go:758	Taking care of pending vote 9	{"CURRENT VIEW": 9}
2022-11-27T04:38:30.524Z	DEBUG	replica=3	coded-hotterstuff/consensus.go:965	received vote	{"CURRENT VIEW": 9, "msg": "vote", "voter": 5, "view": 9, "hash": "S5jvF8HlmLvBxjERXgBCYm1M/GPQBuOxef9Rwa5UXRA="}
2022-11-27T04:38:30.529Z	DEBUG	replica=3	coded-hotterstuff/consensus.go:758	Taking care of pending vote 9	{"CURRENT VIEW": 9}
2022-11-27T04:38:30.529Z	DEBUG	replica=3	coded-hotterstuff/consensus.go:965	received vote	{"CURRENT VIEW": 9, "msg": "vote", "voter": 0, "view": 9, "hash": "S5jvF8HlmLvBxjERXgBCYm1M/GPQBuOxef9Rwa5UXRA="}
2022-11-27T04:38:30.536Z	DEBUG	replica=3	coded-hotterstuff/consensus.go:965	received vote	{"CURRENT VIEW": 9, "msg": "vote", "voter": 3, "view": 9, "hash": "S5jvF8HlmLvBxjERXgBCYm1M/GPQBuOxef9Rwa5UXRA="}
Node  3 +1 block finalized at time:  2022-11-27 04:38:30.541289673 +0000 UTC m=+33.750714639
replica 3 is forwarding chunk to replica 0
replica 3 is forwarding chunk to replica 1
replica 3 is forwarding chunk to replica 4
replica 3 is forwarding chunk to replica 5
replica 3 is forwarding chunk to replica 6
2022-11-27T04:38:31.667Z	DEBUG	replica=3	coded-hotterstuff/consensus.go:965	received vote	{"CURRENT VIEW": 9, "msg": "vote", "voter": 1, "view": 9, "hash": "S5jvF8HlmLvBxjERXgBCYm1M/GPQBuOxef9Rwa5UXRA="}
2022-11-27T04:38:31.673Z	DEBUG	replica=3	coded-hotterstuff/consensus.go:809	new block certified	{"CURRENT VIEW": 9, "view": 9, "hash": "S5jvF8HlmLvBxjERXgBCYm1M/GPQBuOxef9Rwa5UXRA="}
2022-11-27T04:38:31.673Z	DEBUG	replica=3	coded-hotterstuff/consensus.go:520	entered new view	{"CURRENT VIEW": 10, "view timeout": 2, "timedout": false}
2022-11-27T04:38:31.673Z	DEBUG	replica=3	coded-hotterstuff/consensus.go:544	replica is a leader for this view. waiting for data	{"CURRENT VIEW": 10}
2022-11-27T04:38:31.673Z	DEBUG	replica=3	coded-hotterstuff/consensus.go:520	entered new view	{"CURRENT VIEW": 10, "view timeout": 2, "timedout": false}
2022-11-27T04:38:31.673Z	DEBUG	replica=3	coded-hotterstuff/consensus.go:544	replica is a leader for this view. waiting for data	{"CURRENT VIEW": 10}
2022-11-27T04:38:31.676Z	DEBUG	replica=3	coded-hotterstuff/consensus.go:238	sending proposal	{"CURRENT VIEW": 10, "hash": "Gymi6tg4A5LZy8aiMG6k221RFpMttMcj9dlrzPCBVG4=", "parent": "S5jvF8HlmLvBxjERXgBCYm1M/GPQBuOxef9Rwa5UXRA=", "signer": 3}
2022-11-27T04:38:31.677Z	DEBUG	replica=3	coded-hotterstuff/consensus.go:576	received proposal	{"CURRENT VIEW": 10, "msg": "proposal", "header view": 10, "prepare view": 9, "hash": "Gymi6tg4A5LZy8aiMG6k221RFpMttMcj9dlrzPCBVG4=", "parent": "S5jvF8HlmLvBxjERXgBCYm1M/GPQBuOxef9Rwa5UXRA="}
2022-11-27T04:38:31.685Z	DEBUG	replica=3	coded-hotterstuff/consensus.go:788	new block locked	{"CURRENT VIEW": 10, "view": 8, "hash": "CdTNHG77L/KNb6fxbFkMI5vefUtOuAcj6xhNSmb/gws="}
2022-11-27T04:38:31.685Z	INFO	replica=3	coded-hotterstuff/consensus.go:797	new block commited	{"CURRENT VIEW": 10, "view": 7, "hash": "UrpGBauqox/y7djWW1+uYAk4lnjGCoti5rxDg06dPA8="}
2022-11-27T04:38:31.687Z	DEBUG	replica=3	coded-hotterstuff/consensus.go:678	proposal is safe to vote on	{"CURRENT VIEW": 10, "msg": "proposal", "header view": 10, "prepare view": 9, "hash": "Gymi6tg4A5LZy8aiMG6k221RFpMttMcj9dlrzPCBVG4=", "parent": "S5jvF8HlmLvBxjERXgBCYm1M/GPQBuOxef9Rwa5UXRA="}
Node  3 +1 block finalized at time:  2022-11-27 04:38:31.689456644 +0000 UTC m=+34.898881600
Decoded original proposal, time: 2022-11-27 04:38:31.780146387 +0000 UTC m=+34.989571409 header hash: [75 152 239 23 193 229 152 187 193 198 49 17 94 0 66 98 109 76 252 99 208 6 227 177 121 255 81 193 174 84 93 16]
2022-11-27T04:38:31.780Z	DEBUG	replica=3	coded-hotterstuff/consensus.go:576	received proposal	{"CURRENT VIEW": 10, "msg": "proposal", "header view": 9, "prepare view": 9, "hash": "S5jvF8HlmLvBxjERXgBCYm1M/GPQBuOxef9Rwa5UXRA=", "parent": "CdTNHG77L/KNb6fxbFkMI5vefUtOuAcj6xhNSmb/gws="}
2022-11-27T04:38:31.788Z	DEBUG	replica=3	coded-hotterstuff/consensus.go:667	proposal view doesn't match local view	{"CURRENT VIEW": 10, "msg": "proposal", "header view": 9, "prepare view": 9, "hash": "S5jvF8HlmLvBxjERXgBCYm1M/GPQBuOxef9Rwa5UXRA=", "parent": "CdTNHG77L/KNb6fxbFkMI5vefUtOuAcj6xhNSmb/gws="}
2022-11-27T04:38:31.977Z	DEBUG	replica=3	coded-hotterstuff/consensus.go:965	received vote	{"CURRENT VIEW": 10, "msg": "vote", "voter": 6, "view": 10, "hash": "S5jvF8HlmLvBxjERXgBCYm1M/GPQBuOxef9Rwa5UXRA="}
2022-11-27T04:38:31.983Z	DEBUG	replica=3	coded-hotterstuff/consensus.go:520	entered new view	{"CURRENT VIEW": 10, "view timeout": 2, "timedout": false}
2022-11-27T04:38:31.983Z	DEBUG	replica=3	coded-hotterstuff/consensus.go:544	replica is a leader for this view. waiting for data	{"CURRENT VIEW": 10}
2022-11-27T04:38:31.986Z	DEBUG	replica=3	coded-hotterstuff/consensus.go:238	sending proposal	{"CURRENT VIEW": 10, "hash": "Gymi6tg4A5LZy8aiMG6k221RFpMttMcj9dlrzPCBVG4=", "parent": "S5jvF8HlmLvBxjERXgBCYm1M/GPQBuOxef9Rwa5UXRA=", "signer": 3}
2022-11-27T04:38:31.987Z	DEBUG	replica=3	coded-hotterstuff/consensus.go:576	received proposal	{"CURRENT VIEW": 10, "msg": "proposal", "header view": 10, "prepare view": 9, "hash": "Gymi6tg4A5LZy8aiMG6k221RFpMttMcj9dlrzPCBVG4=", "parent": "S5jvF8HlmLvBxjERXgBCYm1M/GPQBuOxef9Rwa5UXRA="}
replica 3 is forwarding chunk to replica 0
replica 3 is forwarding chunk to replica 1
replica 3 is forwarding chunk to replica 4
replica 3 is forwarding chunk to replica 5
replica 3 is forwarding chunk to replica 6
Decoded original proposal, time: 2022-11-27 04:38:33.165524586 +0000 UTC m=+36.374949598 header hash: [75 152 239 23 193 229 152 187 193 198 49 17 94 0 66 98 109 76 252 99 208 6 227 177 121 255 81 193 174 84 93 16]
2022-11-27T04:38:33.165Z	DEBUG	replica=3	coded-hotterstuff/consensus.go:576	received proposal	{"CURRENT VIEW": 10, "msg": "proposal", "header view": 9, "prepare view": 9, "hash": "S5jvF8HlmLvBxjERXgBCYm1M/GPQBuOxef9Rwa5UXRA=", "parent": "CdTNHG77L/KNb6fxbFkMI5vefUtOuAcj6xhNSmb/gws="}
2022-11-27T04:38:33.172Z	DEBUG	replica=3	coded-hotterstuff/consensus.go:667	proposal view doesn't match local view	{"CURRENT VIEW": 10, "msg": "proposal", "header view": 9, "prepare view": 9, "hash": "S5jvF8HlmLvBxjERXgBCYm1M/GPQBuOxef9Rwa5UXRA=", "parent": "CdTNHG77L/KNb6fxbFkMI5vefUtOuAcj6xhNSmb/gws="}
2022-11-27T04:38:33.588Z	DEBUG	replica=3	coded-hotterstuff/consensus.go:965	received vote	{"CURRENT VIEW": 10, "msg": "vote", "voter": 4, "view": 10, "hash": "S5jvF8HlmLvBxjERXgBCYm1M/GPQBuOxef9Rwa5UXRA="}
2022-11-27T04:38:33.593Z	DEBUG	replica=3	coded-hotterstuff/consensus.go:520	entered new view	{"CURRENT VIEW": 10, "view timeout": 2, "timedout": false}
2022-11-27T04:38:33.593Z	DEBUG	replica=3	coded-hotterstuff/consensus.go:544	replica is a leader for this view. waiting for data	{"CURRENT VIEW": 10}
2022-11-27T04:38:33.596Z	DEBUG	replica=3	coded-hotterstuff/consensus.go:238	sending proposal	{"CURRENT VIEW": 10, "hash": "Gymi6tg4A5LZy8aiMG6k221RFpMttMcj9dlrzPCBVG4=", "parent": "S5jvF8HlmLvBxjERXgBCYm1M/GPQBuOxef9Rwa5UXRA=", "signer": 3}
2022-11-27T04:38:33.597Z	DEBUG	replica=3	coded-hotterstuff/consensus.go:576	received proposal	{"CURRENT VIEW": 10, "msg": "proposal", "header view": 10, "prepare view": 9, "hash": "Gymi6tg4A5LZy8aiMG6k221RFpMttMcj9dlrzPCBVG4=", "parent": "S5jvF8HlmLvBxjERXgBCYm1M/GPQBuOxef9Rwa5UXRA="}
replica 3 is forwarding chunk to replica 0
replica 3 is forwarding chunk to replica 1
replica 3 is forwarding chunk to replica 2
replica 3 is forwarding chunk to replica 5
replica 3 is forwarding chunk to replica 6
Decoded original proposal, time: 2022-11-27 04:38:39.155005514 +0000 UTC m=+42.364430534 header hash: [36 112 202 110 235 231 254 169 68 108 200 133 25 89 215 19 188 251 85 241 73 155 115 67 11 176 16 17 106 100 183 124]
2022-11-27T04:38:39.155Z	DEBUG	replica=3	coded-hotterstuff/consensus.go:576	received proposal	{"CURRENT VIEW": 10, "msg": "proposal", "header view": 11, "prepare view": 9, "hash": "JHDKbuvn/qlEbMiFGVnXE7z7VfFJm3NDC7AQEWpkt3w=", "parent": "Gymi6tg4A5LZy8aiMG6k221RFpMttMcj9dlrzPCBVG4="}
2022-11-27T04:38:39.162Z	DEBUG	replica=3	coded-hotterstuff/consensus.go:809	new block certified	{"CURRENT VIEW": 10, "view": 10, "hash": "Gymi6tg4A5LZy8aiMG6k221RFpMttMcj9dlrzPCBVG4="}
2022-11-27T04:38:39.162Z	DEBUG	replica=3	coded-hotterstuff/consensus.go:520	entered new view	{"CURRENT VIEW": 11, "view timeout": 2, "timedout": false}
2022-11-27T04:38:39.162Z	DEBUG	replica=3	coded-hotterstuff/consensus.go:788	new block locked	{"CURRENT VIEW": 11, "view": 9, "hash": "S5jvF8HlmLvBxjERXgBCYm1M/GPQBuOxef9Rwa5UXRA="}
2022-11-27T04:38:39.163Z	INFO	replica=3	coded-hotterstuff/consensus.go:797	new block commited	{"CURRENT VIEW": 11, "view": 8, "hash": "CdTNHG77L/KNb6fxbFkMI5vefUtOuAcj6xhNSmb/gws="}
2022-11-27T04:38:39.164Z	DEBUG	replica=3	coded-hotterstuff/consensus.go:678	proposal is safe to vote on	{"CURRENT VIEW": 10, "msg": "proposal", "header view": 11, "prepare view": 9, "hash": "JHDKbuvn/qlEbMiFGVnXE7z7VfFJm3NDC7AQEWpkt3w=", "parent": "Gymi6tg4A5LZy8aiMG6k221RFpMttMcj9dlrzPCBVG4="}
Node  3 +1 block finalized at time:  2022-11-27 04:38:39.165935594 +0000 UTC m=+42.375360551
replica 3 is forwarding chunk to replica 0
replica 3 is forwarding chunk to replica 1
replica 3 is forwarding chunk to replica 2
replica 3 is forwarding chunk to replica 5
replica 3 is forwarding chunk to replica 6
Decoded original proposal, time: 2022-11-27 04:38:40.441981513 +0000 UTC m=+43.651406527 header hash: [36 112 202 110 235 231 254 169 68 108 200 133 25 89 215 19 188 251 85 241 73 155 115 67 11 176 16 17 106 100 183 124]
2022-11-27T04:38:40.442Z	DEBUG	replica=3	coded-hotterstuff/consensus.go:576	received proposal	{"CURRENT VIEW": 11, "msg": "proposal", "header view": 11, "prepare view": 10, "hash": "JHDKbuvn/qlEbMiFGVnXE7z7VfFJm3NDC7AQEWpkt3w=", "parent": "Gymi6tg4A5LZy8aiMG6k221RFpMttMcj9dlrzPCBVG4="}
replica 3 is forwarding chunk to replica 0
replica 3 is forwarding chunk to replica 1
replica 3 is forwarding chunk to replica 2
replica 3 is forwarding chunk to replica 5
replica 3 is forwarding chunk to replica 6
Decoded original proposal, time: 2022-11-27 04:38:41.75200974 +0000 UTC m=+44.961434755 header hash: [36 112 202 110 235 231 254 169 68 108 200 133 25 89 215 19 188 251 85 241 73 155 115 67 11 176 16 17 106 100 183 124]
2022-11-27T04:38:41.752Z	DEBUG	replica=3	coded-hotterstuff/consensus.go:576	received proposal	{"CURRENT VIEW": 11, "msg": "proposal", "header view": 11, "prepare view": 10, "hash": "JHDKbuvn/qlEbMiFGVnXE7z7VfFJm3NDC7AQEWpkt3w=", "parent": "Gymi6tg4A5LZy8aiMG6k221RFpMttMcj9dlrzPCBVG4="}
replica 3 is forwarding chunk to replica 0
replica 3 is forwarding chunk to replica 1
replica 3 is forwarding chunk to replica 2
replica 3 is forwarding chunk to replica 4
replica 3 is forwarding chunk to replica 6
replica 3 is forwarding chunk to replica 0
replica 3 is forwarding chunk to replica 1
replica 3 is forwarding chunk to replica 2
replica 3 is forwarding chunk to replica 4
replica 3 is forwarding chunk to replica 6
Decoded original proposal, time: 2022-11-27 04:38:44.333843618 +0000 UTC m=+47.543268592 header hash: [225 164 165 204 236 180 59 151 178 38 118 190 136 53 193 22 146 46 81 162 175 160 6 50 132 174 159 221 166 0 223 96]
2022-11-27T04:38:44.333Z	DEBUG	replica=3	coded-hotterstuff/consensus.go:576	received proposal	{"CURRENT VIEW": 11, "msg": "proposal", "header view": 12, "prepare view": 10, "hash": "4aSlzOy0O5eyJna+iDXBFpIuUaKvoAYyhK6f3aYA32A=", "parent": "JHDKbuvn/qlEbMiFGVnXE7z7VfFJm3NDC7AQEWpkt3w="}
2022-11-27T04:38:44.341Z	DEBUG	replica=3	coded-hotterstuff/consensus.go:809	new block certified	{"CURRENT VIEW": 11, "view": 11, "hash": "JHDKbuvn/qlEbMiFGVnXE7z7VfFJm3NDC7AQEWpkt3w="}
2022-11-27T04:38:44.341Z	DEBUG	replica=3	coded-hotterstuff/consensus.go:520	entered new view	{"CURRENT VIEW": 12, "view timeout": 2, "timedout": false}
2022-11-27T04:38:44.341Z	DEBUG	replica=3	coded-hotterstuff/consensus.go:788	new block locked	{"CURRENT VIEW": 12, "view": 10, "hash": "Gymi6tg4A5LZy8aiMG6k221RFpMttMcj9dlrzPCBVG4="}
2022-11-27T04:38:44.341Z	INFO	replica=3	coded-hotterstuff/consensus.go:797	new block commited	{"CURRENT VIEW": 12, "view": 9, "hash": "S5jvF8HlmLvBxjERXgBCYm1M/GPQBuOxef9Rwa5UXRA="}
2022-11-27T04:38:44.343Z	DEBUG	replica=3	coded-hotterstuff/consensus.go:678	proposal is safe to vote on	{"CURRENT VIEW": 11, "msg": "proposal", "header view": 12, "prepare view": 10, "hash": "4aSlzOy0O5eyJna+iDXBFpIuUaKvoAYyhK6f3aYA32A=", "parent": "JHDKbuvn/qlEbMiFGVnXE7z7VfFJm3NDC7AQEWpkt3w="}
Node  3 +1 block finalized at time:  2022-11-27 04:38:44.346265852 +0000 UTC m=+47.555690817
replica 3 is forwarding chunk to replica 0
replica 3 is forwarding chunk to replica 1
replica 3 is forwarding chunk to replica 2
replica 3 is forwarding chunk to replica 4
replica 3 is forwarding chunk to replica 6
Decoded original proposal, time: 2022-11-27 04:38:45.374785722 +0000 UTC m=+48.584210698 header hash: [225 164 165 204 236 180 59 151 178 38 118 190 136 53 193 22 146 46 81 162 175 160 6 50 132 174 159 221 166 0 223 96]
2022-11-27T04:38:45.374Z	DEBUG	replica=3	coded-hotterstuff/consensus.go:576	received proposal	{"CURRENT VIEW": 12, "msg": "proposal", "header view": 12, "prepare view": 11, "hash": "4aSlzOy0O5eyJna+iDXBFpIuUaKvoAYyhK6f3aYA32A=", "parent": "JHDKbuvn/qlEbMiFGVnXE7z7VfFJm3NDC7AQEWpkt3w="}
Decoded original proposal, time: 2022-11-27 04:38:46.565782066 +0000 UTC m=+49.775207081 header hash: [225 164 165 204 236 180 59 151 178 38 118 190 136 53 193 22 146 46 81 162 175 160 6 50 132 174 159 221 166 0 223 96]
2022-11-27T04:38:46.565Z	DEBUG	replica=3	coded-hotterstuff/consensus.go:576	received proposal	{"CURRENT VIEW": 12, "msg": "proposal", "header view": 12, "prepare view": 11, "hash": "4aSlzOy0O5eyJna+iDXBFpIuUaKvoAYyhK6f3aYA32A=", "parent": "JHDKbuvn/qlEbMiFGVnXE7z7VfFJm3NDC7AQEWpkt3w="}
replica 3 is forwarding chunk to replica 0
replica 3 is forwarding chunk to replica 1
replica 3 is forwarding chunk to replica 2
replica 3 is forwarding chunk to replica 4
replica 3 is forwarding chunk to replica 5
replica 3 is forwarding chunk to replica 0
replica 3 is forwarding chunk to replica 1
replica 3 is forwarding chunk to replica 2
replica 3 is forwarding chunk to replica 4
replica 3 is forwarding chunk to replica 5
Decoded original proposal, time: 2022-11-27 04:38:47.738735648 +0000 UTC m=+50.948160666 header hash: [55 71 12 88 170 89 30 100 228 23 243 137 27 6 133 29 78 24 217 198 107 27 88 123 223 127 133 219 145 253 87 161]
2022-11-27T04:38:47.738Z	DEBUG	replica=3	coded-hotterstuff/consensus.go:576	received proposal	{"CURRENT VIEW": 12, "msg": "proposal", "header view": 13, "prepare view": 11, "hash": "N0cMWKpZHmTkF/OJGwaFHU4Y2cZrG1h733+F25H9V6E=", "parent": "4aSlzOy0O5eyJna+iDXBFpIuUaKvoAYyhK6f3aYA32A="}
2022-11-27T04:38:47.746Z	DEBUG	replica=3	coded-hotterstuff/consensus.go:809	new block certified	{"CURRENT VIEW": 12, "view": 12, "hash": "4aSlzOy0O5eyJna+iDXBFpIuUaKvoAYyhK6f3aYA32A="}
2022-11-27T04:38:47.746Z	DEBUG	replica=3	coded-hotterstuff/consensus.go:520	entered new view	{"CURRENT VIEW": 13, "view timeout": 2, "timedout": false}
2022-11-27T04:38:47.746Z	DEBUG	replica=3	coded-hotterstuff/consensus.go:788	new block locked	{"CURRENT VIEW": 13, "view": 11, "hash": "JHDKbuvn/qlEbMiFGVnXE7z7VfFJm3NDC7AQEWpkt3w="}
2022-11-27T04:38:47.746Z	INFO	replica=3	coded-hotterstuff/consensus.go:797	new block commited	{"CURRENT VIEW": 13, "view": 10, "hash": "Gymi6tg4A5LZy8aiMG6k221RFpMttMcj9dlrzPCBVG4="}
2022-11-27T04:38:47.746Z	DEBUG	replica=3	coded-hotterstuff/consensus.go:678	proposal is safe to vote on	{"CURRENT VIEW": 12, "msg": "proposal", "header view": 13, "prepare view": 11, "hash": "N0cMWKpZHmTkF/OJGwaFHU4Y2cZrG1h733+F25H9V6E=", "parent": "4aSlzOy0O5eyJna+iDXBFpIuUaKvoAYyhK6f3aYA32A="}
Node  3 +1 block finalized at time:  2022-11-27 04:38:47.748881732 +0000 UTC m=+50.958306687
replica 3 is forwarding chunk to replica 0
replica 3 is forwarding chunk to replica 1
replica 3 is forwarding chunk to replica 2
replica 3 is forwarding chunk to replica 4
replica 3 is forwarding chunk to replica 5
Decoded original proposal, time: 2022-11-27 04:38:49.089673175 +0000 UTC m=+52.299098190 header hash: [55 71 12 88 170 89 30 100 228 23 243 137 27 6 133 29 78 24 217 198 107 27 88 123 223 127 133 219 145 253 87 161]
2022-11-27T04:38:49.089Z	DEBUG	replica=3	coded-hotterstuff/consensus.go:576	received proposal	{"CURRENT VIEW": 13, "msg": "proposal", "header view": 13, "prepare view": 12, "hash": "N0cMWKpZHmTkF/OJGwaFHU4Y2cZrG1h733+F25H9V6E=", "parent": "4aSlzOy0O5eyJna+iDXBFpIuUaKvoAYyhK6f3aYA32A="}
Decoded original proposal, time: 2022-11-27 04:38:50.623960623 +0000 UTC m=+53.833385639 header hash: [55 71 12 88 170 89 30 100 228 23 243 137 27 6 133 29 78 24 217 198 107 27 88 123 223 127 133 219 145 253 87 161]
2022-11-27T04:38:50.624Z	DEBUG	replica=3	coded-hotterstuff/consensus.go:576	received proposal	{"CURRENT VIEW": 13, "msg": "proposal", "header view": 13, "prepare view": 12, "hash": "N0cMWKpZHmTkF/OJGwaFHU4Y2cZrG1h733+F25H9V6E=", "parent": "4aSlzOy0O5eyJna+iDXBFpIuUaKvoAYyhK6f3aYA32A="}
replica 3 is forwarding chunk to replica 1
replica 3 is forwarding chunk to replica 2
replica 3 is forwarding chunk to replica 4
replica 3 is forwarding chunk to replica 5
replica 3 is forwarding chunk to replica 6
Decoded original proposal, time: 2022-11-27 04:38:51.762040077 +0000 UTC m=+54.971465094 header hash: [179 79 157 9 84 57 195 200 132 217 159 131 10 204 29 20 183 79 241 0 252 79 239 189 106 39 9 193 130 153 110 137]
2022-11-27T04:38:51.762Z	DEBUG	replica=3	coded-hotterstuff/consensus.go:576	received proposal	{"CURRENT VIEW": 13, "msg": "proposal", "header view": 14, "prepare view": 12, "hash": "s0+dCVQ5w8iE2Z+DCswdFLdP8QD8T++9aicJwYKZbok=", "parent": "N0cMWKpZHmTkF/OJGwaFHU4Y2cZrG1h733+F25H9V6E="}
2022-11-27T04:38:51.769Z	DEBUG	replica=3	coded-hotterstuff/consensus.go:809	new block certified	{"CURRENT VIEW": 13, "view": 13, "hash": "N0cMWKpZHmTkF/OJGwaFHU4Y2cZrG1h733+F25H9V6E="}
2022-11-27T04:38:51.769Z	DEBUG	replica=3	coded-hotterstuff/consensus.go:520	entered new view	{"CURRENT VIEW": 14, "view timeout": 2, "timedout": false}
2022-11-27T04:38:51.769Z	DEBUG	replica=3	coded-hotterstuff/consensus.go:788	new block locked	{"CURRENT VIEW": 14, "view": 12, "hash": "4aSlzOy0O5eyJna+iDXBFpIuUaKvoAYyhK6f3aYA32A="}
2022-11-27T04:38:51.769Z	INFO	replica=3	coded-hotterstuff/consensus.go:797	new block commited	{"CURRENT VIEW": 14, "view": 11, "hash": "JHDKbuvn/qlEbMiFGVnXE7z7VfFJm3NDC7AQEWpkt3w="}
2022-11-27T04:38:51.772Z	DEBUG	replica=3	coded-hotterstuff/consensus.go:678	proposal is safe to vote on	{"CURRENT VIEW": 13, "msg": "proposal", "header view": 14, "prepare view": 12, "hash": "s0+dCVQ5w8iE2Z+DCswdFLdP8QD8T++9aicJwYKZbok=", "parent": "N0cMWKpZHmTkF/OJGwaFHU4Y2cZrG1h733+F25H9V6E="}
Node  3 +1 block finalized at time:  2022-11-27 04:38:51.774858447 +0000 UTC m=+54.984283412
replica 3 is forwarding chunk to replica 1
replica 3 is forwarding chunk to replica 2
replica 3 is forwarding chunk to replica 4
replica 3 is forwarding chunk to replica 5
replica 3 is forwarding chunk to replica 6
Decoded original proposal, time: 2022-11-27 04:38:53.179757715 +0000 UTC m=+56.389182728 header hash: [179 79 157 9 84 57 195 200 132 217 159 131 10 204 29 20 183 79 241 0 252 79 239 189 106 39 9 193 130 153 110 137]
2022-11-27T04:38:53.179Z	DEBUG	replica=3	coded-hotterstuff/consensus.go:576	received proposal	{"CURRENT VIEW": 14, "msg": "proposal", "header view": 14, "prepare view": 13, "hash": "s0+dCVQ5w8iE2Z+DCswdFLdP8QD8T++9aicJwYKZbok=", "parent": "N0cMWKpZHmTkF/OJGwaFHU4Y2cZrG1h733+F25H9V6E="}
replica 3 is forwarding chunk to replica 0
replica 3 is forwarding chunk to replica 2
replica 3 is forwarding chunk to replica 4
replica 3 is forwarding chunk to replica 5
replica 3 is forwarding chunk to replica 6
Decoded original proposal, time: 2022-11-27 04:38:55.633527171 +0000 UTC m=+58.842952185 header hash: [202 72 185 184 152 74 130 52 19 230 34 218 220 212 95 146 25 2 29 196 82 105 189 28 182 138 255 42 166 91 160 208]
2022-11-27T04:38:55.633Z	DEBUG	replica=3	coded-hotterstuff/consensus.go:576	received proposal	{"CURRENT VIEW": 14, "msg": "proposal", "header view": 15, "prepare view": 13, "hash": "yki5uJhKgjQT5iLa3NRfkhkCHcRSab0ctor/KqZboNA=", "parent": "s0+dCVQ5w8iE2Z+DCswdFLdP8QD8T++9aicJwYKZbok="}
2022-11-27T04:38:55.640Z	DEBUG	replica=3	coded-hotterstuff/consensus.go:809	new block certified	{"CURRENT VIEW": 14, "view": 14, "hash": "s0+dCVQ5w8iE2Z+DCswdFLdP8QD8T++9aicJwYKZbok="}
2022-11-27T04:38:55.641Z	DEBUG	replica=3	coded-hotterstuff/consensus.go:520	entered new view	{"CURRENT VIEW": 15, "view timeout": 2, "timedout": false}
2022-11-27T04:38:55.641Z	DEBUG	replica=3	coded-hotterstuff/consensus.go:788	new block locked	{"CURRENT VIEW": 15, "view": 13, "hash": "N0cMWKpZHmTkF/OJGwaFHU4Y2cZrG1h733+F25H9V6E="}
2022-11-27T04:38:55.641Z	INFO	replica=3	coded-hotterstuff/consensus.go:797	new block commited	{"CURRENT VIEW": 15, "view": 12, "hash": "4aSlzOy0O5eyJna+iDXBFpIuUaKvoAYyhK6f3aYA32A="}
2022-11-27T04:38:55.642Z	DEBUG	replica=3	coded-hotterstuff/consensus.go:678	proposal is safe to vote on	{"CURRENT VIEW": 14, "msg": "proposal", "header view": 15, "prepare view": 13, "hash": "yki5uJhKgjQT5iLa3NRfkhkCHcRSab0ctor/KqZboNA=", "parent": "s0+dCVQ5w8iE2Z+DCswdFLdP8QD8T++9aicJwYKZbok="}
Node  3 +1 block finalized at time:  2022-11-27 04:38:55.645345766 +0000 UTC m=+58.854770816
replica 3 is forwarding chunk to replica 0
replica 3 is forwarding chunk to replica 2
replica 3 is forwarding chunk to replica 4
replica 3 is forwarding chunk to replica 5
replica 3 is forwarding chunk to replica 6
Decoded original proposal, time: 2022-11-27 04:38:57.041447575 +0000 UTC m=+60.250872593 header hash: [202 72 185 184 152 74 130 52 19 230 34 218 220 212 95 146 25 2 29 196 82 105 189 28 182 138 255 42 166 91 160 208]
2022-11-27T04:38:57.041Z	DEBUG	replica=3	coded-hotterstuff/consensus.go:576	received proposal	{"CURRENT VIEW": 15, "msg": "proposal", "header view": 15, "prepare view": 14, "hash": "yki5uJhKgjQT5iLa3NRfkhkCHcRSab0ctor/KqZboNA=", "parent": "s0+dCVQ5w8iE2Z+DCswdFLdP8QD8T++9aicJwYKZbok="}
replica 3 is forwarding chunk to replica 0
replica 3 is forwarding chunk to replica 2
replica 3 is forwarding chunk to replica 4
replica 3 is forwarding chunk to replica 5
replica 3 is forwarding chunk to replica 6
replica 3 is forwarding chunk to replica 0
replica 3 is forwarding chunk to replica 1
replica 3 is forwarding chunk to replica 4
replica 3 is forwarding chunk to replica 5
replica 3 is forwarding chunk to replica 6
2022-11-27T04:38:58.340Z	DEBUG	replica=3	coded-hotterstuff/consensus.go:965	received vote	{"CURRENT VIEW": 15, "msg": "vote", "voter": 2, "view": 15, "hash": "PAOswJ5F5FKLEprAJ1SnuPasqGFIM2uhNIcdZdMfaCw="}
Node  3  received vote before proposal, saving vote in pending votes, hash is  [60 3 172 192 158 69 228 82 139 18 154 192 39 84 167 184 246 172 168 97 72 51 107 161 52 135 29 101 211 31 104 44]  and string is,  16
2022-11-27T04:38:58.340Z	DEBUG	replica=3	coded-hotterstuff/consensus.go:970	Received vote before proposal, key is, 16	{"CURRENT VIEW": 15}
Decoded original proposal, time: 2022-11-27 04:38:58.485582494 +0000 UTC m=+61.695007459 header hash: [202 72 185 184 152 74 130 52 19 230 34 218 220 212 95 146 25 2 29 196 82 105 189 28 182 138 255 42 166 91 160 208]
2022-11-27T04:38:58.485Z	DEBUG	replica=3	coded-hotterstuff/consensus.go:576	received proposal	{"CURRENT VIEW": 15, "msg": "proposal", "header view": 15, "prepare view": 14, "hash": "yki5uJhKgjQT5iLa3NRfkhkCHcRSab0ctor/KqZboNA=", "parent": "s0+dCVQ5w8iE2Z+DCswdFLdP8QD8T++9aicJwYKZbok="}
replica 3 is forwarding chunk to replica 0
replica 3 is forwarding chunk to replica 1
replica 3 is forwarding chunk to replica 4
replica 3 is forwarding chunk to replica 5
replica 3 is forwarding chunk to replica 6
Decoded original proposal, time: 2022-11-27 04:39:00.346367221 +0000 UTC m=+63.555792224 header hash: [60 3 172 192 158 69 228 82 139 18 154 192 39 84 167 184 246 172 168 97 72 51 107 161 52 135 29 101 211 31 104 44]
2022-11-27T04:39:00.346Z	DEBUG	replica=3	coded-hotterstuff/consensus.go:576	received proposal	{"CURRENT VIEW": 15, "msg": "proposal", "header view": 16, "prepare view": 14, "hash": "PAOswJ5F5FKLEprAJ1SnuPasqGFIM2uhNIcdZdMfaCw=", "parent": "yki5uJhKgjQT5iLa3NRfkhkCHcRSab0ctor/KqZboNA="}
2022-11-27T04:39:00.354Z	DEBUG	replica=3	coded-hotterstuff/consensus.go:809	new block certified	{"CURRENT VIEW": 15, "view": 15, "hash": "yki5uJhKgjQT5iLa3NRfkhkCHcRSab0ctor/KqZboNA="}
2022-11-27T04:39:00.354Z	DEBUG	replica=3	coded-hotterstuff/consensus.go:520	entered new view	{"CURRENT VIEW": 16, "view timeout": 2, "timedout": false}
2022-11-27T04:39:00.354Z	DEBUG	replica=3	coded-hotterstuff/consensus.go:535	replica is a leader for next view. collecting new-view messages	{"CURRENT VIEW": 16}
2022-11-27T04:39:00.354Z	DEBUG	replica=3	coded-hotterstuff/consensus.go:788	new block locked	{"CURRENT VIEW": 16, "view": 14, "hash": "s0+dCVQ5w8iE2Z+DCswdFLdP8QD8T++9aicJwYKZbok="}
2022-11-27T04:39:00.354Z	INFO	replica=3	coded-hotterstuff/consensus.go:797	new block commited	{"CURRENT VIEW": 16, "view": 13, "hash": "N0cMWKpZHmTkF/OJGwaFHU4Y2cZrG1h733+F25H9V6E="}
2022-11-27T04:39:00.354Z	DEBUG	replica=3	coded-hotterstuff/consensus.go:678	proposal is safe to vote on	{"CURRENT VIEW": 15, "msg": "proposal", "header view": 16, "prepare view": 14, "hash": "PAOswJ5F5FKLEprAJ1SnuPasqGFIM2uhNIcdZdMfaCw=", "parent": "yki5uJhKgjQT5iLa3NRfkhkCHcRSab0ctor/KqZboNA="}
2022-11-27T04:39:00.354Z	DEBUG	replica=3	coded-hotterstuff/consensus.go:758	Taking care of pending vote 16	{"CURRENT VIEW": 16}
2022-11-27T04:39:00.354Z	DEBUG	replica=3	coded-hotterstuff/consensus.go:965	received vote	{"CURRENT VIEW": 16, "msg": "vote", "voter": 2, "view": 16, "hash": "PAOswJ5F5FKLEprAJ1SnuPasqGFIM2uhNIcdZdMfaCw="}
2022-11-27T04:39:00.361Z	DEBUG	replica=3	coded-hotterstuff/consensus.go:965	received vote	{"CURRENT VIEW": 16, "msg": "vote", "voter": 3, "view": 16, "hash": "PAOswJ5F5FKLEprAJ1SnuPasqGFIM2uhNIcdZdMfaCw="}
2022-11-27T04:39:00.366Z	DEBUG	replica=3	coded-hotterstuff/consensus.go:965	received vote	{"CURRENT VIEW": 16, "msg": "vote", "voter": 5, "view": 16, "hash": "PAOswJ5F5FKLEprAJ1SnuPasqGFIM2uhNIcdZdMfaCw="}
Node  3 +1 block finalized at time:  2022-11-27 04:39:00.366933921 +0000 UTC m=+63.576358888
2022-11-27T04:39:00.444Z	DEBUG	replica=3	coded-hotterstuff/consensus.go:965	received vote	{"CURRENT VIEW": 16, "msg": "vote", "voter": 0, "view": 16, "hash": "PAOswJ5F5FKLEprAJ1SnuPasqGFIM2uhNIcdZdMfaCw="}
2022-11-27T04:39:00.574Z	DEBUG	replica=3	coded-hotterstuff/consensus.go:965	received vote	{"CURRENT VIEW": 16, "msg": "vote", "voter": 1, "view": 16, "hash": "PAOswJ5F5FKLEprAJ1SnuPasqGFIM2uhNIcdZdMfaCw="}
2022-11-27T04:39:00.579Z	DEBUG	replica=3	coded-hotterstuff/consensus.go:809	new block certified	{"CURRENT VIEW": 16, "view": 16, "hash": "PAOswJ5F5FKLEprAJ1SnuPasqGFIM2uhNIcdZdMfaCw="}
2022-11-27T04:39:00.579Z	DEBUG	replica=3	coded-hotterstuff/consensus.go:520	entered new view	{"CURRENT VIEW": 17, "view timeout": 2, "timedout": false}
2022-11-27T04:39:00.579Z	DEBUG	replica=3	coded-hotterstuff/consensus.go:544	replica is a leader for this view. waiting for data	{"CURRENT VIEW": 17}
2022-11-27T04:39:00.579Z	DEBUG	replica=3	coded-hotterstuff/consensus.go:520	entered new view	{"CURRENT VIEW": 17, "view timeout": 2, "timedout": false}
2022-11-27T04:39:00.579Z	DEBUG	replica=3	coded-hotterstuff/consensus.go:544	replica is a leader for this view. waiting for data	{"CURRENT VIEW": 17}
2022-11-27T04:39:00.583Z	DEBUG	replica=3	coded-hotterstuff/consensus.go:238	sending proposal	{"CURRENT VIEW": 17, "hash": "fbyAo5VKEVdmy5epf95saK65Dkgc3+iXrMxeW3XrK2g=", "parent": "PAOswJ5F5FKLEprAJ1SnuPasqGFIM2uhNIcdZdMfaCw=", "signer": 3}
2022-11-27T04:39:00.584Z	DEBUG	replica=3	coded-hotterstuff/consensus.go:576	received proposal	{"CURRENT VIEW": 17, "msg": "proposal", "header view": 17, "prepare view": 16, "hash": "fbyAo5VKEVdmy5epf95saK65Dkgc3+iXrMxeW3XrK2g=", "parent": "PAOswJ5F5FKLEprAJ1SnuPasqGFIM2uhNIcdZdMfaCw="}
2022-11-27T04:39:00.591Z	DEBUG	replica=3	coded-hotterstuff/consensus.go:788	new block locked	{"CURRENT VIEW": 17, "view": 15, "hash": "yki5uJhKgjQT5iLa3NRfkhkCHcRSab0ctor/KqZboNA="}
2022-11-27T04:39:00.591Z	INFO	replica=3	coded-hotterstuff/consensus.go:797	new block commited	{"CURRENT VIEW": 17, "view": 14, "hash": "s0+dCVQ5w8iE2Z+DCswdFLdP8QD8T++9aicJwYKZbok="}
2022-11-27T04:39:00.593Z	DEBUG	replica=3	coded-hotterstuff/consensus.go:678	proposal is safe to vote on	{"CURRENT VIEW": 17, "msg": "proposal", "header view": 17, "prepare view": 16, "hash": "fbyAo5VKEVdmy5epf95saK65Dkgc3+iXrMxeW3XrK2g=", "parent": "PAOswJ5F5FKLEprAJ1SnuPasqGFIM2uhNIcdZdMfaCw="}
Node  3 +1 block finalized at time:  2022-11-27 04:39:00.595448841 +0000 UTC m=+63.804873807
replica 3 is forwarding chunk to replica 0
replica 3 is forwarding chunk to replica 1
replica 3 is forwarding chunk to replica 4
replica 3 is forwarding chunk to replica 5
replica 3 is forwarding chunk to replica 6
2022-11-27T04:39:00.996Z	DEBUG	replica=3	coded-hotterstuff/consensus.go:965	received vote	{"CURRENT VIEW": 17, "msg": "vote", "voter": 4, "view": 17, "hash": "PAOswJ5F5FKLEprAJ1SnuPasqGFIM2uhNIcdZdMfaCw="}
2022-11-27T04:39:01.003Z	DEBUG	replica=3	coded-hotterstuff/consensus.go:520	entered new view	{"CURRENT VIEW": 17, "view timeout": 2, "timedout": false}
2022-11-27T04:39:01.003Z	DEBUG	replica=3	coded-hotterstuff/consensus.go:544	replica is a leader for this view. waiting for data	{"CURRENT VIEW": 17}
2022-11-27T04:39:01.006Z	DEBUG	replica=3	coded-hotterstuff/consensus.go:238	sending proposal	{"CURRENT VIEW": 17, "hash": "fbyAo5VKEVdmy5epf95saK65Dkgc3+iXrMxeW3XrK2g=", "parent": "PAOswJ5F5FKLEprAJ1SnuPasqGFIM2uhNIcdZdMfaCw=", "signer": 3}
2022-11-27T04:39:01.007Z	DEBUG	replica=3	coded-hotterstuff/consensus.go:576	received proposal	{"CURRENT VIEW": 17, "msg": "proposal", "header view": 17, "prepare view": 16, "hash": "fbyAo5VKEVdmy5epf95saK65Dkgc3+iXrMxeW3XrK2g=", "parent": "PAOswJ5F5FKLEprAJ1SnuPasqGFIM2uhNIcdZdMfaCw="}
2022-11-27T04:39:01.016Z	DEBUG	replica=3	coded-hotterstuff/consensus.go:965	received vote	{"CURRENT VIEW": 17, "msg": "vote", "voter": 6, "view": 17, "hash": "PAOswJ5F5FKLEprAJ1SnuPasqGFIM2uhNIcdZdMfaCw="}
2022-11-27T04:39:01.024Z	DEBUG	replica=3	coded-hotterstuff/consensus.go:520	entered new view	{"CURRENT VIEW": 17, "view timeout": 2, "timedout": false}
2022-11-27T04:39:01.024Z	DEBUG	replica=3	coded-hotterstuff/consensus.go:544	replica is a leader for this view. waiting for data	{"CURRENT VIEW": 17}
2022-11-27T04:39:01.030Z	DEBUG	replica=3	coded-hotterstuff/consensus.go:238	sending proposal	{"CURRENT VIEW": 17, "hash": "fbyAo5VKEVdmy5epf95saK65Dkgc3+iXrMxeW3XrK2g=", "parent": "PAOswJ5F5FKLEprAJ1SnuPasqGFIM2uhNIcdZdMfaCw=", "signer": 3}
2022-11-27T04:39:01.031Z	DEBUG	replica=3	coded-hotterstuff/consensus.go:576	received proposal	{"CURRENT VIEW": 17, "msg": "proposal", "header view": 17, "prepare view": 16, "hash": "fbyAo5VKEVdmy5epf95saK65Dkgc3+iXrMxeW3XrK2g=", "parent": "PAOswJ5F5FKLEprAJ1SnuPasqGFIM2uhNIcdZdMfaCw="}
Decoded original proposal, time: 2022-11-27 04:39:01.367490188 +0000 UTC m=+64.576915160 header hash: [60 3 172 192 158 69 228 82 139 18 154 192 39 84 167 184 246 172 168 97 72 51 107 161 52 135 29 101 211 31 104 44]
2022-11-27T04:39:01.367Z	DEBUG	replica=3	coded-hotterstuff/consensus.go:576	received proposal	{"CURRENT VIEW": 17, "msg": "proposal", "header view": 16, "prepare view": 16, "hash": "PAOswJ5F5FKLEprAJ1SnuPasqGFIM2uhNIcdZdMfaCw=", "parent": "yki5uJhKgjQT5iLa3NRfkhkCHcRSab0ctor/KqZboNA="}
2022-11-27T04:39:01.375Z	DEBUG	replica=3	coded-hotterstuff/consensus.go:667	proposal view doesn't match local view	{"CURRENT VIEW": 17, "msg": "proposal", "header view": 16, "prepare view": 16, "hash": "PAOswJ5F5FKLEprAJ1SnuPasqGFIM2uhNIcdZdMfaCw=", "parent": "yki5uJhKgjQT5iLa3NRfkhkCHcRSab0ctor/KqZboNA="}
Decoded original proposal, time: 2022-11-27 04:39:02.602967873 +0000 UTC m=+65.812392904 header hash: [60 3 172 192 158 69 228 82 139 18 154 192 39 84 167 184 246 172 168 97 72 51 107 161 52 135 29 101 211 31 104 44]
2022-11-27T04:39:02.603Z	DEBUG	replica=3	coded-hotterstuff/consensus.go:576	received proposal	{"CURRENT VIEW": 17, "msg": "proposal", "header view": 16, "prepare view": 16, "hash": "PAOswJ5F5FKLEprAJ1SnuPasqGFIM2uhNIcdZdMfaCw=", "parent": "yki5uJhKgjQT5iLa3NRfkhkCHcRSab0ctor/KqZboNA="}
2022-11-27T04:39:02.610Z	DEBUG	replica=3	coded-hotterstuff/consensus.go:667	proposal view doesn't match local view	{"CURRENT VIEW": 17, "msg": "proposal", "header view": 16, "prepare view": 16, "hash": "PAOswJ5F5FKLEprAJ1SnuPasqGFIM2uhNIcdZdMfaCw=", "parent": "yki5uJhKgjQT5iLa3NRfkhkCHcRSab0ctor/KqZboNA="}
replica 3 is forwarding chunk to replica 0
replica 3 is forwarding chunk to replica 1
replica 3 is forwarding chunk to replica 2
replica 3 is forwarding chunk to replica 5
replica 3 is forwarding chunk to replica 6
replica 3 is forwarding chunk to replica 0
replica 3 is forwarding chunk to replica 1
replica 3 is forwarding chunk to replica 2
replica 3 is forwarding chunk to replica 5
replica 3 is forwarding chunk to replica 6
Decoded original proposal, time: 2022-11-27 04:39:07.545378873 +0000 UTC m=+70.754803888 header hash: [233 71 193 36 185 72 95 92 29 220 193 120 223 14 188 72 252 159 62 199 112 113 252 214 161 209 254 215 214 224 205 19]
2022-11-27T04:39:07.545Z	DEBUG	replica=3	coded-hotterstuff/consensus.go:576	received proposal	{"CURRENT VIEW": 17, "msg": "proposal", "header view": 18, "prepare view": 16, "hash": "6UfBJLlIX1wd3MF43w68SPyfPsdwcfzWodH+19bgzRM=", "parent": "fbyAo5VKEVdmy5epf95saK65Dkgc3+iXrMxeW3XrK2g="}
2022-11-27T04:39:07.552Z	DEBUG	replica=3	coded-hotterstuff/consensus.go:809	new block certified	{"CURRENT VIEW": 17, "view": 17, "hash": "fbyAo5VKEVdmy5epf95saK65Dkgc3+iXrMxeW3XrK2g="}
2022-11-27T04:39:07.552Z	DEBUG	replica=3	coded-hotterstuff/consensus.go:520	entered new view	{"CURRENT VIEW": 18, "view timeout": 2, "timedout": false}
2022-11-27T04:39:07.552Z	DEBUG	replica=3	coded-hotterstuff/consensus.go:788	new block locked	{"CURRENT VIEW": 18, "view": 16, "hash": "PAOswJ5F5FKLEprAJ1SnuPasqGFIM2uhNIcdZdMfaCw="}
2022-11-27T04:39:07.552Z	INFO	replica=3	coded-hotterstuff/consensus.go:797	new block commited	{"CURRENT VIEW": 18, "view": 15, "hash": "yki5uJhKgjQT5iLa3NRfkhkCHcRSab0ctor/KqZboNA="}
2022-11-27T04:39:07.553Z	DEBUG	replica=3	coded-hotterstuff/consensus.go:678	proposal is safe to vote on	{"CURRENT VIEW": 17, "msg": "proposal", "header view": 18, "prepare view": 16, "hash": "6UfBJLlIX1wd3MF43w68SPyfPsdwcfzWodH+19bgzRM=", "parent": "fbyAo5VKEVdmy5epf95saK65Dkgc3+iXrMxeW3XrK2g="}
Node  3 +1 block finalized at time:  2022-11-27 04:39:07.555235433 +0000 UTC m=+70.764660389
replica 3 is forwarding chunk to replica 0
replica 3 is forwarding chunk to replica 1
replica 3 is forwarding chunk to replica 2
replica 3 is forwarding chunk to replica 5
replica 3 is forwarding chunk to replica 6
Decoded original proposal, time: 2022-11-27 04:39:08.747374011 +0000 UTC m=+71.956798976 header hash: [233 71 193 36 185 72 95 92 29 220 193 120 223 14 188 72 252 159 62 199 112 113 252 214 161 209 254 215 214 224 205 19]
2022-11-27T04:39:08.747Z	DEBUG	replica=3	coded-hotterstuff/consensus.go:576	received proposal	{"CURRENT VIEW": 18, "msg": "proposal", "header view": 18, "prepare view": 17, "hash": "6UfBJLlIX1wd3MF43w68SPyfPsdwcfzWodH+19bgzRM=", "parent": "fbyAo5VKEVdmy5epf95saK65Dkgc3+iXrMxeW3XrK2g="}
Decoded original proposal, time: 2022-11-27 04:39:10.874497531 +0000 UTC m=+74.083922541 header hash: [233 71 193 36 185 72 95 92 29 220 193 120 223 14 188 72 252 159 62 199 112 113 252 214 161 209 254 215 214 224 205 19]
2022-11-27T04:39:10.874Z	DEBUG	replica=3	coded-hotterstuff/consensus.go:576	received proposal	{"CURRENT VIEW": 18, "msg": "proposal", "header view": 18, "prepare view": 17, "hash": "6UfBJLlIX1wd3MF43w68SPyfPsdwcfzWodH+19bgzRM=", "parent": "fbyAo5VKEVdmy5epf95saK65Dkgc3+iXrMxeW3XrK2g="}
replica 3 is forwarding chunk to replica 0
replica 3 is forwarding chunk to replica 1
replica 3 is forwarding chunk to replica 2
replica 3 is forwarding chunk to replica 4
replica 3 is forwarding chunk to replica 6
Decoded original proposal, time: 2022-11-27 04:39:11.847214716 +0000 UTC m=+75.056639726 header hash: [185 41 143 39 105 99 203 192 159 254 69 93 97 168 179 24 114 209 232 19 130 40 155 35 149 96 233 98 157 146 62 14]
2022-11-27T04:39:11.847Z	DEBUG	replica=3	coded-hotterstuff/consensus.go:576	received proposal	{"CURRENT VIEW": 18, "msg": "proposal", "header view": 19, "prepare view": 17, "hash": "uSmPJ2ljy8Cf/kVdYaizGHLR6BOCKJsjlWDpYp2SPg4=", "parent": "6UfBJLlIX1wd3MF43w68SPyfPsdwcfzWodH+19bgzRM="}
2022-11-27T04:39:11.854Z	DEBUG	replica=3	coded-hotterstuff/consensus.go:809	new block certified	{"CURRENT VIEW": 18, "view": 18, "hash": "6UfBJLlIX1wd3MF43w68SPyfPsdwcfzWodH+19bgzRM="}
2022-11-27T04:39:11.854Z	DEBUG	replica=3	coded-hotterstuff/consensus.go:520	entered new view	{"CURRENT VIEW": 19, "view timeout": 2, "timedout": false}
2022-11-27T04:39:11.854Z	DEBUG	replica=3	coded-hotterstuff/consensus.go:788	new block locked	{"CURRENT VIEW": 19, "view": 17, "hash": "fbyAo5VKEVdmy5epf95saK65Dkgc3+iXrMxeW3XrK2g="}
2022-11-27T04:39:11.854Z	INFO	replica=3	coded-hotterstuff/consensus.go:797	new block commited	{"CURRENT VIEW": 19, "view": 16, "hash": "PAOswJ5F5FKLEprAJ1SnuPasqGFIM2uhNIcdZdMfaCw="}
2022-11-27T04:39:11.856Z	DEBUG	replica=3	coded-hotterstuff/consensus.go:678	proposal is safe to vote on	{"CURRENT VIEW": 18, "msg": "proposal", "header view": 19, "prepare view": 17, "hash": "uSmPJ2ljy8Cf/kVdYaizGHLR6BOCKJsjlWDpYp2SPg4=", "parent": "6UfBJLlIX1wd3MF43w68SPyfPsdwcfzWodH+19bgzRM="}
Node  3 +1 block finalized at time:  2022-11-27 04:39:11.858354905 +0000 UTC m=+75.067779870
replica 3 is forwarding chunk to replica 0
replica 3 is forwarding chunk to replica 1
replica 3 is forwarding chunk to replica 2
replica 3 is forwarding chunk to replica 4
replica 3 is forwarding chunk to replica 6
replica 3 is forwarding chunk to replica 0
replica 3 is forwarding chunk to replica 1
replica 3 is forwarding chunk to replica 2
replica 3 is forwarding chunk to replica 4
replica 3 is forwarding chunk to replica 6
Decoded original proposal, time: 2022-11-27 04:39:13.280155484 +0000 UTC m=+76.489580493 header hash: [185 41 143 39 105 99 203 192 159 254 69 93 97 168 179 24 114 209 232 19 130 40 155 35 149 96 233 98 157 146 62 14]
2022-11-27T04:39:13.280Z	DEBUG	replica=3	coded-hotterstuff/consensus.go:576	received proposal	{"CURRENT VIEW": 19, "msg": "proposal", "header view": 19, "prepare view": 18, "hash": "uSmPJ2ljy8Cf/kVdYaizGHLR6BOCKJsjlWDpYp2SPg4=", "parent": "6UfBJLlIX1wd3MF43w68SPyfPsdwcfzWodH+19bgzRM="}
Decoded original proposal, time: 2022-11-27 04:39:14.521019109 +0000 UTC m=+77.730444122 header hash: [185 41 143 39 105 99 203 192 159 254 69 93 97 168 179 24 114 209 232 19 130 40 155 35 149 96 233 98 157 146 62 14]
2022-11-27T04:39:14.521Z	DEBUG	replica=3	coded-hotterstuff/consensus.go:576	received proposal	{"CURRENT VIEW": 19, "msg": "proposal", "header view": 19, "prepare view": 18, "hash": "uSmPJ2ljy8Cf/kVdYaizGHLR6BOCKJsjlWDpYp2SPg4=", "parent": "6UfBJLlIX1wd3MF43w68SPyfPsdwcfzWodH+19bgzRM="}
replica 3 is forwarding chunk to replica 0
replica 3 is forwarding chunk to replica 1
replica 3 is forwarding chunk to replica 2
replica 3 is forwarding chunk to replica 4
replica 3 is forwarding chunk to replica 5
Decoded original proposal, time: 2022-11-27 04:39:16.283377225 +0000 UTC m=+79.492802261 header hash: [13 182 191 15 143 42 152 29 239 84 127 36 77 221 124 199 27 48 113 31 51 226 178 103 166 208 44 11 123 31 191 52]
2022-11-27T04:39:16.283Z	DEBUG	replica=3	coded-hotterstuff/consensus.go:576	received proposal	{"CURRENT VIEW": 19, "msg": "proposal", "header view": 20, "prepare view": 18, "hash": "Dba/D48qmB3vVH8kTd18xxswcR8z4rJnptAsC3sfvzQ=", "parent": "uSmPJ2ljy8Cf/kVdYaizGHLR6BOCKJsjlWDpYp2SPg4="}
2022-11-27T04:39:16.291Z	DEBUG	replica=3	coded-hotterstuff/consensus.go:809	new block certified	{"CURRENT VIEW": 19, "view": 19, "hash": "uSmPJ2ljy8Cf/kVdYaizGHLR6BOCKJsjlWDpYp2SPg4="}
2022-11-27T04:39:16.291Z	DEBUG	replica=3	coded-hotterstuff/consensus.go:520	entered new view	{"CURRENT VIEW": 20, "view timeout": 2, "timedout": false}
2022-11-27T04:39:16.291Z	DEBUG	replica=3	coded-hotterstuff/consensus.go:788	new block locked	{"CURRENT VIEW": 20, "view": 18, "hash": "6UfBJLlIX1wd3MF43w68SPyfPsdwcfzWodH+19bgzRM="}
2022-11-27T04:39:16.291Z	INFO	replica=3	coded-hotterstuff/consensus.go:797	new block commited	{"CURRENT VIEW": 20, "view": 17, "hash": "fbyAo5VKEVdmy5epf95saK65Dkgc3+iXrMxeW3XrK2g="}
2022-11-27T04:39:16.292Z	DEBUG	replica=3	coded-hotterstuff/consensus.go:678	proposal is safe to vote on	{"CURRENT VIEW": 19, "msg": "proposal", "header view": 20, "prepare view": 18, "hash": "Dba/D48qmB3vVH8kTd18xxswcR8z4rJnptAsC3sfvzQ=", "parent": "uSmPJ2ljy8Cf/kVdYaizGHLR6BOCKJsjlWDpYp2SPg4="}
Node  3 +1 block finalized at time:  2022-11-27 04:39:16.294510844 +0000 UTC m=+79.503935808
replica 3 is forwarding chunk to replica 0
replica 3 is forwarding chunk to replica 1
replica 3 is forwarding chunk to replica 2
replica 3 is forwarding chunk to replica 4
replica 3 is forwarding chunk to replica 5
Decoded original proposal, time: 2022-11-27 04:39:17.581229548 +0000 UTC m=+80.790654565 header hash: [13 182 191 15 143 42 152 29 239 84 127 36 77 221 124 199 27 48 113 31 51 226 178 103 166 208 44 11 123 31 191 52]
2022-11-27T04:39:17.581Z	DEBUG	replica=3	coded-hotterstuff/consensus.go:576	received proposal	{"CURRENT VIEW": 20, "msg": "proposal", "header view": 20, "prepare view": 19, "hash": "Dba/D48qmB3vVH8kTd18xxswcR8z4rJnptAsC3sfvzQ=", "parent": "uSmPJ2ljy8Cf/kVdYaizGHLR6BOCKJsjlWDpYp2SPg4="}
replica 3 is forwarding chunk to replica 0
replica 3 is forwarding chunk to replica 1
replica 3 is forwarding chunk to replica 2
replica 3 is forwarding chunk to replica 4
replica 3 is forwarding chunk to replica 5
replica 3 is forwarding chunk to replica 1
replica 3 is forwarding chunk to replica 2
replica 3 is forwarding chunk to replica 4
replica 3 is forwarding chunk to replica 5
replica 3 is forwarding chunk to replica 6
Decoded original proposal, time: 2022-11-27 04:39:18.97059392 +0000 UTC m=+82.180018892 header hash: [13 182 191 15 143 42 152 29 239 84 127 36 77 221 124 199 27 48 113 31 51 226 178 103 166 208 44 11 123 31 191 52]
2022-11-27T04:39:18.970Z	DEBUG	replica=3	coded-hotterstuff/consensus.go:576	received proposal	{"CURRENT VIEW": 20, "msg": "proposal", "header view": 20, "prepare view": 19, "hash": "Dba/D48qmB3vVH8kTd18xxswcR8z4rJnptAsC3sfvzQ=", "parent": "uSmPJ2ljy8Cf/kVdYaizGHLR6BOCKJsjlWDpYp2SPg4="}
replica 3 is forwarding chunk to replica 1
replica 3 is forwarding chunk to replica 2
replica 3 is forwarding chunk to replica 4
replica 3 is forwarding chunk to replica 5
replica 3 is forwarding chunk to replica 6
Decoded original proposal, time: 2022-11-27 04:39:20.576386897 +0000 UTC m=+83.785811914 header hash: [209 38 65 65 46 4 226 145 106 139 61 138 29 3 67 4 115 15 92 233 3 182 204 209 81 205 132 59 223 246 130 103]
2022-11-27T04:39:20.576Z	DEBUG	replica=3	coded-hotterstuff/consensus.go:576	received proposal	{"CURRENT VIEW": 20, "msg": "proposal", "header view": 21, "prepare view": 19, "hash": "0SZBQS4E4pFqiz2KHQNDBHMPXOkDtszRUc2EO9/2gmc=", "parent": "Dba/D48qmB3vVH8kTd18xxswcR8z4rJnptAsC3sfvzQ="}
2022-11-27T04:39:20.583Z	DEBUG	replica=3	coded-hotterstuff/consensus.go:809	new block certified	{"CURRENT VIEW": 20, "view": 20, "hash": "Dba/D48qmB3vVH8kTd18xxswcR8z4rJnptAsC3sfvzQ="}
2022-11-27T04:39:20.583Z	DEBUG	replica=3	coded-hotterstuff/consensus.go:520	entered new view	{"CURRENT VIEW": 21, "view timeout": 2, "timedout": false}
2022-11-27T04:39:20.584Z	DEBUG	replica=3	coded-hotterstuff/consensus.go:788	new block locked	{"CURRENT VIEW": 21, "view": 19, "hash": "uSmPJ2ljy8Cf/kVdYaizGHLR6BOCKJsjlWDpYp2SPg4="}
2022-11-27T04:39:20.584Z	INFO	replica=3	coded-hotterstuff/consensus.go:797	new block commited	{"CURRENT VIEW": 21, "view": 18, "hash": "6UfBJLlIX1wd3MF43w68SPyfPsdwcfzWodH+19bgzRM="}
2022-11-27T04:39:20.586Z	DEBUG	replica=3	coded-hotterstuff/consensus.go:678	proposal is safe to vote on	{"CURRENT VIEW": 20, "msg": "proposal", "header view": 21, "prepare view": 19, "hash": "0SZBQS4E4pFqiz2KHQNDBHMPXOkDtszRUc2EO9/2gmc=", "parent": "Dba/D48qmB3vVH8kTd18xxswcR8z4rJnptAsC3sfvzQ="}
Node  3 +1 block finalized at time:  2022-11-27 04:39:20.589434481 +0000 UTC m=+83.798859547
replica 3 is forwarding chunk to replica 1
replica 3 is forwarding chunk to replica 2
replica 3 is forwarding chunk to replica 4
replica 3 is forwarding chunk to replica 5
replica 3 is forwarding chunk to replica 6
replica 3 is forwarding chunk to replica 0
replica 3 is forwarding chunk to replica 2
replica 3 is forwarding chunk to replica 4
replica 3 is forwarding chunk to replica 5
replica 3 is forwarding chunk to replica 6
Decoded original proposal, time: 2022-11-27 04:39:22.088710843 +0000 UTC m=+85.298135865 header hash: [209 38 65 65 46 4 226 145 106 139 61 138 29 3 67 4 115 15 92 233 3 182 204 209 81 205 132 59 223 246 130 103]
2022-11-27T04:39:22.088Z	DEBUG	replica=3	coded-hotterstuff/consensus.go:576	received proposal	{"CURRENT VIEW": 21, "msg": "proposal", "header view": 21, "prepare view": 20, "hash": "0SZBQS4E4pFqiz2KHQNDBHMPXOkDtszRUc2EO9/2gmc=", "parent": "Dba/D48qmB3vVH8kTd18xxswcR8z4rJnptAsC3sfvzQ="}
replica 3 is forwarding chunk to replica 0
replica 3 is forwarding chunk to replica 2
replica 3 is forwarding chunk to replica 4
replica 3 is forwarding chunk to replica 5
replica 3 is forwarding chunk to replica 6
Decoded original proposal, time: 2022-11-27 04:39:23.625648805 +0000 UTC m=+86.835073829 header hash: [236 22 254 114 249 137 84 235 103 187 22 243 254 52 241 221 163 197 58 85 216 147 6 31 172 60 252 77 199 10 162 122]
2022-11-27T04:39:23.625Z	DEBUG	replica=3	coded-hotterstuff/consensus.go:576	received proposal	{"CURRENT VIEW": 21, "msg": "proposal", "header view": 22, "prepare view": 20, "hash": "7Bb+cvmJVOtnuxbz/jTx3aPFOlXYkwYfrDz8TccKono=", "parent": "0SZBQS4E4pFqiz2KHQNDBHMPXOkDtszRUc2EO9/2gmc="}
2022-11-27T04:39:23.632Z	DEBUG	replica=3	coded-hotterstuff/consensus.go:809	new block certified	{"CURRENT VIEW": 21, "view": 21, "hash": "0SZBQS4E4pFqiz2KHQNDBHMPXOkDtszRUc2EO9/2gmc="}
2022-11-27T04:39:23.632Z	DEBUG	replica=3	coded-hotterstuff/consensus.go:520	entered new view	{"CURRENT VIEW": 22, "view timeout": 2, "timedout": false}
2022-11-27T04:39:23.633Z	DEBUG	replica=3	coded-hotterstuff/consensus.go:788	new block locked	{"CURRENT VIEW": 22, "view": 20, "hash": "Dba/D48qmB3vVH8kTd18xxswcR8z4rJnptAsC3sfvzQ="}
2022-11-27T04:39:23.633Z	INFO	replica=3	coded-hotterstuff/consensus.go:797	new block commited	{"CURRENT VIEW": 22, "view": 19, "hash": "uSmPJ2ljy8Cf/kVdYaizGHLR6BOCKJsjlWDpYp2SPg4="}
2022-11-27T04:39:23.635Z	DEBUG	replica=3	coded-hotterstuff/consensus.go:678	proposal is safe to vote on	{"CURRENT VIEW": 21, "msg": "proposal", "header view": 22, "prepare view": 20, "hash": "7Bb+cvmJVOtnuxbz/jTx3aPFOlXYkwYfrDz8TccKono=", "parent": "0SZBQS4E4pFqiz2KHQNDBHMPXOkDtszRUc2EO9/2gmc="}
Node  3 +1 block finalized at time:  2022-11-27 04:39:23.637675406 +0000 UTC m=+86.847100383
replica 3 is forwarding chunk to replica 0
replica 3 is forwarding chunk to replica 2
replica 3 is forwarding chunk to replica 4
replica 3 is forwarding chunk to replica 5
replica 3 is forwarding chunk to replica 6
Decoded original proposal, time: 2022-11-27 04:39:25.435043948 +0000 UTC m=+88.644468913 header hash: [209 38 65 65 46 4 226 145 106 139 61 138 29 3 67 4 115 15 92 233 3 182 204 209 81 205 132 59 223 246 130 103]
2022-11-27T04:39:25.435Z	DEBUG	replica=3	coded-hotterstuff/consensus.go:576	received proposal	{"CURRENT VIEW": 22, "msg": "proposal", "header view": 21, "prepare view": 21, "hash": "0SZBQS4E4pFqiz2KHQNDBHMPXOkDtszRUc2EO9/2gmc=", "parent": "Dba/D48qmB3vVH8kTd18xxswcR8z4rJnptAsC3sfvzQ="}
2022-11-27T04:39:25.442Z	DEBUG	replica=3	coded-hotterstuff/consensus.go:667	proposal view doesn't match local view	{"CURRENT VIEW": 22, "msg": "proposal", "header view": 21, "prepare view": 21, "hash": "0SZBQS4E4pFqiz2KHQNDBHMPXOkDtszRUc2EO9/2gmc=", "parent": "Dba/D48qmB3vVH8kTd18xxswcR8z4rJnptAsC3sfvzQ="}
Decoded original proposal, time: 2022-11-27 04:39:25.741754629 +0000 UTC m=+88.951179594 header hash: [236 22 254 114 249 137 84 235 103 187 22 243 254 52 241 221 163 197 58 85 216 147 6 31 172 60 252 77 199 10 162 122]
2022-11-27T04:39:25.741Z	DEBUG	replica=3	coded-hotterstuff/consensus.go:576	received proposal	{"CURRENT VIEW": 22, "msg": "proposal", "header view": 22, "prepare view": 21, "hash": "7Bb+cvmJVOtnuxbz/jTx3aPFOlXYkwYfrDz8TccKono=", "parent": "0SZBQS4E4pFqiz2KHQNDBHMPXOkDtszRUc2EO9/2gmc="}
Decoded original proposal, time: 2022-11-27 04:39:26.978442499 +0000 UTC m=+90.187867463 header hash: [236 22 254 114 249 137 84 235 103 187 22 243 254 52 241 221 163 197 58 85 216 147 6 31 172 60 252 77 199 10 162 122]
2022-11-27T04:39:26.978Z	DEBUG	replica=3	coded-hotterstuff/consensus.go:576	received proposal	{"CURRENT VIEW": 22, "msg": "proposal", "header view": 22, "prepare view": 21, "hash": "7Bb+cvmJVOtnuxbz/jTx3aPFOlXYkwYfrDz8TccKono=", "parent": "0SZBQS4E4pFqiz2KHQNDBHMPXOkDtszRUc2EO9/2gmc="}
replica 3 is forwarding chunk to replica 0
replica 3 is forwarding chunk to replica 1
replica 3 is forwarding chunk to replica 4
replica 3 is forwarding chunk to replica 5
replica 3 is forwarding chunk to replica 6
2022-11-27T04:39:28.112Z	DEBUG	replica=3	coded-hotterstuff/consensus.go:965	received vote	{"CURRENT VIEW": 22, "msg": "vote", "voter": 2, "view": 22, "hash": "pmj4OJzIOBXqJKBq/WB/iFAMQJkaLhcosvbRgseJajI="}
Node  3  received vote before proposal, saving vote in pending votes, hash is  [166 104 248 56 156 200 56 21 234 36 160 106 253 96 127 136 80 12 64 153 26 46 23 40 178 246 209 130 199 137 106 50]  and string is,  23
2022-11-27T04:39:28.112Z	DEBUG	replica=3	coded-hotterstuff/consensus.go:970	Received vote before proposal, key is, 23	{"CURRENT VIEW": 22}
Decoded original proposal, time: 2022-11-27 04:39:28.651804961 +0000 UTC m=+91.861229976 header hash: [166 104 248 56 156 200 56 21 234 36 160 106 253 96 127 136 80 12 64 153 26 46 23 40 178 246 209 130 199 137 106 50]
2022-11-27T04:39:28.651Z	DEBUG	replica=3	coded-hotterstuff/consensus.go:576	received proposal	{"CURRENT VIEW": 22, "msg": "proposal", "header view": 23, "prepare view": 21, "hash": "pmj4OJzIOBXqJKBq/WB/iFAMQJkaLhcosvbRgseJajI=", "parent": "7Bb+cvmJVOtnuxbz/jTx3aPFOlXYkwYfrDz8TccKono="}
2022-11-27T04:39:28.660Z	DEBUG	replica=3	coded-hotterstuff/consensus.go:809	new block certified	{"CURRENT VIEW": 22, "view": 22, "hash": "7Bb+cvmJVOtnuxbz/jTx3aPFOlXYkwYfrDz8TccKono="}
2022-11-27T04:39:28.660Z	DEBUG	replica=3	coded-hotterstuff/consensus.go:520	entered new view	{"CURRENT VIEW": 23, "view timeout": 2, "timedout": false}
2022-11-27T04:39:28.660Z	DEBUG	replica=3	coded-hotterstuff/consensus.go:535	replica is a leader for next view. collecting new-view messages	{"CURRENT VIEW": 23}
2022-11-27T04:39:28.660Z	DEBUG	replica=3	coded-hotterstuff/consensus.go:788	new block locked	{"CURRENT VIEW": 23, "view": 21, "hash": "0SZBQS4E4pFqiz2KHQNDBHMPXOkDtszRUc2EO9/2gmc="}
2022-11-27T04:39:28.660Z	INFO	replica=3	coded-hotterstuff/consensus.go:797	new block commited	{"CURRENT VIEW": 23, "view": 20, "hash": "Dba/D48qmB3vVH8kTd18xxswcR8z4rJnptAsC3sfvzQ="}
2022-11-27T04:39:28.661Z	DEBUG	replica=3	coded-hotterstuff/consensus.go:678	proposal is safe to vote on	{"CURRENT VIEW": 22, "msg": "proposal", "header view": 23, "prepare view": 21, "hash": "pmj4OJzIOBXqJKBq/WB/iFAMQJkaLhcosvbRgseJajI=", "parent": "7Bb+cvmJVOtnuxbz/jTx3aPFOlXYkwYfrDz8TccKono="}
2022-11-27T04:39:28.661Z	DEBUG	replica=3	coded-hotterstuff/consensus.go:758	Taking care of pending vote 23	{"CURRENT VIEW": 23}
2022-11-27T04:39:28.661Z	DEBUG	replica=3	coded-hotterstuff/consensus.go:965	received vote	{"CURRENT VIEW": 23, "msg": "vote", "voter": 2, "view": 23, "hash": "pmj4OJzIOBXqJKBq/WB/iFAMQJkaLhcosvbRgseJajI="}
2022-11-27T04:39:28.667Z	DEBUG	replica=3	coded-hotterstuff/consensus.go:965	received vote	{"CURRENT VIEW": 23, "msg": "vote", "voter": 3, "view": 23, "hash": "pmj4OJzIOBXqJKBq/WB/iFAMQJkaLhcosvbRgseJajI="}
Node  3 +1 block finalized at time:  2022-11-27 04:39:28.672258975 +0000 UTC m=+91.881683939
2022-11-27T04:39:29.109Z	DEBUG	replica=3	coded-hotterstuff/consensus.go:965	received vote	{"CURRENT VIEW": 23, "msg": "vote", "voter": 4, "view": 23, "hash": "pmj4OJzIOBXqJKBq/WB/iFAMQJkaLhcosvbRgseJajI="}
replica 3 is forwarding chunk to replica 0
replica 3 is forwarding chunk to replica 1
replica 3 is forwarding chunk to replica 4
replica 3 is forwarding chunk to replica 5
replica 3 is forwarding chunk to replica 6
2022-11-27T04:39:29.458Z	DEBUG	replica=3	coded-hotterstuff/consensus.go:965	received vote	{"CURRENT VIEW": 23, "msg": "vote", "voter": 0, "view": 23, "hash": "pmj4OJzIOBXqJKBq/WB/iFAMQJkaLhcosvbRgseJajI="}
2022-11-27T04:39:29.887Z	DEBUG	replica=3	coded-hotterstuff/consensus.go:965	received vote	{"CURRENT VIEW": 23, "msg": "vote", "voter": 6, "view": 23, "hash": "pmj4OJzIOBXqJKBq/WB/iFAMQJkaLhcosvbRgseJajI="}
2022-11-27T04:39:29.892Z	DEBUG	replica=3	coded-hotterstuff/consensus.go:809	new block certified	{"CURRENT VIEW": 23, "view": 23, "hash": "pmj4OJzIOBXqJKBq/WB/iFAMQJkaLhcosvbRgseJajI="}
2022-11-27T04:39:29.892Z	DEBUG	replica=3	coded-hotterstuff/consensus.go:520	entered new view	{"CURRENT VIEW": 24, "view timeout": 2, "timedout": false}
2022-11-27T04:39:29.892Z	DEBUG	replica=3	coded-hotterstuff/consensus.go:544	replica is a leader for this view. waiting for data	{"CURRENT VIEW": 24}
2022-11-27T04:39:29.892Z	DEBUG	replica=3	coded-hotterstuff/consensus.go:520	entered new view	{"CURRENT VIEW": 24, "view timeout": 2, "timedout": false}
2022-11-27T04:39:29.892Z	DEBUG	replica=3	coded-hotterstuff/consensus.go:544	replica is a leader for this view. waiting for data	{"CURRENT VIEW": 24}
2022-11-27T04:39:29.895Z	DEBUG	replica=3	coded-hotterstuff/consensus.go:238	sending proposal	{"CURRENT VIEW": 24, "hash": "gik/jtFw93imMquZfPKd+FqganPHYY5XCcGc1OKyfB0=", "parent": "pmj4OJzIOBXqJKBq/WB/iFAMQJkaLhcosvbRgseJajI=", "signer": 3}
2022-11-27T04:39:29.896Z	DEBUG	replica=3	coded-hotterstuff/consensus.go:576	received proposal	{"CURRENT VIEW": 24, "msg": "proposal", "header view": 24, "prepare view": 23, "hash": "gik/jtFw93imMquZfPKd+FqganPHYY5XCcGc1OKyfB0=", "parent": "pmj4OJzIOBXqJKBq/WB/iFAMQJkaLhcosvbRgseJajI="}
2022-11-27T04:39:29.904Z	DEBUG	replica=3	coded-hotterstuff/consensus.go:788	new block locked	{"CURRENT VIEW": 24, "view": 22, "hash": "7Bb+cvmJVOtnuxbz/jTx3aPFOlXYkwYfrDz8TccKono="}
2022-11-27T04:39:29.904Z	INFO	replica=3	coded-hotterstuff/consensus.go:797	new block commited	{"CURRENT VIEW": 24, "view": 21, "hash": "0SZBQS4E4pFqiz2KHQNDBHMPXOkDtszRUc2EO9/2gmc="}
2022-11-27T04:39:29.906Z	DEBUG	replica=3	coded-hotterstuff/consensus.go:678	proposal is safe to vote on	{"CURRENT VIEW": 24, "msg": "proposal", "header view": 24, "prepare view": 23, "hash": "gik/jtFw93imMquZfPKd+FqganPHYY5XCcGc1OKyfB0=", "parent": "pmj4OJzIOBXqJKBq/WB/iFAMQJkaLhcosvbRgseJajI="}
Node  3 +1 block finalized at time:  2022-11-27 04:39:29.908359867 +0000 UTC m=+93.117784832
Decoded original proposal, time: 2022-11-27 04:39:30.183953388 +0000 UTC m=+93.393378642 header hash: [166 104 248 56 156 200 56 21 234 36 160 106 253 96 127 136 80 12 64 153 26 46 23 40 178 246 209 130 199 137 106 50]
2022-11-27T04:39:30.184Z	DEBUG	replica=3	coded-hotterstuff/consensus.go:576	received proposal	{"CURRENT VIEW": 24, "msg": "proposal", "header view": 23, "prepare view": 23, "hash": "pmj4OJzIOBXqJKBq/WB/iFAMQJkaLhcosvbRgseJajI=", "parent": "7Bb+cvmJVOtnuxbz/jTx3aPFOlXYkwYfrDz8TccKono="}
2022-11-27T04:39:30.192Z	DEBUG	replica=3	coded-hotterstuff/consensus.go:667	proposal view doesn't match local view	{"CURRENT VIEW": 24, "msg": "proposal", "header view": 23, "prepare view": 23, "hash": "pmj4OJzIOBXqJKBq/WB/iFAMQJkaLhcosvbRgseJajI=", "parent": "7Bb+cvmJVOtnuxbz/jTx3aPFOlXYkwYfrDz8TccKono="}
2022-11-27T04:39:30.192Z	DEBUG	replica=3	coded-hotterstuff/consensus.go:965	received vote	{"CURRENT VIEW": 24, "msg": "vote", "voter": 5, "view": 24, "hash": "pmj4OJzIOBXqJKBq/WB/iFAMQJkaLhcosvbRgseJajI="}
2022-11-27T04:39:30.197Z	DEBUG	replica=3	coded-hotterstuff/consensus.go:520	entered new view	{"CURRENT VIEW": 24, "view timeout": 2, "timedout": false}
2022-11-27T04:39:30.197Z	DEBUG	replica=3	coded-hotterstuff/consensus.go:544	replica is a leader for this view. waiting for data	{"CURRENT VIEW": 24}
2022-11-27T04:39:30.200Z	DEBUG	replica=3	coded-hotterstuff/consensus.go:238	sending proposal	{"CURRENT VIEW": 24, "hash": "gik/jtFw93imMquZfPKd+FqganPHYY5XCcGc1OKyfB0=", "parent": "pmj4OJzIOBXqJKBq/WB/iFAMQJkaLhcosvbRgseJajI=", "signer": 3}
2022-11-27T04:39:30.201Z	DEBUG	replica=3	coded-hotterstuff/consensus.go:576	received proposal	{"CURRENT VIEW": 24, "msg": "proposal", "header view": 24, "prepare view": 23, "hash": "gik/jtFw93imMquZfPKd+FqganPHYY5XCcGc1OKyfB0=", "parent": "pmj4OJzIOBXqJKBq/WB/iFAMQJkaLhcosvbRgseJajI="}
replica 3 is forwarding chunk to replica 0
replica 3 is forwarding chunk to replica 1
replica 3 is forwarding chunk to replica 4
replica 3 is forwarding chunk to replica 5
replica 3 is forwarding chunk to replica 6
2022-11-27T04:39:30.644Z	DEBUG	replica=3	coded-hotterstuff/consensus.go:965	received vote	{"CURRENT VIEW": 24, "msg": "vote", "voter": 1, "view": 24, "hash": "pmj4OJzIOBXqJKBq/WB/iFAMQJkaLhcosvbRgseJajI="}
2022-11-27T04:39:30.649Z	DEBUG	replica=3	coded-hotterstuff/consensus.go:520	entered new view	{"CURRENT VIEW": 24, "view timeout": 2, "timedout": false}
2022-11-27T04:39:30.650Z	DEBUG	replica=3	coded-hotterstuff/consensus.go:544	replica is a leader for this view. waiting for data	{"CURRENT VIEW": 24}
2022-11-27T04:39:30.653Z	DEBUG	replica=3	coded-hotterstuff/consensus.go:238	sending proposal	{"CURRENT VIEW": 24, "hash": "gik/jtFw93imMquZfPKd+FqganPHYY5XCcGc1OKyfB0=", "parent": "pmj4OJzIOBXqJKBq/WB/iFAMQJkaLhcosvbRgseJajI=", "signer": 3}
2022-11-27T04:39:30.654Z	DEBUG	replica=3	coded-hotterstuff/consensus.go:576	received proposal	{"CURRENT VIEW": 24, "msg": "proposal", "header view": 24, "prepare view": 23, "hash": "gik/jtFw93imMquZfPKd+FqganPHYY5XCcGc1OKyfB0=", "parent": "pmj4OJzIOBXqJKBq/WB/iFAMQJkaLhcosvbRgseJajI="}
Decoded original proposal, time: 2022-11-27 04:39:30.830363808 +0000 UTC m=+94.039788821 header hash: [166 104 248 56 156 200 56 21 234 36 160 106 253 96 127 136 80 12 64 153 26 46 23 40 178 246 209 130 199 137 106 50]
2022-11-27T04:39:30.830Z	DEBUG	replica=3	coded-hotterstuff/consensus.go:576	received proposal	{"CURRENT VIEW": 24, "msg": "proposal", "header view": 23, "prepare view": 23, "hash": "pmj4OJzIOBXqJKBq/WB/iFAMQJkaLhcosvbRgseJajI=", "parent": "7Bb+cvmJVOtnuxbz/jTx3aPFOlXYkwYfrDz8TccKono="}
2022-11-27T04:39:30.838Z	DEBUG	replica=3	coded-hotterstuff/consensus.go:667	proposal view doesn't match local view	{"CURRENT VIEW": 24, "msg": "proposal", "header view": 23, "prepare view": 23, "hash": "pmj4OJzIOBXqJKBq/WB/iFAMQJkaLhcosvbRgseJajI=", "parent": "7Bb+cvmJVOtnuxbz/jTx3aPFOlXYkwYfrDz8TccKono="}
replica 3 is forwarding chunk to replica 0
replica 3 is forwarding chunk to replica 1
replica 3 is forwarding chunk to replica 2
replica 3 is forwarding chunk to replica 5
replica 3 is forwarding chunk to replica 6
Decoded original proposal, time: 2022-11-27 04:39:36.223737613 +0000 UTC m=+99.433162578 header hash: [82 12 33 240 93 197 165 1 94 69 38 44 114 111 131 23 13 53 141 22 127 230 180 195 211 17 240 209 42 66 163 191]
2022-11-27T04:39:36.223Z	DEBUG	replica=3	coded-hotterstuff/consensus.go:576	received proposal	{"CURRENT VIEW": 24, "msg": "proposal", "header view": 25, "prepare view": 23, "hash": "Ugwh8F3FpQFeRSYscm+DFw01jRZ/5rTD0xHw0SpCo78=", "parent": "gik/jtFw93imMquZfPKd+FqganPHYY5XCcGc1OKyfB0="}
2022-11-27T04:39:36.231Z	DEBUG	replica=3	coded-hotterstuff/consensus.go:809	new block certified	{"CURRENT VIEW": 24, "view": 24, "hash": "gik/jtFw93imMquZfPKd+FqganPHYY5XCcGc1OKyfB0="}
2022-11-27T04:39:36.231Z	DEBUG	replica=3	coded-hotterstuff/consensus.go:520	entered new view	{"CURRENT VIEW": 25, "view timeout": 2, "timedout": false}
2022-11-27T04:39:36.231Z	DEBUG	replica=3	coded-hotterstuff/consensus.go:788	new block locked	{"CURRENT VIEW": 25, "view": 23, "hash": "pmj4OJzIOBXqJKBq/WB/iFAMQJkaLhcosvbRgseJajI="}
2022-11-27T04:39:36.231Z	INFO	replica=3	coded-hotterstuff/consensus.go:797	new block commited	{"CURRENT VIEW": 25, "view": 22, "hash": "7Bb+cvmJVOtnuxbz/jTx3aPFOlXYkwYfrDz8TccKono="}
2022-11-27T04:39:36.232Z	DEBUG	replica=3	coded-hotterstuff/consensus.go:678	proposal is safe to vote on	{"CURRENT VIEW": 24, "msg": "proposal", "header view": 25, "prepare view": 23, "hash": "Ugwh8F3FpQFeRSYscm+DFw01jRZ/5rTD0xHw0SpCo78=", "parent": "gik/jtFw93imMquZfPKd+FqganPHYY5XCcGc1OKyfB0="}
Node  3 +1 block finalized at time:  2022-11-27 04:39:36.234796074 +0000 UTC m=+99.444221042
replica 3 is forwarding chunk to replica 0
replica 3 is forwarding chunk to replica 1
replica 3 is forwarding chunk to replica 2
replica 3 is forwarding chunk to replica 5
replica 3 is forwarding chunk to replica 6
replica 3 is forwarding chunk to replica 0
replica 3 is forwarding chunk to replica 1
replica 3 is forwarding chunk to replica 2
replica 3 is forwarding chunk to replica 4
replica 3 is forwarding chunk to replica 6
Decoded original proposal, time: 2022-11-27 04:39:38.610068943 +0000 UTC m=+101.819493968 header hash: [82 12 33 240 93 197 165 1 94 69 38 44 114 111 131 23 13 53 141 22 127 230 180 195 211 17 240 209 42 66 163 191]
2022-11-27T04:39:38.610Z	DEBUG	replica=3	coded-hotterstuff/consensus.go:576	received proposal	{"CURRENT VIEW": 25, "msg": "proposal", "header view": 25, "prepare view": 24, "hash": "Ugwh8F3FpQFeRSYscm+DFw01jRZ/5rTD0xHw0SpCo78=", "parent": "gik/jtFw93imMquZfPKd+FqganPHYY5XCcGc1OKyfB0="}
replica 3 is forwarding chunk to replica 0
replica 3 is forwarding chunk to replica 1
replica 3 is forwarding chunk to replica 2
replica 3 is forwarding chunk to replica 5
replica 3 is forwarding chunk to replica 6
replica 3 is forwarding chunk to replica 0
replica 3 is forwarding chunk to replica 1
replica 3 is forwarding chunk to replica 2
replica 3 is forwarding chunk to replica 4
replica 3 is forwarding chunk to replica 6
Decoded original proposal, time: 2022-11-27 04:39:39.600790906 +0000 UTC m=+102.810215923 header hash: [82 12 33 240 93 197 165 1 94 69 38 44 114 111 131 23 13 53 141 22 127 230 180 195 211 17 240 209 42 66 163 191]
2022-11-27T04:39:39.600Z	DEBUG	replica=3	coded-hotterstuff/consensus.go:576	received proposal	{"CURRENT VIEW": 25, "msg": "proposal", "header view": 25, "prepare view": 24, "hash": "Ugwh8F3FpQFeRSYscm+DFw01jRZ/5rTD0xHw0SpCo78=", "parent": "gik/jtFw93imMquZfPKd+FqganPHYY5XCcGc1OKyfB0="}
replica 3 is forwarding chunk to replica 0
replica 3 is forwarding chunk to replica 1
replica 3 is forwarding chunk to replica 2
replica 3 is forwarding chunk to replica 4
replica 3 is forwarding chunk to replica 6
Decoded original proposal, time: 2022-11-27 04:39:40.765498933 +0000 UTC m=+103.974923949 header hash: [4 92 222 242 88 244 7 42 136 122 14 69 49 227 58 66 22 66 11 141 253 91 119 103 62 24 21 53 219 2 9 239]
2022-11-27T04:39:40.765Z	DEBUG	replica=3	coded-hotterstuff/consensus.go:576	received proposal	{"CURRENT VIEW": 25, "msg": "proposal", "header view": 26, "prepare view": 24, "hash": "BFze8lj0ByqIeg5FMeM6QhZCC439W3dnPhgVNdsCCe8=", "parent": "Ugwh8F3FpQFeRSYscm+DFw01jRZ/5rTD0xHw0SpCo78="}
2022-11-27T04:39:40.772Z	DEBUG	replica=3	coded-hotterstuff/consensus.go:809	new block certified	{"CURRENT VIEW": 25, "view": 25, "hash": "Ugwh8F3FpQFeRSYscm+DFw01jRZ/5rTD0xHw0SpCo78="}
2022-11-27T04:39:40.772Z	DEBUG	replica=3	coded-hotterstuff/consensus.go:520	entered new view	{"CURRENT VIEW": 26, "view timeout": 2, "timedout": false}
2022-11-27T04:39:40.772Z	DEBUG	replica=3	coded-hotterstuff/consensus.go:788	new block locked	{"CURRENT VIEW": 26, "view": 24, "hash": "gik/jtFw93imMquZfPKd+FqganPHYY5XCcGc1OKyfB0="}
2022-11-27T04:39:40.772Z	INFO	replica=3	coded-hotterstuff/consensus.go:797	new block commited	{"CURRENT VIEW": 26, "view": 23, "hash": "pmj4OJzIOBXqJKBq/WB/iFAMQJkaLhcosvbRgseJajI="}
2022-11-27T04:39:40.774Z	DEBUG	replica=3	coded-hotterstuff/consensus.go:678	proposal is safe to vote on	{"CURRENT VIEW": 25, "msg": "proposal", "header view": 26, "prepare view": 24, "hash": "BFze8lj0ByqIeg5FMeM6QhZCC439W3dnPhgVNdsCCe8=", "parent": "Ugwh8F3FpQFeRSYscm+DFw01jRZ/5rTD0xHw0SpCo78="}
Node  3 +1 block finalized at time:  2022-11-27 04:39:40.777960223 +0000 UTC m=+103.987385194
Decoded original proposal, time: 2022-11-27 04:39:41.985913379 +0000 UTC m=+105.195338393 header hash: [4 92 222 242 88 244 7 42 136 122 14 69 49 227 58 66 22 66 11 141 253 91 119 103 62 24 21 53 219 2 9 239]
2022-11-27T04:39:41.985Z	DEBUG	replica=3	coded-hotterstuff/consensus.go:576	received proposal	{"CURRENT VIEW": 26, "msg": "proposal", "header view": 26, "prepare view": 25, "hash": "BFze8lj0ByqIeg5FMeM6QhZCC439W3dnPhgVNdsCCe8=", "parent": "Ugwh8F3FpQFeRSYscm+DFw01jRZ/5rTD0xHw0SpCo78="}
Decoded original proposal, time: 2022-11-27 04:39:43.052135585 +0000 UTC m=+106.261560607 header hash: [4 92 222 242 88 244 7 42 136 122 14 69 49 227 58 66 22 66 11 141 253 91 119 103 62 24 21 53 219 2 9 239]
2022-11-27T04:39:43.052Z	DEBUG	replica=3	coded-hotterstuff/consensus.go:576	received proposal	{"CURRENT VIEW": 26, "msg": "proposal", "header view": 26, "prepare view": 25, "hash": "BFze8lj0ByqIeg5FMeM6QhZCC439W3dnPhgVNdsCCe8=", "parent": "Ugwh8F3FpQFeRSYscm+DFw01jRZ/5rTD0xHw0SpCo78="}
