Node index: 0
[10.0.1.0:9000 10.0.1.2:9001 10.0.1.4:9002 10.0.1.6:9003 10.0.1.8:9004 10.0.1.10:9005 10.0.1.12:9006]
2022-11-27T04:37:56.885Z	DEBUG	replica=0	coded-hotterstuff/consensus.go:520	entered new view	{"CURRENT VIEW": 1, "view timeout": 2, "timedout": false}
connection established 0 - 3
Node  0 -->  Listening for messages... 
connection established 0 - 4
connection established 0 - 2
Node  0 -->  Listening for messages... 
Node  0 -->  Listening for messages... 
connection established 0 - 6
Node  0 -->  Listening for messages... 
connection established 0 - 5
Node  0 -->  Listening for messages... 
connection established 0 - 1
Node  0 -->  Listening for messages... 
replica 0 is forwarding chunk to replica 2
replica 0 is forwarding chunk to replica 3
replica 0 is forwarding chunk to replica 4
replica 0 is forwarding chunk to replica 5
replica 0 is forwarding chunk to replica 6
Decoded original proposal, time: 2022-11-27 04:37:59.486742419 +0000 UTC m=+2.704204516 header hash: [72 160 180 233 149 231 108 139 103 97 149 83 197 114 214 128 107 110 76 231 61 205 42 18 190 82 86 133 4 78 235 255]
2022-11-27T04:37:59.486Z	DEBUG	replica=0	coded-hotterstuff/consensus.go:576	received proposal	{"CURRENT VIEW": 1, "msg": "proposal", "header view": 1, "prepare view": 0, "hash": "SKC06ZXnbItnYZVTxXLWgGtuTOc9zSoSvlJWhQRO6/8=", "parent": "GZWDhiYW+ib6TpJWRLDOftUd8y8ovAaEerQWDbefS7c="}
2022-11-27T04:37:59.494Z	DEBUG	replica=0	coded-hotterstuff/consensus.go:777	could not find gparent header	{"CURRENT VIEW": 1, "view": 0, "hash": "GZWDhiYW+ib6TpJWRLDOftUd8y8ovAaEerQWDbefS7c="}
2022-11-27T04:37:59.497Z	DEBUG	replica=0	coded-hotterstuff/consensus.go:678	proposal is safe to vote on	{"CURRENT VIEW": 1, "msg": "proposal", "header view": 1, "prepare view": 0, "hash": "SKC06ZXnbItnYZVTxXLWgGtuTOc9zSoSvlJWhQRO6/8=", "parent": "GZWDhiYW+ib6TpJWRLDOftUd8y8ovAaEerQWDbefS7c="}
replica 0 is forwarding chunk to replica 1
replica 0 is forwarding chunk to replica 3
replica 0 is forwarding chunk to replica 4
replica 0 is forwarding chunk to replica 5
replica 0 is forwarding chunk to replica 6
Decoded original proposal, time: 2022-11-27 04:38:02.088661254 +0000 UTC m=+5.306123347 header hash: [112 240 93 77 174 234 64 155 158 20 106 227 158 234 134 149 230 112 20 24 127 150 17 128 149 69 129 124 42 247 80 171]
2022-11-27T04:38:02.088Z	DEBUG	replica=0	coded-hotterstuff/consensus.go:576	received proposal	{"CURRENT VIEW": 1, "msg": "proposal", "header view": 2, "prepare view": 0, "hash": "cPBdTa7qQJueFGrjnuqGleZwFBh/lhGAlUWBfCr3UKs=", "parent": "SKC06ZXnbItnYZVTxXLWgGtuTOc9zSoSvlJWhQRO6/8="}
2022-11-27T04:38:02.096Z	DEBUG	replica=0	coded-hotterstuff/consensus.go:809	new block certified	{"CURRENT VIEW": 1, "view": 1, "hash": "SKC06ZXnbItnYZVTxXLWgGtuTOc9zSoSvlJWhQRO6/8="}
2022-11-27T04:38:02.096Z	DEBUG	replica=0	coded-hotterstuff/consensus.go:520	entered new view	{"CURRENT VIEW": 2, "view timeout": 2, "timedout": false}
2022-11-27T04:38:02.096Z	DEBUG	replica=0	coded-hotterstuff/consensus.go:782	could not find ggparent header	{"CURRENT VIEW": 2, "view": 0, "hash": "GZWDhiYW+ib6TpJWRLDOftUd8y8ovAaEerQWDbefS7c="}
2022-11-27T04:38:02.098Z	DEBUG	replica=0	coded-hotterstuff/consensus.go:678	proposal is safe to vote on	{"CURRENT VIEW": 1, "msg": "proposal", "header view": 2, "prepare view": 0, "hash": "cPBdTa7qQJueFGrjnuqGleZwFBh/lhGAlUWBfCr3UKs=", "parent": "SKC06ZXnbItnYZVTxXLWgGtuTOc9zSoSvlJWhQRO6/8="}
replica 0 is forwarding chunk to replica 1
replica 0 is forwarding chunk to replica 3
replica 0 is forwarding chunk to replica 4
replica 0 is forwarding chunk to replica 5
replica 0 is forwarding chunk to replica 6
Decoded original proposal, time: 2022-11-27 04:38:03.302112211 +0000 UTC m=+6.519574597 header hash: [112 240 93 77 174 234 64 155 158 20 106 227 158 234 134 149 230 112 20 24 127 150 17 128 149 69 129 124 42 247 80 171]
2022-11-27T04:38:03.302Z	DEBUG	replica=0	coded-hotterstuff/consensus.go:576	received proposal	{"CURRENT VIEW": 2, "msg": "proposal", "header view": 2, "prepare view": 1, "hash": "cPBdTa7qQJueFGrjnuqGleZwFBh/lhGAlUWBfCr3UKs=", "parent": "SKC06ZXnbItnYZVTxXLWgGtuTOc9zSoSvlJWhQRO6/8="}
2022-11-27T04:38:03.309Z	DEBUG	replica=0	coded-hotterstuff/consensus.go:782	could not find ggparent header	{"CURRENT VIEW": 2, "view": 0, "hash": "GZWDhiYW+ib6TpJWRLDOftUd8y8ovAaEerQWDbefS7c="}
replica 0 is forwarding chunk to replica 1
replica 0 is forwarding chunk to replica 2
replica 0 is forwarding chunk to replica 4
replica 0 is forwarding chunk to replica 5
replica 0 is forwarding chunk to replica 6
Decoded original proposal, time: 2022-11-27 04:38:06.075179622 +0000 UTC m=+9.292641716 header hash: [112 177 115 22 63 1 229 2 188 132 41 134 91 243 148 216 155 140 26 48 57 5 100 136 252 109 95 105 67 73 234 227]
2022-11-27T04:38:06.075Z	DEBUG	replica=0	coded-hotterstuff/consensus.go:576	received proposal	{"CURRENT VIEW": 2, "msg": "proposal", "header view": 3, "prepare view": 1, "hash": "cLFzFj8B5QK8hCmGW/OU2JuMGjA5BWSI/G1faUNJ6uM=", "parent": "cPBdTa7qQJueFGrjnuqGleZwFBh/lhGAlUWBfCr3UKs="}
2022-11-27T04:38:06.083Z	DEBUG	replica=0	coded-hotterstuff/consensus.go:809	new block certified	{"CURRENT VIEW": 2, "view": 2, "hash": "cPBdTa7qQJueFGrjnuqGleZwFBh/lhGAlUWBfCr3UKs="}
2022-11-27T04:38:06.083Z	DEBUG	replica=0	coded-hotterstuff/consensus.go:520	entered new view	{"CURRENT VIEW": 3, "view timeout": 2, "timedout": false}
2022-11-27T04:38:06.083Z	DEBUG	replica=0	coded-hotterstuff/consensus.go:788	new block locked	{"CURRENT VIEW": 3, "view": 1, "hash": "SKC06ZXnbItnYZVTxXLWgGtuTOc9zSoSvlJWhQRO6/8="}
2022-11-27T04:38:06.084Z	DEBUG	replica=0	coded-hotterstuff/consensus.go:678	proposal is safe to vote on	{"CURRENT VIEW": 2, "msg": "proposal", "header view": 3, "prepare view": 1, "hash": "cLFzFj8B5QK8hCmGW/OU2JuMGjA5BWSI/G1faUNJ6uM=", "parent": "cPBdTa7qQJueFGrjnuqGleZwFBh/lhGAlUWBfCr3UKs="}
replica 0 is forwarding chunk to replica 1
replica 0 is forwarding chunk to replica 2
replica 0 is forwarding chunk to replica 4
replica 0 is forwarding chunk to replica 5
replica 0 is forwarding chunk to replica 6
Decoded original proposal, time: 2022-11-27 04:38:07.409187124 +0000 UTC m=+10.626649217 header hash: [112 177 115 22 63 1 229 2 188 132 41 134 91 243 148 216 155 140 26 48 57 5 100 136 252 109 95 105 67 73 234 227]
2022-11-27T04:38:07.409Z	DEBUG	replica=0	coded-hotterstuff/consensus.go:576	received proposal	{"CURRENT VIEW": 3, "msg": "proposal", "header view": 3, "prepare view": 2, "hash": "cLFzFj8B5QK8hCmGW/OU2JuMGjA5BWSI/G1faUNJ6uM=", "parent": "cPBdTa7qQJueFGrjnuqGleZwFBh/lhGAlUWBfCr3UKs="}
replica 0 is forwarding chunk to replica 1
replica 0 is forwarding chunk to replica 2
replica 0 is forwarding chunk to replica 4
replica 0 is forwarding chunk to replica 5
replica 0 is forwarding chunk to replica 6
Decoded original proposal, time: 2022-11-27 04:38:08.399154694 +0000 UTC m=+11.616616842 header hash: [112 177 115 22 63 1 229 2 188 132 41 134 91 243 148 216 155 140 26 48 57 5 100 136 252 109 95 105 67 73 234 227]
2022-11-27T04:38:08.399Z	DEBUG	replica=0	coded-hotterstuff/consensus.go:576	received proposal	{"CURRENT VIEW": 3, "msg": "proposal", "header view": 3, "prepare view": 2, "hash": "cLFzFj8B5QK8hCmGW/OU2JuMGjA5BWSI/G1faUNJ6uM=", "parent": "cPBdTa7qQJueFGrjnuqGleZwFBh/lhGAlUWBfCr3UKs="}
replica 0 is forwarding chunk to replica 1
replica 0 is forwarding chunk to replica 2
replica 0 is forwarding chunk to replica 3
replica 0 is forwarding chunk to replica 5
replica 0 is forwarding chunk to replica 6
Decoded original proposal, time: 2022-11-27 04:38:09.997643797 +0000 UTC m=+13.215105939 header hash: [241 106 152 62 46 209 156 146 237 16 116 52 193 237 0 80 85 192 166 182 15 238 2 99 236 42 182 26 232 130 25 190]
2022-11-27T04:38:09.997Z	DEBUG	replica=0	coded-hotterstuff/consensus.go:576	received proposal	{"CURRENT VIEW": 3, "msg": "proposal", "header view": 4, "prepare view": 2, "hash": "8WqYPi7RnJLtEHQ0we0AUFXAprYP7gJj7Cq2GuiCGb4=", "parent": "cLFzFj8B5QK8hCmGW/OU2JuMGjA5BWSI/G1faUNJ6uM="}
2022-11-27T04:38:10.006Z	DEBUG	replica=0	coded-hotterstuff/consensus.go:809	new block certified	{"CURRENT VIEW": 3, "view": 3, "hash": "cLFzFj8B5QK8hCmGW/OU2JuMGjA5BWSI/G1faUNJ6uM="}
2022-11-27T04:38:10.006Z	DEBUG	replica=0	coded-hotterstuff/consensus.go:520	entered new view	{"CURRENT VIEW": 4, "view timeout": 2, "timedout": false}
2022-11-27T04:38:10.006Z	DEBUG	replica=0	coded-hotterstuff/consensus.go:788	new block locked	{"CURRENT VIEW": 4, "view": 2, "hash": "cPBdTa7qQJueFGrjnuqGleZwFBh/lhGAlUWBfCr3UKs="}
2022-11-27T04:38:10.006Z	INFO	replica=0	coded-hotterstuff/consensus.go:797	new block commited	{"CURRENT VIEW": 4, "view": 1, "hash": "SKC06ZXnbItnYZVTxXLWgGtuTOc9zSoSvlJWhQRO6/8="}
2022-11-27T04:38:10.008Z	DEBUG	replica=0	coded-hotterstuff/consensus.go:678	proposal is safe to vote on	{"CURRENT VIEW": 3, "msg": "proposal", "header view": 4, "prepare view": 2, "hash": "8WqYPi7RnJLtEHQ0we0AUFXAprYP7gJj7Cq2GuiCGb4=", "parent": "cLFzFj8B5QK8hCmGW/OU2JuMGjA5BWSI/G1faUNJ6uM="}
Node  0 +1 block finalized at time:  2022-11-27 04:38:10.010816842 +0000 UTC m=+13.228278926
replica 0 is forwarding chunk to replica 1
replica 0 is forwarding chunk to replica 2
replica 0 is forwarding chunk to replica 3
replica 0 is forwarding chunk to replica 4
replica 0 is forwarding chunk to replica 6
replica 0 is forwarding chunk to replica 1
replica 0 is forwarding chunk to replica 2
replica 0 is forwarding chunk to replica 3
replica 0 is forwarding chunk to replica 5
replica 0 is forwarding chunk to replica 6
Decoded original proposal, time: 2022-11-27 04:38:12.028210006 +0000 UTC m=+15.245672108 header hash: [241 106 152 62 46 209 156 146 237 16 116 52 193 237 0 80 85 192 166 182 15 238 2 99 236 42 182 26 232 130 25 190]
2022-11-27T04:38:12.028Z	DEBUG	replica=0	coded-hotterstuff/consensus.go:576	received proposal	{"CURRENT VIEW": 4, "msg": "proposal", "header view": 4, "prepare view": 3, "hash": "8WqYPi7RnJLtEHQ0we0AUFXAprYP7gJj7Cq2GuiCGb4=", "parent": "cLFzFj8B5QK8hCmGW/OU2JuMGjA5BWSI/G1faUNJ6uM="}
replica 0 is forwarding chunk to replica 1
replica 0 is forwarding chunk to replica 2
replica 0 is forwarding chunk to replica 3
replica 0 is forwarding chunk to replica 4
replica 0 is forwarding chunk to replica 6
replica 0 is forwarding chunk to replica 1
replica 0 is forwarding chunk to replica 2
replica 0 is forwarding chunk to replica 3
replica 0 is forwarding chunk to replica 5
replica 0 is forwarding chunk to replica 6
Decoded original proposal, time: 2022-11-27 04:38:13.26232106 +0000 UTC m=+16.479783201 header hash: [142 10 227 234 199 14 168 203 47 218 211 136 230 41 94 109 68 52 16 5 27 142 16 70 5 23 250 1 182 25 221 148]
2022-11-27T04:38:13.262Z	DEBUG	replica=0	coded-hotterstuff/consensus.go:576	received proposal	{"CURRENT VIEW": 4, "msg": "proposal", "header view": 5, "prepare view": 3, "hash": "jgrj6scOqMsv2tOI5ilebUQ0EAUbjhBGBRf6AbYZ3ZQ=", "parent": "8WqYPi7RnJLtEHQ0we0AUFXAprYP7gJj7Cq2GuiCGb4="}
2022-11-27T04:38:13.270Z	DEBUG	replica=0	coded-hotterstuff/consensus.go:809	new block certified	{"CURRENT VIEW": 4, "view": 4, "hash": "8WqYPi7RnJLtEHQ0we0AUFXAprYP7gJj7Cq2GuiCGb4="}
2022-11-27T04:38:13.270Z	DEBUG	replica=0	coded-hotterstuff/consensus.go:520	entered new view	{"CURRENT VIEW": 5, "view timeout": 2, "timedout": false}
2022-11-27T04:38:13.270Z	DEBUG	replica=0	coded-hotterstuff/consensus.go:788	new block locked	{"CURRENT VIEW": 5, "view": 3, "hash": "cLFzFj8B5QK8hCmGW/OU2JuMGjA5BWSI/G1faUNJ6uM="}
2022-11-27T04:38:13.270Z	INFO	replica=0	coded-hotterstuff/consensus.go:797	new block commited	{"CURRENT VIEW": 5, "view": 2, "hash": "cPBdTa7qQJueFGrjnuqGleZwFBh/lhGAlUWBfCr3UKs="}
2022-11-27T04:38:13.274Z	DEBUG	replica=0	coded-hotterstuff/consensus.go:678	proposal is safe to vote on	{"CURRENT VIEW": 4, "msg": "proposal", "header view": 5, "prepare view": 3, "hash": "jgrj6scOqMsv2tOI5ilebUQ0EAUbjhBGBRf6AbYZ3ZQ=", "parent": "8WqYPi7RnJLtEHQ0we0AUFXAprYP7gJj7Cq2GuiCGb4="}
Node  0 +1 block finalized at time:  2022-11-27 04:38:13.276747369 +0000 UTC m=+16.494209453
replica 0 is forwarding chunk to replica 1
replica 0 is forwarding chunk to replica 2
replica 0 is forwarding chunk to replica 3
replica 0 is forwarding chunk to replica 4
replica 0 is forwarding chunk to replica 6
Decoded original proposal, time: 2022-11-27 04:38:14.485873011 +0000 UTC m=+17.703335154 header hash: [241 106 152 62 46 209 156 146 237 16 116 52 193 237 0 80 85 192 166 182 15 238 2 99 236 42 182 26 232 130 25 190]
2022-11-27T04:38:14.485Z	DEBUG	replica=0	coded-hotterstuff/consensus.go:576	received proposal	{"CURRENT VIEW": 5, "msg": "proposal", "header view": 4, "prepare view": 4, "hash": "8WqYPi7RnJLtEHQ0we0AUFXAprYP7gJj7Cq2GuiCGb4=", "parent": "cLFzFj8B5QK8hCmGW/OU2JuMGjA5BWSI/G1faUNJ6uM="}
2022-11-27T04:38:14.495Z	DEBUG	replica=0	coded-hotterstuff/consensus.go:667	proposal view doesn't match local view	{"CURRENT VIEW": 5, "msg": "proposal", "header view": 4, "prepare view": 4, "hash": "8WqYPi7RnJLtEHQ0we0AUFXAprYP7gJj7Cq2GuiCGb4=", "parent": "cLFzFj8B5QK8hCmGW/OU2JuMGjA5BWSI/G1faUNJ6uM="}
Decoded original proposal, time: 2022-11-27 04:38:15.155045759 +0000 UTC m=+18.372507898 header hash: [142 10 227 234 199 14 168 203 47 218 211 136 230 41 94 109 68 52 16 5 27 142 16 70 5 23 250 1 182 25 221 148]
2022-11-27T04:38:15.155Z	DEBUG	replica=0	coded-hotterstuff/consensus.go:576	received proposal	{"CURRENT VIEW": 5, "msg": "proposal", "header view": 5, "prepare view": 4, "hash": "jgrj6scOqMsv2tOI5ilebUQ0EAUbjhBGBRf6AbYZ3ZQ=", "parent": "8WqYPi7RnJLtEHQ0we0AUFXAprYP7gJj7Cq2GuiCGb4="}
Decoded original proposal, time: 2022-11-27 04:38:16.425762091 +0000 UTC m=+19.643224239 header hash: [142 10 227 234 199 14 168 203 47 218 211 136 230 41 94 109 68 52 16 5 27 142 16 70 5 23 250 1 182 25 221 148]
2022-11-27T04:38:16.425Z	DEBUG	replica=0	coded-hotterstuff/consensus.go:576	received proposal	{"CURRENT VIEW": 5, "msg": "proposal", "header view": 5, "prepare view": 4, "hash": "jgrj6scOqMsv2tOI5ilebUQ0EAUbjhBGBRf6AbYZ3ZQ=", "parent": "8WqYPi7RnJLtEHQ0we0AUFXAprYP7gJj7Cq2GuiCGb4="}
replica 0 is forwarding chunk to replica 1
replica 0 is forwarding chunk to replica 2
replica 0 is forwarding chunk to replica 3
replica 0 is forwarding chunk to replica 4
replica 0 is forwarding chunk to replica 5
2022-11-27T04:38:16.653Z	DEBUG	replica=0	coded-hotterstuff/consensus.go:965	received vote	{"CURRENT VIEW": 5, "msg": "vote", "voter": 6, "view": 5, "hash": "kFp8+So3McG2yp/crA+UXLJ7e1+L/NadJHrbEZU+si4="}
Node  0  received vote before proposal, saving vote in pending votes, hash is  [144 90 124 249 42 55 49 193 182 202 159 220 172 15 148 92 178 123 123 95 139 252 214 157 36 122 219 17 149 62 178 46]  and string is,  6
2022-11-27T04:38:16.653Z	DEBUG	replica=0	coded-hotterstuff/consensus.go:970	Received vote before proposal, key is, 6	{"CURRENT VIEW": 5}
2022-11-27T04:38:17.868Z	DEBUG	replica=0	coded-hotterstuff/consensus.go:965	received vote	{"CURRENT VIEW": 5, "msg": "vote", "voter": 5, "view": 5, "hash": "kFp8+So3McG2yp/crA+UXLJ7e1+L/NadJHrbEZU+si4="}
Decoded original proposal, time: 2022-11-27 04:38:18.139245253 +0000 UTC m=+21.356707393 header hash: [144 90 124 249 42 55 49 193 182 202 159 220 172 15 148 92 178 123 123 95 139 252 214 157 36 122 219 17 149 62 178 46]
2022-11-27T04:38:18.139Z	DEBUG	replica=0	coded-hotterstuff/consensus.go:576	received proposal	{"CURRENT VIEW": 5, "msg": "proposal", "header view": 6, "prepare view": 4, "hash": "kFp8+So3McG2yp/crA+UXLJ7e1+L/NadJHrbEZU+si4=", "parent": "jgrj6scOqMsv2tOI5ilebUQ0EAUbjhBGBRf6AbYZ3ZQ="}
2022-11-27T04:38:18.147Z	DEBUG	replica=0	coded-hotterstuff/consensus.go:809	new block certified	{"CURRENT VIEW": 5, "view": 5, "hash": "jgrj6scOqMsv2tOI5ilebUQ0EAUbjhBGBRf6AbYZ3ZQ="}
2022-11-27T04:38:18.147Z	DEBUG	replica=0	coded-hotterstuff/consensus.go:520	entered new view	{"CURRENT VIEW": 6, "view timeout": 2, "timedout": false}
2022-11-27T04:38:18.147Z	DEBUG	replica=0	coded-hotterstuff/consensus.go:535	replica is a leader for next view. collecting new-view messages	{"CURRENT VIEW": 6}
2022-11-27T04:38:18.147Z	DEBUG	replica=0	coded-hotterstuff/consensus.go:788	new block locked	{"CURRENT VIEW": 6, "view": 4, "hash": "8WqYPi7RnJLtEHQ0we0AUFXAprYP7gJj7Cq2GuiCGb4="}
2022-11-27T04:38:18.147Z	INFO	replica=0	coded-hotterstuff/consensus.go:797	new block commited	{"CURRENT VIEW": 6, "view": 3, "hash": "cLFzFj8B5QK8hCmGW/OU2JuMGjA5BWSI/G1faUNJ6uM="}
2022-11-27T04:38:18.148Z	DEBUG	replica=0	coded-hotterstuff/consensus.go:678	proposal is safe to vote on	{"CURRENT VIEW": 5, "msg": "proposal", "header view": 6, "prepare view": 4, "hash": "kFp8+So3McG2yp/crA+UXLJ7e1+L/NadJHrbEZU+si4=", "parent": "jgrj6scOqMsv2tOI5ilebUQ0EAUbjhBGBRf6AbYZ3ZQ="}
2022-11-27T04:38:18.148Z	DEBUG	replica=0	coded-hotterstuff/consensus.go:758	Taking care of pending vote 6	{"CURRENT VIEW": 6}
2022-11-27T04:38:18.148Z	DEBUG	replica=0	coded-hotterstuff/consensus.go:965	received vote	{"CURRENT VIEW": 6, "msg": "vote", "voter": 6, "view": 6, "hash": "kFp8+So3McG2yp/crA+UXLJ7e1+L/NadJHrbEZU+si4="}
2022-11-27T04:38:18.152Z	DEBUG	replica=0	coded-hotterstuff/consensus.go:758	Taking care of pending vote 6	{"CURRENT VIEW": 6}
2022-11-27T04:38:18.152Z	DEBUG	replica=0	coded-hotterstuff/consensus.go:965	received vote	{"CURRENT VIEW": 6, "msg": "vote", "voter": 5, "view": 6, "hash": "kFp8+So3McG2yp/crA+UXLJ7e1+L/NadJHrbEZU+si4="}
2022-11-27T04:38:18.160Z	DEBUG	replica=0	coded-hotterstuff/consensus.go:965	received vote	{"CURRENT VIEW": 6, "msg": "vote", "voter": 0, "view": 6, "hash": "kFp8+So3McG2yp/crA+UXLJ7e1+L/NadJHrbEZU+si4="}
Node  0 +1 block finalized at time:  2022-11-27 04:38:18.165781283 +0000 UTC m=+21.383243371
2022-11-27T04:38:18.577Z	DEBUG	replica=0	coded-hotterstuff/consensus.go:965	received vote	{"CURRENT VIEW": 6, "msg": "vote", "voter": 1, "view": 6, "hash": "kFp8+So3McG2yp/crA+UXLJ7e1+L/NadJHrbEZU+si4="}
2022-11-27T04:38:18.857Z	DEBUG	replica=0	coded-hotterstuff/consensus.go:965	received vote	{"CURRENT VIEW": 6, "msg": "vote", "voter": 4, "view": 6, "hash": "kFp8+So3McG2yp/crA+UXLJ7e1+L/NadJHrbEZU+si4="}
2022-11-27T04:38:18.863Z	DEBUG	replica=0	coded-hotterstuff/consensus.go:809	new block certified	{"CURRENT VIEW": 6, "view": 6, "hash": "kFp8+So3McG2yp/crA+UXLJ7e1+L/NadJHrbEZU+si4="}
2022-11-27T04:38:18.863Z	DEBUG	replica=0	coded-hotterstuff/consensus.go:520	entered new view	{"CURRENT VIEW": 7, "view timeout": 2, "timedout": false}
2022-11-27T04:38:18.863Z	DEBUG	replica=0	coded-hotterstuff/consensus.go:544	replica is a leader for this view. waiting for data	{"CURRENT VIEW": 7}
2022-11-27T04:38:18.863Z	DEBUG	replica=0	coded-hotterstuff/consensus.go:520	entered new view	{"CURRENT VIEW": 7, "view timeout": 2, "timedout": false}
2022-11-27T04:38:18.863Z	DEBUG	replica=0	coded-hotterstuff/consensus.go:544	replica is a leader for this view. waiting for data	{"CURRENT VIEW": 7}
2022-11-27T04:38:18.866Z	DEBUG	replica=0	coded-hotterstuff/consensus.go:238	sending proposal	{"CURRENT VIEW": 7, "hash": "UrpGBauqox/y7djWW1+uYAk4lnjGCoti5rxDg06dPA8=", "parent": "kFp8+So3McG2yp/crA+UXLJ7e1+L/NadJHrbEZU+si4=", "signer": 0}
2022-11-27T04:38:18.869Z	DEBUG	replica=0	coded-hotterstuff/consensus.go:576	received proposal	{"CURRENT VIEW": 7, "msg": "proposal", "header view": 7, "prepare view": 6, "hash": "UrpGBauqox/y7djWW1+uYAk4lnjGCoti5rxDg06dPA8=", "parent": "kFp8+So3McG2yp/crA+UXLJ7e1+L/NadJHrbEZU+si4="}
2022-11-27T04:38:18.876Z	DEBUG	replica=0	coded-hotterstuff/consensus.go:788	new block locked	{"CURRENT VIEW": 7, "view": 5, "hash": "jgrj6scOqMsv2tOI5ilebUQ0EAUbjhBGBRf6AbYZ3ZQ="}
2022-11-27T04:38:18.876Z	INFO	replica=0	coded-hotterstuff/consensus.go:797	new block commited	{"CURRENT VIEW": 7, "view": 4, "hash": "8WqYPi7RnJLtEHQ0we0AUFXAprYP7gJj7Cq2GuiCGb4="}
2022-11-27T04:38:18.879Z	DEBUG	replica=0	coded-hotterstuff/consensus.go:678	proposal is safe to vote on	{"CURRENT VIEW": 7, "msg": "proposal", "header view": 7, "prepare view": 6, "hash": "UrpGBauqox/y7djWW1+uYAk4lnjGCoti5rxDg06dPA8=", "parent": "kFp8+So3McG2yp/crA+UXLJ7e1+L/NadJHrbEZU+si4="}
Node  0 +1 block finalized at time:  2022-11-27 04:38:18.88228493 +0000 UTC m=+22.099747025
replica 0 is forwarding chunk to replica 1
replica 0 is forwarding chunk to replica 2
replica 0 is forwarding chunk to replica 3
replica 0 is forwarding chunk to replica 4
replica 0 is forwarding chunk to replica 5
2022-11-27T04:38:19.543Z	DEBUG	replica=0	coded-hotterstuff/consensus.go:965	received vote	{"CURRENT VIEW": 7, "msg": "vote", "voter": 2, "view": 7, "hash": "kFp8+So3McG2yp/crA+UXLJ7e1+L/NadJHrbEZU+si4="}
2022-11-27T04:38:19.548Z	DEBUG	replica=0	coded-hotterstuff/consensus.go:520	entered new view	{"CURRENT VIEW": 7, "view timeout": 2, "timedout": false}
2022-11-27T04:38:19.548Z	DEBUG	replica=0	coded-hotterstuff/consensus.go:544	replica is a leader for this view. waiting for data	{"CURRENT VIEW": 7}
2022-11-27T04:38:19.552Z	DEBUG	replica=0	coded-hotterstuff/consensus.go:238	sending proposal	{"CURRENT VIEW": 7, "hash": "UrpGBauqox/y7djWW1+uYAk4lnjGCoti5rxDg06dPA8=", "parent": "kFp8+So3McG2yp/crA+UXLJ7e1+L/NadJHrbEZU+si4=", "signer": 0}
2022-11-27T04:38:19.553Z	DEBUG	replica=0	coded-hotterstuff/consensus.go:576	received proposal	{"CURRENT VIEW": 7, "msg": "proposal", "header view": 7, "prepare view": 6, "hash": "UrpGBauqox/y7djWW1+uYAk4lnjGCoti5rxDg06dPA8=", "parent": "kFp8+So3McG2yp/crA+UXLJ7e1+L/NadJHrbEZU+si4="}
Decoded original proposal, time: 2022-11-27 04:38:19.889749179 +0000 UTC m=+23.107211276 header hash: [144 90 124 249 42 55 49 193 182 202 159 220 172 15 148 92 178 123 123 95 139 252 214 157 36 122 219 17 149 62 178 46]
2022-11-27T04:38:19.889Z	DEBUG	replica=0	coded-hotterstuff/consensus.go:576	received proposal	{"CURRENT VIEW": 7, "msg": "proposal", "header view": 6, "prepare view": 6, "hash": "kFp8+So3McG2yp/crA+UXLJ7e1+L/NadJHrbEZU+si4=", "parent": "jgrj6scOqMsv2tOI5ilebUQ0EAUbjhBGBRf6AbYZ3ZQ="}
2022-11-27T04:38:19.897Z	DEBUG	replica=0	coded-hotterstuff/consensus.go:667	proposal view doesn't match local view	{"CURRENT VIEW": 7, "msg": "proposal", "header view": 6, "prepare view": 6, "hash": "kFp8+So3McG2yp/crA+UXLJ7e1+L/NadJHrbEZU+si4=", "parent": "jgrj6scOqMsv2tOI5ilebUQ0EAUbjhBGBRf6AbYZ3ZQ="}
2022-11-27T04:38:19.897Z	DEBUG	replica=0	coded-hotterstuff/consensus.go:965	received vote	{"CURRENT VIEW": 7, "msg": "vote", "voter": 3, "view": 7, "hash": "kFp8+So3McG2yp/crA+UXLJ7e1+L/NadJHrbEZU+si4="}
2022-11-27T04:38:19.903Z	DEBUG	replica=0	coded-hotterstuff/consensus.go:520	entered new view	{"CURRENT VIEW": 7, "view timeout": 2, "timedout": false}
2022-11-27T04:38:19.903Z	DEBUG	replica=0	coded-hotterstuff/consensus.go:544	replica is a leader for this view. waiting for data	{"CURRENT VIEW": 7}
2022-11-27T04:38:19.906Z	DEBUG	replica=0	coded-hotterstuff/consensus.go:238	sending proposal	{"CURRENT VIEW": 7, "hash": "UrpGBauqox/y7djWW1+uYAk4lnjGCoti5rxDg06dPA8=", "parent": "kFp8+So3McG2yp/crA+UXLJ7e1+L/NadJHrbEZU+si4=", "signer": 0}
2022-11-27T04:38:19.907Z	DEBUG	replica=0	coded-hotterstuff/consensus.go:576	received proposal	{"CURRENT VIEW": 7, "msg": "proposal", "header view": 7, "prepare view": 6, "hash": "UrpGBauqox/y7djWW1+uYAk4lnjGCoti5rxDg06dPA8=", "parent": "kFp8+So3McG2yp/crA+UXLJ7e1+L/NadJHrbEZU+si4="}
replica 0 is forwarding chunk to replica 1
replica 0 is forwarding chunk to replica 2
replica 0 is forwarding chunk to replica 3
replica 0 is forwarding chunk to replica 4
replica 0 is forwarding chunk to replica 5
Decoded original proposal, time: 2022-11-27 04:38:21.16826476 +0000 UTC m=+24.385726906 header hash: [144 90 124 249 42 55 49 193 182 202 159 220 172 15 148 92 178 123 123 95 139 252 214 157 36 122 219 17 149 62 178 46]
2022-11-27T04:38:21.168Z	DEBUG	replica=0	coded-hotterstuff/consensus.go:576	received proposal	{"CURRENT VIEW": 7, "msg": "proposal", "header view": 6, "prepare view": 6, "hash": "kFp8+So3McG2yp/crA+UXLJ7e1+L/NadJHrbEZU+si4=", "parent": "jgrj6scOqMsv2tOI5ilebUQ0EAUbjhBGBRf6AbYZ3ZQ="}
2022-11-27T04:38:21.176Z	DEBUG	replica=0	coded-hotterstuff/consensus.go:667	proposal view doesn't match local view	{"CURRENT VIEW": 7, "msg": "proposal", "header view": 6, "prepare view": 6, "hash": "kFp8+So3McG2yp/crA+UXLJ7e1+L/NadJHrbEZU+si4=", "parent": "jgrj6scOqMsv2tOI5ilebUQ0EAUbjhBGBRf6AbYZ3ZQ="}
replica 0 is forwarding chunk to replica 2
replica 0 is forwarding chunk to replica 3
replica 0 is forwarding chunk to replica 4
replica 0 is forwarding chunk to replica 5
replica 0 is forwarding chunk to replica 6
replica 0 is forwarding chunk to replica 2
replica 0 is forwarding chunk to replica 3
replica 0 is forwarding chunk to replica 4
replica 0 is forwarding chunk to replica 5
replica 0 is forwarding chunk to replica 6
Decoded original proposal, time: 2022-11-27 04:38:26.263865435 +0000 UTC m=+29.481327528 header hash: [9 212 205 28 110 251 47 242 141 111 167 241 108 89 12 35 155 222 125 75 78 184 7 35 235 24 77 74 102 255 131 11]
2022-11-27T04:38:26.263Z	DEBUG	replica=0	coded-hotterstuff/consensus.go:576	received proposal	{"CURRENT VIEW": 7, "msg": "proposal", "header view": 8, "prepare view": 6, "hash": "CdTNHG77L/KNb6fxbFkMI5vefUtOuAcj6xhNSmb/gws=", "parent": "UrpGBauqox/y7djWW1+uYAk4lnjGCoti5rxDg06dPA8="}
2022-11-27T04:38:26.271Z	DEBUG	replica=0	coded-hotterstuff/consensus.go:809	new block certified	{"CURRENT VIEW": 7, "view": 7, "hash": "UrpGBauqox/y7djWW1+uYAk4lnjGCoti5rxDg06dPA8="}
2022-11-27T04:38:26.271Z	DEBUG	replica=0	coded-hotterstuff/consensus.go:520	entered new view	{"CURRENT VIEW": 8, "view timeout": 2, "timedout": false}
2022-11-27T04:38:26.271Z	DEBUG	replica=0	coded-hotterstuff/consensus.go:788	new block locked	{"CURRENT VIEW": 8, "view": 6, "hash": "kFp8+So3McG2yp/crA+UXLJ7e1+L/NadJHrbEZU+si4="}
2022-11-27T04:38:26.271Z	INFO	replica=0	coded-hotterstuff/consensus.go:797	new block commited	{"CURRENT VIEW": 8, "view": 5, "hash": "jgrj6scOqMsv2tOI5ilebUQ0EAUbjhBGBRf6AbYZ3ZQ="}
2022-11-27T04:38:26.272Z	DEBUG	replica=0	coded-hotterstuff/consensus.go:678	proposal is safe to vote on	{"CURRENT VIEW": 7, "msg": "proposal", "header view": 8, "prepare view": 6, "hash": "CdTNHG77L/KNb6fxbFkMI5vefUtOuAcj6xhNSmb/gws=", "parent": "UrpGBauqox/y7djWW1+uYAk4lnjGCoti5rxDg06dPA8="}
Node  0 +1 block finalized at time:  2022-11-27 04:38:26.27514251 +0000 UTC m=+29.492604591
replica 0 is forwarding chunk to replica 2
replica 0 is forwarding chunk to replica 3
replica 0 is forwarding chunk to replica 4
replica 0 is forwarding chunk to replica 5
replica 0 is forwarding chunk to replica 6
Decoded original proposal, time: 2022-11-27 04:38:27.44181242 +0000 UTC m=+30.659274553 header hash: [9 212 205 28 110 251 47 242 141 111 167 241 108 89 12 35 155 222 125 75 78 184 7 35 235 24 77 74 102 255 131 11]
2022-11-27T04:38:27.441Z	DEBUG	replica=0	coded-hotterstuff/consensus.go:576	received proposal	{"CURRENT VIEW": 8, "msg": "proposal", "header view": 8, "prepare view": 7, "hash": "CdTNHG77L/KNb6fxbFkMI5vefUtOuAcj6xhNSmb/gws=", "parent": "UrpGBauqox/y7djWW1+uYAk4lnjGCoti5rxDg06dPA8="}
Decoded original proposal, time: 2022-11-27 04:38:29.12497398 +0000 UTC m=+32.342436123 header hash: [9 212 205 28 110 251 47 242 141 111 167 241 108 89 12 35 155 222 125 75 78 184 7 35 235 24 77 74 102 255 131 11]
2022-11-27T04:38:29.125Z	DEBUG	replica=0	coded-hotterstuff/consensus.go:576	received proposal	{"CURRENT VIEW": 8, "msg": "proposal", "header view": 8, "prepare view": 7, "hash": "CdTNHG77L/KNb6fxbFkMI5vefUtOuAcj6xhNSmb/gws=", "parent": "UrpGBauqox/y7djWW1+uYAk4lnjGCoti5rxDg06dPA8="}
replica 0 is forwarding chunk to replica 1
replica 0 is forwarding chunk to replica 3
replica 0 is forwarding chunk to replica 4
replica 0 is forwarding chunk to replica 5
replica 0 is forwarding chunk to replica 6
Decoded original proposal, time: 2022-11-27 04:38:30.051082939 +0000 UTC m=+33.268545033 header hash: [75 152 239 23 193 229 152 187 193 198 49 17 94 0 66 98 109 76 252 99 208 6 227 177 121 255 81 193 174 84 93 16]
2022-11-27T04:38:30.051Z	DEBUG	replica=0	coded-hotterstuff/consensus.go:576	received proposal	{"CURRENT VIEW": 8, "msg": "proposal", "header view": 9, "prepare view": 7, "hash": "S5jvF8HlmLvBxjERXgBCYm1M/GPQBuOxef9Rwa5UXRA=", "parent": "CdTNHG77L/KNb6fxbFkMI5vefUtOuAcj6xhNSmb/gws="}
2022-11-27T04:38:30.058Z	DEBUG	replica=0	coded-hotterstuff/consensus.go:809	new block certified	{"CURRENT VIEW": 8, "view": 8, "hash": "CdTNHG77L/KNb6fxbFkMI5vefUtOuAcj6xhNSmb/gws="}
2022-11-27T04:38:30.058Z	DEBUG	replica=0	coded-hotterstuff/consensus.go:520	entered new view	{"CURRENT VIEW": 9, "view timeout": 2, "timedout": false}
2022-11-27T04:38:30.058Z	DEBUG	replica=0	coded-hotterstuff/consensus.go:788	new block locked	{"CURRENT VIEW": 9, "view": 7, "hash": "UrpGBauqox/y7djWW1+uYAk4lnjGCoti5rxDg06dPA8="}
2022-11-27T04:38:30.058Z	INFO	replica=0	coded-hotterstuff/consensus.go:797	new block commited	{"CURRENT VIEW": 9, "view": 6, "hash": "kFp8+So3McG2yp/crA+UXLJ7e1+L/NadJHrbEZU+si4="}
2022-11-27T04:38:30.062Z	DEBUG	replica=0	coded-hotterstuff/consensus.go:678	proposal is safe to vote on	{"CURRENT VIEW": 8, "msg": "proposal", "header view": 9, "prepare view": 7, "hash": "S5jvF8HlmLvBxjERXgBCYm1M/GPQBuOxef9Rwa5UXRA=", "parent": "CdTNHG77L/KNb6fxbFkMI5vefUtOuAcj6xhNSmb/gws="}
Node  0 +1 block finalized at time:  2022-11-27 04:38:30.064309764 +0000 UTC m=+33.281771864
replica 0 is forwarding chunk to replica 1
replica 0 is forwarding chunk to replica 3
replica 0 is forwarding chunk to replica 4
replica 0 is forwarding chunk to replica 5
replica 0 is forwarding chunk to replica 6
Decoded original proposal, time: 2022-11-27 04:38:31.267676789 +0000 UTC m=+34.485138889 header hash: [75 152 239 23 193 229 152 187 193 198 49 17 94 0 66 98 109 76 252 99 208 6 227 177 121 255 81 193 174 84 93 16]
2022-11-27T04:38:31.267Z	DEBUG	replica=0	coded-hotterstuff/consensus.go:576	received proposal	{"CURRENT VIEW": 9, "msg": "proposal", "header view": 9, "prepare view": 8, "hash": "S5jvF8HlmLvBxjERXgBCYm1M/GPQBuOxef9Rwa5UXRA=", "parent": "CdTNHG77L/KNb6fxbFkMI5vefUtOuAcj6xhNSmb/gws="}
replica 0 is forwarding chunk to replica 1
replica 0 is forwarding chunk to replica 3
replica 0 is forwarding chunk to replica 4
replica 0 is forwarding chunk to replica 5
replica 0 is forwarding chunk to replica 6
Decoded original proposal, time: 2022-11-27 04:38:32.8029814 +0000 UTC m=+36.020443547 header hash: [75 152 239 23 193 229 152 187 193 198 49 17 94 0 66 98 109 76 252 99 208 6 227 177 121 255 81 193 174 84 93 16]
2022-11-27T04:38:32.803Z	DEBUG	replica=0	coded-hotterstuff/consensus.go:576	received proposal	{"CURRENT VIEW": 9, "msg": "proposal", "header view": 9, "prepare view": 8, "hash": "S5jvF8HlmLvBxjERXgBCYm1M/GPQBuOxef9Rwa5UXRA=", "parent": "CdTNHG77L/KNb6fxbFkMI5vefUtOuAcj6xhNSmb/gws="}
replica 0 is forwarding chunk to replica 1
replica 0 is forwarding chunk to replica 2
replica 0 is forwarding chunk to replica 4
replica 0 is forwarding chunk to replica 5
replica 0 is forwarding chunk to replica 6
replica 0 is forwarding chunk to replica 1
replica 0 is forwarding chunk to replica 2
replica 0 is forwarding chunk to replica 4
replica 0 is forwarding chunk to replica 5
replica 0 is forwarding chunk to replica 6
Decoded original proposal, time: 2022-11-27 04:38:34.909578124 +0000 UTC m=+38.127040272 header hash: [27 41 162 234 216 56 3 146 217 203 198 162 48 110 164 219 109 81 22 147 45 180 199 35 245 217 107 204 240 129 84 110]
2022-11-27T04:38:34.909Z	DEBUG	replica=0	coded-hotterstuff/consensus.go:576	received proposal	{"CURRENT VIEW": 9, "msg": "proposal", "header view": 10, "prepare view": 8, "hash": "Gymi6tg4A5LZy8aiMG6k221RFpMttMcj9dlrzPCBVG4=", "parent": "S5jvF8HlmLvBxjERXgBCYm1M/GPQBuOxef9Rwa5UXRA="}
2022-11-27T04:38:34.920Z	DEBUG	replica=0	coded-hotterstuff/consensus.go:809	new block certified	{"CURRENT VIEW": 9, "view": 9, "hash": "S5jvF8HlmLvBxjERXgBCYm1M/GPQBuOxef9Rwa5UXRA="}
2022-11-27T04:38:34.921Z	DEBUG	replica=0	coded-hotterstuff/consensus.go:520	entered new view	{"CURRENT VIEW": 10, "view timeout": 2, "timedout": false}
2022-11-27T04:38:34.921Z	DEBUG	replica=0	coded-hotterstuff/consensus.go:788	new block locked	{"CURRENT VIEW": 10, "view": 8, "hash": "CdTNHG77L/KNb6fxbFkMI5vefUtOuAcj6xhNSmb/gws="}
2022-11-27T04:38:34.921Z	INFO	replica=0	coded-hotterstuff/consensus.go:797	new block commited	{"CURRENT VIEW": 10, "view": 7, "hash": "UrpGBauqox/y7djWW1+uYAk4lnjGCoti5rxDg06dPA8="}
2022-11-27T04:38:34.922Z	DEBUG	replica=0	coded-hotterstuff/consensus.go:678	proposal is safe to vote on	{"CURRENT VIEW": 9, "msg": "proposal", "header view": 10, "prepare view": 8, "hash": "Gymi6tg4A5LZy8aiMG6k221RFpMttMcj9dlrzPCBVG4=", "parent": "S5jvF8HlmLvBxjERXgBCYm1M/GPQBuOxef9Rwa5UXRA="}
Node  0 +1 block finalized at time:  2022-11-27 04:38:34.934287272 +0000 UTC m=+38.151749358
Decoded original proposal, time: 2022-11-27 04:38:36.214244031 +0000 UTC m=+39.431706176 header hash: [27 41 162 234 216 56 3 146 217 203 198 162 48 110 164 219 109 81 22 147 45 180 199 35 245 217 107 204 240 129 84 110]
2022-11-27T04:38:36.214Z	DEBUG	replica=0	coded-hotterstuff/consensus.go:576	received proposal	{"CURRENT VIEW": 10, "msg": "proposal", "header view": 10, "prepare view": 9, "hash": "Gymi6tg4A5LZy8aiMG6k221RFpMttMcj9dlrzPCBVG4=", "parent": "S5jvF8HlmLvBxjERXgBCYm1M/GPQBuOxef9Rwa5UXRA="}
replica 0 is forwarding chunk to replica 1
replica 0 is forwarding chunk to replica 2
replica 0 is forwarding chunk to replica 4
replica 0 is forwarding chunk to replica 5
replica 0 is forwarding chunk to replica 6
replica 0 is forwarding chunk to replica 1
replica 0 is forwarding chunk to replica 2
replica 0 is forwarding chunk to replica 3
replica 0 is forwarding chunk to replica 5
replica 0 is forwarding chunk to replica 6
Decoded original proposal, time: 2022-11-27 04:38:38.277952985 +0000 UTC m=+41.495415127 header hash: [27 41 162 234 216 56 3 146 217 203 198 162 48 110 164 219 109 81 22 147 45 180 199 35 245 217 107 204 240 129 84 110]
2022-11-27T04:38:38.277Z	DEBUG	replica=0	coded-hotterstuff/consensus.go:576	received proposal	{"CURRENT VIEW": 10, "msg": "proposal", "header view": 10, "prepare view": 9, "hash": "Gymi6tg4A5LZy8aiMG6k221RFpMttMcj9dlrzPCBVG4=", "parent": "S5jvF8HlmLvBxjERXgBCYm1M/GPQBuOxef9Rwa5UXRA="}
replica 0 is forwarding chunk to replica 1
replica 0 is forwarding chunk to replica 2
replica 0 is forwarding chunk to replica 3
replica 0 is forwarding chunk to replica 5
replica 0 is forwarding chunk to replica 6
Decoded original proposal, time: 2022-11-27 04:38:39.60988539 +0000 UTC m=+42.827347530 header hash: [36 112 202 110 235 231 254 169 68 108 200 133 25 89 215 19 188 251 85 241 73 155 115 67 11 176 16 17 106 100 183 124]
2022-11-27T04:38:39.609Z	DEBUG	replica=0	coded-hotterstuff/consensus.go:576	received proposal	{"CURRENT VIEW": 10, "msg": "proposal", "header view": 11, "prepare view": 9, "hash": "JHDKbuvn/qlEbMiFGVnXE7z7VfFJm3NDC7AQEWpkt3w=", "parent": "Gymi6tg4A5LZy8aiMG6k221RFpMttMcj9dlrzPCBVG4="}
2022-11-27T04:38:39.617Z	DEBUG	replica=0	coded-hotterstuff/consensus.go:809	new block certified	{"CURRENT VIEW": 10, "view": 10, "hash": "Gymi6tg4A5LZy8aiMG6k221RFpMttMcj9dlrzPCBVG4="}
2022-11-27T04:38:39.617Z	DEBUG	replica=0	coded-hotterstuff/consensus.go:520	entered new view	{"CURRENT VIEW": 11, "view timeout": 2, "timedout": false}
2022-11-27T04:38:39.617Z	DEBUG	replica=0	coded-hotterstuff/consensus.go:788	new block locked	{"CURRENT VIEW": 11, "view": 9, "hash": "S5jvF8HlmLvBxjERXgBCYm1M/GPQBuOxef9Rwa5UXRA="}
2022-11-27T04:38:39.617Z	INFO	replica=0	coded-hotterstuff/consensus.go:797	new block commited	{"CURRENT VIEW": 11, "view": 8, "hash": "CdTNHG77L/KNb6fxbFkMI5vefUtOuAcj6xhNSmb/gws="}
2022-11-27T04:38:39.620Z	DEBUG	replica=0	coded-hotterstuff/consensus.go:678	proposal is safe to vote on	{"CURRENT VIEW": 10, "msg": "proposal", "header view": 11, "prepare view": 9, "hash": "JHDKbuvn/qlEbMiFGVnXE7z7VfFJm3NDC7AQEWpkt3w=", "parent": "Gymi6tg4A5LZy8aiMG6k221RFpMttMcj9dlrzPCBVG4="}
Node  0 +1 block finalized at time:  2022-11-27 04:38:39.623306649 +0000 UTC m=+42.840768750
replica 0 is forwarding chunk to replica 1
replica 0 is forwarding chunk to replica 2
replica 0 is forwarding chunk to replica 3
replica 0 is forwarding chunk to replica 5
replica 0 is forwarding chunk to replica 6
Decoded original proposal, time: 2022-11-27 04:38:40.862964973 +0000 UTC m=+44.080427120 header hash: [36 112 202 110 235 231 254 169 68 108 200 133 25 89 215 19 188 251 85 241 73 155 115 67 11 176 16 17 106 100 183 124]
2022-11-27T04:38:40.863Z	DEBUG	replica=0	coded-hotterstuff/consensus.go:576	received proposal	{"CURRENT VIEW": 11, "msg": "proposal", "header view": 11, "prepare view": 10, "hash": "JHDKbuvn/qlEbMiFGVnXE7z7VfFJm3NDC7AQEWpkt3w=", "parent": "Gymi6tg4A5LZy8aiMG6k221RFpMttMcj9dlrzPCBVG4="}
Decoded original proposal, time: 2022-11-27 04:38:42.095526128 +0000 UTC m=+45.312988273 header hash: [36 112 202 110 235 231 254 169 68 108 200 133 25 89 215 19 188 251 85 241 73 155 115 67 11 176 16 17 106 100 183 124]
2022-11-27T04:38:42.095Z	DEBUG	replica=0	coded-hotterstuff/consensus.go:576	received proposal	{"CURRENT VIEW": 11, "msg": "proposal", "header view": 11, "prepare view": 10, "hash": "JHDKbuvn/qlEbMiFGVnXE7z7VfFJm3NDC7AQEWpkt3w=", "parent": "Gymi6tg4A5LZy8aiMG6k221RFpMttMcj9dlrzPCBVG4="}
replica 0 is forwarding chunk to replica 1
replica 0 is forwarding chunk to replica 2
replica 0 is forwarding chunk to replica 3
replica 0 is forwarding chunk to replica 4
replica 0 is forwarding chunk to replica 6
Decoded original proposal, time: 2022-11-27 04:38:43.479301291 +0000 UTC m=+46.696763435 header hash: [225 164 165 204 236 180 59 151 178 38 118 190 136 53 193 22 146 46 81 162 175 160 6 50 132 174 159 221 166 0 223 96]
2022-11-27T04:38:43.479Z	DEBUG	replica=0	coded-hotterstuff/consensus.go:576	received proposal	{"CURRENT VIEW": 11, "msg": "proposal", "header view": 12, "prepare view": 10, "hash": "4aSlzOy0O5eyJna+iDXBFpIuUaKvoAYyhK6f3aYA32A=", "parent": "JHDKbuvn/qlEbMiFGVnXE7z7VfFJm3NDC7AQEWpkt3w="}
2022-11-27T04:38:43.486Z	DEBUG	replica=0	coded-hotterstuff/consensus.go:809	new block certified	{"CURRENT VIEW": 11, "view": 11, "hash": "JHDKbuvn/qlEbMiFGVnXE7z7VfFJm3NDC7AQEWpkt3w="}
2022-11-27T04:38:43.486Z	DEBUG	replica=0	coded-hotterstuff/consensus.go:520	entered new view	{"CURRENT VIEW": 12, "view timeout": 2, "timedout": false}
2022-11-27T04:38:43.487Z	DEBUG	replica=0	coded-hotterstuff/consensus.go:788	new block locked	{"CURRENT VIEW": 12, "view": 10, "hash": "Gymi6tg4A5LZy8aiMG6k221RFpMttMcj9dlrzPCBVG4="}
2022-11-27T04:38:43.487Z	INFO	replica=0	coded-hotterstuff/consensus.go:797	new block commited	{"CURRENT VIEW": 12, "view": 9, "hash": "S5jvF8HlmLvBxjERXgBCYm1M/GPQBuOxef9Rwa5UXRA="}
2022-11-27T04:38:43.488Z	DEBUG	replica=0	coded-hotterstuff/consensus.go:678	proposal is safe to vote on	{"CURRENT VIEW": 11, "msg": "proposal", "header view": 12, "prepare view": 10, "hash": "4aSlzOy0O5eyJna+iDXBFpIuUaKvoAYyhK6f3aYA32A=", "parent": "JHDKbuvn/qlEbMiFGVnXE7z7VfFJm3NDC7AQEWpkt3w="}
Node  0 +1 block finalized at time:  2022-11-27 04:38:43.490213269 +0000 UTC m=+46.707675371
replica 0 is forwarding chunk to replica 1
replica 0 is forwarding chunk to replica 2
replica 0 is forwarding chunk to replica 3
replica 0 is forwarding chunk to replica 4
replica 0 is forwarding chunk to replica 6
Decoded original proposal, time: 2022-11-27 04:38:44.755918994 +0000 UTC m=+47.973381141 header hash: [225 164 165 204 236 180 59 151 178 38 118 190 136 53 193 22 146 46 81 162 175 160 6 50 132 174 159 221 166 0 223 96]
2022-11-27T04:38:44.755Z	DEBUG	replica=0	coded-hotterstuff/consensus.go:576	received proposal	{"CURRENT VIEW": 12, "msg": "proposal", "header view": 12, "prepare view": 11, "hash": "4aSlzOy0O5eyJna+iDXBFpIuUaKvoAYyhK6f3aYA32A=", "parent": "JHDKbuvn/qlEbMiFGVnXE7z7VfFJm3NDC7AQEWpkt3w="}
replica 0 is forwarding chunk to replica 1
replica 0 is forwarding chunk to replica 2
replica 0 is forwarding chunk to replica 3
replica 0 is forwarding chunk to replica 4
replica 0 is forwarding chunk to replica 6
Decoded original proposal, time: 2022-11-27 04:38:46.005492973 +0000 UTC m=+49.222955112 header hash: [225 164 165 204 236 180 59 151 178 38 118 190 136 53 193 22 146 46 81 162 175 160 6 50 132 174 159 221 166 0 223 96]
2022-11-27T04:38:46.005Z	DEBUG	replica=0	coded-hotterstuff/consensus.go:576	received proposal	{"CURRENT VIEW": 12, "msg": "proposal", "header view": 12, "prepare view": 11, "hash": "4aSlzOy0O5eyJna+iDXBFpIuUaKvoAYyhK6f3aYA32A=", "parent": "JHDKbuvn/qlEbMiFGVnXE7z7VfFJm3NDC7AQEWpkt3w="}
replica 0 is forwarding chunk to replica 1
replica 0 is forwarding chunk to replica 2
replica 0 is forwarding chunk to replica 3
replica 0 is forwarding chunk to replica 4
replica 0 is forwarding chunk to replica 5
2022-11-27T04:38:46.625Z	DEBUG	replica=0	coded-hotterstuff/consensus.go:965	received vote	{"CURRENT VIEW": 12, "msg": "vote", "voter": 6, "view": 12, "hash": "N0cMWKpZHmTkF/OJGwaFHU4Y2cZrG1h733+F25H9V6E="}
Node  0  received vote before proposal, saving vote in pending votes, hash is  [55 71 12 88 170 89 30 100 228 23 243 137 27 6 133 29 78 24 217 198 107 27 88 123 223 127 133 219 145 253 87 161]  and string is,  13
2022-11-27T04:38:46.626Z	DEBUG	replica=0	coded-hotterstuff/consensus.go:970	Received vote before proposal, key is, 13	{"CURRENT VIEW": 12}
Decoded original proposal, time: 2022-11-27 04:38:47.525097762 +0000 UTC m=+50.742559908 header hash: [55 71 12 88 170 89 30 100 228 23 243 137 27 6 133 29 78 24 217 198 107 27 88 123 223 127 133 219 145 253 87 161]
2022-11-27T04:38:47.525Z	DEBUG	replica=0	coded-hotterstuff/consensus.go:576	received proposal	{"CURRENT VIEW": 12, "msg": "proposal", "header view": 13, "prepare view": 11, "hash": "N0cMWKpZHmTkF/OJGwaFHU4Y2cZrG1h733+F25H9V6E=", "parent": "4aSlzOy0O5eyJna+iDXBFpIuUaKvoAYyhK6f3aYA32A="}
2022-11-27T04:38:47.532Z	DEBUG	replica=0	coded-hotterstuff/consensus.go:809	new block certified	{"CURRENT VIEW": 12, "view": 12, "hash": "4aSlzOy0O5eyJna+iDXBFpIuUaKvoAYyhK6f3aYA32A="}
2022-11-27T04:38:47.532Z	DEBUG	replica=0	coded-hotterstuff/consensus.go:520	entered new view	{"CURRENT VIEW": 13, "view timeout": 2, "timedout": false}
2022-11-27T04:38:47.532Z	DEBUG	replica=0	coded-hotterstuff/consensus.go:535	replica is a leader for next view. collecting new-view messages	{"CURRENT VIEW": 13}
2022-11-27T04:38:47.532Z	DEBUG	replica=0	coded-hotterstuff/consensus.go:788	new block locked	{"CURRENT VIEW": 13, "view": 11, "hash": "JHDKbuvn/qlEbMiFGVnXE7z7VfFJm3NDC7AQEWpkt3w="}
2022-11-27T04:38:47.532Z	INFO	replica=0	coded-hotterstuff/consensus.go:797	new block commited	{"CURRENT VIEW": 13, "view": 10, "hash": "Gymi6tg4A5LZy8aiMG6k221RFpMttMcj9dlrzPCBVG4="}
2022-11-27T04:38:47.535Z	DEBUG	replica=0	coded-hotterstuff/consensus.go:678	proposal is safe to vote on	{"CURRENT VIEW": 12, "msg": "proposal", "header view": 13, "prepare view": 11, "hash": "N0cMWKpZHmTkF/OJGwaFHU4Y2cZrG1h733+F25H9V6E=", "parent": "4aSlzOy0O5eyJna+iDXBFpIuUaKvoAYyhK6f3aYA32A="}
2022-11-27T04:38:47.535Z	DEBUG	replica=0	coded-hotterstuff/consensus.go:758	Taking care of pending vote 13	{"CURRENT VIEW": 13}
2022-11-27T04:38:47.535Z	DEBUG	replica=0	coded-hotterstuff/consensus.go:965	received vote	{"CURRENT VIEW": 13, "msg": "vote", "voter": 6, "view": 13, "hash": "N0cMWKpZHmTkF/OJGwaFHU4Y2cZrG1h733+F25H9V6E="}
2022-11-27T04:38:47.541Z	DEBUG	replica=0	coded-hotterstuff/consensus.go:965	received vote	{"CURRENT VIEW": 13, "msg": "vote", "voter": 0, "view": 13, "hash": "N0cMWKpZHmTkF/OJGwaFHU4Y2cZrG1h733+F25H9V6E="}
Node  0 +1 block finalized at time:  2022-11-27 04:38:47.546139822 +0000 UTC m=+50.763601916
2022-11-27T04:38:47.965Z	DEBUG	replica=0	coded-hotterstuff/consensus.go:965	received vote	{"CURRENT VIEW": 13, "msg": "vote", "voter": 1, "view": 13, "hash": "N0cMWKpZHmTkF/OJGwaFHU4Y2cZrG1h733+F25H9V6E="}
replica 0 is forwarding chunk to replica 1
replica 0 is forwarding chunk to replica 2
replica 0 is forwarding chunk to replica 3
replica 0 is forwarding chunk to replica 4
replica 0 is forwarding chunk to replica 5
2022-11-27T04:38:48.798Z	DEBUG	replica=0	coded-hotterstuff/consensus.go:965	received vote	{"CURRENT VIEW": 13, "msg": "vote", "voter": 5, "view": 13, "hash": "N0cMWKpZHmTkF/OJGwaFHU4Y2cZrG1h733+F25H9V6E="}
2022-11-27T04:38:48.907Z	DEBUG	replica=0	coded-hotterstuff/consensus.go:965	received vote	{"CURRENT VIEW": 13, "msg": "vote", "voter": 3, "view": 13, "hash": "N0cMWKpZHmTkF/OJGwaFHU4Y2cZrG1h733+F25H9V6E="}
2022-11-27T04:38:48.912Z	DEBUG	replica=0	coded-hotterstuff/consensus.go:809	new block certified	{"CURRENT VIEW": 13, "view": 13, "hash": "N0cMWKpZHmTkF/OJGwaFHU4Y2cZrG1h733+F25H9V6E="}
2022-11-27T04:38:48.912Z	DEBUG	replica=0	coded-hotterstuff/consensus.go:520	entered new view	{"CURRENT VIEW": 14, "view timeout": 2, "timedout": false}
2022-11-27T04:38:48.912Z	DEBUG	replica=0	coded-hotterstuff/consensus.go:544	replica is a leader for this view. waiting for data	{"CURRENT VIEW": 14}
2022-11-27T04:38:48.912Z	DEBUG	replica=0	coded-hotterstuff/consensus.go:520	entered new view	{"CURRENT VIEW": 14, "view timeout": 2, "timedout": false}
2022-11-27T04:38:48.912Z	DEBUG	replica=0	coded-hotterstuff/consensus.go:544	replica is a leader for this view. waiting for data	{"CURRENT VIEW": 14}
2022-11-27T04:38:48.916Z	DEBUG	replica=0	coded-hotterstuff/consensus.go:238	sending proposal	{"CURRENT VIEW": 14, "hash": "s0+dCVQ5w8iE2Z+DCswdFLdP8QD8T++9aicJwYKZbok=", "parent": "N0cMWKpZHmTkF/OJGwaFHU4Y2cZrG1h733+F25H9V6E=", "signer": 0}
2022-11-27T04:38:48.917Z	DEBUG	replica=0	coded-hotterstuff/consensus.go:576	received proposal	{"CURRENT VIEW": 14, "msg": "proposal", "header view": 14, "prepare view": 13, "hash": "s0+dCVQ5w8iE2Z+DCswdFLdP8QD8T++9aicJwYKZbok=", "parent": "N0cMWKpZHmTkF/OJGwaFHU4Y2cZrG1h733+F25H9V6E="}
2022-11-27T04:38:48.924Z	DEBUG	replica=0	coded-hotterstuff/consensus.go:788	new block locked	{"CURRENT VIEW": 14, "view": 12, "hash": "4aSlzOy0O5eyJna+iDXBFpIuUaKvoAYyhK6f3aYA32A="}
2022-11-27T04:38:48.924Z	INFO	replica=0	coded-hotterstuff/consensus.go:797	new block commited	{"CURRENT VIEW": 14, "view": 11, "hash": "JHDKbuvn/qlEbMiFGVnXE7z7VfFJm3NDC7AQEWpkt3w="}
2022-11-27T04:38:48.925Z	DEBUG	replica=0	coded-hotterstuff/consensus.go:678	proposal is safe to vote on	{"CURRENT VIEW": 14, "msg": "proposal", "header view": 14, "prepare view": 13, "hash": "s0+dCVQ5w8iE2Z+DCswdFLdP8QD8T++9aicJwYKZbok=", "parent": "N0cMWKpZHmTkF/OJGwaFHU4Y2cZrG1h733+F25H9V6E="}
Node  0 +1 block finalized at time:  2022-11-27 04:38:48.927829976 +0000 UTC m=+52.145292061
Decoded original proposal, time: 2022-11-27 04:38:49.005761836 +0000 UTC m=+52.223223938 header hash: [55 71 12 88 170 89 30 100 228 23 243 137 27 6 133 29 78 24 217 198 107 27 88 123 223 127 133 219 145 253 87 161]
2022-11-27T04:38:49.005Z	DEBUG	replica=0	coded-hotterstuff/consensus.go:576	received proposal	{"CURRENT VIEW": 14, "msg": "proposal", "header view": 13, "prepare view": 13, "hash": "N0cMWKpZHmTkF/OJGwaFHU4Y2cZrG1h733+F25H9V6E=", "parent": "4aSlzOy0O5eyJna+iDXBFpIuUaKvoAYyhK6f3aYA32A="}
2022-11-27T04:38:49.014Z	DEBUG	replica=0	coded-hotterstuff/consensus.go:667	proposal view doesn't match local view	{"CURRENT VIEW": 14, "msg": "proposal", "header view": 13, "prepare view": 13, "hash": "N0cMWKpZHmTkF/OJGwaFHU4Y2cZrG1h733+F25H9V6E=", "parent": "4aSlzOy0O5eyJna+iDXBFpIuUaKvoAYyhK6f3aYA32A="}
2022-11-27T04:38:49.014Z	DEBUG	replica=0	coded-hotterstuff/consensus.go:965	received vote	{"CURRENT VIEW": 14, "msg": "vote", "voter": 4, "view": 14, "hash": "N0cMWKpZHmTkF/OJGwaFHU4Y2cZrG1h733+F25H9V6E="}
2022-11-27T04:38:49.023Z	DEBUG	replica=0	coded-hotterstuff/consensus.go:520	entered new view	{"CURRENT VIEW": 14, "view timeout": 2, "timedout": false}
2022-11-27T04:38:49.023Z	DEBUG	replica=0	coded-hotterstuff/consensus.go:544	replica is a leader for this view. waiting for data	{"CURRENT VIEW": 14}
2022-11-27T04:38:49.023Z	DEBUG	replica=0	coded-hotterstuff/consensus.go:965	received vote	{"CURRENT VIEW": 14, "msg": "vote", "voter": 2, "view": 14, "hash": "N0cMWKpZHmTkF/OJGwaFHU4Y2cZrG1h733+F25H9V6E="}
2022-11-27T04:38:49.028Z	DEBUG	replica=0	coded-hotterstuff/consensus.go:520	entered new view	{"CURRENT VIEW": 14, "view timeout": 2, "timedout": false}
2022-11-27T04:38:49.028Z	DEBUG	replica=0	coded-hotterstuff/consensus.go:544	replica is a leader for this view. waiting for data	{"CURRENT VIEW": 14}
2022-11-27T04:38:49.030Z	DEBUG	replica=0	coded-hotterstuff/consensus.go:238	sending proposal	{"CURRENT VIEW": 14, "hash": "s0+dCVQ5w8iE2Z+DCswdFLdP8QD8T++9aicJwYKZbok=", "parent": "N0cMWKpZHmTkF/OJGwaFHU4Y2cZrG1h733+F25H9V6E=", "signer": 0}
2022-11-27T04:38:49.031Z	DEBUG	replica=0	coded-hotterstuff/consensus.go:576	received proposal	{"CURRENT VIEW": 14, "msg": "proposal", "header view": 14, "prepare view": 13, "hash": "s0+dCVQ5w8iE2Z+DCswdFLdP8QD8T++9aicJwYKZbok=", "parent": "N0cMWKpZHmTkF/OJGwaFHU4Y2cZrG1h733+F25H9V6E="}
replica 0 is forwarding chunk to replica 1
replica 0 is forwarding chunk to replica 2
replica 0 is forwarding chunk to replica 3
replica 0 is forwarding chunk to replica 4
replica 0 is forwarding chunk to replica 5
Decoded original proposal, time: 2022-11-27 04:38:50.027539132 +0000 UTC m=+53.245001275 header hash: [55 71 12 88 170 89 30 100 228 23 243 137 27 6 133 29 78 24 217 198 107 27 88 123 223 127 133 219 145 253 87 161]
2022-11-27T04:38:50.027Z	DEBUG	replica=0	coded-hotterstuff/consensus.go:576	received proposal	{"CURRENT VIEW": 14, "msg": "proposal", "header view": 13, "prepare view": 13, "hash": "N0cMWKpZHmTkF/OJGwaFHU4Y2cZrG1h733+F25H9V6E=", "parent": "4aSlzOy0O5eyJna+iDXBFpIuUaKvoAYyhK6f3aYA32A="}
2022-11-27T04:38:50.035Z	DEBUG	replica=0	coded-hotterstuff/consensus.go:667	proposal view doesn't match local view	{"CURRENT VIEW": 14, "msg": "proposal", "header view": 13, "prepare view": 13, "hash": "N0cMWKpZHmTkF/OJGwaFHU4Y2cZrG1h733+F25H9V6E=", "parent": "4aSlzOy0O5eyJna+iDXBFpIuUaKvoAYyhK6f3aYA32A="}
replica 0 is forwarding chunk to replica 2
replica 0 is forwarding chunk to replica 3
replica 0 is forwarding chunk to replica 4
replica 0 is forwarding chunk to replica 5
replica 0 is forwarding chunk to replica 6
replica 0 is forwarding chunk to replica 2
replica 0 is forwarding chunk to replica 3
replica 0 is forwarding chunk to replica 4
replica 0 is forwarding chunk to replica 5
replica 0 is forwarding chunk to replica 6
Decoded original proposal, time: 2022-11-27 04:38:55.907840546 +0000 UTC m=+59.125302648 header hash: [202 72 185 184 152 74 130 52 19 230 34 218 220 212 95 146 25 2 29 196 82 105 189 28 182 138 255 42 166 91 160 208]
2022-11-27T04:38:55.907Z	DEBUG	replica=0	coded-hotterstuff/consensus.go:576	received proposal	{"CURRENT VIEW": 14, "msg": "proposal", "header view": 15, "prepare view": 13, "hash": "yki5uJhKgjQT5iLa3NRfkhkCHcRSab0ctor/KqZboNA=", "parent": "s0+dCVQ5w8iE2Z+DCswdFLdP8QD8T++9aicJwYKZbok="}
2022-11-27T04:38:55.915Z	DEBUG	replica=0	coded-hotterstuff/consensus.go:809	new block certified	{"CURRENT VIEW": 14, "view": 14, "hash": "s0+dCVQ5w8iE2Z+DCswdFLdP8QD8T++9aicJwYKZbok="}
2022-11-27T04:38:55.915Z	DEBUG	replica=0	coded-hotterstuff/consensus.go:520	entered new view	{"CURRENT VIEW": 15, "view timeout": 2, "timedout": false}
2022-11-27T04:38:55.915Z	DEBUG	replica=0	coded-hotterstuff/consensus.go:788	new block locked	{"CURRENT VIEW": 15, "view": 13, "hash": "N0cMWKpZHmTkF/OJGwaFHU4Y2cZrG1h733+F25H9V6E="}
2022-11-27T04:38:55.915Z	INFO	replica=0	coded-hotterstuff/consensus.go:797	new block commited	{"CURRENT VIEW": 15, "view": 12, "hash": "4aSlzOy0O5eyJna+iDXBFpIuUaKvoAYyhK6f3aYA32A="}
2022-11-27T04:38:55.918Z	DEBUG	replica=0	coded-hotterstuff/consensus.go:678	proposal is safe to vote on	{"CURRENT VIEW": 14, "msg": "proposal", "header view": 15, "prepare view": 13, "hash": "yki5uJhKgjQT5iLa3NRfkhkCHcRSab0ctor/KqZboNA=", "parent": "s0+dCVQ5w8iE2Z+DCswdFLdP8QD8T++9aicJwYKZbok="}
Node  0 +1 block finalized at time:  2022-11-27 04:38:55.921526127 +0000 UTC m=+59.138988222
replica 0 is forwarding chunk to replica 2
replica 0 is forwarding chunk to replica 3
replica 0 is forwarding chunk to replica 4
replica 0 is forwarding chunk to replica 5
replica 0 is forwarding chunk to replica 6
Decoded original proposal, time: 2022-11-27 04:38:57.082100403 +0000 UTC m=+60.299562548 header hash: [202 72 185 184 152 74 130 52 19 230 34 218 220 212 95 146 25 2 29 196 82 105 189 28 182 138 255 42 166 91 160 208]
2022-11-27T04:38:57.082Z	DEBUG	replica=0	coded-hotterstuff/consensus.go:576	received proposal	{"CURRENT VIEW": 15, "msg": "proposal", "header view": 15, "prepare view": 14, "hash": "yki5uJhKgjQT5iLa3NRfkhkCHcRSab0ctor/KqZboNA=", "parent": "s0+dCVQ5w8iE2Z+DCswdFLdP8QD8T++9aicJwYKZbok="}
Decoded original proposal, time: 2022-11-27 04:38:58.322271094 +0000 UTC m=+61.539733238 header hash: [202 72 185 184 152 74 130 52 19 230 34 218 220 212 95 146 25 2 29 196 82 105 189 28 182 138 255 42 166 91 160 208]
2022-11-27T04:38:58.322Z	DEBUG	replica=0	coded-hotterstuff/consensus.go:576	received proposal	{"CURRENT VIEW": 15, "msg": "proposal", "header view": 15, "prepare view": 14, "hash": "yki5uJhKgjQT5iLa3NRfkhkCHcRSab0ctor/KqZboNA=", "parent": "s0+dCVQ5w8iE2Z+DCswdFLdP8QD8T++9aicJwYKZbok="}
replica 0 is forwarding chunk to replica 1
replica 0 is forwarding chunk to replica 3
replica 0 is forwarding chunk to replica 4
replica 0 is forwarding chunk to replica 5
replica 0 is forwarding chunk to replica 6
Decoded original proposal, time: 2022-11-27 04:38:59.688197051 +0000 UTC m=+62.905659136 header hash: [60 3 172 192 158 69 228 82 139 18 154 192 39 84 167 184 246 172 168 97 72 51 107 161 52 135 29 101 211 31 104 44]
2022-11-27T04:38:59.688Z	DEBUG	replica=0	coded-hotterstuff/consensus.go:576	received proposal	{"CURRENT VIEW": 15, "msg": "proposal", "header view": 16, "prepare view": 14, "hash": "PAOswJ5F5FKLEprAJ1SnuPasqGFIM2uhNIcdZdMfaCw=", "parent": "yki5uJhKgjQT5iLa3NRfkhkCHcRSab0ctor/KqZboNA="}
2022-11-27T04:38:59.696Z	DEBUG	replica=0	coded-hotterstuff/consensus.go:809	new block certified	{"CURRENT VIEW": 15, "view": 15, "hash": "yki5uJhKgjQT5iLa3NRfkhkCHcRSab0ctor/KqZboNA="}
2022-11-27T04:38:59.696Z	DEBUG	replica=0	coded-hotterstuff/consensus.go:520	entered new view	{"CURRENT VIEW": 16, "view timeout": 2, "timedout": false}
2022-11-27T04:38:59.696Z	DEBUG	replica=0	coded-hotterstuff/consensus.go:788	new block locked	{"CURRENT VIEW": 16, "view": 14, "hash": "s0+dCVQ5w8iE2Z+DCswdFLdP8QD8T++9aicJwYKZbok="}
2022-11-27T04:38:59.696Z	INFO	replica=0	coded-hotterstuff/consensus.go:797	new block commited	{"CURRENT VIEW": 16, "view": 13, "hash": "N0cMWKpZHmTkF/OJGwaFHU4Y2cZrG1h733+F25H9V6E="}
2022-11-27T04:38:59.697Z	DEBUG	replica=0	coded-hotterstuff/consensus.go:678	proposal is safe to vote on	{"CURRENT VIEW": 15, "msg": "proposal", "header view": 16, "prepare view": 14, "hash": "PAOswJ5F5FKLEprAJ1SnuPasqGFIM2uhNIcdZdMfaCw=", "parent": "yki5uJhKgjQT5iLa3NRfkhkCHcRSab0ctor/KqZboNA="}
Node  0 +1 block finalized at time:  2022-11-27 04:38:59.700273798 +0000 UTC m=+62.917735883
replica 0 is forwarding chunk to replica 1
replica 0 is forwarding chunk to replica 3
replica 0 is forwarding chunk to replica 4
replica 0 is forwarding chunk to replica 5
replica 0 is forwarding chunk to replica 6
Decoded original proposal, time: 2022-11-27 04:39:01.018862924 +0000 UTC m=+64.236325070 header hash: [60 3 172 192 158 69 228 82 139 18 154 192 39 84 167 184 246 172 168 97 72 51 107 161 52 135 29 101 211 31 104 44]
2022-11-27T04:39:01.018Z	DEBUG	replica=0	coded-hotterstuff/consensus.go:576	received proposal	{"CURRENT VIEW": 16, "msg": "proposal", "header view": 16, "prepare view": 15, "hash": "PAOswJ5F5FKLEprAJ1SnuPasqGFIM2uhNIcdZdMfaCw=", "parent": "yki5uJhKgjQT5iLa3NRfkhkCHcRSab0ctor/KqZboNA="}
replica 0 is forwarding chunk to replica 1
replica 0 is forwarding chunk to replica 3
replica 0 is forwarding chunk to replica 4
replica 0 is forwarding chunk to replica 5
replica 0 is forwarding chunk to replica 6
Decoded original proposal, time: 2022-11-27 04:39:02.044586086 +0000 UTC m=+65.262048228 header hash: [60 3 172 192 158 69 228 82 139 18 154 192 39 84 167 184 246 172 168 97 72 51 107 161 52 135 29 101 211 31 104 44]
2022-11-27T04:39:02.044Z	DEBUG	replica=0	coded-hotterstuff/consensus.go:576	received proposal	{"CURRENT VIEW": 16, "msg": "proposal", "header view": 16, "prepare view": 15, "hash": "PAOswJ5F5FKLEprAJ1SnuPasqGFIM2uhNIcdZdMfaCw=", "parent": "yki5uJhKgjQT5iLa3NRfkhkCHcRSab0ctor/KqZboNA="}
replica 0 is forwarding chunk to replica 1
replica 0 is forwarding chunk to replica 2
replica 0 is forwarding chunk to replica 4
replica 0 is forwarding chunk to replica 5
replica 0 is forwarding chunk to replica 6
Decoded original proposal, time: 2022-11-27 04:39:03.662790697 +0000 UTC m=+66.880252843 header hash: [125 188 128 163 149 74 17 87 102 203 151 169 127 222 108 104 174 185 14 72 28 223 232 151 172 204 94 91 117 235 43 104]
2022-11-27T04:39:03.662Z	DEBUG	replica=0	coded-hotterstuff/consensus.go:576	received proposal	{"CURRENT VIEW": 16, "msg": "proposal", "header view": 17, "prepare view": 15, "hash": "fbyAo5VKEVdmy5epf95saK65Dkgc3+iXrMxeW3XrK2g=", "parent": "PAOswJ5F5FKLEprAJ1SnuPasqGFIM2uhNIcdZdMfaCw="}
2022-11-27T04:39:03.671Z	DEBUG	replica=0	coded-hotterstuff/consensus.go:809	new block certified	{"CURRENT VIEW": 16, "view": 16, "hash": "PAOswJ5F5FKLEprAJ1SnuPasqGFIM2uhNIcdZdMfaCw="}
2022-11-27T04:39:03.671Z	DEBUG	replica=0	coded-hotterstuff/consensus.go:520	entered new view	{"CURRENT VIEW": 17, "view timeout": 2, "timedout": false}
2022-11-27T04:39:03.671Z	DEBUG	replica=0	coded-hotterstuff/consensus.go:788	new block locked	{"CURRENT VIEW": 17, "view": 15, "hash": "yki5uJhKgjQT5iLa3NRfkhkCHcRSab0ctor/KqZboNA="}
2022-11-27T04:39:03.671Z	INFO	replica=0	coded-hotterstuff/consensus.go:797	new block commited	{"CURRENT VIEW": 17, "view": 14, "hash": "s0+dCVQ5w8iE2Z+DCswdFLdP8QD8T++9aicJwYKZbok="}
2022-11-27T04:39:03.671Z	DEBUG	replica=0	coded-hotterstuff/consensus.go:678	proposal is safe to vote on	{"CURRENT VIEW": 16, "msg": "proposal", "header view": 17, "prepare view": 15, "hash": "fbyAo5VKEVdmy5epf95saK65Dkgc3+iXrMxeW3XrK2g=", "parent": "PAOswJ5F5FKLEprAJ1SnuPasqGFIM2uhNIcdZdMfaCw="}
Node  0 +1 block finalized at time:  2022-11-27 04:39:03.674090503 +0000 UTC m=+66.891552598
replica 0 is forwarding chunk to replica 1
replica 0 is forwarding chunk to replica 2
replica 0 is forwarding chunk to replica 4
replica 0 is forwarding chunk to replica 5
replica 0 is forwarding chunk to replica 6
replica 0 is forwarding chunk to replica 1
replica 0 is forwarding chunk to replica 2
replica 0 is forwarding chunk to replica 4
replica 0 is forwarding chunk to replica 5
replica 0 is forwarding chunk to replica 6
Decoded original proposal, time: 2022-11-27 04:39:06.122986084 +0000 UTC m=+69.340448229 header hash: [125 188 128 163 149 74 17 87 102 203 151 169 127 222 108 104 174 185 14 72 28 223 232 151 172 204 94 91 117 235 43 104]
2022-11-27T04:39:06.123Z	DEBUG	replica=0	coded-hotterstuff/consensus.go:576	received proposal	{"CURRENT VIEW": 17, "msg": "proposal", "header view": 17, "prepare view": 16, "hash": "fbyAo5VKEVdmy5epf95saK65Dkgc3+iXrMxeW3XrK2g=", "parent": "PAOswJ5F5FKLEprAJ1SnuPasqGFIM2uhNIcdZdMfaCw="}
replica 0 is forwarding chunk to replica 1
replica 0 is forwarding chunk to replica 2
replica 0 is forwarding chunk to replica 3
replica 0 is forwarding chunk to replica 5
replica 0 is forwarding chunk to replica 6
Decoded original proposal, time: 2022-11-27 04:39:07.533154597 +0000 UTC m=+70.750616698 header hash: [125 188 128 163 149 74 17 87 102 203 151 169 127 222 108 104 174 185 14 72 28 223 232 151 172 204 94 91 117 235 43 104]
2022-11-27T04:39:07.533Z	DEBUG	replica=0	coded-hotterstuff/consensus.go:576	received proposal	{"CURRENT VIEW": 17, "msg": "proposal", "header view": 17, "prepare view": 16, "hash": "fbyAo5VKEVdmy5epf95saK65Dkgc3+iXrMxeW3XrK2g=", "parent": "PAOswJ5F5FKLEprAJ1SnuPasqGFIM2uhNIcdZdMfaCw="}
replica 0 is forwarding chunk to replica 1
replica 0 is forwarding chunk to replica 2
replica 0 is forwarding chunk to replica 3
replica 0 is forwarding chunk to replica 5
replica 0 is forwarding chunk to replica 6
Decoded original proposal, time: 2022-11-27 04:39:08.141382677 +0000 UTC m=+71.358844819 header hash: [233 71 193 36 185 72 95 92 29 220 193 120 223 14 188 72 252 159 62 199 112 113 252 214 161 209 254 215 214 224 205 19]
2022-11-27T04:39:08.141Z	DEBUG	replica=0	coded-hotterstuff/consensus.go:576	received proposal	{"CURRENT VIEW": 17, "msg": "proposal", "header view": 18, "prepare view": 16, "hash": "6UfBJLlIX1wd3MF43w68SPyfPsdwcfzWodH+19bgzRM=", "parent": "fbyAo5VKEVdmy5epf95saK65Dkgc3+iXrMxeW3XrK2g="}
2022-11-27T04:39:08.149Z	DEBUG	replica=0	coded-hotterstuff/consensus.go:809	new block certified	{"CURRENT VIEW": 17, "view": 17, "hash": "fbyAo5VKEVdmy5epf95saK65Dkgc3+iXrMxeW3XrK2g="}
2022-11-27T04:39:08.149Z	DEBUG	replica=0	coded-hotterstuff/consensus.go:520	entered new view	{"CURRENT VIEW": 18, "view timeout": 2, "timedout": false}
2022-11-27T04:39:08.149Z	DEBUG	replica=0	coded-hotterstuff/consensus.go:788	new block locked	{"CURRENT VIEW": 18, "view": 16, "hash": "PAOswJ5F5FKLEprAJ1SnuPasqGFIM2uhNIcdZdMfaCw="}
2022-11-27T04:39:08.149Z	INFO	replica=0	coded-hotterstuff/consensus.go:797	new block commited	{"CURRENT VIEW": 18, "view": 15, "hash": "yki5uJhKgjQT5iLa3NRfkhkCHcRSab0ctor/KqZboNA="}
2022-11-27T04:39:08.151Z	DEBUG	replica=0	coded-hotterstuff/consensus.go:678	proposal is safe to vote on	{"CURRENT VIEW": 17, "msg": "proposal", "header view": 18, "prepare view": 16, "hash": "6UfBJLlIX1wd3MF43w68SPyfPsdwcfzWodH+19bgzRM=", "parent": "fbyAo5VKEVdmy5epf95saK65Dkgc3+iXrMxeW3XrK2g="}
Node  0 +1 block finalized at time:  2022-11-27 04:39:08.153505667 +0000 UTC m=+71.370967761
Decoded original proposal, time: 2022-11-27 04:39:09.652063189 +0000 UTC m=+72.869525334 header hash: [233 71 193 36 185 72 95 92 29 220 193 120 223 14 188 72 252 159 62 199 112 113 252 214 161 209 254 215 214 224 205 19]
2022-11-27T04:39:09.652Z	DEBUG	replica=0	coded-hotterstuff/consensus.go:576	received proposal	{"CURRENT VIEW": 18, "msg": "proposal", "header view": 18, "prepare view": 17, "hash": "6UfBJLlIX1wd3MF43w68SPyfPsdwcfzWodH+19bgzRM=", "parent": "fbyAo5VKEVdmy5epf95saK65Dkgc3+iXrMxeW3XrK2g="}
replica 0 is forwarding chunk to replica 1
replica 0 is forwarding chunk to replica 2
replica 0 is forwarding chunk to replica 3
replica 0 is forwarding chunk to replica 5
replica 0 is forwarding chunk to replica 6
Decoded original proposal, time: 2022-11-27 04:39:10.831591898 +0000 UTC m=+74.049054001 header hash: [233 71 193 36 185 72 95 92 29 220 193 120 223 14 188 72 252 159 62 199 112 113 252 214 161 209 254 215 214 224 205 19]
2022-11-27T04:39:10.831Z	DEBUG	replica=0	coded-hotterstuff/consensus.go:576	received proposal	{"CURRENT VIEW": 18, "msg": "proposal", "header view": 18, "prepare view": 17, "hash": "6UfBJLlIX1wd3MF43w68SPyfPsdwcfzWodH+19bgzRM=", "parent": "fbyAo5VKEVdmy5epf95saK65Dkgc3+iXrMxeW3XrK2g="}
Decoded original proposal, time: 2022-11-27 04:39:11.944449708 +0000 UTC m=+75.161911809 header hash: [185 41 143 39 105 99 203 192 159 254 69 93 97 168 179 24 114 209 232 19 130 40 155 35 149 96 233 98 157 146 62 14]
2022-11-27T04:39:11.944Z	DEBUG	replica=0	coded-hotterstuff/consensus.go:576	received proposal	{"CURRENT VIEW": 18, "msg": "proposal", "header view": 19, "prepare view": 17, "hash": "uSmPJ2ljy8Cf/kVdYaizGHLR6BOCKJsjlWDpYp2SPg4=", "parent": "6UfBJLlIX1wd3MF43w68SPyfPsdwcfzWodH+19bgzRM="}
2022-11-27T04:39:11.954Z	DEBUG	replica=0	coded-hotterstuff/consensus.go:809	new block certified	{"CURRENT VIEW": 18, "view": 18, "hash": "6UfBJLlIX1wd3MF43w68SPyfPsdwcfzWodH+19bgzRM="}
2022-11-27T04:39:11.954Z	DEBUG	replica=0	coded-hotterstuff/consensus.go:520	entered new view	{"CURRENT VIEW": 19, "view timeout": 2, "timedout": false}
2022-11-27T04:39:11.954Z	DEBUG	replica=0	coded-hotterstuff/consensus.go:788	new block locked	{"CURRENT VIEW": 19, "view": 17, "hash": "fbyAo5VKEVdmy5epf95saK65Dkgc3+iXrMxeW3XrK2g="}
2022-11-27T04:39:11.954Z	INFO	replica=0	coded-hotterstuff/consensus.go:797	new block commited	{"CURRENT VIEW": 19, "view": 16, "hash": "PAOswJ5F5FKLEprAJ1SnuPasqGFIM2uhNIcdZdMfaCw="}
2022-11-27T04:39:11.955Z	DEBUG	replica=0	coded-hotterstuff/consensus.go:678	proposal is safe to vote on	{"CURRENT VIEW": 18, "msg": "proposal", "header view": 19, "prepare view": 17, "hash": "uSmPJ2ljy8Cf/kVdYaizGHLR6BOCKJsjlWDpYp2SPg4=", "parent": "6UfBJLlIX1wd3MF43w68SPyfPsdwcfzWodH+19bgzRM="}
Node  0 +1 block finalized at time:  2022-11-27 04:39:11.957951701 +0000 UTC m=+75.175413786
replica 0 is forwarding chunk to replica 1
replica 0 is forwarding chunk to replica 2
replica 0 is forwarding chunk to replica 3
replica 0 is forwarding chunk to replica 4
replica 0 is forwarding chunk to replica 6
Decoded original proposal, time: 2022-11-27 04:39:13.307320042 +0000 UTC m=+76.524782191 header hash: [185 41 143 39 105 99 203 192 159 254 69 93 97 168 179 24 114 209 232 19 130 40 155 35 149 96 233 98 157 146 62 14]
2022-11-27T04:39:13.307Z	DEBUG	replica=0	coded-hotterstuff/consensus.go:576	received proposal	{"CURRENT VIEW": 19, "msg": "proposal", "header view": 19, "prepare view": 18, "hash": "uSmPJ2ljy8Cf/kVdYaizGHLR6BOCKJsjlWDpYp2SPg4=", "parent": "6UfBJLlIX1wd3MF43w68SPyfPsdwcfzWodH+19bgzRM="}
replica 0 is forwarding chunk to replica 1
replica 0 is forwarding chunk to replica 2
replica 0 is forwarding chunk to replica 3
replica 0 is forwarding chunk to replica 4
replica 0 is forwarding chunk to replica 6
replica 0 is forwarding chunk to replica 1
replica 0 is forwarding chunk to replica 2
replica 0 is forwarding chunk to replica 3
replica 0 is forwarding chunk to replica 4
replica 0 is forwarding chunk to replica 6
Decoded original proposal, time: 2022-11-27 04:39:14.555607722 +0000 UTC m=+77.773069865 header hash: [185 41 143 39 105 99 203 192 159 254 69 93 97 168 179 24 114 209 232 19 130 40 155 35 149 96 233 98 157 146 62 14]
2022-11-27T04:39:14.555Z	DEBUG	replica=0	coded-hotterstuff/consensus.go:576	received proposal	{"CURRENT VIEW": 19, "msg": "proposal", "header view": 19, "prepare view": 18, "hash": "uSmPJ2ljy8Cf/kVdYaizGHLR6BOCKJsjlWDpYp2SPg4=", "parent": "6UfBJLlIX1wd3MF43w68SPyfPsdwcfzWodH+19bgzRM="}
replica 0 is forwarding chunk to replica 1
replica 0 is forwarding chunk to replica 2
replica 0 is forwarding chunk to replica 3
replica 0 is forwarding chunk to replica 4
replica 0 is forwarding chunk to replica 5
2022-11-27T04:39:15.094Z	DEBUG	replica=0	coded-hotterstuff/consensus.go:965	received vote	{"CURRENT VIEW": 19, "msg": "vote", "voter": 6, "view": 19, "hash": "Dba/D48qmB3vVH8kTd18xxswcR8z4rJnptAsC3sfvzQ="}
Node  0  received vote before proposal, saving vote in pending votes, hash is  [13 182 191 15 143 42 152 29 239 84 127 36 77 221 124 199 27 48 113 31 51 226 178 103 166 208 44 11 123 31 191 52]  and string is,  20
2022-11-27T04:39:15.094Z	DEBUG	replica=0	coded-hotterstuff/consensus.go:970	Received vote before proposal, key is, 20	{"CURRENT VIEW": 19}
Decoded original proposal, time: 2022-11-27 04:39:16.403156577 +0000 UTC m=+79.620618720 header hash: [13 182 191 15 143 42 152 29 239 84 127 36 77 221 124 199 27 48 113 31 51 226 178 103 166 208 44 11 123 31 191 52]
2022-11-27T04:39:16.403Z	DEBUG	replica=0	coded-hotterstuff/consensus.go:576	received proposal	{"CURRENT VIEW": 19, "msg": "proposal", "header view": 20, "prepare view": 18, "hash": "Dba/D48qmB3vVH8kTd18xxswcR8z4rJnptAsC3sfvzQ=", "parent": "uSmPJ2ljy8Cf/kVdYaizGHLR6BOCKJsjlWDpYp2SPg4="}
2022-11-27T04:39:16.410Z	DEBUG	replica=0	coded-hotterstuff/consensus.go:809	new block certified	{"CURRENT VIEW": 19, "view": 19, "hash": "uSmPJ2ljy8Cf/kVdYaizGHLR6BOCKJsjlWDpYp2SPg4="}
2022-11-27T04:39:16.410Z	DEBUG	replica=0	coded-hotterstuff/consensus.go:520	entered new view	{"CURRENT VIEW": 20, "view timeout": 2, "timedout": false}
2022-11-27T04:39:16.410Z	DEBUG	replica=0	coded-hotterstuff/consensus.go:535	replica is a leader for next view. collecting new-view messages	{"CURRENT VIEW": 20}
2022-11-27T04:39:16.410Z	DEBUG	replica=0	coded-hotterstuff/consensus.go:788	new block locked	{"CURRENT VIEW": 20, "view": 18, "hash": "6UfBJLlIX1wd3MF43w68SPyfPsdwcfzWodH+19bgzRM="}
2022-11-27T04:39:16.410Z	INFO	replica=0	coded-hotterstuff/consensus.go:797	new block commited	{"CURRENT VIEW": 20, "view": 17, "hash": "fbyAo5VKEVdmy5epf95saK65Dkgc3+iXrMxeW3XrK2g="}
2022-11-27T04:39:16.412Z	DEBUG	replica=0	coded-hotterstuff/consensus.go:678	proposal is safe to vote on	{"CURRENT VIEW": 19, "msg": "proposal", "header view": 20, "prepare view": 18, "hash": "Dba/D48qmB3vVH8kTd18xxswcR8z4rJnptAsC3sfvzQ=", "parent": "uSmPJ2ljy8Cf/kVdYaizGHLR6BOCKJsjlWDpYp2SPg4="}
2022-11-27T04:39:16.412Z	DEBUG	replica=0	coded-hotterstuff/consensus.go:758	Taking care of pending vote 20	{"CURRENT VIEW": 20}
2022-11-27T04:39:16.412Z	DEBUG	replica=0	coded-hotterstuff/consensus.go:965	received vote	{"CURRENT VIEW": 20, "msg": "vote", "voter": 6, "view": 20, "hash": "Dba/D48qmB3vVH8kTd18xxswcR8z4rJnptAsC3sfvzQ="}
2022-11-27T04:39:16.420Z	DEBUG	replica=0	coded-hotterstuff/consensus.go:965	received vote	{"CURRENT VIEW": 20, "msg": "vote", "voter": 0, "view": 20, "hash": "Dba/D48qmB3vVH8kTd18xxswcR8z4rJnptAsC3sfvzQ="}
Node  0 +1 block finalized at time:  2022-11-27 04:39:16.427893777 +0000 UTC m=+79.645355863
2022-11-27T04:39:16.470Z	DEBUG	replica=0	coded-hotterstuff/consensus.go:965	received vote	{"CURRENT VIEW": 20, "msg": "vote", "voter": 3, "view": 20, "hash": "Dba/D48qmB3vVH8kTd18xxswcR8z4rJnptAsC3sfvzQ="}
2022-11-27T04:39:16.476Z	DEBUG	replica=0	coded-hotterstuff/consensus.go:965	received vote	{"CURRENT VIEW": 20, "msg": "vote", "voter": 1, "view": 20, "hash": "Dba/D48qmB3vVH8kTd18xxswcR8z4rJnptAsC3sfvzQ="}
2022-11-27T04:39:16.480Z	DEBUG	replica=0	coded-hotterstuff/consensus.go:965	received vote	{"CURRENT VIEW": 20, "msg": "vote", "voter": 2, "view": 20, "hash": "Dba/D48qmB3vVH8kTd18xxswcR8z4rJnptAsC3sfvzQ="}
2022-11-27T04:39:16.485Z	DEBUG	replica=0	coded-hotterstuff/consensus.go:809	new block certified	{"CURRENT VIEW": 20, "view": 20, "hash": "Dba/D48qmB3vVH8kTd18xxswcR8z4rJnptAsC3sfvzQ="}
2022-11-27T04:39:16.485Z	DEBUG	replica=0	coded-hotterstuff/consensus.go:520	entered new view	{"CURRENT VIEW": 21, "view timeout": 2, "timedout": false}
2022-11-27T04:39:16.485Z	DEBUG	replica=0	coded-hotterstuff/consensus.go:544	replica is a leader for this view. waiting for data	{"CURRENT VIEW": 21}
2022-11-27T04:39:16.485Z	DEBUG	replica=0	coded-hotterstuff/consensus.go:520	entered new view	{"CURRENT VIEW": 21, "view timeout": 2, "timedout": false}
2022-11-27T04:39:16.485Z	DEBUG	replica=0	coded-hotterstuff/consensus.go:544	replica is a leader for this view. waiting for data	{"CURRENT VIEW": 21}
2022-11-27T04:39:16.488Z	DEBUG	replica=0	coded-hotterstuff/consensus.go:238	sending proposal	{"CURRENT VIEW": 21, "hash": "0SZBQS4E4pFqiz2KHQNDBHMPXOkDtszRUc2EO9/2gmc=", "parent": "Dba/D48qmB3vVH8kTd18xxswcR8z4rJnptAsC3sfvzQ=", "signer": 0}
2022-11-27T04:39:16.489Z	DEBUG	replica=0	coded-hotterstuff/consensus.go:576	received proposal	{"CURRENT VIEW": 21, "msg": "proposal", "header view": 21, "prepare view": 20, "hash": "0SZBQS4E4pFqiz2KHQNDBHMPXOkDtszRUc2EO9/2gmc=", "parent": "Dba/D48qmB3vVH8kTd18xxswcR8z4rJnptAsC3sfvzQ="}
2022-11-27T04:39:16.496Z	DEBUG	replica=0	coded-hotterstuff/consensus.go:788	new block locked	{"CURRENT VIEW": 21, "view": 19, "hash": "uSmPJ2ljy8Cf/kVdYaizGHLR6BOCKJsjlWDpYp2SPg4="}
2022-11-27T04:39:16.496Z	INFO	replica=0	coded-hotterstuff/consensus.go:797	new block commited	{"CURRENT VIEW": 21, "view": 18, "hash": "6UfBJLlIX1wd3MF43w68SPyfPsdwcfzWodH+19bgzRM="}
2022-11-27T04:39:16.497Z	DEBUG	replica=0	coded-hotterstuff/consensus.go:678	proposal is safe to vote on	{"CURRENT VIEW": 21, "msg": "proposal", "header view": 21, "prepare view": 20, "hash": "0SZBQS4E4pFqiz2KHQNDBHMPXOkDtszRUc2EO9/2gmc=", "parent": "Dba/D48qmB3vVH8kTd18xxswcR8z4rJnptAsC3sfvzQ="}
Node  0 +1 block finalized at time:  2022-11-27 04:39:16.499834866 +0000 UTC m=+79.717296965
replica 0 is forwarding chunk to replica 1
replica 0 is forwarding chunk to replica 2
replica 0 is forwarding chunk to replica 3
replica 0 is forwarding chunk to replica 4
replica 0 is forwarding chunk to replica 5
2022-11-27T04:39:17.473Z	DEBUG	replica=0	coded-hotterstuff/consensus.go:965	received vote	{"CURRENT VIEW": 21, "msg": "vote", "voter": 4, "view": 21, "hash": "Dba/D48qmB3vVH8kTd18xxswcR8z4rJnptAsC3sfvzQ="}
2022-11-27T04:39:17.478Z	DEBUG	replica=0	coded-hotterstuff/consensus.go:520	entered new view	{"CURRENT VIEW": 21, "view timeout": 2, "timedout": false}
2022-11-27T04:39:17.478Z	DEBUG	replica=0	coded-hotterstuff/consensus.go:544	replica is a leader for this view. waiting for data	{"CURRENT VIEW": 21}
2022-11-27T04:39:17.481Z	DEBUG	replica=0	coded-hotterstuff/consensus.go:238	sending proposal	{"CURRENT VIEW": 21, "hash": "0SZBQS4E4pFqiz2KHQNDBHMPXOkDtszRUc2EO9/2gmc=", "parent": "Dba/D48qmB3vVH8kTd18xxswcR8z4rJnptAsC3sfvzQ=", "signer": 0}
2022-11-27T04:39:17.482Z	DEBUG	replica=0	coded-hotterstuff/consensus.go:576	received proposal	{"CURRENT VIEW": 21, "msg": "proposal", "header view": 21, "prepare view": 20, "hash": "0SZBQS4E4pFqiz2KHQNDBHMPXOkDtszRUc2EO9/2gmc=", "parent": "Dba/D48qmB3vVH8kTd18xxswcR8z4rJnptAsC3sfvzQ="}
Decoded original proposal, time: 2022-11-27 04:39:17.590789065 +0000 UTC m=+80.808251167 header hash: [13 182 191 15 143 42 152 29 239 84 127 36 77 221 124 199 27 48 113 31 51 226 178 103 166 208 44 11 123 31 191 52]
2022-11-27T04:39:17.590Z	DEBUG	replica=0	coded-hotterstuff/consensus.go:576	received proposal	{"CURRENT VIEW": 21, "msg": "proposal", "header view": 20, "prepare view": 20, "hash": "Dba/D48qmB3vVH8kTd18xxswcR8z4rJnptAsC3sfvzQ=", "parent": "uSmPJ2ljy8Cf/kVdYaizGHLR6BOCKJsjlWDpYp2SPg4="}
2022-11-27T04:39:17.601Z	DEBUG	replica=0	coded-hotterstuff/consensus.go:667	proposal view doesn't match local view	{"CURRENT VIEW": 21, "msg": "proposal", "header view": 20, "prepare view": 20, "hash": "Dba/D48qmB3vVH8kTd18xxswcR8z4rJnptAsC3sfvzQ=", "parent": "uSmPJ2ljy8Cf/kVdYaizGHLR6BOCKJsjlWDpYp2SPg4="}
2022-11-27T04:39:18.104Z	DEBUG	replica=0	coded-hotterstuff/consensus.go:965	received vote	{"CURRENT VIEW": 21, "msg": "vote", "voter": 5, "view": 21, "hash": "Dba/D48qmB3vVH8kTd18xxswcR8z4rJnptAsC3sfvzQ="}
2022-11-27T04:39:18.109Z	DEBUG	replica=0	coded-hotterstuff/consensus.go:520	entered new view	{"CURRENT VIEW": 21, "view timeout": 2, "timedout": false}
2022-11-27T04:39:18.109Z	DEBUG	replica=0	coded-hotterstuff/consensus.go:544	replica is a leader for this view. waiting for data	{"CURRENT VIEW": 21}
2022-11-27T04:39:18.112Z	DEBUG	replica=0	coded-hotterstuff/consensus.go:238	sending proposal	{"CURRENT VIEW": 21, "hash": "0SZBQS4E4pFqiz2KHQNDBHMPXOkDtszRUc2EO9/2gmc=", "parent": "Dba/D48qmB3vVH8kTd18xxswcR8z4rJnptAsC3sfvzQ=", "signer": 0}
2022-11-27T04:39:18.113Z	DEBUG	replica=0	coded-hotterstuff/consensus.go:576	received proposal	{"CURRENT VIEW": 21, "msg": "proposal", "header view": 21, "prepare view": 20, "hash": "0SZBQS4E4pFqiz2KHQNDBHMPXOkDtszRUc2EO9/2gmc=", "parent": "Dba/D48qmB3vVH8kTd18xxswcR8z4rJnptAsC3sfvzQ="}
replica 0 is forwarding chunk to replica 1
replica 0 is forwarding chunk to replica 2
replica 0 is forwarding chunk to replica 3
replica 0 is forwarding chunk to replica 4
replica 0 is forwarding chunk to replica 5
Decoded original proposal, time: 2022-11-27 04:39:18.822409351 +0000 UTC m=+82.039871454 header hash: [13 182 191 15 143 42 152 29 239 84 127 36 77 221 124 199 27 48 113 31 51 226 178 103 166 208 44 11 123 31 191 52]
2022-11-27T04:39:18.822Z	DEBUG	replica=0	coded-hotterstuff/consensus.go:576	received proposal	{"CURRENT VIEW": 21, "msg": "proposal", "header view": 20, "prepare view": 20, "hash": "Dba/D48qmB3vVH8kTd18xxswcR8z4rJnptAsC3sfvzQ=", "parent": "uSmPJ2ljy8Cf/kVdYaizGHLR6BOCKJsjlWDpYp2SPg4="}
2022-11-27T04:39:18.830Z	DEBUG	replica=0	coded-hotterstuff/consensus.go:667	proposal view doesn't match local view	{"CURRENT VIEW": 21, "msg": "proposal", "header view": 20, "prepare view": 20, "hash": "Dba/D48qmB3vVH8kTd18xxswcR8z4rJnptAsC3sfvzQ=", "parent": "uSmPJ2ljy8Cf/kVdYaizGHLR6BOCKJsjlWDpYp2SPg4="}
replica 0 is forwarding chunk to replica 2
replica 0 is forwarding chunk to replica 3
replica 0 is forwarding chunk to replica 4
replica 0 is forwarding chunk to replica 5
replica 0 is forwarding chunk to replica 6
replica 0 is forwarding chunk to replica 2
replica 0 is forwarding chunk to replica 3
replica 0 is forwarding chunk to replica 4
replica 0 is forwarding chunk to replica 5
replica 0 is forwarding chunk to replica 6
Decoded original proposal, time: 2022-11-27 04:39:22.754187111 +0000 UTC m=+85.971649258 header hash: [236 22 254 114 249 137 84 235 103 187 22 243 254 52 241 221 163 197 58 85 216 147 6 31 172 60 252 77 199 10 162 122]
2022-11-27T04:39:22.754Z	DEBUG	replica=0	coded-hotterstuff/consensus.go:576	received proposal	{"CURRENT VIEW": 21, "msg": "proposal", "header view": 22, "prepare view": 20, "hash": "7Bb+cvmJVOtnuxbz/jTx3aPFOlXYkwYfrDz8TccKono=", "parent": "0SZBQS4E4pFqiz2KHQNDBHMPXOkDtszRUc2EO9/2gmc="}
2022-11-27T04:39:22.762Z	DEBUG	replica=0	coded-hotterstuff/consensus.go:809	new block certified	{"CURRENT VIEW": 21, "view": 21, "hash": "0SZBQS4E4pFqiz2KHQNDBHMPXOkDtszRUc2EO9/2gmc="}
2022-11-27T04:39:22.762Z	DEBUG	replica=0	coded-hotterstuff/consensus.go:520	entered new view	{"CURRENT VIEW": 22, "view timeout": 2, "timedout": false}
2022-11-27T04:39:22.762Z	DEBUG	replica=0	coded-hotterstuff/consensus.go:788	new block locked	{"CURRENT VIEW": 22, "view": 20, "hash": "Dba/D48qmB3vVH8kTd18xxswcR8z4rJnptAsC3sfvzQ="}
2022-11-27T04:39:22.762Z	INFO	replica=0	coded-hotterstuff/consensus.go:797	new block commited	{"CURRENT VIEW": 22, "view": 19, "hash": "uSmPJ2ljy8Cf/kVdYaizGHLR6BOCKJsjlWDpYp2SPg4="}
2022-11-27T04:39:22.763Z	DEBUG	replica=0	coded-hotterstuff/consensus.go:678	proposal is safe to vote on	{"CURRENT VIEW": 21, "msg": "proposal", "header view": 22, "prepare view": 20, "hash": "7Bb+cvmJVOtnuxbz/jTx3aPFOlXYkwYfrDz8TccKono=", "parent": "0SZBQS4E4pFqiz2KHQNDBHMPXOkDtszRUc2EO9/2gmc="}
Node  0 +1 block finalized at time:  2022-11-27 04:39:22.767219711 +0000 UTC m=+85.984681801
Decoded original proposal, time: 2022-11-27 04:39:24.009655783 +0000 UTC m=+87.227117932 header hash: [236 22 254 114 249 137 84 235 103 187 22 243 254 52 241 221 163 197 58 85 216 147 6 31 172 60 252 77 199 10 162 122]
2022-11-27T04:39:24.009Z	DEBUG	replica=0	coded-hotterstuff/consensus.go:576	received proposal	{"CURRENT VIEW": 22, "msg": "proposal", "header view": 22, "prepare view": 21, "hash": "7Bb+cvmJVOtnuxbz/jTx3aPFOlXYkwYfrDz8TccKono=", "parent": "0SZBQS4E4pFqiz2KHQNDBHMPXOkDtszRUc2EO9/2gmc="}
replica 0 is forwarding chunk to replica 2
replica 0 is forwarding chunk to replica 3
replica 0 is forwarding chunk to replica 4
replica 0 is forwarding chunk to replica 5
replica 0 is forwarding chunk to replica 6
Decoded original proposal, time: 2022-11-27 04:39:25.919114239 +0000 UTC m=+89.136576386 header hash: [236 22 254 114 249 137 84 235 103 187 22 243 254 52 241 221 163 197 58 85 216 147 6 31 172 60 252 77 199 10 162 122]
2022-11-27T04:39:25.919Z	DEBUG	replica=0	coded-hotterstuff/consensus.go:576	received proposal	{"CURRENT VIEW": 22, "msg": "proposal", "header view": 22, "prepare view": 21, "hash": "7Bb+cvmJVOtnuxbz/jTx3aPFOlXYkwYfrDz8TccKono=", "parent": "0SZBQS4E4pFqiz2KHQNDBHMPXOkDtszRUc2EO9/2gmc="}
replica 0 is forwarding chunk to replica 1
replica 0 is forwarding chunk to replica 3
replica 0 is forwarding chunk to replica 4
replica 0 is forwarding chunk to replica 5
replica 0 is forwarding chunk to replica 6
replica 0 is forwarding chunk to replica 1
replica 0 is forwarding chunk to replica 3
replica 0 is forwarding chunk to replica 4
replica 0 is forwarding chunk to replica 5
replica 0 is forwarding chunk to replica 6
Decoded original proposal, time: 2022-11-27 04:39:29.134515909 +0000 UTC m=+92.351978012 header hash: [166 104 248 56 156 200 56 21 234 36 160 106 253 96 127 136 80 12 64 153 26 46 23 40 178 246 209 130 199 137 106 50]
2022-11-27T04:39:29.134Z	DEBUG	replica=0	coded-hotterstuff/consensus.go:576	received proposal	{"CURRENT VIEW": 22, "msg": "proposal", "header view": 23, "prepare view": 21, "hash": "pmj4OJzIOBXqJKBq/WB/iFAMQJkaLhcosvbRgseJajI=", "parent": "7Bb+cvmJVOtnuxbz/jTx3aPFOlXYkwYfrDz8TccKono="}
2022-11-27T04:39:29.142Z	DEBUG	replica=0	coded-hotterstuff/consensus.go:809	new block certified	{"CURRENT VIEW": 22, "view": 22, "hash": "7Bb+cvmJVOtnuxbz/jTx3aPFOlXYkwYfrDz8TccKono="}
2022-11-27T04:39:29.142Z	DEBUG	replica=0	coded-hotterstuff/consensus.go:520	entered new view	{"CURRENT VIEW": 23, "view timeout": 2, "timedout": false}
2022-11-27T04:39:29.142Z	DEBUG	replica=0	coded-hotterstuff/consensus.go:788	new block locked	{"CURRENT VIEW": 23, "view": 21, "hash": "0SZBQS4E4pFqiz2KHQNDBHMPXOkDtszRUc2EO9/2gmc="}
2022-11-27T04:39:29.142Z	INFO	replica=0	coded-hotterstuff/consensus.go:797	new block commited	{"CURRENT VIEW": 23, "view": 20, "hash": "Dba/D48qmB3vVH8kTd18xxswcR8z4rJnptAsC3sfvzQ="}
2022-11-27T04:39:29.143Z	DEBUG	replica=0	coded-hotterstuff/consensus.go:678	proposal is safe to vote on	{"CURRENT VIEW": 22, "msg": "proposal", "header view": 23, "prepare view": 21, "hash": "pmj4OJzIOBXqJKBq/WB/iFAMQJkaLhcosvbRgseJajI=", "parent": "7Bb+cvmJVOtnuxbz/jTx3aPFOlXYkwYfrDz8TccKono="}
Node  0 +1 block finalized at time:  2022-11-27 04:39:29.145542466 +0000 UTC m=+92.363004580
replica 0 is forwarding chunk to replica 1
replica 0 is forwarding chunk to replica 3
replica 0 is forwarding chunk to replica 4
replica 0 is forwarding chunk to replica 5
replica 0 is forwarding chunk to replica 6
Decoded original proposal, time: 2022-11-27 04:39:30.477945298 +0000 UTC m=+93.695407441 header hash: [166 104 248 56 156 200 56 21 234 36 160 106 253 96 127 136 80 12 64 153 26 46 23 40 178 246 209 130 199 137 106 50]
2022-11-27T04:39:30.478Z	DEBUG	replica=0	coded-hotterstuff/consensus.go:576	received proposal	{"CURRENT VIEW": 23, "msg": "proposal", "header view": 23, "prepare view": 22, "hash": "pmj4OJzIOBXqJKBq/WB/iFAMQJkaLhcosvbRgseJajI=", "parent": "7Bb+cvmJVOtnuxbz/jTx3aPFOlXYkwYfrDz8TccKono="}
replica 0 is forwarding chunk to replica 1
replica 0 is forwarding chunk to replica 2
replica 0 is forwarding chunk to replica 4
replica 0 is forwarding chunk to replica 5
replica 0 is forwarding chunk to replica 6
Decoded original proposal, time: 2022-11-27 04:39:31.866239575 +0000 UTC m=+95.083701676 header hash: [166 104 248 56 156 200 56 21 234 36 160 106 253 96 127 136 80 12 64 153 26 46 23 40 178 246 209 130 199 137 106 50]
2022-11-27T04:39:31.866Z	DEBUG	replica=0	coded-hotterstuff/consensus.go:576	received proposal	{"CURRENT VIEW": 23, "msg": "proposal", "header view": 23, "prepare view": 22, "hash": "pmj4OJzIOBXqJKBq/WB/iFAMQJkaLhcosvbRgseJajI=", "parent": "7Bb+cvmJVOtnuxbz/jTx3aPFOlXYkwYfrDz8TccKono="}
replica 0 is forwarding chunk to replica 1
replica 0 is forwarding chunk to replica 2
replica 0 is forwarding chunk to replica 4
replica 0 is forwarding chunk to replica 5
replica 0 is forwarding chunk to replica 6
Decoded original proposal, time: 2022-11-27 04:39:33.333750553 +0000 UTC m=+96.551212655 header hash: [130 41 63 142 209 112 247 120 166 50 171 153 124 242 157 248 90 160 106 115 199 97 142 87 9 193 156 212 226 178 124 29]
2022-11-27T04:39:33.333Z	DEBUG	replica=0	coded-hotterstuff/consensus.go:576	received proposal	{"CURRENT VIEW": 23, "msg": "proposal", "header view": 24, "prepare view": 22, "hash": "gik/jtFw93imMquZfPKd+FqganPHYY5XCcGc1OKyfB0=", "parent": "pmj4OJzIOBXqJKBq/WB/iFAMQJkaLhcosvbRgseJajI="}
2022-11-27T04:39:33.341Z	DEBUG	replica=0	coded-hotterstuff/consensus.go:809	new block certified	{"CURRENT VIEW": 23, "view": 23, "hash": "pmj4OJzIOBXqJKBq/WB/iFAMQJkaLhcosvbRgseJajI="}
2022-11-27T04:39:33.341Z	DEBUG	replica=0	coded-hotterstuff/consensus.go:520	entered new view	{"CURRENT VIEW": 24, "view timeout": 2, "timedout": false}
2022-11-27T04:39:33.341Z	DEBUG	replica=0	coded-hotterstuff/consensus.go:788	new block locked	{"CURRENT VIEW": 24, "view": 22, "hash": "7Bb+cvmJVOtnuxbz/jTx3aPFOlXYkwYfrDz8TccKono="}
2022-11-27T04:39:33.341Z	INFO	replica=0	coded-hotterstuff/consensus.go:797	new block commited	{"CURRENT VIEW": 24, "view": 21, "hash": "0SZBQS4E4pFqiz2KHQNDBHMPXOkDtszRUc2EO9/2gmc="}
2022-11-27T04:39:33.342Z	DEBUG	replica=0	coded-hotterstuff/consensus.go:678	proposal is safe to vote on	{"CURRENT VIEW": 23, "msg": "proposal", "header view": 24, "prepare view": 22, "hash": "gik/jtFw93imMquZfPKd+FqganPHYY5XCcGc1OKyfB0=", "parent": "pmj4OJzIOBXqJKBq/WB/iFAMQJkaLhcosvbRgseJajI="}
Node  0 +1 block finalized at time:  2022-11-27 04:39:33.345015386 +0000 UTC m=+96.562477483
replica 0 is forwarding chunk to replica 1
replica 0 is forwarding chunk to replica 2
replica 0 is forwarding chunk to replica 4
replica 0 is forwarding chunk to replica 5
replica 0 is forwarding chunk to replica 6
replica 0 is forwarding chunk to replica 1
replica 0 is forwarding chunk to replica 2
replica 0 is forwarding chunk to replica 3
replica 0 is forwarding chunk to replica 5
replica 0 is forwarding chunk to replica 6
Decoded original proposal, time: 2022-11-27 04:39:34.841247453 +0000 UTC m=+98.058709596 header hash: [130 41 63 142 209 112 247 120 166 50 171 153 124 242 157 248 90 160 106 115 199 97 142 87 9 193 156 212 226 178 124 29]
2022-11-27T04:39:34.841Z	DEBUG	replica=0	coded-hotterstuff/consensus.go:576	received proposal	{"CURRENT VIEW": 24, "msg": "proposal", "header view": 24, "prepare view": 23, "hash": "gik/jtFw93imMquZfPKd+FqganPHYY5XCcGc1OKyfB0=", "parent": "pmj4OJzIOBXqJKBq/WB/iFAMQJkaLhcosvbRgseJajI="}
Decoded original proposal, time: 2022-11-27 04:39:36.951457816 +0000 UTC m=+100.168919957 header hash: [130 41 63 142 209 112 247 120 166 50 171 153 124 242 157 248 90 160 106 115 199 97 142 87 9 193 156 212 226 178 124 29]
2022-11-27T04:39:36.951Z	DEBUG	replica=0	coded-hotterstuff/consensus.go:576	received proposal	{"CURRENT VIEW": 24, "msg": "proposal", "header view": 24, "prepare view": 23, "hash": "gik/jtFw93imMquZfPKd+FqganPHYY5XCcGc1OKyfB0=", "parent": "pmj4OJzIOBXqJKBq/WB/iFAMQJkaLhcosvbRgseJajI="}
Decoded original proposal, time: 2022-11-27 04:39:36.973344359 +0000 UTC m=+100.190806503 header hash: [82 12 33 240 93 197 165 1 94 69 38 44 114 111 131 23 13 53 141 22 127 230 180 195 211 17 240 209 42 66 163 191]
2022-11-27T04:39:36.973Z	DEBUG	replica=0	coded-hotterstuff/consensus.go:576	received proposal	{"CURRENT VIEW": 24, "msg": "proposal", "header view": 25, "prepare view": 23, "hash": "Ugwh8F3FpQFeRSYscm+DFw01jRZ/5rTD0xHw0SpCo78=", "parent": "gik/jtFw93imMquZfPKd+FqganPHYY5XCcGc1OKyfB0="}
2022-11-27T04:39:36.982Z	DEBUG	replica=0	coded-hotterstuff/consensus.go:809	new block certified	{"CURRENT VIEW": 24, "view": 24, "hash": "gik/jtFw93imMquZfPKd+FqganPHYY5XCcGc1OKyfB0="}
2022-11-27T04:39:36.982Z	DEBUG	replica=0	coded-hotterstuff/consensus.go:520	entered new view	{"CURRENT VIEW": 25, "view timeout": 2, "timedout": false}
2022-11-27T04:39:36.982Z	DEBUG	replica=0	coded-hotterstuff/consensus.go:788	new block locked	{"CURRENT VIEW": 25, "view": 23, "hash": "pmj4OJzIOBXqJKBq/WB/iFAMQJkaLhcosvbRgseJajI="}
2022-11-27T04:39:36.982Z	INFO	replica=0	coded-hotterstuff/consensus.go:797	new block commited	{"CURRENT VIEW": 25, "view": 22, "hash": "7Bb+cvmJVOtnuxbz/jTx3aPFOlXYkwYfrDz8TccKono="}
2022-11-27T04:39:36.983Z	DEBUG	replica=0	coded-hotterstuff/consensus.go:678	proposal is safe to vote on	{"CURRENT VIEW": 24, "msg": "proposal", "header view": 25, "prepare view": 23, "hash": "Ugwh8F3FpQFeRSYscm+DFw01jRZ/5rTD0xHw0SpCo78=", "parent": "gik/jtFw93imMquZfPKd+FqganPHYY5XCcGc1OKyfB0="}
Node  0 +1 block finalized at time:  2022-11-27 04:39:36.985626943 +0000 UTC m=+100.203089037
replica 0 is forwarding chunk to replica 1
replica 0 is forwarding chunk to replica 2
replica 0 is forwarding chunk to replica 3
replica 0 is forwarding chunk to replica 5
replica 0 is forwarding chunk to replica 6
replica 0 is forwarding chunk to replica 1
replica 0 is forwarding chunk to replica 2
replica 0 is forwarding chunk to replica 3
replica 0 is forwarding chunk to replica 5
replica 0 is forwarding chunk to replica 6
Decoded original proposal, time: 2022-11-27 04:39:38.642938894 +0000 UTC m=+101.860401035 header hash: [82 12 33 240 93 197 165 1 94 69 38 44 114 111 131 23 13 53 141 22 127 230 180 195 211 17 240 209 42 66 163 191]
2022-11-27T04:39:38.642Z	DEBUG	replica=0	coded-hotterstuff/consensus.go:576	received proposal	{"CURRENT VIEW": 25, "msg": "proposal", "header view": 25, "prepare view": 24, "hash": "Ugwh8F3FpQFeRSYscm+DFw01jRZ/5rTD0xHw0SpCo78=", "parent": "gik/jtFw93imMquZfPKd+FqganPHYY5XCcGc1OKyfB0="}
replica 0 is forwarding chunk to replica 1
replica 0 is forwarding chunk to replica 2
replica 0 is forwarding chunk to replica 3
replica 0 is forwarding chunk to replica 4
replica 0 is forwarding chunk to replica 6
Decoded original proposal, time: 2022-11-27 04:39:40.698473708 +0000 UTC m=+103.915935851 header hash: [82 12 33 240 93 197 165 1 94 69 38 44 114 111 131 23 13 53 141 22 127 230 180 195 211 17 240 209 42 66 163 191]
2022-11-27T04:39:40.698Z	DEBUG	replica=0	coded-hotterstuff/consensus.go:576	received proposal	{"CURRENT VIEW": 25, "msg": "proposal", "header view": 25, "prepare view": 24, "hash": "Ugwh8F3FpQFeRSYscm+DFw01jRZ/5rTD0xHw0SpCo78=", "parent": "gik/jtFw93imMquZfPKd+FqganPHYY5XCcGc1OKyfB0="}
replica 0 is forwarding chunk to replica 1
replica 0 is forwarding chunk to replica 2
replica 0 is forwarding chunk to replica 3
replica 0 is forwarding chunk to replica 4
replica 0 is forwarding chunk to replica 6
Decoded original proposal, time: 2022-11-27 04:39:40.805360177 +0000 UTC m=+104.022822320 header hash: [4 92 222 242 88 244 7 42 136 122 14 69 49 227 58 66 22 66 11 141 253 91 119 103 62 24 21 53 219 2 9 239]
2022-11-27T04:39:40.805Z	DEBUG	replica=0	coded-hotterstuff/consensus.go:576	received proposal	{"CURRENT VIEW": 25, "msg": "proposal", "header view": 26, "prepare view": 24, "hash": "BFze8lj0ByqIeg5FMeM6QhZCC439W3dnPhgVNdsCCe8=", "parent": "Ugwh8F3FpQFeRSYscm+DFw01jRZ/5rTD0xHw0SpCo78="}
2022-11-27T04:39:40.813Z	DEBUG	replica=0	coded-hotterstuff/consensus.go:809	new block certified	{"CURRENT VIEW": 25, "view": 25, "hash": "Ugwh8F3FpQFeRSYscm+DFw01jRZ/5rTD0xHw0SpCo78="}
2022-11-27T04:39:40.813Z	DEBUG	replica=0	coded-hotterstuff/consensus.go:520	entered new view	{"CURRENT VIEW": 26, "view timeout": 2, "timedout": false}
2022-11-27T04:39:40.813Z	DEBUG	replica=0	coded-hotterstuff/consensus.go:788	new block locked	{"CURRENT VIEW": 26, "view": 24, "hash": "gik/jtFw93imMquZfPKd+FqganPHYY5XCcGc1OKyfB0="}
2022-11-27T04:39:40.813Z	INFO	replica=0	coded-hotterstuff/consensus.go:797	new block commited	{"CURRENT VIEW": 26, "view": 23, "hash": "pmj4OJzIOBXqJKBq/WB/iFAMQJkaLhcosvbRgseJajI="}
2022-11-27T04:39:40.814Z	DEBUG	replica=0	coded-hotterstuff/consensus.go:678	proposal is safe to vote on	{"CURRENT VIEW": 25, "msg": "proposal", "header view": 26, "prepare view": 24, "hash": "BFze8lj0ByqIeg5FMeM6QhZCC439W3dnPhgVNdsCCe8=", "parent": "Ugwh8F3FpQFeRSYscm+DFw01jRZ/5rTD0xHw0SpCo78="}
Node  0 +1 block finalized at time:  2022-11-27 04:39:40.817217847 +0000 UTC m=+104.034679941
replica 0 is forwarding chunk to replica 1
replica 0 is forwarding chunk to replica 2
replica 0 is forwarding chunk to replica 3
replica 0 is forwarding chunk to replica 4
replica 0 is forwarding chunk to replica 6
Decoded original proposal, time: 2022-11-27 04:39:42.47970436 +0000 UTC m=+105.697166476 header hash: [4 92 222 242 88 244 7 42 136 122 14 69 49 227 58 66 22 66 11 141 253 91 119 103 62 24 21 53 219 2 9 239]
2022-11-27T04:39:42.479Z	DEBUG	replica=0	coded-hotterstuff/consensus.go:576	received proposal	{"CURRENT VIEW": 26, "msg": "proposal", "header view": 26, "prepare view": 25, "hash": "BFze8lj0ByqIeg5FMeM6QhZCC439W3dnPhgVNdsCCe8=", "parent": "Ugwh8F3FpQFeRSYscm+DFw01jRZ/5rTD0xHw0SpCo78="}
