Node index: 0
[10.0.1.0:9000 10.0.1.2:9001 10.0.1.4:9002 10.0.1.6:9003 10.0.1.8:9004 10.0.1.10:9005 10.0.1.12:9006 10.0.1.14:9007 10.0.1.16:9008]
2022-11-28T17:45:56.405Z	DEBUG	replica=0	coded-hotterstuff/consensus.go:520	entered new view	{"CURRENT VIEW": 1, "view timeout": 2, "timedout": false}
connection established 0 - 2
Node  0 -->  Listening for messages... 
connection established 0 - 3
Node  0 -->  Listening for messages... 
connection established 0 - 4
Node  0 -->  Listening for messages... 
connection established 0 - 7
Node  0 -->  Listening for messages... 
connection established 0 - 5
Node  0 -->  Listening for messages... 
connection established 0 - 6
Node  0 -->  Listening for messages... 
connection established 0 - 8
Node  0 -->  Listening for messages... 
connection established 0 - 1
Node  0 -->  Listening for messages... 
replica 0 is forwarding chunk to replica 2
replica 0 is forwarding chunk to replica 3
replica 0 is forwarding chunk to replica 4
replica 0 is forwarding chunk to replica 5
replica 0 is forwarding chunk to replica 6
replica 0 is forwarding chunk to replica 7
replica 0 is forwarding chunk to replica 8
Decoded original proposal, time: 2022-11-28 17:45:58.751136804 +0000 UTC m=+2.476797377 header hash: [72 160 180 233 149 231 108 139 103 97 149 83 197 114 214 128 107 110 76 231 61 205 42 18 190 82 86 133 4 78 235 255]
2022-11-28T17:45:58.751Z	DEBUG	replica=0	coded-hotterstuff/consensus.go:576	received proposal	{"CURRENT VIEW": 1, "msg": "proposal", "header view": 1, "prepare view": 0, "hash": "SKC06ZXnbItnYZVTxXLWgGtuTOc9zSoSvlJWhQRO6/8=", "parent": "GZWDhiYW+ib6TpJWRLDOftUd8y8ovAaEerQWDbefS7c="}
2022-11-28T17:45:58.763Z	DEBUG	replica=0	coded-hotterstuff/consensus.go:777	could not find gparent header	{"CURRENT VIEW": 1, "view": 0, "hash": "GZWDhiYW+ib6TpJWRLDOftUd8y8ovAaEerQWDbefS7c="}
2022-11-28T17:45:58.766Z	DEBUG	replica=0	coded-hotterstuff/consensus.go:678	proposal is safe to vote on	{"CURRENT VIEW": 1, "msg": "proposal", "header view": 1, "prepare view": 0, "hash": "SKC06ZXnbItnYZVTxXLWgGtuTOc9zSoSvlJWhQRO6/8=", "parent": "GZWDhiYW+ib6TpJWRLDOftUd8y8ovAaEerQWDbefS7c="}
replica 0 is forwarding chunk to replica 1
replica 0 is forwarding chunk to replica 3
replica 0 is forwarding chunk to replica 4
replica 0 is forwarding chunk to replica 5
replica 0 is forwarding chunk to replica 6
replica 0 is forwarding chunk to replica 7
replica 0 is forwarding chunk to replica 8
Decoded original proposal, time: 2022-11-28 17:46:01.135056862 +0000 UTC m=+4.860717438 header hash: [112 240 93 77 174 234 64 155 158 20 106 227 158 234 134 149 230 112 20 24 127 150 17 128 149 69 129 124 42 247 80 171]
2022-11-28T17:46:01.135Z	DEBUG	replica=0	coded-hotterstuff/consensus.go:576	received proposal	{"CURRENT VIEW": 1, "msg": "proposal", "header view": 2, "prepare view": 0, "hash": "cPBdTa7qQJueFGrjnuqGleZwFBh/lhGAlUWBfCr3UKs=", "parent": "SKC06ZXnbItnYZVTxXLWgGtuTOc9zSoSvlJWhQRO6/8="}
2022-11-28T17:46:01.143Z	DEBUG	replica=0	coded-hotterstuff/consensus.go:809	new block certified	{"CURRENT VIEW": 1, "view": 1, "hash": "SKC06ZXnbItnYZVTxXLWgGtuTOc9zSoSvlJWhQRO6/8="}
2022-11-28T17:46:01.143Z	DEBUG	replica=0	coded-hotterstuff/consensus.go:520	entered new view	{"CURRENT VIEW": 2, "view timeout": 2, "timedout": false}
2022-11-28T17:46:01.143Z	DEBUG	replica=0	coded-hotterstuff/consensus.go:782	could not find ggparent header	{"CURRENT VIEW": 2, "view": 0, "hash": "GZWDhiYW+ib6TpJWRLDOftUd8y8ovAaEerQWDbefS7c="}
2022-11-28T17:46:01.145Z	DEBUG	replica=0	coded-hotterstuff/consensus.go:678	proposal is safe to vote on	{"CURRENT VIEW": 1, "msg": "proposal", "header view": 2, "prepare view": 0, "hash": "cPBdTa7qQJueFGrjnuqGleZwFBh/lhGAlUWBfCr3UKs=", "parent": "SKC06ZXnbItnYZVTxXLWgGtuTOc9zSoSvlJWhQRO6/8="}
replica 0 is forwarding chunk to replica 1
replica 0 is forwarding chunk to replica 3
replica 0 is forwarding chunk to replica 4
replica 0 is forwarding chunk to replica 5
replica 0 is forwarding chunk to replica 6
replica 0 is forwarding chunk to replica 7
replica 0 is forwarding chunk to replica 8
Decoded original proposal, time: 2022-11-28 17:46:02.23111789 +0000 UTC m=+5.956778512 header hash: [112 240 93 77 174 234 64 155 158 20 106 227 158 234 134 149 230 112 20 24 127 150 17 128 149 69 129 124 42 247 80 171]
2022-11-28T17:46:02.231Z	DEBUG	replica=0	coded-hotterstuff/consensus.go:576	received proposal	{"CURRENT VIEW": 2, "msg": "proposal", "header view": 2, "prepare view": 1, "hash": "cPBdTa7qQJueFGrjnuqGleZwFBh/lhGAlUWBfCr3UKs=", "parent": "SKC06ZXnbItnYZVTxXLWgGtuTOc9zSoSvlJWhQRO6/8="}
2022-11-28T17:46:02.242Z	DEBUG	replica=0	coded-hotterstuff/consensus.go:782	could not find ggparent header	{"CURRENT VIEW": 2, "view": 0, "hash": "GZWDhiYW+ib6TpJWRLDOftUd8y8ovAaEerQWDbefS7c="}
replica 0 is forwarding chunk to replica 1
replica 0 is forwarding chunk to replica 2
replica 0 is forwarding chunk to replica 4
replica 0 is forwarding chunk to replica 5
replica 0 is forwarding chunk to replica 6
replica 0 is forwarding chunk to replica 7
replica 0 is forwarding chunk to replica 8
Decoded original proposal, time: 2022-11-28 17:46:04.552253918 +0000 UTC m=+8.277914537 header hash: [112 177 115 22 63 1 229 2 188 132 41 134 91 243 148 216 155 140 26 48 57 5 100 136 252 109 95 105 67 73 234 227]
2022-11-28T17:46:04.552Z	DEBUG	replica=0	coded-hotterstuff/consensus.go:576	received proposal	{"CURRENT VIEW": 2, "msg": "proposal", "header view": 3, "prepare view": 1, "hash": "cLFzFj8B5QK8hCmGW/OU2JuMGjA5BWSI/G1faUNJ6uM=", "parent": "cPBdTa7qQJueFGrjnuqGleZwFBh/lhGAlUWBfCr3UKs="}
2022-11-28T17:46:04.565Z	DEBUG	replica=0	coded-hotterstuff/consensus.go:809	new block certified	{"CURRENT VIEW": 2, "view": 2, "hash": "cPBdTa7qQJueFGrjnuqGleZwFBh/lhGAlUWBfCr3UKs="}
2022-11-28T17:46:04.565Z	DEBUG	replica=0	coded-hotterstuff/consensus.go:520	entered new view	{"CURRENT VIEW": 3, "view timeout": 2, "timedout": false}
2022-11-28T17:46:04.565Z	DEBUG	replica=0	coded-hotterstuff/consensus.go:788	new block locked	{"CURRENT VIEW": 3, "view": 1, "hash": "SKC06ZXnbItnYZVTxXLWgGtuTOc9zSoSvlJWhQRO6/8="}
2022-11-28T17:46:04.566Z	DEBUG	replica=0	coded-hotterstuff/consensus.go:678	proposal is safe to vote on	{"CURRENT VIEW": 2, "msg": "proposal", "header view": 3, "prepare view": 1, "hash": "cLFzFj8B5QK8hCmGW/OU2JuMGjA5BWSI/G1faUNJ6uM=", "parent": "cPBdTa7qQJueFGrjnuqGleZwFBh/lhGAlUWBfCr3UKs="}
replica 0 is forwarding chunk to replica 1
replica 0 is forwarding chunk to replica 2
replica 0 is forwarding chunk to replica 4
replica 0 is forwarding chunk to replica 5
replica 0 is forwarding chunk to replica 6
replica 0 is forwarding chunk to replica 7
replica 0 is forwarding chunk to replica 8
replica 0 is forwarding chunk to replica 1
replica 0 is forwarding chunk to replica 2
replica 0 is forwarding chunk to replica 4
replica 0 is forwarding chunk to replica 5
replica 0 is forwarding chunk to replica 6
replica 0 is forwarding chunk to replica 7
replica 0 is forwarding chunk to replica 8
Decoded original proposal, time: 2022-11-28 17:46:05.718423345 +0000 UTC m=+9.444083978 header hash: [112 177 115 22 63 1 229 2 188 132 41 134 91 243 148 216 155 140 26 48 57 5 100 136 252 109 95 105 67 73 234 227]
2022-11-28T17:46:05.718Z	DEBUG	replica=0	coded-hotterstuff/consensus.go:576	received proposal	{"CURRENT VIEW": 3, "msg": "proposal", "header view": 3, "prepare view": 2, "hash": "cLFzFj8B5QK8hCmGW/OU2JuMGjA5BWSI/G1faUNJ6uM=", "parent": "cPBdTa7qQJueFGrjnuqGleZwFBh/lhGAlUWBfCr3UKs="}
replica 0 is forwarding chunk to replica 1
replica 0 is forwarding chunk to replica 2
replica 0 is forwarding chunk to replica 3
replica 0 is forwarding chunk to replica 5
replica 0 is forwarding chunk to replica 6
replica 0 is forwarding chunk to replica 7
replica 0 is forwarding chunk to replica 8
Decoded original proposal, time: 2022-11-28 17:46:07.1724647 +0000 UTC m=+10.898125272 header hash: [112 177 115 22 63 1 229 2 188 132 41 134 91 243 148 216 155 140 26 48 57 5 100 136 252 109 95 105 67 73 234 227]
2022-11-28T17:46:07.172Z	DEBUG	replica=0	coded-hotterstuff/consensus.go:576	received proposal	{"CURRENT VIEW": 3, "msg": "proposal", "header view": 3, "prepare view": 2, "hash": "cLFzFj8B5QK8hCmGW/OU2JuMGjA5BWSI/G1faUNJ6uM=", "parent": "cPBdTa7qQJueFGrjnuqGleZwFBh/lhGAlUWBfCr3UKs="}
replica 0 is forwarding chunk to replica 1
replica 0 is forwarding chunk to replica 2
replica 0 is forwarding chunk to replica 3
replica 0 is forwarding chunk to replica 5
replica 0 is forwarding chunk to replica 6
replica 0 is forwarding chunk to replica 7
replica 0 is forwarding chunk to replica 8
Decoded original proposal, time: 2022-11-28 17:46:08.332084378 +0000 UTC m=+12.057744958 header hash: [241 106 152 62 46 209 156 146 237 16 116 52 193 237 0 80 85 192 166 182 15 238 2 99 236 42 182 26 232 130 25 190]
2022-11-28T17:46:08.332Z	DEBUG	replica=0	coded-hotterstuff/consensus.go:576	received proposal	{"CURRENT VIEW": 3, "msg": "proposal", "header view": 4, "prepare view": 2, "hash": "8WqYPi7RnJLtEHQ0we0AUFXAprYP7gJj7Cq2GuiCGb4=", "parent": "cLFzFj8B5QK8hCmGW/OU2JuMGjA5BWSI/G1faUNJ6uM="}
2022-11-28T17:46:08.341Z	DEBUG	replica=0	coded-hotterstuff/consensus.go:809	new block certified	{"CURRENT VIEW": 3, "view": 3, "hash": "cLFzFj8B5QK8hCmGW/OU2JuMGjA5BWSI/G1faUNJ6uM="}
2022-11-28T17:46:08.341Z	DEBUG	replica=0	coded-hotterstuff/consensus.go:520	entered new view	{"CURRENT VIEW": 4, "view timeout": 2, "timedout": false}
2022-11-28T17:46:08.341Z	DEBUG	replica=0	coded-hotterstuff/consensus.go:788	new block locked	{"CURRENT VIEW": 4, "view": 2, "hash": "cPBdTa7qQJueFGrjnuqGleZwFBh/lhGAlUWBfCr3UKs="}
2022-11-28T17:46:08.341Z	INFO	replica=0	coded-hotterstuff/consensus.go:797	new block commited	{"CURRENT VIEW": 4, "view": 1, "hash": "SKC06ZXnbItnYZVTxXLWgGtuTOc9zSoSvlJWhQRO6/8="}
2022-11-28T17:46:08.343Z	DEBUG	replica=0	coded-hotterstuff/consensus.go:678	proposal is safe to vote on	{"CURRENT VIEW": 3, "msg": "proposal", "header view": 4, "prepare view": 2, "hash": "8WqYPi7RnJLtEHQ0we0AUFXAprYP7gJj7Cq2GuiCGb4=", "parent": "cLFzFj8B5QK8hCmGW/OU2JuMGjA5BWSI/G1faUNJ6uM="}
Node  0 +1 block finalized at time:  2022-11-28 17:46:08.346692244 +0000 UTC m=+12.072352805
replica 0 is forwarding chunk to replica 1
replica 0 is forwarding chunk to replica 2
replica 0 is forwarding chunk to replica 3
replica 0 is forwarding chunk to replica 5
replica 0 is forwarding chunk to replica 6
replica 0 is forwarding chunk to replica 7
replica 0 is forwarding chunk to replica 8
Decoded original proposal, time: 2022-11-28 17:46:09.552732422 +0000 UTC m=+13.278393045 header hash: [241 106 152 62 46 209 156 146 237 16 116 52 193 237 0 80 85 192 166 182 15 238 2 99 236 42 182 26 232 130 25 190]
2022-11-28T17:46:09.552Z	DEBUG	replica=0	coded-hotterstuff/consensus.go:576	received proposal	{"CURRENT VIEW": 4, "msg": "proposal", "header view": 4, "prepare view": 3, "hash": "8WqYPi7RnJLtEHQ0we0AUFXAprYP7gJj7Cq2GuiCGb4=", "parent": "cLFzFj8B5QK8hCmGW/OU2JuMGjA5BWSI/G1faUNJ6uM="}
replica 0 is forwarding chunk to replica 1
replica 0 is forwarding chunk to replica 2
replica 0 is forwarding chunk to replica 3
replica 0 is forwarding chunk to replica 4
replica 0 is forwarding chunk to replica 6
replica 0 is forwarding chunk to replica 7
replica 0 is forwarding chunk to replica 8
Decoded original proposal, time: 2022-11-28 17:46:10.601574307 +0000 UTC m=+14.327234889 header hash: [241 106 152 62 46 209 156 146 237 16 116 52 193 237 0 80 85 192 166 182 15 238 2 99 236 42 182 26 232 130 25 190]
2022-11-28T17:46:10.601Z	DEBUG	replica=0	coded-hotterstuff/consensus.go:576	received proposal	{"CURRENT VIEW": 4, "msg": "proposal", "header view": 4, "prepare view": 3, "hash": "8WqYPi7RnJLtEHQ0we0AUFXAprYP7gJj7Cq2GuiCGb4=", "parent": "cLFzFj8B5QK8hCmGW/OU2JuMGjA5BWSI/G1faUNJ6uM="}
Decoded original proposal, time: 2022-11-28 17:46:11.701200339 +0000 UTC m=+15.426860918 header hash: [142 10 227 234 199 14 168 203 47 218 211 136 230 41 94 109 68 52 16 5 27 142 16 70 5 23 250 1 182 25 221 148]
2022-11-28T17:46:11.701Z	DEBUG	replica=0	coded-hotterstuff/consensus.go:576	received proposal	{"CURRENT VIEW": 4, "msg": "proposal", "header view": 5, "prepare view": 3, "hash": "jgrj6scOqMsv2tOI5ilebUQ0EAUbjhBGBRf6AbYZ3ZQ=", "parent": "8WqYPi7RnJLtEHQ0we0AUFXAprYP7gJj7Cq2GuiCGb4="}
2022-11-28T17:46:11.710Z	DEBUG	replica=0	coded-hotterstuff/consensus.go:809	new block certified	{"CURRENT VIEW": 4, "view": 4, "hash": "8WqYPi7RnJLtEHQ0we0AUFXAprYP7gJj7Cq2GuiCGb4="}
2022-11-28T17:46:11.710Z	DEBUG	replica=0	coded-hotterstuff/consensus.go:520	entered new view	{"CURRENT VIEW": 5, "view timeout": 2, "timedout": false}
2022-11-28T17:46:11.710Z	DEBUG	replica=0	coded-hotterstuff/consensus.go:788	new block locked	{"CURRENT VIEW": 5, "view": 3, "hash": "cLFzFj8B5QK8hCmGW/OU2JuMGjA5BWSI/G1faUNJ6uM="}
2022-11-28T17:46:11.710Z	INFO	replica=0	coded-hotterstuff/consensus.go:797	new block commited	{"CURRENT VIEW": 5, "view": 2, "hash": "cPBdTa7qQJueFGrjnuqGleZwFBh/lhGAlUWBfCr3UKs="}
2022-11-28T17:46:11.711Z	DEBUG	replica=0	coded-hotterstuff/consensus.go:678	proposal is safe to vote on	{"CURRENT VIEW": 4, "msg": "proposal", "header view": 5, "prepare view": 3, "hash": "jgrj6scOqMsv2tOI5ilebUQ0EAUbjhBGBRf6AbYZ3ZQ=", "parent": "8WqYPi7RnJLtEHQ0we0AUFXAprYP7gJj7Cq2GuiCGb4="}
replica 0 is forwarding chunk to replica 1
replica 0 is forwarding chunk to replica 2
replica 0 is forwarding chunk to replica 3
replica 0 is forwarding chunk to replica 4
replica 0 is forwarding chunk to replica 6
replica 0 is forwarding chunk to replica 7
replica 0 is forwarding chunk to replica 8
Node  0 +1 block finalized at time:  2022-11-28 17:46:11.714385771 +0000 UTC m=+15.440046342
Decoded original proposal, time: 2022-11-28 17:46:12.846098832 +0000 UTC m=+16.571759412 header hash: [142 10 227 234 199 14 168 203 47 218 211 136 230 41 94 109 68 52 16 5 27 142 16 70 5 23 250 1 182 25 221 148]
2022-11-28T17:46:12.846Z	DEBUG	replica=0	coded-hotterstuff/consensus.go:576	received proposal	{"CURRENT VIEW": 5, "msg": "proposal", "header view": 5, "prepare view": 4, "hash": "jgrj6scOqMsv2tOI5ilebUQ0EAUbjhBGBRf6AbYZ3ZQ=", "parent": "8WqYPi7RnJLtEHQ0we0AUFXAprYP7gJj7Cq2GuiCGb4="}
replica 0 is forwarding chunk to replica 1
replica 0 is forwarding chunk to replica 2
replica 0 is forwarding chunk to replica 3
replica 0 is forwarding chunk to replica 4
replica 0 is forwarding chunk to replica 6
replica 0 is forwarding chunk to replica 7
replica 0 is forwarding chunk to replica 8
replica 0 is forwarding chunk to replica 1
replica 0 is forwarding chunk to replica 2
replica 0 is forwarding chunk to replica 3
replica 0 is forwarding chunk to replica 4
replica 0 is forwarding chunk to replica 5
replica 0 is forwarding chunk to replica 7
replica 0 is forwarding chunk to replica 8
Decoded original proposal, time: 2022-11-28 17:46:14.785497852 +0000 UTC m=+18.511158426 header hash: [142 10 227 234 199 14 168 203 47 218 211 136 230 41 94 109 68 52 16 5 27 142 16 70 5 23 250 1 182 25 221 148]
2022-11-28T17:46:14.785Z	DEBUG	replica=0	coded-hotterstuff/consensus.go:576	received proposal	{"CURRENT VIEW": 5, "msg": "proposal", "header view": 5, "prepare view": 4, "hash": "jgrj6scOqMsv2tOI5ilebUQ0EAUbjhBGBRf6AbYZ3ZQ=", "parent": "8WqYPi7RnJLtEHQ0we0AUFXAprYP7gJj7Cq2GuiCGb4="}
replica 0 is forwarding chunk to replica 1
replica 0 is forwarding chunk to replica 2
replica 0 is forwarding chunk to replica 3
replica 0 is forwarding chunk to replica 4
replica 0 is forwarding chunk to replica 5
replica 0 is forwarding chunk to replica 7
replica 0 is forwarding chunk to replica 8
Decoded original proposal, time: 2022-11-28 17:46:15.879315387 +0000 UTC m=+19.604976020 header hash: [144 90 124 249 42 55 49 193 182 202 159 220 172 15 148 92 178 123 123 95 139 252 214 157 36 122 219 17 149 62 178 46]
2022-11-28T17:46:15.879Z	DEBUG	replica=0	coded-hotterstuff/consensus.go:576	received proposal	{"CURRENT VIEW": 5, "msg": "proposal", "header view": 6, "prepare view": 4, "hash": "kFp8+So3McG2yp/crA+UXLJ7e1+L/NadJHrbEZU+si4=", "parent": "jgrj6scOqMsv2tOI5ilebUQ0EAUbjhBGBRf6AbYZ3ZQ="}
2022-11-28T17:46:15.887Z	DEBUG	replica=0	coded-hotterstuff/consensus.go:809	new block certified	{"CURRENT VIEW": 5, "view": 5, "hash": "jgrj6scOqMsv2tOI5ilebUQ0EAUbjhBGBRf6AbYZ3ZQ="}
2022-11-28T17:46:15.887Z	DEBUG	replica=0	coded-hotterstuff/consensus.go:520	entered new view	{"CURRENT VIEW": 6, "view timeout": 2, "timedout": false}
2022-11-28T17:46:15.887Z	DEBUG	replica=0	coded-hotterstuff/consensus.go:788	new block locked	{"CURRENT VIEW": 6, "view": 4, "hash": "8WqYPi7RnJLtEHQ0we0AUFXAprYP7gJj7Cq2GuiCGb4="}
2022-11-28T17:46:15.887Z	INFO	replica=0	coded-hotterstuff/consensus.go:797	new block commited	{"CURRENT VIEW": 6, "view": 3, "hash": "cLFzFj8B5QK8hCmGW/OU2JuMGjA5BWSI/G1faUNJ6uM="}
2022-11-28T17:46:15.888Z	DEBUG	replica=0	coded-hotterstuff/consensus.go:678	proposal is safe to vote on	{"CURRENT VIEW": 5, "msg": "proposal", "header view": 6, "prepare view": 4, "hash": "kFp8+So3McG2yp/crA+UXLJ7e1+L/NadJHrbEZU+si4=", "parent": "jgrj6scOqMsv2tOI5ilebUQ0EAUbjhBGBRf6AbYZ3ZQ="}
Node  0 +1 block finalized at time:  2022-11-28 17:46:15.890992531 +0000 UTC m=+19.616653098
Decoded original proposal, time: 2022-11-28 17:46:16.826297999 +0000 UTC m=+20.551958620 header hash: [144 90 124 249 42 55 49 193 182 202 159 220 172 15 148 92 178 123 123 95 139 252 214 157 36 122 219 17 149 62 178 46]
2022-11-28T17:46:16.826Z	DEBUG	replica=0	coded-hotterstuff/consensus.go:576	received proposal	{"CURRENT VIEW": 6, "msg": "proposal", "header view": 6, "prepare view": 5, "hash": "kFp8+So3McG2yp/crA+UXLJ7e1+L/NadJHrbEZU+si4=", "parent": "jgrj6scOqMsv2tOI5ilebUQ0EAUbjhBGBRf6AbYZ3ZQ="}
replica 0 is forwarding chunk to replica 1
replica 0 is forwarding chunk to replica 2
replica 0 is forwarding chunk to replica 3
replica 0 is forwarding chunk to replica 4
replica 0 is forwarding chunk to replica 5
replica 0 is forwarding chunk to replica 6
replica 0 is forwarding chunk to replica 8
Decoded original proposal, time: 2022-11-28 17:46:18.720615905 +0000 UTC m=+22.446276484 header hash: [82 186 70 5 171 170 163 31 242 237 216 214 91 95 174 96 9 56 150 120 198 10 139 98 230 188 67 131 78 157 60 15]
2022-11-28T17:46:18.720Z	DEBUG	replica=0	coded-hotterstuff/consensus.go:576	received proposal	{"CURRENT VIEW": 6, "msg": "proposal", "header view": 7, "prepare view": 5, "hash": "UrpGBauqox/y7djWW1+uYAk4lnjGCoti5rxDg06dPA8=", "parent": "kFp8+So3McG2yp/crA+UXLJ7e1+L/NadJHrbEZU+si4="}
2022-11-28T17:46:18.728Z	DEBUG	replica=0	coded-hotterstuff/consensus.go:809	new block certified	{"CURRENT VIEW": 6, "view": 6, "hash": "kFp8+So3McG2yp/crA+UXLJ7e1+L/NadJHrbEZU+si4="}
2022-11-28T17:46:18.728Z	DEBUG	replica=0	coded-hotterstuff/consensus.go:520	entered new view	{"CURRENT VIEW": 7, "view timeout": 2, "timedout": false}
2022-11-28T17:46:18.728Z	DEBUG	replica=0	coded-hotterstuff/consensus.go:788	new block locked	{"CURRENT VIEW": 7, "view": 5, "hash": "jgrj6scOqMsv2tOI5ilebUQ0EAUbjhBGBRf6AbYZ3ZQ="}
2022-11-28T17:46:18.728Z	INFO	replica=0	coded-hotterstuff/consensus.go:797	new block commited	{"CURRENT VIEW": 7, "view": 4, "hash": "8WqYPi7RnJLtEHQ0we0AUFXAprYP7gJj7Cq2GuiCGb4="}
2022-11-28T17:46:18.730Z	DEBUG	replica=0	coded-hotterstuff/consensus.go:678	proposal is safe to vote on	{"CURRENT VIEW": 6, "msg": "proposal", "header view": 7, "prepare view": 5, "hash": "UrpGBauqox/y7djWW1+uYAk4lnjGCoti5rxDg06dPA8=", "parent": "kFp8+So3McG2yp/crA+UXLJ7e1+L/NadJHrbEZU+si4="}
Node  0 +1 block finalized at time:  2022-11-28 17:46:18.733011125 +0000 UTC m=+22.458671699
replica 0 is forwarding chunk to replica 1
replica 0 is forwarding chunk to replica 2
replica 0 is forwarding chunk to replica 3
replica 0 is forwarding chunk to replica 4
replica 0 is forwarding chunk to replica 5
replica 0 is forwarding chunk to replica 6
replica 0 is forwarding chunk to replica 8
Decoded original proposal, time: 2022-11-28 17:46:20.057276846 +0000 UTC m=+23.782937454 header hash: [82 186 70 5 171 170 163 31 242 237 216 214 91 95 174 96 9 56 150 120 198 10 139 98 230 188 67 131 78 157 60 15]
2022-11-28T17:46:20.057Z	DEBUG	replica=0	coded-hotterstuff/consensus.go:576	received proposal	{"CURRENT VIEW": 7, "msg": "proposal", "header view": 7, "prepare view": 6, "hash": "UrpGBauqox/y7djWW1+uYAk4lnjGCoti5rxDg06dPA8=", "parent": "kFp8+So3McG2yp/crA+UXLJ7e1+L/NadJHrbEZU+si4="}
replica 0 is forwarding chunk to replica 1
replica 0 is forwarding chunk to replica 2
replica 0 is forwarding chunk to replica 3
replica 0 is forwarding chunk to replica 4
replica 0 is forwarding chunk to replica 5
replica 0 is forwarding chunk to replica 6
replica 0 is forwarding chunk to replica 8
replica 0 is forwarding chunk to replica 1
replica 0 is forwarding chunk to replica 2
replica 0 is forwarding chunk to replica 3
replica 0 is forwarding chunk to replica 4
replica 0 is forwarding chunk to replica 5
replica 0 is forwarding chunk to replica 6
replica 0 is forwarding chunk to replica 7
2022-11-28T17:46:21.173Z	DEBUG	replica=0	coded-hotterstuff/consensus.go:965	received vote	{"CURRENT VIEW": 7, "msg": "vote", "voter": 8, "view": 7, "hash": "CdTNHG77L/KNb6fxbFkMI5vefUtOuAcj6xhNSmb/gws="}
Node  0  received vote before proposal, saving vote in pending votes, hash is  [9 212 205 28 110 251 47 242 141 111 167 241 108 89 12 35 155 222 125 75 78 184 7 35 235 24 77 74 102 255 131 11]  and string is,  8
2022-11-28T17:46:21.173Z	DEBUG	replica=0	coded-hotterstuff/consensus.go:970	Received vote before proposal, key is, 8	{"CURRENT VIEW": 7}
Decoded original proposal, time: 2022-11-28 17:46:21.362899846 +0000 UTC m=+25.088560481 header hash: [82 186 70 5 171 170 163 31 242 237 216 214 91 95 174 96 9 56 150 120 198 10 139 98 230 188 67 131 78 157 60 15]
2022-11-28T17:46:21.362Z	DEBUG	replica=0	coded-hotterstuff/consensus.go:576	received proposal	{"CURRENT VIEW": 7, "msg": "proposal", "header view": 7, "prepare view": 6, "hash": "UrpGBauqox/y7djWW1+uYAk4lnjGCoti5rxDg06dPA8=", "parent": "kFp8+So3McG2yp/crA+UXLJ7e1+L/NadJHrbEZU+si4="}
replica 0 is forwarding chunk to replica 1
replica 0 is forwarding chunk to replica 2
replica 0 is forwarding chunk to replica 3
replica 0 is forwarding chunk to replica 4
replica 0 is forwarding chunk to replica 5
replica 0 is forwarding chunk to replica 6
replica 0 is forwarding chunk to replica 7
Decoded original proposal, time: 2022-11-28 17:46:22.430377984 +0000 UTC m=+26.156038606 header hash: [9 212 205 28 110 251 47 242 141 111 167 241 108 89 12 35 155 222 125 75 78 184 7 35 235 24 77 74 102 255 131 11]
2022-11-28T17:46:22.430Z	DEBUG	replica=0	coded-hotterstuff/consensus.go:576	received proposal	{"CURRENT VIEW": 7, "msg": "proposal", "header view": 8, "prepare view": 6, "hash": "CdTNHG77L/KNb6fxbFkMI5vefUtOuAcj6xhNSmb/gws=", "parent": "UrpGBauqox/y7djWW1+uYAk4lnjGCoti5rxDg06dPA8="}
2022-11-28T17:46:22.442Z	DEBUG	replica=0	coded-hotterstuff/consensus.go:809	new block certified	{"CURRENT VIEW": 7, "view": 7, "hash": "UrpGBauqox/y7djWW1+uYAk4lnjGCoti5rxDg06dPA8="}
2022-11-28T17:46:22.442Z	DEBUG	replica=0	coded-hotterstuff/consensus.go:520	entered new view	{"CURRENT VIEW": 8, "view timeout": 2, "timedout": false}
2022-11-28T17:46:22.442Z	DEBUG	replica=0	coded-hotterstuff/consensus.go:535	replica is a leader for next view. collecting new-view messages	{"CURRENT VIEW": 8}
2022-11-28T17:46:22.442Z	DEBUG	replica=0	coded-hotterstuff/consensus.go:788	new block locked	{"CURRENT VIEW": 8, "view": 6, "hash": "kFp8+So3McG2yp/crA+UXLJ7e1+L/NadJHrbEZU+si4="}
2022-11-28T17:46:22.442Z	INFO	replica=0	coded-hotterstuff/consensus.go:797	new block commited	{"CURRENT VIEW": 8, "view": 5, "hash": "jgrj6scOqMsv2tOI5ilebUQ0EAUbjhBGBRf6AbYZ3ZQ="}
2022-11-28T17:46:22.443Z	DEBUG	replica=0	coded-hotterstuff/consensus.go:678	proposal is safe to vote on	{"CURRENT VIEW": 7, "msg": "proposal", "header view": 8, "prepare view": 6, "hash": "CdTNHG77L/KNb6fxbFkMI5vefUtOuAcj6xhNSmb/gws=", "parent": "UrpGBauqox/y7djWW1+uYAk4lnjGCoti5rxDg06dPA8="}
2022-11-28T17:46:22.443Z	DEBUG	replica=0	coded-hotterstuff/consensus.go:758	Taking care of pending vote 8	{"CURRENT VIEW": 8}
2022-11-28T17:46:22.443Z	DEBUG	replica=0	coded-hotterstuff/consensus.go:965	received vote	{"CURRENT VIEW": 8, "msg": "vote", "voter": 8, "view": 8, "hash": "CdTNHG77L/KNb6fxbFkMI5vefUtOuAcj6xhNSmb/gws="}
2022-11-28T17:46:22.451Z	DEBUG	replica=0	coded-hotterstuff/consensus.go:965	received vote	{"CURRENT VIEW": 8, "msg": "vote", "voter": 0, "view": 8, "hash": "CdTNHG77L/KNb6fxbFkMI5vefUtOuAcj6xhNSmb/gws="}
Node  0 +1 block finalized at time:  2022-11-28 17:46:22.457440031 +0000 UTC m=+26.183100594
2022-11-28T17:46:22.545Z	DEBUG	replica=0	coded-hotterstuff/consensus.go:965	received vote	{"CURRENT VIEW": 8, "msg": "vote", "voter": 4, "view": 8, "hash": "CdTNHG77L/KNb6fxbFkMI5vefUtOuAcj6xhNSmb/gws="}
2022-11-28T17:46:22.554Z	DEBUG	replica=0	coded-hotterstuff/consensus.go:965	received vote	{"CURRENT VIEW": 8, "msg": "vote", "voter": 1, "view": 8, "hash": "CdTNHG77L/KNb6fxbFkMI5vefUtOuAcj6xhNSmb/gws="}
2022-11-28T17:46:22.613Z	DEBUG	replica=0	coded-hotterstuff/consensus.go:965	received vote	{"CURRENT VIEW": 8, "msg": "vote", "voter": 6, "view": 8, "hash": "CdTNHG77L/KNb6fxbFkMI5vefUtOuAcj6xhNSmb/gws="}
2022-11-28T17:46:23.249Z	DEBUG	replica=0	coded-hotterstuff/consensus.go:965	received vote	{"CURRENT VIEW": 8, "msg": "vote", "voter": 2, "view": 8, "hash": "CdTNHG77L/KNb6fxbFkMI5vefUtOuAcj6xhNSmb/gws="}
2022-11-28T17:46:23.316Z	DEBUG	replica=0	coded-hotterstuff/consensus.go:965	received vote	{"CURRENT VIEW": 8, "msg": "vote", "voter": 3, "view": 8, "hash": "CdTNHG77L/KNb6fxbFkMI5vefUtOuAcj6xhNSmb/gws="}
2022-11-28T17:46:23.322Z	DEBUG	replica=0	coded-hotterstuff/consensus.go:809	new block certified	{"CURRENT VIEW": 8, "view": 8, "hash": "CdTNHG77L/KNb6fxbFkMI5vefUtOuAcj6xhNSmb/gws="}
2022-11-28T17:46:23.322Z	DEBUG	replica=0	coded-hotterstuff/consensus.go:520	entered new view	{"CURRENT VIEW": 9, "view timeout": 2, "timedout": false}
2022-11-28T17:46:23.322Z	DEBUG	replica=0	coded-hotterstuff/consensus.go:544	replica is a leader for this view. waiting for data	{"CURRENT VIEW": 9}
2022-11-28T17:46:23.322Z	DEBUG	replica=0	coded-hotterstuff/consensus.go:520	entered new view	{"CURRENT VIEW": 9, "view timeout": 2, "timedout": false}
2022-11-28T17:46:23.322Z	DEBUG	replica=0	coded-hotterstuff/consensus.go:544	replica is a leader for this view. waiting for data	{"CURRENT VIEW": 9}
2022-11-28T17:46:23.325Z	DEBUG	replica=0	coded-hotterstuff/consensus.go:238	sending proposal	{"CURRENT VIEW": 9, "hash": "S5jvF8HlmLvBxjERXgBCYm1M/GPQBuOxef9Rwa5UXRA=", "parent": "CdTNHG77L/KNb6fxbFkMI5vefUtOuAcj6xhNSmb/gws=", "signer": 0}
2022-11-28T17:46:23.326Z	DEBUG	replica=0	coded-hotterstuff/consensus.go:576	received proposal	{"CURRENT VIEW": 9, "msg": "proposal", "header view": 9, "prepare view": 8, "hash": "S5jvF8HlmLvBxjERXgBCYm1M/GPQBuOxef9Rwa5UXRA=", "parent": "CdTNHG77L/KNb6fxbFkMI5vefUtOuAcj6xhNSmb/gws="}
2022-11-28T17:46:23.334Z	DEBUG	replica=0	coded-hotterstuff/consensus.go:788	new block locked	{"CURRENT VIEW": 9, "view": 7, "hash": "UrpGBauqox/y7djWW1+uYAk4lnjGCoti5rxDg06dPA8="}
2022-11-28T17:46:23.334Z	INFO	replica=0	coded-hotterstuff/consensus.go:797	new block commited	{"CURRENT VIEW": 9, "view": 6, "hash": "kFp8+So3McG2yp/crA+UXLJ7e1+L/NadJHrbEZU+si4="}
2022-11-28T17:46:23.337Z	DEBUG	replica=0	coded-hotterstuff/consensus.go:678	proposal is safe to vote on	{"CURRENT VIEW": 9, "msg": "proposal", "header view": 9, "prepare view": 8, "hash": "S5jvF8HlmLvBxjERXgBCYm1M/GPQBuOxef9Rwa5UXRA=", "parent": "CdTNHG77L/KNb6fxbFkMI5vefUtOuAcj6xhNSmb/gws="}
Node  0 +1 block finalized at time:  2022-11-28 17:46:23.339477881 +0000 UTC m=+27.065138452
2022-11-28T17:46:23.557Z	DEBUG	replica=0	coded-hotterstuff/consensus.go:965	received vote	{"CURRENT VIEW": 9, "msg": "vote", "voter": 5, "view": 9, "hash": "CdTNHG77L/KNb6fxbFkMI5vefUtOuAcj6xhNSmb/gws="}
2022-11-28T17:46:23.563Z	DEBUG	replica=0	coded-hotterstuff/consensus.go:520	entered new view	{"CURRENT VIEW": 9, "view timeout": 2, "timedout": false}
2022-11-28T17:46:23.563Z	DEBUG	replica=0	coded-hotterstuff/consensus.go:544	replica is a leader for this view. waiting for data	{"CURRENT VIEW": 9}
2022-11-28T17:46:23.566Z	DEBUG	replica=0	coded-hotterstuff/consensus.go:238	sending proposal	{"CURRENT VIEW": 9, "hash": "S5jvF8HlmLvBxjERXgBCYm1M/GPQBuOxef9Rwa5UXRA=", "parent": "CdTNHG77L/KNb6fxbFkMI5vefUtOuAcj6xhNSmb/gws=", "signer": 0}
2022-11-28T17:46:23.567Z	DEBUG	replica=0	coded-hotterstuff/consensus.go:576	received proposal	{"CURRENT VIEW": 9, "msg": "proposal", "header view": 9, "prepare view": 8, "hash": "S5jvF8HlmLvBxjERXgBCYm1M/GPQBuOxef9Rwa5UXRA=", "parent": "CdTNHG77L/KNb6fxbFkMI5vefUtOuAcj6xhNSmb/gws="}
Decoded original proposal, time: 2022-11-28 17:46:23.725690443 +0000 UTC m=+27.451351063 header hash: [9 212 205 28 110 251 47 242 141 111 167 241 108 89 12 35 155 222 125 75 78 184 7 35 235 24 77 74 102 255 131 11]
2022-11-28T17:46:23.725Z	DEBUG	replica=0	coded-hotterstuff/consensus.go:576	received proposal	{"CURRENT VIEW": 9, "msg": "proposal", "header view": 8, "prepare view": 8, "hash": "CdTNHG77L/KNb6fxbFkMI5vefUtOuAcj6xhNSmb/gws=", "parent": "UrpGBauqox/y7djWW1+uYAk4lnjGCoti5rxDg06dPA8="}
2022-11-28T17:46:23.734Z	DEBUG	replica=0	coded-hotterstuff/consensus.go:667	proposal view doesn't match local view	{"CURRENT VIEW": 9, "msg": "proposal", "header view": 8, "prepare view": 8, "hash": "CdTNHG77L/KNb6fxbFkMI5vefUtOuAcj6xhNSmb/gws=", "parent": "UrpGBauqox/y7djWW1+uYAk4lnjGCoti5rxDg06dPA8="}
replica 0 is forwarding chunk to replica 1
replica 0 is forwarding chunk to replica 2
replica 0 is forwarding chunk to replica 3
replica 0 is forwarding chunk to replica 4
replica 0 is forwarding chunk to replica 5
replica 0 is forwarding chunk to replica 6
replica 0 is forwarding chunk to replica 7
2022-11-28T17:46:23.971Z	DEBUG	replica=0	coded-hotterstuff/consensus.go:965	received vote	{"CURRENT VIEW": 9, "msg": "vote", "voter": 7, "view": 9, "hash": "CdTNHG77L/KNb6fxbFkMI5vefUtOuAcj6xhNSmb/gws="}
2022-11-28T17:46:23.977Z	DEBUG	replica=0	coded-hotterstuff/consensus.go:520	entered new view	{"CURRENT VIEW": 9, "view timeout": 2, "timedout": false}
2022-11-28T17:46:23.977Z	DEBUG	replica=0	coded-hotterstuff/consensus.go:544	replica is a leader for this view. waiting for data	{"CURRENT VIEW": 9}
2022-11-28T17:46:23.981Z	DEBUG	replica=0	coded-hotterstuff/consensus.go:238	sending proposal	{"CURRENT VIEW": 9, "hash": "S5jvF8HlmLvBxjERXgBCYm1M/GPQBuOxef9Rwa5UXRA=", "parent": "CdTNHG77L/KNb6fxbFkMI5vefUtOuAcj6xhNSmb/gws=", "signer": 0}
2022-11-28T17:46:23.982Z	DEBUG	replica=0	coded-hotterstuff/consensus.go:576	received proposal	{"CURRENT VIEW": 9, "msg": "proposal", "header view": 9, "prepare view": 8, "hash": "S5jvF8HlmLvBxjERXgBCYm1M/GPQBuOxef9Rwa5UXRA=", "parent": "CdTNHG77L/KNb6fxbFkMI5vefUtOuAcj6xhNSmb/gws="}
Decoded original proposal, time: 2022-11-28 17:46:24.6884034 +0000 UTC m=+28.414063979 header hash: [9 212 205 28 110 251 47 242 141 111 167 241 108 89 12 35 155 222 125 75 78 184 7 35 235 24 77 74 102 255 131 11]
2022-11-28T17:46:24.688Z	DEBUG	replica=0	coded-hotterstuff/consensus.go:576	received proposal	{"CURRENT VIEW": 9, "msg": "proposal", "header view": 8, "prepare view": 8, "hash": "CdTNHG77L/KNb6fxbFkMI5vefUtOuAcj6xhNSmb/gws=", "parent": "UrpGBauqox/y7djWW1+uYAk4lnjGCoti5rxDg06dPA8="}
2022-11-28T17:46:24.696Z	DEBUG	replica=0	coded-hotterstuff/consensus.go:667	proposal view doesn't match local view	{"CURRENT VIEW": 9, "msg": "proposal", "header view": 8, "prepare view": 8, "hash": "CdTNHG77L/KNb6fxbFkMI5vefUtOuAcj6xhNSmb/gws=", "parent": "UrpGBauqox/y7djWW1+uYAk4lnjGCoti5rxDg06dPA8="}
replica 0 is forwarding chunk to replica 2
replica 0 is forwarding chunk to replica 3
replica 0 is forwarding chunk to replica 4
replica 0 is forwarding chunk to replica 5
replica 0 is forwarding chunk to replica 6
replica 0 is forwarding chunk to replica 7
replica 0 is forwarding chunk to replica 8
replica 0 is forwarding chunk to replica 2
replica 0 is forwarding chunk to replica 3
replica 0 is forwarding chunk to replica 4
replica 0 is forwarding chunk to replica 5
replica 0 is forwarding chunk to replica 6
replica 0 is forwarding chunk to replica 7
replica 0 is forwarding chunk to replica 8
Decoded original proposal, time: 2022-11-28 17:46:29.715146703 +0000 UTC m=+33.440807325 header hash: [27 41 162 234 216 56 3 146 217 203 198 162 48 110 164 219 109 81 22 147 45 180 199 35 245 217 107 204 240 129 84 110]
2022-11-28T17:46:29.715Z	DEBUG	replica=0	coded-hotterstuff/consensus.go:576	received proposal	{"CURRENT VIEW": 9, "msg": "proposal", "header view": 10, "prepare view": 8, "hash": "Gymi6tg4A5LZy8aiMG6k221RFpMttMcj9dlrzPCBVG4=", "parent": "S5jvF8HlmLvBxjERXgBCYm1M/GPQBuOxef9Rwa5UXRA="}
2022-11-28T17:46:29.722Z	DEBUG	replica=0	coded-hotterstuff/consensus.go:809	new block certified	{"CURRENT VIEW": 9, "view": 9, "hash": "S5jvF8HlmLvBxjERXgBCYm1M/GPQBuOxef9Rwa5UXRA="}
2022-11-28T17:46:29.722Z	DEBUG	replica=0	coded-hotterstuff/consensus.go:520	entered new view	{"CURRENT VIEW": 10, "view timeout": 2, "timedout": false}
2022-11-28T17:46:29.723Z	DEBUG	replica=0	coded-hotterstuff/consensus.go:788	new block locked	{"CURRENT VIEW": 10, "view": 8, "hash": "CdTNHG77L/KNb6fxbFkMI5vefUtOuAcj6xhNSmb/gws="}
2022-11-28T17:46:29.723Z	INFO	replica=0	coded-hotterstuff/consensus.go:797	new block commited	{"CURRENT VIEW": 10, "view": 7, "hash": "UrpGBauqox/y7djWW1+uYAk4lnjGCoti5rxDg06dPA8="}
2022-11-28T17:46:29.724Z	DEBUG	replica=0	coded-hotterstuff/consensus.go:678	proposal is safe to vote on	{"CURRENT VIEW": 9, "msg": "proposal", "header view": 10, "prepare view": 8, "hash": "Gymi6tg4A5LZy8aiMG6k221RFpMttMcj9dlrzPCBVG4=", "parent": "S5jvF8HlmLvBxjERXgBCYm1M/GPQBuOxef9Rwa5UXRA="}
Node  0 +1 block finalized at time:  2022-11-28 17:46:29.726851001 +0000 UTC m=+33.452511574
Decoded original proposal, time: 2022-11-28 17:46:30.674625342 +0000 UTC m=+34.400285965 header hash: [27 41 162 234 216 56 3 146 217 203 198 162 48 110 164 219 109 81 22 147 45 180 199 35 245 217 107 204 240 129 84 110]
2022-11-28T17:46:30.674Z	DEBUG	replica=0	coded-hotterstuff/consensus.go:576	received proposal	{"CURRENT VIEW": 10, "msg": "proposal", "header view": 10, "prepare view": 9, "hash": "Gymi6tg4A5LZy8aiMG6k221RFpMttMcj9dlrzPCBVG4=", "parent": "S5jvF8HlmLvBxjERXgBCYm1M/GPQBuOxef9Rwa5UXRA="}
replica 0 is forwarding chunk to replica 1
replica 0 is forwarding chunk to replica 3
replica 0 is forwarding chunk to replica 4
replica 0 is forwarding chunk to replica 5
replica 0 is forwarding chunk to replica 6
replica 0 is forwarding chunk to replica 7
replica 0 is forwarding chunk to replica 8
replica 0 is forwarding chunk to replica 1
replica 0 is forwarding chunk to replica 3
replica 0 is forwarding chunk to replica 4
replica 0 is forwarding chunk to replica 5
replica 0 is forwarding chunk to replica 6
replica 0 is forwarding chunk to replica 7
replica 0 is forwarding chunk to replica 8
Decoded original proposal, time: 2022-11-28 17:46:33.269673213 +0000 UTC m=+36.995333813 header hash: [36 112 202 110 235 231 254 169 68 108 200 133 25 89 215 19 188 251 85 241 73 155 115 67 11 176 16 17 106 100 183 124]
2022-11-28T17:46:33.269Z	DEBUG	replica=0	coded-hotterstuff/consensus.go:576	received proposal	{"CURRENT VIEW": 10, "msg": "proposal", "header view": 11, "prepare view": 9, "hash": "JHDKbuvn/qlEbMiFGVnXE7z7VfFJm3NDC7AQEWpkt3w=", "parent": "Gymi6tg4A5LZy8aiMG6k221RFpMttMcj9dlrzPCBVG4="}
2022-11-28T17:46:33.277Z	DEBUG	replica=0	coded-hotterstuff/consensus.go:809	new block certified	{"CURRENT VIEW": 10, "view": 10, "hash": "Gymi6tg4A5LZy8aiMG6k221RFpMttMcj9dlrzPCBVG4="}
2022-11-28T17:46:33.277Z	DEBUG	replica=0	coded-hotterstuff/consensus.go:520	entered new view	{"CURRENT VIEW": 11, "view timeout": 2, "timedout": false}
2022-11-28T17:46:33.277Z	DEBUG	replica=0	coded-hotterstuff/consensus.go:788	new block locked	{"CURRENT VIEW": 11, "view": 9, "hash": "S5jvF8HlmLvBxjERXgBCYm1M/GPQBuOxef9Rwa5UXRA="}
2022-11-28T17:46:33.277Z	INFO	replica=0	coded-hotterstuff/consensus.go:797	new block commited	{"CURRENT VIEW": 11, "view": 8, "hash": "CdTNHG77L/KNb6fxbFkMI5vefUtOuAcj6xhNSmb/gws="}
2022-11-28T17:46:33.278Z	DEBUG	replica=0	coded-hotterstuff/consensus.go:678	proposal is safe to vote on	{"CURRENT VIEW": 10, "msg": "proposal", "header view": 11, "prepare view": 9, "hash": "JHDKbuvn/qlEbMiFGVnXE7z7VfFJm3NDC7AQEWpkt3w=", "parent": "Gymi6tg4A5LZy8aiMG6k221RFpMttMcj9dlrzPCBVG4="}
Node  0 +1 block finalized at time:  2022-11-28 17:46:33.2807699 +0000 UTC m=+37.006430470
Decoded original proposal, time: 2022-11-28 17:46:34.162397012 +0000 UTC m=+37.888057608 header hash: [36 112 202 110 235 231 254 169 68 108 200 133 25 89 215 19 188 251 85 241 73 155 115 67 11 176 16 17 106 100 183 124]
2022-11-28T17:46:34.162Z	DEBUG	replica=0	coded-hotterstuff/consensus.go:576	received proposal	{"CURRENT VIEW": 11, "msg": "proposal", "header view": 11, "prepare view": 10, "hash": "JHDKbuvn/qlEbMiFGVnXE7z7VfFJm3NDC7AQEWpkt3w=", "parent": "Gymi6tg4A5LZy8aiMG6k221RFpMttMcj9dlrzPCBVG4="}
replica 0 is forwarding chunk to replica 1
replica 0 is forwarding chunk to replica 2
replica 0 is forwarding chunk to replica 4
replica 0 is forwarding chunk to replica 5
replica 0 is forwarding chunk to replica 6
replica 0 is forwarding chunk to replica 7
replica 0 is forwarding chunk to replica 8
replica 0 is forwarding chunk to replica 1
replica 0 is forwarding chunk to replica 2
replica 0 is forwarding chunk to replica 4
replica 0 is forwarding chunk to replica 5
replica 0 is forwarding chunk to replica 6
replica 0 is forwarding chunk to replica 7
replica 0 is forwarding chunk to replica 8
Decoded original proposal, time: 2022-11-28 17:46:36.276767281 +0000 UTC m=+40.002427902 header hash: [225 164 165 204 236 180 59 151 178 38 118 190 136 53 193 22 146 46 81 162 175 160 6 50 132 174 159 221 166 0 223 96]
2022-11-28T17:46:36.276Z	DEBUG	replica=0	coded-hotterstuff/consensus.go:576	received proposal	{"CURRENT VIEW": 11, "msg": "proposal", "header view": 12, "prepare view": 10, "hash": "4aSlzOy0O5eyJna+iDXBFpIuUaKvoAYyhK6f3aYA32A=", "parent": "JHDKbuvn/qlEbMiFGVnXE7z7VfFJm3NDC7AQEWpkt3w="}
2022-11-28T17:46:36.286Z	DEBUG	replica=0	coded-hotterstuff/consensus.go:809	new block certified	{"CURRENT VIEW": 11, "view": 11, "hash": "JHDKbuvn/qlEbMiFGVnXE7z7VfFJm3NDC7AQEWpkt3w="}
2022-11-28T17:46:36.286Z	DEBUG	replica=0	coded-hotterstuff/consensus.go:520	entered new view	{"CURRENT VIEW": 12, "view timeout": 2, "timedout": false}
2022-11-28T17:46:36.286Z	DEBUG	replica=0	coded-hotterstuff/consensus.go:788	new block locked	{"CURRENT VIEW": 12, "view": 10, "hash": "Gymi6tg4A5LZy8aiMG6k221RFpMttMcj9dlrzPCBVG4="}
2022-11-28T17:46:36.286Z	INFO	replica=0	coded-hotterstuff/consensus.go:797	new block commited	{"CURRENT VIEW": 12, "view": 9, "hash": "S5jvF8HlmLvBxjERXgBCYm1M/GPQBuOxef9Rwa5UXRA="}
2022-11-28T17:46:36.287Z	DEBUG	replica=0	coded-hotterstuff/consensus.go:678	proposal is safe to vote on	{"CURRENT VIEW": 11, "msg": "proposal", "header view": 12, "prepare view": 10, "hash": "4aSlzOy0O5eyJna+iDXBFpIuUaKvoAYyhK6f3aYA32A=", "parent": "JHDKbuvn/qlEbMiFGVnXE7z7VfFJm3NDC7AQEWpkt3w="}
Node  0 +1 block finalized at time:  2022-11-28 17:46:36.289820101 +0000 UTC m=+40.015480672
replica 0 is forwarding chunk to replica 1
replica 0 is forwarding chunk to replica 2
replica 0 is forwarding chunk to replica 4
replica 0 is forwarding chunk to replica 5
replica 0 is forwarding chunk to replica 6
replica 0 is forwarding chunk to replica 7
replica 0 is forwarding chunk to replica 8
Decoded original proposal, time: 2022-11-28 17:46:37.344911061 +0000 UTC m=+41.070571681 header hash: [225 164 165 204 236 180 59 151 178 38 118 190 136 53 193 22 146 46 81 162 175 160 6 50 132 174 159 221 166 0 223 96]
2022-11-28T17:46:37.344Z	DEBUG	replica=0	coded-hotterstuff/consensus.go:576	received proposal	{"CURRENT VIEW": 12, "msg": "proposal", "header view": 12, "prepare view": 11, "hash": "4aSlzOy0O5eyJna+iDXBFpIuUaKvoAYyhK6f3aYA32A=", "parent": "JHDKbuvn/qlEbMiFGVnXE7z7VfFJm3NDC7AQEWpkt3w="}
replica 0 is forwarding chunk to replica 1
replica 0 is forwarding chunk to replica 2
replica 0 is forwarding chunk to replica 3
replica 0 is forwarding chunk to replica 5
replica 0 is forwarding chunk to replica 6
replica 0 is forwarding chunk to replica 7
replica 0 is forwarding chunk to replica 8
Decoded original proposal, time: 2022-11-28 17:46:38.625283545 +0000 UTC m=+42.350944123 header hash: [225 164 165 204 236 180 59 151 178 38 118 190 136 53 193 22 146 46 81 162 175 160 6 50 132 174 159 221 166 0 223 96]
2022-11-28T17:46:38.625Z	DEBUG	replica=0	coded-hotterstuff/consensus.go:576	received proposal	{"CURRENT VIEW": 12, "msg": "proposal", "header view": 12, "prepare view": 11, "hash": "4aSlzOy0O5eyJna+iDXBFpIuUaKvoAYyhK6f3aYA32A=", "parent": "JHDKbuvn/qlEbMiFGVnXE7z7VfFJm3NDC7AQEWpkt3w="}
replica 0 is forwarding chunk to replica 1
replica 0 is forwarding chunk to replica 2
replica 0 is forwarding chunk to replica 3
replica 0 is forwarding chunk to replica 5
replica 0 is forwarding chunk to replica 6
replica 0 is forwarding chunk to replica 7
replica 0 is forwarding chunk to replica 8
Decoded original proposal, time: 2022-11-28 17:46:39.65727602 +0000 UTC m=+43.382936600 header hash: [55 71 12 88 170 89 30 100 228 23 243 137 27 6 133 29 78 24 217 198 107 27 88 123 223 127 133 219 145 253 87 161]
2022-11-28T17:46:39.657Z	DEBUG	replica=0	coded-hotterstuff/consensus.go:576	received proposal	{"CURRENT VIEW": 12, "msg": "proposal", "header view": 13, "prepare view": 11, "hash": "N0cMWKpZHmTkF/OJGwaFHU4Y2cZrG1h733+F25H9V6E=", "parent": "4aSlzOy0O5eyJna+iDXBFpIuUaKvoAYyhK6f3aYA32A="}
2022-11-28T17:46:39.664Z	DEBUG	replica=0	coded-hotterstuff/consensus.go:809	new block certified	{"CURRENT VIEW": 12, "view": 12, "hash": "4aSlzOy0O5eyJna+iDXBFpIuUaKvoAYyhK6f3aYA32A="}
2022-11-28T17:46:39.664Z	DEBUG	replica=0	coded-hotterstuff/consensus.go:520	entered new view	{"CURRENT VIEW": 13, "view timeout": 2, "timedout": false}
2022-11-28T17:46:39.664Z	DEBUG	replica=0	coded-hotterstuff/consensus.go:788	new block locked	{"CURRENT VIEW": 13, "view": 11, "hash": "JHDKbuvn/qlEbMiFGVnXE7z7VfFJm3NDC7AQEWpkt3w="}
2022-11-28T17:46:39.664Z	INFO	replica=0	coded-hotterstuff/consensus.go:797	new block commited	{"CURRENT VIEW": 13, "view": 10, "hash": "Gymi6tg4A5LZy8aiMG6k221RFpMttMcj9dlrzPCBVG4="}
2022-11-28T17:46:39.667Z	DEBUG	replica=0	coded-hotterstuff/consensus.go:678	proposal is safe to vote on	{"CURRENT VIEW": 12, "msg": "proposal", "header view": 13, "prepare view": 11, "hash": "N0cMWKpZHmTkF/OJGwaFHU4Y2cZrG1h733+F25H9V6E=", "parent": "4aSlzOy0O5eyJna+iDXBFpIuUaKvoAYyhK6f3aYA32A="}
Node  0 +1 block finalized at time:  2022-11-28 17:46:39.669634405 +0000 UTC m=+43.395294967
replica 0 is forwarding chunk to replica 1
replica 0 is forwarding chunk to replica 2
replica 0 is forwarding chunk to replica 3
replica 0 is forwarding chunk to replica 5
replica 0 is forwarding chunk to replica 6
replica 0 is forwarding chunk to replica 7
replica 0 is forwarding chunk to replica 8
Decoded original proposal, time: 2022-11-28 17:46:40.754751738 +0000 UTC m=+44.480412318 header hash: [55 71 12 88 170 89 30 100 228 23 243 137 27 6 133 29 78 24 217 198 107 27 88 123 223 127 133 219 145 253 87 161]
2022-11-28T17:46:40.754Z	DEBUG	replica=0	coded-hotterstuff/consensus.go:576	received proposal	{"CURRENT VIEW": 13, "msg": "proposal", "header view": 13, "prepare view": 12, "hash": "N0cMWKpZHmTkF/OJGwaFHU4Y2cZrG1h733+F25H9V6E=", "parent": "4aSlzOy0O5eyJna+iDXBFpIuUaKvoAYyhK6f3aYA32A="}
Decoded original proposal, time: 2022-11-28 17:46:42.159981036 +0000 UTC m=+45.885641655 header hash: [55 71 12 88 170 89 30 100 228 23 243 137 27 6 133 29 78 24 217 198 107 27 88 123 223 127 133 219 145 253 87 161]
2022-11-28T17:46:42.160Z	DEBUG	replica=0	coded-hotterstuff/consensus.go:576	received proposal	{"CURRENT VIEW": 13, "msg": "proposal", "header view": 13, "prepare view": 12, "hash": "N0cMWKpZHmTkF/OJGwaFHU4Y2cZrG1h733+F25H9V6E=", "parent": "4aSlzOy0O5eyJna+iDXBFpIuUaKvoAYyhK6f3aYA32A="}
replica 0 is forwarding chunk to replica 1
replica 0 is forwarding chunk to replica 2
replica 0 is forwarding chunk to replica 3
replica 0 is forwarding chunk to replica 4
replica 0 is forwarding chunk to replica 6
replica 0 is forwarding chunk to replica 7
replica 0 is forwarding chunk to replica 8
replica 0 is forwarding chunk to replica 1
replica 0 is forwarding chunk to replica 2
replica 0 is forwarding chunk to replica 3
replica 0 is forwarding chunk to replica 4
replica 0 is forwarding chunk to replica 6
replica 0 is forwarding chunk to replica 7
replica 0 is forwarding chunk to replica 8
Decoded original proposal, time: 2022-11-28 17:46:43.804833956 +0000 UTC m=+47.530494576 header hash: [179 79 157 9 84 57 195 200 132 217 159 131 10 204 29 20 183 79 241 0 252 79 239 189 106 39 9 193 130 153 110 137]
2022-11-28T17:46:43.804Z	DEBUG	replica=0	coded-hotterstuff/consensus.go:576	received proposal	{"CURRENT VIEW": 13, "msg": "proposal", "header view": 14, "prepare view": 12, "hash": "s0+dCVQ5w8iE2Z+DCswdFLdP8QD8T++9aicJwYKZbok=", "parent": "N0cMWKpZHmTkF/OJGwaFHU4Y2cZrG1h733+F25H9V6E="}
2022-11-28T17:46:43.812Z	DEBUG	replica=0	coded-hotterstuff/consensus.go:809	new block certified	{"CURRENT VIEW": 13, "view": 13, "hash": "N0cMWKpZHmTkF/OJGwaFHU4Y2cZrG1h733+F25H9V6E="}
2022-11-28T17:46:43.812Z	DEBUG	replica=0	coded-hotterstuff/consensus.go:520	entered new view	{"CURRENT VIEW": 14, "view timeout": 2, "timedout": false}
2022-11-28T17:46:43.814Z	DEBUG	replica=0	coded-hotterstuff/consensus.go:788	new block locked	{"CURRENT VIEW": 14, "view": 12, "hash": "4aSlzOy0O5eyJna+iDXBFpIuUaKvoAYyhK6f3aYA32A="}
2022-11-28T17:46:43.814Z	INFO	replica=0	coded-hotterstuff/consensus.go:797	new block commited	{"CURRENT VIEW": 14, "view": 11, "hash": "JHDKbuvn/qlEbMiFGVnXE7z7VfFJm3NDC7AQEWpkt3w="}
2022-11-28T17:46:43.814Z	DEBUG	replica=0	coded-hotterstuff/consensus.go:678	proposal is safe to vote on	{"CURRENT VIEW": 13, "msg": "proposal", "header view": 14, "prepare view": 12, "hash": "s0+dCVQ5w8iE2Z+DCswdFLdP8QD8T++9aicJwYKZbok=", "parent": "N0cMWKpZHmTkF/OJGwaFHU4Y2cZrG1h733+F25H9V6E="}
Node  0 +1 block finalized at time:  2022-11-28 17:46:43.817206079 +0000 UTC m=+47.542866656
Decoded original proposal, time: 2022-11-28 17:46:44.74699729 +0000 UTC m=+48.472657869 header hash: [179 79 157 9 84 57 195 200 132 217 159 131 10 204 29 20 183 79 241 0 252 79 239 189 106 39 9 193 130 153 110 137]
2022-11-28T17:46:44.747Z	DEBUG	replica=0	coded-hotterstuff/consensus.go:576	received proposal	{"CURRENT VIEW": 14, "msg": "proposal", "header view": 14, "prepare view": 13, "hash": "s0+dCVQ5w8iE2Z+DCswdFLdP8QD8T++9aicJwYKZbok=", "parent": "N0cMWKpZHmTkF/OJGwaFHU4Y2cZrG1h733+F25H9V6E="}
replica 0 is forwarding chunk to replica 1
replica 0 is forwarding chunk to replica 2
replica 0 is forwarding chunk to replica 3
replica 0 is forwarding chunk to replica 4
replica 0 is forwarding chunk to replica 6
replica 0 is forwarding chunk to replica 7
replica 0 is forwarding chunk to replica 8
replica 0 is forwarding chunk to replica 1
replica 0 is forwarding chunk to replica 2
replica 0 is forwarding chunk to replica 3
replica 0 is forwarding chunk to replica 4
replica 0 is forwarding chunk to replica 5
replica 0 is forwarding chunk to replica 7
replica 0 is forwarding chunk to replica 8
replica 0 is forwarding chunk to replica 1
replica 0 is forwarding chunk to replica 2
replica 0 is forwarding chunk to replica 3
replica 0 is forwarding chunk to replica 4
replica 0 is forwarding chunk to replica 5
replica 0 is forwarding chunk to replica 7
replica 0 is forwarding chunk to replica 8
Decoded original proposal, time: 2022-11-28 17:46:46.937565568 +0000 UTC m=+50.663226230 header hash: [179 79 157 9 84 57 195 200 132 217 159 131 10 204 29 20 183 79 241 0 252 79 239 189 106 39 9 193 130 153 110 137]
2022-11-28T17:46:46.937Z	DEBUG	replica=0	coded-hotterstuff/consensus.go:576	received proposal	{"CURRENT VIEW": 14, "msg": "proposal", "header view": 14, "prepare view": 13, "hash": "s0+dCVQ5w8iE2Z+DCswdFLdP8QD8T++9aicJwYKZbok=", "parent": "N0cMWKpZHmTkF/OJGwaFHU4Y2cZrG1h733+F25H9V6E="}
Decoded original proposal, time: 2022-11-28 17:46:47.728210784 +0000 UTC m=+51.453871376 header hash: [202 72 185 184 152 74 130 52 19 230 34 218 220 212 95 146 25 2 29 196 82 105 189 28 182 138 255 42 166 91 160 208]
2022-11-28T17:46:47.728Z	DEBUG	replica=0	coded-hotterstuff/consensus.go:576	received proposal	{"CURRENT VIEW": 14, "msg": "proposal", "header view": 15, "prepare view": 13, "hash": "yki5uJhKgjQT5iLa3NRfkhkCHcRSab0ctor/KqZboNA=", "parent": "s0+dCVQ5w8iE2Z+DCswdFLdP8QD8T++9aicJwYKZbok="}
2022-11-28T17:46:47.735Z	DEBUG	replica=0	coded-hotterstuff/consensus.go:809	new block certified	{"CURRENT VIEW": 14, "view": 14, "hash": "s0+dCVQ5w8iE2Z+DCswdFLdP8QD8T++9aicJwYKZbok="}
2022-11-28T17:46:47.735Z	DEBUG	replica=0	coded-hotterstuff/consensus.go:520	entered new view	{"CURRENT VIEW": 15, "view timeout": 2, "timedout": false}
2022-11-28T17:46:47.735Z	DEBUG	replica=0	coded-hotterstuff/consensus.go:788	new block locked	{"CURRENT VIEW": 15, "view": 13, "hash": "N0cMWKpZHmTkF/OJGwaFHU4Y2cZrG1h733+F25H9V6E="}
2022-11-28T17:46:47.735Z	INFO	replica=0	coded-hotterstuff/consensus.go:797	new block commited	{"CURRENT VIEW": 15, "view": 12, "hash": "4aSlzOy0O5eyJna+iDXBFpIuUaKvoAYyhK6f3aYA32A="}
2022-11-28T17:46:47.739Z	DEBUG	replica=0	coded-hotterstuff/consensus.go:678	proposal is safe to vote on	{"CURRENT VIEW": 14, "msg": "proposal", "header view": 15, "prepare view": 13, "hash": "yki5uJhKgjQT5iLa3NRfkhkCHcRSab0ctor/KqZboNA=", "parent": "s0+dCVQ5w8iE2Z+DCswdFLdP8QD8T++9aicJwYKZbok="}
Node  0 +1 block finalized at time:  2022-11-28 17:46:47.741264227 +0000 UTC m=+51.466924807
replica 0 is forwarding chunk to replica 1
replica 0 is forwarding chunk to replica 2
replica 0 is forwarding chunk to replica 3
replica 0 is forwarding chunk to replica 4
replica 0 is forwarding chunk to replica 5
replica 0 is forwarding chunk to replica 7
replica 0 is forwarding chunk to replica 8
Decoded original proposal, time: 2022-11-28 17:46:48.891786098 +0000 UTC m=+52.617446672 header hash: [202 72 185 184 152 74 130 52 19 230 34 218 220 212 95 146 25 2 29 196 82 105 189 28 182 138 255 42 166 91 160 208]
2022-11-28T17:46:48.891Z	DEBUG	replica=0	coded-hotterstuff/consensus.go:576	received proposal	{"CURRENT VIEW": 15, "msg": "proposal", "header view": 15, "prepare view": 14, "hash": "yki5uJhKgjQT5iLa3NRfkhkCHcRSab0ctor/KqZboNA=", "parent": "s0+dCVQ5w8iE2Z+DCswdFLdP8QD8T++9aicJwYKZbok="}
Decoded original proposal, time: 2022-11-28 17:46:49.643585448 +0000 UTC m=+53.369246020 header hash: [202 72 185 184 152 74 130 52 19 230 34 218 220 212 95 146 25 2 29 196 82 105 189 28 182 138 255 42 166 91 160 208]
2022-11-28T17:46:49.643Z	DEBUG	replica=0	coded-hotterstuff/consensus.go:576	received proposal	{"CURRENT VIEW": 15, "msg": "proposal", "header view": 15, "prepare view": 14, "hash": "yki5uJhKgjQT5iLa3NRfkhkCHcRSab0ctor/KqZboNA=", "parent": "s0+dCVQ5w8iE2Z+DCswdFLdP8QD8T++9aicJwYKZbok="}
replica 0 is forwarding chunk to replica 1
replica 0 is forwarding chunk to replica 2
replica 0 is forwarding chunk to replica 3
replica 0 is forwarding chunk to replica 4
replica 0 is forwarding chunk to replica 5
replica 0 is forwarding chunk to replica 6
replica 0 is forwarding chunk to replica 8
Decoded original proposal, time: 2022-11-28 17:46:51.947199806 +0000 UTC m=+55.672860399 header hash: [60 3 172 192 158 69 228 82 139 18 154 192 39 84 167 184 246 172 168 97 72 51 107 161 52 135 29 101 211 31 104 44]
2022-11-28T17:46:51.947Z	DEBUG	replica=0	coded-hotterstuff/consensus.go:576	received proposal	{"CURRENT VIEW": 15, "msg": "proposal", "header view": 16, "prepare view": 14, "hash": "PAOswJ5F5FKLEprAJ1SnuPasqGFIM2uhNIcdZdMfaCw=", "parent": "yki5uJhKgjQT5iLa3NRfkhkCHcRSab0ctor/KqZboNA="}
2022-11-28T17:46:51.960Z	DEBUG	replica=0	coded-hotterstuff/consensus.go:809	new block certified	{"CURRENT VIEW": 15, "view": 15, "hash": "yki5uJhKgjQT5iLa3NRfkhkCHcRSab0ctor/KqZboNA="}
2022-11-28T17:46:51.960Z	DEBUG	replica=0	coded-hotterstuff/consensus.go:520	entered new view	{"CURRENT VIEW": 16, "view timeout": 2, "timedout": false}
2022-11-28T17:46:51.960Z	DEBUG	replica=0	coded-hotterstuff/consensus.go:788	new block locked	{"CURRENT VIEW": 16, "view": 14, "hash": "s0+dCVQ5w8iE2Z+DCswdFLdP8QD8T++9aicJwYKZbok="}
2022-11-28T17:46:51.960Z	INFO	replica=0	coded-hotterstuff/consensus.go:797	new block commited	{"CURRENT VIEW": 16, "view": 13, "hash": "N0cMWKpZHmTkF/OJGwaFHU4Y2cZrG1h733+F25H9V6E="}
2022-11-28T17:46:51.961Z	DEBUG	replica=0	coded-hotterstuff/consensus.go:678	proposal is safe to vote on	{"CURRENT VIEW": 15, "msg": "proposal", "header view": 16, "prepare view": 14, "hash": "PAOswJ5F5FKLEprAJ1SnuPasqGFIM2uhNIcdZdMfaCw=", "parent": "yki5uJhKgjQT5iLa3NRfkhkCHcRSab0ctor/KqZboNA="}
Node  0 +1 block finalized at time:  2022-11-28 17:46:51.965349045 +0000 UTC m=+55.691009623
replica 0 is forwarding chunk to replica 1
replica 0 is forwarding chunk to replica 2
replica 0 is forwarding chunk to replica 3
replica 0 is forwarding chunk to replica 4
replica 0 is forwarding chunk to replica 5
replica 0 is forwarding chunk to replica 6
replica 0 is forwarding chunk to replica 8
Decoded original proposal, time: 2022-11-28 17:46:53.231493892 +0000 UTC m=+56.957154512 header hash: [60 3 172 192 158 69 228 82 139 18 154 192 39 84 167 184 246 172 168 97 72 51 107 161 52 135 29 101 211 31 104 44]
2022-11-28T17:46:53.231Z	DEBUG	replica=0	coded-hotterstuff/consensus.go:576	received proposal	{"CURRENT VIEW": 16, "msg": "proposal", "header view": 16, "prepare view": 15, "hash": "PAOswJ5F5FKLEprAJ1SnuPasqGFIM2uhNIcdZdMfaCw=", "parent": "yki5uJhKgjQT5iLa3NRfkhkCHcRSab0ctor/KqZboNA="}
replica 0 is forwarding chunk to replica 1
replica 0 is forwarding chunk to replica 2
replica 0 is forwarding chunk to replica 3
replica 0 is forwarding chunk to replica 4
replica 0 is forwarding chunk to replica 5
replica 0 is forwarding chunk to replica 6
replica 0 is forwarding chunk to replica 8
Decoded original proposal, time: 2022-11-28 17:46:54.078374473 +0000 UTC m=+57.804035093 header hash: [60 3 172 192 158 69 228 82 139 18 154 192 39 84 167 184 246 172 168 97 72 51 107 161 52 135 29 101 211 31 104 44]
2022-11-28T17:46:54.078Z	DEBUG	replica=0	coded-hotterstuff/consensus.go:576	received proposal	{"CURRENT VIEW": 16, "msg": "proposal", "header view": 16, "prepare view": 15, "hash": "PAOswJ5F5FKLEprAJ1SnuPasqGFIM2uhNIcdZdMfaCw=", "parent": "yki5uJhKgjQT5iLa3NRfkhkCHcRSab0ctor/KqZboNA="}
replica 0 is forwarding chunk to replica 1
replica 0 is forwarding chunk to replica 2
replica 0 is forwarding chunk to replica 3
replica 0 is forwarding chunk to replica 4
replica 0 is forwarding chunk to replica 5
replica 0 is forwarding chunk to replica 6
replica 0 is forwarding chunk to replica 7
2022-11-28T17:46:55.432Z	DEBUG	replica=0	coded-hotterstuff/consensus.go:965	received vote	{"CURRENT VIEW": 16, "msg": "vote", "voter": 8, "view": 16, "hash": "fbyAo5VKEVdmy5epf95saK65Dkgc3+iXrMxeW3XrK2g="}
Node  0  received vote before proposal, saving vote in pending votes, hash is  [125 188 128 163 149 74 17 87 102 203 151 169 127 222 108 104 174 185 14 72 28 223 232 151 172 204 94 91 117 235 43 104]  and string is,  17
2022-11-28T17:46:55.432Z	DEBUG	replica=0	coded-hotterstuff/consensus.go:970	Received vote before proposal, key is, 17	{"CURRENT VIEW": 16}
Decoded original proposal, time: 2022-11-28 17:46:55.941020574 +0000 UTC m=+59.666681205 header hash: [125 188 128 163 149 74 17 87 102 203 151 169 127 222 108 104 174 185 14 72 28 223 232 151 172 204 94 91 117 235 43 104]
2022-11-28T17:46:55.941Z	DEBUG	replica=0	coded-hotterstuff/consensus.go:576	received proposal	{"CURRENT VIEW": 16, "msg": "proposal", "header view": 17, "prepare view": 15, "hash": "fbyAo5VKEVdmy5epf95saK65Dkgc3+iXrMxeW3XrK2g=", "parent": "PAOswJ5F5FKLEprAJ1SnuPasqGFIM2uhNIcdZdMfaCw="}
2022-11-28T17:46:55.948Z	DEBUG	replica=0	coded-hotterstuff/consensus.go:809	new block certified	{"CURRENT VIEW": 16, "view": 16, "hash": "PAOswJ5F5FKLEprAJ1SnuPasqGFIM2uhNIcdZdMfaCw="}
2022-11-28T17:46:55.948Z	DEBUG	replica=0	coded-hotterstuff/consensus.go:520	entered new view	{"CURRENT VIEW": 17, "view timeout": 2, "timedout": false}
2022-11-28T17:46:55.948Z	DEBUG	replica=0	coded-hotterstuff/consensus.go:535	replica is a leader for next view. collecting new-view messages	{"CURRENT VIEW": 17}
2022-11-28T17:46:55.948Z	DEBUG	replica=0	coded-hotterstuff/consensus.go:788	new block locked	{"CURRENT VIEW": 17, "view": 15, "hash": "yki5uJhKgjQT5iLa3NRfkhkCHcRSab0ctor/KqZboNA="}
2022-11-28T17:46:55.948Z	INFO	replica=0	coded-hotterstuff/consensus.go:797	new block commited	{"CURRENT VIEW": 17, "view": 14, "hash": "s0+dCVQ5w8iE2Z+DCswdFLdP8QD8T++9aicJwYKZbok="}
2022-11-28T17:46:55.949Z	DEBUG	replica=0	coded-hotterstuff/consensus.go:678	proposal is safe to vote on	{"CURRENT VIEW": 16, "msg": "proposal", "header view": 17, "prepare view": 15, "hash": "fbyAo5VKEVdmy5epf95saK65Dkgc3+iXrMxeW3XrK2g=", "parent": "PAOswJ5F5FKLEprAJ1SnuPasqGFIM2uhNIcdZdMfaCw="}
2022-11-28T17:46:55.949Z	DEBUG	replica=0	coded-hotterstuff/consensus.go:758	Taking care of pending vote 17	{"CURRENT VIEW": 17}
2022-11-28T17:46:55.949Z	DEBUG	replica=0	coded-hotterstuff/consensus.go:965	received vote	{"CURRENT VIEW": 17, "msg": "vote", "voter": 8, "view": 17, "hash": "fbyAo5VKEVdmy5epf95saK65Dkgc3+iXrMxeW3XrK2g="}
2022-11-28T17:46:55.956Z	DEBUG	replica=0	coded-hotterstuff/consensus.go:965	received vote	{"CURRENT VIEW": 17, "msg": "vote", "voter": 0, "view": 17, "hash": "fbyAo5VKEVdmy5epf95saK65Dkgc3+iXrMxeW3XrK2g="}
Node  0 +1 block finalized at time:  2022-11-28 17:46:55.961439937 +0000 UTC m=+59.687100508
2022-11-28T17:46:56.091Z	DEBUG	replica=0	coded-hotterstuff/consensus.go:965	received vote	{"CURRENT VIEW": 17, "msg": "vote", "voter": 5, "view": 17, "hash": "fbyAo5VKEVdmy5epf95saK65Dkgc3+iXrMxeW3XrK2g="}
2022-11-28T17:46:56.165Z	DEBUG	replica=0	coded-hotterstuff/consensus.go:965	received vote	{"CURRENT VIEW": 17, "msg": "vote", "voter": 1, "view": 17, "hash": "fbyAo5VKEVdmy5epf95saK65Dkgc3+iXrMxeW3XrK2g="}
2022-11-28T17:46:56.200Z	DEBUG	replica=0	coded-hotterstuff/consensus.go:965	received vote	{"CURRENT VIEW": 17, "msg": "vote", "voter": 6, "view": 17, "hash": "fbyAo5VKEVdmy5epf95saK65Dkgc3+iXrMxeW3XrK2g="}
