Node index: 3
[10.0.1.0:9000 10.0.1.2:9001 10.0.1.4:9002 10.0.1.6:9003 10.0.1.8:9004 10.0.1.10:9005 10.0.1.12:9006 10.0.1.14:9007 10.0.1.16:9008]
node 3 initiating connection to 10.0.1.0:9000
node 3 initiating connection to 10.0.1.2:9001
node 3 initiating connection to 10.0.1.4:9002
node 3 successfully initiated connection to 10.0.1.4:9002
node 3 successfully initiated connection to 10.0.1.2:9001
node 3 successfully initiated connection to 10.0.1.0:9000
2022-11-27T04:55:00.250Z	DEBUG	replica=3	coded-hotterstuff/consensus.go:520	entered new view	{"CURRENT VIEW": 1, "view timeout": 2, "timedout": false}
connection established 3 - 4
Node  3 -->  Listening for messages... 
connection established 3 - 7
Node  3 -->  Listening for messages... 
connection established 3 - 6
Node  3 -->  Listening for messages... 
connection established 3 - 8
Node  3 -->  Listening for messages... 
connection established 3 - 5
Node  3 -->  Listening for messages... 
connection established 3 - 2
Node  3 -->  Listening for messages... 
connection established 3 - 0
Node  3 -->  Listening for messages... 
connection established 3 - 1
Node  3 -->  Listening for messages... 
replica 3 is forwarding chunk to replica 0
replica 3 is forwarding chunk to replica 2
replica 3 is forwarding chunk to replica 4
replica 3 is forwarding chunk to replica 5
replica 3 is forwarding chunk to replica 6
replica 3 is forwarding chunk to replica 7
replica 3 is forwarding chunk to replica 8
Decoded original proposal, time: 2022-11-27 04:55:02.548712567 +0000 UTC m=+2.428555875 header hash: [72 160 180 233 149 231 108 139 103 97 149 83 197 114 214 128 107 110 76 231 61 205 42 18 190 82 86 133 4 78 235 255]
2022-11-27T04:55:02.548Z	DEBUG	replica=3	coded-hotterstuff/consensus.go:576	received proposal	{"CURRENT VIEW": 1, "msg": "proposal", "header view": 1, "prepare view": 0, "hash": "SKC06ZXnbItnYZVTxXLWgGtuTOc9zSoSvlJWhQRO6/8=", "parent": "GZWDhiYW+ib6TpJWRLDOftUd8y8ovAaEerQWDbefS7c="}
2022-11-27T04:55:02.562Z	DEBUG	replica=3	coded-hotterstuff/consensus.go:777	could not find gparent header	{"CURRENT VIEW": 1, "view": 0, "hash": "GZWDhiYW+ib6TpJWRLDOftUd8y8ovAaEerQWDbefS7c="}
2022-11-27T04:55:02.566Z	DEBUG	replica=3	coded-hotterstuff/consensus.go:678	proposal is safe to vote on	{"CURRENT VIEW": 1, "msg": "proposal", "header view": 1, "prepare view": 0, "hash": "SKC06ZXnbItnYZVTxXLWgGtuTOc9zSoSvlJWhQRO6/8=", "parent": "GZWDhiYW+ib6TpJWRLDOftUd8y8ovAaEerQWDbefS7c="}
replica 3 is forwarding chunk to replica 0
replica 3 is forwarding chunk to replica 1
replica 3 is forwarding chunk to replica 4
replica 3 is forwarding chunk to replica 5
replica 3 is forwarding chunk to replica 6
replica 3 is forwarding chunk to replica 7
replica 3 is forwarding chunk to replica 8
2022-11-27T04:55:03.911Z	DEBUG	replica=3	coded-hotterstuff/consensus.go:965	received vote	{"CURRENT VIEW": 1, "msg": "vote", "voter": 2, "view": 1, "hash": "cPBdTa7qQJueFGrjnuqGleZwFBh/lhGAlUWBfCr3UKs="}
Node  3  received vote before proposal, saving vote in pending votes, hash is  [112 240 93 77 174 234 64 155 158 20 106 227 158 234 134 149 230 112 20 24 127 150 17 128 149 69 129 124 42 247 80 171]  and string is,  2
2022-11-27T04:55:03.911Z	DEBUG	replica=3	coded-hotterstuff/consensus.go:970	Received vote before proposal, key is, 2	{"CURRENT VIEW": 1}
replica 3 is forwarding chunk to replica 0
replica 3 is forwarding chunk to replica 1
replica 3 is forwarding chunk to replica 4
replica 3 is forwarding chunk to replica 5
replica 3 is forwarding chunk to replica 6
replica 3 is forwarding chunk to replica 7
replica 3 is forwarding chunk to replica 8
Decoded original proposal, time: 2022-11-27 04:55:05.073730942 +0000 UTC m=+4.953574254 header hash: [112 240 93 77 174 234 64 155 158 20 106 227 158 234 134 149 230 112 20 24 127 150 17 128 149 69 129 124 42 247 80 171]
2022-11-27T04:55:05.073Z	DEBUG	replica=3	coded-hotterstuff/consensus.go:576	received proposal	{"CURRENT VIEW": 1, "msg": "proposal", "header view": 2, "prepare view": 0, "hash": "cPBdTa7qQJueFGrjnuqGleZwFBh/lhGAlUWBfCr3UKs=", "parent": "SKC06ZXnbItnYZVTxXLWgGtuTOc9zSoSvlJWhQRO6/8="}
2022-11-27T04:55:05.081Z	DEBUG	replica=3	coded-hotterstuff/consensus.go:809	new block certified	{"CURRENT VIEW": 1, "view": 1, "hash": "SKC06ZXnbItnYZVTxXLWgGtuTOc9zSoSvlJWhQRO6/8="}
2022-11-27T04:55:05.081Z	DEBUG	replica=3	coded-hotterstuff/consensus.go:520	entered new view	{"CURRENT VIEW": 2, "view timeout": 2, "timedout": false}
2022-11-27T04:55:05.081Z	DEBUG	replica=3	coded-hotterstuff/consensus.go:535	replica is a leader for next view. collecting new-view messages	{"CURRENT VIEW": 2}
2022-11-27T04:55:05.081Z	DEBUG	replica=3	coded-hotterstuff/consensus.go:782	could not find ggparent header	{"CURRENT VIEW": 2, "view": 0, "hash": "GZWDhiYW+ib6TpJWRLDOftUd8y8ovAaEerQWDbefS7c="}
2022-11-27T04:55:05.083Z	DEBUG	replica=3	coded-hotterstuff/consensus.go:678	proposal is safe to vote on	{"CURRENT VIEW": 1, "msg": "proposal", "header view": 2, "prepare view": 0, "hash": "cPBdTa7qQJueFGrjnuqGleZwFBh/lhGAlUWBfCr3UKs=", "parent": "SKC06ZXnbItnYZVTxXLWgGtuTOc9zSoSvlJWhQRO6/8="}
2022-11-27T04:55:05.083Z	DEBUG	replica=3	coded-hotterstuff/consensus.go:758	Taking care of pending vote 2	{"CURRENT VIEW": 2}
2022-11-27T04:55:05.083Z	DEBUG	replica=3	coded-hotterstuff/consensus.go:965	received vote	{"CURRENT VIEW": 2, "msg": "vote", "voter": 2, "view": 2, "hash": "cPBdTa7qQJueFGrjnuqGleZwFBh/lhGAlUWBfCr3UKs="}
2022-11-27T04:55:05.089Z	DEBUG	replica=3	coded-hotterstuff/consensus.go:965	received vote	{"CURRENT VIEW": 2, "msg": "vote", "voter": 3, "view": 2, "hash": "cPBdTa7qQJueFGrjnuqGleZwFBh/lhGAlUWBfCr3UKs="}
2022-11-27T04:55:05.936Z	DEBUG	replica=3	coded-hotterstuff/consensus.go:965	received vote	{"CURRENT VIEW": 2, "msg": "vote", "voter": 5, "view": 2, "hash": "cPBdTa7qQJueFGrjnuqGleZwFBh/lhGAlUWBfCr3UKs="}
2022-11-27T04:55:05.943Z	DEBUG	replica=3	coded-hotterstuff/consensus.go:965	received vote	{"CURRENT VIEW": 2, "msg": "vote", "voter": 0, "view": 2, "hash": "cPBdTa7qQJueFGrjnuqGleZwFBh/lhGAlUWBfCr3UKs="}
2022-11-27T04:55:06.010Z	DEBUG	replica=3	coded-hotterstuff/consensus.go:965	received vote	{"CURRENT VIEW": 2, "msg": "vote", "voter": 8, "view": 2, "hash": "cPBdTa7qQJueFGrjnuqGleZwFBh/lhGAlUWBfCr3UKs="}
2022-11-27T04:55:06.047Z	DEBUG	replica=3	coded-hotterstuff/consensus.go:965	received vote	{"CURRENT VIEW": 2, "msg": "vote", "voter": 1, "view": 2, "hash": "cPBdTa7qQJueFGrjnuqGleZwFBh/lhGAlUWBfCr3UKs="}
Decoded original proposal, time: 2022-11-27 04:55:06.062248551 +0000 UTC m=+5.942091889 header hash: [112 240 93 77 174 234 64 155 158 20 106 227 158 234 134 149 230 112 20 24 127 150 17 128 149 69 129 124 42 247 80 171]
2022-11-27T04:55:06.062Z	DEBUG	replica=3	coded-hotterstuff/consensus.go:576	received proposal	{"CURRENT VIEW": 2, "msg": "proposal", "header view": 2, "prepare view": 1, "hash": "cPBdTa7qQJueFGrjnuqGleZwFBh/lhGAlUWBfCr3UKs=", "parent": "SKC06ZXnbItnYZVTxXLWgGtuTOc9zSoSvlJWhQRO6/8="}
2022-11-27T04:55:06.069Z	DEBUG	replica=3	coded-hotterstuff/consensus.go:782	could not find ggparent header	{"CURRENT VIEW": 2, "view": 0, "hash": "GZWDhiYW+ib6TpJWRLDOftUd8y8ovAaEerQWDbefS7c="}
2022-11-27T04:55:06.072Z	DEBUG	replica=3	coded-hotterstuff/consensus.go:965	received vote	{"CURRENT VIEW": 2, "msg": "vote", "voter": 6, "view": 2, "hash": "cPBdTa7qQJueFGrjnuqGleZwFBh/lhGAlUWBfCr3UKs="}
2022-11-27T04:55:06.077Z	DEBUG	replica=3	coded-hotterstuff/consensus.go:809	new block certified	{"CURRENT VIEW": 2, "view": 2, "hash": "cPBdTa7qQJueFGrjnuqGleZwFBh/lhGAlUWBfCr3UKs="}
2022-11-27T04:55:06.077Z	DEBUG	replica=3	coded-hotterstuff/consensus.go:520	entered new view	{"CURRENT VIEW": 3, "view timeout": 2, "timedout": false}
2022-11-27T04:55:06.077Z	DEBUG	replica=3	coded-hotterstuff/consensus.go:544	replica is a leader for this view. waiting for data	{"CURRENT VIEW": 3}
2022-11-27T04:55:06.077Z	DEBUG	replica=3	coded-hotterstuff/consensus.go:520	entered new view	{"CURRENT VIEW": 3, "view timeout": 2, "timedout": false}
2022-11-27T04:55:06.077Z	DEBUG	replica=3	coded-hotterstuff/consensus.go:544	replica is a leader for this view. waiting for data	{"CURRENT VIEW": 3}
2022-11-27T04:55:06.082Z	DEBUG	replica=3	coded-hotterstuff/consensus.go:238	sending proposal	{"CURRENT VIEW": 3, "hash": "cLFzFj8B5QK8hCmGW/OU2JuMGjA5BWSI/G1faUNJ6uM=", "parent": "cPBdTa7qQJueFGrjnuqGleZwFBh/lhGAlUWBfCr3UKs=", "signer": 3}
2022-11-27T04:55:06.082Z	DEBUG	replica=3	coded-hotterstuff/consensus.go:576	received proposal	{"CURRENT VIEW": 3, "msg": "proposal", "header view": 3, "prepare view": 2, "hash": "cLFzFj8B5QK8hCmGW/OU2JuMGjA5BWSI/G1faUNJ6uM=", "parent": "cPBdTa7qQJueFGrjnuqGleZwFBh/lhGAlUWBfCr3UKs="}
2022-11-27T04:55:06.091Z	DEBUG	replica=3	coded-hotterstuff/consensus.go:788	new block locked	{"CURRENT VIEW": 3, "view": 1, "hash": "SKC06ZXnbItnYZVTxXLWgGtuTOc9zSoSvlJWhQRO6/8="}
2022-11-27T04:55:06.092Z	DEBUG	replica=3	coded-hotterstuff/consensus.go:678	proposal is safe to vote on	{"CURRENT VIEW": 3, "msg": "proposal", "header view": 3, "prepare view": 2, "hash": "cLFzFj8B5QK8hCmGW/OU2JuMGjA5BWSI/G1faUNJ6uM=", "parent": "cPBdTa7qQJueFGrjnuqGleZwFBh/lhGAlUWBfCr3UKs="}
2022-11-27T04:55:06.097Z	DEBUG	replica=3	coded-hotterstuff/consensus.go:965	received vote	{"CURRENT VIEW": 3, "msg": "vote", "voter": 4, "view": 3, "hash": "cPBdTa7qQJueFGrjnuqGleZwFBh/lhGAlUWBfCr3UKs="}
2022-11-27T04:55:06.102Z	DEBUG	replica=3	coded-hotterstuff/consensus.go:520	entered new view	{"CURRENT VIEW": 3, "view timeout": 2, "timedout": false}
2022-11-27T04:55:06.102Z	DEBUG	replica=3	coded-hotterstuff/consensus.go:544	replica is a leader for this view. waiting for data	{"CURRENT VIEW": 3}
2022-11-27T04:55:06.106Z	DEBUG	replica=3	coded-hotterstuff/consensus.go:238	sending proposal	{"CURRENT VIEW": 3, "hash": "cLFzFj8B5QK8hCmGW/OU2JuMGjA5BWSI/G1faUNJ6uM=", "parent": "cPBdTa7qQJueFGrjnuqGleZwFBh/lhGAlUWBfCr3UKs=", "signer": 3}
2022-11-27T04:55:06.108Z	DEBUG	replica=3	coded-hotterstuff/consensus.go:576	received proposal	{"CURRENT VIEW": 3, "msg": "proposal", "header view": 3, "prepare view": 2, "hash": "cLFzFj8B5QK8hCmGW/OU2JuMGjA5BWSI/G1faUNJ6uM=", "parent": "cPBdTa7qQJueFGrjnuqGleZwFBh/lhGAlUWBfCr3UKs="}
2022-11-27T04:55:06.137Z	DEBUG	replica=3	coded-hotterstuff/consensus.go:965	received vote	{"CURRENT VIEW": 3, "msg": "vote", "voter": 7, "view": 3, "hash": "cPBdTa7qQJueFGrjnuqGleZwFBh/lhGAlUWBfCr3UKs="}
2022-11-27T04:55:06.142Z	DEBUG	replica=3	coded-hotterstuff/consensus.go:520	entered new view	{"CURRENT VIEW": 3, "view timeout": 2, "timedout": false}
2022-11-27T04:55:06.142Z	DEBUG	replica=3	coded-hotterstuff/consensus.go:544	replica is a leader for this view. waiting for data	{"CURRENT VIEW": 3}
2022-11-27T04:55:06.145Z	DEBUG	replica=3	coded-hotterstuff/consensus.go:238	sending proposal	{"CURRENT VIEW": 3, "hash": "cLFzFj8B5QK8hCmGW/OU2JuMGjA5BWSI/G1faUNJ6uM=", "parent": "cPBdTa7qQJueFGrjnuqGleZwFBh/lhGAlUWBfCr3UKs=", "signer": 3}
2022-11-27T04:55:06.146Z	DEBUG	replica=3	coded-hotterstuff/consensus.go:576	received proposal	{"CURRENT VIEW": 3, "msg": "proposal", "header view": 3, "prepare view": 2, "hash": "cLFzFj8B5QK8hCmGW/OU2JuMGjA5BWSI/G1faUNJ6uM=", "parent": "cPBdTa7qQJueFGrjnuqGleZwFBh/lhGAlUWBfCr3UKs="}
replica 3 is forwarding chunk to replica 0
replica 3 is forwarding chunk to replica 1
replica 3 is forwarding chunk to replica 2
replica 3 is forwarding chunk to replica 5
replica 3 is forwarding chunk to replica 6
replica 3 is forwarding chunk to replica 7
replica 3 is forwarding chunk to replica 8
replica 3 is forwarding chunk to replica 0
replica 3 is forwarding chunk to replica 1
replica 3 is forwarding chunk to replica 2
replica 3 is forwarding chunk to replica 5
replica 3 is forwarding chunk to replica 6
replica 3 is forwarding chunk to replica 7
replica 3 is forwarding chunk to replica 8
replica 3 is forwarding chunk to replica 0
replica 3 is forwarding chunk to replica 1
replica 3 is forwarding chunk to replica 2
replica 3 is forwarding chunk to replica 5
replica 3 is forwarding chunk to replica 6
replica 3 is forwarding chunk to replica 7
replica 3 is forwarding chunk to replica 8
Decoded original proposal, time: 2022-11-27 04:55:11.881567832 +0000 UTC m=+11.761411209 header hash: [241 106 152 62 46 209 156 146 237 16 116 52 193 237 0 80 85 192 166 182 15 238 2 99 236 42 182 26 232 130 25 190]
2022-11-27T04:55:11.881Z	DEBUG	replica=3	coded-hotterstuff/consensus.go:576	received proposal	{"CURRENT VIEW": 3, "msg": "proposal", "header view": 4, "prepare view": 2, "hash": "8WqYPi7RnJLtEHQ0we0AUFXAprYP7gJj7Cq2GuiCGb4=", "parent": "cLFzFj8B5QK8hCmGW/OU2JuMGjA5BWSI/G1faUNJ6uM="}
2022-11-27T04:55:11.890Z	DEBUG	replica=3	coded-hotterstuff/consensus.go:809	new block certified	{"CURRENT VIEW": 3, "view": 3, "hash": "cLFzFj8B5QK8hCmGW/OU2JuMGjA5BWSI/G1faUNJ6uM="}
2022-11-27T04:55:11.890Z	DEBUG	replica=3	coded-hotterstuff/consensus.go:520	entered new view	{"CURRENT VIEW": 4, "view timeout": 2, "timedout": false}
2022-11-27T04:55:11.890Z	DEBUG	replica=3	coded-hotterstuff/consensus.go:788	new block locked	{"CURRENT VIEW": 4, "view": 2, "hash": "cPBdTa7qQJueFGrjnuqGleZwFBh/lhGAlUWBfCr3UKs="}
2022-11-27T04:55:11.890Z	INFO	replica=3	coded-hotterstuff/consensus.go:797	new block commited	{"CURRENT VIEW": 4, "view": 1, "hash": "SKC06ZXnbItnYZVTxXLWgGtuTOc9zSoSvlJWhQRO6/8="}
2022-11-27T04:55:11.893Z	DEBUG	replica=3	coded-hotterstuff/consensus.go:678	proposal is safe to vote on	{"CURRENT VIEW": 3, "msg": "proposal", "header view": 4, "prepare view": 2, "hash": "8WqYPi7RnJLtEHQ0we0AUFXAprYP7gJj7Cq2GuiCGb4=", "parent": "cLFzFj8B5QK8hCmGW/OU2JuMGjA5BWSI/G1faUNJ6uM="}
Node  3 +1 block finalized at time:  2022-11-27 04:55:11.896186062 +0000 UTC m=+11.776029371
Decoded original proposal, time: 2022-11-27 04:55:12.972257663 +0000 UTC m=+12.852100975 header hash: [241 106 152 62 46 209 156 146 237 16 116 52 193 237 0 80 85 192 166 182 15 238 2 99 236 42 182 26 232 130 25 190]
2022-11-27T04:55:12.972Z	DEBUG	replica=3	coded-hotterstuff/consensus.go:576	received proposal	{"CURRENT VIEW": 4, "msg": "proposal", "header view": 4, "prepare view": 3, "hash": "8WqYPi7RnJLtEHQ0we0AUFXAprYP7gJj7Cq2GuiCGb4=", "parent": "cLFzFj8B5QK8hCmGW/OU2JuMGjA5BWSI/G1faUNJ6uM="}
Decoded original proposal, time: 2022-11-27 04:55:14.039651317 +0000 UTC m=+13.919494671 header hash: [241 106 152 62 46 209 156 146 237 16 116 52 193 237 0 80 85 192 166 182 15 238 2 99 236 42 182 26 232 130 25 190]
2022-11-27T04:55:14.039Z	DEBUG	replica=3	coded-hotterstuff/consensus.go:576	received proposal	{"CURRENT VIEW": 4, "msg": "proposal", "header view": 4, "prepare view": 3, "hash": "8WqYPi7RnJLtEHQ0we0AUFXAprYP7gJj7Cq2GuiCGb4=", "parent": "cLFzFj8B5QK8hCmGW/OU2JuMGjA5BWSI/G1faUNJ6uM="}
replica 3 is forwarding chunk to replica 0
replica 3 is forwarding chunk to replica 1
replica 3 is forwarding chunk to replica 2
replica 3 is forwarding chunk to replica 4
replica 3 is forwarding chunk to replica 6
replica 3 is forwarding chunk to replica 7
replica 3 is forwarding chunk to replica 8
replica 3 is forwarding chunk to replica 0
replica 3 is forwarding chunk to replica 1
replica 3 is forwarding chunk to replica 2
replica 3 is forwarding chunk to replica 4
replica 3 is forwarding chunk to replica 6
replica 3 is forwarding chunk to replica 7
replica 3 is forwarding chunk to replica 8
Decoded original proposal, time: 2022-11-27 04:55:16.442824496 +0000 UTC m=+16.322667805 header hash: [142 10 227 234 199 14 168 203 47 218 211 136 230 41 94 109 68 52 16 5 27 142 16 70 5 23 250 1 182 25 221 148]
2022-11-27T04:55:16.442Z	DEBUG	replica=3	coded-hotterstuff/consensus.go:576	received proposal	{"CURRENT VIEW": 4, "msg": "proposal", "header view": 5, "prepare view": 3, "hash": "jgrj6scOqMsv2tOI5ilebUQ0EAUbjhBGBRf6AbYZ3ZQ=", "parent": "8WqYPi7RnJLtEHQ0we0AUFXAprYP7gJj7Cq2GuiCGb4="}
2022-11-27T04:55:16.456Z	DEBUG	replica=3	coded-hotterstuff/consensus.go:809	new block certified	{"CURRENT VIEW": 4, "view": 4, "hash": "8WqYPi7RnJLtEHQ0we0AUFXAprYP7gJj7Cq2GuiCGb4="}
2022-11-27T04:55:16.456Z	DEBUG	replica=3	coded-hotterstuff/consensus.go:520	entered new view	{"CURRENT VIEW": 5, "view timeout": 2, "timedout": false}
2022-11-27T04:55:16.456Z	DEBUG	replica=3	coded-hotterstuff/consensus.go:788	new block locked	{"CURRENT VIEW": 5, "view": 3, "hash": "cLFzFj8B5QK8hCmGW/OU2JuMGjA5BWSI/G1faUNJ6uM="}
2022-11-27T04:55:16.456Z	INFO	replica=3	coded-hotterstuff/consensus.go:797	new block commited	{"CURRENT VIEW": 5, "view": 2, "hash": "cPBdTa7qQJueFGrjnuqGleZwFBh/lhGAlUWBfCr3UKs="}
2022-11-27T04:55:16.457Z	DEBUG	replica=3	coded-hotterstuff/consensus.go:678	proposal is safe to vote on	{"CURRENT VIEW": 4, "msg": "proposal", "header view": 5, "prepare view": 3, "hash": "jgrj6scOqMsv2tOI5ilebUQ0EAUbjhBGBRf6AbYZ3ZQ=", "parent": "8WqYPi7RnJLtEHQ0we0AUFXAprYP7gJj7Cq2GuiCGb4="}
Node  3 +1 block finalized at time:  2022-11-27 04:55:16.461644834 +0000 UTC m=+16.341488141
replica 3 is forwarding chunk to replica 0
replica 3 is forwarding chunk to replica 1
replica 3 is forwarding chunk to replica 2
replica 3 is forwarding chunk to replica 4
replica 3 is forwarding chunk to replica 6
replica 3 is forwarding chunk to replica 7
replica 3 is forwarding chunk to replica 8
Decoded original proposal, time: 2022-11-27 04:55:17.580160646 +0000 UTC m=+17.460003976 header hash: [142 10 227 234 199 14 168 203 47 218 211 136 230 41 94 109 68 52 16 5 27 142 16 70 5 23 250 1 182 25 221 148]
2022-11-27T04:55:17.580Z	DEBUG	replica=3	coded-hotterstuff/consensus.go:576	received proposal	{"CURRENT VIEW": 5, "msg": "proposal", "header view": 5, "prepare view": 4, "hash": "jgrj6scOqMsv2tOI5ilebUQ0EAUbjhBGBRf6AbYZ3ZQ=", "parent": "8WqYPi7RnJLtEHQ0we0AUFXAprYP7gJj7Cq2GuiCGb4="}
replica 3 is forwarding chunk to replica 0
replica 3 is forwarding chunk to replica 1
replica 3 is forwarding chunk to replica 2
replica 3 is forwarding chunk to replica 4
replica 3 is forwarding chunk to replica 5
replica 3 is forwarding chunk to replica 7
replica 3 is forwarding chunk to replica 8
Decoded original proposal, time: 2022-11-27 04:55:18.642698169 +0000 UTC m=+18.522541518 header hash: [142 10 227 234 199 14 168 203 47 218 211 136 230 41 94 109 68 52 16 5 27 142 16 70 5 23 250 1 182 25 221 148]
2022-11-27T04:55:18.642Z	DEBUG	replica=3	coded-hotterstuff/consensus.go:576	received proposal	{"CURRENT VIEW": 5, "msg": "proposal", "header view": 5, "prepare view": 4, "hash": "jgrj6scOqMsv2tOI5ilebUQ0EAUbjhBGBRf6AbYZ3ZQ=", "parent": "8WqYPi7RnJLtEHQ0we0AUFXAprYP7gJj7Cq2GuiCGb4="}
Decoded original proposal, time: 2022-11-27 04:55:20.011143857 +0000 UTC m=+19.890987229 header hash: [144 90 124 249 42 55 49 193 182 202 159 220 172 15 148 92 178 123 123 95 139 252 214 157 36 122 219 17 149 62 178 46]
2022-11-27T04:55:20.011Z	DEBUG	replica=3	coded-hotterstuff/consensus.go:576	received proposal	{"CURRENT VIEW": 5, "msg": "proposal", "header view": 6, "prepare view": 4, "hash": "kFp8+So3McG2yp/crA+UXLJ7e1+L/NadJHrbEZU+si4=", "parent": "jgrj6scOqMsv2tOI5ilebUQ0EAUbjhBGBRf6AbYZ3ZQ="}
2022-11-27T04:55:20.019Z	DEBUG	replica=3	coded-hotterstuff/consensus.go:809	new block certified	{"CURRENT VIEW": 5, "view": 5, "hash": "jgrj6scOqMsv2tOI5ilebUQ0EAUbjhBGBRf6AbYZ3ZQ="}
2022-11-27T04:55:20.019Z	DEBUG	replica=3	coded-hotterstuff/consensus.go:520	entered new view	{"CURRENT VIEW": 6, "view timeout": 2, "timedout": false}
2022-11-27T04:55:20.019Z	DEBUG	replica=3	coded-hotterstuff/consensus.go:788	new block locked	{"CURRENT VIEW": 6, "view": 4, "hash": "8WqYPi7RnJLtEHQ0we0AUFXAprYP7gJj7Cq2GuiCGb4="}
2022-11-27T04:55:20.019Z	INFO	replica=3	coded-hotterstuff/consensus.go:797	new block commited	{"CURRENT VIEW": 6, "view": 3, "hash": "cLFzFj8B5QK8hCmGW/OU2JuMGjA5BWSI/G1faUNJ6uM="}
2022-11-27T04:55:20.020Z	DEBUG	replica=3	coded-hotterstuff/consensus.go:678	proposal is safe to vote on	{"CURRENT VIEW": 5, "msg": "proposal", "header view": 6, "prepare view": 4, "hash": "kFp8+So3McG2yp/crA+UXLJ7e1+L/NadJHrbEZU+si4=", "parent": "jgrj6scOqMsv2tOI5ilebUQ0EAUbjhBGBRf6AbYZ3ZQ="}
Node  3 +1 block finalized at time:  2022-11-27 04:55:20.023032414 +0000 UTC m=+19.902875718
replica 3 is forwarding chunk to replica 0
replica 3 is forwarding chunk to replica 1
replica 3 is forwarding chunk to replica 2
replica 3 is forwarding chunk to replica 4
replica 3 is forwarding chunk to replica 5
replica 3 is forwarding chunk to replica 7
replica 3 is forwarding chunk to replica 8
replica 3 is forwarding chunk to replica 0
replica 3 is forwarding chunk to replica 1
replica 3 is forwarding chunk to replica 2
replica 3 is forwarding chunk to replica 4
replica 3 is forwarding chunk to replica 5
replica 3 is forwarding chunk to replica 6
replica 3 is forwarding chunk to replica 8
replica 3 is forwarding chunk to replica 0
replica 3 is forwarding chunk to replica 1
replica 3 is forwarding chunk to replica 2
replica 3 is forwarding chunk to replica 4
replica 3 is forwarding chunk to replica 5
replica 3 is forwarding chunk to replica 7
replica 3 is forwarding chunk to replica 8
replica 3 is forwarding chunk to replica 0
replica 3 is forwarding chunk to replica 1
replica 3 is forwarding chunk to replica 2
replica 3 is forwarding chunk to replica 4
replica 3 is forwarding chunk to replica 5
replica 3 is forwarding chunk to replica 6
replica 3 is forwarding chunk to replica 8
Decoded original proposal, time: 2022-11-27 04:55:23.193763038 +0000 UTC m=+23.073606377 header hash: [144 90 124 249 42 55 49 193 182 202 159 220 172 15 148 92 178 123 123 95 139 252 214 157 36 122 219 17 149 62 178 46]
2022-11-27T04:55:23.193Z	DEBUG	replica=3	coded-hotterstuff/consensus.go:576	received proposal	{"CURRENT VIEW": 6, "msg": "proposal", "header view": 6, "prepare view": 5, "hash": "kFp8+So3McG2yp/crA+UXLJ7e1+L/NadJHrbEZU+si4=", "parent": "jgrj6scOqMsv2tOI5ilebUQ0EAUbjhBGBRf6AbYZ3ZQ="}
Decoded original proposal, time: 2022-11-27 04:55:23.242712465 +0000 UTC m=+23.122555816 header hash: [82 186 70 5 171 170 163 31 242 237 216 214 91 95 174 96 9 56 150 120 198 10 139 98 230 188 67 131 78 157 60 15]
2022-11-27T04:55:23.242Z	DEBUG	replica=3	coded-hotterstuff/consensus.go:576	received proposal	{"CURRENT VIEW": 6, "msg": "proposal", "header view": 7, "prepare view": 5, "hash": "UrpGBauqox/y7djWW1+uYAk4lnjGCoti5rxDg06dPA8=", "parent": "kFp8+So3McG2yp/crA+UXLJ7e1+L/NadJHrbEZU+si4="}
2022-11-27T04:55:23.251Z	DEBUG	replica=3	coded-hotterstuff/consensus.go:809	new block certified	{"CURRENT VIEW": 6, "view": 6, "hash": "kFp8+So3McG2yp/crA+UXLJ7e1+L/NadJHrbEZU+si4="}
2022-11-27T04:55:23.251Z	DEBUG	replica=3	coded-hotterstuff/consensus.go:520	entered new view	{"CURRENT VIEW": 7, "view timeout": 2, "timedout": false}
2022-11-27T04:55:23.251Z	DEBUG	replica=3	coded-hotterstuff/consensus.go:788	new block locked	{"CURRENT VIEW": 7, "view": 5, "hash": "jgrj6scOqMsv2tOI5ilebUQ0EAUbjhBGBRf6AbYZ3ZQ="}
2022-11-27T04:55:23.251Z	INFO	replica=3	coded-hotterstuff/consensus.go:797	new block commited	{"CURRENT VIEW": 7, "view": 4, "hash": "8WqYPi7RnJLtEHQ0we0AUFXAprYP7gJj7Cq2GuiCGb4="}
2022-11-27T04:55:23.254Z	DEBUG	replica=3	coded-hotterstuff/consensus.go:678	proposal is safe to vote on	{"CURRENT VIEW": 6, "msg": "proposal", "header view": 7, "prepare view": 5, "hash": "UrpGBauqox/y7djWW1+uYAk4lnjGCoti5rxDg06dPA8=", "parent": "kFp8+So3McG2yp/crA+UXLJ7e1+L/NadJHrbEZU+si4="}
Node  3 +1 block finalized at time:  2022-11-27 04:55:23.257385661 +0000 UTC m=+23.137228953
replica 3 is forwarding chunk to replica 0
replica 3 is forwarding chunk to replica 1
replica 3 is forwarding chunk to replica 2
replica 3 is forwarding chunk to replica 4
replica 3 is forwarding chunk to replica 5
replica 3 is forwarding chunk to replica 6
replica 3 is forwarding chunk to replica 8
Decoded original proposal, time: 2022-11-27 04:55:25.04215622 +0000 UTC m=+24.921999581 header hash: [82 186 70 5 171 170 163 31 242 237 216 214 91 95 174 96 9 56 150 120 198 10 139 98 230 188 67 131 78 157 60 15]
2022-11-27T04:55:25.042Z	DEBUG	replica=3	coded-hotterstuff/consensus.go:576	received proposal	{"CURRENT VIEW": 7, "msg": "proposal", "header view": 7, "prepare view": 6, "hash": "UrpGBauqox/y7djWW1+uYAk4lnjGCoti5rxDg06dPA8=", "parent": "kFp8+So3McG2yp/crA+UXLJ7e1+L/NadJHrbEZU+si4="}
Decoded original proposal, time: 2022-11-27 04:55:25.249724473 +0000 UTC m=+25.129567824 header hash: [144 90 124 249 42 55 49 193 182 202 159 220 172 15 148 92 178 123 123 95 139 252 214 157 36 122 219 17 149 62 178 46]
2022-11-27T04:55:25.249Z	DEBUG	replica=3	coded-hotterstuff/consensus.go:576	received proposal	{"CURRENT VIEW": 7, "msg": "proposal", "header view": 6, "prepare view": 6, "hash": "kFp8+So3McG2yp/crA+UXLJ7e1+L/NadJHrbEZU+si4=", "parent": "jgrj6scOqMsv2tOI5ilebUQ0EAUbjhBGBRf6AbYZ3ZQ="}
2022-11-27T04:55:25.258Z	DEBUG	replica=3	coded-hotterstuff/consensus.go:667	proposal view doesn't match local view	{"CURRENT VIEW": 7, "msg": "proposal", "header view": 6, "prepare view": 6, "hash": "kFp8+So3McG2yp/crA+UXLJ7e1+L/NadJHrbEZU+si4=", "parent": "jgrj6scOqMsv2tOI5ilebUQ0EAUbjhBGBRf6AbYZ3ZQ="}
Decoded original proposal, time: 2022-11-27 04:55:26.05565043 +0000 UTC m=+25.935493793 header hash: [82 186 70 5 171 170 163 31 242 237 216 214 91 95 174 96 9 56 150 120 198 10 139 98 230 188 67 131 78 157 60 15]
2022-11-27T04:55:26.055Z	DEBUG	replica=3	coded-hotterstuff/consensus.go:576	received proposal	{"CURRENT VIEW": 7, "msg": "proposal", "header view": 7, "prepare view": 6, "hash": "UrpGBauqox/y7djWW1+uYAk4lnjGCoti5rxDg06dPA8=", "parent": "kFp8+So3McG2yp/crA+UXLJ7e1+L/NadJHrbEZU+si4="}
replica 3 is forwarding chunk to replica 0
replica 3 is forwarding chunk to replica 1
replica 3 is forwarding chunk to replica 2
replica 3 is forwarding chunk to replica 4
replica 3 is forwarding chunk to replica 5
replica 3 is forwarding chunk to replica 6
replica 3 is forwarding chunk to replica 7
replica 3 is forwarding chunk to replica 0
replica 3 is forwarding chunk to replica 1
replica 3 is forwarding chunk to replica 2
replica 3 is forwarding chunk to replica 4
replica 3 is forwarding chunk to replica 5
replica 3 is forwarding chunk to replica 6
replica 3 is forwarding chunk to replica 7
replica 3 is forwarding chunk to replica 0
replica 3 is forwarding chunk to replica 1
replica 3 is forwarding chunk to replica 2
replica 3 is forwarding chunk to replica 4
replica 3 is forwarding chunk to replica 5
replica 3 is forwarding chunk to replica 6
replica 3 is forwarding chunk to replica 7
Decoded original proposal, time: 2022-11-27 04:55:28.976531863 +0000 UTC m=+28.856375219 header hash: [9 212 205 28 110 251 47 242 141 111 167 241 108 89 12 35 155 222 125 75 78 184 7 35 235 24 77 74 102 255 131 11]
2022-11-27T04:55:28.976Z	DEBUG	replica=3	coded-hotterstuff/consensus.go:576	received proposal	{"CURRENT VIEW": 7, "msg": "proposal", "header view": 8, "prepare view": 6, "hash": "CdTNHG77L/KNb6fxbFkMI5vefUtOuAcj6xhNSmb/gws=", "parent": "UrpGBauqox/y7djWW1+uYAk4lnjGCoti5rxDg06dPA8="}
2022-11-27T04:55:28.984Z	DEBUG	replica=3	coded-hotterstuff/consensus.go:809	new block certified	{"CURRENT VIEW": 7, "view": 7, "hash": "UrpGBauqox/y7djWW1+uYAk4lnjGCoti5rxDg06dPA8="}
2022-11-27T04:55:28.984Z	DEBUG	replica=3	coded-hotterstuff/consensus.go:520	entered new view	{"CURRENT VIEW": 8, "view timeout": 2, "timedout": false}
2022-11-27T04:55:28.984Z	DEBUG	replica=3	coded-hotterstuff/consensus.go:788	new block locked	{"CURRENT VIEW": 8, "view": 6, "hash": "kFp8+So3McG2yp/crA+UXLJ7e1+L/NadJHrbEZU+si4="}
2022-11-27T04:55:28.984Z	INFO	replica=3	coded-hotterstuff/consensus.go:797	new block commited	{"CURRENT VIEW": 8, "view": 5, "hash": "jgrj6scOqMsv2tOI5ilebUQ0EAUbjhBGBRf6AbYZ3ZQ="}
2022-11-27T04:55:28.985Z	DEBUG	replica=3	coded-hotterstuff/consensus.go:678	proposal is safe to vote on	{"CURRENT VIEW": 7, "msg": "proposal", "header view": 8, "prepare view": 6, "hash": "CdTNHG77L/KNb6fxbFkMI5vefUtOuAcj6xhNSmb/gws=", "parent": "UrpGBauqox/y7djWW1+uYAk4lnjGCoti5rxDg06dPA8="}
Node  3 +1 block finalized at time:  2022-11-27 04:55:28.988658101 +0000 UTC m=+28.868501409
Decoded original proposal, time: 2022-11-27 04:55:29.753070356 +0000 UTC m=+29.632913713 header hash: [9 212 205 28 110 251 47 242 141 111 167 241 108 89 12 35 155 222 125 75 78 184 7 35 235 24 77 74 102 255 131 11]
2022-11-27T04:55:29.753Z	DEBUG	replica=3	coded-hotterstuff/consensus.go:576	received proposal	{"CURRENT VIEW": 8, "msg": "proposal", "header view": 8, "prepare view": 7, "hash": "CdTNHG77L/KNb6fxbFkMI5vefUtOuAcj6xhNSmb/gws=", "parent": "UrpGBauqox/y7djWW1+uYAk4lnjGCoti5rxDg06dPA8="}
Decoded original proposal, time: 2022-11-27 04:55:30.758847212 +0000 UTC m=+30.638690567 header hash: [9 212 205 28 110 251 47 242 141 111 167 241 108 89 12 35 155 222 125 75 78 184 7 35 235 24 77 74 102 255 131 11]
2022-11-27T04:55:30.758Z	DEBUG	replica=3	coded-hotterstuff/consensus.go:576	received proposal	{"CURRENT VIEW": 8, "msg": "proposal", "header view": 8, "prepare view": 7, "hash": "CdTNHG77L/KNb6fxbFkMI5vefUtOuAcj6xhNSmb/gws=", "parent": "UrpGBauqox/y7djWW1+uYAk4lnjGCoti5rxDg06dPA8="}
replica 3 is forwarding chunk to replica 1
replica 3 is forwarding chunk to replica 2
replica 3 is forwarding chunk to replica 4
replica 3 is forwarding chunk to replica 5
replica 3 is forwarding chunk to replica 6
replica 3 is forwarding chunk to replica 7
replica 3 is forwarding chunk to replica 8
replica 3 is forwarding chunk to replica 1
replica 3 is forwarding chunk to replica 2
replica 3 is forwarding chunk to replica 4
replica 3 is forwarding chunk to replica 5
replica 3 is forwarding chunk to replica 6
replica 3 is forwarding chunk to replica 7
replica 3 is forwarding chunk to replica 8
Decoded original proposal, time: 2022-11-27 04:55:34.126272312 +0000 UTC m=+34.006115669 header hash: [75 152 239 23 193 229 152 187 193 198 49 17 94 0 66 98 109 76 252 99 208 6 227 177 121 255 81 193 174 84 93 16]
2022-11-27T04:55:34.126Z	DEBUG	replica=3	coded-hotterstuff/consensus.go:576	received proposal	{"CURRENT VIEW": 8, "msg": "proposal", "header view": 9, "prepare view": 7, "hash": "S5jvF8HlmLvBxjERXgBCYm1M/GPQBuOxef9Rwa5UXRA=", "parent": "CdTNHG77L/KNb6fxbFkMI5vefUtOuAcj6xhNSmb/gws="}
2022-11-27T04:55:34.134Z	DEBUG	replica=3	coded-hotterstuff/consensus.go:809	new block certified	{"CURRENT VIEW": 8, "view": 8, "hash": "CdTNHG77L/KNb6fxbFkMI5vefUtOuAcj6xhNSmb/gws="}
2022-11-27T04:55:34.134Z	DEBUG	replica=3	coded-hotterstuff/consensus.go:520	entered new view	{"CURRENT VIEW": 9, "view timeout": 2, "timedout": false}
2022-11-27T04:55:34.134Z	DEBUG	replica=3	coded-hotterstuff/consensus.go:788	new block locked	{"CURRENT VIEW": 9, "view": 7, "hash": "UrpGBauqox/y7djWW1+uYAk4lnjGCoti5rxDg06dPA8="}
2022-11-27T04:55:34.134Z	INFO	replica=3	coded-hotterstuff/consensus.go:797	new block commited	{"CURRENT VIEW": 9, "view": 6, "hash": "kFp8+So3McG2yp/crA+UXLJ7e1+L/NadJHrbEZU+si4="}
2022-11-27T04:55:34.138Z	DEBUG	replica=3	coded-hotterstuff/consensus.go:678	proposal is safe to vote on	{"CURRENT VIEW": 8, "msg": "proposal", "header view": 9, "prepare view": 7, "hash": "S5jvF8HlmLvBxjERXgBCYm1M/GPQBuOxef9Rwa5UXRA=", "parent": "CdTNHG77L/KNb6fxbFkMI5vefUtOuAcj6xhNSmb/gws="}
Node  3 +1 block finalized at time:  2022-11-27 04:55:34.141251887 +0000 UTC m=+34.021095204
replica 3 is forwarding chunk to replica 1
replica 3 is forwarding chunk to replica 2
replica 3 is forwarding chunk to replica 4
replica 3 is forwarding chunk to replica 5
replica 3 is forwarding chunk to replica 6
replica 3 is forwarding chunk to replica 7
replica 3 is forwarding chunk to replica 8
Decoded original proposal, time: 2022-11-27 04:55:35.039579456 +0000 UTC m=+34.919422835 header hash: [75 152 239 23 193 229 152 187 193 198 49 17 94 0 66 98 109 76 252 99 208 6 227 177 121 255 81 193 174 84 93 16]
2022-11-27T04:55:35.039Z	DEBUG	replica=3	coded-hotterstuff/consensus.go:576	received proposal	{"CURRENT VIEW": 9, "msg": "proposal", "header view": 9, "prepare view": 8, "hash": "S5jvF8HlmLvBxjERXgBCYm1M/GPQBuOxef9Rwa5UXRA=", "parent": "CdTNHG77L/KNb6fxbFkMI5vefUtOuAcj6xhNSmb/gws="}
Decoded original proposal, time: 2022-11-27 04:55:36.016419175 +0000 UTC m=+35.896262530 header hash: [75 152 239 23 193 229 152 187 193 198 49 17 94 0 66 98 109 76 252 99 208 6 227 177 121 255 81 193 174 84 93 16]
2022-11-27T04:55:36.016Z	DEBUG	replica=3	coded-hotterstuff/consensus.go:576	received proposal	{"CURRENT VIEW": 9, "msg": "proposal", "header view": 9, "prepare view": 8, "hash": "S5jvF8HlmLvBxjERXgBCYm1M/GPQBuOxef9Rwa5UXRA=", "parent": "CdTNHG77L/KNb6fxbFkMI5vefUtOuAcj6xhNSmb/gws="}
replica 3 is forwarding chunk to replica 0
replica 3 is forwarding chunk to replica 2
replica 3 is forwarding chunk to replica 4
replica 3 is forwarding chunk to replica 5
replica 3 is forwarding chunk to replica 6
replica 3 is forwarding chunk to replica 7
replica 3 is forwarding chunk to replica 8
Decoded original proposal, time: 2022-11-27 04:55:37.798768832 +0000 UTC m=+37.678612189 header hash: [27 41 162 234 216 56 3 146 217 203 198 162 48 110 164 219 109 81 22 147 45 180 199 35 245 217 107 204 240 129 84 110]
2022-11-27T04:55:37.798Z	DEBUG	replica=3	coded-hotterstuff/consensus.go:576	received proposal	{"CURRENT VIEW": 9, "msg": "proposal", "header view": 10, "prepare view": 8, "hash": "Gymi6tg4A5LZy8aiMG6k221RFpMttMcj9dlrzPCBVG4=", "parent": "S5jvF8HlmLvBxjERXgBCYm1M/GPQBuOxef9Rwa5UXRA="}
2022-11-27T04:55:37.807Z	DEBUG	replica=3	coded-hotterstuff/consensus.go:809	new block certified	{"CURRENT VIEW": 9, "view": 9, "hash": "S5jvF8HlmLvBxjERXgBCYm1M/GPQBuOxef9Rwa5UXRA="}
2022-11-27T04:55:37.807Z	DEBUG	replica=3	coded-hotterstuff/consensus.go:520	entered new view	{"CURRENT VIEW": 10, "view timeout": 2, "timedout": false}
2022-11-27T04:55:37.808Z	DEBUG	replica=3	coded-hotterstuff/consensus.go:788	new block locked	{"CURRENT VIEW": 10, "view": 8, "hash": "CdTNHG77L/KNb6fxbFkMI5vefUtOuAcj6xhNSmb/gws="}
2022-11-27T04:55:37.808Z	INFO	replica=3	coded-hotterstuff/consensus.go:797	new block commited	{"CURRENT VIEW": 10, "view": 7, "hash": "UrpGBauqox/y7djWW1+uYAk4lnjGCoti5rxDg06dPA8="}
2022-11-27T04:55:37.809Z	DEBUG	replica=3	coded-hotterstuff/consensus.go:678	proposal is safe to vote on	{"CURRENT VIEW": 9, "msg": "proposal", "header view": 10, "prepare view": 8, "hash": "Gymi6tg4A5LZy8aiMG6k221RFpMttMcj9dlrzPCBVG4=", "parent": "S5jvF8HlmLvBxjERXgBCYm1M/GPQBuOxef9Rwa5UXRA="}
Node  3 +1 block finalized at time:  2022-11-27 04:55:37.813683061 +0000 UTC m=+37.693526373
replica 3 is forwarding chunk to replica 0
replica 3 is forwarding chunk to replica 2
replica 3 is forwarding chunk to replica 4
replica 3 is forwarding chunk to replica 5
replica 3 is forwarding chunk to replica 6
replica 3 is forwarding chunk to replica 7
replica 3 is forwarding chunk to replica 8
replica 3 is forwarding chunk to replica 0
replica 3 is forwarding chunk to replica 2
replica 3 is forwarding chunk to replica 4
replica 3 is forwarding chunk to replica 5
replica 3 is forwarding chunk to replica 6
replica 3 is forwarding chunk to replica 7
replica 3 is forwarding chunk to replica 8
Decoded original proposal, time: 2022-11-27 04:55:39.039625545 +0000 UTC m=+38.919468901 header hash: [27 41 162 234 216 56 3 146 217 203 198 162 48 110 164 219 109 81 22 147 45 180 199 35 245 217 107 204 240 129 84 110]
2022-11-27T04:55:39.039Z	DEBUG	replica=3	coded-hotterstuff/consensus.go:576	received proposal	{"CURRENT VIEW": 10, "msg": "proposal", "header view": 10, "prepare view": 9, "hash": "Gymi6tg4A5LZy8aiMG6k221RFpMttMcj9dlrzPCBVG4=", "parent": "S5jvF8HlmLvBxjERXgBCYm1M/GPQBuOxef9Rwa5UXRA="}
Decoded original proposal, time: 2022-11-27 04:55:39.943902546 +0000 UTC m=+39.823745901 header hash: [27 41 162 234 216 56 3 146 217 203 198 162 48 110 164 219 109 81 22 147 45 180 199 35 245 217 107 204 240 129 84 110]
2022-11-27T04:55:39.943Z	DEBUG	replica=3	coded-hotterstuff/consensus.go:576	received proposal	{"CURRENT VIEW": 10, "msg": "proposal", "header view": 10, "prepare view": 9, "hash": "Gymi6tg4A5LZy8aiMG6k221RFpMttMcj9dlrzPCBVG4=", "parent": "S5jvF8HlmLvBxjERXgBCYm1M/GPQBuOxef9Rwa5UXRA="}
replica 3 is forwarding chunk to replica 0
replica 3 is forwarding chunk to replica 1
replica 3 is forwarding chunk to replica 4
replica 3 is forwarding chunk to replica 5
replica 3 is forwarding chunk to replica 6
replica 3 is forwarding chunk to replica 7
replica 3 is forwarding chunk to replica 8
2022-11-27T04:55:40.607Z	DEBUG	replica=3	coded-hotterstuff/consensus.go:965	received vote	{"CURRENT VIEW": 10, "msg": "vote", "voter": 2, "view": 10, "hash": "JHDKbuvn/qlEbMiFGVnXE7z7VfFJm3NDC7AQEWpkt3w="}
Node  3  received vote before proposal, saving vote in pending votes, hash is  [36 112 202 110 235 231 254 169 68 108 200 133 25 89 215 19 188 251 85 241 73 155 115 67 11 176 16 17 106 100 183 124]  and string is,  11
2022-11-27T04:55:40.607Z	DEBUG	replica=3	coded-hotterstuff/consensus.go:970	Received vote before proposal, key is, 11	{"CURRENT VIEW": 10}
Decoded original proposal, time: 2022-11-27 04:55:41.551660215 +0000 UTC m=+41.431503570 header hash: [36 112 202 110 235 231 254 169 68 108 200 133 25 89 215 19 188 251 85 241 73 155 115 67 11 176 16 17 106 100 183 124]
2022-11-27T04:55:41.551Z	DEBUG	replica=3	coded-hotterstuff/consensus.go:576	received proposal	{"CURRENT VIEW": 10, "msg": "proposal", "header view": 11, "prepare view": 9, "hash": "JHDKbuvn/qlEbMiFGVnXE7z7VfFJm3NDC7AQEWpkt3w=", "parent": "Gymi6tg4A5LZy8aiMG6k221RFpMttMcj9dlrzPCBVG4="}
2022-11-27T04:55:41.559Z	DEBUG	replica=3	coded-hotterstuff/consensus.go:809	new block certified	{"CURRENT VIEW": 10, "view": 10, "hash": "Gymi6tg4A5LZy8aiMG6k221RFpMttMcj9dlrzPCBVG4="}
2022-11-27T04:55:41.559Z	DEBUG	replica=3	coded-hotterstuff/consensus.go:520	entered new view	{"CURRENT VIEW": 11, "view timeout": 2, "timedout": false}
2022-11-27T04:55:41.559Z	DEBUG	replica=3	coded-hotterstuff/consensus.go:535	replica is a leader for next view. collecting new-view messages	{"CURRENT VIEW": 11}
2022-11-27T04:55:41.559Z	DEBUG	replica=3	coded-hotterstuff/consensus.go:788	new block locked	{"CURRENT VIEW": 11, "view": 9, "hash": "S5jvF8HlmLvBxjERXgBCYm1M/GPQBuOxef9Rwa5UXRA="}
2022-11-27T04:55:41.559Z	INFO	replica=3	coded-hotterstuff/consensus.go:797	new block commited	{"CURRENT VIEW": 11, "view": 8, "hash": "CdTNHG77L/KNb6fxbFkMI5vefUtOuAcj6xhNSmb/gws="}
2022-11-27T04:55:41.561Z	DEBUG	replica=3	coded-hotterstuff/consensus.go:678	proposal is safe to vote on	{"CURRENT VIEW": 10, "msg": "proposal", "header view": 11, "prepare view": 9, "hash": "JHDKbuvn/qlEbMiFGVnXE7z7VfFJm3NDC7AQEWpkt3w=", "parent": "Gymi6tg4A5LZy8aiMG6k221RFpMttMcj9dlrzPCBVG4="}
2022-11-27T04:55:41.561Z	DEBUG	replica=3	coded-hotterstuff/consensus.go:758	Taking care of pending vote 11	{"CURRENT VIEW": 11}
2022-11-27T04:55:41.561Z	DEBUG	replica=3	coded-hotterstuff/consensus.go:965	received vote	{"CURRENT VIEW": 11, "msg": "vote", "voter": 2, "view": 11, "hash": "JHDKbuvn/qlEbMiFGVnXE7z7VfFJm3NDC7AQEWpkt3w="}
2022-11-27T04:55:41.567Z	DEBUG	replica=3	coded-hotterstuff/consensus.go:965	received vote	{"CURRENT VIEW": 11, "msg": "vote", "voter": 3, "view": 11, "hash": "JHDKbuvn/qlEbMiFGVnXE7z7VfFJm3NDC7AQEWpkt3w="}
replica 3 is forwarding chunk to replica 0
replica 3 is forwarding chunk to replica 1
replica 3 is forwarding chunk to replica 4
replica 3 is forwarding chunk to replica 5
replica 3 is forwarding chunk to replica 6
replica 3 is forwarding chunk to replica 7
replica 3 is forwarding chunk to replica 8
Node  3 +1 block finalized at time:  2022-11-27 04:55:41.572816078 +0000 UTC m=+41.452659382
2022-11-27T04:55:41.649Z	DEBUG	replica=3	coded-hotterstuff/consensus.go:965	received vote	{"CURRENT VIEW": 11, "msg": "vote", "voter": 5, "view": 11, "hash": "JHDKbuvn/qlEbMiFGVnXE7z7VfFJm3NDC7AQEWpkt3w="}
2022-11-27T04:55:41.714Z	DEBUG	replica=3	coded-hotterstuff/consensus.go:965	received vote	{"CURRENT VIEW": 11, "msg": "vote", "voter": 4, "view": 11, "hash": "JHDKbuvn/qlEbMiFGVnXE7z7VfFJm3NDC7AQEWpkt3w="}
2022-11-27T04:55:41.729Z	DEBUG	replica=3	coded-hotterstuff/consensus.go:965	received vote	{"CURRENT VIEW": 11, "msg": "vote", "voter": 7, "view": 11, "hash": "JHDKbuvn/qlEbMiFGVnXE7z7VfFJm3NDC7AQEWpkt3w="}
2022-11-27T04:55:41.765Z	DEBUG	replica=3	coded-hotterstuff/consensus.go:965	received vote	{"CURRENT VIEW": 11, "msg": "vote", "voter": 1, "view": 11, "hash": "JHDKbuvn/qlEbMiFGVnXE7z7VfFJm3NDC7AQEWpkt3w="}
2022-11-27T04:55:42.121Z	DEBUG	replica=3	coded-hotterstuff/consensus.go:965	received vote	{"CURRENT VIEW": 11, "msg": "vote", "voter": 0, "view": 11, "hash": "JHDKbuvn/qlEbMiFGVnXE7z7VfFJm3NDC7AQEWpkt3w="}
2022-11-27T04:55:42.127Z	DEBUG	replica=3	coded-hotterstuff/consensus.go:809	new block certified	{"CURRENT VIEW": 11, "view": 11, "hash": "JHDKbuvn/qlEbMiFGVnXE7z7VfFJm3NDC7AQEWpkt3w="}
2022-11-27T04:55:42.127Z	DEBUG	replica=3	coded-hotterstuff/consensus.go:520	entered new view	{"CURRENT VIEW": 12, "view timeout": 2, "timedout": false}
2022-11-27T04:55:42.127Z	DEBUG	replica=3	coded-hotterstuff/consensus.go:544	replica is a leader for this view. waiting for data	{"CURRENT VIEW": 12}
2022-11-27T04:55:42.127Z	DEBUG	replica=3	coded-hotterstuff/consensus.go:520	entered new view	{"CURRENT VIEW": 12, "view timeout": 2, "timedout": false}
2022-11-27T04:55:42.127Z	DEBUG	replica=3	coded-hotterstuff/consensus.go:544	replica is a leader for this view. waiting for data	{"CURRENT VIEW": 12}
2022-11-27T04:55:42.127Z	DEBUG	replica=3	coded-hotterstuff/consensus.go:965	received vote	{"CURRENT VIEW": 12, "msg": "vote", "voter": 8, "view": 12, "hash": "JHDKbuvn/qlEbMiFGVnXE7z7VfFJm3NDC7AQEWpkt3w="}
2022-11-27T04:55:42.132Z	DEBUG	replica=3	coded-hotterstuff/consensus.go:520	entered new view	{"CURRENT VIEW": 12, "view timeout": 2, "timedout": false}
2022-11-27T04:55:42.132Z	DEBUG	replica=3	coded-hotterstuff/consensus.go:544	replica is a leader for this view. waiting for data	{"CURRENT VIEW": 12}
2022-11-27T04:55:42.135Z	DEBUG	replica=3	coded-hotterstuff/consensus.go:238	sending proposal	{"CURRENT VIEW": 12, "hash": "4aSlzOy0O5eyJna+iDXBFpIuUaKvoAYyhK6f3aYA32A=", "parent": "JHDKbuvn/qlEbMiFGVnXE7z7VfFJm3NDC7AQEWpkt3w=", "signer": 3}
2022-11-27T04:55:42.136Z	DEBUG	replica=3	coded-hotterstuff/consensus.go:576	received proposal	{"CURRENT VIEW": 12, "msg": "proposal", "header view": 12, "prepare view": 11, "hash": "4aSlzOy0O5eyJna+iDXBFpIuUaKvoAYyhK6f3aYA32A=", "parent": "JHDKbuvn/qlEbMiFGVnXE7z7VfFJm3NDC7AQEWpkt3w="}
2022-11-27T04:55:42.144Z	DEBUG	replica=3	coded-hotterstuff/consensus.go:788	new block locked	{"CURRENT VIEW": 12, "view": 10, "hash": "Gymi6tg4A5LZy8aiMG6k221RFpMttMcj9dlrzPCBVG4="}
2022-11-27T04:55:42.144Z	INFO	replica=3	coded-hotterstuff/consensus.go:797	new block commited	{"CURRENT VIEW": 12, "view": 9, "hash": "S5jvF8HlmLvBxjERXgBCYm1M/GPQBuOxef9Rwa5UXRA="}
2022-11-27T04:55:42.144Z	DEBUG	replica=3	coded-hotterstuff/consensus.go:678	proposal is safe to vote on	{"CURRENT VIEW": 12, "msg": "proposal", "header view": 12, "prepare view": 11, "hash": "4aSlzOy0O5eyJna+iDXBFpIuUaKvoAYyhK6f3aYA32A=", "parent": "JHDKbuvn/qlEbMiFGVnXE7z7VfFJm3NDC7AQEWpkt3w="}
Node  3 +1 block finalized at time:  2022-11-27 04:55:42.148407121 +0000 UTC m=+42.028250427
2022-11-27T04:55:42.490Z	DEBUG	replica=3	coded-hotterstuff/consensus.go:965	received vote	{"CURRENT VIEW": 12, "msg": "vote", "voter": 6, "view": 12, "hash": "JHDKbuvn/qlEbMiFGVnXE7z7VfFJm3NDC7AQEWpkt3w="}
2022-11-27T04:55:42.495Z	DEBUG	replica=3	coded-hotterstuff/consensus.go:520	entered new view	{"CURRENT VIEW": 12, "view timeout": 2, "timedout": false}
2022-11-27T04:55:42.495Z	DEBUG	replica=3	coded-hotterstuff/consensus.go:544	replica is a leader for this view. waiting for data	{"CURRENT VIEW": 12}
2022-11-27T04:55:42.498Z	DEBUG	replica=3	coded-hotterstuff/consensus.go:238	sending proposal	{"CURRENT VIEW": 12, "hash": "4aSlzOy0O5eyJna+iDXBFpIuUaKvoAYyhK6f3aYA32A=", "parent": "JHDKbuvn/qlEbMiFGVnXE7z7VfFJm3NDC7AQEWpkt3w=", "signer": 3}
2022-11-27T04:55:42.499Z	DEBUG	replica=3	coded-hotterstuff/consensus.go:576	received proposal	{"CURRENT VIEW": 12, "msg": "proposal", "header view": 12, "prepare view": 11, "hash": "4aSlzOy0O5eyJna+iDXBFpIuUaKvoAYyhK6f3aYA32A=", "parent": "JHDKbuvn/qlEbMiFGVnXE7z7VfFJm3NDC7AQEWpkt3w="}
Decoded original proposal, time: 2022-11-27 04:55:42.992513477 +0000 UTC m=+42.872356835 header hash: [36 112 202 110 235 231 254 169 68 108 200 133 25 89 215 19 188 251 85 241 73 155 115 67 11 176 16 17 106 100 183 124]
2022-11-27T04:55:42.992Z	DEBUG	replica=3	coded-hotterstuff/consensus.go:576	received proposal	{"CURRENT VIEW": 12, "msg": "proposal", "header view": 11, "prepare view": 11, "hash": "JHDKbuvn/qlEbMiFGVnXE7z7VfFJm3NDC7AQEWpkt3w=", "parent": "Gymi6tg4A5LZy8aiMG6k221RFpMttMcj9dlrzPCBVG4="}
2022-11-27T04:55:43.000Z	DEBUG	replica=3	coded-hotterstuff/consensus.go:667	proposal view doesn't match local view	{"CURRENT VIEW": 12, "msg": "proposal", "header view": 11, "prepare view": 11, "hash": "JHDKbuvn/qlEbMiFGVnXE7z7VfFJm3NDC7AQEWpkt3w=", "parent": "Gymi6tg4A5LZy8aiMG6k221RFpMttMcj9dlrzPCBVG4="}
replica 3 is forwarding chunk to replica 0
replica 3 is forwarding chunk to replica 1
replica 3 is forwarding chunk to replica 4
replica 3 is forwarding chunk to replica 5
replica 3 is forwarding chunk to replica 6
replica 3 is forwarding chunk to replica 7
replica 3 is forwarding chunk to replica 8
Decoded original proposal, time: 2022-11-27 04:55:44.877018852 +0000 UTC m=+44.756862205 header hash: [36 112 202 110 235 231 254 169 68 108 200 133 25 89 215 19 188 251 85 241 73 155 115 67 11 176 16 17 106 100 183 124]
2022-11-27T04:55:44.877Z	DEBUG	replica=3	coded-hotterstuff/consensus.go:576	received proposal	{"CURRENT VIEW": 12, "msg": "proposal", "header view": 11, "prepare view": 11, "hash": "JHDKbuvn/qlEbMiFGVnXE7z7VfFJm3NDC7AQEWpkt3w=", "parent": "Gymi6tg4A5LZy8aiMG6k221RFpMttMcj9dlrzPCBVG4="}
2022-11-27T04:55:44.884Z	DEBUG	replica=3	coded-hotterstuff/consensus.go:667	proposal view doesn't match local view	{"CURRENT VIEW": 12, "msg": "proposal", "header view": 11, "prepare view": 11, "hash": "JHDKbuvn/qlEbMiFGVnXE7z7VfFJm3NDC7AQEWpkt3w=", "parent": "Gymi6tg4A5LZy8aiMG6k221RFpMttMcj9dlrzPCBVG4="}
replica 3 is forwarding chunk to replica 0
replica 3 is forwarding chunk to replica 1
replica 3 is forwarding chunk to replica 2
replica 3 is forwarding chunk to replica 5
replica 3 is forwarding chunk to replica 6
replica 3 is forwarding chunk to replica 7
replica 3 is forwarding chunk to replica 8
replica 3 is forwarding chunk to replica 0
replica 3 is forwarding chunk to replica 1
replica 3 is forwarding chunk to replica 2
replica 3 is forwarding chunk to replica 5
replica 3 is forwarding chunk to replica 6
replica 3 is forwarding chunk to replica 7
replica 3 is forwarding chunk to replica 8
Decoded original proposal, time: 2022-11-27 04:55:49.129276801 +0000 UTC m=+49.009120155 header hash: [55 71 12 88 170 89 30 100 228 23 243 137 27 6 133 29 78 24 217 198 107 27 88 123 223 127 133 219 145 253 87 161]
2022-11-27T04:55:49.129Z	DEBUG	replica=3	coded-hotterstuff/consensus.go:576	received proposal	{"CURRENT VIEW": 12, "msg": "proposal", "header view": 13, "prepare view": 11, "hash": "N0cMWKpZHmTkF/OJGwaFHU4Y2cZrG1h733+F25H9V6E=", "parent": "4aSlzOy0O5eyJna+iDXBFpIuUaKvoAYyhK6f3aYA32A="}
2022-11-27T04:55:49.138Z	DEBUG	replica=3	coded-hotterstuff/consensus.go:809	new block certified	{"CURRENT VIEW": 12, "view": 12, "hash": "4aSlzOy0O5eyJna+iDXBFpIuUaKvoAYyhK6f3aYA32A="}
2022-11-27T04:55:49.138Z	DEBUG	replica=3	coded-hotterstuff/consensus.go:520	entered new view	{"CURRENT VIEW": 13, "view timeout": 2, "timedout": false}
2022-11-27T04:55:49.138Z	DEBUG	replica=3	coded-hotterstuff/consensus.go:788	new block locked	{"CURRENT VIEW": 13, "view": 11, "hash": "JHDKbuvn/qlEbMiFGVnXE7z7VfFJm3NDC7AQEWpkt3w="}
2022-11-27T04:55:49.138Z	INFO	replica=3	coded-hotterstuff/consensus.go:797	new block commited	{"CURRENT VIEW": 13, "view": 10, "hash": "Gymi6tg4A5LZy8aiMG6k221RFpMttMcj9dlrzPCBVG4="}
2022-11-27T04:55:49.139Z	DEBUG	replica=3	coded-hotterstuff/consensus.go:678	proposal is safe to vote on	{"CURRENT VIEW": 12, "msg": "proposal", "header view": 13, "prepare view": 11, "hash": "N0cMWKpZHmTkF/OJGwaFHU4Y2cZrG1h733+F25H9V6E=", "parent": "4aSlzOy0O5eyJna+iDXBFpIuUaKvoAYyhK6f3aYA32A="}
Node  3 +1 block finalized at time:  2022-11-27 04:55:49.141849652 +0000 UTC m=+49.021692956
replica 3 is forwarding chunk to replica 0
replica 3 is forwarding chunk to replica 1
replica 3 is forwarding chunk to replica 2
replica 3 is forwarding chunk to replica 5
replica 3 is forwarding chunk to replica 6
replica 3 is forwarding chunk to replica 7
replica 3 is forwarding chunk to replica 8
Decoded original proposal, time: 2022-11-27 04:55:50.278740821 +0000 UTC m=+50.158584124 header hash: [55 71 12 88 170 89 30 100 228 23 243 137 27 6 133 29 78 24 217 198 107 27 88 123 223 127 133 219 145 253 87 161]
2022-11-27T04:55:50.278Z	DEBUG	replica=3	coded-hotterstuff/consensus.go:576	received proposal	{"CURRENT VIEW": 13, "msg": "proposal", "header view": 13, "prepare view": 12, "hash": "N0cMWKpZHmTkF/OJGwaFHU4Y2cZrG1h733+F25H9V6E=", "parent": "4aSlzOy0O5eyJna+iDXBFpIuUaKvoAYyhK6f3aYA32A="}
replica 3 is forwarding chunk to replica 0
replica 3 is forwarding chunk to replica 1
replica 3 is forwarding chunk to replica 2
replica 3 is forwarding chunk to replica 4
replica 3 is forwarding chunk to replica 6
replica 3 is forwarding chunk to replica 7
replica 3 is forwarding chunk to replica 8
Decoded original proposal, time: 2022-11-27 04:55:51.66137758 +0000 UTC m=+51.541220884 header hash: [55 71 12 88 170 89 30 100 228 23 243 137 27 6 133 29 78 24 217 198 107 27 88 123 223 127 133 219 145 253 87 161]
2022-11-27T04:55:51.661Z	DEBUG	replica=3	coded-hotterstuff/consensus.go:576	received proposal	{"CURRENT VIEW": 13, "msg": "proposal", "header view": 13, "prepare view": 12, "hash": "N0cMWKpZHmTkF/OJGwaFHU4Y2cZrG1h733+F25H9V6E=", "parent": "4aSlzOy0O5eyJna+iDXBFpIuUaKvoAYyhK6f3aYA32A="}
replica 3 is forwarding chunk to replica 0
replica 3 is forwarding chunk to replica 1
replica 3 is forwarding chunk to replica 2
replica 3 is forwarding chunk to replica 4
replica 3 is forwarding chunk to replica 6
replica 3 is forwarding chunk to replica 7
replica 3 is forwarding chunk to replica 8
Decoded original proposal, time: 2022-11-27 04:55:52.766989482 +0000 UTC m=+52.646832786 header hash: [179 79 157 9 84 57 195 200 132 217 159 131 10 204 29 20 183 79 241 0 252 79 239 189 106 39 9 193 130 153 110 137]
2022-11-27T04:55:52.767Z	DEBUG	replica=3	coded-hotterstuff/consensus.go:576	received proposal	{"CURRENT VIEW": 13, "msg": "proposal", "header view": 14, "prepare view": 12, "hash": "s0+dCVQ5w8iE2Z+DCswdFLdP8QD8T++9aicJwYKZbok=", "parent": "N0cMWKpZHmTkF/OJGwaFHU4Y2cZrG1h733+F25H9V6E="}
2022-11-27T04:55:52.774Z	DEBUG	replica=3	coded-hotterstuff/consensus.go:809	new block certified	{"CURRENT VIEW": 13, "view": 13, "hash": "N0cMWKpZHmTkF/OJGwaFHU4Y2cZrG1h733+F25H9V6E="}
2022-11-27T04:55:52.774Z	DEBUG	replica=3	coded-hotterstuff/consensus.go:520	entered new view	{"CURRENT VIEW": 14, "view timeout": 2, "timedout": false}
2022-11-27T04:55:52.776Z	DEBUG	replica=3	coded-hotterstuff/consensus.go:788	new block locked	{"CURRENT VIEW": 14, "view": 12, "hash": "4aSlzOy0O5eyJna+iDXBFpIuUaKvoAYyhK6f3aYA32A="}
2022-11-27T04:55:52.776Z	INFO	replica=3	coded-hotterstuff/consensus.go:797	new block commited	{"CURRENT VIEW": 14, "view": 11, "hash": "JHDKbuvn/qlEbMiFGVnXE7z7VfFJm3NDC7AQEWpkt3w="}
2022-11-27T04:55:52.778Z	DEBUG	replica=3	coded-hotterstuff/consensus.go:678	proposal is safe to vote on	{"CURRENT VIEW": 13, "msg": "proposal", "header view": 14, "prepare view": 12, "hash": "s0+dCVQ5w8iE2Z+DCswdFLdP8QD8T++9aicJwYKZbok=", "parent": "N0cMWKpZHmTkF/OJGwaFHU4Y2cZrG1h733+F25H9V6E="}
Node  3 +1 block finalized at time:  2022-11-27 04:55:52.780540139 +0000 UTC m=+52.660383450
replica 3 is forwarding chunk to replica 0
replica 3 is forwarding chunk to replica 1
replica 3 is forwarding chunk to replica 2
replica 3 is forwarding chunk to replica 4
replica 3 is forwarding chunk to replica 6
replica 3 is forwarding chunk to replica 7
replica 3 is forwarding chunk to replica 8
Decoded original proposal, time: 2022-11-27 04:55:53.89388419 +0000 UTC m=+53.773727544 header hash: [179 79 157 9 84 57 195 200 132 217 159 131 10 204 29 20 183 79 241 0 252 79 239 189 106 39 9 193 130 153 110 137]
2022-11-27T04:55:53.893Z	DEBUG	replica=3	coded-hotterstuff/consensus.go:576	received proposal	{"CURRENT VIEW": 14, "msg": "proposal", "header view": 14, "prepare view": 13, "hash": "s0+dCVQ5w8iE2Z+DCswdFLdP8QD8T++9aicJwYKZbok=", "parent": "N0cMWKpZHmTkF/OJGwaFHU4Y2cZrG1h733+F25H9V6E="}
Decoded original proposal, time: 2022-11-27 04:55:54.927272653 +0000 UTC m=+54.807116004 header hash: [179 79 157 9 84 57 195 200 132 217 159 131 10 204 29 20 183 79 241 0 252 79 239 189 106 39 9 193 130 153 110 137]
2022-11-27T04:55:54.927Z	DEBUG	replica=3	coded-hotterstuff/consensus.go:576	received proposal	{"CURRENT VIEW": 14, "msg": "proposal", "header view": 14, "prepare view": 13, "hash": "s0+dCVQ5w8iE2Z+DCswdFLdP8QD8T++9aicJwYKZbok=", "parent": "N0cMWKpZHmTkF/OJGwaFHU4Y2cZrG1h733+F25H9V6E="}
replica 3 is forwarding chunk to replica 0
replica 3 is forwarding chunk to replica 1
replica 3 is forwarding chunk to replica 2
replica 3 is forwarding chunk to replica 4
replica 3 is forwarding chunk to replica 5
replica 3 is forwarding chunk to replica 7
replica 3 is forwarding chunk to replica 8
Decoded original proposal, time: 2022-11-27 04:55:56.714414413 +0000 UTC m=+56.594257770 header hash: [202 72 185 184 152 74 130 52 19 230 34 218 220 212 95 146 25 2 29 196 82 105 189 28 182 138 255 42 166 91 160 208]
2022-11-27T04:55:56.714Z	DEBUG	replica=3	coded-hotterstuff/consensus.go:576	received proposal	{"CURRENT VIEW": 14, "msg": "proposal", "header view": 15, "prepare view": 13, "hash": "yki5uJhKgjQT5iLa3NRfkhkCHcRSab0ctor/KqZboNA=", "parent": "s0+dCVQ5w8iE2Z+DCswdFLdP8QD8T++9aicJwYKZbok="}
2022-11-27T04:55:56.722Z	DEBUG	replica=3	coded-hotterstuff/consensus.go:809	new block certified	{"CURRENT VIEW": 14, "view": 14, "hash": "s0+dCVQ5w8iE2Z+DCswdFLdP8QD8T++9aicJwYKZbok="}
2022-11-27T04:55:56.722Z	DEBUG	replica=3	coded-hotterstuff/consensus.go:520	entered new view	{"CURRENT VIEW": 15, "view timeout": 2, "timedout": false}
2022-11-27T04:55:56.722Z	DEBUG	replica=3	coded-hotterstuff/consensus.go:788	new block locked	{"CURRENT VIEW": 15, "view": 13, "hash": "N0cMWKpZHmTkF/OJGwaFHU4Y2cZrG1h733+F25H9V6E="}
2022-11-27T04:55:56.722Z	INFO	replica=3	coded-hotterstuff/consensus.go:797	new block commited	{"CURRENT VIEW": 15, "view": 12, "hash": "4aSlzOy0O5eyJna+iDXBFpIuUaKvoAYyhK6f3aYA32A="}
2022-11-27T04:55:56.723Z	DEBUG	replica=3	coded-hotterstuff/consensus.go:678	proposal is safe to vote on	{"CURRENT VIEW": 14, "msg": "proposal", "header view": 15, "prepare view": 13, "hash": "yki5uJhKgjQT5iLa3NRfkhkCHcRSab0ctor/KqZboNA=", "parent": "s0+dCVQ5w8iE2Z+DCswdFLdP8QD8T++9aicJwYKZbok="}
Node  3 +1 block finalized at time:  2022-11-27 04:55:56.725249388 +0000 UTC m=+56.605092693
replica 3 is forwarding chunk to replica 0
replica 3 is forwarding chunk to replica 1
replica 3 is forwarding chunk to replica 2
replica 3 is forwarding chunk to replica 4
replica 3 is forwarding chunk to replica 5
replica 3 is forwarding chunk to replica 7
replica 3 is forwarding chunk to replica 8
Decoded original proposal, time: 2022-11-27 04:55:57.921173029 +0000 UTC m=+57.801016355 header hash: [202 72 185 184 152 74 130 52 19 230 34 218 220 212 95 146 25 2 29 196 82 105 189 28 182 138 255 42 166 91 160 208]
2022-11-27T04:55:57.921Z	DEBUG	replica=3	coded-hotterstuff/consensus.go:576	received proposal	{"CURRENT VIEW": 15, "msg": "proposal", "header view": 15, "prepare view": 14, "hash": "yki5uJhKgjQT5iLa3NRfkhkCHcRSab0ctor/KqZboNA=", "parent": "s0+dCVQ5w8iE2Z+DCswdFLdP8QD8T++9aicJwYKZbok="}
replica 3 is forwarding chunk to replica 0
replica 3 is forwarding chunk to replica 1
replica 3 is forwarding chunk to replica 2
replica 3 is forwarding chunk to replica 4
replica 3 is forwarding chunk to replica 5
replica 3 is forwarding chunk to replica 7
replica 3 is forwarding chunk to replica 8
Decoded original proposal, time: 2022-11-27 04:55:58.895816589 +0000 UTC m=+58.775659893 header hash: [202 72 185 184 152 74 130 52 19 230 34 218 220 212 95 146 25 2 29 196 82 105 189 28 182 138 255 42 166 91 160 208]
2022-11-27T04:55:58.895Z	DEBUG	replica=3	coded-hotterstuff/consensus.go:576	received proposal	{"CURRENT VIEW": 15, "msg": "proposal", "header view": 15, "prepare view": 14, "hash": "yki5uJhKgjQT5iLa3NRfkhkCHcRSab0ctor/KqZboNA=", "parent": "s0+dCVQ5w8iE2Z+DCswdFLdP8QD8T++9aicJwYKZbok="}
replica 3 is forwarding chunk to replica 0
replica 3 is forwarding chunk to replica 1
replica 3 is forwarding chunk to replica 2
replica 3 is forwarding chunk to replica 4
replica 3 is forwarding chunk to replica 5
replica 3 is forwarding chunk to replica 6
replica 3 is forwarding chunk to replica 8
Decoded original proposal, time: 2022-11-27 04:56:00.331385244 +0000 UTC m=+60.211228598 header hash: [60 3 172 192 158 69 228 82 139 18 154 192 39 84 167 184 246 172 168 97 72 51 107 161 52 135 29 101 211 31 104 44]
2022-11-27T04:56:00.331Z	DEBUG	replica=3	coded-hotterstuff/consensus.go:576	received proposal	{"CURRENT VIEW": 15, "msg": "proposal", "header view": 16, "prepare view": 14, "hash": "PAOswJ5F5FKLEprAJ1SnuPasqGFIM2uhNIcdZdMfaCw=", "parent": "yki5uJhKgjQT5iLa3NRfkhkCHcRSab0ctor/KqZboNA="}
2022-11-27T04:56:00.339Z	DEBUG	replica=3	coded-hotterstuff/consensus.go:809	new block certified	{"CURRENT VIEW": 15, "view": 15, "hash": "yki5uJhKgjQT5iLa3NRfkhkCHcRSab0ctor/KqZboNA="}
2022-11-27T04:56:00.339Z	DEBUG	replica=3	coded-hotterstuff/consensus.go:520	entered new view	{"CURRENT VIEW": 16, "view timeout": 2, "timedout": false}
2022-11-27T04:56:00.339Z	DEBUG	replica=3	coded-hotterstuff/consensus.go:788	new block locked	{"CURRENT VIEW": 16, "view": 14, "hash": "s0+dCVQ5w8iE2Z+DCswdFLdP8QD8T++9aicJwYKZbok="}
2022-11-27T04:56:00.339Z	INFO	replica=3	coded-hotterstuff/consensus.go:797	new block commited	{"CURRENT VIEW": 16, "view": 13, "hash": "N0cMWKpZHmTkF/OJGwaFHU4Y2cZrG1h733+F25H9V6E="}
2022-11-27T04:56:00.340Z	DEBUG	replica=3	coded-hotterstuff/consensus.go:678	proposal is safe to vote on	{"CURRENT VIEW": 15, "msg": "proposal", "header view": 16, "prepare view": 14, "hash": "PAOswJ5F5FKLEprAJ1SnuPasqGFIM2uhNIcdZdMfaCw=", "parent": "yki5uJhKgjQT5iLa3NRfkhkCHcRSab0ctor/KqZboNA="}
Node  3 +1 block finalized at time:  2022-11-27 04:56:00.343327188 +0000 UTC m=+60.223170483
replica 3 is forwarding chunk to replica 0
replica 3 is forwarding chunk to replica 1
replica 3 is forwarding chunk to replica 2
replica 3 is forwarding chunk to replica 4
replica 3 is forwarding chunk to replica 5
replica 3 is forwarding chunk to replica 6
replica 3 is forwarding chunk to replica 8
Decoded original proposal, time: 2022-11-27 04:56:01.695997995 +0000 UTC m=+61.575841300 header hash: [60 3 172 192 158 69 228 82 139 18 154 192 39 84 167 184 246 172 168 97 72 51 107 161 52 135 29 101 211 31 104 44]
2022-11-27T04:56:01.696Z	DEBUG	replica=3	coded-hotterstuff/consensus.go:576	received proposal	{"CURRENT VIEW": 16, "msg": "proposal", "header view": 16, "prepare view": 15, "hash": "PAOswJ5F5FKLEprAJ1SnuPasqGFIM2uhNIcdZdMfaCw=", "parent": "yki5uJhKgjQT5iLa3NRfkhkCHcRSab0ctor/KqZboNA="}
replica 3 is forwarding chunk to replica 0
replica 3 is forwarding chunk to replica 1
replica 3 is forwarding chunk to replica 2
replica 3 is forwarding chunk to replica 4
replica 3 is forwarding chunk to replica 5
replica 3 is forwarding chunk to replica 6
replica 3 is forwarding chunk to replica 8
Decoded original proposal, time: 2022-11-27 04:56:02.653298295 +0000 UTC m=+62.533141649 header hash: [60 3 172 192 158 69 228 82 139 18 154 192 39 84 167 184 246 172 168 97 72 51 107 161 52 135 29 101 211 31 104 44]
2022-11-27T04:56:02.653Z	DEBUG	replica=3	coded-hotterstuff/consensus.go:576	received proposal	{"CURRENT VIEW": 16, "msg": "proposal", "header view": 16, "prepare view": 15, "hash": "PAOswJ5F5FKLEprAJ1SnuPasqGFIM2uhNIcdZdMfaCw=", "parent": "yki5uJhKgjQT5iLa3NRfkhkCHcRSab0ctor/KqZboNA="}
Decoded original proposal, time: 2022-11-27 04:56:04.758013088 +0000 UTC m=+64.637856442 header hash: [125 188 128 163 149 74 17 87 102 203 151 169 127 222 108 104 174 185 14 72 28 223 232 151 172 204 94 91 117 235 43 104]
2022-11-27T04:56:04.758Z	DEBUG	replica=3	coded-hotterstuff/consensus.go:576	received proposal	{"CURRENT VIEW": 16, "msg": "proposal", "header view": 17, "prepare view": 15, "hash": "fbyAo5VKEVdmy5epf95saK65Dkgc3+iXrMxeW3XrK2g=", "parent": "PAOswJ5F5FKLEprAJ1SnuPasqGFIM2uhNIcdZdMfaCw="}
2022-11-27T04:56:04.766Z	DEBUG	replica=3	coded-hotterstuff/consensus.go:809	new block certified	{"CURRENT VIEW": 16, "view": 16, "hash": "PAOswJ5F5FKLEprAJ1SnuPasqGFIM2uhNIcdZdMfaCw="}
2022-11-27T04:56:04.766Z	DEBUG	replica=3	coded-hotterstuff/consensus.go:520	entered new view	{"CURRENT VIEW": 17, "view timeout": 2, "timedout": false}
2022-11-27T04:56:04.766Z	DEBUG	replica=3	coded-hotterstuff/consensus.go:788	new block locked	{"CURRENT VIEW": 17, "view": 15, "hash": "yki5uJhKgjQT5iLa3NRfkhkCHcRSab0ctor/KqZboNA="}
2022-11-27T04:56:04.766Z	INFO	replica=3	coded-hotterstuff/consensus.go:797	new block commited	{"CURRENT VIEW": 17, "view": 14, "hash": "s0+dCVQ5w8iE2Z+DCswdFLdP8QD8T++9aicJwYKZbok="}
2022-11-27T04:56:04.767Z	DEBUG	replica=3	coded-hotterstuff/consensus.go:678	proposal is safe to vote on	{"CURRENT VIEW": 16, "msg": "proposal", "header view": 17, "prepare view": 15, "hash": "fbyAo5VKEVdmy5epf95saK65Dkgc3+iXrMxeW3XrK2g=", "parent": "PAOswJ5F5FKLEprAJ1SnuPasqGFIM2uhNIcdZdMfaCw="}
Node  3 +1 block finalized at time:  2022-11-27 04:56:04.770171261 +0000 UTC m=+64.650014556
replica 3 is forwarding chunk to replica 0
replica 3 is forwarding chunk to replica 1
replica 3 is forwarding chunk to replica 2
replica 3 is forwarding chunk to replica 4
replica 3 is forwarding chunk to replica 5
replica 3 is forwarding chunk to replica 6
replica 3 is forwarding chunk to replica 7
replica 3 is forwarding chunk to replica 0
replica 3 is forwarding chunk to replica 1
replica 3 is forwarding chunk to replica 2
replica 3 is forwarding chunk to replica 4
replica 3 is forwarding chunk to replica 5
replica 3 is forwarding chunk to replica 6
replica 3 is forwarding chunk to replica 7
Decoded original proposal, time: 2022-11-27 04:56:06.026257246 +0000 UTC m=+65.906100599 header hash: [125 188 128 163 149 74 17 87 102 203 151 169 127 222 108 104 174 185 14 72 28 223 232 151 172 204 94 91 117 235 43 104]
2022-11-27T04:56:06.026Z	DEBUG	replica=3	coded-hotterstuff/consensus.go:576	received proposal	{"CURRENT VIEW": 17, "msg": "proposal", "header view": 17, "prepare view": 16, "hash": "fbyAo5VKEVdmy5epf95saK65Dkgc3+iXrMxeW3XrK2g=", "parent": "PAOswJ5F5FKLEprAJ1SnuPasqGFIM2uhNIcdZdMfaCw="}
replica 3 is forwarding chunk to replica 1
replica 3 is forwarding chunk to replica 2
replica 3 is forwarding chunk to replica 4
replica 3 is forwarding chunk to replica 5
replica 3 is forwarding chunk to replica 6
replica 3 is forwarding chunk to replica 7
replica 3 is forwarding chunk to replica 8
replica 3 is forwarding chunk to replica 0
replica 3 is forwarding chunk to replica 1
replica 3 is forwarding chunk to replica 2
replica 3 is forwarding chunk to replica 4
replica 3 is forwarding chunk to replica 5
replica 3 is forwarding chunk to replica 6
replica 3 is forwarding chunk to replica 7
Decoded original proposal, time: 2022-11-27 04:56:07.266944091 +0000 UTC m=+67.146787442 header hash: [125 188 128 163 149 74 17 87 102 203 151 169 127 222 108 104 174 185 14 72 28 223 232 151 172 204 94 91 117 235 43 104]
2022-11-27T04:56:07.266Z	DEBUG	replica=3	coded-hotterstuff/consensus.go:576	received proposal	{"CURRENT VIEW": 17, "msg": "proposal", "header view": 17, "prepare view": 16, "hash": "fbyAo5VKEVdmy5epf95saK65Dkgc3+iXrMxeW3XrK2g=", "parent": "PAOswJ5F5FKLEprAJ1SnuPasqGFIM2uhNIcdZdMfaCw="}
replica 3 is forwarding chunk to replica 1
replica 3 is forwarding chunk to replica 2
replica 3 is forwarding chunk to replica 4
replica 3 is forwarding chunk to replica 5
replica 3 is forwarding chunk to replica 6
replica 3 is forwarding chunk to replica 7
replica 3 is forwarding chunk to replica 8
Decoded original proposal, time: 2022-11-27 04:56:08.693934987 +0000 UTC m=+68.573778324 header hash: [233 71 193 36 185 72 95 92 29 220 193 120 223 14 188 72 252 159 62 199 112 113 252 214 161 209 254 215 214 224 205 19]
2022-11-27T04:56:08.693Z	DEBUG	replica=3	coded-hotterstuff/consensus.go:576	received proposal	{"CURRENT VIEW": 17, "msg": "proposal", "header view": 18, "prepare view": 16, "hash": "6UfBJLlIX1wd3MF43w68SPyfPsdwcfzWodH+19bgzRM=", "parent": "fbyAo5VKEVdmy5epf95saK65Dkgc3+iXrMxeW3XrK2g="}
2022-11-27T04:56:08.701Z	DEBUG	replica=3	coded-hotterstuff/consensus.go:809	new block certified	{"CURRENT VIEW": 17, "view": 17, "hash": "fbyAo5VKEVdmy5epf95saK65Dkgc3+iXrMxeW3XrK2g="}
2022-11-27T04:56:08.701Z	DEBUG	replica=3	coded-hotterstuff/consensus.go:520	entered new view	{"CURRENT VIEW": 18, "view timeout": 2, "timedout": false}
2022-11-27T04:56:08.701Z	DEBUG	replica=3	coded-hotterstuff/consensus.go:788	new block locked	{"CURRENT VIEW": 18, "view": 16, "hash": "PAOswJ5F5FKLEprAJ1SnuPasqGFIM2uhNIcdZdMfaCw="}
2022-11-27T04:56:08.701Z	INFO	replica=3	coded-hotterstuff/consensus.go:797	new block commited	{"CURRENT VIEW": 18, "view": 15, "hash": "yki5uJhKgjQT5iLa3NRfkhkCHcRSab0ctor/KqZboNA="}
2022-11-27T04:56:08.703Z	DEBUG	replica=3	coded-hotterstuff/consensus.go:678	proposal is safe to vote on	{"CURRENT VIEW": 17, "msg": "proposal", "header view": 18, "prepare view": 16, "hash": "6UfBJLlIX1wd3MF43w68SPyfPsdwcfzWodH+19bgzRM=", "parent": "fbyAo5VKEVdmy5epf95saK65Dkgc3+iXrMxeW3XrK2g="}
Node  3 +1 block finalized at time:  2022-11-27 04:56:08.705538761 +0000 UTC m=+68.585382057
replica 3 is forwarding chunk to replica 1
replica 3 is forwarding chunk to replica 2
replica 3 is forwarding chunk to replica 4
replica 3 is forwarding chunk to replica 5
replica 3 is forwarding chunk to replica 6
replica 3 is forwarding chunk to replica 7
replica 3 is forwarding chunk to replica 8
Decoded original proposal, time: 2022-11-27 04:56:09.89189474 +0000 UTC m=+69.771738092 header hash: [233 71 193 36 185 72 95 92 29 220 193 120 223 14 188 72 252 159 62 199 112 113 252 214 161 209 254 215 214 224 205 19]
2022-11-27T04:56:09.891Z	DEBUG	replica=3	coded-hotterstuff/consensus.go:576	received proposal	{"CURRENT VIEW": 18, "msg": "proposal", "header view": 18, "prepare view": 17, "hash": "6UfBJLlIX1wd3MF43w68SPyfPsdwcfzWodH+19bgzRM=", "parent": "fbyAo5VKEVdmy5epf95saK65Dkgc3+iXrMxeW3XrK2g="}
Decoded original proposal, time: 2022-11-27 04:56:10.730948926 +0000 UTC m=+70.610792282 header hash: [233 71 193 36 185 72 95 92 29 220 193 120 223 14 188 72 252 159 62 199 112 113 252 214 161 209 254 215 214 224 205 19]
2022-11-27T04:56:10.730Z	DEBUG	replica=3	coded-hotterstuff/consensus.go:576	received proposal	{"CURRENT VIEW": 18, "msg": "proposal", "header view": 18, "prepare view": 17, "hash": "6UfBJLlIX1wd3MF43w68SPyfPsdwcfzWodH+19bgzRM=", "parent": "fbyAo5VKEVdmy5epf95saK65Dkgc3+iXrMxeW3XrK2g="}
replica 3 is forwarding chunk to replica 0
replica 3 is forwarding chunk to replica 2
replica 3 is forwarding chunk to replica 4
replica 3 is forwarding chunk to replica 5
replica 3 is forwarding chunk to replica 6
replica 3 is forwarding chunk to replica 7
replica 3 is forwarding chunk to replica 8
Decoded original proposal, time: 2022-11-27 04:56:13.290504143 +0000 UTC m=+73.170347501 header hash: [185 41 143 39 105 99 203 192 159 254 69 93 97 168 179 24 114 209 232 19 130 40 155 35 149 96 233 98 157 146 62 14]
2022-11-27T04:56:13.290Z	DEBUG	replica=3	coded-hotterstuff/consensus.go:576	received proposal	{"CURRENT VIEW": 18, "msg": "proposal", "header view": 19, "prepare view": 17, "hash": "uSmPJ2ljy8Cf/kVdYaizGHLR6BOCKJsjlWDpYp2SPg4=", "parent": "6UfBJLlIX1wd3MF43w68SPyfPsdwcfzWodH+19bgzRM="}
2022-11-27T04:56:13.297Z	DEBUG	replica=3	coded-hotterstuff/consensus.go:809	new block certified	{"CURRENT VIEW": 18, "view": 18, "hash": "6UfBJLlIX1wd3MF43w68SPyfPsdwcfzWodH+19bgzRM="}
2022-11-27T04:56:13.297Z	DEBUG	replica=3	coded-hotterstuff/consensus.go:520	entered new view	{"CURRENT VIEW": 19, "view timeout": 2, "timedout": false}
2022-11-27T04:56:13.297Z	DEBUG	replica=3	coded-hotterstuff/consensus.go:788	new block locked	{"CURRENT VIEW": 19, "view": 17, "hash": "fbyAo5VKEVdmy5epf95saK65Dkgc3+iXrMxeW3XrK2g="}
2022-11-27T04:56:13.297Z	INFO	replica=3	coded-hotterstuff/consensus.go:797	new block commited	{"CURRENT VIEW": 19, "view": 16, "hash": "PAOswJ5F5FKLEprAJ1SnuPasqGFIM2uhNIcdZdMfaCw="}
2022-11-27T04:56:13.298Z	DEBUG	replica=3	coded-hotterstuff/consensus.go:678	proposal is safe to vote on	{"CURRENT VIEW": 18, "msg": "proposal", "header view": 19, "prepare view": 17, "hash": "uSmPJ2ljy8Cf/kVdYaizGHLR6BOCKJsjlWDpYp2SPg4=", "parent": "6UfBJLlIX1wd3MF43w68SPyfPsdwcfzWodH+19bgzRM="}
Node  3 +1 block finalized at time:  2022-11-27 04:56:13.300515046 +0000 UTC m=+73.180358356
replica 3 is forwarding chunk to replica 0
replica 3 is forwarding chunk to replica 2
replica 3 is forwarding chunk to replica 4
replica 3 is forwarding chunk to replica 5
replica 3 is forwarding chunk to replica 6
replica 3 is forwarding chunk to replica 7
replica 3 is forwarding chunk to replica 8
Decoded original proposal, time: 2022-11-27 04:56:14.305939125 +0000 UTC m=+74.185782480 header hash: [185 41 143 39 105 99 203 192 159 254 69 93 97 168 179 24 114 209 232 19 130 40 155 35 149 96 233 98 157 146 62 14]
2022-11-27T04:56:14.305Z	DEBUG	replica=3	coded-hotterstuff/consensus.go:576	received proposal	{"CURRENT VIEW": 19, "msg": "proposal", "header view": 19, "prepare view": 18, "hash": "uSmPJ2ljy8Cf/kVdYaizGHLR6BOCKJsjlWDpYp2SPg4=", "parent": "6UfBJLlIX1wd3MF43w68SPyfPsdwcfzWodH+19bgzRM="}
replica 3 is forwarding chunk to replica 0
replica 3 is forwarding chunk to replica 2
replica 3 is forwarding chunk to replica 4
replica 3 is forwarding chunk to replica 5
replica 3 is forwarding chunk to replica 6
replica 3 is forwarding chunk to replica 7
replica 3 is forwarding chunk to replica 8
Decoded original proposal, time: 2022-11-27 04:56:15.422307231 +0000 UTC m=+75.302150535 header hash: [185 41 143 39 105 99 203 192 159 254 69 93 97 168 179 24 114 209 232 19 130 40 155 35 149 96 233 98 157 146 62 14]
2022-11-27T04:56:15.422Z	DEBUG	replica=3	coded-hotterstuff/consensus.go:576	received proposal	{"CURRENT VIEW": 19, "msg": "proposal", "header view": 19, "prepare view": 18, "hash": "uSmPJ2ljy8Cf/kVdYaizGHLR6BOCKJsjlWDpYp2SPg4=", "parent": "6UfBJLlIX1wd3MF43w68SPyfPsdwcfzWodH+19bgzRM="}
replica 3 is forwarding chunk to replica 0
replica 3 is forwarding chunk to replica 1
replica 3 is forwarding chunk to replica 4
replica 3 is forwarding chunk to replica 5
replica 3 is forwarding chunk to replica 6
replica 3 is forwarding chunk to replica 7
replica 3 is forwarding chunk to replica 8
Decoded original proposal, time: 2022-11-27 04:56:17.468796555 +0000 UTC m=+77.348639910 header hash: [13 182 191 15 143 42 152 29 239 84 127 36 77 221 124 199 27 48 113 31 51 226 178 103 166 208 44 11 123 31 191 52]
2022-11-27T04:56:17.468Z	DEBUG	replica=3	coded-hotterstuff/consensus.go:576	received proposal	{"CURRENT VIEW": 19, "msg": "proposal", "header view": 20, "prepare view": 18, "hash": "Dba/D48qmB3vVH8kTd18xxswcR8z4rJnptAsC3sfvzQ=", "parent": "uSmPJ2ljy8Cf/kVdYaizGHLR6BOCKJsjlWDpYp2SPg4="}
2022-11-27T04:56:17.476Z	DEBUG	replica=3	coded-hotterstuff/consensus.go:809	new block certified	{"CURRENT VIEW": 19, "view": 19, "hash": "uSmPJ2ljy8Cf/kVdYaizGHLR6BOCKJsjlWDpYp2SPg4="}
2022-11-27T04:56:17.476Z	DEBUG	replica=3	coded-hotterstuff/consensus.go:520	entered new view	{"CURRENT VIEW": 20, "view timeout": 2, "timedout": false}
2022-11-27T04:56:17.476Z	DEBUG	replica=3	coded-hotterstuff/consensus.go:535	replica is a leader for next view. collecting new-view messages	{"CURRENT VIEW": 20}
2022-11-27T04:56:17.476Z	DEBUG	replica=3	coded-hotterstuff/consensus.go:788	new block locked	{"CURRENT VIEW": 20, "view": 18, "hash": "6UfBJLlIX1wd3MF43w68SPyfPsdwcfzWodH+19bgzRM="}
2022-11-27T04:56:17.476Z	INFO	replica=3	coded-hotterstuff/consensus.go:797	new block commited	{"CURRENT VIEW": 20, "view": 17, "hash": "fbyAo5VKEVdmy5epf95saK65Dkgc3+iXrMxeW3XrK2g="}
2022-11-27T04:56:17.478Z	DEBUG	replica=3	coded-hotterstuff/consensus.go:678	proposal is safe to vote on	{"CURRENT VIEW": 19, "msg": "proposal", "header view": 20, "prepare view": 18, "hash": "Dba/D48qmB3vVH8kTd18xxswcR8z4rJnptAsC3sfvzQ=", "parent": "uSmPJ2ljy8Cf/kVdYaizGHLR6BOCKJsjlWDpYp2SPg4="}
2022-11-27T04:56:17.480Z	DEBUG	replica=3	coded-hotterstuff/consensus.go:965	received vote	{"CURRENT VIEW": 20, "msg": "vote", "voter": 3, "view": 20, "hash": "Dba/D48qmB3vVH8kTd18xxswcR8z4rJnptAsC3sfvzQ="}
2022-11-27T04:56:17.483Z	DEBUG	replica=3	coded-hotterstuff/consensus.go:965	received vote	{"CURRENT VIEW": 20, "msg": "vote", "voter": 2, "view": 20, "hash": "Dba/D48qmB3vVH8kTd18xxswcR8z4rJnptAsC3sfvzQ="}
Node  3 +1 block finalized at time:  2022-11-27 04:56:17.48926356 +0000 UTC m=+77.369106868
2022-11-27T04:56:17.526Z	DEBUG	replica=3	coded-hotterstuff/consensus.go:965	received vote	{"CURRENT VIEW": 20, "msg": "vote", "voter": 5, "view": 20, "hash": "Dba/D48qmB3vVH8kTd18xxswcR8z4rJnptAsC3sfvzQ="}
2022-11-27T04:56:17.610Z	DEBUG	replica=3	coded-hotterstuff/consensus.go:965	received vote	{"CURRENT VIEW": 20, "msg": "vote", "voter": 4, "view": 20, "hash": "Dba/D48qmB3vVH8kTd18xxswcR8z4rJnptAsC3sfvzQ="}
2022-11-27T04:56:17.836Z	DEBUG	replica=3	coded-hotterstuff/consensus.go:965	received vote	{"CURRENT VIEW": 20, "msg": "vote", "voter": 0, "view": 20, "hash": "Dba/D48qmB3vVH8kTd18xxswcR8z4rJnptAsC3sfvzQ="}
2022-11-27T04:56:17.871Z	DEBUG	replica=3	coded-hotterstuff/consensus.go:965	received vote	{"CURRENT VIEW": 20, "msg": "vote", "voter": 8, "view": 20, "hash": "Dba/D48qmB3vVH8kTd18xxswcR8z4rJnptAsC3sfvzQ="}
2022-11-27T04:56:17.909Z	DEBUG	replica=3	coded-hotterstuff/consensus.go:965	received vote	{"CURRENT VIEW": 20, "msg": "vote", "voter": 1, "view": 20, "hash": "Dba/D48qmB3vVH8kTd18xxswcR8z4rJnptAsC3sfvzQ="}
2022-11-27T04:56:17.915Z	DEBUG	replica=3	coded-hotterstuff/consensus.go:809	new block certified	{"CURRENT VIEW": 20, "view": 20, "hash": "Dba/D48qmB3vVH8kTd18xxswcR8z4rJnptAsC3sfvzQ="}
2022-11-27T04:56:17.915Z	DEBUG	replica=3	coded-hotterstuff/consensus.go:520	entered new view	{"CURRENT VIEW": 21, "view timeout": 2, "timedout": false}
2022-11-27T04:56:17.915Z	DEBUG	replica=3	coded-hotterstuff/consensus.go:544	replica is a leader for this view. waiting for data	{"CURRENT VIEW": 21}
2022-11-27T04:56:17.915Z	DEBUG	replica=3	coded-hotterstuff/consensus.go:520	entered new view	{"CURRENT VIEW": 21, "view timeout": 2, "timedout": false}
2022-11-27T04:56:17.915Z	DEBUG	replica=3	coded-hotterstuff/consensus.go:544	replica is a leader for this view. waiting for data	{"CURRENT VIEW": 21}
2022-11-27T04:56:17.918Z	DEBUG	replica=3	coded-hotterstuff/consensus.go:238	sending proposal	{"CURRENT VIEW": 21, "hash": "0SZBQS4E4pFqiz2KHQNDBHMPXOkDtszRUc2EO9/2gmc=", "parent": "Dba/D48qmB3vVH8kTd18xxswcR8z4rJnptAsC3sfvzQ=", "signer": 3}
2022-11-27T04:56:17.919Z	DEBUG	replica=3	coded-hotterstuff/consensus.go:576	received proposal	{"CURRENT VIEW": 21, "msg": "proposal", "header view": 21, "prepare view": 20, "hash": "0SZBQS4E4pFqiz2KHQNDBHMPXOkDtszRUc2EO9/2gmc=", "parent": "Dba/D48qmB3vVH8kTd18xxswcR8z4rJnptAsC3sfvzQ="}
2022-11-27T04:56:17.925Z	DEBUG	replica=3	coded-hotterstuff/consensus.go:788	new block locked	{"CURRENT VIEW": 21, "view": 19, "hash": "uSmPJ2ljy8Cf/kVdYaizGHLR6BOCKJsjlWDpYp2SPg4="}
2022-11-27T04:56:17.925Z	INFO	replica=3	coded-hotterstuff/consensus.go:797	new block commited	{"CURRENT VIEW": 21, "view": 18, "hash": "6UfBJLlIX1wd3MF43w68SPyfPsdwcfzWodH+19bgzRM="}
2022-11-27T04:56:17.926Z	DEBUG	replica=3	coded-hotterstuff/consensus.go:678	proposal is safe to vote on	{"CURRENT VIEW": 21, "msg": "proposal", "header view": 21, "prepare view": 20, "hash": "0SZBQS4E4pFqiz2KHQNDBHMPXOkDtszRUc2EO9/2gmc=", "parent": "Dba/D48qmB3vVH8kTd18xxswcR8z4rJnptAsC3sfvzQ="}
Node  3 +1 block finalized at time:  2022-11-27 04:56:17.928469593 +0000 UTC m=+77.808312888
2022-11-27T04:56:17.968Z	DEBUG	replica=3	coded-hotterstuff/consensus.go:965	received vote	{"CURRENT VIEW": 21, "msg": "vote", "voter": 6, "view": 21, "hash": "Dba/D48qmB3vVH8kTd18xxswcR8z4rJnptAsC3sfvzQ="}
2022-11-27T04:56:17.973Z	DEBUG	replica=3	coded-hotterstuff/consensus.go:520	entered new view	{"CURRENT VIEW": 21, "view timeout": 2, "timedout": false}
2022-11-27T04:56:17.973Z	DEBUG	replica=3	coded-hotterstuff/consensus.go:544	replica is a leader for this view. waiting for data	{"CURRENT VIEW": 21}
2022-11-27T04:56:17.976Z	DEBUG	replica=3	coded-hotterstuff/consensus.go:238	sending proposal	{"CURRENT VIEW": 21, "hash": "0SZBQS4E4pFqiz2KHQNDBHMPXOkDtszRUc2EO9/2gmc=", "parent": "Dba/D48qmB3vVH8kTd18xxswcR8z4rJnptAsC3sfvzQ=", "signer": 3}
2022-11-27T04:56:17.977Z	DEBUG	replica=3	coded-hotterstuff/consensus.go:576	received proposal	{"CURRENT VIEW": 21, "msg": "proposal", "header view": 21, "prepare view": 20, "hash": "0SZBQS4E4pFqiz2KHQNDBHMPXOkDtszRUc2EO9/2gmc=", "parent": "Dba/D48qmB3vVH8kTd18xxswcR8z4rJnptAsC3sfvzQ="}
replica 3 is forwarding chunk to replica 0
replica 3 is forwarding chunk to replica 1
replica 3 is forwarding chunk to replica 4
replica 3 is forwarding chunk to replica 5
replica 3 is forwarding chunk to replica 6
replica 3 is forwarding chunk to replica 7
replica 3 is forwarding chunk to replica 8
Decoded original proposal, time: 2022-11-27 04:56:18.464966048 +0000 UTC m=+78.344809402 header hash: [13 182 191 15 143 42 152 29 239 84 127 36 77 221 124 199 27 48 113 31 51 226 178 103 166 208 44 11 123 31 191 52]
2022-11-27T04:56:18.465Z	DEBUG	replica=3	coded-hotterstuff/consensus.go:576	received proposal	{"CURRENT VIEW": 21, "msg": "proposal", "header view": 20, "prepare view": 20, "hash": "Dba/D48qmB3vVH8kTd18xxswcR8z4rJnptAsC3sfvzQ=", "parent": "uSmPJ2ljy8Cf/kVdYaizGHLR6BOCKJsjlWDpYp2SPg4="}
2022-11-27T04:56:18.473Z	DEBUG	replica=3	coded-hotterstuff/consensus.go:667	proposal view doesn't match local view	{"CURRENT VIEW": 21, "msg": "proposal", "header view": 20, "prepare view": 20, "hash": "Dba/D48qmB3vVH8kTd18xxswcR8z4rJnptAsC3sfvzQ=", "parent": "uSmPJ2ljy8Cf/kVdYaizGHLR6BOCKJsjlWDpYp2SPg4="}
2022-11-27T04:56:18.473Z	DEBUG	replica=3	coded-hotterstuff/consensus.go:965	received vote	{"CURRENT VIEW": 21, "msg": "vote", "voter": 7, "view": 21, "hash": "Dba/D48qmB3vVH8kTd18xxswcR8z4rJnptAsC3sfvzQ="}
2022-11-27T04:56:18.478Z	DEBUG	replica=3	coded-hotterstuff/consensus.go:520	entered new view	{"CURRENT VIEW": 21, "view timeout": 2, "timedout": false}
2022-11-27T04:56:18.479Z	DEBUG	replica=3	coded-hotterstuff/consensus.go:544	replica is a leader for this view. waiting for data	{"CURRENT VIEW": 21}
2022-11-27T04:56:18.482Z	DEBUG	replica=3	coded-hotterstuff/consensus.go:238	sending proposal	{"CURRENT VIEW": 21, "hash": "0SZBQS4E4pFqiz2KHQNDBHMPXOkDtszRUc2EO9/2gmc=", "parent": "Dba/D48qmB3vVH8kTd18xxswcR8z4rJnptAsC3sfvzQ=", "signer": 3}
2022-11-27T04:56:18.483Z	DEBUG	replica=3	coded-hotterstuff/consensus.go:576	received proposal	{"CURRENT VIEW": 21, "msg": "proposal", "header view": 21, "prepare view": 20, "hash": "0SZBQS4E4pFqiz2KHQNDBHMPXOkDtszRUc2EO9/2gmc=", "parent": "Dba/D48qmB3vVH8kTd18xxswcR8z4rJnptAsC3sfvzQ="}
replica 3 is forwarding chunk to replica 0
replica 3 is forwarding chunk to replica 1
replica 3 is forwarding chunk to replica 4
replica 3 is forwarding chunk to replica 5
replica 3 is forwarding chunk to replica 6
replica 3 is forwarding chunk to replica 7
replica 3 is forwarding chunk to replica 8
Decoded original proposal, time: 2022-11-27 04:56:20.578492703 +0000 UTC m=+80.458336015 header hash: [13 182 191 15 143 42 152 29 239 84 127 36 77 221 124 199 27 48 113 31 51 226 178 103 166 208 44 11 123 31 191 52]
2022-11-27T04:56:20.578Z	DEBUG	replica=3	coded-hotterstuff/consensus.go:576	received proposal	{"CURRENT VIEW": 21, "msg": "proposal", "header view": 20, "prepare view": 20, "hash": "Dba/D48qmB3vVH8kTd18xxswcR8z4rJnptAsC3sfvzQ=", "parent": "uSmPJ2ljy8Cf/kVdYaizGHLR6BOCKJsjlWDpYp2SPg4="}
2022-11-27T04:56:20.586Z	DEBUG	replica=3	coded-hotterstuff/consensus.go:667	proposal view doesn't match local view	{"CURRENT VIEW": 21, "msg": "proposal", "header view": 20, "prepare view": 20, "hash": "Dba/D48qmB3vVH8kTd18xxswcR8z4rJnptAsC3sfvzQ=", "parent": "uSmPJ2ljy8Cf/kVdYaizGHLR6BOCKJsjlWDpYp2SPg4="}
replica 3 is forwarding chunk to replica 0
replica 3 is forwarding chunk to replica 1
replica 3 is forwarding chunk to replica 2
replica 3 is forwarding chunk to replica 5
replica 3 is forwarding chunk to replica 6
replica 3 is forwarding chunk to replica 7
replica 3 is forwarding chunk to replica 8
replica 3 is forwarding chunk to replica 0
replica 3 is forwarding chunk to replica 1
replica 3 is forwarding chunk to replica 2
replica 3 is forwarding chunk to replica 5
replica 3 is forwarding chunk to replica 6
replica 3 is forwarding chunk to replica 7
replica 3 is forwarding chunk to replica 8
Decoded original proposal, time: 2022-11-27 04:56:24.908237937 +0000 UTC m=+84.788081249 header hash: [236 22 254 114 249 137 84 235 103 187 22 243 254 52 241 221 163 197 58 85 216 147 6 31 172 60 252 77 199 10 162 122]
2022-11-27T04:56:24.908Z	DEBUG	replica=3	coded-hotterstuff/consensus.go:576	received proposal	{"CURRENT VIEW": 21, "msg": "proposal", "header view": 22, "prepare view": 20, "hash": "7Bb+cvmJVOtnuxbz/jTx3aPFOlXYkwYfrDz8TccKono=", "parent": "0SZBQS4E4pFqiz2KHQNDBHMPXOkDtszRUc2EO9/2gmc="}
2022-11-27T04:56:24.916Z	DEBUG	replica=3	coded-hotterstuff/consensus.go:809	new block certified	{"CURRENT VIEW": 21, "view": 21, "hash": "0SZBQS4E4pFqiz2KHQNDBHMPXOkDtszRUc2EO9/2gmc="}
2022-11-27T04:56:24.916Z	DEBUG	replica=3	coded-hotterstuff/consensus.go:520	entered new view	{"CURRENT VIEW": 22, "view timeout": 2, "timedout": false}
2022-11-27T04:56:24.916Z	DEBUG	replica=3	coded-hotterstuff/consensus.go:788	new block locked	{"CURRENT VIEW": 22, "view": 20, "hash": "Dba/D48qmB3vVH8kTd18xxswcR8z4rJnptAsC3sfvzQ="}
2022-11-27T04:56:24.916Z	INFO	replica=3	coded-hotterstuff/consensus.go:797	new block commited	{"CURRENT VIEW": 22, "view": 19, "hash": "uSmPJ2ljy8Cf/kVdYaizGHLR6BOCKJsjlWDpYp2SPg4="}
2022-11-27T04:56:24.918Z	DEBUG	replica=3	coded-hotterstuff/consensus.go:678	proposal is safe to vote on	{"CURRENT VIEW": 21, "msg": "proposal", "header view": 22, "prepare view": 20, "hash": "7Bb+cvmJVOtnuxbz/jTx3aPFOlXYkwYfrDz8TccKono=", "parent": "0SZBQS4E4pFqiz2KHQNDBHMPXOkDtszRUc2EO9/2gmc="}
Node  3 +1 block finalized at time:  2022-11-27 04:56:24.920625347 +0000 UTC m=+84.800468642
replica 3 is forwarding chunk to replica 0
replica 3 is forwarding chunk to replica 1
replica 3 is forwarding chunk to replica 2
replica 3 is forwarding chunk to replica 5
replica 3 is forwarding chunk to replica 6
replica 3 is forwarding chunk to replica 7
replica 3 is forwarding chunk to replica 8
Decoded original proposal, time: 2022-11-27 04:56:26.275608108 +0000 UTC m=+86.155451463 header hash: [236 22 254 114 249 137 84 235 103 187 22 243 254 52 241 221 163 197 58 85 216 147 6 31 172 60 252 77 199 10 162 122]
2022-11-27T04:56:26.275Z	DEBUG	replica=3	coded-hotterstuff/consensus.go:576	received proposal	{"CURRENT VIEW": 22, "msg": "proposal", "header view": 22, "prepare view": 21, "hash": "7Bb+cvmJVOtnuxbz/jTx3aPFOlXYkwYfrDz8TccKono=", "parent": "0SZBQS4E4pFqiz2KHQNDBHMPXOkDtszRUc2EO9/2gmc="}
Decoded original proposal, time: 2022-11-27 04:56:27.42964226 +0000 UTC m=+87.309485619 header hash: [236 22 254 114 249 137 84 235 103 187 22 243 254 52 241 221 163 197 58 85 216 147 6 31 172 60 252 77 199 10 162 122]
2022-11-27T04:56:27.429Z	DEBUG	replica=3	coded-hotterstuff/consensus.go:576	received proposal	{"CURRENT VIEW": 22, "msg": "proposal", "header view": 22, "prepare view": 21, "hash": "7Bb+cvmJVOtnuxbz/jTx3aPFOlXYkwYfrDz8TccKono=", "parent": "0SZBQS4E4pFqiz2KHQNDBHMPXOkDtszRUc2EO9/2gmc="}
replica 3 is forwarding chunk to replica 0
replica 3 is forwarding chunk to replica 1
replica 3 is forwarding chunk to replica 2
replica 3 is forwarding chunk to replica 4
replica 3 is forwarding chunk to replica 6
replica 3 is forwarding chunk to replica 7
replica 3 is forwarding chunk to replica 8
replica 3 is forwarding chunk to replica 0
replica 3 is forwarding chunk to replica 1
replica 3 is forwarding chunk to replica 2
replica 3 is forwarding chunk to replica 4
replica 3 is forwarding chunk to replica 6
replica 3 is forwarding chunk to replica 7
replica 3 is forwarding chunk to replica 8
Decoded original proposal, time: 2022-11-27 04:56:28.97389459 +0000 UTC m=+88.853737942 header hash: [166 104 248 56 156 200 56 21 234 36 160 106 253 96 127 136 80 12 64 153 26 46 23 40 178 246 209 130 199 137 106 50]
2022-11-27T04:56:28.973Z	DEBUG	replica=3	coded-hotterstuff/consensus.go:576	received proposal	{"CURRENT VIEW": 22, "msg": "proposal", "header view": 23, "prepare view": 21, "hash": "pmj4OJzIOBXqJKBq/WB/iFAMQJkaLhcosvbRgseJajI=", "parent": "7Bb+cvmJVOtnuxbz/jTx3aPFOlXYkwYfrDz8TccKono="}
2022-11-27T04:56:28.982Z	DEBUG	replica=3	coded-hotterstuff/consensus.go:809	new block certified	{"CURRENT VIEW": 22, "view": 22, "hash": "7Bb+cvmJVOtnuxbz/jTx3aPFOlXYkwYfrDz8TccKono="}
2022-11-27T04:56:28.982Z	DEBUG	replica=3	coded-hotterstuff/consensus.go:520	entered new view	{"CURRENT VIEW": 23, "view timeout": 2, "timedout": false}
2022-11-27T04:56:28.982Z	DEBUG	replica=3	coded-hotterstuff/consensus.go:788	new block locked	{"CURRENT VIEW": 23, "view": 21, "hash": "0SZBQS4E4pFqiz2KHQNDBHMPXOkDtszRUc2EO9/2gmc="}
2022-11-27T04:56:28.982Z	INFO	replica=3	coded-hotterstuff/consensus.go:797	new block commited	{"CURRENT VIEW": 23, "view": 20, "hash": "Dba/D48qmB3vVH8kTd18xxswcR8z4rJnptAsC3sfvzQ="}
2022-11-27T04:56:28.983Z	DEBUG	replica=3	coded-hotterstuff/consensus.go:678	proposal is safe to vote on	{"CURRENT VIEW": 22, "msg": "proposal", "header view": 23, "prepare view": 21, "hash": "pmj4OJzIOBXqJKBq/WB/iFAMQJkaLhcosvbRgseJajI=", "parent": "7Bb+cvmJVOtnuxbz/jTx3aPFOlXYkwYfrDz8TccKono="}
Node  3 +1 block finalized at time:  2022-11-27 04:56:28.986221277 +0000 UTC m=+88.866064580
Decoded original proposal, time: 2022-11-27 04:56:30.226541602 +0000 UTC m=+90.106384958 header hash: [166 104 248 56 156 200 56 21 234 36 160 106 253 96 127 136 80 12 64 153 26 46 23 40 178 246 209 130 199 137 106 50]
2022-11-27T04:56:30.226Z	DEBUG	replica=3	coded-hotterstuff/consensus.go:576	received proposal	{"CURRENT VIEW": 23, "msg": "proposal", "header view": 23, "prepare view": 22, "hash": "pmj4OJzIOBXqJKBq/WB/iFAMQJkaLhcosvbRgseJajI=", "parent": "7Bb+cvmJVOtnuxbz/jTx3aPFOlXYkwYfrDz8TccKono="}
replica 3 is forwarding chunk to replica 0
replica 3 is forwarding chunk to replica 1
replica 3 is forwarding chunk to replica 2
replica 3 is forwarding chunk to replica 4
replica 3 is forwarding chunk to replica 6
replica 3 is forwarding chunk to replica 7
replica 3 is forwarding chunk to replica 8
replica 3 is forwarding chunk to replica 0
replica 3 is forwarding chunk to replica 1
replica 3 is forwarding chunk to replica 2
replica 3 is forwarding chunk to replica 4
replica 3 is forwarding chunk to replica 5
replica 3 is forwarding chunk to replica 7
replica 3 is forwarding chunk to replica 8
replica 3 is forwarding chunk to replica 0
replica 3 is forwarding chunk to replica 1
replica 3 is forwarding chunk to replica 2
replica 3 is forwarding chunk to replica 4
replica 3 is forwarding chunk to replica 5
replica 3 is forwarding chunk to replica 7
replica 3 is forwarding chunk to replica 8
Decoded original proposal, time: 2022-11-27 04:56:32.422777103 +0000 UTC m=+92.302620453 header hash: [130 41 63 142 209 112 247 120 166 50 171 153 124 242 157 248 90 160 106 115 199 97 142 87 9 193 156 212 226 178 124 29]
2022-11-27T04:56:32.422Z	DEBUG	replica=3	coded-hotterstuff/consensus.go:576	received proposal	{"CURRENT VIEW": 23, "msg": "proposal", "header view": 24, "prepare view": 22, "hash": "gik/jtFw93imMquZfPKd+FqganPHYY5XCcGc1OKyfB0=", "parent": "pmj4OJzIOBXqJKBq/WB/iFAMQJkaLhcosvbRgseJajI="}
2022-11-27T04:56:32.430Z	DEBUG	replica=3	coded-hotterstuff/consensus.go:809	new block certified	{"CURRENT VIEW": 23, "view": 23, "hash": "pmj4OJzIOBXqJKBq/WB/iFAMQJkaLhcosvbRgseJajI="}
2022-11-27T04:56:32.430Z	DEBUG	replica=3	coded-hotterstuff/consensus.go:520	entered new view	{"CURRENT VIEW": 24, "view timeout": 2, "timedout": false}
2022-11-27T04:56:32.430Z	DEBUG	replica=3	coded-hotterstuff/consensus.go:788	new block locked	{"CURRENT VIEW": 24, "view": 22, "hash": "7Bb+cvmJVOtnuxbz/jTx3aPFOlXYkwYfrDz8TccKono="}
2022-11-27T04:56:32.430Z	INFO	replica=3	coded-hotterstuff/consensus.go:797	new block commited	{"CURRENT VIEW": 24, "view": 21, "hash": "0SZBQS4E4pFqiz2KHQNDBHMPXOkDtszRUc2EO9/2gmc="}
2022-11-27T04:56:32.431Z	DEBUG	replica=3	coded-hotterstuff/consensus.go:678	proposal is safe to vote on	{"CURRENT VIEW": 23, "msg": "proposal", "header view": 24, "prepare view": 22, "hash": "gik/jtFw93imMquZfPKd+FqganPHYY5XCcGc1OKyfB0=", "parent": "pmj4OJzIOBXqJKBq/WB/iFAMQJkaLhcosvbRgseJajI="}
Node  3 +1 block finalized at time:  2022-11-27 04:56:32.433619389 +0000 UTC m=+92.313462692
replica 3 is forwarding chunk to replica 0
replica 3 is forwarding chunk to replica 1
replica 3 is forwarding chunk to replica 2
replica 3 is forwarding chunk to replica 4
replica 3 is forwarding chunk to replica 5
replica 3 is forwarding chunk to replica 7
replica 3 is forwarding chunk to replica 8
Decoded original proposal, time: 2022-11-27 04:56:33.580338203 +0000 UTC m=+93.460181514 header hash: [166 104 248 56 156 200 56 21 234 36 160 106 253 96 127 136 80 12 64 153 26 46 23 40 178 246 209 130 199 137 106 50]
2022-11-27T04:56:33.580Z	DEBUG	replica=3	coded-hotterstuff/consensus.go:576	received proposal	{"CURRENT VIEW": 24, "msg": "proposal", "header view": 23, "prepare view": 23, "hash": "pmj4OJzIOBXqJKBq/WB/iFAMQJkaLhcosvbRgseJajI=", "parent": "7Bb+cvmJVOtnuxbz/jTx3aPFOlXYkwYfrDz8TccKono="}
2022-11-27T04:56:33.588Z	DEBUG	replica=3	coded-hotterstuff/consensus.go:667	proposal view doesn't match local view	{"CURRENT VIEW": 24, "msg": "proposal", "header view": 23, "prepare view": 23, "hash": "pmj4OJzIOBXqJKBq/WB/iFAMQJkaLhcosvbRgseJajI=", "parent": "7Bb+cvmJVOtnuxbz/jTx3aPFOlXYkwYfrDz8TccKono="}
Decoded original proposal, time: 2022-11-27 04:56:34.454601622 +0000 UTC m=+94.334444975 header hash: [130 41 63 142 209 112 247 120 166 50 171 153 124 242 157 248 90 160 106 115 199 97 142 87 9 193 156 212 226 178 124 29]
2022-11-27T04:56:34.454Z	DEBUG	replica=3	coded-hotterstuff/consensus.go:576	received proposal	{"CURRENT VIEW": 24, "msg": "proposal", "header view": 24, "prepare view": 23, "hash": "gik/jtFw93imMquZfPKd+FqganPHYY5XCcGc1OKyfB0=", "parent": "pmj4OJzIOBXqJKBq/WB/iFAMQJkaLhcosvbRgseJajI="}
Decoded original proposal, time: 2022-11-27 04:56:35.304594724 +0000 UTC m=+95.184438077 header hash: [130 41 63 142 209 112 247 120 166 50 171 153 124 242 157 248 90 160 106 115 199 97 142 87 9 193 156 212 226 178 124 29]
2022-11-27T04:56:35.304Z	DEBUG	replica=3	coded-hotterstuff/consensus.go:576	received proposal	{"CURRENT VIEW": 24, "msg": "proposal", "header view": 24, "prepare view": 23, "hash": "gik/jtFw93imMquZfPKd+FqganPHYY5XCcGc1OKyfB0=", "parent": "pmj4OJzIOBXqJKBq/WB/iFAMQJkaLhcosvbRgseJajI="}
replica 3 is forwarding chunk to replica 0
replica 3 is forwarding chunk to replica 1
replica 3 is forwarding chunk to replica 2
replica 3 is forwarding chunk to replica 4
replica 3 is forwarding chunk to replica 5
replica 3 is forwarding chunk to replica 6
replica 3 is forwarding chunk to replica 8
replica 3 is forwarding chunk to replica 0
replica 3 is forwarding chunk to replica 1
replica 3 is forwarding chunk to replica 2
replica 3 is forwarding chunk to replica 4
replica 3 is forwarding chunk to replica 5
replica 3 is forwarding chunk to replica 6
replica 3 is forwarding chunk to replica 8
Decoded original proposal, time: 2022-11-27 04:56:37.809377195 +0000 UTC m=+97.689220506 header hash: [82 12 33 240 93 197 165 1 94 69 38 44 114 111 131 23 13 53 141 22 127 230 180 195 211 17 240 209 42 66 163 191]
2022-11-27T04:56:37.809Z	DEBUG	replica=3	coded-hotterstuff/consensus.go:576	received proposal	{"CURRENT VIEW": 24, "msg": "proposal", "header view": 25, "prepare view": 23, "hash": "Ugwh8F3FpQFeRSYscm+DFw01jRZ/5rTD0xHw0SpCo78=", "parent": "gik/jtFw93imMquZfPKd+FqganPHYY5XCcGc1OKyfB0="}
2022-11-27T04:56:37.817Z	DEBUG	replica=3	coded-hotterstuff/consensus.go:809	new block certified	{"CURRENT VIEW": 24, "view": 24, "hash": "gik/jtFw93imMquZfPKd+FqganPHYY5XCcGc1OKyfB0="}
2022-11-27T04:56:37.817Z	DEBUG	replica=3	coded-hotterstuff/consensus.go:520	entered new view	{"CURRENT VIEW": 25, "view timeout": 2, "timedout": false}
2022-11-27T04:56:37.817Z	DEBUG	replica=3	coded-hotterstuff/consensus.go:788	new block locked	{"CURRENT VIEW": 25, "view": 23, "hash": "pmj4OJzIOBXqJKBq/WB/iFAMQJkaLhcosvbRgseJajI="}
2022-11-27T04:56:37.817Z	INFO	replica=3	coded-hotterstuff/consensus.go:797	new block commited	{"CURRENT VIEW": 25, "view": 22, "hash": "7Bb+cvmJVOtnuxbz/jTx3aPFOlXYkwYfrDz8TccKono="}
2022-11-27T04:56:37.819Z	DEBUG	replica=3	coded-hotterstuff/consensus.go:678	proposal is safe to vote on	{"CURRENT VIEW": 24, "msg": "proposal", "header view": 25, "prepare view": 23, "hash": "Ugwh8F3FpQFeRSYscm+DFw01jRZ/5rTD0xHw0SpCo78=", "parent": "gik/jtFw93imMquZfPKd+FqganPHYY5XCcGc1OKyfB0="}
Node  3 +1 block finalized at time:  2022-11-27 04:56:37.821910179 +0000 UTC m=+97.701753496
replica 3 is forwarding chunk to replica 0
replica 3 is forwarding chunk to replica 1
replica 3 is forwarding chunk to replica 2
replica 3 is forwarding chunk to replica 4
replica 3 is forwarding chunk to replica 5
replica 3 is forwarding chunk to replica 6
replica 3 is forwarding chunk to replica 8
Decoded original proposal, time: 2022-11-27 04:56:38.542801352 +0000 UTC m=+98.422644713 header hash: [82 12 33 240 93 197 165 1 94 69 38 44 114 111 131 23 13 53 141 22 127 230 180 195 211 17 240 209 42 66 163 191]
2022-11-27T04:56:38.542Z	DEBUG	replica=3	coded-hotterstuff/consensus.go:576	received proposal	{"CURRENT VIEW": 25, "msg": "proposal", "header view": 25, "prepare view": 24, "hash": "Ugwh8F3FpQFeRSYscm+DFw01jRZ/5rTD0xHw0SpCo78=", "parent": "gik/jtFw93imMquZfPKd+FqganPHYY5XCcGc1OKyfB0="}
replica 3 is forwarding chunk to replica 0
replica 3 is forwarding chunk to replica 1
replica 3 is forwarding chunk to replica 2
replica 3 is forwarding chunk to replica 4
replica 3 is forwarding chunk to replica 5
replica 3 is forwarding chunk to replica 6
replica 3 is forwarding chunk to replica 7
Decoded original proposal, time: 2022-11-27 04:56:39.893032062 +0000 UTC m=+99.772875410 header hash: [82 12 33 240 93 197 165 1 94 69 38 44 114 111 131 23 13 53 141 22 127 230 180 195 211 17 240 209 42 66 163 191]
2022-11-27T04:56:39.893Z	DEBUG	replica=3	coded-hotterstuff/consensus.go:576	received proposal	{"CURRENT VIEW": 25, "msg": "proposal", "header view": 25, "prepare view": 24, "hash": "Ugwh8F3FpQFeRSYscm+DFw01jRZ/5rTD0xHw0SpCo78=", "parent": "gik/jtFw93imMquZfPKd+FqganPHYY5XCcGc1OKyfB0="}
replica 3 is forwarding chunk to replica 0
replica 3 is forwarding chunk to replica 1
replica 3 is forwarding chunk to replica 2
replica 3 is forwarding chunk to replica 4
replica 3 is forwarding chunk to replica 5
replica 3 is forwarding chunk to replica 6
replica 3 is forwarding chunk to replica 7
Decoded original proposal, time: 2022-11-27 04:56:41.127951173 +0000 UTC m=+101.007794526 header hash: [4 92 222 242 88 244 7 42 136 122 14 69 49 227 58 66 22 66 11 141 253 91 119 103 62 24 21 53 219 2 9 239]
2022-11-27T04:56:41.128Z	DEBUG	replica=3	coded-hotterstuff/consensus.go:576	received proposal	{"CURRENT VIEW": 25, "msg": "proposal", "header view": 26, "prepare view": 24, "hash": "BFze8lj0ByqIeg5FMeM6QhZCC439W3dnPhgVNdsCCe8=", "parent": "Ugwh8F3FpQFeRSYscm+DFw01jRZ/5rTD0xHw0SpCo78="}
2022-11-27T04:56:41.136Z	DEBUG	replica=3	coded-hotterstuff/consensus.go:809	new block certified	{"CURRENT VIEW": 25, "view": 25, "hash": "Ugwh8F3FpQFeRSYscm+DFw01jRZ/5rTD0xHw0SpCo78="}
2022-11-27T04:56:41.136Z	DEBUG	replica=3	coded-hotterstuff/consensus.go:520	entered new view	{"CURRENT VIEW": 26, "view timeout": 2, "timedout": false}
2022-11-27T04:56:41.136Z	DEBUG	replica=3	coded-hotterstuff/consensus.go:788	new block locked	{"CURRENT VIEW": 26, "view": 24, "hash": "gik/jtFw93imMquZfPKd+FqganPHYY5XCcGc1OKyfB0="}
2022-11-27T04:56:41.136Z	INFO	replica=3	coded-hotterstuff/consensus.go:797	new block commited	{"CURRENT VIEW": 26, "view": 23, "hash": "pmj4OJzIOBXqJKBq/WB/iFAMQJkaLhcosvbRgseJajI="}
2022-11-27T04:56:41.137Z	DEBUG	replica=3	coded-hotterstuff/consensus.go:678	proposal is safe to vote on	{"CURRENT VIEW": 25, "msg": "proposal", "header view": 26, "prepare view": 24, "hash": "BFze8lj0ByqIeg5FMeM6QhZCC439W3dnPhgVNdsCCe8=", "parent": "Ugwh8F3FpQFeRSYscm+DFw01jRZ/5rTD0xHw0SpCo78="}
Node  3 +1 block finalized at time:  2022-11-27 04:56:41.140070259 +0000 UTC m=+101.019913565
Decoded original proposal, time: 2022-11-27 04:56:42.402403382 +0000 UTC m=+102.282246688 header hash: [4 92 222 242 88 244 7 42 136 122 14 69 49 227 58 66 22 66 11 141 253 91 119 103 62 24 21 53 219 2 9 239]
2022-11-27T04:56:42.402Z	DEBUG	replica=3	coded-hotterstuff/consensus.go:576	received proposal	{"CURRENT VIEW": 26, "msg": "proposal", "header view": 26, "prepare view": 25, "hash": "BFze8lj0ByqIeg5FMeM6QhZCC439W3dnPhgVNdsCCe8=", "parent": "Ugwh8F3FpQFeRSYscm+DFw01jRZ/5rTD0xHw0SpCo78="}
replica 3 is forwarding chunk to replica 0
replica 3 is forwarding chunk to replica 1
replica 3 is forwarding chunk to replica 2
replica 3 is forwarding chunk to replica 4
replica 3 is forwarding chunk to replica 5
replica 3 is forwarding chunk to replica 6
replica 3 is forwarding chunk to replica 7
Decoded original proposal, time: 2022-11-27 04:56:43.83937249 +0000 UTC m=+103.719215847 header hash: [4 92 222 242 88 244 7 42 136 122 14 69 49 227 58 66 22 66 11 141 253 91 119 103 62 24 21 53 219 2 9 239]
2022-11-27T04:56:43.839Z	DEBUG	replica=3	coded-hotterstuff/consensus.go:576	received proposal	{"CURRENT VIEW": 26, "msg": "proposal", "header view": 26, "prepare view": 25, "hash": "BFze8lj0ByqIeg5FMeM6QhZCC439W3dnPhgVNdsCCe8=", "parent": "Ugwh8F3FpQFeRSYscm+DFw01jRZ/5rTD0xHw0SpCo78="}
replica 3 is forwarding chunk to replica 1
replica 3 is forwarding chunk to replica 2
replica 3 is forwarding chunk to replica 4
replica 3 is forwarding chunk to replica 5
replica 3 is forwarding chunk to replica 6
replica 3 is forwarding chunk to replica 7
replica 3 is forwarding chunk to replica 8
