Node index: 2
[10.0.1.0:9000 10.0.1.2:9001 10.0.1.4:9002 10.0.1.6:9003 10.0.1.8:9004 10.0.1.10:9005 10.0.1.12:9006 10.0.1.14:9007 10.0.1.16:9008]
node 2 initiating connection to 10.0.1.0:9000
node 2 initiating connection to 10.0.1.2:9001
2022-11-28T17:45:56.372Z	DEBUG	replica=2	coded-hotterstuff/consensus.go:520	entered new view	{"CURRENT VIEW": 1, "view timeout": 2, "timedout": false}
2022-11-28T17:45:56.372Z	DEBUG	replica=2	coded-hotterstuff/consensus.go:535	replica is a leader for next view. collecting new-view messages	{"CURRENT VIEW": 1}
node 2 successfully initiated connection to 10.0.1.0:9000
node 2 successfully initiated connection to 10.0.1.2:9001
connection established 2 - 3
Node  2 -->  Listening for messages... 
connection established 2 - 4
Node  2 -->  Listening for messages... 
connection established 2 - 7
Node  2 -->  Listening for messages... 
connection established 2 - 5
Node  2 -->  Listening for messages... 
connection established 2 - 6
Node  2 -->  Listening for messages... 
connection established 2 - 8
Node  2 -->  Listening for messages... 
connection established 2 - 1
Node  2 -->  Listening for messages... 
connection established 2 - 0
Node  2 -->  Listening for messages... 
replica 2 is forwarding chunk to replica 0
replica 2 is forwarding chunk to replica 3
replica 2 is forwarding chunk to replica 4
replica 2 is forwarding chunk to replica 5
replica 2 is forwarding chunk to replica 6
replica 2 is forwarding chunk to replica 7
replica 2 is forwarding chunk to replica 8
2022-11-28T17:45:57.623Z	DEBUG	replica=2	coded-hotterstuff/consensus.go:965	received vote	{"CURRENT VIEW": 1, "msg": "vote", "voter": 1, "view": 1, "hash": "SKC06ZXnbItnYZVTxXLWgGtuTOc9zSoSvlJWhQRO6/8="}
Node  2  received vote before proposal, saving vote in pending votes, hash is  [72 160 180 233 149 231 108 139 103 97 149 83 197 114 214 128 107 110 76 231 61 205 42 18 190 82 86 133 4 78 235 255]  and string is,  1
2022-11-28T17:45:57.623Z	DEBUG	replica=2	coded-hotterstuff/consensus.go:970	Received vote before proposal, key is, 1	{"CURRENT VIEW": 1}
Decoded original proposal, time: 2022-11-28 17:45:58.745546929 +0000 UTC m=+2.467648185 header hash: [72 160 180 233 149 231 108 139 103 97 149 83 197 114 214 128 107 110 76 231 61 205 42 18 190 82 86 133 4 78 235 255]
2022-11-28T17:45:58.745Z	DEBUG	replica=2	coded-hotterstuff/consensus.go:576	received proposal	{"CURRENT VIEW": 1, "msg": "proposal", "header view": 1, "prepare view": 0, "hash": "SKC06ZXnbItnYZVTxXLWgGtuTOc9zSoSvlJWhQRO6/8=", "parent": "GZWDhiYW+ib6TpJWRLDOftUd8y8ovAaEerQWDbefS7c="}
2022-11-28T17:45:58.759Z	DEBUG	replica=2	coded-hotterstuff/consensus.go:777	could not find gparent header	{"CURRENT VIEW": 1, "view": 0, "hash": "GZWDhiYW+ib6TpJWRLDOftUd8y8ovAaEerQWDbefS7c="}
2022-11-28T17:45:58.766Z	DEBUG	replica=2	coded-hotterstuff/consensus.go:678	proposal is safe to vote on	{"CURRENT VIEW": 1, "msg": "proposal", "header view": 1, "prepare view": 0, "hash": "SKC06ZXnbItnYZVTxXLWgGtuTOc9zSoSvlJWhQRO6/8=", "parent": "GZWDhiYW+ib6TpJWRLDOftUd8y8ovAaEerQWDbefS7c="}
2022-11-28T17:45:58.766Z	DEBUG	replica=2	coded-hotterstuff/consensus.go:758	Taking care of pending vote 1	{"CURRENT VIEW": 1}
2022-11-28T17:45:58.766Z	DEBUG	replica=2	coded-hotterstuff/consensus.go:965	received vote	{"CURRENT VIEW": 1, "msg": "vote", "voter": 1, "view": 1, "hash": "SKC06ZXnbItnYZVTxXLWgGtuTOc9zSoSvlJWhQRO6/8="}
2022-11-28T17:45:58.776Z	DEBUG	replica=2	coded-hotterstuff/consensus.go:965	received vote	{"CURRENT VIEW": 1, "msg": "vote", "voter": 2, "view": 1, "hash": "SKC06ZXnbItnYZVTxXLWgGtuTOc9zSoSvlJWhQRO6/8="}
2022-11-28T17:45:58.781Z	DEBUG	replica=2	coded-hotterstuff/consensus.go:965	received vote	{"CURRENT VIEW": 1, "msg": "vote", "voter": 7, "view": 1, "hash": "SKC06ZXnbItnYZVTxXLWgGtuTOc9zSoSvlJWhQRO6/8="}
2022-11-28T17:45:58.786Z	DEBUG	replica=2	coded-hotterstuff/consensus.go:965	received vote	{"CURRENT VIEW": 1, "msg": "vote", "voter": 4, "view": 1, "hash": "SKC06ZXnbItnYZVTxXLWgGtuTOc9zSoSvlJWhQRO6/8="}
2022-11-28T17:45:58.792Z	DEBUG	replica=2	coded-hotterstuff/consensus.go:965	received vote	{"CURRENT VIEW": 1, "msg": "vote", "voter": 5, "view": 1, "hash": "SKC06ZXnbItnYZVTxXLWgGtuTOc9zSoSvlJWhQRO6/8="}
2022-11-28T17:45:58.808Z	DEBUG	replica=2	coded-hotterstuff/consensus.go:965	received vote	{"CURRENT VIEW": 1, "msg": "vote", "voter": 6, "view": 1, "hash": "SKC06ZXnbItnYZVTxXLWgGtuTOc9zSoSvlJWhQRO6/8="}
2022-11-28T17:45:58.813Z	DEBUG	replica=2	coded-hotterstuff/consensus.go:965	received vote	{"CURRENT VIEW": 1, "msg": "vote", "voter": 8, "view": 1, "hash": "SKC06ZXnbItnYZVTxXLWgGtuTOc9zSoSvlJWhQRO6/8="}
2022-11-28T17:45:58.818Z	DEBUG	replica=2	coded-hotterstuff/consensus.go:809	new block certified	{"CURRENT VIEW": 1, "view": 1, "hash": "SKC06ZXnbItnYZVTxXLWgGtuTOc9zSoSvlJWhQRO6/8="}
2022-11-28T17:45:58.818Z	DEBUG	replica=2	coded-hotterstuff/consensus.go:520	entered new view	{"CURRENT VIEW": 2, "view timeout": 2, "timedout": false}
2022-11-28T17:45:58.818Z	DEBUG	replica=2	coded-hotterstuff/consensus.go:544	replica is a leader for this view. waiting for data	{"CURRENT VIEW": 2}
2022-11-28T17:45:58.818Z	DEBUG	replica=2	coded-hotterstuff/consensus.go:520	entered new view	{"CURRENT VIEW": 2, "view timeout": 2, "timedout": false}
2022-11-28T17:45:58.818Z	DEBUG	replica=2	coded-hotterstuff/consensus.go:544	replica is a leader for this view. waiting for data	{"CURRENT VIEW": 2}
2022-11-28T17:45:58.821Z	DEBUG	replica=2	coded-hotterstuff/consensus.go:238	sending proposal	{"CURRENT VIEW": 2, "hash": "cPBdTa7qQJueFGrjnuqGleZwFBh/lhGAlUWBfCr3UKs=", "parent": "SKC06ZXnbItnYZVTxXLWgGtuTOc9zSoSvlJWhQRO6/8=", "signer": 2}
2022-11-28T17:45:58.823Z	DEBUG	replica=2	coded-hotterstuff/consensus.go:576	received proposal	{"CURRENT VIEW": 2, "msg": "proposal", "header view": 2, "prepare view": 1, "hash": "cPBdTa7qQJueFGrjnuqGleZwFBh/lhGAlUWBfCr3UKs=", "parent": "SKC06ZXnbItnYZVTxXLWgGtuTOc9zSoSvlJWhQRO6/8="}
2022-11-28T17:45:58.830Z	DEBUG	replica=2	coded-hotterstuff/consensus.go:782	could not find ggparent header	{"CURRENT VIEW": 2, "view": 0, "hash": "GZWDhiYW+ib6TpJWRLDOftUd8y8ovAaEerQWDbefS7c="}
2022-11-28T17:45:58.832Z	DEBUG	replica=2	coded-hotterstuff/consensus.go:678	proposal is safe to vote on	{"CURRENT VIEW": 2, "msg": "proposal", "header view": 2, "prepare view": 1, "hash": "cPBdTa7qQJueFGrjnuqGleZwFBh/lhGAlUWBfCr3UKs=", "parent": "SKC06ZXnbItnYZVTxXLWgGtuTOc9zSoSvlJWhQRO6/8="}
2022-11-28T17:45:58.833Z	DEBUG	replica=2	coded-hotterstuff/consensus.go:965	received vote	{"CURRENT VIEW": 2, "msg": "vote", "voter": 0, "view": 2, "hash": "SKC06ZXnbItnYZVTxXLWgGtuTOc9zSoSvlJWhQRO6/8="}
2022-11-28T17:45:58.838Z	DEBUG	replica=2	coded-hotterstuff/consensus.go:520	entered new view	{"CURRENT VIEW": 2, "view timeout": 2, "timedout": false}
2022-11-28T17:45:58.838Z	DEBUG	replica=2	coded-hotterstuff/consensus.go:544	replica is a leader for this view. waiting for data	{"CURRENT VIEW": 2}
2022-11-28T17:45:58.838Z	DEBUG	replica=2	coded-hotterstuff/consensus.go:965	received vote	{"CURRENT VIEW": 2, "msg": "vote", "voter": 3, "view": 2, "hash": "SKC06ZXnbItnYZVTxXLWgGtuTOc9zSoSvlJWhQRO6/8="}
2022-11-28T17:45:58.843Z	DEBUG	replica=2	coded-hotterstuff/consensus.go:520	entered new view	{"CURRENT VIEW": 2, "view timeout": 2, "timedout": false}
2022-11-28T17:45:58.843Z	DEBUG	replica=2	coded-hotterstuff/consensus.go:544	replica is a leader for this view. waiting for data	{"CURRENT VIEW": 2}
2022-11-28T17:45:58.846Z	DEBUG	replica=2	coded-hotterstuff/consensus.go:238	sending proposal	{"CURRENT VIEW": 2, "hash": "cPBdTa7qQJueFGrjnuqGleZwFBh/lhGAlUWBfCr3UKs=", "parent": "SKC06ZXnbItnYZVTxXLWgGtuTOc9zSoSvlJWhQRO6/8=", "signer": 2}
2022-11-28T17:45:58.848Z	DEBUG	replica=2	coded-hotterstuff/consensus.go:576	received proposal	{"CURRENT VIEW": 2, "msg": "proposal", "header view": 2, "prepare view": 1, "hash": "cPBdTa7qQJueFGrjnuqGleZwFBh/lhGAlUWBfCr3UKs=", "parent": "SKC06ZXnbItnYZVTxXLWgGtuTOc9zSoSvlJWhQRO6/8="}
2022-11-28T17:45:58.855Z	DEBUG	replica=2	coded-hotterstuff/consensus.go:782	could not find ggparent header	{"CURRENT VIEW": 2, "view": 0, "hash": "GZWDhiYW+ib6TpJWRLDOftUd8y8ovAaEerQWDbefS7c="}
replica 2 is forwarding chunk to replica 0
replica 2 is forwarding chunk to replica 1
replica 2 is forwarding chunk to replica 4
replica 2 is forwarding chunk to replica 5
replica 2 is forwarding chunk to replica 6
replica 2 is forwarding chunk to replica 7
replica 2 is forwarding chunk to replica 8
replica 2 is forwarding chunk to replica 0
replica 2 is forwarding chunk to replica 1
replica 2 is forwarding chunk to replica 4
replica 2 is forwarding chunk to replica 5
replica 2 is forwarding chunk to replica 6
replica 2 is forwarding chunk to replica 7
replica 2 is forwarding chunk to replica 8
Decoded original proposal, time: 2022-11-28 17:46:04.60662963 +0000 UTC m=+8.328730911 header hash: [112 177 115 22 63 1 229 2 188 132 41 134 91 243 148 216 155 140 26 48 57 5 100 136 252 109 95 105 67 73 234 227]
2022-11-28T17:46:04.606Z	DEBUG	replica=2	coded-hotterstuff/consensus.go:576	received proposal	{"CURRENT VIEW": 2, "msg": "proposal", "header view": 3, "prepare view": 1, "hash": "cLFzFj8B5QK8hCmGW/OU2JuMGjA5BWSI/G1faUNJ6uM=", "parent": "cPBdTa7qQJueFGrjnuqGleZwFBh/lhGAlUWBfCr3UKs="}
2022-11-28T17:46:04.615Z	DEBUG	replica=2	coded-hotterstuff/consensus.go:809	new block certified	{"CURRENT VIEW": 2, "view": 2, "hash": "cPBdTa7qQJueFGrjnuqGleZwFBh/lhGAlUWBfCr3UKs="}
2022-11-28T17:46:04.615Z	DEBUG	replica=2	coded-hotterstuff/consensus.go:520	entered new view	{"CURRENT VIEW": 3, "view timeout": 2, "timedout": false}
2022-11-28T17:46:04.615Z	DEBUG	replica=2	coded-hotterstuff/consensus.go:788	new block locked	{"CURRENT VIEW": 3, "view": 1, "hash": "SKC06ZXnbItnYZVTxXLWgGtuTOc9zSoSvlJWhQRO6/8="}
2022-11-28T17:46:04.616Z	DEBUG	replica=2	coded-hotterstuff/consensus.go:678	proposal is safe to vote on	{"CURRENT VIEW": 2, "msg": "proposal", "header view": 3, "prepare view": 1, "hash": "cLFzFj8B5QK8hCmGW/OU2JuMGjA5BWSI/G1faUNJ6uM=", "parent": "cPBdTa7qQJueFGrjnuqGleZwFBh/lhGAlUWBfCr3UKs="}
replica 2 is forwarding chunk to replica 0
replica 2 is forwarding chunk to replica 1
replica 2 is forwarding chunk to replica 4
replica 2 is forwarding chunk to replica 5
replica 2 is forwarding chunk to replica 6
replica 2 is forwarding chunk to replica 7
replica 2 is forwarding chunk to replica 8
Decoded original proposal, time: 2022-11-28 17:46:05.741085944 +0000 UTC m=+9.463187253 header hash: [112 177 115 22 63 1 229 2 188 132 41 134 91 243 148 216 155 140 26 48 57 5 100 136 252 109 95 105 67 73 234 227]
2022-11-28T17:46:05.741Z	DEBUG	replica=2	coded-hotterstuff/consensus.go:576	received proposal	{"CURRENT VIEW": 3, "msg": "proposal", "header view": 3, "prepare view": 2, "hash": "cLFzFj8B5QK8hCmGW/OU2JuMGjA5BWSI/G1faUNJ6uM=", "parent": "cPBdTa7qQJueFGrjnuqGleZwFBh/lhGAlUWBfCr3UKs="}
Decoded original proposal, time: 2022-11-28 17:46:07.120909729 +0000 UTC m=+10.843011038 header hash: [112 177 115 22 63 1 229 2 188 132 41 134 91 243 148 216 155 140 26 48 57 5 100 136 252 109 95 105 67 73 234 227]
2022-11-28T17:46:07.120Z	DEBUG	replica=2	coded-hotterstuff/consensus.go:576	received proposal	{"CURRENT VIEW": 3, "msg": "proposal", "header view": 3, "prepare view": 2, "hash": "cLFzFj8B5QK8hCmGW/OU2JuMGjA5BWSI/G1faUNJ6uM=", "parent": "cPBdTa7qQJueFGrjnuqGleZwFBh/lhGAlUWBfCr3UKs="}
replica 2 is forwarding chunk to replica 0
replica 2 is forwarding chunk to replica 1
replica 2 is forwarding chunk to replica 3
replica 2 is forwarding chunk to replica 5
replica 2 is forwarding chunk to replica 6
replica 2 is forwarding chunk to replica 7
replica 2 is forwarding chunk to replica 8
Decoded original proposal, time: 2022-11-28 17:46:08.208124936 +0000 UTC m=+11.930226241 header hash: [241 106 152 62 46 209 156 146 237 16 116 52 193 237 0 80 85 192 166 182 15 238 2 99 236 42 182 26 232 130 25 190]
2022-11-28T17:46:08.208Z	DEBUG	replica=2	coded-hotterstuff/consensus.go:576	received proposal	{"CURRENT VIEW": 3, "msg": "proposal", "header view": 4, "prepare view": 2, "hash": "8WqYPi7RnJLtEHQ0we0AUFXAprYP7gJj7Cq2GuiCGb4=", "parent": "cLFzFj8B5QK8hCmGW/OU2JuMGjA5BWSI/G1faUNJ6uM="}
2022-11-28T17:46:08.217Z	DEBUG	replica=2	coded-hotterstuff/consensus.go:809	new block certified	{"CURRENT VIEW": 3, "view": 3, "hash": "cLFzFj8B5QK8hCmGW/OU2JuMGjA5BWSI/G1faUNJ6uM="}
2022-11-28T17:46:08.217Z	DEBUG	replica=2	coded-hotterstuff/consensus.go:520	entered new view	{"CURRENT VIEW": 4, "view timeout": 2, "timedout": false}
2022-11-28T17:46:08.217Z	DEBUG	replica=2	coded-hotterstuff/consensus.go:788	new block locked	{"CURRENT VIEW": 4, "view": 2, "hash": "cPBdTa7qQJueFGrjnuqGleZwFBh/lhGAlUWBfCr3UKs="}
2022-11-28T17:46:08.217Z	INFO	replica=2	coded-hotterstuff/consensus.go:797	new block commited	{"CURRENT VIEW": 4, "view": 1, "hash": "SKC06ZXnbItnYZVTxXLWgGtuTOc9zSoSvlJWhQRO6/8="}
2022-11-28T17:46:08.221Z	DEBUG	replica=2	coded-hotterstuff/consensus.go:678	proposal is safe to vote on	{"CURRENT VIEW": 3, "msg": "proposal", "header view": 4, "prepare view": 2, "hash": "8WqYPi7RnJLtEHQ0we0AUFXAprYP7gJj7Cq2GuiCGb4=", "parent": "cLFzFj8B5QK8hCmGW/OU2JuMGjA5BWSI/G1faUNJ6uM="}
Node  2 +1 block finalized at time:  2022-11-28 17:46:08.223697605 +0000 UTC m=+11.945798861
replica 2 is forwarding chunk to replica 0
replica 2 is forwarding chunk to replica 1
replica 2 is forwarding chunk to replica 3
replica 2 is forwarding chunk to replica 5
replica 2 is forwarding chunk to replica 6
replica 2 is forwarding chunk to replica 7
replica 2 is forwarding chunk to replica 8
replica 2 is forwarding chunk to replica 0
replica 2 is forwarding chunk to replica 1
replica 2 is forwarding chunk to replica 3
replica 2 is forwarding chunk to replica 5
replica 2 is forwarding chunk to replica 6
replica 2 is forwarding chunk to replica 7
replica 2 is forwarding chunk to replica 8
Decoded original proposal, time: 2022-11-28 17:46:09.434162139 +0000 UTC m=+13.156263456 header hash: [241 106 152 62 46 209 156 146 237 16 116 52 193 237 0 80 85 192 166 182 15 238 2 99 236 42 182 26 232 130 25 190]
2022-11-28T17:46:09.434Z	DEBUG	replica=2	coded-hotterstuff/consensus.go:576	received proposal	{"CURRENT VIEW": 4, "msg": "proposal", "header view": 4, "prepare view": 3, "hash": "8WqYPi7RnJLtEHQ0we0AUFXAprYP7gJj7Cq2GuiCGb4=", "parent": "cLFzFj8B5QK8hCmGW/OU2JuMGjA5BWSI/G1faUNJ6uM="}
Decoded original proposal, time: 2022-11-28 17:46:10.393855018 +0000 UTC m=+14.115956274 header hash: [241 106 152 62 46 209 156 146 237 16 116 52 193 237 0 80 85 192 166 182 15 238 2 99 236 42 182 26 232 130 25 190]
2022-11-28T17:46:10.393Z	DEBUG	replica=2	coded-hotterstuff/consensus.go:576	received proposal	{"CURRENT VIEW": 4, "msg": "proposal", "header view": 4, "prepare view": 3, "hash": "8WqYPi7RnJLtEHQ0we0AUFXAprYP7gJj7Cq2GuiCGb4=", "parent": "cLFzFj8B5QK8hCmGW/OU2JuMGjA5BWSI/G1faUNJ6uM="}
replica 2 is forwarding chunk to replica 0
replica 2 is forwarding chunk to replica 1
replica 2 is forwarding chunk to replica 3
replica 2 is forwarding chunk to replica 4
replica 2 is forwarding chunk to replica 6
replica 2 is forwarding chunk to replica 7
replica 2 is forwarding chunk to replica 8
Decoded original proposal, time: 2022-11-28 17:46:11.558031313 +0000 UTC m=+15.280132578 header hash: [142 10 227 234 199 14 168 203 47 218 211 136 230 41 94 109 68 52 16 5 27 142 16 70 5 23 250 1 182 25 221 148]
2022-11-28T17:46:11.558Z	DEBUG	replica=2	coded-hotterstuff/consensus.go:576	received proposal	{"CURRENT VIEW": 4, "msg": "proposal", "header view": 5, "prepare view": 3, "hash": "jgrj6scOqMsv2tOI5ilebUQ0EAUbjhBGBRf6AbYZ3ZQ=", "parent": "8WqYPi7RnJLtEHQ0we0AUFXAprYP7gJj7Cq2GuiCGb4="}
2022-11-28T17:46:11.568Z	DEBUG	replica=2	coded-hotterstuff/consensus.go:809	new block certified	{"CURRENT VIEW": 4, "view": 4, "hash": "8WqYPi7RnJLtEHQ0we0AUFXAprYP7gJj7Cq2GuiCGb4="}
2022-11-28T17:46:11.568Z	DEBUG	replica=2	coded-hotterstuff/consensus.go:520	entered new view	{"CURRENT VIEW": 5, "view timeout": 2, "timedout": false}
2022-11-28T17:46:11.568Z	DEBUG	replica=2	coded-hotterstuff/consensus.go:788	new block locked	{"CURRENT VIEW": 5, "view": 3, "hash": "cLFzFj8B5QK8hCmGW/OU2JuMGjA5BWSI/G1faUNJ6uM="}
2022-11-28T17:46:11.568Z	INFO	replica=2	coded-hotterstuff/consensus.go:797	new block commited	{"CURRENT VIEW": 5, "view": 2, "hash": "cPBdTa7qQJueFGrjnuqGleZwFBh/lhGAlUWBfCr3UKs="}
2022-11-28T17:46:11.569Z	DEBUG	replica=2	coded-hotterstuff/consensus.go:678	proposal is safe to vote on	{"CURRENT VIEW": 4, "msg": "proposal", "header view": 5, "prepare view": 3, "hash": "jgrj6scOqMsv2tOI5ilebUQ0EAUbjhBGBRf6AbYZ3ZQ=", "parent": "8WqYPi7RnJLtEHQ0we0AUFXAprYP7gJj7Cq2GuiCGb4="}
Node  2 +1 block finalized at time:  2022-11-28 17:46:11.572427475 +0000 UTC m=+15.294528722
replica 2 is forwarding chunk to replica 0
replica 2 is forwarding chunk to replica 1
replica 2 is forwarding chunk to replica 3
replica 2 is forwarding chunk to replica 4
replica 2 is forwarding chunk to replica 6
replica 2 is forwarding chunk to replica 7
replica 2 is forwarding chunk to replica 8
Decoded original proposal, time: 2022-11-28 17:46:12.747676482 +0000 UTC m=+16.469777741 header hash: [142 10 227 234 199 14 168 203 47 218 211 136 230 41 94 109 68 52 16 5 27 142 16 70 5 23 250 1 182 25 221 148]
2022-11-28T17:46:12.747Z	DEBUG	replica=2	coded-hotterstuff/consensus.go:576	received proposal	{"CURRENT VIEW": 5, "msg": "proposal", "header view": 5, "prepare view": 4, "hash": "jgrj6scOqMsv2tOI5ilebUQ0EAUbjhBGBRf6AbYZ3ZQ=", "parent": "8WqYPi7RnJLtEHQ0we0AUFXAprYP7gJj7Cq2GuiCGb4="}
replica 2 is forwarding chunk to replica 0
replica 2 is forwarding chunk to replica 1
replica 2 is forwarding chunk to replica 3
replica 2 is forwarding chunk to replica 4
replica 2 is forwarding chunk to replica 5
replica 2 is forwarding chunk to replica 7
replica 2 is forwarding chunk to replica 8
replica 2 is forwarding chunk to replica 0
replica 2 is forwarding chunk to replica 1
replica 2 is forwarding chunk to replica 3
replica 2 is forwarding chunk to replica 4
replica 2 is forwarding chunk to replica 6
replica 2 is forwarding chunk to replica 7
replica 2 is forwarding chunk to replica 8
replica 2 is forwarding chunk to replica 0
replica 2 is forwarding chunk to replica 1
replica 2 is forwarding chunk to replica 3
replica 2 is forwarding chunk to replica 4
replica 2 is forwarding chunk to replica 5
replica 2 is forwarding chunk to replica 7
replica 2 is forwarding chunk to replica 8
Decoded original proposal, time: 2022-11-28 17:46:14.773923569 +0000 UTC m=+18.496024869 header hash: [142 10 227 234 199 14 168 203 47 218 211 136 230 41 94 109 68 52 16 5 27 142 16 70 5 23 250 1 182 25 221 148]
2022-11-28T17:46:14.773Z	DEBUG	replica=2	coded-hotterstuff/consensus.go:576	received proposal	{"CURRENT VIEW": 5, "msg": "proposal", "header view": 5, "prepare view": 4, "hash": "jgrj6scOqMsv2tOI5ilebUQ0EAUbjhBGBRf6AbYZ3ZQ=", "parent": "8WqYPi7RnJLtEHQ0we0AUFXAprYP7gJj7Cq2GuiCGb4="}
Decoded original proposal, time: 2022-11-28 17:46:15.829851546 +0000 UTC m=+19.551952808 header hash: [144 90 124 249 42 55 49 193 182 202 159 220 172 15 148 92 178 123 123 95 139 252 214 157 36 122 219 17 149 62 178 46]
2022-11-28T17:46:15.829Z	DEBUG	replica=2	coded-hotterstuff/consensus.go:576	received proposal	{"CURRENT VIEW": 5, "msg": "proposal", "header view": 6, "prepare view": 4, "hash": "kFp8+So3McG2yp/crA+UXLJ7e1+L/NadJHrbEZU+si4=", "parent": "jgrj6scOqMsv2tOI5ilebUQ0EAUbjhBGBRf6AbYZ3ZQ="}
2022-11-28T17:46:15.841Z	DEBUG	replica=2	coded-hotterstuff/consensus.go:809	new block certified	{"CURRENT VIEW": 5, "view": 5, "hash": "jgrj6scOqMsv2tOI5ilebUQ0EAUbjhBGBRf6AbYZ3ZQ="}
2022-11-28T17:46:15.841Z	DEBUG	replica=2	coded-hotterstuff/consensus.go:520	entered new view	{"CURRENT VIEW": 6, "view timeout": 2, "timedout": false}
2022-11-28T17:46:15.842Z	DEBUG	replica=2	coded-hotterstuff/consensus.go:788	new block locked	{"CURRENT VIEW": 6, "view": 4, "hash": "8WqYPi7RnJLtEHQ0we0AUFXAprYP7gJj7Cq2GuiCGb4="}
2022-11-28T17:46:15.842Z	INFO	replica=2	coded-hotterstuff/consensus.go:797	new block commited	{"CURRENT VIEW": 6, "view": 3, "hash": "cLFzFj8B5QK8hCmGW/OU2JuMGjA5BWSI/G1faUNJ6uM="}
2022-11-28T17:46:15.843Z	DEBUG	replica=2	coded-hotterstuff/consensus.go:678	proposal is safe to vote on	{"CURRENT VIEW": 5, "msg": "proposal", "header view": 6, "prepare view": 4, "hash": "kFp8+So3McG2yp/crA+UXLJ7e1+L/NadJHrbEZU+si4=", "parent": "jgrj6scOqMsv2tOI5ilebUQ0EAUbjhBGBRf6AbYZ3ZQ="}
Node  2 +1 block finalized at time:  2022-11-28 17:46:15.847305205 +0000 UTC m=+19.569406462
Decoded original proposal, time: 2022-11-28 17:46:16.778833522 +0000 UTC m=+20.500934829 header hash: [144 90 124 249 42 55 49 193 182 202 159 220 172 15 148 92 178 123 123 95 139 252 214 157 36 122 219 17 149 62 178 46]
2022-11-28T17:46:16.778Z	DEBUG	replica=2	coded-hotterstuff/consensus.go:576	received proposal	{"CURRENT VIEW": 6, "msg": "proposal", "header view": 6, "prepare view": 5, "hash": "kFp8+So3McG2yp/crA+UXLJ7e1+L/NadJHrbEZU+si4=", "parent": "jgrj6scOqMsv2tOI5ilebUQ0EAUbjhBGBRf6AbYZ3ZQ="}
replica 2 is forwarding chunk to replica 0
replica 2 is forwarding chunk to replica 1
replica 2 is forwarding chunk to replica 3
replica 2 is forwarding chunk to replica 4
replica 2 is forwarding chunk to replica 5
replica 2 is forwarding chunk to replica 6
replica 2 is forwarding chunk to replica 8
replica 2 is forwarding chunk to replica 0
replica 2 is forwarding chunk to replica 1
replica 2 is forwarding chunk to replica 3
replica 2 is forwarding chunk to replica 4
replica 2 is forwarding chunk to replica 5
replica 2 is forwarding chunk to replica 6
replica 2 is forwarding chunk to replica 8
Decoded original proposal, time: 2022-11-28 17:46:19.23529355 +0000 UTC m=+22.957394864 header hash: [82 186 70 5 171 170 163 31 242 237 216 214 91 95 174 96 9 56 150 120 198 10 139 98 230 188 67 131 78 157 60 15]
2022-11-28T17:46:19.235Z	DEBUG	replica=2	coded-hotterstuff/consensus.go:576	received proposal	{"CURRENT VIEW": 6, "msg": "proposal", "header view": 7, "prepare view": 5, "hash": "UrpGBauqox/y7djWW1+uYAk4lnjGCoti5rxDg06dPA8=", "parent": "kFp8+So3McG2yp/crA+UXLJ7e1+L/NadJHrbEZU+si4="}
2022-11-28T17:46:19.243Z	DEBUG	replica=2	coded-hotterstuff/consensus.go:809	new block certified	{"CURRENT VIEW": 6, "view": 6, "hash": "kFp8+So3McG2yp/crA+UXLJ7e1+L/NadJHrbEZU+si4="}
2022-11-28T17:46:19.243Z	DEBUG	replica=2	coded-hotterstuff/consensus.go:520	entered new view	{"CURRENT VIEW": 7, "view timeout": 2, "timedout": false}
2022-11-28T17:46:19.243Z	DEBUG	replica=2	coded-hotterstuff/consensus.go:788	new block locked	{"CURRENT VIEW": 7, "view": 5, "hash": "jgrj6scOqMsv2tOI5ilebUQ0EAUbjhBGBRf6AbYZ3ZQ="}
2022-11-28T17:46:19.243Z	INFO	replica=2	coded-hotterstuff/consensus.go:797	new block commited	{"CURRENT VIEW": 7, "view": 4, "hash": "8WqYPi7RnJLtEHQ0we0AUFXAprYP7gJj7Cq2GuiCGb4="}
2022-11-28T17:46:19.245Z	DEBUG	replica=2	coded-hotterstuff/consensus.go:678	proposal is safe to vote on	{"CURRENT VIEW": 6, "msg": "proposal", "header view": 7, "prepare view": 5, "hash": "UrpGBauqox/y7djWW1+uYAk4lnjGCoti5rxDg06dPA8=", "parent": "kFp8+So3McG2yp/crA+UXLJ7e1+L/NadJHrbEZU+si4="}
Node  2 +1 block finalized at time:  2022-11-28 17:46:19.248805576 +0000 UTC m=+22.970906840
replica 2 is forwarding chunk to replica 0
replica 2 is forwarding chunk to replica 1
replica 2 is forwarding chunk to replica 3
replica 2 is forwarding chunk to replica 4
replica 2 is forwarding chunk to replica 5
replica 2 is forwarding chunk to replica 6
replica 2 is forwarding chunk to replica 8
Decoded original proposal, time: 2022-11-28 17:46:20.422965975 +0000 UTC m=+24.145067240 header hash: [82 186 70 5 171 170 163 31 242 237 216 214 91 95 174 96 9 56 150 120 198 10 139 98 230 188 67 131 78 157 60 15]
2022-11-28T17:46:20.423Z	DEBUG	replica=2	coded-hotterstuff/consensus.go:576	received proposal	{"CURRENT VIEW": 7, "msg": "proposal", "header view": 7, "prepare view": 6, "hash": "UrpGBauqox/y7djWW1+uYAk4lnjGCoti5rxDg06dPA8=", "parent": "kFp8+So3McG2yp/crA+UXLJ7e1+L/NadJHrbEZU+si4="}
replica 2 is forwarding chunk to replica 0
replica 2 is forwarding chunk to replica 1
replica 2 is forwarding chunk to replica 3
replica 2 is forwarding chunk to replica 4
replica 2 is forwarding chunk to replica 5
replica 2 is forwarding chunk to replica 6
replica 2 is forwarding chunk to replica 7
Decoded original proposal, time: 2022-11-28 17:46:21.408931324 +0000 UTC m=+25.131032579 header hash: [82 186 70 5 171 170 163 31 242 237 216 214 91 95 174 96 9 56 150 120 198 10 139 98 230 188 67 131 78 157 60 15]
2022-11-28T17:46:21.408Z	DEBUG	replica=2	coded-hotterstuff/consensus.go:576	received proposal	{"CURRENT VIEW": 7, "msg": "proposal", "header view": 7, "prepare view": 6, "hash": "UrpGBauqox/y7djWW1+uYAk4lnjGCoti5rxDg06dPA8=", "parent": "kFp8+So3McG2yp/crA+UXLJ7e1+L/NadJHrbEZU+si4="}
replica 2 is forwarding chunk to replica 0
replica 2 is forwarding chunk to replica 1
replica 2 is forwarding chunk to replica 3
replica 2 is forwarding chunk to replica 4
replica 2 is forwarding chunk to replica 5
replica 2 is forwarding chunk to replica 6
replica 2 is forwarding chunk to replica 7
Decoded original proposal, time: 2022-11-28 17:46:22.54714337 +0000 UTC m=+26.269244635 header hash: [9 212 205 28 110 251 47 242 141 111 167 241 108 89 12 35 155 222 125 75 78 184 7 35 235 24 77 74 102 255 131 11]
2022-11-28T17:46:22.547Z	DEBUG	replica=2	coded-hotterstuff/consensus.go:576	received proposal	{"CURRENT VIEW": 7, "msg": "proposal", "header view": 8, "prepare view": 6, "hash": "CdTNHG77L/KNb6fxbFkMI5vefUtOuAcj6xhNSmb/gws=", "parent": "UrpGBauqox/y7djWW1+uYAk4lnjGCoti5rxDg06dPA8="}
2022-11-28T17:46:22.558Z	DEBUG	replica=2	coded-hotterstuff/consensus.go:809	new block certified	{"CURRENT VIEW": 7, "view": 7, "hash": "UrpGBauqox/y7djWW1+uYAk4lnjGCoti5rxDg06dPA8="}
2022-11-28T17:46:22.558Z	DEBUG	replica=2	coded-hotterstuff/consensus.go:520	entered new view	{"CURRENT VIEW": 8, "view timeout": 2, "timedout": false}
2022-11-28T17:46:22.558Z	DEBUG	replica=2	coded-hotterstuff/consensus.go:788	new block locked	{"CURRENT VIEW": 8, "view": 6, "hash": "kFp8+So3McG2yp/crA+UXLJ7e1+L/NadJHrbEZU+si4="}
2022-11-28T17:46:22.558Z	INFO	replica=2	coded-hotterstuff/consensus.go:797	new block commited	{"CURRENT VIEW": 8, "view": 5, "hash": "jgrj6scOqMsv2tOI5ilebUQ0EAUbjhBGBRf6AbYZ3ZQ="}
2022-11-28T17:46:22.560Z	DEBUG	replica=2	coded-hotterstuff/consensus.go:678	proposal is safe to vote on	{"CURRENT VIEW": 7, "msg": "proposal", "header view": 8, "prepare view": 6, "hash": "CdTNHG77L/KNb6fxbFkMI5vefUtOuAcj6xhNSmb/gws=", "parent": "UrpGBauqox/y7djWW1+uYAk4lnjGCoti5rxDg06dPA8="}
Node  2 +1 block finalized at time:  2022-11-28 17:46:22.562709837 +0000 UTC m=+26.284811093
replica 2 is forwarding chunk to replica 0
replica 2 is forwarding chunk to replica 1
replica 2 is forwarding chunk to replica 3
replica 2 is forwarding chunk to replica 4
replica 2 is forwarding chunk to replica 5
replica 2 is forwarding chunk to replica 6
replica 2 is forwarding chunk to replica 7
Decoded original proposal, time: 2022-11-28 17:46:23.847557427 +0000 UTC m=+27.569658735 header hash: [9 212 205 28 110 251 47 242 141 111 167 241 108 89 12 35 155 222 125 75 78 184 7 35 235 24 77 74 102 255 131 11]
2022-11-28T17:46:23.847Z	DEBUG	replica=2	coded-hotterstuff/consensus.go:576	received proposal	{"CURRENT VIEW": 8, "msg": "proposal", "header view": 8, "prepare view": 7, "hash": "CdTNHG77L/KNb6fxbFkMI5vefUtOuAcj6xhNSmb/gws=", "parent": "UrpGBauqox/y7djWW1+uYAk4lnjGCoti5rxDg06dPA8="}
replica 2 is forwarding chunk to replica 1
replica 2 is forwarding chunk to replica 3
replica 2 is forwarding chunk to replica 4
replica 2 is forwarding chunk to replica 5
replica 2 is forwarding chunk to replica 6
replica 2 is forwarding chunk to replica 7
replica 2 is forwarding chunk to replica 8
Decoded original proposal, time: 2022-11-28 17:46:24.781268339 +0000 UTC m=+28.503369595 header hash: [9 212 205 28 110 251 47 242 141 111 167 241 108 89 12 35 155 222 125 75 78 184 7 35 235 24 77 74 102 255 131 11]
2022-11-28T17:46:24.781Z	DEBUG	replica=2	coded-hotterstuff/consensus.go:576	received proposal	{"CURRENT VIEW": 8, "msg": "proposal", "header view": 8, "prepare view": 7, "hash": "CdTNHG77L/KNb6fxbFkMI5vefUtOuAcj6xhNSmb/gws=", "parent": "UrpGBauqox/y7djWW1+uYAk4lnjGCoti5rxDg06dPA8="}
Decoded original proposal, time: 2022-11-28 17:46:25.782485299 +0000 UTC m=+29.504586554 header hash: [75 152 239 23 193 229 152 187 193 198 49 17 94 0 66 98 109 76 252 99 208 6 227 177 121 255 81 193 174 84 93 16]
2022-11-28T17:46:25.782Z	DEBUG	replica=2	coded-hotterstuff/consensus.go:576	received proposal	{"CURRENT VIEW": 8, "msg": "proposal", "header view": 9, "prepare view": 7, "hash": "S5jvF8HlmLvBxjERXgBCYm1M/GPQBuOxef9Rwa5UXRA=", "parent": "CdTNHG77L/KNb6fxbFkMI5vefUtOuAcj6xhNSmb/gws="}
2022-11-28T17:46:25.790Z	DEBUG	replica=2	coded-hotterstuff/consensus.go:809	new block certified	{"CURRENT VIEW": 8, "view": 8, "hash": "CdTNHG77L/KNb6fxbFkMI5vefUtOuAcj6xhNSmb/gws="}
2022-11-28T17:46:25.790Z	DEBUG	replica=2	coded-hotterstuff/consensus.go:520	entered new view	{"CURRENT VIEW": 9, "view timeout": 2, "timedout": false}
2022-11-28T17:46:25.790Z	DEBUG	replica=2	coded-hotterstuff/consensus.go:788	new block locked	{"CURRENT VIEW": 9, "view": 7, "hash": "UrpGBauqox/y7djWW1+uYAk4lnjGCoti5rxDg06dPA8="}
2022-11-28T17:46:25.790Z	INFO	replica=2	coded-hotterstuff/consensus.go:797	new block commited	{"CURRENT VIEW": 9, "view": 6, "hash": "kFp8+So3McG2yp/crA+UXLJ7e1+L/NadJHrbEZU+si4="}
2022-11-28T17:46:25.791Z	DEBUG	replica=2	coded-hotterstuff/consensus.go:678	proposal is safe to vote on	{"CURRENT VIEW": 8, "msg": "proposal", "header view": 9, "prepare view": 7, "hash": "S5jvF8HlmLvBxjERXgBCYm1M/GPQBuOxef9Rwa5UXRA=", "parent": "CdTNHG77L/KNb6fxbFkMI5vefUtOuAcj6xhNSmb/gws="}
Node  2 +1 block finalized at time:  2022-11-28 17:46:25.793988035 +0000 UTC m=+29.516089292
replica 2 is forwarding chunk to replica 1
replica 2 is forwarding chunk to replica 3
replica 2 is forwarding chunk to replica 4
replica 2 is forwarding chunk to replica 5
replica 2 is forwarding chunk to replica 6
replica 2 is forwarding chunk to replica 7
replica 2 is forwarding chunk to replica 8
Decoded original proposal, time: 2022-11-28 17:46:26.903021968 +0000 UTC m=+30.625123276 header hash: [75 152 239 23 193 229 152 187 193 198 49 17 94 0 66 98 109 76 252 99 208 6 227 177 121 255 81 193 174 84 93 16]
2022-11-28T17:46:26.903Z	DEBUG	replica=2	coded-hotterstuff/consensus.go:576	received proposal	{"CURRENT VIEW": 9, "msg": "proposal", "header view": 9, "prepare view": 8, "hash": "S5jvF8HlmLvBxjERXgBCYm1M/GPQBuOxef9Rwa5UXRA=", "parent": "CdTNHG77L/KNb6fxbFkMI5vefUtOuAcj6xhNSmb/gws="}
replica 2 is forwarding chunk to replica 1
replica 2 is forwarding chunk to replica 3
replica 2 is forwarding chunk to replica 4
replica 2 is forwarding chunk to replica 5
replica 2 is forwarding chunk to replica 6
replica 2 is forwarding chunk to replica 7
replica 2 is forwarding chunk to replica 8
Decoded original proposal, time: 2022-11-28 17:46:28.563579691 +0000 UTC m=+32.285681000 header hash: [75 152 239 23 193 229 152 187 193 198 49 17 94 0 66 98 109 76 252 99 208 6 227 177 121 255 81 193 174 84 93 16]
2022-11-28T17:46:28.563Z	DEBUG	replica=2	coded-hotterstuff/consensus.go:576	received proposal	{"CURRENT VIEW": 9, "msg": "proposal", "header view": 9, "prepare view": 8, "hash": "S5jvF8HlmLvBxjERXgBCYm1M/GPQBuOxef9Rwa5UXRA=", "parent": "CdTNHG77L/KNb6fxbFkMI5vefUtOuAcj6xhNSmb/gws="}
replica 2 is forwarding chunk to replica 0
replica 2 is forwarding chunk to replica 3
replica 2 is forwarding chunk to replica 4
replica 2 is forwarding chunk to replica 5
replica 2 is forwarding chunk to replica 6
replica 2 is forwarding chunk to replica 7
replica 2 is forwarding chunk to replica 8
2022-11-28T17:46:28.881Z	DEBUG	replica=2	coded-hotterstuff/consensus.go:965	received vote	{"CURRENT VIEW": 9, "msg": "vote", "voter": 1, "view": 9, "hash": "Gymi6tg4A5LZy8aiMG6k221RFpMttMcj9dlrzPCBVG4="}
Node  2  received vote before proposal, saving vote in pending votes, hash is  [27 41 162 234 216 56 3 146 217 203 198 162 48 110 164 219 109 81 22 147 45 180 199 35 245 217 107 204 240 129 84 110]  and string is,  10
2022-11-28T17:46:28.881Z	DEBUG	replica=2	coded-hotterstuff/consensus.go:970	Received vote before proposal, key is, 10	{"CURRENT VIEW": 9}
Decoded original proposal, time: 2022-11-28 17:46:29.68927833 +0000 UTC m=+33.411379594 header hash: [27 41 162 234 216 56 3 146 217 203 198 162 48 110 164 219 109 81 22 147 45 180 199 35 245 217 107 204 240 129 84 110]
2022-11-28T17:46:29.689Z	DEBUG	replica=2	coded-hotterstuff/consensus.go:576	received proposal	{"CURRENT VIEW": 9, "msg": "proposal", "header view": 10, "prepare view": 8, "hash": "Gymi6tg4A5LZy8aiMG6k221RFpMttMcj9dlrzPCBVG4=", "parent": "S5jvF8HlmLvBxjERXgBCYm1M/GPQBuOxef9Rwa5UXRA="}
2022-11-28T17:46:29.698Z	DEBUG	replica=2	coded-hotterstuff/consensus.go:809	new block certified	{"CURRENT VIEW": 9, "view": 9, "hash": "S5jvF8HlmLvBxjERXgBCYm1M/GPQBuOxef9Rwa5UXRA="}
2022-11-28T17:46:29.698Z	DEBUG	replica=2	coded-hotterstuff/consensus.go:520	entered new view	{"CURRENT VIEW": 10, "view timeout": 2, "timedout": false}
2022-11-28T17:46:29.698Z	DEBUG	replica=2	coded-hotterstuff/consensus.go:535	replica is a leader for next view. collecting new-view messages	{"CURRENT VIEW": 10}
2022-11-28T17:46:29.698Z	DEBUG	replica=2	coded-hotterstuff/consensus.go:788	new block locked	{"CURRENT VIEW": 10, "view": 8, "hash": "CdTNHG77L/KNb6fxbFkMI5vefUtOuAcj6xhNSmb/gws="}
2022-11-28T17:46:29.698Z	INFO	replica=2	coded-hotterstuff/consensus.go:797	new block commited	{"CURRENT VIEW": 10, "view": 7, "hash": "UrpGBauqox/y7djWW1+uYAk4lnjGCoti5rxDg06dPA8="}
2022-11-28T17:46:29.699Z	DEBUG	replica=2	coded-hotterstuff/consensus.go:678	proposal is safe to vote on	{"CURRENT VIEW": 9, "msg": "proposal", "header view": 10, "prepare view": 8, "hash": "Gymi6tg4A5LZy8aiMG6k221RFpMttMcj9dlrzPCBVG4=", "parent": "S5jvF8HlmLvBxjERXgBCYm1M/GPQBuOxef9Rwa5UXRA="}
2022-11-28T17:46:29.699Z	DEBUG	replica=2	coded-hotterstuff/consensus.go:758	Taking care of pending vote 10	{"CURRENT VIEW": 10}
2022-11-28T17:46:29.699Z	DEBUG	replica=2	coded-hotterstuff/consensus.go:965	received vote	{"CURRENT VIEW": 10, "msg": "vote", "voter": 1, "view": 10, "hash": "Gymi6tg4A5LZy8aiMG6k221RFpMttMcj9dlrzPCBVG4="}
2022-11-28T17:46:29.706Z	DEBUG	replica=2	coded-hotterstuff/consensus.go:965	received vote	{"CURRENT VIEW": 10, "msg": "vote", "voter": 2, "view": 10, "hash": "Gymi6tg4A5LZy8aiMG6k221RFpMttMcj9dlrzPCBVG4="}
Node  2 +1 block finalized at time:  2022-11-28 17:46:29.712341818 +0000 UTC m=+33.434443069
replica 2 is forwarding chunk to replica 0
replica 2 is forwarding chunk to replica 3
replica 2 is forwarding chunk to replica 4
replica 2 is forwarding chunk to replica 5
replica 2 is forwarding chunk to replica 6
replica 2 is forwarding chunk to replica 7
replica 2 is forwarding chunk to replica 8
2022-11-28T17:46:30.215Z	DEBUG	replica=2	coded-hotterstuff/consensus.go:965	received vote	{"CURRENT VIEW": 10, "msg": "vote", "voter": 8, "view": 10, "hash": "Gymi6tg4A5LZy8aiMG6k221RFpMttMcj9dlrzPCBVG4="}
2022-11-28T17:46:30.225Z	DEBUG	replica=2	coded-hotterstuff/consensus.go:965	received vote	{"CURRENT VIEW": 10, "msg": "vote", "voter": 0, "view": 10, "hash": "Gymi6tg4A5LZy8aiMG6k221RFpMttMcj9dlrzPCBVG4="}
2022-11-28T17:46:30.478Z	DEBUG	replica=2	coded-hotterstuff/consensus.go:965	received vote	{"CURRENT VIEW": 10, "msg": "vote", "voter": 7, "view": 10, "hash": "Gymi6tg4A5LZy8aiMG6k221RFpMttMcj9dlrzPCBVG4="}
2022-11-28T17:46:30.672Z	DEBUG	replica=2	coded-hotterstuff/consensus.go:965	received vote	{"CURRENT VIEW": 10, "msg": "vote", "voter": 3, "view": 10, "hash": "Gymi6tg4A5LZy8aiMG6k221RFpMttMcj9dlrzPCBVG4="}
2022-11-28T17:46:30.739Z	DEBUG	replica=2	coded-hotterstuff/consensus.go:965	received vote	{"CURRENT VIEW": 10, "msg": "vote", "voter": 6, "view": 10, "hash": "Gymi6tg4A5LZy8aiMG6k221RFpMttMcj9dlrzPCBVG4="}
2022-11-28T17:46:30.745Z	DEBUG	replica=2	coded-hotterstuff/consensus.go:809	new block certified	{"CURRENT VIEW": 10, "view": 10, "hash": "Gymi6tg4A5LZy8aiMG6k221RFpMttMcj9dlrzPCBVG4="}
2022-11-28T17:46:30.745Z	DEBUG	replica=2	coded-hotterstuff/consensus.go:520	entered new view	{"CURRENT VIEW": 11, "view timeout": 2, "timedout": false}
2022-11-28T17:46:30.745Z	DEBUG	replica=2	coded-hotterstuff/consensus.go:544	replica is a leader for this view. waiting for data	{"CURRENT VIEW": 11}
2022-11-28T17:46:30.745Z	DEBUG	replica=2	coded-hotterstuff/consensus.go:520	entered new view	{"CURRENT VIEW": 11, "view timeout": 2, "timedout": false}
2022-11-28T17:46:30.745Z	DEBUG	replica=2	coded-hotterstuff/consensus.go:544	replica is a leader for this view. waiting for data	{"CURRENT VIEW": 11}
2022-11-28T17:46:30.748Z	DEBUG	replica=2	coded-hotterstuff/consensus.go:238	sending proposal	{"CURRENT VIEW": 11, "hash": "JHDKbuvn/qlEbMiFGVnXE7z7VfFJm3NDC7AQEWpkt3w=", "parent": "Gymi6tg4A5LZy8aiMG6k221RFpMttMcj9dlrzPCBVG4=", "signer": 2}
2022-11-28T17:46:30.750Z	DEBUG	replica=2	coded-hotterstuff/consensus.go:576	received proposal	{"CURRENT VIEW": 11, "msg": "proposal", "header view": 11, "prepare view": 10, "hash": "JHDKbuvn/qlEbMiFGVnXE7z7VfFJm3NDC7AQEWpkt3w=", "parent": "Gymi6tg4A5LZy8aiMG6k221RFpMttMcj9dlrzPCBVG4="}
2022-11-28T17:46:30.757Z	DEBUG	replica=2	coded-hotterstuff/consensus.go:788	new block locked	{"CURRENT VIEW": 11, "view": 9, "hash": "S5jvF8HlmLvBxjERXgBCYm1M/GPQBuOxef9Rwa5UXRA="}
2022-11-28T17:46:30.757Z	INFO	replica=2	coded-hotterstuff/consensus.go:797	new block commited	{"CURRENT VIEW": 11, "view": 8, "hash": "CdTNHG77L/KNb6fxbFkMI5vefUtOuAcj6xhNSmb/gws="}
2022-11-28T17:46:30.759Z	DEBUG	replica=2	coded-hotterstuff/consensus.go:678	proposal is safe to vote on	{"CURRENT VIEW": 11, "msg": "proposal", "header view": 11, "prepare view": 10, "hash": "JHDKbuvn/qlEbMiFGVnXE7z7VfFJm3NDC7AQEWpkt3w=", "parent": "Gymi6tg4A5LZy8aiMG6k221RFpMttMcj9dlrzPCBVG4="}
Node  2 +1 block finalized at time:  2022-11-28 17:46:30.761545333 +0000 UTC m=+34.483646632
Decoded original proposal, time: 2022-11-28 17:46:30.762480983 +0000 UTC m=+34.484582247 header hash: [27 41 162 234 216 56 3 146 217 203 198 162 48 110 164 219 109 81 22 147 45 180 199 35 245 217 107 204 240 129 84 110]
2022-11-28T17:46:30.762Z	DEBUG	replica=2	coded-hotterstuff/consensus.go:576	received proposal	{"CURRENT VIEW": 11, "msg": "proposal", "header view": 10, "prepare view": 10, "hash": "Gymi6tg4A5LZy8aiMG6k221RFpMttMcj9dlrzPCBVG4=", "parent": "S5jvF8HlmLvBxjERXgBCYm1M/GPQBuOxef9Rwa5UXRA="}
2022-11-28T17:46:30.771Z	DEBUG	replica=2	coded-hotterstuff/consensus.go:667	proposal view doesn't match local view	{"CURRENT VIEW": 11, "msg": "proposal", "header view": 10, "prepare view": 10, "hash": "Gymi6tg4A5LZy8aiMG6k221RFpMttMcj9dlrzPCBVG4=", "parent": "S5jvF8HlmLvBxjERXgBCYm1M/GPQBuOxef9Rwa5UXRA="}
2022-11-28T17:46:30.771Z	DEBUG	replica=2	coded-hotterstuff/consensus.go:965	received vote	{"CURRENT VIEW": 11, "msg": "vote", "voter": 4, "view": 11, "hash": "Gymi6tg4A5LZy8aiMG6k221RFpMttMcj9dlrzPCBVG4="}
2022-11-28T17:46:30.777Z	DEBUG	replica=2	coded-hotterstuff/consensus.go:520	entered new view	{"CURRENT VIEW": 11, "view timeout": 2, "timedout": false}
2022-11-28T17:46:30.777Z	DEBUG	replica=2	coded-hotterstuff/consensus.go:544	replica is a leader for this view. waiting for data	{"CURRENT VIEW": 11}
2022-11-28T17:46:30.777Z	DEBUG	replica=2	coded-hotterstuff/consensus.go:965	received vote	{"CURRENT VIEW": 11, "msg": "vote", "voter": 5, "view": 11, "hash": "Gymi6tg4A5LZy8aiMG6k221RFpMttMcj9dlrzPCBVG4="}
2022-11-28T17:46:30.782Z	DEBUG	replica=2	coded-hotterstuff/consensus.go:520	entered new view	{"CURRENT VIEW": 11, "view timeout": 2, "timedout": false}
2022-11-28T17:46:30.782Z	DEBUG	replica=2	coded-hotterstuff/consensus.go:544	replica is a leader for this view. waiting for data	{"CURRENT VIEW": 11}
2022-11-28T17:46:30.785Z	DEBUG	replica=2	coded-hotterstuff/consensus.go:238	sending proposal	{"CURRENT VIEW": 11, "hash": "JHDKbuvn/qlEbMiFGVnXE7z7VfFJm3NDC7AQEWpkt3w=", "parent": "Gymi6tg4A5LZy8aiMG6k221RFpMttMcj9dlrzPCBVG4=", "signer": 2}
2022-11-28T17:46:30.786Z	DEBUG	replica=2	coded-hotterstuff/consensus.go:576	received proposal	{"CURRENT VIEW": 11, "msg": "proposal", "header view": 11, "prepare view": 10, "hash": "JHDKbuvn/qlEbMiFGVnXE7z7VfFJm3NDC7AQEWpkt3w=", "parent": "Gymi6tg4A5LZy8aiMG6k221RFpMttMcj9dlrzPCBVG4="}
replica 2 is forwarding chunk to replica 0
replica 2 is forwarding chunk to replica 1
replica 2 is forwarding chunk to replica 4
replica 2 is forwarding chunk to replica 5
replica 2 is forwarding chunk to replica 6
replica 2 is forwarding chunk to replica 7
replica 2 is forwarding chunk to replica 8
replica 2 is forwarding chunk to replica 0
replica 2 is forwarding chunk to replica 1
replica 2 is forwarding chunk to replica 4
replica 2 is forwarding chunk to replica 5
replica 2 is forwarding chunk to replica 6
replica 2 is forwarding chunk to replica 7
replica 2 is forwarding chunk to replica 8
Decoded original proposal, time: 2022-11-28 17:46:36.273562317 +0000 UTC m=+39.995663625 header hash: [225 164 165 204 236 180 59 151 178 38 118 190 136 53 193 22 146 46 81 162 175 160 6 50 132 174 159 221 166 0 223 96]
2022-11-28T17:46:36.273Z	DEBUG	replica=2	coded-hotterstuff/consensus.go:576	received proposal	{"CURRENT VIEW": 11, "msg": "proposal", "header view": 12, "prepare view": 10, "hash": "4aSlzOy0O5eyJna+iDXBFpIuUaKvoAYyhK6f3aYA32A=", "parent": "JHDKbuvn/qlEbMiFGVnXE7z7VfFJm3NDC7AQEWpkt3w="}
2022-11-28T17:46:36.284Z	DEBUG	replica=2	coded-hotterstuff/consensus.go:809	new block certified	{"CURRENT VIEW": 11, "view": 11, "hash": "JHDKbuvn/qlEbMiFGVnXE7z7VfFJm3NDC7AQEWpkt3w="}
2022-11-28T17:46:36.284Z	DEBUG	replica=2	coded-hotterstuff/consensus.go:520	entered new view	{"CURRENT VIEW": 12, "view timeout": 2, "timedout": false}
2022-11-28T17:46:36.284Z	DEBUG	replica=2	coded-hotterstuff/consensus.go:788	new block locked	{"CURRENT VIEW": 12, "view": 10, "hash": "Gymi6tg4A5LZy8aiMG6k221RFpMttMcj9dlrzPCBVG4="}
2022-11-28T17:46:36.284Z	INFO	replica=2	coded-hotterstuff/consensus.go:797	new block commited	{"CURRENT VIEW": 12, "view": 9, "hash": "S5jvF8HlmLvBxjERXgBCYm1M/GPQBuOxef9Rwa5UXRA="}
2022-11-28T17:46:36.288Z	DEBUG	replica=2	coded-hotterstuff/consensus.go:678	proposal is safe to vote on	{"CURRENT VIEW": 11, "msg": "proposal", "header view": 12, "prepare view": 10, "hash": "4aSlzOy0O5eyJna+iDXBFpIuUaKvoAYyhK6f3aYA32A=", "parent": "JHDKbuvn/qlEbMiFGVnXE7z7VfFJm3NDC7AQEWpkt3w="}
Node  2 +1 block finalized at time:  2022-11-28 17:46:36.291020325 +0000 UTC m=+40.013121580
replica 2 is forwarding chunk to replica 0
replica 2 is forwarding chunk to replica 1
replica 2 is forwarding chunk to replica 4
replica 2 is forwarding chunk to replica 5
replica 2 is forwarding chunk to replica 6
replica 2 is forwarding chunk to replica 7
replica 2 is forwarding chunk to replica 8
Decoded original proposal, time: 2022-11-28 17:46:37.391518415 +0000 UTC m=+41.113619682 header hash: [225 164 165 204 236 180 59 151 178 38 118 190 136 53 193 22 146 46 81 162 175 160 6 50 132 174 159 221 166 0 223 96]
2022-11-28T17:46:37.391Z	DEBUG	replica=2	coded-hotterstuff/consensus.go:576	received proposal	{"CURRENT VIEW": 12, "msg": "proposal", "header view": 12, "prepare view": 11, "hash": "4aSlzOy0O5eyJna+iDXBFpIuUaKvoAYyhK6f3aYA32A=", "parent": "JHDKbuvn/qlEbMiFGVnXE7z7VfFJm3NDC7AQEWpkt3w="}
replica 2 is forwarding chunk to replica 0
replica 2 is forwarding chunk to replica 1
replica 2 is forwarding chunk to replica 3
replica 2 is forwarding chunk to replica 5
replica 2 is forwarding chunk to replica 6
replica 2 is forwarding chunk to replica 7
replica 2 is forwarding chunk to replica 8
Decoded original proposal, time: 2022-11-28 17:46:39.274934321 +0000 UTC m=+42.997035584 header hash: [225 164 165 204 236 180 59 151 178 38 118 190 136 53 193 22 146 46 81 162 175 160 6 50 132 174 159 221 166 0 223 96]
2022-11-28T17:46:39.274Z	DEBUG	replica=2	coded-hotterstuff/consensus.go:576	received proposal	{"CURRENT VIEW": 12, "msg": "proposal", "header view": 12, "prepare view": 11, "hash": "4aSlzOy0O5eyJna+iDXBFpIuUaKvoAYyhK6f3aYA32A=", "parent": "JHDKbuvn/qlEbMiFGVnXE7z7VfFJm3NDC7AQEWpkt3w="}
replica 2 is forwarding chunk to replica 0
replica 2 is forwarding chunk to replica 1
replica 2 is forwarding chunk to replica 3
replica 2 is forwarding chunk to replica 5
replica 2 is forwarding chunk to replica 6
replica 2 is forwarding chunk to replica 7
replica 2 is forwarding chunk to replica 8
Decoded original proposal, time: 2022-11-28 17:46:39.952345382 +0000 UTC m=+43.674446689 header hash: [55 71 12 88 170 89 30 100 228 23 243 137 27 6 133 29 78 24 217 198 107 27 88 123 223 127 133 219 145 253 87 161]
2022-11-28T17:46:39.952Z	DEBUG	replica=2	coded-hotterstuff/consensus.go:576	received proposal	{"CURRENT VIEW": 12, "msg": "proposal", "header view": 13, "prepare view": 11, "hash": "N0cMWKpZHmTkF/OJGwaFHU4Y2cZrG1h733+F25H9V6E=", "parent": "4aSlzOy0O5eyJna+iDXBFpIuUaKvoAYyhK6f3aYA32A="}
2022-11-28T17:46:39.961Z	DEBUG	replica=2	coded-hotterstuff/consensus.go:809	new block certified	{"CURRENT VIEW": 12, "view": 12, "hash": "4aSlzOy0O5eyJna+iDXBFpIuUaKvoAYyhK6f3aYA32A="}
2022-11-28T17:46:39.961Z	DEBUG	replica=2	coded-hotterstuff/consensus.go:520	entered new view	{"CURRENT VIEW": 13, "view timeout": 2, "timedout": false}
2022-11-28T17:46:39.961Z	DEBUG	replica=2	coded-hotterstuff/consensus.go:788	new block locked	{"CURRENT VIEW": 13, "view": 11, "hash": "JHDKbuvn/qlEbMiFGVnXE7z7VfFJm3NDC7AQEWpkt3w="}
2022-11-28T17:46:39.961Z	INFO	replica=2	coded-hotterstuff/consensus.go:797	new block commited	{"CURRENT VIEW": 13, "view": 10, "hash": "Gymi6tg4A5LZy8aiMG6k221RFpMttMcj9dlrzPCBVG4="}
2022-11-28T17:46:39.963Z	DEBUG	replica=2	coded-hotterstuff/consensus.go:678	proposal is safe to vote on	{"CURRENT VIEW": 12, "msg": "proposal", "header view": 13, "prepare view": 11, "hash": "N0cMWKpZHmTkF/OJGwaFHU4Y2cZrG1h733+F25H9V6E=", "parent": "4aSlzOy0O5eyJna+iDXBFpIuUaKvoAYyhK6f3aYA32A="}
Node  2 +1 block finalized at time:  2022-11-28 17:46:39.965118795 +0000 UTC m=+43.687220042
replica 2 is forwarding chunk to replica 0
replica 2 is forwarding chunk to replica 1
replica 2 is forwarding chunk to replica 3
replica 2 is forwarding chunk to replica 5
replica 2 is forwarding chunk to replica 6
replica 2 is forwarding chunk to replica 7
replica 2 is forwarding chunk to replica 8
Decoded original proposal, time: 2022-11-28 17:46:41.25246709 +0000 UTC m=+44.974568397 header hash: [55 71 12 88 170 89 30 100 228 23 243 137 27 6 133 29 78 24 217 198 107 27 88 123 223 127 133 219 145 253 87 161]
2022-11-28T17:46:41.252Z	DEBUG	replica=2	coded-hotterstuff/consensus.go:576	received proposal	{"CURRENT VIEW": 13, "msg": "proposal", "header view": 13, "prepare view": 12, "hash": "N0cMWKpZHmTkF/OJGwaFHU4Y2cZrG1h733+F25H9V6E=", "parent": "4aSlzOy0O5eyJna+iDXBFpIuUaKvoAYyhK6f3aYA32A="}
Decoded original proposal, time: 2022-11-28 17:46:42.177247519 +0000 UTC m=+45.899348782 header hash: [55 71 12 88 170 89 30 100 228 23 243 137 27 6 133 29 78 24 217 198 107 27 88 123 223 127 133 219 145 253 87 161]
2022-11-28T17:46:42.177Z	DEBUG	replica=2	coded-hotterstuff/consensus.go:576	received proposal	{"CURRENT VIEW": 13, "msg": "proposal", "header view": 13, "prepare view": 12, "hash": "N0cMWKpZHmTkF/OJGwaFHU4Y2cZrG1h733+F25H9V6E=", "parent": "4aSlzOy0O5eyJna+iDXBFpIuUaKvoAYyhK6f3aYA32A="}
replica 2 is forwarding chunk to replica 0
replica 2 is forwarding chunk to replica 1
replica 2 is forwarding chunk to replica 3
replica 2 is forwarding chunk to replica 4
replica 2 is forwarding chunk to replica 6
replica 2 is forwarding chunk to replica 7
replica 2 is forwarding chunk to replica 8
Decoded original proposal, time: 2022-11-28 17:46:43.455781052 +0000 UTC m=+47.177882355 header hash: [179 79 157 9 84 57 195 200 132 217 159 131 10 204 29 20 183 79 241 0 252 79 239 189 106 39 9 193 130 153 110 137]
2022-11-28T17:46:43.455Z	DEBUG	replica=2	coded-hotterstuff/consensus.go:576	received proposal	{"CURRENT VIEW": 13, "msg": "proposal", "header view": 14, "prepare view": 12, "hash": "s0+dCVQ5w8iE2Z+DCswdFLdP8QD8T++9aicJwYKZbok=", "parent": "N0cMWKpZHmTkF/OJGwaFHU4Y2cZrG1h733+F25H9V6E="}
2022-11-28T17:46:43.463Z	DEBUG	replica=2	coded-hotterstuff/consensus.go:809	new block certified	{"CURRENT VIEW": 13, "view": 13, "hash": "N0cMWKpZHmTkF/OJGwaFHU4Y2cZrG1h733+F25H9V6E="}
2022-11-28T17:46:43.463Z	DEBUG	replica=2	coded-hotterstuff/consensus.go:520	entered new view	{"CURRENT VIEW": 14, "view timeout": 2, "timedout": false}
2022-11-28T17:46:43.465Z	DEBUG	replica=2	coded-hotterstuff/consensus.go:788	new block locked	{"CURRENT VIEW": 14, "view": 12, "hash": "4aSlzOy0O5eyJna+iDXBFpIuUaKvoAYyhK6f3aYA32A="}
2022-11-28T17:46:43.465Z	INFO	replica=2	coded-hotterstuff/consensus.go:797	new block commited	{"CURRENT VIEW": 14, "view": 11, "hash": "JHDKbuvn/qlEbMiFGVnXE7z7VfFJm3NDC7AQEWpkt3w="}
2022-11-28T17:46:43.466Z	DEBUG	replica=2	coded-hotterstuff/consensus.go:678	proposal is safe to vote on	{"CURRENT VIEW": 13, "msg": "proposal", "header view": 14, "prepare view": 12, "hash": "s0+dCVQ5w8iE2Z+DCswdFLdP8QD8T++9aicJwYKZbok=", "parent": "N0cMWKpZHmTkF/OJGwaFHU4Y2cZrG1h733+F25H9V6E="}
Node  2 +1 block finalized at time:  2022-11-28 17:46:43.469765536 +0000 UTC m=+47.191866817
replica 2 is forwarding chunk to replica 0
replica 2 is forwarding chunk to replica 1
replica 2 is forwarding chunk to replica 3
replica 2 is forwarding chunk to replica 4
replica 2 is forwarding chunk to replica 6
replica 2 is forwarding chunk to replica 7
replica 2 is forwarding chunk to replica 8
Decoded original proposal, time: 2022-11-28 17:46:44.625372232 +0000 UTC m=+48.347473544 header hash: [179 79 157 9 84 57 195 200 132 217 159 131 10 204 29 20 183 79 241 0 252 79 239 189 106 39 9 193 130 153 110 137]
2022-11-28T17:46:44.625Z	DEBUG	replica=2	coded-hotterstuff/consensus.go:576	received proposal	{"CURRENT VIEW": 14, "msg": "proposal", "header view": 14, "prepare view": 13, "hash": "s0+dCVQ5w8iE2Z+DCswdFLdP8QD8T++9aicJwYKZbok=", "parent": "N0cMWKpZHmTkF/OJGwaFHU4Y2cZrG1h733+F25H9V6E="}
replica 2 is forwarding chunk to replica 0
replica 2 is forwarding chunk to replica 1
replica 2 is forwarding chunk to replica 3
replica 2 is forwarding chunk to replica 4
replica 2 is forwarding chunk to replica 6
replica 2 is forwarding chunk to replica 7
replica 2 is forwarding chunk to replica 8
replica 2 is forwarding chunk to replica 0
replica 2 is forwarding chunk to replica 1
replica 2 is forwarding chunk to replica 3
replica 2 is forwarding chunk to replica 4
replica 2 is forwarding chunk to replica 5
replica 2 is forwarding chunk to replica 7
replica 2 is forwarding chunk to replica 8
replica 2 is forwarding chunk to replica 0
replica 2 is forwarding chunk to replica 1
replica 2 is forwarding chunk to replica 3
replica 2 is forwarding chunk to replica 4
replica 2 is forwarding chunk to replica 5
replica 2 is forwarding chunk to replica 7
replica 2 is forwarding chunk to replica 8
Decoded original proposal, time: 2022-11-28 17:46:47.340467247 +0000 UTC m=+51.062568511 header hash: [179 79 157 9 84 57 195 200 132 217 159 131 10 204 29 20 183 79 241 0 252 79 239 189 106 39 9 193 130 153 110 137]
2022-11-28T17:46:47.340Z	DEBUG	replica=2	coded-hotterstuff/consensus.go:576	received proposal	{"CURRENT VIEW": 14, "msg": "proposal", "header view": 14, "prepare view": 13, "hash": "s0+dCVQ5w8iE2Z+DCswdFLdP8QD8T++9aicJwYKZbok=", "parent": "N0cMWKpZHmTkF/OJGwaFHU4Y2cZrG1h733+F25H9V6E="}
Decoded original proposal, time: 2022-11-28 17:46:47.443027078 +0000 UTC m=+51.165128386 header hash: [202 72 185 184 152 74 130 52 19 230 34 218 220 212 95 146 25 2 29 196 82 105 189 28 182 138 255 42 166 91 160 208]
2022-11-28T17:46:47.443Z	DEBUG	replica=2	coded-hotterstuff/consensus.go:576	received proposal	{"CURRENT VIEW": 14, "msg": "proposal", "header view": 15, "prepare view": 13, "hash": "yki5uJhKgjQT5iLa3NRfkhkCHcRSab0ctor/KqZboNA=", "parent": "s0+dCVQ5w8iE2Z+DCswdFLdP8QD8T++9aicJwYKZbok="}
2022-11-28T17:46:47.451Z	DEBUG	replica=2	coded-hotterstuff/consensus.go:809	new block certified	{"CURRENT VIEW": 14, "view": 14, "hash": "s0+dCVQ5w8iE2Z+DCswdFLdP8QD8T++9aicJwYKZbok="}
2022-11-28T17:46:47.451Z	DEBUG	replica=2	coded-hotterstuff/consensus.go:520	entered new view	{"CURRENT VIEW": 15, "view timeout": 2, "timedout": false}
2022-11-28T17:46:47.451Z	DEBUG	replica=2	coded-hotterstuff/consensus.go:788	new block locked	{"CURRENT VIEW": 15, "view": 13, "hash": "N0cMWKpZHmTkF/OJGwaFHU4Y2cZrG1h733+F25H9V6E="}
2022-11-28T17:46:47.451Z	INFO	replica=2	coded-hotterstuff/consensus.go:797	new block commited	{"CURRENT VIEW": 15, "view": 12, "hash": "4aSlzOy0O5eyJna+iDXBFpIuUaKvoAYyhK6f3aYA32A="}
2022-11-28T17:46:47.452Z	DEBUG	replica=2	coded-hotterstuff/consensus.go:678	proposal is safe to vote on	{"CURRENT VIEW": 14, "msg": "proposal", "header view": 15, "prepare view": 13, "hash": "yki5uJhKgjQT5iLa3NRfkhkCHcRSab0ctor/KqZboNA=", "parent": "s0+dCVQ5w8iE2Z+DCswdFLdP8QD8T++9aicJwYKZbok="}
Node  2 +1 block finalized at time:  2022-11-28 17:46:47.454267955 +0000 UTC m=+51.176369211
replica 2 is forwarding chunk to replica 0
replica 2 is forwarding chunk to replica 1
replica 2 is forwarding chunk to replica 3
replica 2 is forwarding chunk to replica 4
replica 2 is forwarding chunk to replica 5
replica 2 is forwarding chunk to replica 7
replica 2 is forwarding chunk to replica 8
Decoded original proposal, time: 2022-11-28 17:46:48.822507512 +0000 UTC m=+52.544608768 header hash: [202 72 185 184 152 74 130 52 19 230 34 218 220 212 95 146 25 2 29 196 82 105 189 28 182 138 255 42 166 91 160 208]
2022-11-28T17:46:48.822Z	DEBUG	replica=2	coded-hotterstuff/consensus.go:576	received proposal	{"CURRENT VIEW": 15, "msg": "proposal", "header view": 15, "prepare view": 14, "hash": "yki5uJhKgjQT5iLa3NRfkhkCHcRSab0ctor/KqZboNA=", "parent": "s0+dCVQ5w8iE2Z+DCswdFLdP8QD8T++9aicJwYKZbok="}
Decoded original proposal, time: 2022-11-28 17:46:49.945882911 +0000 UTC m=+53.667984171 header hash: [202 72 185 184 152 74 130 52 19 230 34 218 220 212 95 146 25 2 29 196 82 105 189 28 182 138 255 42 166 91 160 208]
2022-11-28T17:46:49.945Z	DEBUG	replica=2	coded-hotterstuff/consensus.go:576	received proposal	{"CURRENT VIEW": 15, "msg": "proposal", "header view": 15, "prepare view": 14, "hash": "yki5uJhKgjQT5iLa3NRfkhkCHcRSab0ctor/KqZboNA=", "parent": "s0+dCVQ5w8iE2Z+DCswdFLdP8QD8T++9aicJwYKZbok="}
replica 2 is forwarding chunk to replica 0
replica 2 is forwarding chunk to replica 1
replica 2 is forwarding chunk to replica 3
replica 2 is forwarding chunk to replica 4
replica 2 is forwarding chunk to replica 5
replica 2 is forwarding chunk to replica 6
replica 2 is forwarding chunk to replica 8
Decoded original proposal, time: 2022-11-28 17:46:51.936755577 +0000 UTC m=+55.658856842 header hash: [60 3 172 192 158 69 228 82 139 18 154 192 39 84 167 184 246 172 168 97 72 51 107 161 52 135 29 101 211 31 104 44]
2022-11-28T17:46:51.936Z	DEBUG	replica=2	coded-hotterstuff/consensus.go:576	received proposal	{"CURRENT VIEW": 15, "msg": "proposal", "header view": 16, "prepare view": 14, "hash": "PAOswJ5F5FKLEprAJ1SnuPasqGFIM2uhNIcdZdMfaCw=", "parent": "yki5uJhKgjQT5iLa3NRfkhkCHcRSab0ctor/KqZboNA="}
2022-11-28T17:46:51.944Z	DEBUG	replica=2	coded-hotterstuff/consensus.go:809	new block certified	{"CURRENT VIEW": 15, "view": 15, "hash": "yki5uJhKgjQT5iLa3NRfkhkCHcRSab0ctor/KqZboNA="}
2022-11-28T17:46:51.944Z	DEBUG	replica=2	coded-hotterstuff/consensus.go:520	entered new view	{"CURRENT VIEW": 16, "view timeout": 2, "timedout": false}
2022-11-28T17:46:51.944Z	DEBUG	replica=2	coded-hotterstuff/consensus.go:788	new block locked	{"CURRENT VIEW": 16, "view": 14, "hash": "s0+dCVQ5w8iE2Z+DCswdFLdP8QD8T++9aicJwYKZbok="}
2022-11-28T17:46:51.944Z	INFO	replica=2	coded-hotterstuff/consensus.go:797	new block commited	{"CURRENT VIEW": 16, "view": 13, "hash": "N0cMWKpZHmTkF/OJGwaFHU4Y2cZrG1h733+F25H9V6E="}
2022-11-28T17:46:51.947Z	DEBUG	replica=2	coded-hotterstuff/consensus.go:678	proposal is safe to vote on	{"CURRENT VIEW": 15, "msg": "proposal", "header view": 16, "prepare view": 14, "hash": "PAOswJ5F5FKLEprAJ1SnuPasqGFIM2uhNIcdZdMfaCw=", "parent": "yki5uJhKgjQT5iLa3NRfkhkCHcRSab0ctor/KqZboNA="}
Node  2 +1 block finalized at time:  2022-11-28 17:46:51.949863543 +0000 UTC m=+55.671964808
replica 2 is forwarding chunk to replica 0
replica 2 is forwarding chunk to replica 1
replica 2 is forwarding chunk to replica 3
replica 2 is forwarding chunk to replica 4
replica 2 is forwarding chunk to replica 5
replica 2 is forwarding chunk to replica 6
replica 2 is forwarding chunk to replica 8
Decoded original proposal, time: 2022-11-28 17:46:53.257620768 +0000 UTC m=+56.979722073 header hash: [60 3 172 192 158 69 228 82 139 18 154 192 39 84 167 184 246 172 168 97 72 51 107 161 52 135 29 101 211 31 104 44]
2022-11-28T17:46:53.257Z	DEBUG	replica=2	coded-hotterstuff/consensus.go:576	received proposal	{"CURRENT VIEW": 16, "msg": "proposal", "header view": 16, "prepare view": 15, "hash": "PAOswJ5F5FKLEprAJ1SnuPasqGFIM2uhNIcdZdMfaCw=", "parent": "yki5uJhKgjQT5iLa3NRfkhkCHcRSab0ctor/KqZboNA="}
replica 2 is forwarding chunk to replica 0
replica 2 is forwarding chunk to replica 1
replica 2 is forwarding chunk to replica 3
replica 2 is forwarding chunk to replica 4
replica 2 is forwarding chunk to replica 5
replica 2 is forwarding chunk to replica 6
replica 2 is forwarding chunk to replica 8
Decoded original proposal, time: 2022-11-28 17:46:54.200835542 +0000 UTC m=+57.922936843 header hash: [60 3 172 192 158 69 228 82 139 18 154 192 39 84 167 184 246 172 168 97 72 51 107 161 52 135 29 101 211 31 104 44]
2022-11-28T17:46:54.200Z	DEBUG	replica=2	coded-hotterstuff/consensus.go:576	received proposal	{"CURRENT VIEW": 16, "msg": "proposal", "header view": 16, "prepare view": 15, "hash": "PAOswJ5F5FKLEprAJ1SnuPasqGFIM2uhNIcdZdMfaCw=", "parent": "yki5uJhKgjQT5iLa3NRfkhkCHcRSab0ctor/KqZboNA="}
replica 2 is forwarding chunk to replica 0
replica 2 is forwarding chunk to replica 1
replica 2 is forwarding chunk to replica 3
replica 2 is forwarding chunk to replica 4
replica 2 is forwarding chunk to replica 5
replica 2 is forwarding chunk to replica 6
replica 2 is forwarding chunk to replica 7
Decoded original proposal, time: 2022-11-28 17:46:55.996454346 +0000 UTC m=+59.718555649 header hash: [125 188 128 163 149 74 17 87 102 203 151 169 127 222 108 104 174 185 14 72 28 223 232 151 172 204 94 91 117 235 43 104]
2022-11-28T17:46:55.996Z	DEBUG	replica=2	coded-hotterstuff/consensus.go:576	received proposal	{"CURRENT VIEW": 16, "msg": "proposal", "header view": 17, "prepare view": 15, "hash": "fbyAo5VKEVdmy5epf95saK65Dkgc3+iXrMxeW3XrK2g=", "parent": "PAOswJ5F5FKLEprAJ1SnuPasqGFIM2uhNIcdZdMfaCw="}
2022-11-28T17:46:56.005Z	DEBUG	replica=2	coded-hotterstuff/consensus.go:809	new block certified	{"CURRENT VIEW": 16, "view": 16, "hash": "PAOswJ5F5FKLEprAJ1SnuPasqGFIM2uhNIcdZdMfaCw="}
2022-11-28T17:46:56.005Z	DEBUG	replica=2	coded-hotterstuff/consensus.go:520	entered new view	{"CURRENT VIEW": 17, "view timeout": 2, "timedout": false}
2022-11-28T17:46:56.005Z	DEBUG	replica=2	coded-hotterstuff/consensus.go:788	new block locked	{"CURRENT VIEW": 17, "view": 15, "hash": "yki5uJhKgjQT5iLa3NRfkhkCHcRSab0ctor/KqZboNA="}
2022-11-28T17:46:56.005Z	INFO	replica=2	coded-hotterstuff/consensus.go:797	new block commited	{"CURRENT VIEW": 17, "view": 14, "hash": "s0+dCVQ5w8iE2Z+DCswdFLdP8QD8T++9aicJwYKZbok="}
2022-11-28T17:46:56.006Z	DEBUG	replica=2	coded-hotterstuff/consensus.go:678	proposal is safe to vote on	{"CURRENT VIEW": 16, "msg": "proposal", "header view": 17, "prepare view": 15, "hash": "fbyAo5VKEVdmy5epf95saK65Dkgc3+iXrMxeW3XrK2g=", "parent": "PAOswJ5F5FKLEprAJ1SnuPasqGFIM2uhNIcdZdMfaCw="}
Node  2 +1 block finalized at time:  2022-11-28 17:46:56.008348206 +0000 UTC m=+59.730449465
