Node index: 6
[10.0.1.0:9000 10.0.1.2:9001 10.0.1.4:9002 10.0.1.6:9003 10.0.1.8:9004 10.0.1.10:9005 10.0.1.12:9006 10.0.1.14:9007 10.0.1.16:9008]
node 6 initiating connection to 10.0.1.2:9001
node 6 initiating connection to 10.0.1.0:9000
node 6 initiating connection to 10.0.1.6:9003
node 6 initiating connection to 10.0.1.4:9002
node 6 initiating connection to 10.0.1.8:9004
node 6 initiating connection to 10.0.1.10:9005
node 6 successfully initiated connection to 10.0.1.2:9001
node 6 successfully initiated connection to 10.0.1.8:9004
node 6 successfully initiated connection to 10.0.1.6:9003
node 6 successfully initiated connection to 10.0.1.0:9000
node 6 successfully initiated connection to 10.0.1.4:9002
node 6 successfully initiated connection to 10.0.1.10:9005
2022-11-27T04:55:00.284Z	DEBUG	replica=6	coded-hotterstuff/consensus.go:520	entered new view	{"CURRENT VIEW": 1, "view timeout": 2, "timedout": false}
connection established 6 - 7
Node  6 -->  Listening for messages... 
connection established 6 - 8
Node  6 -->  Listening for messages... 
connection established 6 - 1
Node  6 -->  Listening for messages... 
connection established 6 - 0
Node  6 -->  Listening for messages... 
connection established 6 - 3
Node  6 -->  Listening for messages... 
connection established 6 - 2
Node  6 -->  Listening for messages... 
connection established 6 - 4
Node  6 -->  Listening for messages... 
connection established 6 - 5
Node  6 -->  Listening for messages... 
replica 6 is forwarding chunk to replica 0
replica 6 is forwarding chunk to replica 2
replica 6 is forwarding chunk to replica 3
replica 6 is forwarding chunk to replica 4
replica 6 is forwarding chunk to replica 5
replica 6 is forwarding chunk to replica 7
replica 6 is forwarding chunk to replica 8
Decoded original proposal, time: 2022-11-27 04:55:02.544862558 +0000 UTC m=+2.403456758 header hash: [72 160 180 233 149 231 108 139 103 97 149 83 197 114 214 128 107 110 76 231 61 205 42 18 190 82 86 133 4 78 235 255]
2022-11-27T04:55:02.544Z	DEBUG	replica=6	coded-hotterstuff/consensus.go:576	received proposal	{"CURRENT VIEW": 1, "msg": "proposal", "header view": 1, "prepare view": 0, "hash": "SKC06ZXnbItnYZVTxXLWgGtuTOc9zSoSvlJWhQRO6/8=", "parent": "GZWDhiYW+ib6TpJWRLDOftUd8y8ovAaEerQWDbefS7c="}
2022-11-27T04:55:02.556Z	DEBUG	replica=6	coded-hotterstuff/consensus.go:777	could not find gparent header	{"CURRENT VIEW": 1, "view": 0, "hash": "GZWDhiYW+ib6TpJWRLDOftUd8y8ovAaEerQWDbefS7c="}
2022-11-27T04:55:02.567Z	DEBUG	replica=6	coded-hotterstuff/consensus.go:678	proposal is safe to vote on	{"CURRENT VIEW": 1, "msg": "proposal", "header view": 1, "prepare view": 0, "hash": "SKC06ZXnbItnYZVTxXLWgGtuTOc9zSoSvlJWhQRO6/8=", "parent": "GZWDhiYW+ib6TpJWRLDOftUd8y8ovAaEerQWDbefS7c="}
replica 6 is forwarding chunk to replica 0
replica 6 is forwarding chunk to replica 1
replica 6 is forwarding chunk to replica 3
replica 6 is forwarding chunk to replica 4
replica 6 is forwarding chunk to replica 5
replica 6 is forwarding chunk to replica 7
replica 6 is forwarding chunk to replica 8
replica 6 is forwarding chunk to replica 0
replica 6 is forwarding chunk to replica 1
replica 6 is forwarding chunk to replica 3
replica 6 is forwarding chunk to replica 4
replica 6 is forwarding chunk to replica 5
replica 6 is forwarding chunk to replica 7
replica 6 is forwarding chunk to replica 8
Decoded original proposal, time: 2022-11-27 04:55:04.989928088 +0000 UTC m=+4.848522332 header hash: [112 240 93 77 174 234 64 155 158 20 106 227 158 234 134 149 230 112 20 24 127 150 17 128 149 69 129 124 42 247 80 171]
2022-11-27T04:55:04.989Z	DEBUG	replica=6	coded-hotterstuff/consensus.go:576	received proposal	{"CURRENT VIEW": 1, "msg": "proposal", "header view": 2, "prepare view": 0, "hash": "cPBdTa7qQJueFGrjnuqGleZwFBh/lhGAlUWBfCr3UKs=", "parent": "SKC06ZXnbItnYZVTxXLWgGtuTOc9zSoSvlJWhQRO6/8="}
2022-11-27T04:55:04.997Z	DEBUG	replica=6	coded-hotterstuff/consensus.go:809	new block certified	{"CURRENT VIEW": 1, "view": 1, "hash": "SKC06ZXnbItnYZVTxXLWgGtuTOc9zSoSvlJWhQRO6/8="}
2022-11-27T04:55:04.997Z	DEBUG	replica=6	coded-hotterstuff/consensus.go:520	entered new view	{"CURRENT VIEW": 2, "view timeout": 2, "timedout": false}
2022-11-27T04:55:04.998Z	DEBUG	replica=6	coded-hotterstuff/consensus.go:782	could not find ggparent header	{"CURRENT VIEW": 2, "view": 0, "hash": "GZWDhiYW+ib6TpJWRLDOftUd8y8ovAaEerQWDbefS7c="}
2022-11-27T04:55:04.999Z	DEBUG	replica=6	coded-hotterstuff/consensus.go:678	proposal is safe to vote on	{"CURRENT VIEW": 1, "msg": "proposal", "header view": 2, "prepare view": 0, "hash": "cPBdTa7qQJueFGrjnuqGleZwFBh/lhGAlUWBfCr3UKs=", "parent": "SKC06ZXnbItnYZVTxXLWgGtuTOc9zSoSvlJWhQRO6/8="}
Decoded original proposal, time: 2022-11-27 04:55:05.984935882 +0000 UTC m=+5.843530078 header hash: [112 240 93 77 174 234 64 155 158 20 106 227 158 234 134 149 230 112 20 24 127 150 17 128 149 69 129 124 42 247 80 171]
2022-11-27T04:55:05.984Z	DEBUG	replica=6	coded-hotterstuff/consensus.go:576	received proposal	{"CURRENT VIEW": 2, "msg": "proposal", "header view": 2, "prepare view": 1, "hash": "cPBdTa7qQJueFGrjnuqGleZwFBh/lhGAlUWBfCr3UKs=", "parent": "SKC06ZXnbItnYZVTxXLWgGtuTOc9zSoSvlJWhQRO6/8="}
2022-11-27T04:55:05.992Z	DEBUG	replica=6	coded-hotterstuff/consensus.go:782	could not find ggparent header	{"CURRENT VIEW": 2, "view": 0, "hash": "GZWDhiYW+ib6TpJWRLDOftUd8y8ovAaEerQWDbefS7c="}
replica 6 is forwarding chunk to replica 0
replica 6 is forwarding chunk to replica 1
replica 6 is forwarding chunk to replica 2
replica 6 is forwarding chunk to replica 4
replica 6 is forwarding chunk to replica 5
replica 6 is forwarding chunk to replica 7
replica 6 is forwarding chunk to replica 8
replica 6 is forwarding chunk to replica 0
replica 6 is forwarding chunk to replica 1
replica 6 is forwarding chunk to replica 2
replica 6 is forwarding chunk to replica 4
replica 6 is forwarding chunk to replica 5
replica 6 is forwarding chunk to replica 7
replica 6 is forwarding chunk to replica 8
Decoded original proposal, time: 2022-11-27 04:55:08.441216007 +0000 UTC m=+8.299810223 header hash: [112 177 115 22 63 1 229 2 188 132 41 134 91 243 148 216 155 140 26 48 57 5 100 136 252 109 95 105 67 73 234 227]
2022-11-27T04:55:08.441Z	DEBUG	replica=6	coded-hotterstuff/consensus.go:576	received proposal	{"CURRENT VIEW": 2, "msg": "proposal", "header view": 3, "prepare view": 1, "hash": "cLFzFj8B5QK8hCmGW/OU2JuMGjA5BWSI/G1faUNJ6uM=", "parent": "cPBdTa7qQJueFGrjnuqGleZwFBh/lhGAlUWBfCr3UKs="}
2022-11-27T04:55:08.449Z	DEBUG	replica=6	coded-hotterstuff/consensus.go:809	new block certified	{"CURRENT VIEW": 2, "view": 2, "hash": "cPBdTa7qQJueFGrjnuqGleZwFBh/lhGAlUWBfCr3UKs="}
2022-11-27T04:55:08.449Z	DEBUG	replica=6	coded-hotterstuff/consensus.go:520	entered new view	{"CURRENT VIEW": 3, "view timeout": 2, "timedout": false}
2022-11-27T04:55:08.449Z	DEBUG	replica=6	coded-hotterstuff/consensus.go:788	new block locked	{"CURRENT VIEW": 3, "view": 1, "hash": "SKC06ZXnbItnYZVTxXLWgGtuTOc9zSoSvlJWhQRO6/8="}
2022-11-27T04:55:08.450Z	DEBUG	replica=6	coded-hotterstuff/consensus.go:678	proposal is safe to vote on	{"CURRENT VIEW": 2, "msg": "proposal", "header view": 3, "prepare view": 1, "hash": "cLFzFj8B5QK8hCmGW/OU2JuMGjA5BWSI/G1faUNJ6uM=", "parent": "cPBdTa7qQJueFGrjnuqGleZwFBh/lhGAlUWBfCr3UKs="}
replica 6 is forwarding chunk to replica 0
replica 6 is forwarding chunk to replica 1
replica 6 is forwarding chunk to replica 2
replica 6 is forwarding chunk to replica 4
replica 6 is forwarding chunk to replica 5
replica 6 is forwarding chunk to replica 7
replica 6 is forwarding chunk to replica 8
Decoded original proposal, time: 2022-11-27 04:55:09.576374752 +0000 UTC m=+9.434968959 header hash: [112 177 115 22 63 1 229 2 188 132 41 134 91 243 148 216 155 140 26 48 57 5 100 136 252 109 95 105 67 73 234 227]
2022-11-27T04:55:09.576Z	DEBUG	replica=6	coded-hotterstuff/consensus.go:576	received proposal	{"CURRENT VIEW": 3, "msg": "proposal", "header view": 3, "prepare view": 2, "hash": "cLFzFj8B5QK8hCmGW/OU2JuMGjA5BWSI/G1faUNJ6uM=", "parent": "cPBdTa7qQJueFGrjnuqGleZwFBh/lhGAlUWBfCr3UKs="}
replica 6 is forwarding chunk to replica 0
replica 6 is forwarding chunk to replica 1
replica 6 is forwarding chunk to replica 2
replica 6 is forwarding chunk to replica 3
replica 6 is forwarding chunk to replica 5
replica 6 is forwarding chunk to replica 7
replica 6 is forwarding chunk to replica 8
Decoded original proposal, time: 2022-11-27 04:55:10.87587407 +0000 UTC m=+10.734468314 header hash: [112 177 115 22 63 1 229 2 188 132 41 134 91 243 148 216 155 140 26 48 57 5 100 136 252 109 95 105 67 73 234 227]
2022-11-27T04:55:10.875Z	DEBUG	replica=6	coded-hotterstuff/consensus.go:576	received proposal	{"CURRENT VIEW": 3, "msg": "proposal", "header view": 3, "prepare view": 2, "hash": "cLFzFj8B5QK8hCmGW/OU2JuMGjA5BWSI/G1faUNJ6uM=", "parent": "cPBdTa7qQJueFGrjnuqGleZwFBh/lhGAlUWBfCr3UKs="}
replica 6 is forwarding chunk to replica 0
replica 6 is forwarding chunk to replica 1
replica 6 is forwarding chunk to replica 2
replica 6 is forwarding chunk to replica 3
replica 6 is forwarding chunk to replica 5
replica 6 is forwarding chunk to replica 7
replica 6 is forwarding chunk to replica 8
Decoded original proposal, time: 2022-11-27 04:55:11.955015774 +0000 UTC m=+11.813609991 header hash: [241 106 152 62 46 209 156 146 237 16 116 52 193 237 0 80 85 192 166 182 15 238 2 99 236 42 182 26 232 130 25 190]
2022-11-27T04:55:11.955Z	DEBUG	replica=6	coded-hotterstuff/consensus.go:576	received proposal	{"CURRENT VIEW": 3, "msg": "proposal", "header view": 4, "prepare view": 2, "hash": "8WqYPi7RnJLtEHQ0we0AUFXAprYP7gJj7Cq2GuiCGb4=", "parent": "cLFzFj8B5QK8hCmGW/OU2JuMGjA5BWSI/G1faUNJ6uM="}
2022-11-27T04:55:11.965Z	DEBUG	replica=6	coded-hotterstuff/consensus.go:809	new block certified	{"CURRENT VIEW": 3, "view": 3, "hash": "cLFzFj8B5QK8hCmGW/OU2JuMGjA5BWSI/G1faUNJ6uM="}
2022-11-27T04:55:11.965Z	DEBUG	replica=6	coded-hotterstuff/consensus.go:520	entered new view	{"CURRENT VIEW": 4, "view timeout": 2, "timedout": false}
2022-11-27T04:55:11.965Z	DEBUG	replica=6	coded-hotterstuff/consensus.go:788	new block locked	{"CURRENT VIEW": 4, "view": 2, "hash": "cPBdTa7qQJueFGrjnuqGleZwFBh/lhGAlUWBfCr3UKs="}
2022-11-27T04:55:11.965Z	INFO	replica=6	coded-hotterstuff/consensus.go:797	new block commited	{"CURRENT VIEW": 4, "view": 1, "hash": "SKC06ZXnbItnYZVTxXLWgGtuTOc9zSoSvlJWhQRO6/8="}
2022-11-27T04:55:11.970Z	DEBUG	replica=6	coded-hotterstuff/consensus.go:678	proposal is safe to vote on	{"CURRENT VIEW": 3, "msg": "proposal", "header view": 4, "prepare view": 2, "hash": "8WqYPi7RnJLtEHQ0we0AUFXAprYP7gJj7Cq2GuiCGb4=", "parent": "cLFzFj8B5QK8hCmGW/OU2JuMGjA5BWSI/G1faUNJ6uM="}
Node  6 +1 block finalized at time:  2022-11-27 04:55:11.973239118 +0000 UTC m=+11.831833323
replica 6 is forwarding chunk to replica 0
replica 6 is forwarding chunk to replica 1
replica 6 is forwarding chunk to replica 2
replica 6 is forwarding chunk to replica 3
replica 6 is forwarding chunk to replica 5
replica 6 is forwarding chunk to replica 7
replica 6 is forwarding chunk to replica 8
Decoded original proposal, time: 2022-11-27 04:55:13.216425532 +0000 UTC m=+13.075019775 header hash: [241 106 152 62 46 209 156 146 237 16 116 52 193 237 0 80 85 192 166 182 15 238 2 99 236 42 182 26 232 130 25 190]
2022-11-27T04:55:13.216Z	DEBUG	replica=6	coded-hotterstuff/consensus.go:576	received proposal	{"CURRENT VIEW": 4, "msg": "proposal", "header view": 4, "prepare view": 3, "hash": "8WqYPi7RnJLtEHQ0we0AUFXAprYP7gJj7Cq2GuiCGb4=", "parent": "cLFzFj8B5QK8hCmGW/OU2JuMGjA5BWSI/G1faUNJ6uM="}
Decoded original proposal, time: 2022-11-27 04:55:14.187529952 +0000 UTC m=+14.046124195 header hash: [241 106 152 62 46 209 156 146 237 16 116 52 193 237 0 80 85 192 166 182 15 238 2 99 236 42 182 26 232 130 25 190]
2022-11-27T04:55:14.187Z	DEBUG	replica=6	coded-hotterstuff/consensus.go:576	received proposal	{"CURRENT VIEW": 4, "msg": "proposal", "header view": 4, "prepare view": 3, "hash": "8WqYPi7RnJLtEHQ0we0AUFXAprYP7gJj7Cq2GuiCGb4=", "parent": "cLFzFj8B5QK8hCmGW/OU2JuMGjA5BWSI/G1faUNJ6uM="}
replica 6 is forwarding chunk to replica 0
replica 6 is forwarding chunk to replica 1
replica 6 is forwarding chunk to replica 2
replica 6 is forwarding chunk to replica 3
replica 6 is forwarding chunk to replica 4
replica 6 is forwarding chunk to replica 7
replica 6 is forwarding chunk to replica 8
2022-11-27T04:55:15.279Z	DEBUG	replica=6	coded-hotterstuff/consensus.go:965	received vote	{"CURRENT VIEW": 4, "msg": "vote", "voter": 5, "view": 4, "hash": "jgrj6scOqMsv2tOI5ilebUQ0EAUbjhBGBRf6AbYZ3ZQ="}
Node  6  received vote before proposal, saving vote in pending votes, hash is  [142 10 227 234 199 14 168 203 47 218 211 136 230 41 94 109 68 52 16 5 27 142 16 70 5 23 250 1 182 25 221 148]  and string is,  5
2022-11-27T04:55:15.279Z	DEBUG	replica=6	coded-hotterstuff/consensus.go:970	Received vote before proposal, key is, 5	{"CURRENT VIEW": 4}
replica 6 is forwarding chunk to replica 0
replica 6 is forwarding chunk to replica 1
replica 6 is forwarding chunk to replica 2
replica 6 is forwarding chunk to replica 3
replica 6 is forwarding chunk to replica 4
replica 6 is forwarding chunk to replica 7
replica 6 is forwarding chunk to replica 8
Decoded original proposal, time: 2022-11-27 04:55:16.441950306 +0000 UTC m=+16.300544559 header hash: [142 10 227 234 199 14 168 203 47 218 211 136 230 41 94 109 68 52 16 5 27 142 16 70 5 23 250 1 182 25 221 148]
2022-11-27T04:55:16.441Z	DEBUG	replica=6	coded-hotterstuff/consensus.go:576	received proposal	{"CURRENT VIEW": 4, "msg": "proposal", "header view": 5, "prepare view": 3, "hash": "jgrj6scOqMsv2tOI5ilebUQ0EAUbjhBGBRf6AbYZ3ZQ=", "parent": "8WqYPi7RnJLtEHQ0we0AUFXAprYP7gJj7Cq2GuiCGb4="}
2022-11-27T04:55:16.458Z	DEBUG	replica=6	coded-hotterstuff/consensus.go:809	new block certified	{"CURRENT VIEW": 4, "view": 4, "hash": "8WqYPi7RnJLtEHQ0we0AUFXAprYP7gJj7Cq2GuiCGb4="}
2022-11-27T04:55:16.458Z	DEBUG	replica=6	coded-hotterstuff/consensus.go:520	entered new view	{"CURRENT VIEW": 5, "view timeout": 2, "timedout": false}
2022-11-27T04:55:16.458Z	DEBUG	replica=6	coded-hotterstuff/consensus.go:535	replica is a leader for next view. collecting new-view messages	{"CURRENT VIEW": 5}
2022-11-27T04:55:16.458Z	DEBUG	replica=6	coded-hotterstuff/consensus.go:788	new block locked	{"CURRENT VIEW": 5, "view": 3, "hash": "cLFzFj8B5QK8hCmGW/OU2JuMGjA5BWSI/G1faUNJ6uM="}
2022-11-27T04:55:16.458Z	INFO	replica=6	coded-hotterstuff/consensus.go:797	new block commited	{"CURRENT VIEW": 5, "view": 2, "hash": "cPBdTa7qQJueFGrjnuqGleZwFBh/lhGAlUWBfCr3UKs="}
2022-11-27T04:55:16.459Z	DEBUG	replica=6	coded-hotterstuff/consensus.go:678	proposal is safe to vote on	{"CURRENT VIEW": 4, "msg": "proposal", "header view": 5, "prepare view": 3, "hash": "jgrj6scOqMsv2tOI5ilebUQ0EAUbjhBGBRf6AbYZ3ZQ=", "parent": "8WqYPi7RnJLtEHQ0we0AUFXAprYP7gJj7Cq2GuiCGb4="}
2022-11-27T04:55:16.459Z	DEBUG	replica=6	coded-hotterstuff/consensus.go:758	Taking care of pending vote 5	{"CURRENT VIEW": 5}
2022-11-27T04:55:16.459Z	DEBUG	replica=6	coded-hotterstuff/consensus.go:965	received vote	{"CURRENT VIEW": 5, "msg": "vote", "voter": 5, "view": 5, "hash": "jgrj6scOqMsv2tOI5ilebUQ0EAUbjhBGBRf6AbYZ3ZQ="}
2022-11-27T04:55:16.467Z	DEBUG	replica=6	coded-hotterstuff/consensus.go:965	received vote	{"CURRENT VIEW": 5, "msg": "vote", "voter": 6, "view": 5, "hash": "jgrj6scOqMsv2tOI5ilebUQ0EAUbjhBGBRf6AbYZ3ZQ="}
Node  6 +1 block finalized at time:  2022-11-27 04:55:16.472854542 +0000 UTC m=+16.331448728
2022-11-27T04:55:16.501Z	DEBUG	replica=6	coded-hotterstuff/consensus.go:965	received vote	{"CURRENT VIEW": 5, "msg": "vote", "voter": 1, "view": 5, "hash": "jgrj6scOqMsv2tOI5ilebUQ0EAUbjhBGBRf6AbYZ3ZQ="}
2022-11-27T04:55:16.507Z	DEBUG	replica=6	coded-hotterstuff/consensus.go:965	received vote	{"CURRENT VIEW": 5, "msg": "vote", "voter": 7, "view": 5, "hash": "jgrj6scOqMsv2tOI5ilebUQ0EAUbjhBGBRf6AbYZ3ZQ="}
2022-11-27T04:55:16.512Z	DEBUG	replica=6	coded-hotterstuff/consensus.go:965	received vote	{"CURRENT VIEW": 5, "msg": "vote", "voter": 8, "view": 5, "hash": "jgrj6scOqMsv2tOI5ilebUQ0EAUbjhBGBRf6AbYZ3ZQ="}
2022-11-27T04:55:16.604Z	DEBUG	replica=6	coded-hotterstuff/consensus.go:965	received vote	{"CURRENT VIEW": 5, "msg": "vote", "voter": 3, "view": 5, "hash": "jgrj6scOqMsv2tOI5ilebUQ0EAUbjhBGBRf6AbYZ3ZQ="}
2022-11-27T04:55:16.623Z	DEBUG	replica=6	coded-hotterstuff/consensus.go:965	received vote	{"CURRENT VIEW": 5, "msg": "vote", "voter": 2, "view": 5, "hash": "jgrj6scOqMsv2tOI5ilebUQ0EAUbjhBGBRf6AbYZ3ZQ="}
2022-11-27T04:55:16.630Z	DEBUG	replica=6	coded-hotterstuff/consensus.go:809	new block certified	{"CURRENT VIEW": 5, "view": 5, "hash": "jgrj6scOqMsv2tOI5ilebUQ0EAUbjhBGBRf6AbYZ3ZQ="}
2022-11-27T04:55:16.630Z	DEBUG	replica=6	coded-hotterstuff/consensus.go:520	entered new view	{"CURRENT VIEW": 6, "view timeout": 2, "timedout": false}
2022-11-27T04:55:16.630Z	DEBUG	replica=6	coded-hotterstuff/consensus.go:544	replica is a leader for this view. waiting for data	{"CURRENT VIEW": 6}
2022-11-27T04:55:16.630Z	DEBUG	replica=6	coded-hotterstuff/consensus.go:520	entered new view	{"CURRENT VIEW": 6, "view timeout": 2, "timedout": false}
2022-11-27T04:55:16.630Z	DEBUG	replica=6	coded-hotterstuff/consensus.go:544	replica is a leader for this view. waiting for data	{"CURRENT VIEW": 6}
2022-11-27T04:55:16.633Z	DEBUG	replica=6	coded-hotterstuff/consensus.go:238	sending proposal	{"CURRENT VIEW": 6, "hash": "kFp8+So3McG2yp/crA+UXLJ7e1+L/NadJHrbEZU+si4=", "parent": "jgrj6scOqMsv2tOI5ilebUQ0EAUbjhBGBRf6AbYZ3ZQ=", "signer": 6}
2022-11-27T04:55:16.634Z	DEBUG	replica=6	coded-hotterstuff/consensus.go:576	received proposal	{"CURRENT VIEW": 6, "msg": "proposal", "header view": 6, "prepare view": 5, "hash": "kFp8+So3McG2yp/crA+UXLJ7e1+L/NadJHrbEZU+si4=", "parent": "jgrj6scOqMsv2tOI5ilebUQ0EAUbjhBGBRf6AbYZ3ZQ="}
2022-11-27T04:55:16.642Z	DEBUG	replica=6	coded-hotterstuff/consensus.go:788	new block locked	{"CURRENT VIEW": 6, "view": 4, "hash": "8WqYPi7RnJLtEHQ0we0AUFXAprYP7gJj7Cq2GuiCGb4="}
2022-11-27T04:55:16.642Z	INFO	replica=6	coded-hotterstuff/consensus.go:797	new block commited	{"CURRENT VIEW": 6, "view": 3, "hash": "cLFzFj8B5QK8hCmGW/OU2JuMGjA5BWSI/G1faUNJ6uM="}
2022-11-27T04:55:16.644Z	DEBUG	replica=6	coded-hotterstuff/consensus.go:678	proposal is safe to vote on	{"CURRENT VIEW": 6, "msg": "proposal", "header view": 6, "prepare view": 5, "hash": "kFp8+So3McG2yp/crA+UXLJ7e1+L/NadJHrbEZU+si4=", "parent": "jgrj6scOqMsv2tOI5ilebUQ0EAUbjhBGBRf6AbYZ3ZQ="}
Node  6 +1 block finalized at time:  2022-11-27 04:55:16.647410435 +0000 UTC m=+16.506004633
replica 6 is forwarding chunk to replica 0
replica 6 is forwarding chunk to replica 1
replica 6 is forwarding chunk to replica 2
replica 6 is forwarding chunk to replica 3
replica 6 is forwarding chunk to replica 4
replica 6 is forwarding chunk to replica 7
replica 6 is forwarding chunk to replica 8
2022-11-27T04:55:17.461Z	DEBUG	replica=6	coded-hotterstuff/consensus.go:965	received vote	{"CURRENT VIEW": 6, "msg": "vote", "voter": 0, "view": 6, "hash": "jgrj6scOqMsv2tOI5ilebUQ0EAUbjhBGBRf6AbYZ3ZQ="}
2022-11-27T04:55:17.467Z	DEBUG	replica=6	coded-hotterstuff/consensus.go:520	entered new view	{"CURRENT VIEW": 6, "view timeout": 2, "timedout": false}
2022-11-27T04:55:17.467Z	DEBUG	replica=6	coded-hotterstuff/consensus.go:544	replica is a leader for this view. waiting for data	{"CURRENT VIEW": 6}
2022-11-27T04:55:17.471Z	DEBUG	replica=6	coded-hotterstuff/consensus.go:238	sending proposal	{"CURRENT VIEW": 6, "hash": "kFp8+So3McG2yp/crA+UXLJ7e1+L/NadJHrbEZU+si4=", "parent": "jgrj6scOqMsv2tOI5ilebUQ0EAUbjhBGBRf6AbYZ3ZQ=", "signer": 6}
2022-11-27T04:55:17.472Z	DEBUG	replica=6	coded-hotterstuff/consensus.go:576	received proposal	{"CURRENT VIEW": 6, "msg": "proposal", "header view": 6, "prepare view": 5, "hash": "kFp8+So3McG2yp/crA+UXLJ7e1+L/NadJHrbEZU+si4=", "parent": "jgrj6scOqMsv2tOI5ilebUQ0EAUbjhBGBRf6AbYZ3ZQ="}
2022-11-27T04:55:17.543Z	DEBUG	replica=6	coded-hotterstuff/consensus.go:965	received vote	{"CURRENT VIEW": 6, "msg": "vote", "voter": 4, "view": 6, "hash": "jgrj6scOqMsv2tOI5ilebUQ0EAUbjhBGBRf6AbYZ3ZQ="}
2022-11-27T04:55:17.549Z	DEBUG	replica=6	coded-hotterstuff/consensus.go:520	entered new view	{"CURRENT VIEW": 6, "view timeout": 2, "timedout": false}
2022-11-27T04:55:17.549Z	DEBUG	replica=6	coded-hotterstuff/consensus.go:544	replica is a leader for this view. waiting for data	{"CURRENT VIEW": 6}
2022-11-27T04:55:17.552Z	DEBUG	replica=6	coded-hotterstuff/consensus.go:238	sending proposal	{"CURRENT VIEW": 6, "hash": "kFp8+So3McG2yp/crA+UXLJ7e1+L/NadJHrbEZU+si4=", "parent": "jgrj6scOqMsv2tOI5ilebUQ0EAUbjhBGBRf6AbYZ3ZQ=", "signer": 6}
2022-11-27T04:55:17.553Z	DEBUG	replica=6	coded-hotterstuff/consensus.go:576	received proposal	{"CURRENT VIEW": 6, "msg": "proposal", "header view": 6, "prepare view": 5, "hash": "kFp8+So3McG2yp/crA+UXLJ7e1+L/NadJHrbEZU+si4=", "parent": "jgrj6scOqMsv2tOI5ilebUQ0EAUbjhBGBRf6AbYZ3ZQ="}
Decoded original proposal, time: 2022-11-27 04:55:17.564371292 +0000 UTC m=+17.422965539 header hash: [142 10 227 234 199 14 168 203 47 218 211 136 230 41 94 109 68 52 16 5 27 142 16 70 5 23 250 1 182 25 221 148]
2022-11-27T04:55:17.564Z	DEBUG	replica=6	coded-hotterstuff/consensus.go:576	received proposal	{"CURRENT VIEW": 6, "msg": "proposal", "header view": 5, "prepare view": 5, "hash": "jgrj6scOqMsv2tOI5ilebUQ0EAUbjhBGBRf6AbYZ3ZQ=", "parent": "8WqYPi7RnJLtEHQ0we0AUFXAprYP7gJj7Cq2GuiCGb4="}
2022-11-27T04:55:17.575Z	DEBUG	replica=6	coded-hotterstuff/consensus.go:667	proposal view doesn't match local view	{"CURRENT VIEW": 6, "msg": "proposal", "header view": 5, "prepare view": 5, "hash": "jgrj6scOqMsv2tOI5ilebUQ0EAUbjhBGBRf6AbYZ3ZQ=", "parent": "8WqYPi7RnJLtEHQ0we0AUFXAprYP7gJj7Cq2GuiCGb4="}
Decoded original proposal, time: 2022-11-27 04:55:18.801066202 +0000 UTC m=+18.659660407 header hash: [142 10 227 234 199 14 168 203 47 218 211 136 230 41 94 109 68 52 16 5 27 142 16 70 5 23 250 1 182 25 221 148]
2022-11-27T04:55:18.801Z	DEBUG	replica=6	coded-hotterstuff/consensus.go:576	received proposal	{"CURRENT VIEW": 6, "msg": "proposal", "header view": 5, "prepare view": 5, "hash": "jgrj6scOqMsv2tOI5ilebUQ0EAUbjhBGBRf6AbYZ3ZQ=", "parent": "8WqYPi7RnJLtEHQ0we0AUFXAprYP7gJj7Cq2GuiCGb4="}
2022-11-27T04:55:18.810Z	DEBUG	replica=6	coded-hotterstuff/consensus.go:667	proposal view doesn't match local view	{"CURRENT VIEW": 6, "msg": "proposal", "header view": 5, "prepare view": 5, "hash": "jgrj6scOqMsv2tOI5ilebUQ0EAUbjhBGBRf6AbYZ3ZQ=", "parent": "8WqYPi7RnJLtEHQ0we0AUFXAprYP7gJj7Cq2GuiCGb4="}
replica 6 is forwarding chunk to replica 0
replica 6 is forwarding chunk to replica 1
replica 6 is forwarding chunk to replica 2
replica 6 is forwarding chunk to replica 3
replica 6 is forwarding chunk to replica 4
replica 6 is forwarding chunk to replica 5
replica 6 is forwarding chunk to replica 8
Decoded original proposal, time: 2022-11-27 04:55:22.563253759 +0000 UTC m=+22.421848007 header hash: [82 186 70 5 171 170 163 31 242 237 216 214 91 95 174 96 9 56 150 120 198 10 139 98 230 188 67 131 78 157 60 15]
2022-11-27T04:55:22.563Z	DEBUG	replica=6	coded-hotterstuff/consensus.go:576	received proposal	{"CURRENT VIEW": 6, "msg": "proposal", "header view": 7, "prepare view": 5, "hash": "UrpGBauqox/y7djWW1+uYAk4lnjGCoti5rxDg06dPA8=", "parent": "kFp8+So3McG2yp/crA+UXLJ7e1+L/NadJHrbEZU+si4="}
2022-11-27T04:55:22.571Z	DEBUG	replica=6	coded-hotterstuff/consensus.go:809	new block certified	{"CURRENT VIEW": 6, "view": 6, "hash": "kFp8+So3McG2yp/crA+UXLJ7e1+L/NadJHrbEZU+si4="}
2022-11-27T04:55:22.571Z	DEBUG	replica=6	coded-hotterstuff/consensus.go:520	entered new view	{"CURRENT VIEW": 7, "view timeout": 2, "timedout": false}
2022-11-27T04:55:22.571Z	DEBUG	replica=6	coded-hotterstuff/consensus.go:788	new block locked	{"CURRENT VIEW": 7, "view": 5, "hash": "jgrj6scOqMsv2tOI5ilebUQ0EAUbjhBGBRf6AbYZ3ZQ="}
2022-11-27T04:55:22.571Z	INFO	replica=6	coded-hotterstuff/consensus.go:797	new block commited	{"CURRENT VIEW": 7, "view": 4, "hash": "8WqYPi7RnJLtEHQ0we0AUFXAprYP7gJj7Cq2GuiCGb4="}
2022-11-27T04:55:22.572Z	DEBUG	replica=6	coded-hotterstuff/consensus.go:678	proposal is safe to vote on	{"CURRENT VIEW": 6, "msg": "proposal", "header view": 7, "prepare view": 5, "hash": "UrpGBauqox/y7djWW1+uYAk4lnjGCoti5rxDg06dPA8=", "parent": "kFp8+So3McG2yp/crA+UXLJ7e1+L/NadJHrbEZU+si4="}
Node  6 +1 block finalized at time:  2022-11-27 04:55:22.57465555 +0000 UTC m=+22.433249735
replica 6 is forwarding chunk to replica 0
replica 6 is forwarding chunk to replica 1
replica 6 is forwarding chunk to replica 2
replica 6 is forwarding chunk to replica 3
replica 6 is forwarding chunk to replica 4
replica 6 is forwarding chunk to replica 5
replica 6 is forwarding chunk to replica 8
Decoded original proposal, time: 2022-11-27 04:55:23.758394737 +0000 UTC m=+23.616988982 header hash: [82 186 70 5 171 170 163 31 242 237 216 214 91 95 174 96 9 56 150 120 198 10 139 98 230 188 67 131 78 157 60 15]
2022-11-27T04:55:23.758Z	DEBUG	replica=6	coded-hotterstuff/consensus.go:576	received proposal	{"CURRENT VIEW": 7, "msg": "proposal", "header view": 7, "prepare view": 6, "hash": "UrpGBauqox/y7djWW1+uYAk4lnjGCoti5rxDg06dPA8=", "parent": "kFp8+So3McG2yp/crA+UXLJ7e1+L/NadJHrbEZU+si4="}
Decoded original proposal, time: 2022-11-27 04:55:24.886854496 +0000 UTC m=+24.745448740 header hash: [82 186 70 5 171 170 163 31 242 237 216 214 91 95 174 96 9 56 150 120 198 10 139 98 230 188 67 131 78 157 60 15]
2022-11-27T04:55:24.886Z	DEBUG	replica=6	coded-hotterstuff/consensus.go:576	received proposal	{"CURRENT VIEW": 7, "msg": "proposal", "header view": 7, "prepare view": 6, "hash": "UrpGBauqox/y7djWW1+uYAk4lnjGCoti5rxDg06dPA8=", "parent": "kFp8+So3McG2yp/crA+UXLJ7e1+L/NadJHrbEZU+si4="}
replica 6 is forwarding chunk to replica 0
replica 6 is forwarding chunk to replica 1
replica 6 is forwarding chunk to replica 2
replica 6 is forwarding chunk to replica 3
replica 6 is forwarding chunk to replica 4
replica 6 is forwarding chunk to replica 5
replica 6 is forwarding chunk to replica 8
replica 6 is forwarding chunk to replica 0
replica 6 is forwarding chunk to replica 1
replica 6 is forwarding chunk to replica 2
replica 6 is forwarding chunk to replica 3
replica 6 is forwarding chunk to replica 4
replica 6 is forwarding chunk to replica 5
replica 6 is forwarding chunk to replica 7
replica 6 is forwarding chunk to replica 0
replica 6 is forwarding chunk to replica 1
replica 6 is forwarding chunk to replica 2
replica 6 is forwarding chunk to replica 3
replica 6 is forwarding chunk to replica 4
replica 6 is forwarding chunk to replica 5
replica 6 is forwarding chunk to replica 7
replica 6 is forwarding chunk to replica 0
replica 6 is forwarding chunk to replica 1
replica 6 is forwarding chunk to replica 2
replica 6 is forwarding chunk to replica 3
replica 6 is forwarding chunk to replica 4
replica 6 is forwarding chunk to replica 5
replica 6 is forwarding chunk to replica 7
Decoded original proposal, time: 2022-11-27 04:55:29.011249836 +0000 UTC m=+28.869844041 header hash: [9 212 205 28 110 251 47 242 141 111 167 241 108 89 12 35 155 222 125 75 78 184 7 35 235 24 77 74 102 255 131 11]
2022-11-27T04:55:29.011Z	DEBUG	replica=6	coded-hotterstuff/consensus.go:576	received proposal	{"CURRENT VIEW": 7, "msg": "proposal", "header view": 8, "prepare view": 6, "hash": "CdTNHG77L/KNb6fxbFkMI5vefUtOuAcj6xhNSmb/gws=", "parent": "UrpGBauqox/y7djWW1+uYAk4lnjGCoti5rxDg06dPA8="}
2022-11-27T04:55:29.021Z	DEBUG	replica=6	coded-hotterstuff/consensus.go:809	new block certified	{"CURRENT VIEW": 7, "view": 7, "hash": "UrpGBauqox/y7djWW1+uYAk4lnjGCoti5rxDg06dPA8="}
2022-11-27T04:55:29.021Z	DEBUG	replica=6	coded-hotterstuff/consensus.go:520	entered new view	{"CURRENT VIEW": 8, "view timeout": 2, "timedout": false}
2022-11-27T04:55:29.021Z	DEBUG	replica=6	coded-hotterstuff/consensus.go:788	new block locked	{"CURRENT VIEW": 8, "view": 6, "hash": "kFp8+So3McG2yp/crA+UXLJ7e1+L/NadJHrbEZU+si4="}
2022-11-27T04:55:29.021Z	INFO	replica=6	coded-hotterstuff/consensus.go:797	new block commited	{"CURRENT VIEW": 8, "view": 5, "hash": "jgrj6scOqMsv2tOI5ilebUQ0EAUbjhBGBRf6AbYZ3ZQ="}
2022-11-27T04:55:29.022Z	DEBUG	replica=6	coded-hotterstuff/consensus.go:678	proposal is safe to vote on	{"CURRENT VIEW": 7, "msg": "proposal", "header view": 8, "prepare view": 6, "hash": "CdTNHG77L/KNb6fxbFkMI5vefUtOuAcj6xhNSmb/gws=", "parent": "UrpGBauqox/y7djWW1+uYAk4lnjGCoti5rxDg06dPA8="}
Node  6 +1 block finalized at time:  2022-11-27 04:55:29.026629104 +0000 UTC m=+28.885223313
Decoded original proposal, time: 2022-11-27 04:55:30.167708903 +0000 UTC m=+30.026303156 header hash: [9 212 205 28 110 251 47 242 141 111 167 241 108 89 12 35 155 222 125 75 78 184 7 35 235 24 77 74 102 255 131 11]
2022-11-27T04:55:30.167Z	DEBUG	replica=6	coded-hotterstuff/consensus.go:576	received proposal	{"CURRENT VIEW": 8, "msg": "proposal", "header view": 8, "prepare view": 7, "hash": "CdTNHG77L/KNb6fxbFkMI5vefUtOuAcj6xhNSmb/gws=", "parent": "UrpGBauqox/y7djWW1+uYAk4lnjGCoti5rxDg06dPA8="}
Decoded original proposal, time: 2022-11-27 04:55:30.927885393 +0000 UTC m=+30.786479637 header hash: [9 212 205 28 110 251 47 242 141 111 167 241 108 89 12 35 155 222 125 75 78 184 7 35 235 24 77 74 102 255 131 11]
2022-11-27T04:55:30.927Z	DEBUG	replica=6	coded-hotterstuff/consensus.go:576	received proposal	{"CURRENT VIEW": 8, "msg": "proposal", "header view": 8, "prepare view": 7, "hash": "CdTNHG77L/KNb6fxbFkMI5vefUtOuAcj6xhNSmb/gws=", "parent": "UrpGBauqox/y7djWW1+uYAk4lnjGCoti5rxDg06dPA8="}
replica 6 is forwarding chunk to replica 1
replica 6 is forwarding chunk to replica 2
replica 6 is forwarding chunk to replica 3
replica 6 is forwarding chunk to replica 4
replica 6 is forwarding chunk to replica 5
replica 6 is forwarding chunk to replica 7
replica 6 is forwarding chunk to replica 8
Decoded original proposal, time: 2022-11-27 04:55:33.736202309 +0000 UTC m=+33.594796552 header hash: [75 152 239 23 193 229 152 187 193 198 49 17 94 0 66 98 109 76 252 99 208 6 227 177 121 255 81 193 174 84 93 16]
2022-11-27T04:55:33.736Z	DEBUG	replica=6	coded-hotterstuff/consensus.go:576	received proposal	{"CURRENT VIEW": 8, "msg": "proposal", "header view": 9, "prepare view": 7, "hash": "S5jvF8HlmLvBxjERXgBCYm1M/GPQBuOxef9Rwa5UXRA=", "parent": "CdTNHG77L/KNb6fxbFkMI5vefUtOuAcj6xhNSmb/gws="}
2022-11-27T04:55:33.743Z	DEBUG	replica=6	coded-hotterstuff/consensus.go:809	new block certified	{"CURRENT VIEW": 8, "view": 8, "hash": "CdTNHG77L/KNb6fxbFkMI5vefUtOuAcj6xhNSmb/gws="}
2022-11-27T04:55:33.743Z	DEBUG	replica=6	coded-hotterstuff/consensus.go:520	entered new view	{"CURRENT VIEW": 9, "view timeout": 2, "timedout": false}
2022-11-27T04:55:33.743Z	DEBUG	replica=6	coded-hotterstuff/consensus.go:788	new block locked	{"CURRENT VIEW": 9, "view": 7, "hash": "UrpGBauqox/y7djWW1+uYAk4lnjGCoti5rxDg06dPA8="}
2022-11-27T04:55:33.743Z	INFO	replica=6	coded-hotterstuff/consensus.go:797	new block commited	{"CURRENT VIEW": 9, "view": 6, "hash": "kFp8+So3McG2yp/crA+UXLJ7e1+L/NadJHrbEZU+si4="}
2022-11-27T04:55:33.744Z	DEBUG	replica=6	coded-hotterstuff/consensus.go:678	proposal is safe to vote on	{"CURRENT VIEW": 8, "msg": "proposal", "header view": 9, "prepare view": 7, "hash": "S5jvF8HlmLvBxjERXgBCYm1M/GPQBuOxef9Rwa5UXRA=", "parent": "CdTNHG77L/KNb6fxbFkMI5vefUtOuAcj6xhNSmb/gws="}
Node  6 +1 block finalized at time:  2022-11-27 04:55:33.74663897 +0000 UTC m=+33.605233153
replica 6 is forwarding chunk to replica 1
replica 6 is forwarding chunk to replica 2
replica 6 is forwarding chunk to replica 3
replica 6 is forwarding chunk to replica 4
replica 6 is forwarding chunk to replica 5
replica 6 is forwarding chunk to replica 7
replica 6 is forwarding chunk to replica 8
replica 6 is forwarding chunk to replica 1
replica 6 is forwarding chunk to replica 2
replica 6 is forwarding chunk to replica 3
replica 6 is forwarding chunk to replica 4
replica 6 is forwarding chunk to replica 5
replica 6 is forwarding chunk to replica 7
replica 6 is forwarding chunk to replica 8
Decoded original proposal, time: 2022-11-27 04:55:34.878817874 +0000 UTC m=+34.737412070 header hash: [75 152 239 23 193 229 152 187 193 198 49 17 94 0 66 98 109 76 252 99 208 6 227 177 121 255 81 193 174 84 93 16]
2022-11-27T04:55:34.878Z	DEBUG	replica=6	coded-hotterstuff/consensus.go:576	received proposal	{"CURRENT VIEW": 9, "msg": "proposal", "header view": 9, "prepare view": 8, "hash": "S5jvF8HlmLvBxjERXgBCYm1M/GPQBuOxef9Rwa5UXRA=", "parent": "CdTNHG77L/KNb6fxbFkMI5vefUtOuAcj6xhNSmb/gws="}
Decoded original proposal, time: 2022-11-27 04:55:35.8040476 +0000 UTC m=+35.662641845 header hash: [75 152 239 23 193 229 152 187 193 198 49 17 94 0 66 98 109 76 252 99 208 6 227 177 121 255 81 193 174 84 93 16]
2022-11-27T04:55:35.804Z	DEBUG	replica=6	coded-hotterstuff/consensus.go:576	received proposal	{"CURRENT VIEW": 9, "msg": "proposal", "header view": 9, "prepare view": 8, "hash": "S5jvF8HlmLvBxjERXgBCYm1M/GPQBuOxef9Rwa5UXRA=", "parent": "CdTNHG77L/KNb6fxbFkMI5vefUtOuAcj6xhNSmb/gws="}
replica 6 is forwarding chunk to replica 0
replica 6 is forwarding chunk to replica 2
replica 6 is forwarding chunk to replica 3
replica 6 is forwarding chunk to replica 4
replica 6 is forwarding chunk to replica 5
replica 6 is forwarding chunk to replica 7
replica 6 is forwarding chunk to replica 8
Decoded original proposal, time: 2022-11-27 04:55:37.605315274 +0000 UTC m=+37.463909477 header hash: [27 41 162 234 216 56 3 146 217 203 198 162 48 110 164 219 109 81 22 147 45 180 199 35 245 217 107 204 240 129 84 110]
2022-11-27T04:55:37.605Z	DEBUG	replica=6	coded-hotterstuff/consensus.go:576	received proposal	{"CURRENT VIEW": 9, "msg": "proposal", "header view": 10, "prepare view": 8, "hash": "Gymi6tg4A5LZy8aiMG6k221RFpMttMcj9dlrzPCBVG4=", "parent": "S5jvF8HlmLvBxjERXgBCYm1M/GPQBuOxef9Rwa5UXRA="}
2022-11-27T04:55:37.613Z	DEBUG	replica=6	coded-hotterstuff/consensus.go:809	new block certified	{"CURRENT VIEW": 9, "view": 9, "hash": "S5jvF8HlmLvBxjERXgBCYm1M/GPQBuOxef9Rwa5UXRA="}
2022-11-27T04:55:37.613Z	DEBUG	replica=6	coded-hotterstuff/consensus.go:520	entered new view	{"CURRENT VIEW": 10, "view timeout": 2, "timedout": false}
2022-11-27T04:55:37.613Z	DEBUG	replica=6	coded-hotterstuff/consensus.go:788	new block locked	{"CURRENT VIEW": 10, "view": 8, "hash": "CdTNHG77L/KNb6fxbFkMI5vefUtOuAcj6xhNSmb/gws="}
2022-11-27T04:55:37.613Z	INFO	replica=6	coded-hotterstuff/consensus.go:797	new block commited	{"CURRENT VIEW": 10, "view": 7, "hash": "UrpGBauqox/y7djWW1+uYAk4lnjGCoti5rxDg06dPA8="}
2022-11-27T04:55:37.615Z	DEBUG	replica=6	coded-hotterstuff/consensus.go:678	proposal is safe to vote on	{"CURRENT VIEW": 9, "msg": "proposal", "header view": 10, "prepare view": 8, "hash": "Gymi6tg4A5LZy8aiMG6k221RFpMttMcj9dlrzPCBVG4=", "parent": "S5jvF8HlmLvBxjERXgBCYm1M/GPQBuOxef9Rwa5UXRA="}
Node  6 +1 block finalized at time:  2022-11-27 04:55:37.618370474 +0000 UTC m=+37.476964663
replica 6 is forwarding chunk to replica 0
replica 6 is forwarding chunk to replica 2
replica 6 is forwarding chunk to replica 3
replica 6 is forwarding chunk to replica 4
replica 6 is forwarding chunk to replica 5
replica 6 is forwarding chunk to replica 7
replica 6 is forwarding chunk to replica 8
Decoded original proposal, time: 2022-11-27 04:55:38.947097398 +0000 UTC m=+38.805691643 header hash: [27 41 162 234 216 56 3 146 217 203 198 162 48 110 164 219 109 81 22 147 45 180 199 35 245 217 107 204 240 129 84 110]
2022-11-27T04:55:38.947Z	DEBUG	replica=6	coded-hotterstuff/consensus.go:576	received proposal	{"CURRENT VIEW": 10, "msg": "proposal", "header view": 10, "prepare view": 9, "hash": "Gymi6tg4A5LZy8aiMG6k221RFpMttMcj9dlrzPCBVG4=", "parent": "S5jvF8HlmLvBxjERXgBCYm1M/GPQBuOxef9Rwa5UXRA="}
replica 6 is forwarding chunk to replica 0
replica 6 is forwarding chunk to replica 2
replica 6 is forwarding chunk to replica 3
replica 6 is forwarding chunk to replica 4
replica 6 is forwarding chunk to replica 5
replica 6 is forwarding chunk to replica 7
replica 6 is forwarding chunk to replica 8
Decoded original proposal, time: 2022-11-27 04:55:40.122129489 +0000 UTC m=+39.980723733 header hash: [27 41 162 234 216 56 3 146 217 203 198 162 48 110 164 219 109 81 22 147 45 180 199 35 245 217 107 204 240 129 84 110]
2022-11-27T04:55:40.122Z	DEBUG	replica=6	coded-hotterstuff/consensus.go:576	received proposal	{"CURRENT VIEW": 10, "msg": "proposal", "header view": 10, "prepare view": 9, "hash": "Gymi6tg4A5LZy8aiMG6k221RFpMttMcj9dlrzPCBVG4=", "parent": "S5jvF8HlmLvBxjERXgBCYm1M/GPQBuOxef9Rwa5UXRA="}
replica 6 is forwarding chunk to replica 0
replica 6 is forwarding chunk to replica 1
replica 6 is forwarding chunk to replica 3
replica 6 is forwarding chunk to replica 4
replica 6 is forwarding chunk to replica 5
replica 6 is forwarding chunk to replica 7
replica 6 is forwarding chunk to replica 8
Decoded original proposal, time: 2022-11-27 04:55:41.52093309 +0000 UTC m=+41.379527358 header hash: [36 112 202 110 235 231 254 169 68 108 200 133 25 89 215 19 188 251 85 241 73 155 115 67 11 176 16 17 106 100 183 124]
2022-11-27T04:55:41.520Z	DEBUG	replica=6	coded-hotterstuff/consensus.go:576	received proposal	{"CURRENT VIEW": 10, "msg": "proposal", "header view": 11, "prepare view": 9, "hash": "JHDKbuvn/qlEbMiFGVnXE7z7VfFJm3NDC7AQEWpkt3w=", "parent": "Gymi6tg4A5LZy8aiMG6k221RFpMttMcj9dlrzPCBVG4="}
2022-11-27T04:55:41.529Z	DEBUG	replica=6	coded-hotterstuff/consensus.go:809	new block certified	{"CURRENT VIEW": 10, "view": 10, "hash": "Gymi6tg4A5LZy8aiMG6k221RFpMttMcj9dlrzPCBVG4="}
2022-11-27T04:55:41.529Z	DEBUG	replica=6	coded-hotterstuff/consensus.go:520	entered new view	{"CURRENT VIEW": 11, "view timeout": 2, "timedout": false}
2022-11-27T04:55:41.529Z	DEBUG	replica=6	coded-hotterstuff/consensus.go:788	new block locked	{"CURRENT VIEW": 11, "view": 9, "hash": "S5jvF8HlmLvBxjERXgBCYm1M/GPQBuOxef9Rwa5UXRA="}
2022-11-27T04:55:41.529Z	INFO	replica=6	coded-hotterstuff/consensus.go:797	new block commited	{"CURRENT VIEW": 11, "view": 8, "hash": "CdTNHG77L/KNb6fxbFkMI5vefUtOuAcj6xhNSmb/gws="}
2022-11-27T04:55:41.530Z	DEBUG	replica=6	coded-hotterstuff/consensus.go:678	proposal is safe to vote on	{"CURRENT VIEW": 10, "msg": "proposal", "header view": 11, "prepare view": 9, "hash": "JHDKbuvn/qlEbMiFGVnXE7z7VfFJm3NDC7AQEWpkt3w=", "parent": "Gymi6tg4A5LZy8aiMG6k221RFpMttMcj9dlrzPCBVG4="}
Node  6 +1 block finalized at time:  2022-11-27 04:55:41.532643792 +0000 UTC m=+41.391237987
replica 6 is forwarding chunk to replica 0
replica 6 is forwarding chunk to replica 1
replica 6 is forwarding chunk to replica 3
replica 6 is forwarding chunk to replica 4
replica 6 is forwarding chunk to replica 5
replica 6 is forwarding chunk to replica 7
replica 6 is forwarding chunk to replica 8
Decoded original proposal, time: 2022-11-27 04:55:42.842800117 +0000 UTC m=+42.701394364 header hash: [36 112 202 110 235 231 254 169 68 108 200 133 25 89 215 19 188 251 85 241 73 155 115 67 11 176 16 17 106 100 183 124]
2022-11-27T04:55:42.842Z	DEBUG	replica=6	coded-hotterstuff/consensus.go:576	received proposal	{"CURRENT VIEW": 11, "msg": "proposal", "header view": 11, "prepare view": 10, "hash": "JHDKbuvn/qlEbMiFGVnXE7z7VfFJm3NDC7AQEWpkt3w=", "parent": "Gymi6tg4A5LZy8aiMG6k221RFpMttMcj9dlrzPCBVG4="}
replica 6 is forwarding chunk to replica 0
replica 6 is forwarding chunk to replica 1
replica 6 is forwarding chunk to replica 3
replica 6 is forwarding chunk to replica 4
replica 6 is forwarding chunk to replica 5
replica 6 is forwarding chunk to replica 7
replica 6 is forwarding chunk to replica 8
replica 6 is forwarding chunk to replica 0
replica 6 is forwarding chunk to replica 1
replica 6 is forwarding chunk to replica 2
replica 6 is forwarding chunk to replica 4
replica 6 is forwarding chunk to replica 5
replica 6 is forwarding chunk to replica 7
replica 6 is forwarding chunk to replica 8
Decoded original proposal, time: 2022-11-27 04:55:44.645145079 +0000 UTC m=+44.503739275 header hash: [36 112 202 110 235 231 254 169 68 108 200 133 25 89 215 19 188 251 85 241 73 155 115 67 11 176 16 17 106 100 183 124]
2022-11-27T04:55:44.645Z	DEBUG	replica=6	coded-hotterstuff/consensus.go:576	received proposal	{"CURRENT VIEW": 11, "msg": "proposal", "header view": 11, "prepare view": 10, "hash": "JHDKbuvn/qlEbMiFGVnXE7z7VfFJm3NDC7AQEWpkt3w=", "parent": "Gymi6tg4A5LZy8aiMG6k221RFpMttMcj9dlrzPCBVG4="}
replica 6 is forwarding chunk to replica 0
replica 6 is forwarding chunk to replica 1
replica 6 is forwarding chunk to replica 2
replica 6 is forwarding chunk to replica 4
replica 6 is forwarding chunk to replica 5
replica 6 is forwarding chunk to replica 7
replica 6 is forwarding chunk to replica 8
Decoded original proposal, time: 2022-11-27 04:55:46.054919258 +0000 UTC m=+45.913513505 header hash: [225 164 165 204 236 180 59 151 178 38 118 190 136 53 193 22 146 46 81 162 175 160 6 50 132 174 159 221 166 0 223 96]
2022-11-27T04:55:46.054Z	DEBUG	replica=6	coded-hotterstuff/consensus.go:576	received proposal	{"CURRENT VIEW": 11, "msg": "proposal", "header view": 12, "prepare view": 10, "hash": "4aSlzOy0O5eyJna+iDXBFpIuUaKvoAYyhK6f3aYA32A=", "parent": "JHDKbuvn/qlEbMiFGVnXE7z7VfFJm3NDC7AQEWpkt3w="}
2022-11-27T04:55:46.062Z	DEBUG	replica=6	coded-hotterstuff/consensus.go:809	new block certified	{"CURRENT VIEW": 11, "view": 11, "hash": "JHDKbuvn/qlEbMiFGVnXE7z7VfFJm3NDC7AQEWpkt3w="}
2022-11-27T04:55:46.062Z	DEBUG	replica=6	coded-hotterstuff/consensus.go:520	entered new view	{"CURRENT VIEW": 12, "view timeout": 2, "timedout": false}
2022-11-27T04:55:46.062Z	DEBUG	replica=6	coded-hotterstuff/consensus.go:788	new block locked	{"CURRENT VIEW": 12, "view": 10, "hash": "Gymi6tg4A5LZy8aiMG6k221RFpMttMcj9dlrzPCBVG4="}
2022-11-27T04:55:46.062Z	INFO	replica=6	coded-hotterstuff/consensus.go:797	new block commited	{"CURRENT VIEW": 12, "view": 9, "hash": "S5jvF8HlmLvBxjERXgBCYm1M/GPQBuOxef9Rwa5UXRA="}
2022-11-27T04:55:46.063Z	DEBUG	replica=6	coded-hotterstuff/consensus.go:678	proposal is safe to vote on	{"CURRENT VIEW": 11, "msg": "proposal", "header view": 12, "prepare view": 10, "hash": "4aSlzOy0O5eyJna+iDXBFpIuUaKvoAYyhK6f3aYA32A=", "parent": "JHDKbuvn/qlEbMiFGVnXE7z7VfFJm3NDC7AQEWpkt3w="}
Node  6 +1 block finalized at time:  2022-11-27 04:55:46.0657704 +0000 UTC m=+45.924364599
Decoded original proposal, time: 2022-11-27 04:55:47.329492653 +0000 UTC m=+47.188086898 header hash: [225 164 165 204 236 180 59 151 178 38 118 190 136 53 193 22 146 46 81 162 175 160 6 50 132 174 159 221 166 0 223 96]
2022-11-27T04:55:47.329Z	DEBUG	replica=6	coded-hotterstuff/consensus.go:576	received proposal	{"CURRENT VIEW": 12, "msg": "proposal", "header view": 12, "prepare view": 11, "hash": "4aSlzOy0O5eyJna+iDXBFpIuUaKvoAYyhK6f3aYA32A=", "parent": "JHDKbuvn/qlEbMiFGVnXE7z7VfFJm3NDC7AQEWpkt3w="}
Decoded original proposal, time: 2022-11-27 04:55:48.927577696 +0000 UTC m=+48.786171939 header hash: [55 71 12 88 170 89 30 100 228 23 243 137 27 6 133 29 78 24 217 198 107 27 88 123 223 127 133 219 145 253 87 161]
2022-11-27T04:55:48.927Z	DEBUG	replica=6	coded-hotterstuff/consensus.go:576	received proposal	{"CURRENT VIEW": 12, "msg": "proposal", "header view": 13, "prepare view": 11, "hash": "N0cMWKpZHmTkF/OJGwaFHU4Y2cZrG1h733+F25H9V6E=", "parent": "4aSlzOy0O5eyJna+iDXBFpIuUaKvoAYyhK6f3aYA32A="}
2022-11-27T04:55:48.934Z	DEBUG	replica=6	coded-hotterstuff/consensus.go:809	new block certified	{"CURRENT VIEW": 12, "view": 12, "hash": "4aSlzOy0O5eyJna+iDXBFpIuUaKvoAYyhK6f3aYA32A="}
2022-11-27T04:55:48.934Z	DEBUG	replica=6	coded-hotterstuff/consensus.go:520	entered new view	{"CURRENT VIEW": 13, "view timeout": 2, "timedout": false}
2022-11-27T04:55:48.934Z	DEBUG	replica=6	coded-hotterstuff/consensus.go:788	new block locked	{"CURRENT VIEW": 13, "view": 11, "hash": "JHDKbuvn/qlEbMiFGVnXE7z7VfFJm3NDC7AQEWpkt3w="}
2022-11-27T04:55:48.934Z	INFO	replica=6	coded-hotterstuff/consensus.go:797	new block commited	{"CURRENT VIEW": 13, "view": 10, "hash": "Gymi6tg4A5LZy8aiMG6k221RFpMttMcj9dlrzPCBVG4="}
2022-11-27T04:55:48.936Z	DEBUG	replica=6	coded-hotterstuff/consensus.go:678	proposal is safe to vote on	{"CURRENT VIEW": 12, "msg": "proposal", "header view": 13, "prepare view": 11, "hash": "N0cMWKpZHmTkF/OJGwaFHU4Y2cZrG1h733+F25H9V6E=", "parent": "4aSlzOy0O5eyJna+iDXBFpIuUaKvoAYyhK6f3aYA32A="}
replica 6 is forwarding chunk to replica 0
replica 6 is forwarding chunk to replica 1
replica 6 is forwarding chunk to replica 2
replica 6 is forwarding chunk to replica 3
replica 6 is forwarding chunk to replica 5
replica 6 is forwarding chunk to replica 7
replica 6 is forwarding chunk to replica 8
Node  6 +1 block finalized at time:  2022-11-27 04:55:48.938626891 +0000 UTC m=+48.797221086
replica 6 is forwarding chunk to replica 0
replica 6 is forwarding chunk to replica 1
replica 6 is forwarding chunk to replica 2
replica 6 is forwarding chunk to replica 3
replica 6 is forwarding chunk to replica 5
replica 6 is forwarding chunk to replica 7
replica 6 is forwarding chunk to replica 8
Decoded original proposal, time: 2022-11-27 04:55:50.065805684 +0000 UTC m=+49.924399962 header hash: [55 71 12 88 170 89 30 100 228 23 243 137 27 6 133 29 78 24 217 198 107 27 88 123 223 127 133 219 145 253 87 161]
2022-11-27T04:55:50.065Z	DEBUG	replica=6	coded-hotterstuff/consensus.go:576	received proposal	{"CURRENT VIEW": 13, "msg": "proposal", "header view": 13, "prepare view": 12, "hash": "N0cMWKpZHmTkF/OJGwaFHU4Y2cZrG1h733+F25H9V6E=", "parent": "4aSlzOy0O5eyJna+iDXBFpIuUaKvoAYyhK6f3aYA32A="}
replica 6 is forwarding chunk to replica 0
replica 6 is forwarding chunk to replica 1
replica 6 is forwarding chunk to replica 2
replica 6 is forwarding chunk to replica 3
replica 6 is forwarding chunk to replica 5
replica 6 is forwarding chunk to replica 7
replica 6 is forwarding chunk to replica 8
Decoded original proposal, time: 2022-11-27 04:55:51.214036841 +0000 UTC m=+51.072631040 header hash: [55 71 12 88 170 89 30 100 228 23 243 137 27 6 133 29 78 24 217 198 107 27 88 123 223 127 133 219 145 253 87 161]
2022-11-27T04:55:51.214Z	DEBUG	replica=6	coded-hotterstuff/consensus.go:576	received proposal	{"CURRENT VIEW": 13, "msg": "proposal", "header view": 13, "prepare view": 12, "hash": "N0cMWKpZHmTkF/OJGwaFHU4Y2cZrG1h733+F25H9V6E=", "parent": "4aSlzOy0O5eyJna+iDXBFpIuUaKvoAYyhK6f3aYA32A="}
replica 6 is forwarding chunk to replica 0
replica 6 is forwarding chunk to replica 1
replica 6 is forwarding chunk to replica 2
replica 6 is forwarding chunk to replica 3
replica 6 is forwarding chunk to replica 4
replica 6 is forwarding chunk to replica 7
replica 6 is forwarding chunk to replica 8
2022-11-27T04:55:51.683Z	DEBUG	replica=6	coded-hotterstuff/consensus.go:965	received vote	{"CURRENT VIEW": 13, "msg": "vote", "voter": 5, "view": 13, "hash": "s0+dCVQ5w8iE2Z+DCswdFLdP8QD8T++9aicJwYKZbok="}
Node  6  received vote before proposal, saving vote in pending votes, hash is  [179 79 157 9 84 57 195 200 132 217 159 131 10 204 29 20 183 79 241 0 252 79 239 189 106 39 9 193 130 153 110 137]  and string is,  14
2022-11-27T04:55:51.683Z	DEBUG	replica=6	coded-hotterstuff/consensus.go:970	Received vote before proposal, key is, 14	{"CURRENT VIEW": 13}
Decoded original proposal, time: 2022-11-27 04:55:52.559303686 +0000 UTC m=+52.417897933 header hash: [179 79 157 9 84 57 195 200 132 217 159 131 10 204 29 20 183 79 241 0 252 79 239 189 106 39 9 193 130 153 110 137]
2022-11-27T04:55:52.559Z	DEBUG	replica=6	coded-hotterstuff/consensus.go:576	received proposal	{"CURRENT VIEW": 13, "msg": "proposal", "header view": 14, "prepare view": 12, "hash": "s0+dCVQ5w8iE2Z+DCswdFLdP8QD8T++9aicJwYKZbok=", "parent": "N0cMWKpZHmTkF/OJGwaFHU4Y2cZrG1h733+F25H9V6E="}
2022-11-27T04:55:52.568Z	DEBUG	replica=6	coded-hotterstuff/consensus.go:809	new block certified	{"CURRENT VIEW": 13, "view": 13, "hash": "N0cMWKpZHmTkF/OJGwaFHU4Y2cZrG1h733+F25H9V6E="}
2022-11-27T04:55:52.568Z	DEBUG	replica=6	coded-hotterstuff/consensus.go:520	entered new view	{"CURRENT VIEW": 14, "view timeout": 2, "timedout": false}
2022-11-27T04:55:52.568Z	DEBUG	replica=6	coded-hotterstuff/consensus.go:535	replica is a leader for next view. collecting new-view messages	{"CURRENT VIEW": 14}
2022-11-27T04:55:52.568Z	DEBUG	replica=6	coded-hotterstuff/consensus.go:788	new block locked	{"CURRENT VIEW": 14, "view": 12, "hash": "4aSlzOy0O5eyJna+iDXBFpIuUaKvoAYyhK6f3aYA32A="}
2022-11-27T04:55:52.568Z	INFO	replica=6	coded-hotterstuff/consensus.go:797	new block commited	{"CURRENT VIEW": 14, "view": 11, "hash": "JHDKbuvn/qlEbMiFGVnXE7z7VfFJm3NDC7AQEWpkt3w="}
2022-11-27T04:55:52.569Z	DEBUG	replica=6	coded-hotterstuff/consensus.go:678	proposal is safe to vote on	{"CURRENT VIEW": 13, "msg": "proposal", "header view": 14, "prepare view": 12, "hash": "s0+dCVQ5w8iE2Z+DCswdFLdP8QD8T++9aicJwYKZbok=", "parent": "N0cMWKpZHmTkF/OJGwaFHU4Y2cZrG1h733+F25H9V6E="}
2022-11-27T04:55:52.569Z	DEBUG	replica=6	coded-hotterstuff/consensus.go:758	Taking care of pending vote 14	{"CURRENT VIEW": 14}
2022-11-27T04:55:52.569Z	DEBUG	replica=6	coded-hotterstuff/consensus.go:965	received vote	{"CURRENT VIEW": 14, "msg": "vote", "voter": 5, "view": 14, "hash": "s0+dCVQ5w8iE2Z+DCswdFLdP8QD8T++9aicJwYKZbok="}
2022-11-27T04:55:52.579Z	DEBUG	replica=6	coded-hotterstuff/consensus.go:965	received vote	{"CURRENT VIEW": 14, "msg": "vote", "voter": 6, "view": 14, "hash": "s0+dCVQ5w8iE2Z+DCswdFLdP8QD8T++9aicJwYKZbok="}
Node  6 +1 block finalized at time:  2022-11-27 04:55:52.589606631 +0000 UTC m=+52.448200832
2022-11-27T04:55:52.819Z	DEBUG	replica=6	coded-hotterstuff/consensus.go:965	received vote	{"CURRENT VIEW": 14, "msg": "vote", "voter": 4, "view": 14, "hash": "s0+dCVQ5w8iE2Z+DCswdFLdP8QD8T++9aicJwYKZbok="}
2022-11-27T04:55:52.918Z	DEBUG	replica=6	coded-hotterstuff/consensus.go:965	received vote	{"CURRENT VIEW": 14, "msg": "vote", "voter": 2, "view": 14, "hash": "s0+dCVQ5w8iE2Z+DCswdFLdP8QD8T++9aicJwYKZbok="}
replica 6 is forwarding chunk to replica 0
replica 6 is forwarding chunk to replica 1
replica 6 is forwarding chunk to replica 2
replica 6 is forwarding chunk to replica 3
replica 6 is forwarding chunk to replica 4
replica 6 is forwarding chunk to replica 7
replica 6 is forwarding chunk to replica 8
2022-11-27T04:55:53.586Z	DEBUG	replica=6	coded-hotterstuff/consensus.go:965	received vote	{"CURRENT VIEW": 14, "msg": "vote", "voter": 1, "view": 14, "hash": "s0+dCVQ5w8iE2Z+DCswdFLdP8QD8T++9aicJwYKZbok="}
2022-11-27T04:55:53.628Z	DEBUG	replica=6	coded-hotterstuff/consensus.go:965	received vote	{"CURRENT VIEW": 14, "msg": "vote", "voter": 7, "view": 14, "hash": "s0+dCVQ5w8iE2Z+DCswdFLdP8QD8T++9aicJwYKZbok="}
2022-11-27T04:55:53.746Z	DEBUG	replica=6	coded-hotterstuff/consensus.go:965	received vote	{"CURRENT VIEW": 14, "msg": "vote", "voter": 3, "view": 14, "hash": "s0+dCVQ5w8iE2Z+DCswdFLdP8QD8T++9aicJwYKZbok="}
2022-11-27T04:55:53.753Z	DEBUG	replica=6	coded-hotterstuff/consensus.go:809	new block certified	{"CURRENT VIEW": 14, "view": 14, "hash": "s0+dCVQ5w8iE2Z+DCswdFLdP8QD8T++9aicJwYKZbok="}
2022-11-27T04:55:53.753Z	DEBUG	replica=6	coded-hotterstuff/consensus.go:520	entered new view	{"CURRENT VIEW": 15, "view timeout": 2, "timedout": false}
2022-11-27T04:55:53.753Z	DEBUG	replica=6	coded-hotterstuff/consensus.go:544	replica is a leader for this view. waiting for data	{"CURRENT VIEW": 15}
2022-11-27T04:55:53.753Z	DEBUG	replica=6	coded-hotterstuff/consensus.go:520	entered new view	{"CURRENT VIEW": 15, "view timeout": 2, "timedout": false}
2022-11-27T04:55:53.753Z	DEBUG	replica=6	coded-hotterstuff/consensus.go:544	replica is a leader for this view. waiting for data	{"CURRENT VIEW": 15}
2022-11-27T04:55:53.760Z	DEBUG	replica=6	coded-hotterstuff/consensus.go:238	sending proposal	{"CURRENT VIEW": 15, "hash": "yki5uJhKgjQT5iLa3NRfkhkCHcRSab0ctor/KqZboNA=", "parent": "s0+dCVQ5w8iE2Z+DCswdFLdP8QD8T++9aicJwYKZbok=", "signer": 6}
2022-11-27T04:55:53.765Z	DEBUG	replica=6	coded-hotterstuff/consensus.go:576	received proposal	{"CURRENT VIEW": 15, "msg": "proposal", "header view": 15, "prepare view": 14, "hash": "yki5uJhKgjQT5iLa3NRfkhkCHcRSab0ctor/KqZboNA=", "parent": "s0+dCVQ5w8iE2Z+DCswdFLdP8QD8T++9aicJwYKZbok="}
2022-11-27T04:55:53.777Z	DEBUG	replica=6	coded-hotterstuff/consensus.go:788	new block locked	{"CURRENT VIEW": 15, "view": 13, "hash": "N0cMWKpZHmTkF/OJGwaFHU4Y2cZrG1h733+F25H9V6E="}
2022-11-27T04:55:53.777Z	INFO	replica=6	coded-hotterstuff/consensus.go:797	new block commited	{"CURRENT VIEW": 15, "view": 12, "hash": "4aSlzOy0O5eyJna+iDXBFpIuUaKvoAYyhK6f3aYA32A="}
2022-11-27T04:55:53.781Z	DEBUG	replica=6	coded-hotterstuff/consensus.go:678	proposal is safe to vote on	{"CURRENT VIEW": 15, "msg": "proposal", "header view": 15, "prepare view": 14, "hash": "yki5uJhKgjQT5iLa3NRfkhkCHcRSab0ctor/KqZboNA=", "parent": "s0+dCVQ5w8iE2Z+DCswdFLdP8QD8T++9aicJwYKZbok="}
Decoded original proposal, time: 2022-11-27 04:55:53.784923707 +0000 UTC m=+53.643517938 header hash: [179 79 157 9 84 57 195 200 132 217 159 131 10 204 29 20 183 79 241 0 252 79 239 189 106 39 9 193 130 153 110 137]
2022-11-27T04:55:53.784Z	DEBUG	replica=6	coded-hotterstuff/consensus.go:576	received proposal	{"CURRENT VIEW": 15, "msg": "proposal", "header view": 14, "prepare view": 14, "hash": "s0+dCVQ5w8iE2Z+DCswdFLdP8QD8T++9aicJwYKZbok=", "parent": "N0cMWKpZHmTkF/OJGwaFHU4Y2cZrG1h733+F25H9V6E="}
Node  6 +1 block finalized at time:  2022-11-27 04:55:53.783681671 +0000 UTC m=+53.642275855
2022-11-27T04:55:53.793Z	DEBUG	replica=6	coded-hotterstuff/consensus.go:667	proposal view doesn't match local view	{"CURRENT VIEW": 15, "msg": "proposal", "header view": 14, "prepare view": 14, "hash": "s0+dCVQ5w8iE2Z+DCswdFLdP8QD8T++9aicJwYKZbok=", "parent": "N0cMWKpZHmTkF/OJGwaFHU4Y2cZrG1h733+F25H9V6E="}
2022-11-27T04:55:53.793Z	DEBUG	replica=6	coded-hotterstuff/consensus.go:965	received vote	{"CURRENT VIEW": 15, "msg": "vote", "voter": 0, "view": 15, "hash": "s0+dCVQ5w8iE2Z+DCswdFLdP8QD8T++9aicJwYKZbok="}
2022-11-27T04:55:53.799Z	DEBUG	replica=6	coded-hotterstuff/consensus.go:520	entered new view	{"CURRENT VIEW": 15, "view timeout": 2, "timedout": false}
2022-11-27T04:55:53.799Z	DEBUG	replica=6	coded-hotterstuff/consensus.go:544	replica is a leader for this view. waiting for data	{"CURRENT VIEW": 15}
2022-11-27T04:55:53.802Z	DEBUG	replica=6	coded-hotterstuff/consensus.go:238	sending proposal	{"CURRENT VIEW": 15, "hash": "yki5uJhKgjQT5iLa3NRfkhkCHcRSab0ctor/KqZboNA=", "parent": "s0+dCVQ5w8iE2Z+DCswdFLdP8QD8T++9aicJwYKZbok=", "signer": 6}
2022-11-27T04:55:53.805Z	DEBUG	replica=6	coded-hotterstuff/consensus.go:576	received proposal	{"CURRENT VIEW": 15, "msg": "proposal", "header view": 15, "prepare view": 14, "hash": "yki5uJhKgjQT5iLa3NRfkhkCHcRSab0ctor/KqZboNA=", "parent": "s0+dCVQ5w8iE2Z+DCswdFLdP8QD8T++9aicJwYKZbok="}
2022-11-27T04:55:54.059Z	DEBUG	replica=6	coded-hotterstuff/consensus.go:965	received vote	{"CURRENT VIEW": 15, "msg": "vote", "voter": 8, "view": 15, "hash": "s0+dCVQ5w8iE2Z+DCswdFLdP8QD8T++9aicJwYKZbok="}
2022-11-27T04:55:54.065Z	DEBUG	replica=6	coded-hotterstuff/consensus.go:520	entered new view	{"CURRENT VIEW": 15, "view timeout": 2, "timedout": false}
2022-11-27T04:55:54.065Z	DEBUG	replica=6	coded-hotterstuff/consensus.go:544	replica is a leader for this view. waiting for data	{"CURRENT VIEW": 15}
2022-11-27T04:55:54.068Z	DEBUG	replica=6	coded-hotterstuff/consensus.go:238	sending proposal	{"CURRENT VIEW": 15, "hash": "yki5uJhKgjQT5iLa3NRfkhkCHcRSab0ctor/KqZboNA=", "parent": "s0+dCVQ5w8iE2Z+DCswdFLdP8QD8T++9aicJwYKZbok=", "signer": 6}
2022-11-27T04:55:54.071Z	DEBUG	replica=6	coded-hotterstuff/consensus.go:576	received proposal	{"CURRENT VIEW": 15, "msg": "proposal", "header view": 15, "prepare view": 14, "hash": "yki5uJhKgjQT5iLa3NRfkhkCHcRSab0ctor/KqZboNA=", "parent": "s0+dCVQ5w8iE2Z+DCswdFLdP8QD8T++9aicJwYKZbok="}
replica 6 is forwarding chunk to replica 0
replica 6 is forwarding chunk to replica 1
replica 6 is forwarding chunk to replica 2
replica 6 is forwarding chunk to replica 3
replica 6 is forwarding chunk to replica 4
replica 6 is forwarding chunk to replica 7
replica 6 is forwarding chunk to replica 8
Decoded original proposal, time: 2022-11-27 04:55:55.078189927 +0000 UTC m=+54.936784170 header hash: [179 79 157 9 84 57 195 200 132 217 159 131 10 204 29 20 183 79 241 0 252 79 239 189 106 39 9 193 130 153 110 137]
2022-11-27T04:55:55.078Z	DEBUG	replica=6	coded-hotterstuff/consensus.go:576	received proposal	{"CURRENT VIEW": 15, "msg": "proposal", "header view": 14, "prepare view": 14, "hash": "s0+dCVQ5w8iE2Z+DCswdFLdP8QD8T++9aicJwYKZbok=", "parent": "N0cMWKpZHmTkF/OJGwaFHU4Y2cZrG1h733+F25H9V6E="}
2022-11-27T04:55:55.086Z	DEBUG	replica=6	coded-hotterstuff/consensus.go:667	proposal view doesn't match local view	{"CURRENT VIEW": 15, "msg": "proposal", "header view": 14, "prepare view": 14, "hash": "s0+dCVQ5w8iE2Z+DCswdFLdP8QD8T++9aicJwYKZbok=", "parent": "N0cMWKpZHmTkF/OJGwaFHU4Y2cZrG1h733+F25H9V6E="}
replica 6 is forwarding chunk to replica 0
replica 6 is forwarding chunk to replica 1
replica 6 is forwarding chunk to replica 2
replica 6 is forwarding chunk to replica 3
replica 6 is forwarding chunk to replica 4
replica 6 is forwarding chunk to replica 5
replica 6 is forwarding chunk to replica 8
replica 6 is forwarding chunk to replica 0
replica 6 is forwarding chunk to replica 1
replica 6 is forwarding chunk to replica 2
replica 6 is forwarding chunk to replica 3
replica 6 is forwarding chunk to replica 4
replica 6 is forwarding chunk to replica 5
replica 6 is forwarding chunk to replica 8
Decoded original proposal, time: 2022-11-27 04:56:00.682774964 +0000 UTC m=+60.541369169 header hash: [60 3 172 192 158 69 228 82 139 18 154 192 39 84 167 184 246 172 168 97 72 51 107 161 52 135 29 101 211 31 104 44]
2022-11-27T04:56:00.682Z	DEBUG	replica=6	coded-hotterstuff/consensus.go:576	received proposal	{"CURRENT VIEW": 15, "msg": "proposal", "header view": 16, "prepare view": 14, "hash": "PAOswJ5F5FKLEprAJ1SnuPasqGFIM2uhNIcdZdMfaCw=", "parent": "yki5uJhKgjQT5iLa3NRfkhkCHcRSab0ctor/KqZboNA="}
2022-11-27T04:56:00.690Z	DEBUG	replica=6	coded-hotterstuff/consensus.go:809	new block certified	{"CURRENT VIEW": 15, "view": 15, "hash": "yki5uJhKgjQT5iLa3NRfkhkCHcRSab0ctor/KqZboNA="}
2022-11-27T04:56:00.690Z	DEBUG	replica=6	coded-hotterstuff/consensus.go:520	entered new view	{"CURRENT VIEW": 16, "view timeout": 2, "timedout": false}
2022-11-27T04:56:00.690Z	DEBUG	replica=6	coded-hotterstuff/consensus.go:788	new block locked	{"CURRENT VIEW": 16, "view": 14, "hash": "s0+dCVQ5w8iE2Z+DCswdFLdP8QD8T++9aicJwYKZbok="}
2022-11-27T04:56:00.690Z	INFO	replica=6	coded-hotterstuff/consensus.go:797	new block commited	{"CURRENT VIEW": 16, "view": 13, "hash": "N0cMWKpZHmTkF/OJGwaFHU4Y2cZrG1h733+F25H9V6E="}
2022-11-27T04:56:00.692Z	DEBUG	replica=6	coded-hotterstuff/consensus.go:678	proposal is safe to vote on	{"CURRENT VIEW": 15, "msg": "proposal", "header view": 16, "prepare view": 14, "hash": "PAOswJ5F5FKLEprAJ1SnuPasqGFIM2uhNIcdZdMfaCw=", "parent": "yki5uJhKgjQT5iLa3NRfkhkCHcRSab0ctor/KqZboNA="}
Node  6 +1 block finalized at time:  2022-11-27 04:56:00.694484493 +0000 UTC m=+60.553078688
replica 6 is forwarding chunk to replica 0
replica 6 is forwarding chunk to replica 1
replica 6 is forwarding chunk to replica 2
replica 6 is forwarding chunk to replica 3
replica 6 is forwarding chunk to replica 4
replica 6 is forwarding chunk to replica 5
replica 6 is forwarding chunk to replica 8
Decoded original proposal, time: 2022-11-27 04:56:01.616558414 +0000 UTC m=+61.475152618 header hash: [60 3 172 192 158 69 228 82 139 18 154 192 39 84 167 184 246 172 168 97 72 51 107 161 52 135 29 101 211 31 104 44]
2022-11-27T04:56:01.616Z	DEBUG	replica=6	coded-hotterstuff/consensus.go:576	received proposal	{"CURRENT VIEW": 16, "msg": "proposal", "header view": 16, "prepare view": 15, "hash": "PAOswJ5F5FKLEprAJ1SnuPasqGFIM2uhNIcdZdMfaCw=", "parent": "yki5uJhKgjQT5iLa3NRfkhkCHcRSab0ctor/KqZboNA="}
Decoded original proposal, time: 2022-11-27 04:56:02.658883236 +0000 UTC m=+62.517477480 header hash: [60 3 172 192 158 69 228 82 139 18 154 192 39 84 167 184 246 172 168 97 72 51 107 161 52 135 29 101 211 31 104 44]
2022-11-27T04:56:02.658Z	DEBUG	replica=6	coded-hotterstuff/consensus.go:576	received proposal	{"CURRENT VIEW": 16, "msg": "proposal", "header view": 16, "prepare view": 15, "hash": "PAOswJ5F5FKLEprAJ1SnuPasqGFIM2uhNIcdZdMfaCw=", "parent": "yki5uJhKgjQT5iLa3NRfkhkCHcRSab0ctor/KqZboNA="}
replica 6 is forwarding chunk to replica 0
replica 6 is forwarding chunk to replica 1
replica 6 is forwarding chunk to replica 2
replica 6 is forwarding chunk to replica 3
replica 6 is forwarding chunk to replica 4
replica 6 is forwarding chunk to replica 5
replica 6 is forwarding chunk to replica 7
replica 6 is forwarding chunk to replica 0
replica 6 is forwarding chunk to replica 1
replica 6 is forwarding chunk to replica 2
replica 6 is forwarding chunk to replica 3
replica 6 is forwarding chunk to replica 4
replica 6 is forwarding chunk to replica 5
replica 6 is forwarding chunk to replica 7
Decoded original proposal, time: 2022-11-27 04:56:04.843725224 +0000 UTC m=+64.702319474 header hash: [125 188 128 163 149 74 17 87 102 203 151 169 127 222 108 104 174 185 14 72 28 223 232 151 172 204 94 91 117 235 43 104]
2022-11-27T04:56:04.843Z	DEBUG	replica=6	coded-hotterstuff/consensus.go:576	received proposal	{"CURRENT VIEW": 16, "msg": "proposal", "header view": 17, "prepare view": 15, "hash": "fbyAo5VKEVdmy5epf95saK65Dkgc3+iXrMxeW3XrK2g=", "parent": "PAOswJ5F5FKLEprAJ1SnuPasqGFIM2uhNIcdZdMfaCw="}
2022-11-27T04:56:04.851Z	DEBUG	replica=6	coded-hotterstuff/consensus.go:809	new block certified	{"CURRENT VIEW": 16, "view": 16, "hash": "PAOswJ5F5FKLEprAJ1SnuPasqGFIM2uhNIcdZdMfaCw="}
2022-11-27T04:56:04.851Z	DEBUG	replica=6	coded-hotterstuff/consensus.go:520	entered new view	{"CURRENT VIEW": 17, "view timeout": 2, "timedout": false}
2022-11-27T04:56:04.851Z	DEBUG	replica=6	coded-hotterstuff/consensus.go:788	new block locked	{"CURRENT VIEW": 17, "view": 15, "hash": "yki5uJhKgjQT5iLa3NRfkhkCHcRSab0ctor/KqZboNA="}
2022-11-27T04:56:04.851Z	INFO	replica=6	coded-hotterstuff/consensus.go:797	new block commited	{"CURRENT VIEW": 17, "view": 14, "hash": "s0+dCVQ5w8iE2Z+DCswdFLdP8QD8T++9aicJwYKZbok="}
2022-11-27T04:56:04.853Z	DEBUG	replica=6	coded-hotterstuff/consensus.go:678	proposal is safe to vote on	{"CURRENT VIEW": 16, "msg": "proposal", "header view": 17, "prepare view": 15, "hash": "fbyAo5VKEVdmy5epf95saK65Dkgc3+iXrMxeW3XrK2g=", "parent": "PAOswJ5F5FKLEprAJ1SnuPasqGFIM2uhNIcdZdMfaCw="}
Node  6 +1 block finalized at time:  2022-11-27 04:56:04.855609146 +0000 UTC m=+64.714203333
replica 6 is forwarding chunk to replica 0
replica 6 is forwarding chunk to replica 1
replica 6 is forwarding chunk to replica 2
replica 6 is forwarding chunk to replica 3
replica 6 is forwarding chunk to replica 4
replica 6 is forwarding chunk to replica 5
replica 6 is forwarding chunk to replica 7
Decoded original proposal, time: 2022-11-27 04:56:05.931293424 +0000 UTC m=+65.789887641 header hash: [125 188 128 163 149 74 17 87 102 203 151 169 127 222 108 104 174 185 14 72 28 223 232 151 172 204 94 91 117 235 43 104]
2022-11-27T04:56:05.931Z	DEBUG	replica=6	coded-hotterstuff/consensus.go:576	received proposal	{"CURRENT VIEW": 17, "msg": "proposal", "header view": 17, "prepare view": 16, "hash": "fbyAo5VKEVdmy5epf95saK65Dkgc3+iXrMxeW3XrK2g=", "parent": "PAOswJ5F5FKLEprAJ1SnuPasqGFIM2uhNIcdZdMfaCw="}
replica 6 is forwarding chunk to replica 1
replica 6 is forwarding chunk to replica 2
replica 6 is forwarding chunk to replica 3
replica 6 is forwarding chunk to replica 4
replica 6 is forwarding chunk to replica 5
replica 6 is forwarding chunk to replica 7
replica 6 is forwarding chunk to replica 8
Decoded original proposal, time: 2022-11-27 04:56:07.257679765 +0000 UTC m=+67.116274012 header hash: [125 188 128 163 149 74 17 87 102 203 151 169 127 222 108 104 174 185 14 72 28 223 232 151 172 204 94 91 117 235 43 104]
2022-11-27T04:56:07.257Z	DEBUG	replica=6	coded-hotterstuff/consensus.go:576	received proposal	{"CURRENT VIEW": 17, "msg": "proposal", "header view": 17, "prepare view": 16, "hash": "fbyAo5VKEVdmy5epf95saK65Dkgc3+iXrMxeW3XrK2g=", "parent": "PAOswJ5F5FKLEprAJ1SnuPasqGFIM2uhNIcdZdMfaCw="}
replica 6 is forwarding chunk to replica 1
replica 6 is forwarding chunk to replica 2
replica 6 is forwarding chunk to replica 3
replica 6 is forwarding chunk to replica 4
replica 6 is forwarding chunk to replica 5
replica 6 is forwarding chunk to replica 7
replica 6 is forwarding chunk to replica 8
Decoded original proposal, time: 2022-11-27 04:56:08.340750668 +0000 UTC m=+68.199344913 header hash: [233 71 193 36 185 72 95 92 29 220 193 120 223 14 188 72 252 159 62 199 112 113 252 214 161 209 254 215 214 224 205 19]
2022-11-27T04:56:08.340Z	DEBUG	replica=6	coded-hotterstuff/consensus.go:576	received proposal	{"CURRENT VIEW": 17, "msg": "proposal", "header view": 18, "prepare view": 16, "hash": "6UfBJLlIX1wd3MF43w68SPyfPsdwcfzWodH+19bgzRM=", "parent": "fbyAo5VKEVdmy5epf95saK65Dkgc3+iXrMxeW3XrK2g="}
2022-11-27T04:56:08.348Z	DEBUG	replica=6	coded-hotterstuff/consensus.go:809	new block certified	{"CURRENT VIEW": 17, "view": 17, "hash": "fbyAo5VKEVdmy5epf95saK65Dkgc3+iXrMxeW3XrK2g="}
2022-11-27T04:56:08.348Z	DEBUG	replica=6	coded-hotterstuff/consensus.go:520	entered new view	{"CURRENT VIEW": 18, "view timeout": 2, "timedout": false}
2022-11-27T04:56:08.348Z	DEBUG	replica=6	coded-hotterstuff/consensus.go:788	new block locked	{"CURRENT VIEW": 18, "view": 16, "hash": "PAOswJ5F5FKLEprAJ1SnuPasqGFIM2uhNIcdZdMfaCw="}
2022-11-27T04:56:08.348Z	INFO	replica=6	coded-hotterstuff/consensus.go:797	new block commited	{"CURRENT VIEW": 18, "view": 15, "hash": "yki5uJhKgjQT5iLa3NRfkhkCHcRSab0ctor/KqZboNA="}
2022-11-27T04:56:08.349Z	DEBUG	replica=6	coded-hotterstuff/consensus.go:678	proposal is safe to vote on	{"CURRENT VIEW": 17, "msg": "proposal", "header view": 18, "prepare view": 16, "hash": "6UfBJLlIX1wd3MF43w68SPyfPsdwcfzWodH+19bgzRM=", "parent": "fbyAo5VKEVdmy5epf95saK65Dkgc3+iXrMxeW3XrK2g="}
Node  6 +1 block finalized at time:  2022-11-27 04:56:08.351478151 +0000 UTC m=+68.210072350
replica 6 is forwarding chunk to replica 1
replica 6 is forwarding chunk to replica 2
replica 6 is forwarding chunk to replica 3
replica 6 is forwarding chunk to replica 4
replica 6 is forwarding chunk to replica 5
replica 6 is forwarding chunk to replica 7
replica 6 is forwarding chunk to replica 8
Decoded original proposal, time: 2022-11-27 04:56:09.748081202 +0000 UTC m=+69.606675456 header hash: [233 71 193 36 185 72 95 92 29 220 193 120 223 14 188 72 252 159 62 199 112 113 252 214 161 209 254 215 214 224 205 19]
2022-11-27T04:56:09.748Z	DEBUG	replica=6	coded-hotterstuff/consensus.go:576	received proposal	{"CURRENT VIEW": 18, "msg": "proposal", "header view": 18, "prepare view": 17, "hash": "6UfBJLlIX1wd3MF43w68SPyfPsdwcfzWodH+19bgzRM=", "parent": "fbyAo5VKEVdmy5epf95saK65Dkgc3+iXrMxeW3XrK2g="}
Decoded original proposal, time: 2022-11-27 04:56:10.481583924 +0000 UTC m=+70.340178165 header hash: [233 71 193 36 185 72 95 92 29 220 193 120 223 14 188 72 252 159 62 199 112 113 252 214 161 209 254 215 214 224 205 19]
2022-11-27T04:56:10.481Z	DEBUG	replica=6	coded-hotterstuff/consensus.go:576	received proposal	{"CURRENT VIEW": 18, "msg": "proposal", "header view": 18, "prepare view": 17, "hash": "6UfBJLlIX1wd3MF43w68SPyfPsdwcfzWodH+19bgzRM=", "parent": "fbyAo5VKEVdmy5epf95saK65Dkgc3+iXrMxeW3XrK2g="}
replica 6 is forwarding chunk to replica 0
replica 6 is forwarding chunk to replica 2
replica 6 is forwarding chunk to replica 3
replica 6 is forwarding chunk to replica 4
replica 6 is forwarding chunk to replica 5
replica 6 is forwarding chunk to replica 7
replica 6 is forwarding chunk to replica 8
replica 6 is forwarding chunk to replica 0
replica 6 is forwarding chunk to replica 2
replica 6 is forwarding chunk to replica 3
replica 6 is forwarding chunk to replica 4
replica 6 is forwarding chunk to replica 5
replica 6 is forwarding chunk to replica 7
replica 6 is forwarding chunk to replica 8
replica 6 is forwarding chunk to replica 0
replica 6 is forwarding chunk to replica 2
replica 6 is forwarding chunk to replica 3
replica 6 is forwarding chunk to replica 4
replica 6 is forwarding chunk to replica 5
replica 6 is forwarding chunk to replica 7
replica 6 is forwarding chunk to replica 8
Decoded original proposal, time: 2022-11-27 04:56:13.705662757 +0000 UTC m=+73.564257009 header hash: [185 41 143 39 105 99 203 192 159 254 69 93 97 168 179 24 114 209 232 19 130 40 155 35 149 96 233 98 157 146 62 14]
2022-11-27T04:56:13.705Z	DEBUG	replica=6	coded-hotterstuff/consensus.go:576	received proposal	{"CURRENT VIEW": 18, "msg": "proposal", "header view": 19, "prepare view": 17, "hash": "uSmPJ2ljy8Cf/kVdYaizGHLR6BOCKJsjlWDpYp2SPg4=", "parent": "6UfBJLlIX1wd3MF43w68SPyfPsdwcfzWodH+19bgzRM="}
2022-11-27T04:56:13.712Z	DEBUG	replica=6	coded-hotterstuff/consensus.go:809	new block certified	{"CURRENT VIEW": 18, "view": 18, "hash": "6UfBJLlIX1wd3MF43w68SPyfPsdwcfzWodH+19bgzRM="}
2022-11-27T04:56:13.713Z	DEBUG	replica=6	coded-hotterstuff/consensus.go:520	entered new view	{"CURRENT VIEW": 19, "view timeout": 2, "timedout": false}
2022-11-27T04:56:13.713Z	DEBUG	replica=6	coded-hotterstuff/consensus.go:788	new block locked	{"CURRENT VIEW": 19, "view": 17, "hash": "fbyAo5VKEVdmy5epf95saK65Dkgc3+iXrMxeW3XrK2g="}
2022-11-27T04:56:13.713Z	INFO	replica=6	coded-hotterstuff/consensus.go:797	new block commited	{"CURRENT VIEW": 19, "view": 16, "hash": "PAOswJ5F5FKLEprAJ1SnuPasqGFIM2uhNIcdZdMfaCw="}
2022-11-27T04:56:13.716Z	DEBUG	replica=6	coded-hotterstuff/consensus.go:678	proposal is safe to vote on	{"CURRENT VIEW": 18, "msg": "proposal", "header view": 19, "prepare view": 17, "hash": "uSmPJ2ljy8Cf/kVdYaizGHLR6BOCKJsjlWDpYp2SPg4=", "parent": "6UfBJLlIX1wd3MF43w68SPyfPsdwcfzWodH+19bgzRM="}
Node  6 +1 block finalized at time:  2022-11-27 04:56:13.718464611 +0000 UTC m=+73.577058806
Decoded original proposal, time: 2022-11-27 04:56:14.848132405 +0000 UTC m=+74.706726654 header hash: [185 41 143 39 105 99 203 192 159 254 69 93 97 168 179 24 114 209 232 19 130 40 155 35 149 96 233 98 157 146 62 14]
2022-11-27T04:56:14.848Z	DEBUG	replica=6	coded-hotterstuff/consensus.go:576	received proposal	{"CURRENT VIEW": 19, "msg": "proposal", "header view": 19, "prepare view": 18, "hash": "uSmPJ2ljy8Cf/kVdYaizGHLR6BOCKJsjlWDpYp2SPg4=", "parent": "6UfBJLlIX1wd3MF43w68SPyfPsdwcfzWodH+19bgzRM="}
Decoded original proposal, time: 2022-11-27 04:56:15.57652973 +0000 UTC m=+75.435123975 header hash: [185 41 143 39 105 99 203 192 159 254 69 93 97 168 179 24 114 209 232 19 130 40 155 35 149 96 233 98 157 146 62 14]
2022-11-27T04:56:15.576Z	DEBUG	replica=6	coded-hotterstuff/consensus.go:576	received proposal	{"CURRENT VIEW": 19, "msg": "proposal", "header view": 19, "prepare view": 18, "hash": "uSmPJ2ljy8Cf/kVdYaizGHLR6BOCKJsjlWDpYp2SPg4=", "parent": "6UfBJLlIX1wd3MF43w68SPyfPsdwcfzWodH+19bgzRM="}
replica 6 is forwarding chunk to replica 0
replica 6 is forwarding chunk to replica 1
replica 6 is forwarding chunk to replica 3
replica 6 is forwarding chunk to replica 4
replica 6 is forwarding chunk to replica 5
replica 6 is forwarding chunk to replica 7
replica 6 is forwarding chunk to replica 8
replica 6 is forwarding chunk to replica 0
replica 6 is forwarding chunk to replica 1
replica 6 is forwarding chunk to replica 3
replica 6 is forwarding chunk to replica 4
replica 6 is forwarding chunk to replica 5
replica 6 is forwarding chunk to replica 7
replica 6 is forwarding chunk to replica 8
Decoded original proposal, time: 2022-11-27 04:56:17.710261128 +0000 UTC m=+77.568855375 header hash: [13 182 191 15 143 42 152 29 239 84 127 36 77 221 124 199 27 48 113 31 51 226 178 103 166 208 44 11 123 31 191 52]
2022-11-27T04:56:17.710Z	DEBUG	replica=6	coded-hotterstuff/consensus.go:576	received proposal	{"CURRENT VIEW": 19, "msg": "proposal", "header view": 20, "prepare view": 18, "hash": "Dba/D48qmB3vVH8kTd18xxswcR8z4rJnptAsC3sfvzQ=", "parent": "uSmPJ2ljy8Cf/kVdYaizGHLR6BOCKJsjlWDpYp2SPg4="}
2022-11-27T04:56:17.718Z	DEBUG	replica=6	coded-hotterstuff/consensus.go:809	new block certified	{"CURRENT VIEW": 19, "view": 19, "hash": "uSmPJ2ljy8Cf/kVdYaizGHLR6BOCKJsjlWDpYp2SPg4="}
2022-11-27T04:56:17.718Z	DEBUG	replica=6	coded-hotterstuff/consensus.go:520	entered new view	{"CURRENT VIEW": 20, "view timeout": 2, "timedout": false}
2022-11-27T04:56:17.718Z	DEBUG	replica=6	coded-hotterstuff/consensus.go:788	new block locked	{"CURRENT VIEW": 20, "view": 18, "hash": "6UfBJLlIX1wd3MF43w68SPyfPsdwcfzWodH+19bgzRM="}
2022-11-27T04:56:17.718Z	INFO	replica=6	coded-hotterstuff/consensus.go:797	new block commited	{"CURRENT VIEW": 20, "view": 17, "hash": "fbyAo5VKEVdmy5epf95saK65Dkgc3+iXrMxeW3XrK2g="}
2022-11-27T04:56:17.719Z	DEBUG	replica=6	coded-hotterstuff/consensus.go:678	proposal is safe to vote on	{"CURRENT VIEW": 19, "msg": "proposal", "header view": 20, "prepare view": 18, "hash": "Dba/D48qmB3vVH8kTd18xxswcR8z4rJnptAsC3sfvzQ=", "parent": "uSmPJ2ljy8Cf/kVdYaizGHLR6BOCKJsjlWDpYp2SPg4="}
Node  6 +1 block finalized at time:  2022-11-27 04:56:17.721472809 +0000 UTC m=+77.580067004
replica 6 is forwarding chunk to replica 0
replica 6 is forwarding chunk to replica 1
replica 6 is forwarding chunk to replica 3
replica 6 is forwarding chunk to replica 4
replica 6 is forwarding chunk to replica 5
replica 6 is forwarding chunk to replica 7
replica 6 is forwarding chunk to replica 8
Decoded original proposal, time: 2022-11-27 04:56:19.097933239 +0000 UTC m=+78.956527485 header hash: [13 182 191 15 143 42 152 29 239 84 127 36 77 221 124 199 27 48 113 31 51 226 178 103 166 208 44 11 123 31 191 52]
2022-11-27T04:56:19.097Z	DEBUG	replica=6	coded-hotterstuff/consensus.go:576	received proposal	{"CURRENT VIEW": 20, "msg": "proposal", "header view": 20, "prepare view": 19, "hash": "Dba/D48qmB3vVH8kTd18xxswcR8z4rJnptAsC3sfvzQ=", "parent": "uSmPJ2ljy8Cf/kVdYaizGHLR6BOCKJsjlWDpYp2SPg4="}
replica 6 is forwarding chunk to replica 0
replica 6 is forwarding chunk to replica 1
replica 6 is forwarding chunk to replica 2
replica 6 is forwarding chunk to replica 4
replica 6 is forwarding chunk to replica 5
replica 6 is forwarding chunk to replica 7
replica 6 is forwarding chunk to replica 8
Decoded original proposal, time: 2022-11-27 04:56:19.806008364 +0000 UTC m=+79.664602616 header hash: [13 182 191 15 143 42 152 29 239 84 127 36 77 221 124 199 27 48 113 31 51 226 178 103 166 208 44 11 123 31 191 52]
2022-11-27T04:56:19.806Z	DEBUG	replica=6	coded-hotterstuff/consensus.go:576	received proposal	{"CURRENT VIEW": 20, "msg": "proposal", "header view": 20, "prepare view": 19, "hash": "Dba/D48qmB3vVH8kTd18xxswcR8z4rJnptAsC3sfvzQ=", "parent": "uSmPJ2ljy8Cf/kVdYaizGHLR6BOCKJsjlWDpYp2SPg4="}
replica 6 is forwarding chunk to replica 0
replica 6 is forwarding chunk to replica 1
replica 6 is forwarding chunk to replica 2
replica 6 is forwarding chunk to replica 4
replica 6 is forwarding chunk to replica 5
replica 6 is forwarding chunk to replica 7
replica 6 is forwarding chunk to replica 8
Decoded original proposal, time: 2022-11-27 04:56:20.939188327 +0000 UTC m=+80.797782558 header hash: [209 38 65 65 46 4 226 145 106 139 61 138 29 3 67 4 115 15 92 233 3 182 204 209 81 205 132 59 223 246 130 103]
2022-11-27T04:56:20.939Z	DEBUG	replica=6	coded-hotterstuff/consensus.go:576	received proposal	{"CURRENT VIEW": 20, "msg": "proposal", "header view": 21, "prepare view": 19, "hash": "0SZBQS4E4pFqiz2KHQNDBHMPXOkDtszRUc2EO9/2gmc=", "parent": "Dba/D48qmB3vVH8kTd18xxswcR8z4rJnptAsC3sfvzQ="}
2022-11-27T04:56:20.946Z	DEBUG	replica=6	coded-hotterstuff/consensus.go:809	new block certified	{"CURRENT VIEW": 20, "view": 20, "hash": "Dba/D48qmB3vVH8kTd18xxswcR8z4rJnptAsC3sfvzQ="}
2022-11-27T04:56:20.946Z	DEBUG	replica=6	coded-hotterstuff/consensus.go:520	entered new view	{"CURRENT VIEW": 21, "view timeout": 2, "timedout": false}
2022-11-27T04:56:20.946Z	DEBUG	replica=6	coded-hotterstuff/consensus.go:788	new block locked	{"CURRENT VIEW": 21, "view": 19, "hash": "uSmPJ2ljy8Cf/kVdYaizGHLR6BOCKJsjlWDpYp2SPg4="}
2022-11-27T04:56:20.946Z	INFO	replica=6	coded-hotterstuff/consensus.go:797	new block commited	{"CURRENT VIEW": 21, "view": 18, "hash": "6UfBJLlIX1wd3MF43w68SPyfPsdwcfzWodH+19bgzRM="}
2022-11-27T04:56:20.948Z	DEBUG	replica=6	coded-hotterstuff/consensus.go:678	proposal is safe to vote on	{"CURRENT VIEW": 20, "msg": "proposal", "header view": 21, "prepare view": 19, "hash": "0SZBQS4E4pFqiz2KHQNDBHMPXOkDtszRUc2EO9/2gmc=", "parent": "Dba/D48qmB3vVH8kTd18xxswcR8z4rJnptAsC3sfvzQ="}
Node  6 +1 block finalized at time:  2022-11-27 04:56:20.950710456 +0000 UTC m=+80.809304651
Decoded original proposal, time: 2022-11-27 04:56:22.166299628 +0000 UTC m=+82.024893833 header hash: [209 38 65 65 46 4 226 145 106 139 61 138 29 3 67 4 115 15 92 233 3 182 204 209 81 205 132 59 223 246 130 103]
2022-11-27T04:56:22.166Z	DEBUG	replica=6	coded-hotterstuff/consensus.go:576	received proposal	{"CURRENT VIEW": 21, "msg": "proposal", "header view": 21, "prepare view": 20, "hash": "0SZBQS4E4pFqiz2KHQNDBHMPXOkDtszRUc2EO9/2gmc=", "parent": "Dba/D48qmB3vVH8kTd18xxswcR8z4rJnptAsC3sfvzQ="}
replica 6 is forwarding chunk to replica 0
replica 6 is forwarding chunk to replica 1
replica 6 is forwarding chunk to replica 2
replica 6 is forwarding chunk to replica 4
replica 6 is forwarding chunk to replica 5
replica 6 is forwarding chunk to replica 7
replica 6 is forwarding chunk to replica 8
replica 6 is forwarding chunk to replica 0
replica 6 is forwarding chunk to replica 1
replica 6 is forwarding chunk to replica 2
replica 6 is forwarding chunk to replica 3
replica 6 is forwarding chunk to replica 5
replica 6 is forwarding chunk to replica 7
replica 6 is forwarding chunk to replica 8
Decoded original proposal, time: 2022-11-27 04:56:24.137842435 +0000 UTC m=+83.996436630 header hash: [209 38 65 65 46 4 226 145 106 139 61 138 29 3 67 4 115 15 92 233 3 182 204 209 81 205 132 59 223 246 130 103]
2022-11-27T04:56:24.137Z	DEBUG	replica=6	coded-hotterstuff/consensus.go:576	received proposal	{"CURRENT VIEW": 21, "msg": "proposal", "header view": 21, "prepare view": 20, "hash": "0SZBQS4E4pFqiz2KHQNDBHMPXOkDtszRUc2EO9/2gmc=", "parent": "Dba/D48qmB3vVH8kTd18xxswcR8z4rJnptAsC3sfvzQ="}
replica 6 is forwarding chunk to replica 0
replica 6 is forwarding chunk to replica 1
replica 6 is forwarding chunk to replica 2
replica 6 is forwarding chunk to replica 3
replica 6 is forwarding chunk to replica 5
replica 6 is forwarding chunk to replica 7
replica 6 is forwarding chunk to replica 8
Decoded original proposal, time: 2022-11-27 04:56:25.373936012 +0000 UTC m=+85.232530216 header hash: [236 22 254 114 249 137 84 235 103 187 22 243 254 52 241 221 163 197 58 85 216 147 6 31 172 60 252 77 199 10 162 122]
2022-11-27T04:56:25.373Z	DEBUG	replica=6	coded-hotterstuff/consensus.go:576	received proposal	{"CURRENT VIEW": 21, "msg": "proposal", "header view": 22, "prepare view": 20, "hash": "7Bb+cvmJVOtnuxbz/jTx3aPFOlXYkwYfrDz8TccKono=", "parent": "0SZBQS4E4pFqiz2KHQNDBHMPXOkDtszRUc2EO9/2gmc="}
2022-11-27T04:56:25.381Z	DEBUG	replica=6	coded-hotterstuff/consensus.go:809	new block certified	{"CURRENT VIEW": 21, "view": 21, "hash": "0SZBQS4E4pFqiz2KHQNDBHMPXOkDtszRUc2EO9/2gmc="}
2022-11-27T04:56:25.381Z	DEBUG	replica=6	coded-hotterstuff/consensus.go:520	entered new view	{"CURRENT VIEW": 22, "view timeout": 2, "timedout": false}
2022-11-27T04:56:25.381Z	DEBUG	replica=6	coded-hotterstuff/consensus.go:788	new block locked	{"CURRENT VIEW": 22, "view": 20, "hash": "Dba/D48qmB3vVH8kTd18xxswcR8z4rJnptAsC3sfvzQ="}
2022-11-27T04:56:25.381Z	INFO	replica=6	coded-hotterstuff/consensus.go:797	new block commited	{"CURRENT VIEW": 22, "view": 19, "hash": "uSmPJ2ljy8Cf/kVdYaizGHLR6BOCKJsjlWDpYp2SPg4="}
2022-11-27T04:56:25.382Z	DEBUG	replica=6	coded-hotterstuff/consensus.go:678	proposal is safe to vote on	{"CURRENT VIEW": 21, "msg": "proposal", "header view": 22, "prepare view": 20, "hash": "7Bb+cvmJVOtnuxbz/jTx3aPFOlXYkwYfrDz8TccKono=", "parent": "0SZBQS4E4pFqiz2KHQNDBHMPXOkDtszRUc2EO9/2gmc="}
Node  6 +1 block finalized at time:  2022-11-27 04:56:25.385206391 +0000 UTC m=+85.243800591
replica 6 is forwarding chunk to replica 0
replica 6 is forwarding chunk to replica 1
replica 6 is forwarding chunk to replica 2
replica 6 is forwarding chunk to replica 3
replica 6 is forwarding chunk to replica 5
replica 6 is forwarding chunk to replica 7
replica 6 is forwarding chunk to replica 8
Decoded original proposal, time: 2022-11-27 04:56:26.444231294 +0000 UTC m=+86.302825503 header hash: [236 22 254 114 249 137 84 235 103 187 22 243 254 52 241 221 163 197 58 85 216 147 6 31 172 60 252 77 199 10 162 122]
2022-11-27T04:56:26.444Z	DEBUG	replica=6	coded-hotterstuff/consensus.go:576	received proposal	{"CURRENT VIEW": 22, "msg": "proposal", "header view": 22, "prepare view": 21, "hash": "7Bb+cvmJVOtnuxbz/jTx3aPFOlXYkwYfrDz8TccKono=", "parent": "0SZBQS4E4pFqiz2KHQNDBHMPXOkDtszRUc2EO9/2gmc="}
Decoded original proposal, time: 2022-11-27 04:56:27.399347502 +0000 UTC m=+87.257941753 header hash: [236 22 254 114 249 137 84 235 103 187 22 243 254 52 241 221 163 197 58 85 216 147 6 31 172 60 252 77 199 10 162 122]
2022-11-27T04:56:27.399Z	DEBUG	replica=6	coded-hotterstuff/consensus.go:576	received proposal	{"CURRENT VIEW": 22, "msg": "proposal", "header view": 22, "prepare view": 21, "hash": "7Bb+cvmJVOtnuxbz/jTx3aPFOlXYkwYfrDz8TccKono=", "parent": "0SZBQS4E4pFqiz2KHQNDBHMPXOkDtszRUc2EO9/2gmc="}
replica 6 is forwarding chunk to replica 0
replica 6 is forwarding chunk to replica 1
replica 6 is forwarding chunk to replica 2
replica 6 is forwarding chunk to replica 3
replica 6 is forwarding chunk to replica 4
replica 6 is forwarding chunk to replica 7
replica 6 is forwarding chunk to replica 8
2022-11-27T04:56:27.414Z	DEBUG	replica=6	coded-hotterstuff/consensus.go:965	received vote	{"CURRENT VIEW": 22, "msg": "vote", "voter": 5, "view": 22, "hash": "pmj4OJzIOBXqJKBq/WB/iFAMQJkaLhcosvbRgseJajI="}
Node  6  received vote before proposal, saving vote in pending votes, hash is  [166 104 248 56 156 200 56 21 234 36 160 106 253 96 127 136 80 12 64 153 26 46 23 40 178 246 209 130 199 137 106 50]  and string is,  23
2022-11-27T04:56:27.414Z	DEBUG	replica=6	coded-hotterstuff/consensus.go:970	Received vote before proposal, key is, 23	{"CURRENT VIEW": 22}
replica 6 is forwarding chunk to replica 0
replica 6 is forwarding chunk to replica 1
replica 6 is forwarding chunk to replica 2
replica 6 is forwarding chunk to replica 3
replica 6 is forwarding chunk to replica 4
replica 6 is forwarding chunk to replica 7
replica 6 is forwarding chunk to replica 8
Decoded original proposal, time: 2022-11-27 04:56:28.851145901 +0000 UTC m=+88.709740150 header hash: [166 104 248 56 156 200 56 21 234 36 160 106 253 96 127 136 80 12 64 153 26 46 23 40 178 246 209 130 199 137 106 50]
2022-11-27T04:56:28.851Z	DEBUG	replica=6	coded-hotterstuff/consensus.go:576	received proposal	{"CURRENT VIEW": 22, "msg": "proposal", "header view": 23, "prepare view": 21, "hash": "pmj4OJzIOBXqJKBq/WB/iFAMQJkaLhcosvbRgseJajI=", "parent": "7Bb+cvmJVOtnuxbz/jTx3aPFOlXYkwYfrDz8TccKono="}
2022-11-27T04:56:28.861Z	DEBUG	replica=6	coded-hotterstuff/consensus.go:809	new block certified	{"CURRENT VIEW": 22, "view": 22, "hash": "7Bb+cvmJVOtnuxbz/jTx3aPFOlXYkwYfrDz8TccKono="}
2022-11-27T04:56:28.861Z	DEBUG	replica=6	coded-hotterstuff/consensus.go:520	entered new view	{"CURRENT VIEW": 23, "view timeout": 2, "timedout": false}
2022-11-27T04:56:28.861Z	DEBUG	replica=6	coded-hotterstuff/consensus.go:535	replica is a leader for next view. collecting new-view messages	{"CURRENT VIEW": 23}
2022-11-27T04:56:28.861Z	DEBUG	replica=6	coded-hotterstuff/consensus.go:788	new block locked	{"CURRENT VIEW": 23, "view": 21, "hash": "0SZBQS4E4pFqiz2KHQNDBHMPXOkDtszRUc2EO9/2gmc="}
2022-11-27T04:56:28.862Z	INFO	replica=6	coded-hotterstuff/consensus.go:797	new block commited	{"CURRENT VIEW": 23, "view": 20, "hash": "Dba/D48qmB3vVH8kTd18xxswcR8z4rJnptAsC3sfvzQ="}
2022-11-27T04:56:28.863Z	DEBUG	replica=6	coded-hotterstuff/consensus.go:678	proposal is safe to vote on	{"CURRENT VIEW": 22, "msg": "proposal", "header view": 23, "prepare view": 21, "hash": "pmj4OJzIOBXqJKBq/WB/iFAMQJkaLhcosvbRgseJajI=", "parent": "7Bb+cvmJVOtnuxbz/jTx3aPFOlXYkwYfrDz8TccKono="}
2022-11-27T04:56:28.863Z	DEBUG	replica=6	coded-hotterstuff/consensus.go:758	Taking care of pending vote 23	{"CURRENT VIEW": 23}
2022-11-27T04:56:28.863Z	DEBUG	replica=6	coded-hotterstuff/consensus.go:965	received vote	{"CURRENT VIEW": 23, "msg": "vote", "voter": 5, "view": 23, "hash": "pmj4OJzIOBXqJKBq/WB/iFAMQJkaLhcosvbRgseJajI="}
2022-11-27T04:56:28.872Z	DEBUG	replica=6	coded-hotterstuff/consensus.go:965	received vote	{"CURRENT VIEW": 23, "msg": "vote", "voter": 6, "view": 23, "hash": "pmj4OJzIOBXqJKBq/WB/iFAMQJkaLhcosvbRgseJajI="}
Node  6 +1 block finalized at time:  2022-11-27 04:56:28.87989837 +0000 UTC m=+88.738492580
2022-11-27T04:56:28.896Z	DEBUG	replica=6	coded-hotterstuff/consensus.go:965	received vote	{"CURRENT VIEW": 23, "msg": "vote", "voter": 2, "view": 23, "hash": "pmj4OJzIOBXqJKBq/WB/iFAMQJkaLhcosvbRgseJajI="}
2022-11-27T04:56:28.946Z	DEBUG	replica=6	coded-hotterstuff/consensus.go:965	received vote	{"CURRENT VIEW": 23, "msg": "vote", "voter": 8, "view": 23, "hash": "pmj4OJzIOBXqJKBq/WB/iFAMQJkaLhcosvbRgseJajI="}
2022-11-27T04:56:28.975Z	DEBUG	replica=6	coded-hotterstuff/consensus.go:965	received vote	{"CURRENT VIEW": 23, "msg": "vote", "voter": 7, "view": 23, "hash": "pmj4OJzIOBXqJKBq/WB/iFAMQJkaLhcosvbRgseJajI="}
2022-11-27T04:56:29.614Z	DEBUG	replica=6	coded-hotterstuff/consensus.go:965	received vote	{"CURRENT VIEW": 23, "msg": "vote", "voter": 0, "view": 23, "hash": "pmj4OJzIOBXqJKBq/WB/iFAMQJkaLhcosvbRgseJajI="}
2022-11-27T04:56:29.638Z	DEBUG	replica=6	coded-hotterstuff/consensus.go:965	received vote	{"CURRENT VIEW": 23, "msg": "vote", "voter": 3, "view": 23, "hash": "pmj4OJzIOBXqJKBq/WB/iFAMQJkaLhcosvbRgseJajI="}
2022-11-27T04:56:29.644Z	DEBUG	replica=6	coded-hotterstuff/consensus.go:809	new block certified	{"CURRENT VIEW": 23, "view": 23, "hash": "pmj4OJzIOBXqJKBq/WB/iFAMQJkaLhcosvbRgseJajI="}
2022-11-27T04:56:29.644Z	DEBUG	replica=6	coded-hotterstuff/consensus.go:520	entered new view	{"CURRENT VIEW": 24, "view timeout": 2, "timedout": false}
2022-11-27T04:56:29.644Z	DEBUG	replica=6	coded-hotterstuff/consensus.go:544	replica is a leader for this view. waiting for data	{"CURRENT VIEW": 24}
2022-11-27T04:56:29.644Z	DEBUG	replica=6	coded-hotterstuff/consensus.go:520	entered new view	{"CURRENT VIEW": 24, "view timeout": 2, "timedout": false}
2022-11-27T04:56:29.644Z	DEBUG	replica=6	coded-hotterstuff/consensus.go:544	replica is a leader for this view. waiting for data	{"CURRENT VIEW": 24}
2022-11-27T04:56:29.648Z	DEBUG	replica=6	coded-hotterstuff/consensus.go:238	sending proposal	{"CURRENT VIEW": 24, "hash": "gik/jtFw93imMquZfPKd+FqganPHYY5XCcGc1OKyfB0=", "parent": "pmj4OJzIOBXqJKBq/WB/iFAMQJkaLhcosvbRgseJajI=", "signer": 6}
2022-11-27T04:56:29.648Z	DEBUG	replica=6	coded-hotterstuff/consensus.go:576	received proposal	{"CURRENT VIEW": 24, "msg": "proposal", "header view": 24, "prepare view": 23, "hash": "gik/jtFw93imMquZfPKd+FqganPHYY5XCcGc1OKyfB0=", "parent": "pmj4OJzIOBXqJKBq/WB/iFAMQJkaLhcosvbRgseJajI="}
2022-11-27T04:56:29.656Z	DEBUG	replica=6	coded-hotterstuff/consensus.go:788	new block locked	{"CURRENT VIEW": 24, "view": 22, "hash": "7Bb+cvmJVOtnuxbz/jTx3aPFOlXYkwYfrDz8TccKono="}
2022-11-27T04:56:29.656Z	INFO	replica=6	coded-hotterstuff/consensus.go:797	new block commited	{"CURRENT VIEW": 24, "view": 21, "hash": "0SZBQS4E4pFqiz2KHQNDBHMPXOkDtszRUc2EO9/2gmc="}
2022-11-27T04:56:29.657Z	DEBUG	replica=6	coded-hotterstuff/consensus.go:678	proposal is safe to vote on	{"CURRENT VIEW": 24, "msg": "proposal", "header view": 24, "prepare view": 23, "hash": "gik/jtFw93imMquZfPKd+FqganPHYY5XCcGc1OKyfB0=", "parent": "pmj4OJzIOBXqJKBq/WB/iFAMQJkaLhcosvbRgseJajI="}
Node  6 +1 block finalized at time:  2022-11-27 04:56:29.65966582 +0000 UTC m=+89.518260007
2022-11-27T04:56:29.698Z	DEBUG	replica=6	coded-hotterstuff/consensus.go:965	received vote	{"CURRENT VIEW": 24, "msg": "vote", "voter": 1, "view": 24, "hash": "pmj4OJzIOBXqJKBq/WB/iFAMQJkaLhcosvbRgseJajI="}
2022-11-27T04:56:29.704Z	DEBUG	replica=6	coded-hotterstuff/consensus.go:520	entered new view	{"CURRENT VIEW": 24, "view timeout": 2, "timedout": false}
2022-11-27T04:56:29.704Z	DEBUG	replica=6	coded-hotterstuff/consensus.go:544	replica is a leader for this view. waiting for data	{"CURRENT VIEW": 24}
2022-11-27T04:56:29.707Z	DEBUG	replica=6	coded-hotterstuff/consensus.go:238	sending proposal	{"CURRENT VIEW": 24, "hash": "gik/jtFw93imMquZfPKd+FqganPHYY5XCcGc1OKyfB0=", "parent": "pmj4OJzIOBXqJKBq/WB/iFAMQJkaLhcosvbRgseJajI=", "signer": 6}
2022-11-27T04:56:29.708Z	DEBUG	replica=6	coded-hotterstuff/consensus.go:576	received proposal	{"CURRENT VIEW": 24, "msg": "proposal", "header view": 24, "prepare view": 23, "hash": "gik/jtFw93imMquZfPKd+FqganPHYY5XCcGc1OKyfB0=", "parent": "pmj4OJzIOBXqJKBq/WB/iFAMQJkaLhcosvbRgseJajI="}
2022-11-27T04:56:29.835Z	DEBUG	replica=6	coded-hotterstuff/consensus.go:965	received vote	{"CURRENT VIEW": 24, "msg": "vote", "voter": 4, "view": 24, "hash": "pmj4OJzIOBXqJKBq/WB/iFAMQJkaLhcosvbRgseJajI="}
2022-11-27T04:56:29.841Z	DEBUG	replica=6	coded-hotterstuff/consensus.go:520	entered new view	{"CURRENT VIEW": 24, "view timeout": 2, "timedout": false}
2022-11-27T04:56:29.841Z	DEBUG	replica=6	coded-hotterstuff/consensus.go:544	replica is a leader for this view. waiting for data	{"CURRENT VIEW": 24}
2022-11-27T04:56:29.844Z	DEBUG	replica=6	coded-hotterstuff/consensus.go:238	sending proposal	{"CURRENT VIEW": 24, "hash": "gik/jtFw93imMquZfPKd+FqganPHYY5XCcGc1OKyfB0=", "parent": "pmj4OJzIOBXqJKBq/WB/iFAMQJkaLhcosvbRgseJajI=", "signer": 6}
2022-11-27T04:56:29.845Z	DEBUG	replica=6	coded-hotterstuff/consensus.go:576	received proposal	{"CURRENT VIEW": 24, "msg": "proposal", "header view": 24, "prepare view": 23, "hash": "gik/jtFw93imMquZfPKd+FqganPHYY5XCcGc1OKyfB0=", "parent": "pmj4OJzIOBXqJKBq/WB/iFAMQJkaLhcosvbRgseJajI="}
Decoded original proposal, time: 2022-11-27 04:56:29.940259643 +0000 UTC m=+89.798853846 header hash: [166 104 248 56 156 200 56 21 234 36 160 106 253 96 127 136 80 12 64 153 26 46 23 40 178 246 209 130 199 137 106 50]
2022-11-27T04:56:29.940Z	DEBUG	replica=6	coded-hotterstuff/consensus.go:576	received proposal	{"CURRENT VIEW": 24, "msg": "proposal", "header view": 23, "prepare view": 23, "hash": "pmj4OJzIOBXqJKBq/WB/iFAMQJkaLhcosvbRgseJajI=", "parent": "7Bb+cvmJVOtnuxbz/jTx3aPFOlXYkwYfrDz8TccKono="}
2022-11-27T04:56:29.948Z	DEBUG	replica=6	coded-hotterstuff/consensus.go:667	proposal view doesn't match local view	{"CURRENT VIEW": 24, "msg": "proposal", "header view": 23, "prepare view": 23, "hash": "pmj4OJzIOBXqJKBq/WB/iFAMQJkaLhcosvbRgseJajI=", "parent": "7Bb+cvmJVOtnuxbz/jTx3aPFOlXYkwYfrDz8TccKono="}
replica 6 is forwarding chunk to replica 0
replica 6 is forwarding chunk to replica 1
replica 6 is forwarding chunk to replica 2
replica 6 is forwarding chunk to replica 3
replica 6 is forwarding chunk to replica 4
replica 6 is forwarding chunk to replica 7
replica 6 is forwarding chunk to replica 8
Decoded original proposal, time: 2022-11-27 04:56:32.221287975 +0000 UTC m=+92.079882222 header hash: [166 104 248 56 156 200 56 21 234 36 160 106 253 96 127 136 80 12 64 153 26 46 23 40 178 246 209 130 199 137 106 50]
2022-11-27T04:56:32.221Z	DEBUG	replica=6	coded-hotterstuff/consensus.go:576	received proposal	{"CURRENT VIEW": 24, "msg": "proposal", "header view": 23, "prepare view": 23, "hash": "pmj4OJzIOBXqJKBq/WB/iFAMQJkaLhcosvbRgseJajI=", "parent": "7Bb+cvmJVOtnuxbz/jTx3aPFOlXYkwYfrDz8TccKono="}
2022-11-27T04:56:32.230Z	DEBUG	replica=6	coded-hotterstuff/consensus.go:667	proposal view doesn't match local view	{"CURRENT VIEW": 24, "msg": "proposal", "header view": 23, "prepare view": 23, "hash": "pmj4OJzIOBXqJKBq/WB/iFAMQJkaLhcosvbRgseJajI=", "parent": "7Bb+cvmJVOtnuxbz/jTx3aPFOlXYkwYfrDz8TccKono="}
replica 6 is forwarding chunk to replica 0
replica 6 is forwarding chunk to replica 1
replica 6 is forwarding chunk to replica 2
replica 6 is forwarding chunk to replica 3
replica 6 is forwarding chunk to replica 4
replica 6 is forwarding chunk to replica 5
replica 6 is forwarding chunk to replica 8
replica 6 is forwarding chunk to replica 0
replica 6 is forwarding chunk to replica 1
replica 6 is forwarding chunk to replica 2
replica 6 is forwarding chunk to replica 3
replica 6 is forwarding chunk to replica 4
replica 6 is forwarding chunk to replica 5
replica 6 is forwarding chunk to replica 8
replica 6 is forwarding chunk to replica 0
replica 6 is forwarding chunk to replica 1
replica 6 is forwarding chunk to replica 2
replica 6 is forwarding chunk to replica 3
replica 6 is forwarding chunk to replica 4
replica 6 is forwarding chunk to replica 5
replica 6 is forwarding chunk to replica 8
Decoded original proposal, time: 2022-11-27 04:56:37.834760868 +0000 UTC m=+97.693355112 header hash: [82 12 33 240 93 197 165 1 94 69 38 44 114 111 131 23 13 53 141 22 127 230 180 195 211 17 240 209 42 66 163 191]
2022-11-27T04:56:37.834Z	DEBUG	replica=6	coded-hotterstuff/consensus.go:576	received proposal	{"CURRENT VIEW": 24, "msg": "proposal", "header view": 25, "prepare view": 23, "hash": "Ugwh8F3FpQFeRSYscm+DFw01jRZ/5rTD0xHw0SpCo78=", "parent": "gik/jtFw93imMquZfPKd+FqganPHYY5XCcGc1OKyfB0="}
2022-11-27T04:56:37.842Z	DEBUG	replica=6	coded-hotterstuff/consensus.go:809	new block certified	{"CURRENT VIEW": 24, "view": 24, "hash": "gik/jtFw93imMquZfPKd+FqganPHYY5XCcGc1OKyfB0="}
2022-11-27T04:56:37.842Z	DEBUG	replica=6	coded-hotterstuff/consensus.go:520	entered new view	{"CURRENT VIEW": 25, "view timeout": 2, "timedout": false}
2022-11-27T04:56:37.842Z	DEBUG	replica=6	coded-hotterstuff/consensus.go:788	new block locked	{"CURRENT VIEW": 25, "view": 23, "hash": "pmj4OJzIOBXqJKBq/WB/iFAMQJkaLhcosvbRgseJajI="}
2022-11-27T04:56:37.842Z	INFO	replica=6	coded-hotterstuff/consensus.go:797	new block commited	{"CURRENT VIEW": 25, "view": 22, "hash": "7Bb+cvmJVOtnuxbz/jTx3aPFOlXYkwYfrDz8TccKono="}
2022-11-27T04:56:37.844Z	DEBUG	replica=6	coded-hotterstuff/consensus.go:678	proposal is safe to vote on	{"CURRENT VIEW": 24, "msg": "proposal", "header view": 25, "prepare view": 23, "hash": "Ugwh8F3FpQFeRSYscm+DFw01jRZ/5rTD0xHw0SpCo78=", "parent": "gik/jtFw93imMquZfPKd+FqganPHYY5XCcGc1OKyfB0="}
Node  6 +1 block finalized at time:  2022-11-27 04:56:37.847024096 +0000 UTC m=+97.705618297
Decoded original proposal, time: 2022-11-27 04:56:38.560425562 +0000 UTC m=+98.419019804 header hash: [82 12 33 240 93 197 165 1 94 69 38 44 114 111 131 23 13 53 141 22 127 230 180 195 211 17 240 209 42 66 163 191]
2022-11-27T04:56:38.560Z	DEBUG	replica=6	coded-hotterstuff/consensus.go:576	received proposal	{"CURRENT VIEW": 25, "msg": "proposal", "header view": 25, "prepare view": 24, "hash": "Ugwh8F3FpQFeRSYscm+DFw01jRZ/5rTD0xHw0SpCo78=", "parent": "gik/jtFw93imMquZfPKd+FqganPHYY5XCcGc1OKyfB0="}
replica 6 is forwarding chunk to replica 0
replica 6 is forwarding chunk to replica 1
replica 6 is forwarding chunk to replica 2
replica 6 is forwarding chunk to replica 3
replica 6 is forwarding chunk to replica 4
replica 6 is forwarding chunk to replica 5
replica 6 is forwarding chunk to replica 7
Decoded original proposal, time: 2022-11-27 04:56:39.708355928 +0000 UTC m=+99.566950174 header hash: [82 12 33 240 93 197 165 1 94 69 38 44 114 111 131 23 13 53 141 22 127 230 180 195 211 17 240 209 42 66 163 191]
2022-11-27T04:56:39.708Z	DEBUG	replica=6	coded-hotterstuff/consensus.go:576	received proposal	{"CURRENT VIEW": 25, "msg": "proposal", "header view": 25, "prepare view": 24, "hash": "Ugwh8F3FpQFeRSYscm+DFw01jRZ/5rTD0xHw0SpCo78=", "parent": "gik/jtFw93imMquZfPKd+FqganPHYY5XCcGc1OKyfB0="}
replica 6 is forwarding chunk to replica 0
replica 6 is forwarding chunk to replica 1
replica 6 is forwarding chunk to replica 2
replica 6 is forwarding chunk to replica 3
replica 6 is forwarding chunk to replica 4
replica 6 is forwarding chunk to replica 5
replica 6 is forwarding chunk to replica 7
Decoded original proposal, time: 2022-11-27 04:56:41.114398523 +0000 UTC m=+100.972992767 header hash: [4 92 222 242 88 244 7 42 136 122 14 69 49 227 58 66 22 66 11 141 253 91 119 103 62 24 21 53 219 2 9 239]
2022-11-27T04:56:41.114Z	DEBUG	replica=6	coded-hotterstuff/consensus.go:576	received proposal	{"CURRENT VIEW": 25, "msg": "proposal", "header view": 26, "prepare view": 24, "hash": "BFze8lj0ByqIeg5FMeM6QhZCC439W3dnPhgVNdsCCe8=", "parent": "Ugwh8F3FpQFeRSYscm+DFw01jRZ/5rTD0xHw0SpCo78="}
2022-11-27T04:56:41.123Z	DEBUG	replica=6	coded-hotterstuff/consensus.go:809	new block certified	{"CURRENT VIEW": 25, "view": 25, "hash": "Ugwh8F3FpQFeRSYscm+DFw01jRZ/5rTD0xHw0SpCo78="}
2022-11-27T04:56:41.123Z	DEBUG	replica=6	coded-hotterstuff/consensus.go:520	entered new view	{"CURRENT VIEW": 26, "view timeout": 2, "timedout": false}
2022-11-27T04:56:41.123Z	DEBUG	replica=6	coded-hotterstuff/consensus.go:788	new block locked	{"CURRENT VIEW": 26, "view": 24, "hash": "gik/jtFw93imMquZfPKd+FqganPHYY5XCcGc1OKyfB0="}
2022-11-27T04:56:41.123Z	INFO	replica=6	coded-hotterstuff/consensus.go:797	new block commited	{"CURRENT VIEW": 26, "view": 23, "hash": "pmj4OJzIOBXqJKBq/WB/iFAMQJkaLhcosvbRgseJajI="}
2022-11-27T04:56:41.125Z	DEBUG	replica=6	coded-hotterstuff/consensus.go:678	proposal is safe to vote on	{"CURRENT VIEW": 25, "msg": "proposal", "header view": 26, "prepare view": 24, "hash": "BFze8lj0ByqIeg5FMeM6QhZCC439W3dnPhgVNdsCCe8=", "parent": "Ugwh8F3FpQFeRSYscm+DFw01jRZ/5rTD0xHw0SpCo78="}
Node  6 +1 block finalized at time:  2022-11-27 04:56:41.128159731 +0000 UTC m=+100.986753954
replica 6 is forwarding chunk to replica 0
replica 6 is forwarding chunk to replica 1
replica 6 is forwarding chunk to replica 2
replica 6 is forwarding chunk to replica 3
replica 6 is forwarding chunk to replica 4
replica 6 is forwarding chunk to replica 5
replica 6 is forwarding chunk to replica 7
Decoded original proposal, time: 2022-11-27 04:56:42.176946977 +0000 UTC m=+102.035541223 header hash: [4 92 222 242 88 244 7 42 136 122 14 69 49 227 58 66 22 66 11 141 253 91 119 103 62 24 21 53 219 2 9 239]
2022-11-27T04:56:42.176Z	DEBUG	replica=6	coded-hotterstuff/consensus.go:576	received proposal	{"CURRENT VIEW": 26, "msg": "proposal", "header view": 26, "prepare view": 25, "hash": "BFze8lj0ByqIeg5FMeM6QhZCC439W3dnPhgVNdsCCe8=", "parent": "Ugwh8F3FpQFeRSYscm+DFw01jRZ/5rTD0xHw0SpCo78="}
Decoded original proposal, time: 2022-11-27 04:56:43.67496688 +0000 UTC m=+103.533561126 header hash: [4 92 222 242 88 244 7 42 136 122 14 69 49 227 58 66 22 66 11 141 253 91 119 103 62 24 21 53 219 2 9 239]
2022-11-27T04:56:43.675Z	DEBUG	replica=6	coded-hotterstuff/consensus.go:576	received proposal	{"CURRENT VIEW": 26, "msg": "proposal", "header view": 26, "prepare view": 25, "hash": "BFze8lj0ByqIeg5FMeM6QhZCC439W3dnPhgVNdsCCe8=", "parent": "Ugwh8F3FpQFeRSYscm+DFw01jRZ/5rTD0xHw0SpCo78="}
replica 6 is forwarding chunk to replica 1
replica 6 is forwarding chunk to replica 2
replica 6 is forwarding chunk to replica 3
replica 6 is forwarding chunk to replica 4
replica 6 is forwarding chunk to replica 5
replica 6 is forwarding chunk to replica 7
replica 6 is forwarding chunk to replica 8
