Node index: 7
[10.0.1.0:9000 10.0.1.2:9001 10.0.1.4:9002 10.0.1.6:9003 10.0.1.8:9004 10.0.1.10:9005 10.0.1.12:9006 10.0.1.14:9007 10.0.1.16:9008]
node 7 initiating connection to 10.0.1.2:9001
node 7 initiating connection to 10.0.1.0:9000
node 7 initiating connection to 10.0.1.6:9003
node 7 initiating connection to 10.0.1.4:9002
node 7 initiating connection to 10.0.1.8:9004
node 7 initiating connection to 10.0.1.10:9005
node 7 initiating connection to 10.0.1.12:9006
node 7 successfully initiated connection to 10.0.1.2:9001
node 7 successfully initiated connection to 10.0.1.0:9000
node 7 successfully initiated connection to 10.0.1.10:9005
node 7 successfully initiated connection to 10.0.1.4:9002
node 7 successfully initiated connection to 10.0.1.6:9003
node 7 successfully initiated connection to 10.0.1.8:9004
node 7 successfully initiated connection to 10.0.1.12:9006
2022-11-27T04:55:00.266Z	DEBUG	replica=7	coded-hotterstuff/consensus.go:520	entered new view	{"CURRENT VIEW": 1, "view timeout": 2, "timedout": false}
connection established 7 - 8
Node  7 -->  Listening for messages... 
connection established 7 - 1
Node  7 -->  Listening for messages... 
connection established 7 - 0
connection established 7 - 3
connection established 7 - 2
Node  7 -->  Listening for messages... 
Node  7 -->  Listening for messages... 
connection established 7 - 4
connection established 7 - 5
Node  7 -->  Listening for messages... 
Node  7 -->  Listening for messages... 
Node  7 -->  Listening for messages... 
connection established 7 - 6
Node  7 -->  Listening for messages... 
replica 7 is forwarding chunk to replica 0
replica 7 is forwarding chunk to replica 2
replica 7 is forwarding chunk to replica 3
replica 7 is forwarding chunk to replica 4
replica 7 is forwarding chunk to replica 5
replica 7 is forwarding chunk to replica 6
replica 7 is forwarding chunk to replica 8
Decoded original proposal, time: 2022-11-27 04:55:02.547244769 +0000 UTC m=+2.417529406 header hash: [72 160 180 233 149 231 108 139 103 97 149 83 197 114 214 128 107 110 76 231 61 205 42 18 190 82 86 133 4 78 235 255]
2022-11-27T04:55:02.547Z	DEBUG	replica=7	coded-hotterstuff/consensus.go:576	received proposal	{"CURRENT VIEW": 1, "msg": "proposal", "header view": 1, "prepare view": 0, "hash": "SKC06ZXnbItnYZVTxXLWgGtuTOc9zSoSvlJWhQRO6/8=", "parent": "GZWDhiYW+ib6TpJWRLDOftUd8y8ovAaEerQWDbefS7c="}
2022-11-27T04:55:02.562Z	DEBUG	replica=7	coded-hotterstuff/consensus.go:777	could not find gparent header	{"CURRENT VIEW": 1, "view": 0, "hash": "GZWDhiYW+ib6TpJWRLDOftUd8y8ovAaEerQWDbefS7c="}
2022-11-27T04:55:02.571Z	DEBUG	replica=7	coded-hotterstuff/consensus.go:678	proposal is safe to vote on	{"CURRENT VIEW": 1, "msg": "proposal", "header view": 1, "prepare view": 0, "hash": "SKC06ZXnbItnYZVTxXLWgGtuTOc9zSoSvlJWhQRO6/8=", "parent": "GZWDhiYW+ib6TpJWRLDOftUd8y8ovAaEerQWDbefS7c="}
replica 7 is forwarding chunk to replica 0
replica 7 is forwarding chunk to replica 1
replica 7 is forwarding chunk to replica 3
replica 7 is forwarding chunk to replica 4
replica 7 is forwarding chunk to replica 5
replica 7 is forwarding chunk to replica 6
replica 7 is forwarding chunk to replica 8
replica 7 is forwarding chunk to replica 0
replica 7 is forwarding chunk to replica 1
replica 7 is forwarding chunk to replica 3
replica 7 is forwarding chunk to replica 4
replica 7 is forwarding chunk to replica 5
replica 7 is forwarding chunk to replica 6
replica 7 is forwarding chunk to replica 8
Decoded original proposal, time: 2022-11-27 04:55:05.050624736 +0000 UTC m=+4.920909422 header hash: [112 240 93 77 174 234 64 155 158 20 106 227 158 234 134 149 230 112 20 24 127 150 17 128 149 69 129 124 42 247 80 171]
2022-11-27T04:55:05.050Z	DEBUG	replica=7	coded-hotterstuff/consensus.go:576	received proposal	{"CURRENT VIEW": 1, "msg": "proposal", "header view": 2, "prepare view": 0, "hash": "cPBdTa7qQJueFGrjnuqGleZwFBh/lhGAlUWBfCr3UKs=", "parent": "SKC06ZXnbItnYZVTxXLWgGtuTOc9zSoSvlJWhQRO6/8="}
2022-11-27T04:55:05.058Z	DEBUG	replica=7	coded-hotterstuff/consensus.go:809	new block certified	{"CURRENT VIEW": 1, "view": 1, "hash": "SKC06ZXnbItnYZVTxXLWgGtuTOc9zSoSvlJWhQRO6/8="}
2022-11-27T04:55:05.058Z	DEBUG	replica=7	coded-hotterstuff/consensus.go:520	entered new view	{"CURRENT VIEW": 2, "view timeout": 2, "timedout": false}
2022-11-27T04:55:05.058Z	DEBUG	replica=7	coded-hotterstuff/consensus.go:782	could not find ggparent header	{"CURRENT VIEW": 2, "view": 0, "hash": "GZWDhiYW+ib6TpJWRLDOftUd8y8ovAaEerQWDbefS7c="}
2022-11-27T04:55:05.060Z	DEBUG	replica=7	coded-hotterstuff/consensus.go:678	proposal is safe to vote on	{"CURRENT VIEW": 1, "msg": "proposal", "header view": 2, "prepare view": 0, "hash": "cPBdTa7qQJueFGrjnuqGleZwFBh/lhGAlUWBfCr3UKs=", "parent": "SKC06ZXnbItnYZVTxXLWgGtuTOc9zSoSvlJWhQRO6/8="}
Decoded original proposal, time: 2022-11-27 04:55:06.007553349 +0000 UTC m=+5.877838039 header hash: [112 240 93 77 174 234 64 155 158 20 106 227 158 234 134 149 230 112 20 24 127 150 17 128 149 69 129 124 42 247 80 171]
2022-11-27T04:55:06.007Z	DEBUG	replica=7	coded-hotterstuff/consensus.go:576	received proposal	{"CURRENT VIEW": 2, "msg": "proposal", "header view": 2, "prepare view": 1, "hash": "cPBdTa7qQJueFGrjnuqGleZwFBh/lhGAlUWBfCr3UKs=", "parent": "SKC06ZXnbItnYZVTxXLWgGtuTOc9zSoSvlJWhQRO6/8="}
2022-11-27T04:55:06.014Z	DEBUG	replica=7	coded-hotterstuff/consensus.go:782	could not find ggparent header	{"CURRENT VIEW": 2, "view": 0, "hash": "GZWDhiYW+ib6TpJWRLDOftUd8y8ovAaEerQWDbefS7c="}
replica 7 is forwarding chunk to replica 0
replica 7 is forwarding chunk to replica 1
replica 7 is forwarding chunk to replica 2
replica 7 is forwarding chunk to replica 4
replica 7 is forwarding chunk to replica 5
replica 7 is forwarding chunk to replica 6
replica 7 is forwarding chunk to replica 8
Decoded original proposal, time: 2022-11-27 04:55:08.381384228 +0000 UTC m=+8.251668917 header hash: [112 177 115 22 63 1 229 2 188 132 41 134 91 243 148 216 155 140 26 48 57 5 100 136 252 109 95 105 67 73 234 227]
2022-11-27T04:55:08.381Z	DEBUG	replica=7	coded-hotterstuff/consensus.go:576	received proposal	{"CURRENT VIEW": 2, "msg": "proposal", "header view": 3, "prepare view": 1, "hash": "cLFzFj8B5QK8hCmGW/OU2JuMGjA5BWSI/G1faUNJ6uM=", "parent": "cPBdTa7qQJueFGrjnuqGleZwFBh/lhGAlUWBfCr3UKs="}
2022-11-27T04:55:08.390Z	DEBUG	replica=7	coded-hotterstuff/consensus.go:809	new block certified	{"CURRENT VIEW": 2, "view": 2, "hash": "cPBdTa7qQJueFGrjnuqGleZwFBh/lhGAlUWBfCr3UKs="}
2022-11-27T04:55:08.390Z	DEBUG	replica=7	coded-hotterstuff/consensus.go:520	entered new view	{"CURRENT VIEW": 3, "view timeout": 2, "timedout": false}
2022-11-27T04:55:08.390Z	DEBUG	replica=7	coded-hotterstuff/consensus.go:788	new block locked	{"CURRENT VIEW": 3, "view": 1, "hash": "SKC06ZXnbItnYZVTxXLWgGtuTOc9zSoSvlJWhQRO6/8="}
2022-11-27T04:55:08.391Z	DEBUG	replica=7	coded-hotterstuff/consensus.go:678	proposal is safe to vote on	{"CURRENT VIEW": 2, "msg": "proposal", "header view": 3, "prepare view": 1, "hash": "cLFzFj8B5QK8hCmGW/OU2JuMGjA5BWSI/G1faUNJ6uM=", "parent": "cPBdTa7qQJueFGrjnuqGleZwFBh/lhGAlUWBfCr3UKs="}
replica 7 is forwarding chunk to replica 0
replica 7 is forwarding chunk to replica 1
replica 7 is forwarding chunk to replica 2
replica 7 is forwarding chunk to replica 4
replica 7 is forwarding chunk to replica 5
replica 7 is forwarding chunk to replica 6
replica 7 is forwarding chunk to replica 8
replica 7 is forwarding chunk to replica 0
replica 7 is forwarding chunk to replica 1
replica 7 is forwarding chunk to replica 2
replica 7 is forwarding chunk to replica 4
replica 7 is forwarding chunk to replica 5
replica 7 is forwarding chunk to replica 6
replica 7 is forwarding chunk to replica 8
Decoded original proposal, time: 2022-11-27 04:55:09.532814717 +0000 UTC m=+9.403099402 header hash: [112 177 115 22 63 1 229 2 188 132 41 134 91 243 148 216 155 140 26 48 57 5 100 136 252 109 95 105 67 73 234 227]
2022-11-27T04:55:09.532Z	DEBUG	replica=7	coded-hotterstuff/consensus.go:576	received proposal	{"CURRENT VIEW": 3, "msg": "proposal", "header view": 3, "prepare view": 2, "hash": "cLFzFj8B5QK8hCmGW/OU2JuMGjA5BWSI/G1faUNJ6uM=", "parent": "cPBdTa7qQJueFGrjnuqGleZwFBh/lhGAlUWBfCr3UKs="}
Decoded original proposal, time: 2022-11-27 04:55:10.685502443 +0000 UTC m=+10.555787077 header hash: [112 177 115 22 63 1 229 2 188 132 41 134 91 243 148 216 155 140 26 48 57 5 100 136 252 109 95 105 67 73 234 227]
2022-11-27T04:55:10.685Z	DEBUG	replica=7	coded-hotterstuff/consensus.go:576	received proposal	{"CURRENT VIEW": 3, "msg": "proposal", "header view": 3, "prepare view": 2, "hash": "cLFzFj8B5QK8hCmGW/OU2JuMGjA5BWSI/G1faUNJ6uM=", "parent": "cPBdTa7qQJueFGrjnuqGleZwFBh/lhGAlUWBfCr3UKs="}
replica 7 is forwarding chunk to replica 0
replica 7 is forwarding chunk to replica 1
replica 7 is forwarding chunk to replica 2
replica 7 is forwarding chunk to replica 3
replica 7 is forwarding chunk to replica 5
replica 7 is forwarding chunk to replica 6
replica 7 is forwarding chunk to replica 8
Decoded original proposal, time: 2022-11-27 04:55:11.843014581 +0000 UTC m=+11.713299266 header hash: [241 106 152 62 46 209 156 146 237 16 116 52 193 237 0 80 85 192 166 182 15 238 2 99 236 42 182 26 232 130 25 190]
2022-11-27T04:55:11.843Z	DEBUG	replica=7	coded-hotterstuff/consensus.go:576	received proposal	{"CURRENT VIEW": 3, "msg": "proposal", "header view": 4, "prepare view": 2, "hash": "8WqYPi7RnJLtEHQ0we0AUFXAprYP7gJj7Cq2GuiCGb4=", "parent": "cLFzFj8B5QK8hCmGW/OU2JuMGjA5BWSI/G1faUNJ6uM="}
2022-11-27T04:55:11.851Z	DEBUG	replica=7	coded-hotterstuff/consensus.go:809	new block certified	{"CURRENT VIEW": 3, "view": 3, "hash": "cLFzFj8B5QK8hCmGW/OU2JuMGjA5BWSI/G1faUNJ6uM="}
2022-11-27T04:55:11.851Z	DEBUG	replica=7	coded-hotterstuff/consensus.go:520	entered new view	{"CURRENT VIEW": 4, "view timeout": 2, "timedout": false}
2022-11-27T04:55:11.851Z	DEBUG	replica=7	coded-hotterstuff/consensus.go:788	new block locked	{"CURRENT VIEW": 4, "view": 2, "hash": "cPBdTa7qQJueFGrjnuqGleZwFBh/lhGAlUWBfCr3UKs="}
2022-11-27T04:55:11.851Z	INFO	replica=7	coded-hotterstuff/consensus.go:797	new block commited	{"CURRENT VIEW": 4, "view": 1, "hash": "SKC06ZXnbItnYZVTxXLWgGtuTOc9zSoSvlJWhQRO6/8="}
2022-11-27T04:55:11.854Z	DEBUG	replica=7	coded-hotterstuff/consensus.go:678	proposal is safe to vote on	{"CURRENT VIEW": 3, "msg": "proposal", "header view": 4, "prepare view": 2, "hash": "8WqYPi7RnJLtEHQ0we0AUFXAprYP7gJj7Cq2GuiCGb4=", "parent": "cLFzFj8B5QK8hCmGW/OU2JuMGjA5BWSI/G1faUNJ6uM="}
Node  7 +1 block finalized at time:  2022-11-27 04:55:11.857892828 +0000 UTC m=+11.728177471
replica 7 is forwarding chunk to replica 0
replica 7 is forwarding chunk to replica 1
replica 7 is forwarding chunk to replica 2
replica 7 is forwarding chunk to replica 3
replica 7 is forwarding chunk to replica 5
replica 7 is forwarding chunk to replica 6
replica 7 is forwarding chunk to replica 8
Decoded original proposal, time: 2022-11-27 04:55:13.036051061 +0000 UTC m=+12.906335747 header hash: [241 106 152 62 46 209 156 146 237 16 116 52 193 237 0 80 85 192 166 182 15 238 2 99 236 42 182 26 232 130 25 190]
2022-11-27T04:55:13.036Z	DEBUG	replica=7	coded-hotterstuff/consensus.go:576	received proposal	{"CURRENT VIEW": 4, "msg": "proposal", "header view": 4, "prepare view": 3, "hash": "8WqYPi7RnJLtEHQ0we0AUFXAprYP7gJj7Cq2GuiCGb4=", "parent": "cLFzFj8B5QK8hCmGW/OU2JuMGjA5BWSI/G1faUNJ6uM="}
replica 7 is forwarding chunk to replica 0
replica 7 is forwarding chunk to replica 1
replica 7 is forwarding chunk to replica 2
replica 7 is forwarding chunk to replica 3
replica 7 is forwarding chunk to replica 5
replica 7 is forwarding chunk to replica 6
replica 7 is forwarding chunk to replica 8
Decoded original proposal, time: 2022-11-27 04:55:14.104686798 +0000 UTC m=+13.974971485 header hash: [241 106 152 62 46 209 156 146 237 16 116 52 193 237 0 80 85 192 166 182 15 238 2 99 236 42 182 26 232 130 25 190]
2022-11-27T04:55:14.104Z	DEBUG	replica=7	coded-hotterstuff/consensus.go:576	received proposal	{"CURRENT VIEW": 4, "msg": "proposal", "header view": 4, "prepare view": 3, "hash": "8WqYPi7RnJLtEHQ0we0AUFXAprYP7gJj7Cq2GuiCGb4=", "parent": "cLFzFj8B5QK8hCmGW/OU2JuMGjA5BWSI/G1faUNJ6uM="}
replica 7 is forwarding chunk to replica 0
replica 7 is forwarding chunk to replica 1
replica 7 is forwarding chunk to replica 2
replica 7 is forwarding chunk to replica 3
replica 7 is forwarding chunk to replica 4
replica 7 is forwarding chunk to replica 6
replica 7 is forwarding chunk to replica 8
Decoded original proposal, time: 2022-11-27 04:55:16.380696096 +0000 UTC m=+16.250980787 header hash: [142 10 227 234 199 14 168 203 47 218 211 136 230 41 94 109 68 52 16 5 27 142 16 70 5 23 250 1 182 25 221 148]
2022-11-27T04:55:16.380Z	DEBUG	replica=7	coded-hotterstuff/consensus.go:576	received proposal	{"CURRENT VIEW": 4, "msg": "proposal", "header view": 5, "prepare view": 3, "hash": "jgrj6scOqMsv2tOI5ilebUQ0EAUbjhBGBRf6AbYZ3ZQ=", "parent": "8WqYPi7RnJLtEHQ0we0AUFXAprYP7gJj7Cq2GuiCGb4="}
2022-11-27T04:55:16.392Z	DEBUG	replica=7	coded-hotterstuff/consensus.go:809	new block certified	{"CURRENT VIEW": 4, "view": 4, "hash": "8WqYPi7RnJLtEHQ0we0AUFXAprYP7gJj7Cq2GuiCGb4="}
2022-11-27T04:55:16.393Z	DEBUG	replica=7	coded-hotterstuff/consensus.go:520	entered new view	{"CURRENT VIEW": 5, "view timeout": 2, "timedout": false}
2022-11-27T04:55:16.393Z	DEBUG	replica=7	coded-hotterstuff/consensus.go:788	new block locked	{"CURRENT VIEW": 5, "view": 3, "hash": "cLFzFj8B5QK8hCmGW/OU2JuMGjA5BWSI/G1faUNJ6uM="}
2022-11-27T04:55:16.393Z	INFO	replica=7	coded-hotterstuff/consensus.go:797	new block commited	{"CURRENT VIEW": 5, "view": 2, "hash": "cPBdTa7qQJueFGrjnuqGleZwFBh/lhGAlUWBfCr3UKs="}
2022-11-27T04:55:16.395Z	DEBUG	replica=7	coded-hotterstuff/consensus.go:678	proposal is safe to vote on	{"CURRENT VIEW": 4, "msg": "proposal", "header view": 5, "prepare view": 3, "hash": "jgrj6scOqMsv2tOI5ilebUQ0EAUbjhBGBRf6AbYZ3ZQ=", "parent": "8WqYPi7RnJLtEHQ0we0AUFXAprYP7gJj7Cq2GuiCGb4="}
Node  7 +1 block finalized at time:  2022-11-27 04:55:16.39899253 +0000 UTC m=+16.269277207
replica 7 is forwarding chunk to replica 0
replica 7 is forwarding chunk to replica 1
replica 7 is forwarding chunk to replica 2
replica 7 is forwarding chunk to replica 3
replica 7 is forwarding chunk to replica 4
replica 7 is forwarding chunk to replica 6
replica 7 is forwarding chunk to replica 8
replica 7 is forwarding chunk to replica 0
replica 7 is forwarding chunk to replica 1
replica 7 is forwarding chunk to replica 2
replica 7 is forwarding chunk to replica 3
replica 7 is forwarding chunk to replica 4
replica 7 is forwarding chunk to replica 6
replica 7 is forwarding chunk to replica 8
Decoded original proposal, time: 2022-11-27 04:55:17.62216761 +0000 UTC m=+17.492452291 header hash: [142 10 227 234 199 14 168 203 47 218 211 136 230 41 94 109 68 52 16 5 27 142 16 70 5 23 250 1 182 25 221 148]
2022-11-27T04:55:17.622Z	DEBUG	replica=7	coded-hotterstuff/consensus.go:576	received proposal	{"CURRENT VIEW": 5, "msg": "proposal", "header view": 5, "prepare view": 4, "hash": "jgrj6scOqMsv2tOI5ilebUQ0EAUbjhBGBRf6AbYZ3ZQ=", "parent": "8WqYPi7RnJLtEHQ0we0AUFXAprYP7gJj7Cq2GuiCGb4="}
Decoded original proposal, time: 2022-11-27 04:55:18.485370003 +0000 UTC m=+18.355654690 header hash: [142 10 227 234 199 14 168 203 47 218 211 136 230 41 94 109 68 52 16 5 27 142 16 70 5 23 250 1 182 25 221 148]
2022-11-27T04:55:18.485Z	DEBUG	replica=7	coded-hotterstuff/consensus.go:576	received proposal	{"CURRENT VIEW": 5, "msg": "proposal", "header view": 5, "prepare view": 4, "hash": "jgrj6scOqMsv2tOI5ilebUQ0EAUbjhBGBRf6AbYZ3ZQ=", "parent": "8WqYPi7RnJLtEHQ0we0AUFXAprYP7gJj7Cq2GuiCGb4="}
replica 7 is forwarding chunk to replica 0
replica 7 is forwarding chunk to replica 1
replica 7 is forwarding chunk to replica 2
replica 7 is forwarding chunk to replica 3
replica 7 is forwarding chunk to replica 4
replica 7 is forwarding chunk to replica 5
replica 7 is forwarding chunk to replica 8
2022-11-27T04:55:19.046Z	DEBUG	replica=7	coded-hotterstuff/consensus.go:965	received vote	{"CURRENT VIEW": 5, "msg": "vote", "voter": 6, "view": 5, "hash": "kFp8+So3McG2yp/crA+UXLJ7e1+L/NadJHrbEZU+si4="}
Node  7  received vote before proposal, saving vote in pending votes, hash is  [144 90 124 249 42 55 49 193 182 202 159 220 172 15 148 92 178 123 123 95 139 252 214 157 36 122 219 17 149 62 178 46]  and string is,  6
2022-11-27T04:55:19.046Z	DEBUG	replica=7	coded-hotterstuff/consensus.go:970	Received vote before proposal, key is, 6	{"CURRENT VIEW": 5}
Decoded original proposal, time: 2022-11-27 04:55:19.946125912 +0000 UTC m=+19.816410594 header hash: [144 90 124 249 42 55 49 193 182 202 159 220 172 15 148 92 178 123 123 95 139 252 214 157 36 122 219 17 149 62 178 46]
2022-11-27T04:55:19.946Z	DEBUG	replica=7	coded-hotterstuff/consensus.go:576	received proposal	{"CURRENT VIEW": 5, "msg": "proposal", "header view": 6, "prepare view": 4, "hash": "kFp8+So3McG2yp/crA+UXLJ7e1+L/NadJHrbEZU+si4=", "parent": "jgrj6scOqMsv2tOI5ilebUQ0EAUbjhBGBRf6AbYZ3ZQ="}
2022-11-27T04:55:19.956Z	DEBUG	replica=7	coded-hotterstuff/consensus.go:809	new block certified	{"CURRENT VIEW": 5, "view": 5, "hash": "jgrj6scOqMsv2tOI5ilebUQ0EAUbjhBGBRf6AbYZ3ZQ="}
2022-11-27T04:55:19.956Z	DEBUG	replica=7	coded-hotterstuff/consensus.go:520	entered new view	{"CURRENT VIEW": 6, "view timeout": 2, "timedout": false}
2022-11-27T04:55:19.956Z	DEBUG	replica=7	coded-hotterstuff/consensus.go:535	replica is a leader for next view. collecting new-view messages	{"CURRENT VIEW": 6}
2022-11-27T04:55:19.956Z	DEBUG	replica=7	coded-hotterstuff/consensus.go:788	new block locked	{"CURRENT VIEW": 6, "view": 4, "hash": "8WqYPi7RnJLtEHQ0we0AUFXAprYP7gJj7Cq2GuiCGb4="}
2022-11-27T04:55:19.956Z	INFO	replica=7	coded-hotterstuff/consensus.go:797	new block commited	{"CURRENT VIEW": 6, "view": 3, "hash": "cLFzFj8B5QK8hCmGW/OU2JuMGjA5BWSI/G1faUNJ6uM="}
2022-11-27T04:55:19.958Z	DEBUG	replica=7	coded-hotterstuff/consensus.go:678	proposal is safe to vote on	{"CURRENT VIEW": 5, "msg": "proposal", "header view": 6, "prepare view": 4, "hash": "kFp8+So3McG2yp/crA+UXLJ7e1+L/NadJHrbEZU+si4=", "parent": "jgrj6scOqMsv2tOI5ilebUQ0EAUbjhBGBRf6AbYZ3ZQ="}
2022-11-27T04:55:19.958Z	DEBUG	replica=7	coded-hotterstuff/consensus.go:758	Taking care of pending vote 6	{"CURRENT VIEW": 6}
2022-11-27T04:55:19.958Z	DEBUG	replica=7	coded-hotterstuff/consensus.go:965	received vote	{"CURRENT VIEW": 6, "msg": "vote", "voter": 6, "view": 6, "hash": "kFp8+So3McG2yp/crA+UXLJ7e1+L/NadJHrbEZU+si4="}
2022-11-27T04:55:19.966Z	DEBUG	replica=7	coded-hotterstuff/consensus.go:965	received vote	{"CURRENT VIEW": 6, "msg": "vote", "voter": 7, "view": 6, "hash": "kFp8+So3McG2yp/crA+UXLJ7e1+L/NadJHrbEZU+si4="}
Node  7 +1 block finalized at time:  2022-11-27 04:55:19.971570767 +0000 UTC m=+19.841855404
2022-11-27T04:55:20.026Z	DEBUG	replica=7	coded-hotterstuff/consensus.go:965	received vote	{"CURRENT VIEW": 6, "msg": "vote", "voter": 0, "view": 6, "hash": "kFp8+So3McG2yp/crA+UXLJ7e1+L/NadJHrbEZU+si4="}
2022-11-27T04:55:20.073Z	DEBUG	replica=7	coded-hotterstuff/consensus.go:965	received vote	{"CURRENT VIEW": 6, "msg": "vote", "voter": 3, "view": 6, "hash": "kFp8+So3McG2yp/crA+UXLJ7e1+L/NadJHrbEZU+si4="}
2022-11-27T04:55:20.094Z	DEBUG	replica=7	coded-hotterstuff/consensus.go:965	received vote	{"CURRENT VIEW": 6, "msg": "vote", "voter": 2, "view": 6, "hash": "kFp8+So3McG2yp/crA+UXLJ7e1+L/NadJHrbEZU+si4="}
2022-11-27T04:55:20.107Z	DEBUG	replica=7	coded-hotterstuff/consensus.go:965	received vote	{"CURRENT VIEW": 6, "msg": "vote", "voter": 4, "view": 6, "hash": "kFp8+So3McG2yp/crA+UXLJ7e1+L/NadJHrbEZU+si4="}
2022-11-27T04:55:20.113Z	DEBUG	replica=7	coded-hotterstuff/consensus.go:965	received vote	{"CURRENT VIEW": 6, "msg": "vote", "voter": 1, "view": 6, "hash": "kFp8+So3McG2yp/crA+UXLJ7e1+L/NadJHrbEZU+si4="}
2022-11-27T04:55:20.118Z	DEBUG	replica=7	coded-hotterstuff/consensus.go:809	new block certified	{"CURRENT VIEW": 6, "view": 6, "hash": "kFp8+So3McG2yp/crA+UXLJ7e1+L/NadJHrbEZU+si4="}
2022-11-27T04:55:20.118Z	DEBUG	replica=7	coded-hotterstuff/consensus.go:520	entered new view	{"CURRENT VIEW": 7, "view timeout": 2, "timedout": false}
2022-11-27T04:55:20.118Z	DEBUG	replica=7	coded-hotterstuff/consensus.go:544	replica is a leader for this view. waiting for data	{"CURRENT VIEW": 7}
2022-11-27T04:55:20.118Z	DEBUG	replica=7	coded-hotterstuff/consensus.go:520	entered new view	{"CURRENT VIEW": 7, "view timeout": 2, "timedout": false}
2022-11-27T04:55:20.118Z	DEBUG	replica=7	coded-hotterstuff/consensus.go:544	replica is a leader for this view. waiting for data	{"CURRENT VIEW": 7}
2022-11-27T04:55:20.121Z	DEBUG	replica=7	coded-hotterstuff/consensus.go:238	sending proposal	{"CURRENT VIEW": 7, "hash": "UrpGBauqox/y7djWW1+uYAk4lnjGCoti5rxDg06dPA8=", "parent": "kFp8+So3McG2yp/crA+UXLJ7e1+L/NadJHrbEZU+si4=", "signer": 7}
2022-11-27T04:55:20.122Z	DEBUG	replica=7	coded-hotterstuff/consensus.go:576	received proposal	{"CURRENT VIEW": 7, "msg": "proposal", "header view": 7, "prepare view": 6, "hash": "UrpGBauqox/y7djWW1+uYAk4lnjGCoti5rxDg06dPA8=", "parent": "kFp8+So3McG2yp/crA+UXLJ7e1+L/NadJHrbEZU+si4="}
2022-11-27T04:55:20.130Z	DEBUG	replica=7	coded-hotterstuff/consensus.go:788	new block locked	{"CURRENT VIEW": 7, "view": 5, "hash": "jgrj6scOqMsv2tOI5ilebUQ0EAUbjhBGBRf6AbYZ3ZQ="}
2022-11-27T04:55:20.130Z	INFO	replica=7	coded-hotterstuff/consensus.go:797	new block commited	{"CURRENT VIEW": 7, "view": 4, "hash": "8WqYPi7RnJLtEHQ0we0AUFXAprYP7gJj7Cq2GuiCGb4="}
2022-11-27T04:55:20.131Z	DEBUG	replica=7	coded-hotterstuff/consensus.go:678	proposal is safe to vote on	{"CURRENT VIEW": 7, "msg": "proposal", "header view": 7, "prepare view": 6, "hash": "UrpGBauqox/y7djWW1+uYAk4lnjGCoti5rxDg06dPA8=", "parent": "kFp8+So3McG2yp/crA+UXLJ7e1+L/NadJHrbEZU+si4="}
Node  7 +1 block finalized at time:  2022-11-27 04:55:20.133878324 +0000 UTC m=+20.004162956
2022-11-27T04:55:20.137Z	DEBUG	replica=7	coded-hotterstuff/consensus.go:965	received vote	{"CURRENT VIEW": 7, "msg": "vote", "voter": 8, "view": 7, "hash": "kFp8+So3McG2yp/crA+UXLJ7e1+L/NadJHrbEZU+si4="}
2022-11-27T04:55:20.143Z	DEBUG	replica=7	coded-hotterstuff/consensus.go:520	entered new view	{"CURRENT VIEW": 7, "view timeout": 2, "timedout": false}
2022-11-27T04:55:20.143Z	DEBUG	replica=7	coded-hotterstuff/consensus.go:544	replica is a leader for this view. waiting for data	{"CURRENT VIEW": 7}
2022-11-27T04:55:20.146Z	DEBUG	replica=7	coded-hotterstuff/consensus.go:238	sending proposal	{"CURRENT VIEW": 7, "hash": "UrpGBauqox/y7djWW1+uYAk4lnjGCoti5rxDg06dPA8=", "parent": "kFp8+So3McG2yp/crA+UXLJ7e1+L/NadJHrbEZU+si4=", "signer": 7}
2022-11-27T04:55:20.147Z	DEBUG	replica=7	coded-hotterstuff/consensus.go:576	received proposal	{"CURRENT VIEW": 7, "msg": "proposal", "header view": 7, "prepare view": 6, "hash": "UrpGBauqox/y7djWW1+uYAk4lnjGCoti5rxDg06dPA8=", "parent": "kFp8+So3McG2yp/crA+UXLJ7e1+L/NadJHrbEZU+si4="}
2022-11-27T04:55:20.667Z	DEBUG	replica=7	coded-hotterstuff/consensus.go:965	received vote	{"CURRENT VIEW": 7, "msg": "vote", "voter": 5, "view": 7, "hash": "kFp8+So3McG2yp/crA+UXLJ7e1+L/NadJHrbEZU+si4="}
2022-11-27T04:55:20.672Z	DEBUG	replica=7	coded-hotterstuff/consensus.go:520	entered new view	{"CURRENT VIEW": 7, "view timeout": 2, "timedout": false}
2022-11-27T04:55:20.672Z	DEBUG	replica=7	coded-hotterstuff/consensus.go:544	replica is a leader for this view. waiting for data	{"CURRENT VIEW": 7}
2022-11-27T04:55:20.675Z	DEBUG	replica=7	coded-hotterstuff/consensus.go:238	sending proposal	{"CURRENT VIEW": 7, "hash": "UrpGBauqox/y7djWW1+uYAk4lnjGCoti5rxDg06dPA8=", "parent": "kFp8+So3McG2yp/crA+UXLJ7e1+L/NadJHrbEZU+si4=", "signer": 7}
2022-11-27T04:55:20.676Z	DEBUG	replica=7	coded-hotterstuff/consensus.go:576	received proposal	{"CURRENT VIEW": 7, "msg": "proposal", "header view": 7, "prepare view": 6, "hash": "UrpGBauqox/y7djWW1+uYAk4lnjGCoti5rxDg06dPA8=", "parent": "kFp8+So3McG2yp/crA+UXLJ7e1+L/NadJHrbEZU+si4="}
replica 7 is forwarding chunk to replica 0
replica 7 is forwarding chunk to replica 1
replica 7 is forwarding chunk to replica 2
replica 7 is forwarding chunk to replica 3
replica 7 is forwarding chunk to replica 4
replica 7 is forwarding chunk to replica 5
replica 7 is forwarding chunk to replica 8
Decoded original proposal, time: 2022-11-27 04:55:22.193873552 +0000 UTC m=+22.064158193 header hash: [144 90 124 249 42 55 49 193 182 202 159 220 172 15 148 92 178 123 123 95 139 252 214 157 36 122 219 17 149 62 178 46]
2022-11-27T04:55:22.193Z	DEBUG	replica=7	coded-hotterstuff/consensus.go:576	received proposal	{"CURRENT VIEW": 7, "msg": "proposal", "header view": 6, "prepare view": 6, "hash": "kFp8+So3McG2yp/crA+UXLJ7e1+L/NadJHrbEZU+si4=", "parent": "jgrj6scOqMsv2tOI5ilebUQ0EAUbjhBGBRf6AbYZ3ZQ="}
2022-11-27T04:55:22.203Z	DEBUG	replica=7	coded-hotterstuff/consensus.go:667	proposal view doesn't match local view	{"CURRENT VIEW": 7, "msg": "proposal", "header view": 6, "prepare view": 6, "hash": "kFp8+So3McG2yp/crA+UXLJ7e1+L/NadJHrbEZU+si4=", "parent": "jgrj6scOqMsv2tOI5ilebUQ0EAUbjhBGBRf6AbYZ3ZQ="}
replica 7 is forwarding chunk to replica 0
replica 7 is forwarding chunk to replica 1
replica 7 is forwarding chunk to replica 2
replica 7 is forwarding chunk to replica 3
replica 7 is forwarding chunk to replica 4
replica 7 is forwarding chunk to replica 5
replica 7 is forwarding chunk to replica 8
Decoded original proposal, time: 2022-11-27 04:55:23.528542248 +0000 UTC m=+23.398826905 header hash: [144 90 124 249 42 55 49 193 182 202 159 220 172 15 148 92 178 123 123 95 139 252 214 157 36 122 219 17 149 62 178 46]
2022-11-27T04:55:23.528Z	DEBUG	replica=7	coded-hotterstuff/consensus.go:576	received proposal	{"CURRENT VIEW": 7, "msg": "proposal", "header view": 6, "prepare view": 6, "hash": "kFp8+So3McG2yp/crA+UXLJ7e1+L/NadJHrbEZU+si4=", "parent": "jgrj6scOqMsv2tOI5ilebUQ0EAUbjhBGBRf6AbYZ3ZQ="}
2022-11-27T04:55:23.537Z	DEBUG	replica=7	coded-hotterstuff/consensus.go:667	proposal view doesn't match local view	{"CURRENT VIEW": 7, "msg": "proposal", "header view": 6, "prepare view": 6, "hash": "kFp8+So3McG2yp/crA+UXLJ7e1+L/NadJHrbEZU+si4=", "parent": "jgrj6scOqMsv2tOI5ilebUQ0EAUbjhBGBRf6AbYZ3ZQ="}
replica 7 is forwarding chunk to replica 0
replica 7 is forwarding chunk to replica 1
replica 7 is forwarding chunk to replica 2
replica 7 is forwarding chunk to replica 3
replica 7 is forwarding chunk to replica 4
replica 7 is forwarding chunk to replica 5
replica 7 is forwarding chunk to replica 6
replica 7 is forwarding chunk to replica 0
replica 7 is forwarding chunk to replica 1
replica 7 is forwarding chunk to replica 2
replica 7 is forwarding chunk to replica 3
replica 7 is forwarding chunk to replica 4
replica 7 is forwarding chunk to replica 5
replica 7 is forwarding chunk to replica 6
replica 7 is forwarding chunk to replica 0
replica 7 is forwarding chunk to replica 1
replica 7 is forwarding chunk to replica 2
replica 7 is forwarding chunk to replica 3
replica 7 is forwarding chunk to replica 4
replica 7 is forwarding chunk to replica 5
replica 7 is forwarding chunk to replica 6
Decoded original proposal, time: 2022-11-27 04:55:28.988149799 +0000 UTC m=+28.858434436 header hash: [9 212 205 28 110 251 47 242 141 111 167 241 108 89 12 35 155 222 125 75 78 184 7 35 235 24 77 74 102 255 131 11]
2022-11-27T04:55:28.988Z	DEBUG	replica=7	coded-hotterstuff/consensus.go:576	received proposal	{"CURRENT VIEW": 7, "msg": "proposal", "header view": 8, "prepare view": 6, "hash": "CdTNHG77L/KNb6fxbFkMI5vefUtOuAcj6xhNSmb/gws=", "parent": "UrpGBauqox/y7djWW1+uYAk4lnjGCoti5rxDg06dPA8="}
2022-11-27T04:55:28.996Z	DEBUG	replica=7	coded-hotterstuff/consensus.go:809	new block certified	{"CURRENT VIEW": 7, "view": 7, "hash": "UrpGBauqox/y7djWW1+uYAk4lnjGCoti5rxDg06dPA8="}
2022-11-27T04:55:28.996Z	DEBUG	replica=7	coded-hotterstuff/consensus.go:520	entered new view	{"CURRENT VIEW": 8, "view timeout": 2, "timedout": false}
2022-11-27T04:55:28.996Z	DEBUG	replica=7	coded-hotterstuff/consensus.go:788	new block locked	{"CURRENT VIEW": 8, "view": 6, "hash": "kFp8+So3McG2yp/crA+UXLJ7e1+L/NadJHrbEZU+si4="}
2022-11-27T04:55:28.996Z	INFO	replica=7	coded-hotterstuff/consensus.go:797	new block commited	{"CURRENT VIEW": 8, "view": 5, "hash": "jgrj6scOqMsv2tOI5ilebUQ0EAUbjhBGBRf6AbYZ3ZQ="}
2022-11-27T04:55:28.997Z	DEBUG	replica=7	coded-hotterstuff/consensus.go:678	proposal is safe to vote on	{"CURRENT VIEW": 7, "msg": "proposal", "header view": 8, "prepare view": 6, "hash": "CdTNHG77L/KNb6fxbFkMI5vefUtOuAcj6xhNSmb/gws=", "parent": "UrpGBauqox/y7djWW1+uYAk4lnjGCoti5rxDg06dPA8="}
Node  7 +1 block finalized at time:  2022-11-27 04:55:28.999990984 +0000 UTC m=+28.870275626
Decoded original proposal, time: 2022-11-27 04:55:30.098832848 +0000 UTC m=+29.969117482 header hash: [9 212 205 28 110 251 47 242 141 111 167 241 108 89 12 35 155 222 125 75 78 184 7 35 235 24 77 74 102 255 131 11]
2022-11-27T04:55:30.098Z	DEBUG	replica=7	coded-hotterstuff/consensus.go:576	received proposal	{"CURRENT VIEW": 8, "msg": "proposal", "header view": 8, "prepare view": 7, "hash": "CdTNHG77L/KNb6fxbFkMI5vefUtOuAcj6xhNSmb/gws=", "parent": "UrpGBauqox/y7djWW1+uYAk4lnjGCoti5rxDg06dPA8="}
Decoded original proposal, time: 2022-11-27 04:55:30.866551429 +0000 UTC m=+30.736836064 header hash: [9 212 205 28 110 251 47 242 141 111 167 241 108 89 12 35 155 222 125 75 78 184 7 35 235 24 77 74 102 255 131 11]
2022-11-27T04:55:30.866Z	DEBUG	replica=7	coded-hotterstuff/consensus.go:576	received proposal	{"CURRENT VIEW": 8, "msg": "proposal", "header view": 8, "prepare view": 7, "hash": "CdTNHG77L/KNb6fxbFkMI5vefUtOuAcj6xhNSmb/gws=", "parent": "UrpGBauqox/y7djWW1+uYAk4lnjGCoti5rxDg06dPA8="}
replica 7 is forwarding chunk to replica 1
replica 7 is forwarding chunk to replica 2
replica 7 is forwarding chunk to replica 3
replica 7 is forwarding chunk to replica 4
replica 7 is forwarding chunk to replica 5
replica 7 is forwarding chunk to replica 6
replica 7 is forwarding chunk to replica 8
replica 7 is forwarding chunk to replica 1
replica 7 is forwarding chunk to replica 2
replica 7 is forwarding chunk to replica 3
replica 7 is forwarding chunk to replica 4
replica 7 is forwarding chunk to replica 5
replica 7 is forwarding chunk to replica 6
replica 7 is forwarding chunk to replica 8
Decoded original proposal, time: 2022-11-27 04:55:34.131835118 +0000 UTC m=+34.002119764 header hash: [75 152 239 23 193 229 152 187 193 198 49 17 94 0 66 98 109 76 252 99 208 6 227 177 121 255 81 193 174 84 93 16]
2022-11-27T04:55:34.131Z	DEBUG	replica=7	coded-hotterstuff/consensus.go:576	received proposal	{"CURRENT VIEW": 8, "msg": "proposal", "header view": 9, "prepare view": 7, "hash": "S5jvF8HlmLvBxjERXgBCYm1M/GPQBuOxef9Rwa5UXRA=", "parent": "CdTNHG77L/KNb6fxbFkMI5vefUtOuAcj6xhNSmb/gws="}
2022-11-27T04:55:34.142Z	DEBUG	replica=7	coded-hotterstuff/consensus.go:809	new block certified	{"CURRENT VIEW": 8, "view": 8, "hash": "CdTNHG77L/KNb6fxbFkMI5vefUtOuAcj6xhNSmb/gws="}
2022-11-27T04:55:34.142Z	DEBUG	replica=7	coded-hotterstuff/consensus.go:520	entered new view	{"CURRENT VIEW": 9, "view timeout": 2, "timedout": false}
2022-11-27T04:55:34.142Z	DEBUG	replica=7	coded-hotterstuff/consensus.go:788	new block locked	{"CURRENT VIEW": 9, "view": 7, "hash": "UrpGBauqox/y7djWW1+uYAk4lnjGCoti5rxDg06dPA8="}
2022-11-27T04:55:34.142Z	INFO	replica=7	coded-hotterstuff/consensus.go:797	new block commited	{"CURRENT VIEW": 9, "view": 6, "hash": "kFp8+So3McG2yp/crA+UXLJ7e1+L/NadJHrbEZU+si4="}
2022-11-27T04:55:34.143Z	DEBUG	replica=7	coded-hotterstuff/consensus.go:678	proposal is safe to vote on	{"CURRENT VIEW": 8, "msg": "proposal", "header view": 9, "prepare view": 7, "hash": "S5jvF8HlmLvBxjERXgBCYm1M/GPQBuOxef9Rwa5UXRA=", "parent": "CdTNHG77L/KNb6fxbFkMI5vefUtOuAcj6xhNSmb/gws="}
Node  7 +1 block finalized at time:  2022-11-27 04:55:34.145575323 +0000 UTC m=+34.015859957
replica 7 is forwarding chunk to replica 1
replica 7 is forwarding chunk to replica 2
replica 7 is forwarding chunk to replica 3
replica 7 is forwarding chunk to replica 4
replica 7 is forwarding chunk to replica 5
replica 7 is forwarding chunk to replica 6
replica 7 is forwarding chunk to replica 8
Decoded original proposal, time: 2022-11-27 04:55:34.971775792 +0000 UTC m=+34.842060475 header hash: [75 152 239 23 193 229 152 187 193 198 49 17 94 0 66 98 109 76 252 99 208 6 227 177 121 255 81 193 174 84 93 16]
2022-11-27T04:55:34.971Z	DEBUG	replica=7	coded-hotterstuff/consensus.go:576	received proposal	{"CURRENT VIEW": 9, "msg": "proposal", "header view": 9, "prepare view": 8, "hash": "S5jvF8HlmLvBxjERXgBCYm1M/GPQBuOxef9Rwa5UXRA=", "parent": "CdTNHG77L/KNb6fxbFkMI5vefUtOuAcj6xhNSmb/gws="}
Decoded original proposal, time: 2022-11-27 04:55:35.963125896 +0000 UTC m=+35.833410577 header hash: [75 152 239 23 193 229 152 187 193 198 49 17 94 0 66 98 109 76 252 99 208 6 227 177 121 255 81 193 174 84 93 16]
2022-11-27T04:55:35.963Z	DEBUG	replica=7	coded-hotterstuff/consensus.go:576	received proposal	{"CURRENT VIEW": 9, "msg": "proposal", "header view": 9, "prepare view": 8, "hash": "S5jvF8HlmLvBxjERXgBCYm1M/GPQBuOxef9Rwa5UXRA=", "parent": "CdTNHG77L/KNb6fxbFkMI5vefUtOuAcj6xhNSmb/gws="}
replica 7 is forwarding chunk to replica 0
replica 7 is forwarding chunk to replica 2
replica 7 is forwarding chunk to replica 3
replica 7 is forwarding chunk to replica 4
replica 7 is forwarding chunk to replica 5
replica 7 is forwarding chunk to replica 6
replica 7 is forwarding chunk to replica 8
replica 7 is forwarding chunk to replica 0
replica 7 is forwarding chunk to replica 2
replica 7 is forwarding chunk to replica 3
replica 7 is forwarding chunk to replica 4
replica 7 is forwarding chunk to replica 5
replica 7 is forwarding chunk to replica 6
replica 7 is forwarding chunk to replica 8
Decoded original proposal, time: 2022-11-27 04:55:37.754362352 +0000 UTC m=+37.624647032 header hash: [27 41 162 234 216 56 3 146 217 203 198 162 48 110 164 219 109 81 22 147 45 180 199 35 245 217 107 204 240 129 84 110]
2022-11-27T04:55:37.754Z	DEBUG	replica=7	coded-hotterstuff/consensus.go:576	received proposal	{"CURRENT VIEW": 9, "msg": "proposal", "header view": 10, "prepare view": 8, "hash": "Gymi6tg4A5LZy8aiMG6k221RFpMttMcj9dlrzPCBVG4=", "parent": "S5jvF8HlmLvBxjERXgBCYm1M/GPQBuOxef9Rwa5UXRA="}
2022-11-27T04:55:37.762Z	DEBUG	replica=7	coded-hotterstuff/consensus.go:809	new block certified	{"CURRENT VIEW": 9, "view": 9, "hash": "S5jvF8HlmLvBxjERXgBCYm1M/GPQBuOxef9Rwa5UXRA="}
2022-11-27T04:55:37.762Z	DEBUG	replica=7	coded-hotterstuff/consensus.go:520	entered new view	{"CURRENT VIEW": 10, "view timeout": 2, "timedout": false}
2022-11-27T04:55:37.763Z	DEBUG	replica=7	coded-hotterstuff/consensus.go:788	new block locked	{"CURRENT VIEW": 10, "view": 8, "hash": "CdTNHG77L/KNb6fxbFkMI5vefUtOuAcj6xhNSmb/gws="}
2022-11-27T04:55:37.763Z	INFO	replica=7	coded-hotterstuff/consensus.go:797	new block commited	{"CURRENT VIEW": 10, "view": 7, "hash": "UrpGBauqox/y7djWW1+uYAk4lnjGCoti5rxDg06dPA8="}
2022-11-27T04:55:37.768Z	DEBUG	replica=7	coded-hotterstuff/consensus.go:678	proposal is safe to vote on	{"CURRENT VIEW": 9, "msg": "proposal", "header view": 10, "prepare view": 8, "hash": "Gymi6tg4A5LZy8aiMG6k221RFpMttMcj9dlrzPCBVG4=", "parent": "S5jvF8HlmLvBxjERXgBCYm1M/GPQBuOxef9Rwa5UXRA="}
Node  7 +1 block finalized at time:  2022-11-27 04:55:37.770611616 +0000 UTC m=+37.640896254
replica 7 is forwarding chunk to replica 0
replica 7 is forwarding chunk to replica 2
replica 7 is forwarding chunk to replica 3
replica 7 is forwarding chunk to replica 4
replica 7 is forwarding chunk to replica 5
replica 7 is forwarding chunk to replica 6
replica 7 is forwarding chunk to replica 8
Decoded original proposal, time: 2022-11-27 04:55:39.059248436 +0000 UTC m=+38.929533119 header hash: [27 41 162 234 216 56 3 146 217 203 198 162 48 110 164 219 109 81 22 147 45 180 199 35 245 217 107 204 240 129 84 110]
2022-11-27T04:55:39.059Z	DEBUG	replica=7	coded-hotterstuff/consensus.go:576	received proposal	{"CURRENT VIEW": 10, "msg": "proposal", "header view": 10, "prepare view": 9, "hash": "Gymi6tg4A5LZy8aiMG6k221RFpMttMcj9dlrzPCBVG4=", "parent": "S5jvF8HlmLvBxjERXgBCYm1M/GPQBuOxef9Rwa5UXRA="}
Decoded original proposal, time: 2022-11-27 04:55:40.137264366 +0000 UTC m=+40.007549047 header hash: [27 41 162 234 216 56 3 146 217 203 198 162 48 110 164 219 109 81 22 147 45 180 199 35 245 217 107 204 240 129 84 110]
2022-11-27T04:55:40.137Z	DEBUG	replica=7	coded-hotterstuff/consensus.go:576	received proposal	{"CURRENT VIEW": 10, "msg": "proposal", "header view": 10, "prepare view": 9, "hash": "Gymi6tg4A5LZy8aiMG6k221RFpMttMcj9dlrzPCBVG4=", "parent": "S5jvF8HlmLvBxjERXgBCYm1M/GPQBuOxef9Rwa5UXRA="}
replica 7 is forwarding chunk to replica 0
replica 7 is forwarding chunk to replica 1
replica 7 is forwarding chunk to replica 3
replica 7 is forwarding chunk to replica 4
replica 7 is forwarding chunk to replica 5
replica 7 is forwarding chunk to replica 6
replica 7 is forwarding chunk to replica 8
Decoded original proposal, time: 2022-11-27 04:55:41.666134244 +0000 UTC m=+41.536418925 header hash: [36 112 202 110 235 231 254 169 68 108 200 133 25 89 215 19 188 251 85 241 73 155 115 67 11 176 16 17 106 100 183 124]
2022-11-27T04:55:41.666Z	DEBUG	replica=7	coded-hotterstuff/consensus.go:576	received proposal	{"CURRENT VIEW": 10, "msg": "proposal", "header view": 11, "prepare view": 9, "hash": "JHDKbuvn/qlEbMiFGVnXE7z7VfFJm3NDC7AQEWpkt3w=", "parent": "Gymi6tg4A5LZy8aiMG6k221RFpMttMcj9dlrzPCBVG4="}
2022-11-27T04:55:41.674Z	DEBUG	replica=7	coded-hotterstuff/consensus.go:809	new block certified	{"CURRENT VIEW": 10, "view": 10, "hash": "Gymi6tg4A5LZy8aiMG6k221RFpMttMcj9dlrzPCBVG4="}
2022-11-27T04:55:41.674Z	DEBUG	replica=7	coded-hotterstuff/consensus.go:520	entered new view	{"CURRENT VIEW": 11, "view timeout": 2, "timedout": false}
2022-11-27T04:55:41.674Z	DEBUG	replica=7	coded-hotterstuff/consensus.go:788	new block locked	{"CURRENT VIEW": 11, "view": 9, "hash": "S5jvF8HlmLvBxjERXgBCYm1M/GPQBuOxef9Rwa5UXRA="}
2022-11-27T04:55:41.674Z	INFO	replica=7	coded-hotterstuff/consensus.go:797	new block commited	{"CURRENT VIEW": 11, "view": 8, "hash": "CdTNHG77L/KNb6fxbFkMI5vefUtOuAcj6xhNSmb/gws="}
2022-11-27T04:55:41.675Z	DEBUG	replica=7	coded-hotterstuff/consensus.go:678	proposal is safe to vote on	{"CURRENT VIEW": 10, "msg": "proposal", "header view": 11, "prepare view": 9, "hash": "JHDKbuvn/qlEbMiFGVnXE7z7VfFJm3NDC7AQEWpkt3w=", "parent": "Gymi6tg4A5LZy8aiMG6k221RFpMttMcj9dlrzPCBVG4="}
Node  7 +1 block finalized at time:  2022-11-27 04:55:41.677797962 +0000 UTC m=+41.548082588
replica 7 is forwarding chunk to replica 0
replica 7 is forwarding chunk to replica 1
replica 7 is forwarding chunk to replica 3
replica 7 is forwarding chunk to replica 4
replica 7 is forwarding chunk to replica 5
replica 7 is forwarding chunk to replica 6
replica 7 is forwarding chunk to replica 8
Decoded original proposal, time: 2022-11-27 04:55:42.814019975 +0000 UTC m=+42.684304661 header hash: [36 112 202 110 235 231 254 169 68 108 200 133 25 89 215 19 188 251 85 241 73 155 115 67 11 176 16 17 106 100 183 124]
2022-11-27T04:55:42.814Z	DEBUG	replica=7	coded-hotterstuff/consensus.go:576	received proposal	{"CURRENT VIEW": 11, "msg": "proposal", "header view": 11, "prepare view": 10, "hash": "JHDKbuvn/qlEbMiFGVnXE7z7VfFJm3NDC7AQEWpkt3w=", "parent": "Gymi6tg4A5LZy8aiMG6k221RFpMttMcj9dlrzPCBVG4="}
replica 7 is forwarding chunk to replica 0
replica 7 is forwarding chunk to replica 1
replica 7 is forwarding chunk to replica 3
replica 7 is forwarding chunk to replica 4
replica 7 is forwarding chunk to replica 5
replica 7 is forwarding chunk to replica 6
replica 7 is forwarding chunk to replica 8
replica 7 is forwarding chunk to replica 0
replica 7 is forwarding chunk to replica 1
replica 7 is forwarding chunk to replica 2
replica 7 is forwarding chunk to replica 4
replica 7 is forwarding chunk to replica 5
replica 7 is forwarding chunk to replica 6
replica 7 is forwarding chunk to replica 8
Decoded original proposal, time: 2022-11-27 04:55:44.734137211 +0000 UTC m=+44.604421896 header hash: [36 112 202 110 235 231 254 169 68 108 200 133 25 89 215 19 188 251 85 241 73 155 115 67 11 176 16 17 106 100 183 124]
2022-11-27T04:55:44.734Z	DEBUG	replica=7	coded-hotterstuff/consensus.go:576	received proposal	{"CURRENT VIEW": 11, "msg": "proposal", "header view": 11, "prepare view": 10, "hash": "JHDKbuvn/qlEbMiFGVnXE7z7VfFJm3NDC7AQEWpkt3w=", "parent": "Gymi6tg4A5LZy8aiMG6k221RFpMttMcj9dlrzPCBVG4="}
replica 7 is forwarding chunk to replica 0
replica 7 is forwarding chunk to replica 1
replica 7 is forwarding chunk to replica 2
replica 7 is forwarding chunk to replica 4
replica 7 is forwarding chunk to replica 5
replica 7 is forwarding chunk to replica 6
replica 7 is forwarding chunk to replica 8
Decoded original proposal, time: 2022-11-27 04:55:45.553966623 +0000 UTC m=+45.424251308 header hash: [225 164 165 204 236 180 59 151 178 38 118 190 136 53 193 22 146 46 81 162 175 160 6 50 132 174 159 221 166 0 223 96]
2022-11-27T04:55:45.554Z	DEBUG	replica=7	coded-hotterstuff/consensus.go:576	received proposal	{"CURRENT VIEW": 11, "msg": "proposal", "header view": 12, "prepare view": 10, "hash": "4aSlzOy0O5eyJna+iDXBFpIuUaKvoAYyhK6f3aYA32A=", "parent": "JHDKbuvn/qlEbMiFGVnXE7z7VfFJm3NDC7AQEWpkt3w="}
2022-11-27T04:55:45.561Z	DEBUG	replica=7	coded-hotterstuff/consensus.go:809	new block certified	{"CURRENT VIEW": 11, "view": 11, "hash": "JHDKbuvn/qlEbMiFGVnXE7z7VfFJm3NDC7AQEWpkt3w="}
2022-11-27T04:55:45.561Z	DEBUG	replica=7	coded-hotterstuff/consensus.go:520	entered new view	{"CURRENT VIEW": 12, "view timeout": 2, "timedout": false}
2022-11-27T04:55:45.561Z	DEBUG	replica=7	coded-hotterstuff/consensus.go:788	new block locked	{"CURRENT VIEW": 12, "view": 10, "hash": "Gymi6tg4A5LZy8aiMG6k221RFpMttMcj9dlrzPCBVG4="}
2022-11-27T04:55:45.561Z	INFO	replica=7	coded-hotterstuff/consensus.go:797	new block commited	{"CURRENT VIEW": 12, "view": 9, "hash": "S5jvF8HlmLvBxjERXgBCYm1M/GPQBuOxef9Rwa5UXRA="}
2022-11-27T04:55:45.563Z	DEBUG	replica=7	coded-hotterstuff/consensus.go:678	proposal is safe to vote on	{"CURRENT VIEW": 11, "msg": "proposal", "header view": 12, "prepare view": 10, "hash": "4aSlzOy0O5eyJna+iDXBFpIuUaKvoAYyhK6f3aYA32A=", "parent": "JHDKbuvn/qlEbMiFGVnXE7z7VfFJm3NDC7AQEWpkt3w="}
Node  7 +1 block finalized at time:  2022-11-27 04:55:45.56541919 +0000 UTC m=+45.435703825
Decoded original proposal, time: 2022-11-27 04:55:46.318214989 +0000 UTC m=+46.188499630 header hash: [225 164 165 204 236 180 59 151 178 38 118 190 136 53 193 22 146 46 81 162 175 160 6 50 132 174 159 221 166 0 223 96]
2022-11-27T04:55:46.318Z	DEBUG	replica=7	coded-hotterstuff/consensus.go:576	received proposal	{"CURRENT VIEW": 12, "msg": "proposal", "header view": 12, "prepare view": 11, "hash": "4aSlzOy0O5eyJna+iDXBFpIuUaKvoAYyhK6f3aYA32A=", "parent": "JHDKbuvn/qlEbMiFGVnXE7z7VfFJm3NDC7AQEWpkt3w="}
replica 7 is forwarding chunk to replica 0
replica 7 is forwarding chunk to replica 1
replica 7 is forwarding chunk to replica 2
replica 7 is forwarding chunk to replica 3
replica 7 is forwarding chunk to replica 5
replica 7 is forwarding chunk to replica 6
replica 7 is forwarding chunk to replica 8
Decoded original proposal, time: 2022-11-27 04:55:48.817081139 +0000 UTC m=+48.687365782 header hash: [55 71 12 88 170 89 30 100 228 23 243 137 27 6 133 29 78 24 217 198 107 27 88 123 223 127 133 219 145 253 87 161]
2022-11-27T04:55:48.817Z	DEBUG	replica=7	coded-hotterstuff/consensus.go:576	received proposal	{"CURRENT VIEW": 12, "msg": "proposal", "header view": 13, "prepare view": 11, "hash": "N0cMWKpZHmTkF/OJGwaFHU4Y2cZrG1h733+F25H9V6E=", "parent": "4aSlzOy0O5eyJna+iDXBFpIuUaKvoAYyhK6f3aYA32A="}
2022-11-27T04:55:48.824Z	DEBUG	replica=7	coded-hotterstuff/consensus.go:809	new block certified	{"CURRENT VIEW": 12, "view": 12, "hash": "4aSlzOy0O5eyJna+iDXBFpIuUaKvoAYyhK6f3aYA32A="}
2022-11-27T04:55:48.824Z	DEBUG	replica=7	coded-hotterstuff/consensus.go:520	entered new view	{"CURRENT VIEW": 13, "view timeout": 2, "timedout": false}
2022-11-27T04:55:48.824Z	DEBUG	replica=7	coded-hotterstuff/consensus.go:788	new block locked	{"CURRENT VIEW": 13, "view": 11, "hash": "JHDKbuvn/qlEbMiFGVnXE7z7VfFJm3NDC7AQEWpkt3w="}
2022-11-27T04:55:48.824Z	INFO	replica=7	coded-hotterstuff/consensus.go:797	new block commited	{"CURRENT VIEW": 13, "view": 10, "hash": "Gymi6tg4A5LZy8aiMG6k221RFpMttMcj9dlrzPCBVG4="}
2022-11-27T04:55:48.826Z	DEBUG	replica=7	coded-hotterstuff/consensus.go:678	proposal is safe to vote on	{"CURRENT VIEW": 12, "msg": "proposal", "header view": 13, "prepare view": 11, "hash": "N0cMWKpZHmTkF/OJGwaFHU4Y2cZrG1h733+F25H9V6E=", "parent": "4aSlzOy0O5eyJna+iDXBFpIuUaKvoAYyhK6f3aYA32A="}
Node  7 +1 block finalized at time:  2022-11-27 04:55:48.828477414 +0000 UTC m=+48.698762038
replica 7 is forwarding chunk to replica 0
replica 7 is forwarding chunk to replica 1
replica 7 is forwarding chunk to replica 2
replica 7 is forwarding chunk to replica 3
replica 7 is forwarding chunk to replica 5
replica 7 is forwarding chunk to replica 6
replica 7 is forwarding chunk to replica 8
Decoded original proposal, time: 2022-11-27 04:55:50.125030646 +0000 UTC m=+49.995315330 header hash: [55 71 12 88 170 89 30 100 228 23 243 137 27 6 133 29 78 24 217 198 107 27 88 123 223 127 133 219 145 253 87 161]
2022-11-27T04:55:50.125Z	DEBUG	replica=7	coded-hotterstuff/consensus.go:576	received proposal	{"CURRENT VIEW": 13, "msg": "proposal", "header view": 13, "prepare view": 12, "hash": "N0cMWKpZHmTkF/OJGwaFHU4Y2cZrG1h733+F25H9V6E=", "parent": "4aSlzOy0O5eyJna+iDXBFpIuUaKvoAYyhK6f3aYA32A="}
replica 7 is forwarding chunk to replica 0
replica 7 is forwarding chunk to replica 1
replica 7 is forwarding chunk to replica 2
replica 7 is forwarding chunk to replica 3
replica 7 is forwarding chunk to replica 5
replica 7 is forwarding chunk to replica 6
replica 7 is forwarding chunk to replica 8
replica 7 is forwarding chunk to replica 0
replica 7 is forwarding chunk to replica 1
replica 7 is forwarding chunk to replica 2
replica 7 is forwarding chunk to replica 3
replica 7 is forwarding chunk to replica 4
replica 7 is forwarding chunk to replica 6
replica 7 is forwarding chunk to replica 8
Decoded original proposal, time: 2022-11-27 04:55:51.592743454 +0000 UTC m=+51.463028137 header hash: [55 71 12 88 170 89 30 100 228 23 243 137 27 6 133 29 78 24 217 198 107 27 88 123 223 127 133 219 145 253 87 161]
2022-11-27T04:55:51.592Z	DEBUG	replica=7	coded-hotterstuff/consensus.go:576	received proposal	{"CURRENT VIEW": 13, "msg": "proposal", "header view": 13, "prepare view": 12, "hash": "N0cMWKpZHmTkF/OJGwaFHU4Y2cZrG1h733+F25H9V6E=", "parent": "4aSlzOy0O5eyJna+iDXBFpIuUaKvoAYyhK6f3aYA32A="}
replica 7 is forwarding chunk to replica 0
replica 7 is forwarding chunk to replica 1
replica 7 is forwarding chunk to replica 2
replica 7 is forwarding chunk to replica 3
replica 7 is forwarding chunk to replica 4
replica 7 is forwarding chunk to replica 6
replica 7 is forwarding chunk to replica 8
Decoded original proposal, time: 2022-11-27 04:55:52.668369452 +0000 UTC m=+52.538654142 header hash: [179 79 157 9 84 57 195 200 132 217 159 131 10 204 29 20 183 79 241 0 252 79 239 189 106 39 9 193 130 153 110 137]
2022-11-27T04:55:52.668Z	DEBUG	replica=7	coded-hotterstuff/consensus.go:576	received proposal	{"CURRENT VIEW": 13, "msg": "proposal", "header view": 14, "prepare view": 12, "hash": "s0+dCVQ5w8iE2Z+DCswdFLdP8QD8T++9aicJwYKZbok=", "parent": "N0cMWKpZHmTkF/OJGwaFHU4Y2cZrG1h733+F25H9V6E="}
2022-11-27T04:55:52.676Z	DEBUG	replica=7	coded-hotterstuff/consensus.go:809	new block certified	{"CURRENT VIEW": 13, "view": 13, "hash": "N0cMWKpZHmTkF/OJGwaFHU4Y2cZrG1h733+F25H9V6E="}
2022-11-27T04:55:52.676Z	DEBUG	replica=7	coded-hotterstuff/consensus.go:520	entered new view	{"CURRENT VIEW": 14, "view timeout": 2, "timedout": false}
2022-11-27T04:55:52.676Z	DEBUG	replica=7	coded-hotterstuff/consensus.go:788	new block locked	{"CURRENT VIEW": 14, "view": 12, "hash": "4aSlzOy0O5eyJna+iDXBFpIuUaKvoAYyhK6f3aYA32A="}
2022-11-27T04:55:52.676Z	INFO	replica=7	coded-hotterstuff/consensus.go:797	new block commited	{"CURRENT VIEW": 14, "view": 11, "hash": "JHDKbuvn/qlEbMiFGVnXE7z7VfFJm3NDC7AQEWpkt3w="}
2022-11-27T04:55:52.677Z	DEBUG	replica=7	coded-hotterstuff/consensus.go:678	proposal is safe to vote on	{"CURRENT VIEW": 13, "msg": "proposal", "header view": 14, "prepare view": 12, "hash": "s0+dCVQ5w8iE2Z+DCswdFLdP8QD8T++9aicJwYKZbok=", "parent": "N0cMWKpZHmTkF/OJGwaFHU4Y2cZrG1h733+F25H9V6E="}
Node  7 +1 block finalized at time:  2022-11-27 04:55:52.679974805 +0000 UTC m=+52.550259430
replica 7 is forwarding chunk to replica 0
replica 7 is forwarding chunk to replica 1
replica 7 is forwarding chunk to replica 2
replica 7 is forwarding chunk to replica 3
replica 7 is forwarding chunk to replica 4
replica 7 is forwarding chunk to replica 6
replica 7 is forwarding chunk to replica 8
Decoded original proposal, time: 2022-11-27 04:55:54.110637971 +0000 UTC m=+53.980922659 header hash: [179 79 157 9 84 57 195 200 132 217 159 131 10 204 29 20 183 79 241 0 252 79 239 189 106 39 9 193 130 153 110 137]
2022-11-27T04:55:54.110Z	DEBUG	replica=7	coded-hotterstuff/consensus.go:576	received proposal	{"CURRENT VIEW": 14, "msg": "proposal", "header view": 14, "prepare view": 13, "hash": "s0+dCVQ5w8iE2Z+DCswdFLdP8QD8T++9aicJwYKZbok=", "parent": "N0cMWKpZHmTkF/OJGwaFHU4Y2cZrG1h733+F25H9V6E="}
Decoded original proposal, time: 2022-11-27 04:55:54.879689187 +0000 UTC m=+54.749973868 header hash: [179 79 157 9 84 57 195 200 132 217 159 131 10 204 29 20 183 79 241 0 252 79 239 189 106 39 9 193 130 153 110 137]
2022-11-27T04:55:54.879Z	DEBUG	replica=7	coded-hotterstuff/consensus.go:576	received proposal	{"CURRENT VIEW": 14, "msg": "proposal", "header view": 14, "prepare view": 13, "hash": "s0+dCVQ5w8iE2Z+DCswdFLdP8QD8T++9aicJwYKZbok=", "parent": "N0cMWKpZHmTkF/OJGwaFHU4Y2cZrG1h733+F25H9V6E="}
replica 7 is forwarding chunk to replica 0
replica 7 is forwarding chunk to replica 1
replica 7 is forwarding chunk to replica 2
replica 7 is forwarding chunk to replica 3
replica 7 is forwarding chunk to replica 4
replica 7 is forwarding chunk to replica 5
replica 7 is forwarding chunk to replica 8
2022-11-27T04:55:55.687Z	DEBUG	replica=7	coded-hotterstuff/consensus.go:965	received vote	{"CURRENT VIEW": 14, "msg": "vote", "voter": 6, "view": 14, "hash": "yki5uJhKgjQT5iLa3NRfkhkCHcRSab0ctor/KqZboNA="}
Node  7  received vote before proposal, saving vote in pending votes, hash is  [202 72 185 184 152 74 130 52 19 230 34 218 220 212 95 146 25 2 29 196 82 105 189 28 182 138 255 42 166 91 160 208]  and string is,  15
2022-11-27T04:55:55.687Z	DEBUG	replica=7	coded-hotterstuff/consensus.go:970	Received vote before proposal, key is, 15	{"CURRENT VIEW": 14}
Decoded original proposal, time: 2022-11-27 04:55:56.72251836 +0000 UTC m=+56.592803044 header hash: [202 72 185 184 152 74 130 52 19 230 34 218 220 212 95 146 25 2 29 196 82 105 189 28 182 138 255 42 166 91 160 208]
2022-11-27T04:55:56.722Z	DEBUG	replica=7	coded-hotterstuff/consensus.go:576	received proposal	{"CURRENT VIEW": 14, "msg": "proposal", "header view": 15, "prepare view": 13, "hash": "yki5uJhKgjQT5iLa3NRfkhkCHcRSab0ctor/KqZboNA=", "parent": "s0+dCVQ5w8iE2Z+DCswdFLdP8QD8T++9aicJwYKZbok="}
2022-11-27T04:55:56.730Z	DEBUG	replica=7	coded-hotterstuff/consensus.go:809	new block certified	{"CURRENT VIEW": 14, "view": 14, "hash": "s0+dCVQ5w8iE2Z+DCswdFLdP8QD8T++9aicJwYKZbok="}
2022-11-27T04:55:56.730Z	DEBUG	replica=7	coded-hotterstuff/consensus.go:520	entered new view	{"CURRENT VIEW": 15, "view timeout": 2, "timedout": false}
2022-11-27T04:55:56.730Z	DEBUG	replica=7	coded-hotterstuff/consensus.go:535	replica is a leader for next view. collecting new-view messages	{"CURRENT VIEW": 15}
2022-11-27T04:55:56.730Z	DEBUG	replica=7	coded-hotterstuff/consensus.go:788	new block locked	{"CURRENT VIEW": 15, "view": 13, "hash": "N0cMWKpZHmTkF/OJGwaFHU4Y2cZrG1h733+F25H9V6E="}
2022-11-27T04:55:56.730Z	INFO	replica=7	coded-hotterstuff/consensus.go:797	new block commited	{"CURRENT VIEW": 15, "view": 12, "hash": "4aSlzOy0O5eyJna+iDXBFpIuUaKvoAYyhK6f3aYA32A="}
2022-11-27T04:55:56.732Z	DEBUG	replica=7	coded-hotterstuff/consensus.go:678	proposal is safe to vote on	{"CURRENT VIEW": 14, "msg": "proposal", "header view": 15, "prepare view": 13, "hash": "yki5uJhKgjQT5iLa3NRfkhkCHcRSab0ctor/KqZboNA=", "parent": "s0+dCVQ5w8iE2Z+DCswdFLdP8QD8T++9aicJwYKZbok="}
2022-11-27T04:55:56.732Z	DEBUG	replica=7	coded-hotterstuff/consensus.go:758	Taking care of pending vote 15	{"CURRENT VIEW": 15}
2022-11-27T04:55:56.732Z	DEBUG	replica=7	coded-hotterstuff/consensus.go:965	received vote	{"CURRENT VIEW": 15, "msg": "vote", "voter": 6, "view": 15, "hash": "yki5uJhKgjQT5iLa3NRfkhkCHcRSab0ctor/KqZboNA="}
2022-11-27T04:55:56.740Z	DEBUG	replica=7	coded-hotterstuff/consensus.go:965	received vote	{"CURRENT VIEW": 15, "msg": "vote", "voter": 7, "view": 15, "hash": "yki5uJhKgjQT5iLa3NRfkhkCHcRSab0ctor/KqZboNA="}
Node  7 +1 block finalized at time:  2022-11-27 04:55:56.746132007 +0000 UTC m=+56.616416738
replica 7 is forwarding chunk to replica 0
replica 7 is forwarding chunk to replica 1
replica 7 is forwarding chunk to replica 2
replica 7 is forwarding chunk to replica 3
replica 7 is forwarding chunk to replica 4
replica 7 is forwarding chunk to replica 5
replica 7 is forwarding chunk to replica 8
2022-11-27T04:55:56.821Z	DEBUG	replica=7	coded-hotterstuff/consensus.go:965	received vote	{"CURRENT VIEW": 15, "msg": "vote", "voter": 5, "view": 15, "hash": "yki5uJhKgjQT5iLa3NRfkhkCHcRSab0ctor/KqZboNA="}
2022-11-27T04:55:56.859Z	DEBUG	replica=7	coded-hotterstuff/consensus.go:965	received vote	{"CURRENT VIEW": 15, "msg": "vote", "voter": 4, "view": 15, "hash": "yki5uJhKgjQT5iLa3NRfkhkCHcRSab0ctor/KqZboNA="}
2022-11-27T04:55:56.984Z	DEBUG	replica=7	coded-hotterstuff/consensus.go:965	received vote	{"CURRENT VIEW": 15, "msg": "vote", "voter": 3, "view": 15, "hash": "yki5uJhKgjQT5iLa3NRfkhkCHcRSab0ctor/KqZboNA="}
2022-11-27T04:55:57.056Z	DEBUG	replica=7	coded-hotterstuff/consensus.go:965	received vote	{"CURRENT VIEW": 15, "msg": "vote", "voter": 8, "view": 15, "hash": "yki5uJhKgjQT5iLa3NRfkhkCHcRSab0ctor/KqZboNA="}
2022-11-27T04:55:57.131Z	DEBUG	replica=7	coded-hotterstuff/consensus.go:965	received vote	{"CURRENT VIEW": 15, "msg": "vote", "voter": 2, "view": 15, "hash": "yki5uJhKgjQT5iLa3NRfkhkCHcRSab0ctor/KqZboNA="}
2022-11-27T04:55:57.137Z	DEBUG	replica=7	coded-hotterstuff/consensus.go:809	new block certified	{"CURRENT VIEW": 15, "view": 15, "hash": "yki5uJhKgjQT5iLa3NRfkhkCHcRSab0ctor/KqZboNA="}
2022-11-27T04:55:57.137Z	DEBUG	replica=7	coded-hotterstuff/consensus.go:520	entered new view	{"CURRENT VIEW": 16, "view timeout": 2, "timedout": false}
2022-11-27T04:55:57.137Z	DEBUG	replica=7	coded-hotterstuff/consensus.go:544	replica is a leader for this view. waiting for data	{"CURRENT VIEW": 16}
2022-11-27T04:55:57.137Z	DEBUG	replica=7	coded-hotterstuff/consensus.go:520	entered new view	{"CURRENT VIEW": 16, "view timeout": 2, "timedout": false}
2022-11-27T04:55:57.137Z	DEBUG	replica=7	coded-hotterstuff/consensus.go:544	replica is a leader for this view. waiting for data	{"CURRENT VIEW": 16}
2022-11-27T04:55:57.141Z	DEBUG	replica=7	coded-hotterstuff/consensus.go:238	sending proposal	{"CURRENT VIEW": 16, "hash": "PAOswJ5F5FKLEprAJ1SnuPasqGFIM2uhNIcdZdMfaCw=", "parent": "yki5uJhKgjQT5iLa3NRfkhkCHcRSab0ctor/KqZboNA=", "signer": 7}
2022-11-27T04:55:57.144Z	DEBUG	replica=7	coded-hotterstuff/consensus.go:576	received proposal	{"CURRENT VIEW": 16, "msg": "proposal", "header view": 16, "prepare view": 15, "hash": "PAOswJ5F5FKLEprAJ1SnuPasqGFIM2uhNIcdZdMfaCw=", "parent": "yki5uJhKgjQT5iLa3NRfkhkCHcRSab0ctor/KqZboNA="}
2022-11-27T04:55:57.153Z	DEBUG	replica=7	coded-hotterstuff/consensus.go:788	new block locked	{"CURRENT VIEW": 16, "view": 14, "hash": "s0+dCVQ5w8iE2Z+DCswdFLdP8QD8T++9aicJwYKZbok="}
2022-11-27T04:55:57.153Z	INFO	replica=7	coded-hotterstuff/consensus.go:797	new block commited	{"CURRENT VIEW": 16, "view": 13, "hash": "N0cMWKpZHmTkF/OJGwaFHU4Y2cZrG1h733+F25H9V6E="}
2022-11-27T04:55:57.156Z	DEBUG	replica=7	coded-hotterstuff/consensus.go:678	proposal is safe to vote on	{"CURRENT VIEW": 16, "msg": "proposal", "header view": 16, "prepare view": 15, "hash": "PAOswJ5F5FKLEprAJ1SnuPasqGFIM2uhNIcdZdMfaCw=", "parent": "yki5uJhKgjQT5iLa3NRfkhkCHcRSab0ctor/KqZboNA="}
Node  7 +1 block finalized at time:  2022-11-27 04:55:57.158815014 +0000 UTC m=+57.029099638
2022-11-27T04:55:57.738Z	DEBUG	replica=7	coded-hotterstuff/consensus.go:965	received vote	{"CURRENT VIEW": 16, "msg": "vote", "voter": 0, "view": 16, "hash": "yki5uJhKgjQT5iLa3NRfkhkCHcRSab0ctor/KqZboNA="}
2022-11-27T04:55:57.744Z	DEBUG	replica=7	coded-hotterstuff/consensus.go:520	entered new view	{"CURRENT VIEW": 16, "view timeout": 2, "timedout": false}
2022-11-27T04:55:57.744Z	DEBUG	replica=7	coded-hotterstuff/consensus.go:544	replica is a leader for this view. waiting for data	{"CURRENT VIEW": 16}
2022-11-27T04:55:57.748Z	DEBUG	replica=7	coded-hotterstuff/consensus.go:238	sending proposal	{"CURRENT VIEW": 16, "hash": "PAOswJ5F5FKLEprAJ1SnuPasqGFIM2uhNIcdZdMfaCw=", "parent": "yki5uJhKgjQT5iLa3NRfkhkCHcRSab0ctor/KqZboNA=", "signer": 7}
2022-11-27T04:55:57.748Z	DEBUG	replica=7	coded-hotterstuff/consensus.go:576	received proposal	{"CURRENT VIEW": 16, "msg": "proposal", "header view": 16, "prepare view": 15, "hash": "PAOswJ5F5FKLEprAJ1SnuPasqGFIM2uhNIcdZdMfaCw=", "parent": "yki5uJhKgjQT5iLa3NRfkhkCHcRSab0ctor/KqZboNA="}
2022-11-27T04:55:57.804Z	DEBUG	replica=7	coded-hotterstuff/consensus.go:965	received vote	{"CURRENT VIEW": 16, "msg": "vote", "voter": 1, "view": 16, "hash": "yki5uJhKgjQT5iLa3NRfkhkCHcRSab0ctor/KqZboNA="}
2022-11-27T04:55:57.810Z	DEBUG	replica=7	coded-hotterstuff/consensus.go:520	entered new view	{"CURRENT VIEW": 16, "view timeout": 2, "timedout": false}
2022-11-27T04:55:57.810Z	DEBUG	replica=7	coded-hotterstuff/consensus.go:544	replica is a leader for this view. waiting for data	{"CURRENT VIEW": 16}
2022-11-27T04:55:57.814Z	DEBUG	replica=7	coded-hotterstuff/consensus.go:238	sending proposal	{"CURRENT VIEW": 16, "hash": "PAOswJ5F5FKLEprAJ1SnuPasqGFIM2uhNIcdZdMfaCw=", "parent": "yki5uJhKgjQT5iLa3NRfkhkCHcRSab0ctor/KqZboNA=", "signer": 7}
2022-11-27T04:55:57.814Z	DEBUG	replica=7	coded-hotterstuff/consensus.go:576	received proposal	{"CURRENT VIEW": 16, "msg": "proposal", "header view": 16, "prepare view": 15, "hash": "PAOswJ5F5FKLEprAJ1SnuPasqGFIM2uhNIcdZdMfaCw=", "parent": "yki5uJhKgjQT5iLa3NRfkhkCHcRSab0ctor/KqZboNA="}
Decoded original proposal, time: 2022-11-27 04:55:57.935271064 +0000 UTC m=+57.805555745 header hash: [202 72 185 184 152 74 130 52 19 230 34 218 220 212 95 146 25 2 29 196 82 105 189 28 182 138 255 42 166 91 160 208]
2022-11-27T04:55:57.935Z	DEBUG	replica=7	coded-hotterstuff/consensus.go:576	received proposal	{"CURRENT VIEW": 16, "msg": "proposal", "header view": 15, "prepare view": 15, "hash": "yki5uJhKgjQT5iLa3NRfkhkCHcRSab0ctor/KqZboNA=", "parent": "s0+dCVQ5w8iE2Z+DCswdFLdP8QD8T++9aicJwYKZbok="}
2022-11-27T04:55:57.943Z	DEBUG	replica=7	coded-hotterstuff/consensus.go:667	proposal view doesn't match local view	{"CURRENT VIEW": 16, "msg": "proposal", "header view": 15, "prepare view": 15, "hash": "yki5uJhKgjQT5iLa3NRfkhkCHcRSab0ctor/KqZboNA=", "parent": "s0+dCVQ5w8iE2Z+DCswdFLdP8QD8T++9aicJwYKZbok="}
replica 7 is forwarding chunk to replica 0
replica 7 is forwarding chunk to replica 1
replica 7 is forwarding chunk to replica 2
replica 7 is forwarding chunk to replica 3
replica 7 is forwarding chunk to replica 4
replica 7 is forwarding chunk to replica 5
replica 7 is forwarding chunk to replica 8
Decoded original proposal, time: 2022-11-27 04:55:59.214240388 +0000 UTC m=+59.084525068 header hash: [202 72 185 184 152 74 130 52 19 230 34 218 220 212 95 146 25 2 29 196 82 105 189 28 182 138 255 42 166 91 160 208]
2022-11-27T04:55:59.214Z	DEBUG	replica=7	coded-hotterstuff/consensus.go:576	received proposal	{"CURRENT VIEW": 16, "msg": "proposal", "header view": 15, "prepare view": 15, "hash": "yki5uJhKgjQT5iLa3NRfkhkCHcRSab0ctor/KqZboNA=", "parent": "s0+dCVQ5w8iE2Z+DCswdFLdP8QD8T++9aicJwYKZbok="}
2022-11-27T04:55:59.221Z	DEBUG	replica=7	coded-hotterstuff/consensus.go:667	proposal view doesn't match local view	{"CURRENT VIEW": 16, "msg": "proposal", "header view": 15, "prepare view": 15, "hash": "yki5uJhKgjQT5iLa3NRfkhkCHcRSab0ctor/KqZboNA=", "parent": "s0+dCVQ5w8iE2Z+DCswdFLdP8QD8T++9aicJwYKZbok="}
replica 7 is forwarding chunk to replica 0
replica 7 is forwarding chunk to replica 1
replica 7 is forwarding chunk to replica 2
replica 7 is forwarding chunk to replica 3
replica 7 is forwarding chunk to replica 4
replica 7 is forwarding chunk to replica 5
replica 7 is forwarding chunk to replica 6
replica 7 is forwarding chunk to replica 0
replica 7 is forwarding chunk to replica 1
replica 7 is forwarding chunk to replica 2
replica 7 is forwarding chunk to replica 3
replica 7 is forwarding chunk to replica 4
replica 7 is forwarding chunk to replica 5
replica 7 is forwarding chunk to replica 6
replica 7 is forwarding chunk to replica 0
replica 7 is forwarding chunk to replica 1
replica 7 is forwarding chunk to replica 2
replica 7 is forwarding chunk to replica 3
replica 7 is forwarding chunk to replica 4
replica 7 is forwarding chunk to replica 5
replica 7 is forwarding chunk to replica 6
Decoded original proposal, time: 2022-11-27 04:56:04.858330154 +0000 UTC m=+64.728614848 header hash: [125 188 128 163 149 74 17 87 102 203 151 169 127 222 108 104 174 185 14 72 28 223 232 151 172 204 94 91 117 235 43 104]
2022-11-27T04:56:04.858Z	DEBUG	replica=7	coded-hotterstuff/consensus.go:576	received proposal	{"CURRENT VIEW": 16, "msg": "proposal", "header view": 17, "prepare view": 15, "hash": "fbyAo5VKEVdmy5epf95saK65Dkgc3+iXrMxeW3XrK2g=", "parent": "PAOswJ5F5FKLEprAJ1SnuPasqGFIM2uhNIcdZdMfaCw="}
2022-11-27T04:56:04.866Z	DEBUG	replica=7	coded-hotterstuff/consensus.go:809	new block certified	{"CURRENT VIEW": 16, "view": 16, "hash": "PAOswJ5F5FKLEprAJ1SnuPasqGFIM2uhNIcdZdMfaCw="}
2022-11-27T04:56:04.866Z	DEBUG	replica=7	coded-hotterstuff/consensus.go:520	entered new view	{"CURRENT VIEW": 17, "view timeout": 2, "timedout": false}
2022-11-27T04:56:04.866Z	DEBUG	replica=7	coded-hotterstuff/consensus.go:788	new block locked	{"CURRENT VIEW": 17, "view": 15, "hash": "yki5uJhKgjQT5iLa3NRfkhkCHcRSab0ctor/KqZboNA="}
2022-11-27T04:56:04.866Z	INFO	replica=7	coded-hotterstuff/consensus.go:797	new block commited	{"CURRENT VIEW": 17, "view": 14, "hash": "s0+dCVQ5w8iE2Z+DCswdFLdP8QD8T++9aicJwYKZbok="}
2022-11-27T04:56:04.868Z	DEBUG	replica=7	coded-hotterstuff/consensus.go:678	proposal is safe to vote on	{"CURRENT VIEW": 16, "msg": "proposal", "header view": 17, "prepare view": 15, "hash": "fbyAo5VKEVdmy5epf95saK65Dkgc3+iXrMxeW3XrK2g=", "parent": "PAOswJ5F5FKLEprAJ1SnuPasqGFIM2uhNIcdZdMfaCw="}
Node  7 +1 block finalized at time:  2022-11-27 04:56:04.877775868 +0000 UTC m=+64.748060497
Decoded original proposal, time: 2022-11-27 04:56:05.848334456 +0000 UTC m=+65.718619097 header hash: [125 188 128 163 149 74 17 87 102 203 151 169 127 222 108 104 174 185 14 72 28 223 232 151 172 204 94 91 117 235 43 104]
2022-11-27T04:56:05.848Z	DEBUG	replica=7	coded-hotterstuff/consensus.go:576	received proposal	{"CURRENT VIEW": 17, "msg": "proposal", "header view": 17, "prepare view": 16, "hash": "fbyAo5VKEVdmy5epf95saK65Dkgc3+iXrMxeW3XrK2g=", "parent": "PAOswJ5F5FKLEprAJ1SnuPasqGFIM2uhNIcdZdMfaCw="}
replica 7 is forwarding chunk to replica 1
replica 7 is forwarding chunk to replica 2
replica 7 is forwarding chunk to replica 3
replica 7 is forwarding chunk to replica 4
replica 7 is forwarding chunk to replica 5
replica 7 is forwarding chunk to replica 6
replica 7 is forwarding chunk to replica 8
Decoded original proposal, time: 2022-11-27 04:56:07.127031577 +0000 UTC m=+66.997316262 header hash: [125 188 128 163 149 74 17 87 102 203 151 169 127 222 108 104 174 185 14 72 28 223 232 151 172 204 94 91 117 235 43 104]
2022-11-27T04:56:07.127Z	DEBUG	replica=7	coded-hotterstuff/consensus.go:576	received proposal	{"CURRENT VIEW": 17, "msg": "proposal", "header view": 17, "prepare view": 16, "hash": "fbyAo5VKEVdmy5epf95saK65Dkgc3+iXrMxeW3XrK2g=", "parent": "PAOswJ5F5FKLEprAJ1SnuPasqGFIM2uhNIcdZdMfaCw="}
replica 7 is forwarding chunk to replica 1
replica 7 is forwarding chunk to replica 2
replica 7 is forwarding chunk to replica 3
replica 7 is forwarding chunk to replica 4
replica 7 is forwarding chunk to replica 5
replica 7 is forwarding chunk to replica 6
replica 7 is forwarding chunk to replica 8
replica 7 is forwarding chunk to replica 1
replica 7 is forwarding chunk to replica 2
replica 7 is forwarding chunk to replica 3
replica 7 is forwarding chunk to replica 4
replica 7 is forwarding chunk to replica 5
replica 7 is forwarding chunk to replica 6
replica 7 is forwarding chunk to replica 8
Decoded original proposal, time: 2022-11-27 04:56:08.588860786 +0000 UTC m=+68.459145471 header hash: [233 71 193 36 185 72 95 92 29 220 193 120 223 14 188 72 252 159 62 199 112 113 252 214 161 209 254 215 214 224 205 19]
2022-11-27T04:56:08.588Z	DEBUG	replica=7	coded-hotterstuff/consensus.go:576	received proposal	{"CURRENT VIEW": 17, "msg": "proposal", "header view": 18, "prepare view": 16, "hash": "6UfBJLlIX1wd3MF43w68SPyfPsdwcfzWodH+19bgzRM=", "parent": "fbyAo5VKEVdmy5epf95saK65Dkgc3+iXrMxeW3XrK2g="}
2022-11-27T04:56:08.596Z	DEBUG	replica=7	coded-hotterstuff/consensus.go:809	new block certified	{"CURRENT VIEW": 17, "view": 17, "hash": "fbyAo5VKEVdmy5epf95saK65Dkgc3+iXrMxeW3XrK2g="}
2022-11-27T04:56:08.596Z	DEBUG	replica=7	coded-hotterstuff/consensus.go:520	entered new view	{"CURRENT VIEW": 18, "view timeout": 2, "timedout": false}
2022-11-27T04:56:08.596Z	DEBUG	replica=7	coded-hotterstuff/consensus.go:788	new block locked	{"CURRENT VIEW": 18, "view": 16, "hash": "PAOswJ5F5FKLEprAJ1SnuPasqGFIM2uhNIcdZdMfaCw="}
2022-11-27T04:56:08.596Z	INFO	replica=7	coded-hotterstuff/consensus.go:797	new block commited	{"CURRENT VIEW": 18, "view": 15, "hash": "yki5uJhKgjQT5iLa3NRfkhkCHcRSab0ctor/KqZboNA="}
2022-11-27T04:56:08.597Z	DEBUG	replica=7	coded-hotterstuff/consensus.go:678	proposal is safe to vote on	{"CURRENT VIEW": 17, "msg": "proposal", "header view": 18, "prepare view": 16, "hash": "6UfBJLlIX1wd3MF43w68SPyfPsdwcfzWodH+19bgzRM=", "parent": "fbyAo5VKEVdmy5epf95saK65Dkgc3+iXrMxeW3XrK2g="}
Node  7 +1 block finalized at time:  2022-11-27 04:56:08.599372468 +0000 UTC m=+68.469657101
Decoded original proposal, time: 2022-11-27 04:56:09.867801334 +0000 UTC m=+69.738086017 header hash: [233 71 193 36 185 72 95 92 29 220 193 120 223 14 188 72 252 159 62 199 112 113 252 214 161 209 254 215 214 224 205 19]
2022-11-27T04:56:09.867Z	DEBUG	replica=7	coded-hotterstuff/consensus.go:576	received proposal	{"CURRENT VIEW": 18, "msg": "proposal", "header view": 18, "prepare view": 17, "hash": "6UfBJLlIX1wd3MF43w68SPyfPsdwcfzWodH+19bgzRM=", "parent": "fbyAo5VKEVdmy5epf95saK65Dkgc3+iXrMxeW3XrK2g="}
Decoded original proposal, time: 2022-11-27 04:56:10.573999498 +0000 UTC m=+70.444284179 header hash: [233 71 193 36 185 72 95 92 29 220 193 120 223 14 188 72 252 159 62 199 112 113 252 214 161 209 254 215 214 224 205 19]
2022-11-27T04:56:10.574Z	DEBUG	replica=7	coded-hotterstuff/consensus.go:576	received proposal	{"CURRENT VIEW": 18, "msg": "proposal", "header view": 18, "prepare view": 17, "hash": "6UfBJLlIX1wd3MF43w68SPyfPsdwcfzWodH+19bgzRM=", "parent": "fbyAo5VKEVdmy5epf95saK65Dkgc3+iXrMxeW3XrK2g="}
replica 7 is forwarding chunk to replica 0
replica 7 is forwarding chunk to replica 2
replica 7 is forwarding chunk to replica 3
replica 7 is forwarding chunk to replica 4
replica 7 is forwarding chunk to replica 5
replica 7 is forwarding chunk to replica 6
replica 7 is forwarding chunk to replica 8
replica 7 is forwarding chunk to replica 0
replica 7 is forwarding chunk to replica 2
replica 7 is forwarding chunk to replica 3
replica 7 is forwarding chunk to replica 4
replica 7 is forwarding chunk to replica 5
replica 7 is forwarding chunk to replica 6
replica 7 is forwarding chunk to replica 8
replica 7 is forwarding chunk to replica 0
replica 7 is forwarding chunk to replica 2
replica 7 is forwarding chunk to replica 3
replica 7 is forwarding chunk to replica 4
replica 7 is forwarding chunk to replica 5
replica 7 is forwarding chunk to replica 6
replica 7 is forwarding chunk to replica 8
Decoded original proposal, time: 2022-11-27 04:56:13.853769232 +0000 UTC m=+73.724053892 header hash: [185 41 143 39 105 99 203 192 159 254 69 93 97 168 179 24 114 209 232 19 130 40 155 35 149 96 233 98 157 146 62 14]
2022-11-27T04:56:13.853Z	DEBUG	replica=7	coded-hotterstuff/consensus.go:576	received proposal	{"CURRENT VIEW": 18, "msg": "proposal", "header view": 19, "prepare view": 17, "hash": "uSmPJ2ljy8Cf/kVdYaizGHLR6BOCKJsjlWDpYp2SPg4=", "parent": "6UfBJLlIX1wd3MF43w68SPyfPsdwcfzWodH+19bgzRM="}
2022-11-27T04:56:13.862Z	DEBUG	replica=7	coded-hotterstuff/consensus.go:809	new block certified	{"CURRENT VIEW": 18, "view": 18, "hash": "6UfBJLlIX1wd3MF43w68SPyfPsdwcfzWodH+19bgzRM="}
2022-11-27T04:56:13.862Z	DEBUG	replica=7	coded-hotterstuff/consensus.go:520	entered new view	{"CURRENT VIEW": 19, "view timeout": 2, "timedout": false}
2022-11-27T04:56:13.862Z	DEBUG	replica=7	coded-hotterstuff/consensus.go:788	new block locked	{"CURRENT VIEW": 19, "view": 17, "hash": "fbyAo5VKEVdmy5epf95saK65Dkgc3+iXrMxeW3XrK2g="}
2022-11-27T04:56:13.862Z	INFO	replica=7	coded-hotterstuff/consensus.go:797	new block commited	{"CURRENT VIEW": 19, "view": 16, "hash": "PAOswJ5F5FKLEprAJ1SnuPasqGFIM2uhNIcdZdMfaCw="}
2022-11-27T04:56:13.864Z	DEBUG	replica=7	coded-hotterstuff/consensus.go:678	proposal is safe to vote on	{"CURRENT VIEW": 18, "msg": "proposal", "header view": 19, "prepare view": 17, "hash": "uSmPJ2ljy8Cf/kVdYaizGHLR6BOCKJsjlWDpYp2SPg4=", "parent": "6UfBJLlIX1wd3MF43w68SPyfPsdwcfzWodH+19bgzRM="}
Node  7 +1 block finalized at time:  2022-11-27 04:56:13.866482437 +0000 UTC m=+73.736767062
Decoded original proposal, time: 2022-11-27 04:56:14.831882511 +0000 UTC m=+74.702167192 header hash: [185 41 143 39 105 99 203 192 159 254 69 93 97 168 179 24 114 209 232 19 130 40 155 35 149 96 233 98 157 146 62 14]
2022-11-27T04:56:14.831Z	DEBUG	replica=7	coded-hotterstuff/consensus.go:576	received proposal	{"CURRENT VIEW": 19, "msg": "proposal", "header view": 19, "prepare view": 18, "hash": "uSmPJ2ljy8Cf/kVdYaizGHLR6BOCKJsjlWDpYp2SPg4=", "parent": "6UfBJLlIX1wd3MF43w68SPyfPsdwcfzWodH+19bgzRM="}
Decoded original proposal, time: 2022-11-27 04:56:15.637221484 +0000 UTC m=+75.507506180 header hash: [185 41 143 39 105 99 203 192 159 254 69 93 97 168 179 24 114 209 232 19 130 40 155 35 149 96 233 98 157 146 62 14]
2022-11-27T04:56:15.637Z	DEBUG	replica=7	coded-hotterstuff/consensus.go:576	received proposal	{"CURRENT VIEW": 19, "msg": "proposal", "header view": 19, "prepare view": 18, "hash": "uSmPJ2ljy8Cf/kVdYaizGHLR6BOCKJsjlWDpYp2SPg4=", "parent": "6UfBJLlIX1wd3MF43w68SPyfPsdwcfzWodH+19bgzRM="}
replica 7 is forwarding chunk to replica 0
replica 7 is forwarding chunk to replica 1
replica 7 is forwarding chunk to replica 3
replica 7 is forwarding chunk to replica 4
replica 7 is forwarding chunk to replica 5
replica 7 is forwarding chunk to replica 6
replica 7 is forwarding chunk to replica 8
replica 7 is forwarding chunk to replica 0
replica 7 is forwarding chunk to replica 1
replica 7 is forwarding chunk to replica 3
replica 7 is forwarding chunk to replica 4
replica 7 is forwarding chunk to replica 5
replica 7 is forwarding chunk to replica 6
replica 7 is forwarding chunk to replica 8
Decoded original proposal, time: 2022-11-27 04:56:17.675561847 +0000 UTC m=+77.545846529 header hash: [13 182 191 15 143 42 152 29 239 84 127 36 77 221 124 199 27 48 113 31 51 226 178 103 166 208 44 11 123 31 191 52]
2022-11-27T04:56:17.675Z	DEBUG	replica=7	coded-hotterstuff/consensus.go:576	received proposal	{"CURRENT VIEW": 19, "msg": "proposal", "header view": 20, "prepare view": 18, "hash": "Dba/D48qmB3vVH8kTd18xxswcR8z4rJnptAsC3sfvzQ=", "parent": "uSmPJ2ljy8Cf/kVdYaizGHLR6BOCKJsjlWDpYp2SPg4="}
2022-11-27T04:56:17.683Z	DEBUG	replica=7	coded-hotterstuff/consensus.go:809	new block certified	{"CURRENT VIEW": 19, "view": 19, "hash": "uSmPJ2ljy8Cf/kVdYaizGHLR6BOCKJsjlWDpYp2SPg4="}
2022-11-27T04:56:17.683Z	DEBUG	replica=7	coded-hotterstuff/consensus.go:520	entered new view	{"CURRENT VIEW": 20, "view timeout": 2, "timedout": false}
2022-11-27T04:56:17.683Z	DEBUG	replica=7	coded-hotterstuff/consensus.go:788	new block locked	{"CURRENT VIEW": 20, "view": 18, "hash": "6UfBJLlIX1wd3MF43w68SPyfPsdwcfzWodH+19bgzRM="}
2022-11-27T04:56:17.683Z	INFO	replica=7	coded-hotterstuff/consensus.go:797	new block commited	{"CURRENT VIEW": 20, "view": 17, "hash": "fbyAo5VKEVdmy5epf95saK65Dkgc3+iXrMxeW3XrK2g="}
2022-11-27T04:56:17.684Z	DEBUG	replica=7	coded-hotterstuff/consensus.go:678	proposal is safe to vote on	{"CURRENT VIEW": 19, "msg": "proposal", "header view": 20, "prepare view": 18, "hash": "Dba/D48qmB3vVH8kTd18xxswcR8z4rJnptAsC3sfvzQ=", "parent": "uSmPJ2ljy8Cf/kVdYaizGHLR6BOCKJsjlWDpYp2SPg4="}
Node  7 +1 block finalized at time:  2022-11-27 04:56:17.686908577 +0000 UTC m=+77.557193218
replica 7 is forwarding chunk to replica 0
replica 7 is forwarding chunk to replica 1
replica 7 is forwarding chunk to replica 3
replica 7 is forwarding chunk to replica 4
replica 7 is forwarding chunk to replica 5
replica 7 is forwarding chunk to replica 6
replica 7 is forwarding chunk to replica 8
Decoded original proposal, time: 2022-11-27 04:56:19.119037312 +0000 UTC m=+78.989322000 header hash: [13 182 191 15 143 42 152 29 239 84 127 36 77 221 124 199 27 48 113 31 51 226 178 103 166 208 44 11 123 31 191 52]
2022-11-27T04:56:19.119Z	DEBUG	replica=7	coded-hotterstuff/consensus.go:576	received proposal	{"CURRENT VIEW": 20, "msg": "proposal", "header view": 20, "prepare view": 19, "hash": "Dba/D48qmB3vVH8kTd18xxswcR8z4rJnptAsC3sfvzQ=", "parent": "uSmPJ2ljy8Cf/kVdYaizGHLR6BOCKJsjlWDpYp2SPg4="}
replica 7 is forwarding chunk to replica 0
replica 7 is forwarding chunk to replica 1
replica 7 is forwarding chunk to replica 2
replica 7 is forwarding chunk to replica 4
replica 7 is forwarding chunk to replica 5
replica 7 is forwarding chunk to replica 6
replica 7 is forwarding chunk to replica 8
Decoded original proposal, time: 2022-11-27 04:56:19.859971201 +0000 UTC m=+79.730255885 header hash: [13 182 191 15 143 42 152 29 239 84 127 36 77 221 124 199 27 48 113 31 51 226 178 103 166 208 44 11 123 31 191 52]
2022-11-27T04:56:19.860Z	DEBUG	replica=7	coded-hotterstuff/consensus.go:576	received proposal	{"CURRENT VIEW": 20, "msg": "proposal", "header view": 20, "prepare view": 19, "hash": "Dba/D48qmB3vVH8kTd18xxswcR8z4rJnptAsC3sfvzQ=", "parent": "uSmPJ2ljy8Cf/kVdYaizGHLR6BOCKJsjlWDpYp2SPg4="}
replica 7 is forwarding chunk to replica 0
replica 7 is forwarding chunk to replica 1
replica 7 is forwarding chunk to replica 2
replica 7 is forwarding chunk to replica 4
replica 7 is forwarding chunk to replica 5
replica 7 is forwarding chunk to replica 6
replica 7 is forwarding chunk to replica 8
Decoded original proposal, time: 2022-11-27 04:56:20.913469885 +0000 UTC m=+80.783754572 header hash: [209 38 65 65 46 4 226 145 106 139 61 138 29 3 67 4 115 15 92 233 3 182 204 209 81 205 132 59 223 246 130 103]
2022-11-27T04:56:20.913Z	DEBUG	replica=7	coded-hotterstuff/consensus.go:576	received proposal	{"CURRENT VIEW": 20, "msg": "proposal", "header view": 21, "prepare view": 19, "hash": "0SZBQS4E4pFqiz2KHQNDBHMPXOkDtszRUc2EO9/2gmc=", "parent": "Dba/D48qmB3vVH8kTd18xxswcR8z4rJnptAsC3sfvzQ="}
2022-11-27T04:56:20.920Z	DEBUG	replica=7	coded-hotterstuff/consensus.go:809	new block certified	{"CURRENT VIEW": 20, "view": 20, "hash": "Dba/D48qmB3vVH8kTd18xxswcR8z4rJnptAsC3sfvzQ="}
2022-11-27T04:56:20.920Z	DEBUG	replica=7	coded-hotterstuff/consensus.go:520	entered new view	{"CURRENT VIEW": 21, "view timeout": 2, "timedout": false}
2022-11-27T04:56:20.920Z	DEBUG	replica=7	coded-hotterstuff/consensus.go:788	new block locked	{"CURRENT VIEW": 21, "view": 19, "hash": "uSmPJ2ljy8Cf/kVdYaizGHLR6BOCKJsjlWDpYp2SPg4="}
2022-11-27T04:56:20.920Z	INFO	replica=7	coded-hotterstuff/consensus.go:797	new block commited	{"CURRENT VIEW": 21, "view": 18, "hash": "6UfBJLlIX1wd3MF43w68SPyfPsdwcfzWodH+19bgzRM="}
2022-11-27T04:56:20.921Z	DEBUG	replica=7	coded-hotterstuff/consensus.go:678	proposal is safe to vote on	{"CURRENT VIEW": 20, "msg": "proposal", "header view": 21, "prepare view": 19, "hash": "0SZBQS4E4pFqiz2KHQNDBHMPXOkDtszRUc2EO9/2gmc=", "parent": "Dba/D48qmB3vVH8kTd18xxswcR8z4rJnptAsC3sfvzQ="}
Node  7 +1 block finalized at time:  2022-11-27 04:56:20.923934948 +0000 UTC m=+80.794219569
Decoded original proposal, time: 2022-11-27 04:56:21.950616635 +0000 UTC m=+81.820901324 header hash: [209 38 65 65 46 4 226 145 106 139 61 138 29 3 67 4 115 15 92 233 3 182 204 209 81 205 132 59 223 246 130 103]
2022-11-27T04:56:21.950Z	DEBUG	replica=7	coded-hotterstuff/consensus.go:576	received proposal	{"CURRENT VIEW": 21, "msg": "proposal", "header view": 21, "prepare view": 20, "hash": "0SZBQS4E4pFqiz2KHQNDBHMPXOkDtszRUc2EO9/2gmc=", "parent": "Dba/D48qmB3vVH8kTd18xxswcR8z4rJnptAsC3sfvzQ="}
replica 7 is forwarding chunk to replica 0
replica 7 is forwarding chunk to replica 1
replica 7 is forwarding chunk to replica 2
replica 7 is forwarding chunk to replica 4
replica 7 is forwarding chunk to replica 5
replica 7 is forwarding chunk to replica 6
replica 7 is forwarding chunk to replica 8
replica 7 is forwarding chunk to replica 0
replica 7 is forwarding chunk to replica 1
replica 7 is forwarding chunk to replica 2
replica 7 is forwarding chunk to replica 3
replica 7 is forwarding chunk to replica 5
replica 7 is forwarding chunk to replica 6
replica 7 is forwarding chunk to replica 8
Decoded original proposal, time: 2022-11-27 04:56:24.229785732 +0000 UTC m=+84.100070375 header hash: [209 38 65 65 46 4 226 145 106 139 61 138 29 3 67 4 115 15 92 233 3 182 204 209 81 205 132 59 223 246 130 103]
2022-11-27T04:56:24.229Z	DEBUG	replica=7	coded-hotterstuff/consensus.go:576	received proposal	{"CURRENT VIEW": 21, "msg": "proposal", "header view": 21, "prepare view": 20, "hash": "0SZBQS4E4pFqiz2KHQNDBHMPXOkDtszRUc2EO9/2gmc=", "parent": "Dba/D48qmB3vVH8kTd18xxswcR8z4rJnptAsC3sfvzQ="}
replica 7 is forwarding chunk to replica 0
replica 7 is forwarding chunk to replica 1
replica 7 is forwarding chunk to replica 2
replica 7 is forwarding chunk to replica 3
replica 7 is forwarding chunk to replica 5
replica 7 is forwarding chunk to replica 6
replica 7 is forwarding chunk to replica 8
Decoded original proposal, time: 2022-11-27 04:56:25.215041615 +0000 UTC m=+85.085326302 header hash: [236 22 254 114 249 137 84 235 103 187 22 243 254 52 241 221 163 197 58 85 216 147 6 31 172 60 252 77 199 10 162 122]
2022-11-27T04:56:25.215Z	DEBUG	replica=7	coded-hotterstuff/consensus.go:576	received proposal	{"CURRENT VIEW": 21, "msg": "proposal", "header view": 22, "prepare view": 20, "hash": "7Bb+cvmJVOtnuxbz/jTx3aPFOlXYkwYfrDz8TccKono=", "parent": "0SZBQS4E4pFqiz2KHQNDBHMPXOkDtszRUc2EO9/2gmc="}
2022-11-27T04:56:25.222Z	DEBUG	replica=7	coded-hotterstuff/consensus.go:809	new block certified	{"CURRENT VIEW": 21, "view": 21, "hash": "0SZBQS4E4pFqiz2KHQNDBHMPXOkDtszRUc2EO9/2gmc="}
2022-11-27T04:56:25.222Z	DEBUG	replica=7	coded-hotterstuff/consensus.go:520	entered new view	{"CURRENT VIEW": 22, "view timeout": 2, "timedout": false}
2022-11-27T04:56:25.222Z	DEBUG	replica=7	coded-hotterstuff/consensus.go:788	new block locked	{"CURRENT VIEW": 22, "view": 20, "hash": "Dba/D48qmB3vVH8kTd18xxswcR8z4rJnptAsC3sfvzQ="}
2022-11-27T04:56:25.222Z	INFO	replica=7	coded-hotterstuff/consensus.go:797	new block commited	{"CURRENT VIEW": 22, "view": 19, "hash": "uSmPJ2ljy8Cf/kVdYaizGHLR6BOCKJsjlWDpYp2SPg4="}
2022-11-27T04:56:25.223Z	DEBUG	replica=7	coded-hotterstuff/consensus.go:678	proposal is safe to vote on	{"CURRENT VIEW": 21, "msg": "proposal", "header view": 22, "prepare view": 20, "hash": "7Bb+cvmJVOtnuxbz/jTx3aPFOlXYkwYfrDz8TccKono=", "parent": "0SZBQS4E4pFqiz2KHQNDBHMPXOkDtszRUc2EO9/2gmc="}
Node  7 +1 block finalized at time:  2022-11-27 04:56:25.225905496 +0000 UTC m=+85.096190132
replica 7 is forwarding chunk to replica 0
replica 7 is forwarding chunk to replica 1
replica 7 is forwarding chunk to replica 2
replica 7 is forwarding chunk to replica 3
replica 7 is forwarding chunk to replica 5
replica 7 is forwarding chunk to replica 6
replica 7 is forwarding chunk to replica 8
Decoded original proposal, time: 2022-11-27 04:56:26.263982774 +0000 UTC m=+86.134267458 header hash: [236 22 254 114 249 137 84 235 103 187 22 243 254 52 241 221 163 197 58 85 216 147 6 31 172 60 252 77 199 10 162 122]
2022-11-27T04:56:26.264Z	DEBUG	replica=7	coded-hotterstuff/consensus.go:576	received proposal	{"CURRENT VIEW": 22, "msg": "proposal", "header view": 22, "prepare view": 21, "hash": "7Bb+cvmJVOtnuxbz/jTx3aPFOlXYkwYfrDz8TccKono=", "parent": "0SZBQS4E4pFqiz2KHQNDBHMPXOkDtszRUc2EO9/2gmc="}
Decoded original proposal, time: 2022-11-27 04:56:27.330687129 +0000 UTC m=+87.200971814 header hash: [236 22 254 114 249 137 84 235 103 187 22 243 254 52 241 221 163 197 58 85 216 147 6 31 172 60 252 77 199 10 162 122]
2022-11-27T04:56:27.330Z	DEBUG	replica=7	coded-hotterstuff/consensus.go:576	received proposal	{"CURRENT VIEW": 22, "msg": "proposal", "header view": 22, "prepare view": 21, "hash": "7Bb+cvmJVOtnuxbz/jTx3aPFOlXYkwYfrDz8TccKono=", "parent": "0SZBQS4E4pFqiz2KHQNDBHMPXOkDtszRUc2EO9/2gmc="}
replica 7 is forwarding chunk to replica 0
replica 7 is forwarding chunk to replica 1
replica 7 is forwarding chunk to replica 2
replica 7 is forwarding chunk to replica 3
replica 7 is forwarding chunk to replica 4
replica 7 is forwarding chunk to replica 6
replica 7 is forwarding chunk to replica 8
Decoded original proposal, time: 2022-11-27 04:56:28.855558975 +0000 UTC m=+88.725843661 header hash: [166 104 248 56 156 200 56 21 234 36 160 106 253 96 127 136 80 12 64 153 26 46 23 40 178 246 209 130 199 137 106 50]
2022-11-27T04:56:28.855Z	DEBUG	replica=7	coded-hotterstuff/consensus.go:576	received proposal	{"CURRENT VIEW": 22, "msg": "proposal", "header view": 23, "prepare view": 21, "hash": "pmj4OJzIOBXqJKBq/WB/iFAMQJkaLhcosvbRgseJajI=", "parent": "7Bb+cvmJVOtnuxbz/jTx3aPFOlXYkwYfrDz8TccKono="}
2022-11-27T04:56:28.868Z	DEBUG	replica=7	coded-hotterstuff/consensus.go:809	new block certified	{"CURRENT VIEW": 22, "view": 22, "hash": "7Bb+cvmJVOtnuxbz/jTx3aPFOlXYkwYfrDz8TccKono="}
2022-11-27T04:56:28.868Z	DEBUG	replica=7	coded-hotterstuff/consensus.go:520	entered new view	{"CURRENT VIEW": 23, "view timeout": 2, "timedout": false}
2022-11-27T04:56:28.868Z	DEBUG	replica=7	coded-hotterstuff/consensus.go:788	new block locked	{"CURRENT VIEW": 23, "view": 21, "hash": "0SZBQS4E4pFqiz2KHQNDBHMPXOkDtszRUc2EO9/2gmc="}
2022-11-27T04:56:28.868Z	INFO	replica=7	coded-hotterstuff/consensus.go:797	new block commited	{"CURRENT VIEW": 23, "view": 20, "hash": "Dba/D48qmB3vVH8kTd18xxswcR8z4rJnptAsC3sfvzQ="}
2022-11-27T04:56:28.873Z	DEBUG	replica=7	coded-hotterstuff/consensus.go:678	proposal is safe to vote on	{"CURRENT VIEW": 22, "msg": "proposal", "header view": 23, "prepare view": 21, "hash": "pmj4OJzIOBXqJKBq/WB/iFAMQJkaLhcosvbRgseJajI=", "parent": "7Bb+cvmJVOtnuxbz/jTx3aPFOlXYkwYfrDz8TccKono="}
replica 7 is forwarding chunk to replica 0
replica 7 is forwarding chunk to replica 1
replica 7 is forwarding chunk to replica 2
replica 7 is forwarding chunk to replica 3
replica 7 is forwarding chunk to replica 4
replica 7 is forwarding chunk to replica 6
replica 7 is forwarding chunk to replica 8
Node  7 +1 block finalized at time:  2022-11-27 04:56:28.877150656 +0000 UTC m=+88.747435306
Decoded original proposal, time: 2022-11-27 04:56:29.963566497 +0000 UTC m=+89.833851178 header hash: [166 104 248 56 156 200 56 21 234 36 160 106 253 96 127 136 80 12 64 153 26 46 23 40 178 246 209 130 199 137 106 50]
2022-11-27T04:56:29.963Z	DEBUG	replica=7	coded-hotterstuff/consensus.go:576	received proposal	{"CURRENT VIEW": 23, "msg": "proposal", "header view": 23, "prepare view": 22, "hash": "pmj4OJzIOBXqJKBq/WB/iFAMQJkaLhcosvbRgseJajI=", "parent": "7Bb+cvmJVOtnuxbz/jTx3aPFOlXYkwYfrDz8TccKono="}
replica 7 is forwarding chunk to replica 0
replica 7 is forwarding chunk to replica 1
replica 7 is forwarding chunk to replica 2
replica 7 is forwarding chunk to replica 3
replica 7 is forwarding chunk to replica 4
replica 7 is forwarding chunk to replica 5
replica 7 is forwarding chunk to replica 8
2022-11-27T04:56:30.669Z	DEBUG	replica=7	coded-hotterstuff/consensus.go:965	received vote	{"CURRENT VIEW": 23, "msg": "vote", "voter": 6, "view": 23, "hash": "gik/jtFw93imMquZfPKd+FqganPHYY5XCcGc1OKyfB0="}
Node  7  received vote before proposal, saving vote in pending votes, hash is  [130 41 63 142 209 112 247 120 166 50 171 153 124 242 157 248 90 160 106 115 199 97 142 87 9 193 156 212 226 178 124 29]  and string is,  24
2022-11-27T04:56:30.669Z	DEBUG	replica=7	coded-hotterstuff/consensus.go:970	Received vote before proposal, key is, 24	{"CURRENT VIEW": 23}
replica 7 is forwarding chunk to replica 0
replica 7 is forwarding chunk to replica 1
replica 7 is forwarding chunk to replica 2
replica 7 is forwarding chunk to replica 3
replica 7 is forwarding chunk to replica 4
replica 7 is forwarding chunk to replica 6
replica 7 is forwarding chunk to replica 8
replica 7 is forwarding chunk to replica 0
replica 7 is forwarding chunk to replica 1
replica 7 is forwarding chunk to replica 2
replica 7 is forwarding chunk to replica 3
replica 7 is forwarding chunk to replica 4
replica 7 is forwarding chunk to replica 5
replica 7 is forwarding chunk to replica 8
Decoded original proposal, time: 2022-11-27 04:56:32.307664098 +0000 UTC m=+92.177948785 header hash: [130 41 63 142 209 112 247 120 166 50 171 153 124 242 157 248 90 160 106 115 199 97 142 87 9 193 156 212 226 178 124 29]
2022-11-27T04:56:32.307Z	DEBUG	replica=7	coded-hotterstuff/consensus.go:576	received proposal	{"CURRENT VIEW": 23, "msg": "proposal", "header view": 24, "prepare view": 22, "hash": "gik/jtFw93imMquZfPKd+FqganPHYY5XCcGc1OKyfB0=", "parent": "pmj4OJzIOBXqJKBq/WB/iFAMQJkaLhcosvbRgseJajI="}
2022-11-27T04:56:32.315Z	DEBUG	replica=7	coded-hotterstuff/consensus.go:809	new block certified	{"CURRENT VIEW": 23, "view": 23, "hash": "pmj4OJzIOBXqJKBq/WB/iFAMQJkaLhcosvbRgseJajI="}
2022-11-27T04:56:32.315Z	DEBUG	replica=7	coded-hotterstuff/consensus.go:520	entered new view	{"CURRENT VIEW": 24, "view timeout": 2, "timedout": false}
2022-11-27T04:56:32.315Z	DEBUG	replica=7	coded-hotterstuff/consensus.go:535	replica is a leader for next view. collecting new-view messages	{"CURRENT VIEW": 24}
2022-11-27T04:56:32.315Z	DEBUG	replica=7	coded-hotterstuff/consensus.go:788	new block locked	{"CURRENT VIEW": 24, "view": 22, "hash": "7Bb+cvmJVOtnuxbz/jTx3aPFOlXYkwYfrDz8TccKono="}
2022-11-27T04:56:32.315Z	INFO	replica=7	coded-hotterstuff/consensus.go:797	new block commited	{"CURRENT VIEW": 24, "view": 21, "hash": "0SZBQS4E4pFqiz2KHQNDBHMPXOkDtszRUc2EO9/2gmc="}
2022-11-27T04:56:32.316Z	DEBUG	replica=7	coded-hotterstuff/consensus.go:678	proposal is safe to vote on	{"CURRENT VIEW": 23, "msg": "proposal", "header view": 24, "prepare view": 22, "hash": "gik/jtFw93imMquZfPKd+FqganPHYY5XCcGc1OKyfB0=", "parent": "pmj4OJzIOBXqJKBq/WB/iFAMQJkaLhcosvbRgseJajI="}
2022-11-27T04:56:32.316Z	DEBUG	replica=7	coded-hotterstuff/consensus.go:758	Taking care of pending vote 24	{"CURRENT VIEW": 24}
2022-11-27T04:56:32.316Z	DEBUG	replica=7	coded-hotterstuff/consensus.go:965	received vote	{"CURRENT VIEW": 24, "msg": "vote", "voter": 6, "view": 24, "hash": "gik/jtFw93imMquZfPKd+FqganPHYY5XCcGc1OKyfB0="}
2022-11-27T04:56:32.322Z	DEBUG	replica=7	coded-hotterstuff/consensus.go:965	received vote	{"CURRENT VIEW": 24, "msg": "vote", "voter": 7, "view": 24, "hash": "gik/jtFw93imMquZfPKd+FqganPHYY5XCcGc1OKyfB0="}
Node  7 +1 block finalized at time:  2022-11-27 04:56:32.32834113 +0000 UTC m=+92.198625767
2022-11-27T04:56:33.072Z	DEBUG	replica=7	coded-hotterstuff/consensus.go:965	received vote	{"CURRENT VIEW": 24, "msg": "vote", "voter": 5, "view": 24, "hash": "gik/jtFw93imMquZfPKd+FqganPHYY5XCcGc1OKyfB0="}
replica 7 is forwarding chunk to replica 0
replica 7 is forwarding chunk to replica 1
replica 7 is forwarding chunk to replica 2
replica 7 is forwarding chunk to replica 3
replica 7 is forwarding chunk to replica 4
replica 7 is forwarding chunk to replica 5
replica 7 is forwarding chunk to replica 8
Decoded original proposal, time: 2022-11-27 04:56:33.345737945 +0000 UTC m=+93.216022630 header hash: [166 104 248 56 156 200 56 21 234 36 160 106 253 96 127 136 80 12 64 153 26 46 23 40 178 246 209 130 199 137 106 50]
2022-11-27T04:56:33.345Z	DEBUG	replica=7	coded-hotterstuff/consensus.go:576	received proposal	{"CURRENT VIEW": 24, "msg": "proposal", "header view": 23, "prepare view": 23, "hash": "pmj4OJzIOBXqJKBq/WB/iFAMQJkaLhcosvbRgseJajI=", "parent": "7Bb+cvmJVOtnuxbz/jTx3aPFOlXYkwYfrDz8TccKono="}
2022-11-27T04:56:33.354Z	DEBUG	replica=7	coded-hotterstuff/consensus.go:667	proposal view doesn't match local view	{"CURRENT VIEW": 24, "msg": "proposal", "header view": 23, "prepare view": 23, "hash": "pmj4OJzIOBXqJKBq/WB/iFAMQJkaLhcosvbRgseJajI=", "parent": "7Bb+cvmJVOtnuxbz/jTx3aPFOlXYkwYfrDz8TccKono="}
2022-11-27T04:56:33.354Z	DEBUG	replica=7	coded-hotterstuff/consensus.go:965	received vote	{"CURRENT VIEW": 24, "msg": "vote", "voter": 8, "view": 24, "hash": "gik/jtFw93imMquZfPKd+FqganPHYY5XCcGc1OKyfB0="}
2022-11-27T04:56:33.369Z	DEBUG	replica=7	coded-hotterstuff/consensus.go:965	received vote	{"CURRENT VIEW": 24, "msg": "vote", "voter": 3, "view": 24, "hash": "gik/jtFw93imMquZfPKd+FqganPHYY5XCcGc1OKyfB0="}
2022-11-27T04:56:33.563Z	DEBUG	replica=7	coded-hotterstuff/consensus.go:965	received vote	{"CURRENT VIEW": 24, "msg": "vote", "voter": 1, "view": 24, "hash": "gik/jtFw93imMquZfPKd+FqganPHYY5XCcGc1OKyfB0="}
2022-11-27T04:56:33.757Z	DEBUG	replica=7	coded-hotterstuff/consensus.go:965	received vote	{"CURRENT VIEW": 24, "msg": "vote", "voter": 4, "view": 24, "hash": "gik/jtFw93imMquZfPKd+FqganPHYY5XCcGc1OKyfB0="}
2022-11-27T04:56:33.762Z	DEBUG	replica=7	coded-hotterstuff/consensus.go:809	new block certified	{"CURRENT VIEW": 24, "view": 24, "hash": "gik/jtFw93imMquZfPKd+FqganPHYY5XCcGc1OKyfB0="}
2022-11-27T04:56:33.762Z	DEBUG	replica=7	coded-hotterstuff/consensus.go:520	entered new view	{"CURRENT VIEW": 25, "view timeout": 2, "timedout": false}
2022-11-27T04:56:33.762Z	DEBUG	replica=7	coded-hotterstuff/consensus.go:544	replica is a leader for this view. waiting for data	{"CURRENT VIEW": 25}
2022-11-27T04:56:33.762Z	DEBUG	replica=7	coded-hotterstuff/consensus.go:520	entered new view	{"CURRENT VIEW": 25, "view timeout": 2, "timedout": false}
2022-11-27T04:56:33.762Z	DEBUG	replica=7	coded-hotterstuff/consensus.go:544	replica is a leader for this view. waiting for data	{"CURRENT VIEW": 25}
2022-11-27T04:56:33.765Z	DEBUG	replica=7	coded-hotterstuff/consensus.go:238	sending proposal	{"CURRENT VIEW": 25, "hash": "Ugwh8F3FpQFeRSYscm+DFw01jRZ/5rTD0xHw0SpCo78=", "parent": "gik/jtFw93imMquZfPKd+FqganPHYY5XCcGc1OKyfB0=", "signer": 7}
2022-11-27T04:56:33.766Z	DEBUG	replica=7	coded-hotterstuff/consensus.go:576	received proposal	{"CURRENT VIEW": 25, "msg": "proposal", "header view": 25, "prepare view": 24, "hash": "Ugwh8F3FpQFeRSYscm+DFw01jRZ/5rTD0xHw0SpCo78=", "parent": "gik/jtFw93imMquZfPKd+FqganPHYY5XCcGc1OKyfB0="}
2022-11-27T04:56:33.774Z	DEBUG	replica=7	coded-hotterstuff/consensus.go:788	new block locked	{"CURRENT VIEW": 25, "view": 23, "hash": "pmj4OJzIOBXqJKBq/WB/iFAMQJkaLhcosvbRgseJajI="}
2022-11-27T04:56:33.774Z	INFO	replica=7	coded-hotterstuff/consensus.go:797	new block commited	{"CURRENT VIEW": 25, "view": 22, "hash": "7Bb+cvmJVOtnuxbz/jTx3aPFOlXYkwYfrDz8TccKono="}
2022-11-27T04:56:33.776Z	DEBUG	replica=7	coded-hotterstuff/consensus.go:678	proposal is safe to vote on	{"CURRENT VIEW": 25, "msg": "proposal", "header view": 25, "prepare view": 24, "hash": "Ugwh8F3FpQFeRSYscm+DFw01jRZ/5rTD0xHw0SpCo78=", "parent": "gik/jtFw93imMquZfPKd+FqganPHYY5XCcGc1OKyfB0="}
Node  7 +1 block finalized at time:  2022-11-27 04:56:33.778815897 +0000 UTC m=+93.649100523
2022-11-27T04:56:34.180Z	DEBUG	replica=7	coded-hotterstuff/consensus.go:965	received vote	{"CURRENT VIEW": 25, "msg": "vote", "voter": 2, "view": 25, "hash": "gik/jtFw93imMquZfPKd+FqganPHYY5XCcGc1OKyfB0="}
2022-11-27T04:56:34.185Z	DEBUG	replica=7	coded-hotterstuff/consensus.go:520	entered new view	{"CURRENT VIEW": 25, "view timeout": 2, "timedout": false}
2022-11-27T04:56:34.185Z	DEBUG	replica=7	coded-hotterstuff/consensus.go:544	replica is a leader for this view. waiting for data	{"CURRENT VIEW": 25}
2022-11-27T04:56:34.189Z	DEBUG	replica=7	coded-hotterstuff/consensus.go:238	sending proposal	{"CURRENT VIEW": 25, "hash": "Ugwh8F3FpQFeRSYscm+DFw01jRZ/5rTD0xHw0SpCo78=", "parent": "gik/jtFw93imMquZfPKd+FqganPHYY5XCcGc1OKyfB0=", "signer": 7}
2022-11-27T04:56:34.192Z	DEBUG	replica=7	coded-hotterstuff/consensus.go:576	received proposal	{"CURRENT VIEW": 25, "msg": "proposal", "header view": 25, "prepare view": 24, "hash": "Ugwh8F3FpQFeRSYscm+DFw01jRZ/5rTD0xHw0SpCo78=", "parent": "gik/jtFw93imMquZfPKd+FqganPHYY5XCcGc1OKyfB0="}
Decoded original proposal, time: 2022-11-27 04:56:34.354531654 +0000 UTC m=+94.224816297 header hash: [130 41 63 142 209 112 247 120 166 50 171 153 124 242 157 248 90 160 106 115 199 97 142 87 9 193 156 212 226 178 124 29]
2022-11-27T04:56:34.354Z	DEBUG	replica=7	coded-hotterstuff/consensus.go:576	received proposal	{"CURRENT VIEW": 25, "msg": "proposal", "header view": 24, "prepare view": 24, "hash": "gik/jtFw93imMquZfPKd+FqganPHYY5XCcGc1OKyfB0=", "parent": "pmj4OJzIOBXqJKBq/WB/iFAMQJkaLhcosvbRgseJajI="}
2022-11-27T04:56:34.363Z	DEBUG	replica=7	coded-hotterstuff/consensus.go:667	proposal view doesn't match local view	{"CURRENT VIEW": 25, "msg": "proposal", "header view": 24, "prepare view": 24, "hash": "gik/jtFw93imMquZfPKd+FqganPHYY5XCcGc1OKyfB0=", "parent": "pmj4OJzIOBXqJKBq/WB/iFAMQJkaLhcosvbRgseJajI="}
2022-11-27T04:56:34.408Z	DEBUG	replica=7	coded-hotterstuff/consensus.go:965	received vote	{"CURRENT VIEW": 25, "msg": "vote", "voter": 0, "view": 25, "hash": "gik/jtFw93imMquZfPKd+FqganPHYY5XCcGc1OKyfB0="}
2022-11-27T04:56:34.414Z	DEBUG	replica=7	coded-hotterstuff/consensus.go:520	entered new view	{"CURRENT VIEW": 25, "view timeout": 2, "timedout": false}
2022-11-27T04:56:34.414Z	DEBUG	replica=7	coded-hotterstuff/consensus.go:544	replica is a leader for this view. waiting for data	{"CURRENT VIEW": 25}
2022-11-27T04:56:34.417Z	DEBUG	replica=7	coded-hotterstuff/consensus.go:238	sending proposal	{"CURRENT VIEW": 25, "hash": "Ugwh8F3FpQFeRSYscm+DFw01jRZ/5rTD0xHw0SpCo78=", "parent": "gik/jtFw93imMquZfPKd+FqganPHYY5XCcGc1OKyfB0=", "signer": 7}
2022-11-27T04:56:34.418Z	DEBUG	replica=7	coded-hotterstuff/consensus.go:576	received proposal	{"CURRENT VIEW": 25, "msg": "proposal", "header view": 25, "prepare view": 24, "hash": "Ugwh8F3FpQFeRSYscm+DFw01jRZ/5rTD0xHw0SpCo78=", "parent": "gik/jtFw93imMquZfPKd+FqganPHYY5XCcGc1OKyfB0="}
Decoded original proposal, time: 2022-11-27 04:56:35.107799244 +0000 UTC m=+94.978083929 header hash: [130 41 63 142 209 112 247 120 166 50 171 153 124 242 157 248 90 160 106 115 199 97 142 87 9 193 156 212 226 178 124 29]
2022-11-27T04:56:35.107Z	DEBUG	replica=7	coded-hotterstuff/consensus.go:576	received proposal	{"CURRENT VIEW": 25, "msg": "proposal", "header view": 24, "prepare view": 24, "hash": "gik/jtFw93imMquZfPKd+FqganPHYY5XCcGc1OKyfB0=", "parent": "pmj4OJzIOBXqJKBq/WB/iFAMQJkaLhcosvbRgseJajI="}
2022-11-27T04:56:35.115Z	DEBUG	replica=7	coded-hotterstuff/consensus.go:667	proposal view doesn't match local view	{"CURRENT VIEW": 25, "msg": "proposal", "header view": 24, "prepare view": 24, "hash": "gik/jtFw93imMquZfPKd+FqganPHYY5XCcGc1OKyfB0=", "parent": "pmj4OJzIOBXqJKBq/WB/iFAMQJkaLhcosvbRgseJajI="}
replica 7 is forwarding chunk to replica 0
replica 7 is forwarding chunk to replica 1
replica 7 is forwarding chunk to replica 2
replica 7 is forwarding chunk to replica 3
replica 7 is forwarding chunk to replica 4
replica 7 is forwarding chunk to replica 5
replica 7 is forwarding chunk to replica 6
replica 7 is forwarding chunk to replica 0
replica 7 is forwarding chunk to replica 1
replica 7 is forwarding chunk to replica 2
replica 7 is forwarding chunk to replica 3
replica 7 is forwarding chunk to replica 4
replica 7 is forwarding chunk to replica 5
replica 7 is forwarding chunk to replica 6
Decoded original proposal, time: 2022-11-27 04:56:40.971527216 +0000 UTC m=+100.841811897 header hash: [4 92 222 242 88 244 7 42 136 122 14 69 49 227 58 66 22 66 11 141 253 91 119 103 62 24 21 53 219 2 9 239]
2022-11-27T04:56:40.971Z	DEBUG	replica=7	coded-hotterstuff/consensus.go:576	received proposal	{"CURRENT VIEW": 25, "msg": "proposal", "header view": 26, "prepare view": 24, "hash": "BFze8lj0ByqIeg5FMeM6QhZCC439W3dnPhgVNdsCCe8=", "parent": "Ugwh8F3FpQFeRSYscm+DFw01jRZ/5rTD0xHw0SpCo78="}
2022-11-27T04:56:40.978Z	DEBUG	replica=7	coded-hotterstuff/consensus.go:809	new block certified	{"CURRENT VIEW": 25, "view": 25, "hash": "Ugwh8F3FpQFeRSYscm+DFw01jRZ/5rTD0xHw0SpCo78="}
2022-11-27T04:56:40.979Z	DEBUG	replica=7	coded-hotterstuff/consensus.go:520	entered new view	{"CURRENT VIEW": 26, "view timeout": 2, "timedout": false}
2022-11-27T04:56:40.979Z	DEBUG	replica=7	coded-hotterstuff/consensus.go:788	new block locked	{"CURRENT VIEW": 26, "view": 24, "hash": "gik/jtFw93imMquZfPKd+FqganPHYY5XCcGc1OKyfB0="}
2022-11-27T04:56:40.979Z	INFO	replica=7	coded-hotterstuff/consensus.go:797	new block commited	{"CURRENT VIEW": 26, "view": 23, "hash": "pmj4OJzIOBXqJKBq/WB/iFAMQJkaLhcosvbRgseJajI="}
2022-11-27T04:56:40.980Z	DEBUG	replica=7	coded-hotterstuff/consensus.go:678	proposal is safe to vote on	{"CURRENT VIEW": 25, "msg": "proposal", "header view": 26, "prepare view": 24, "hash": "BFze8lj0ByqIeg5FMeM6QhZCC439W3dnPhgVNdsCCe8=", "parent": "Ugwh8F3FpQFeRSYscm+DFw01jRZ/5rTD0xHw0SpCo78="}
Node  7 +1 block finalized at time:  2022-11-27 04:56:40.983182593 +0000 UTC m=+100.853467289
replica 7 is forwarding chunk to replica 0
replica 7 is forwarding chunk to replica 1
replica 7 is forwarding chunk to replica 2
replica 7 is forwarding chunk to replica 3
replica 7 is forwarding chunk to replica 4
replica 7 is forwarding chunk to replica 5
replica 7 is forwarding chunk to replica 6
Decoded original proposal, time: 2022-11-27 04:56:42.387437242 +0000 UTC m=+102.257721876 header hash: [4 92 222 242 88 244 7 42 136 122 14 69 49 227 58 66 22 66 11 141 253 91 119 103 62 24 21 53 219 2 9 239]
2022-11-27T04:56:42.387Z	DEBUG	replica=7	coded-hotterstuff/consensus.go:576	received proposal	{"CURRENT VIEW": 26, "msg": "proposal", "header view": 26, "prepare view": 25, "hash": "BFze8lj0ByqIeg5FMeM6QhZCC439W3dnPhgVNdsCCe8=", "parent": "Ugwh8F3FpQFeRSYscm+DFw01jRZ/5rTD0xHw0SpCo78="}
Decoded original proposal, time: 2022-11-27 04:56:43.716032671 +0000 UTC m=+103.586317311 header hash: [4 92 222 242 88 244 7 42 136 122 14 69 49 227 58 66 22 66 11 141 253 91 119 103 62 24 21 53 219 2 9 239]
2022-11-27T04:56:43.716Z	DEBUG	replica=7	coded-hotterstuff/consensus.go:576	received proposal	{"CURRENT VIEW": 26, "msg": "proposal", "header view": 26, "prepare view": 25, "hash": "BFze8lj0ByqIeg5FMeM6QhZCC439W3dnPhgVNdsCCe8=", "parent": "Ugwh8F3FpQFeRSYscm+DFw01jRZ/5rTD0xHw0SpCo78="}
replica 7 is forwarding chunk to replica 1
replica 7 is forwarding chunk to replica 2
replica 7 is forwarding chunk to replica 3
replica 7 is forwarding chunk to replica 4
replica 7 is forwarding chunk to replica 5
replica 7 is forwarding chunk to replica 6
replica 7 is forwarding chunk to replica 8
