Node index: 1
[10.0.1.0:9000 10.0.1.2:9001 10.0.1.4:9002 10.0.1.6:9003 10.0.1.8:9004 10.0.1.10:9005 10.0.1.12:9006 10.0.1.14:9007 10.0.1.16:9008]
node 1 initiating connection to 10.0.1.0:9000
2022-11-27T04:55:00.268Z	DEBUG	replica=1	coded-hotterstuff/consensus.go:520	entered new view	{"CURRENT VIEW": 1, "view timeout": 2, "timedout": false}
2022-11-27T04:55:00.268Z	DEBUG	replica=1	coded-hotterstuff/consensus.go:544	replica is a leader for this view. waiting for data	{"CURRENT VIEW": 1}
node 1 successfully initiated connection to 10.0.1.0:9000
2022-11-27T04:55:00.274Z	DEBUG	replica=1	coded-hotterstuff/consensus.go:238	sending proposal	{"CURRENT VIEW": 1, "hash": "SKC06ZXnbItnYZVTxXLWgGtuTOc9zSoSvlJWhQRO6/8=", "parent": "GZWDhiYW+ib6TpJWRLDOftUd8y8ovAaEerQWDbefS7c=", "signer": 1}
2022-11-27T04:55:00.277Z	DEBUG	replica=1	coded-hotterstuff/consensus.go:576	received proposal	{"CURRENT VIEW": 1, "msg": "proposal", "header view": 1, "prepare view": 0, "hash": "SKC06ZXnbItnYZVTxXLWgGtuTOc9zSoSvlJWhQRO6/8=", "parent": "GZWDhiYW+ib6TpJWRLDOftUd8y8ovAaEerQWDbefS7c="}
connection established 1 - 4
connection established 1 - 3
Node  1 -->  Listening for messages... 
Node  1 -->  Listening for messages... 
connection established 1 - 7
Node  1 -->  Listening for messages... 
2022-11-27T04:55:00.290Z	DEBUG	replica=1	coded-hotterstuff/consensus.go:777	could not find gparent header	{"CURRENT VIEW": 1, "view": 0, "hash": "GZWDhiYW+ib6TpJWRLDOftUd8y8ovAaEerQWDbefS7c="}
2022-11-27T04:55:00.293Z	DEBUG	replica=1	coded-hotterstuff/consensus.go:678	proposal is safe to vote on	{"CURRENT VIEW": 1, "msg": "proposal", "header view": 1, "prepare view": 0, "hash": "SKC06ZXnbItnYZVTxXLWgGtuTOc9zSoSvlJWhQRO6/8=", "parent": "GZWDhiYW+ib6TpJWRLDOftUd8y8ovAaEerQWDbefS7c="}
connection established 1 - 6
Node  1 -->  Listening for messages... 
connection established 1 - 2
Node  1 -->  Listening for messages... 
connection established 1 - 8
Node  1 -->  Listening for messages... 
connection established 1 - 5
Node  1 -->  Listening for messages... 
connection established 1 - 0
Node  1 -->  Listening for messages... 
replica 1 is forwarding chunk to replica 0
replica 1 is forwarding chunk to replica 3
replica 1 is forwarding chunk to replica 4
replica 1 is forwarding chunk to replica 5
replica 1 is forwarding chunk to replica 6
replica 1 is forwarding chunk to replica 7
replica 1 is forwarding chunk to replica 8
replica 1 is forwarding chunk to replica 0
replica 1 is forwarding chunk to replica 3
replica 1 is forwarding chunk to replica 4
replica 1 is forwarding chunk to replica 5
replica 1 is forwarding chunk to replica 6
replica 1 is forwarding chunk to replica 7
replica 1 is forwarding chunk to replica 8
Decoded original proposal, time: 2022-11-27 04:55:05.39876292 +0000 UTC m=+5.239697964 header hash: [112 240 93 77 174 234 64 155 158 20 106 227 158 234 134 149 230 112 20 24 127 150 17 128 149 69 129 124 42 247 80 171]
2022-11-27T04:55:05.398Z	DEBUG	replica=1	coded-hotterstuff/consensus.go:576	received proposal	{"CURRENT VIEW": 1, "msg": "proposal", "header view": 2, "prepare view": 0, "hash": "cPBdTa7qQJueFGrjnuqGleZwFBh/lhGAlUWBfCr3UKs=", "parent": "SKC06ZXnbItnYZVTxXLWgGtuTOc9zSoSvlJWhQRO6/8="}
2022-11-27T04:55:05.406Z	DEBUG	replica=1	coded-hotterstuff/consensus.go:809	new block certified	{"CURRENT VIEW": 1, "view": 1, "hash": "SKC06ZXnbItnYZVTxXLWgGtuTOc9zSoSvlJWhQRO6/8="}
2022-11-27T04:55:05.407Z	DEBUG	replica=1	coded-hotterstuff/consensus.go:520	entered new view	{"CURRENT VIEW": 2, "view timeout": 2, "timedout": false}
2022-11-27T04:55:05.407Z	DEBUG	replica=1	coded-hotterstuff/consensus.go:782	could not find ggparent header	{"CURRENT VIEW": 2, "view": 0, "hash": "GZWDhiYW+ib6TpJWRLDOftUd8y8ovAaEerQWDbefS7c="}
2022-11-27T04:55:05.409Z	DEBUG	replica=1	coded-hotterstuff/consensus.go:678	proposal is safe to vote on	{"CURRENT VIEW": 1, "msg": "proposal", "header view": 2, "prepare view": 0, "hash": "cPBdTa7qQJueFGrjnuqGleZwFBh/lhGAlUWBfCr3UKs=", "parent": "SKC06ZXnbItnYZVTxXLWgGtuTOc9zSoSvlJWhQRO6/8="}
Decoded original proposal, time: 2022-11-27 04:55:06.264247263 +0000 UTC m=+6.105182327 header hash: [112 240 93 77 174 234 64 155 158 20 106 227 158 234 134 149 230 112 20 24 127 150 17 128 149 69 129 124 42 247 80 171]
2022-11-27T04:55:06.264Z	DEBUG	replica=1	coded-hotterstuff/consensus.go:576	received proposal	{"CURRENT VIEW": 2, "msg": "proposal", "header view": 2, "prepare view": 1, "hash": "cPBdTa7qQJueFGrjnuqGleZwFBh/lhGAlUWBfCr3UKs=", "parent": "SKC06ZXnbItnYZVTxXLWgGtuTOc9zSoSvlJWhQRO6/8="}
2022-11-27T04:55:06.271Z	DEBUG	replica=1	coded-hotterstuff/consensus.go:782	could not find ggparent header	{"CURRENT VIEW": 2, "view": 0, "hash": "GZWDhiYW+ib6TpJWRLDOftUd8y8ovAaEerQWDbefS7c="}
replica 1 is forwarding chunk to replica 0
replica 1 is forwarding chunk to replica 2
replica 1 is forwarding chunk to replica 4
replica 1 is forwarding chunk to replica 5
replica 1 is forwarding chunk to replica 6
replica 1 is forwarding chunk to replica 7
replica 1 is forwarding chunk to replica 8
Decoded original proposal, time: 2022-11-27 04:55:08.372814 +0000 UTC m=+8.213749094 header hash: [112 177 115 22 63 1 229 2 188 132 41 134 91 243 148 216 155 140 26 48 57 5 100 136 252 109 95 105 67 73 234 227]
2022-11-27T04:55:08.372Z	DEBUG	replica=1	coded-hotterstuff/consensus.go:576	received proposal	{"CURRENT VIEW": 2, "msg": "proposal", "header view": 3, "prepare view": 1, "hash": "cLFzFj8B5QK8hCmGW/OU2JuMGjA5BWSI/G1faUNJ6uM=", "parent": "cPBdTa7qQJueFGrjnuqGleZwFBh/lhGAlUWBfCr3UKs="}
2022-11-27T04:55:08.381Z	DEBUG	replica=1	coded-hotterstuff/consensus.go:809	new block certified	{"CURRENT VIEW": 2, "view": 2, "hash": "cPBdTa7qQJueFGrjnuqGleZwFBh/lhGAlUWBfCr3UKs="}
2022-11-27T04:55:08.381Z	DEBUG	replica=1	coded-hotterstuff/consensus.go:520	entered new view	{"CURRENT VIEW": 3, "view timeout": 2, "timedout": false}
2022-11-27T04:55:08.381Z	DEBUG	replica=1	coded-hotterstuff/consensus.go:788	new block locked	{"CURRENT VIEW": 3, "view": 1, "hash": "SKC06ZXnbItnYZVTxXLWgGtuTOc9zSoSvlJWhQRO6/8="}
2022-11-27T04:55:08.382Z	DEBUG	replica=1	coded-hotterstuff/consensus.go:678	proposal is safe to vote on	{"CURRENT VIEW": 2, "msg": "proposal", "header view": 3, "prepare view": 1, "hash": "cLFzFj8B5QK8hCmGW/OU2JuMGjA5BWSI/G1faUNJ6uM=", "parent": "cPBdTa7qQJueFGrjnuqGleZwFBh/lhGAlUWBfCr3UKs="}
replica 1 is forwarding chunk to replica 0
replica 1 is forwarding chunk to replica 2
replica 1 is forwarding chunk to replica 4
replica 1 is forwarding chunk to replica 5
replica 1 is forwarding chunk to replica 6
replica 1 is forwarding chunk to replica 7
replica 1 is forwarding chunk to replica 8
replica 1 is forwarding chunk to replica 0
replica 1 is forwarding chunk to replica 2
replica 1 is forwarding chunk to replica 4
replica 1 is forwarding chunk to replica 5
replica 1 is forwarding chunk to replica 6
replica 1 is forwarding chunk to replica 7
replica 1 is forwarding chunk to replica 8
Decoded original proposal, time: 2022-11-27 04:55:09.56271729 +0000 UTC m=+9.403652406 header hash: [112 177 115 22 63 1 229 2 188 132 41 134 91 243 148 216 155 140 26 48 57 5 100 136 252 109 95 105 67 73 234 227]
2022-11-27T04:55:09.562Z	DEBUG	replica=1	coded-hotterstuff/consensus.go:576	received proposal	{"CURRENT VIEW": 3, "msg": "proposal", "header view": 3, "prepare view": 2, "hash": "cLFzFj8B5QK8hCmGW/OU2JuMGjA5BWSI/G1faUNJ6uM=", "parent": "cPBdTa7qQJueFGrjnuqGleZwFBh/lhGAlUWBfCr3UKs="}
Decoded original proposal, time: 2022-11-27 04:55:10.801100496 +0000 UTC m=+10.642035539 header hash: [112 177 115 22 63 1 229 2 188 132 41 134 91 243 148 216 155 140 26 48 57 5 100 136 252 109 95 105 67 73 234 227]
2022-11-27T04:55:10.801Z	DEBUG	replica=1	coded-hotterstuff/consensus.go:576	received proposal	{"CURRENT VIEW": 3, "msg": "proposal", "header view": 3, "prepare view": 2, "hash": "cLFzFj8B5QK8hCmGW/OU2JuMGjA5BWSI/G1faUNJ6uM=", "parent": "cPBdTa7qQJueFGrjnuqGleZwFBh/lhGAlUWBfCr3UKs="}
replica 1 is forwarding chunk to replica 0
replica 1 is forwarding chunk to replica 2
replica 1 is forwarding chunk to replica 3
replica 1 is forwarding chunk to replica 5
replica 1 is forwarding chunk to replica 6
replica 1 is forwarding chunk to replica 7
replica 1 is forwarding chunk to replica 8
Decoded original proposal, time: 2022-11-27 04:55:11.756084686 +0000 UTC m=+11.597019776 header hash: [241 106 152 62 46 209 156 146 237 16 116 52 193 237 0 80 85 192 166 182 15 238 2 99 236 42 182 26 232 130 25 190]
2022-11-27T04:55:11.756Z	DEBUG	replica=1	coded-hotterstuff/consensus.go:576	received proposal	{"CURRENT VIEW": 3, "msg": "proposal", "header view": 4, "prepare view": 2, "hash": "8WqYPi7RnJLtEHQ0we0AUFXAprYP7gJj7Cq2GuiCGb4=", "parent": "cLFzFj8B5QK8hCmGW/OU2JuMGjA5BWSI/G1faUNJ6uM="}
2022-11-27T04:55:11.765Z	DEBUG	replica=1	coded-hotterstuff/consensus.go:809	new block certified	{"CURRENT VIEW": 3, "view": 3, "hash": "cLFzFj8B5QK8hCmGW/OU2JuMGjA5BWSI/G1faUNJ6uM="}
2022-11-27T04:55:11.765Z	DEBUG	replica=1	coded-hotterstuff/consensus.go:520	entered new view	{"CURRENT VIEW": 4, "view timeout": 2, "timedout": false}
2022-11-27T04:55:11.765Z	DEBUG	replica=1	coded-hotterstuff/consensus.go:788	new block locked	{"CURRENT VIEW": 4, "view": 2, "hash": "cPBdTa7qQJueFGrjnuqGleZwFBh/lhGAlUWBfCr3UKs="}
2022-11-27T04:55:11.765Z	INFO	replica=1	coded-hotterstuff/consensus.go:797	new block commited	{"CURRENT VIEW": 4, "view": 1, "hash": "SKC06ZXnbItnYZVTxXLWgGtuTOc9zSoSvlJWhQRO6/8="}
2022-11-27T04:55:11.767Z	DEBUG	replica=1	coded-hotterstuff/consensus.go:678	proposal is safe to vote on	{"CURRENT VIEW": 3, "msg": "proposal", "header view": 4, "prepare view": 2, "hash": "8WqYPi7RnJLtEHQ0we0AUFXAprYP7gJj7Cq2GuiCGb4=", "parent": "cLFzFj8B5QK8hCmGW/OU2JuMGjA5BWSI/G1faUNJ6uM="}
Node  1 +1 block finalized at time:  2022-11-27 04:55:11.769914072 +0000 UTC m=+11.610849102
replica 1 is forwarding chunk to replica 0
replica 1 is forwarding chunk to replica 2
replica 1 is forwarding chunk to replica 3
replica 1 is forwarding chunk to replica 5
replica 1 is forwarding chunk to replica 6
replica 1 is forwarding chunk to replica 7
replica 1 is forwarding chunk to replica 8
Decoded original proposal, time: 2022-11-27 04:55:13.095660696 +0000 UTC m=+12.936595791 header hash: [241 106 152 62 46 209 156 146 237 16 116 52 193 237 0 80 85 192 166 182 15 238 2 99 236 42 182 26 232 130 25 190]
2022-11-27T04:55:13.095Z	DEBUG	replica=1	coded-hotterstuff/consensus.go:576	received proposal	{"CURRENT VIEW": 4, "msg": "proposal", "header view": 4, "prepare view": 3, "hash": "8WqYPi7RnJLtEHQ0we0AUFXAprYP7gJj7Cq2GuiCGb4=", "parent": "cLFzFj8B5QK8hCmGW/OU2JuMGjA5BWSI/G1faUNJ6uM="}
replica 1 is forwarding chunk to replica 0
replica 1 is forwarding chunk to replica 2
replica 1 is forwarding chunk to replica 3
replica 1 is forwarding chunk to replica 5
replica 1 is forwarding chunk to replica 6
replica 1 is forwarding chunk to replica 7
replica 1 is forwarding chunk to replica 8
Decoded original proposal, time: 2022-11-27 04:55:13.945404199 +0000 UTC m=+13.786339289 header hash: [241 106 152 62 46 209 156 146 237 16 116 52 193 237 0 80 85 192 166 182 15 238 2 99 236 42 182 26 232 130 25 190]
2022-11-27T04:55:13.945Z	DEBUG	replica=1	coded-hotterstuff/consensus.go:576	received proposal	{"CURRENT VIEW": 4, "msg": "proposal", "header view": 4, "prepare view": 3, "hash": "8WqYPi7RnJLtEHQ0we0AUFXAprYP7gJj7Cq2GuiCGb4=", "parent": "cLFzFj8B5QK8hCmGW/OU2JuMGjA5BWSI/G1faUNJ6uM="}
replica 1 is forwarding chunk to replica 0
replica 1 is forwarding chunk to replica 2
replica 1 is forwarding chunk to replica 3
replica 1 is forwarding chunk to replica 4
replica 1 is forwarding chunk to replica 6
replica 1 is forwarding chunk to replica 7
replica 1 is forwarding chunk to replica 8
Decoded original proposal, time: 2022-11-27 04:55:16.379381791 +0000 UTC m=+16.220316901 header hash: [142 10 227 234 199 14 168 203 47 218 211 136 230 41 94 109 68 52 16 5 27 142 16 70 5 23 250 1 182 25 221 148]
2022-11-27T04:55:16.379Z	DEBUG	replica=1	coded-hotterstuff/consensus.go:576	received proposal	{"CURRENT VIEW": 4, "msg": "proposal", "header view": 5, "prepare view": 3, "hash": "jgrj6scOqMsv2tOI5ilebUQ0EAUbjhBGBRf6AbYZ3ZQ=", "parent": "8WqYPi7RnJLtEHQ0we0AUFXAprYP7gJj7Cq2GuiCGb4="}
2022-11-27T04:55:16.390Z	DEBUG	replica=1	coded-hotterstuff/consensus.go:809	new block certified	{"CURRENT VIEW": 4, "view": 4, "hash": "8WqYPi7RnJLtEHQ0we0AUFXAprYP7gJj7Cq2GuiCGb4="}
2022-11-27T04:55:16.390Z	DEBUG	replica=1	coded-hotterstuff/consensus.go:520	entered new view	{"CURRENT VIEW": 5, "view timeout": 2, "timedout": false}
2022-11-27T04:55:16.390Z	DEBUG	replica=1	coded-hotterstuff/consensus.go:788	new block locked	{"CURRENT VIEW": 5, "view": 3, "hash": "cLFzFj8B5QK8hCmGW/OU2JuMGjA5BWSI/G1faUNJ6uM="}
2022-11-27T04:55:16.390Z	INFO	replica=1	coded-hotterstuff/consensus.go:797	new block commited	{"CURRENT VIEW": 5, "view": 2, "hash": "cPBdTa7qQJueFGrjnuqGleZwFBh/lhGAlUWBfCr3UKs="}
2022-11-27T04:55:16.392Z	DEBUG	replica=1	coded-hotterstuff/consensus.go:678	proposal is safe to vote on	{"CURRENT VIEW": 4, "msg": "proposal", "header view": 5, "prepare view": 3, "hash": "jgrj6scOqMsv2tOI5ilebUQ0EAUbjhBGBRf6AbYZ3ZQ=", "parent": "8WqYPi7RnJLtEHQ0we0AUFXAprYP7gJj7Cq2GuiCGb4="}
Node  1 +1 block finalized at time:  2022-11-27 04:55:16.395193724 +0000 UTC m=+16.236128758
replica 1 is forwarding chunk to replica 0
replica 1 is forwarding chunk to replica 2
replica 1 is forwarding chunk to replica 3
replica 1 is forwarding chunk to replica 4
replica 1 is forwarding chunk to replica 6
replica 1 is forwarding chunk to replica 7
replica 1 is forwarding chunk to replica 8
replica 1 is forwarding chunk to replica 0
replica 1 is forwarding chunk to replica 2
replica 1 is forwarding chunk to replica 3
replica 1 is forwarding chunk to replica 4
replica 1 is forwarding chunk to replica 6
replica 1 is forwarding chunk to replica 7
replica 1 is forwarding chunk to replica 8
Decoded original proposal, time: 2022-11-27 04:55:17.683254532 +0000 UTC m=+17.524189578 header hash: [142 10 227 234 199 14 168 203 47 218 211 136 230 41 94 109 68 52 16 5 27 142 16 70 5 23 250 1 182 25 221 148]
2022-11-27T04:55:17.683Z	DEBUG	replica=1	coded-hotterstuff/consensus.go:576	received proposal	{"CURRENT VIEW": 5, "msg": "proposal", "header view": 5, "prepare view": 4, "hash": "jgrj6scOqMsv2tOI5ilebUQ0EAUbjhBGBRf6AbYZ3ZQ=", "parent": "8WqYPi7RnJLtEHQ0we0AUFXAprYP7gJj7Cq2GuiCGb4="}
Decoded original proposal, time: 2022-11-27 04:55:18.475442863 +0000 UTC m=+18.316377905 header hash: [142 10 227 234 199 14 168 203 47 218 211 136 230 41 94 109 68 52 16 5 27 142 16 70 5 23 250 1 182 25 221 148]
2022-11-27T04:55:18.475Z	DEBUG	replica=1	coded-hotterstuff/consensus.go:576	received proposal	{"CURRENT VIEW": 5, "msg": "proposal", "header view": 5, "prepare view": 4, "hash": "jgrj6scOqMsv2tOI5ilebUQ0EAUbjhBGBRf6AbYZ3ZQ=", "parent": "8WqYPi7RnJLtEHQ0we0AUFXAprYP7gJj7Cq2GuiCGb4="}
replica 1 is forwarding chunk to replica 0
replica 1 is forwarding chunk to replica 2
replica 1 is forwarding chunk to replica 3
replica 1 is forwarding chunk to replica 4
replica 1 is forwarding chunk to replica 5
replica 1 is forwarding chunk to replica 7
replica 1 is forwarding chunk to replica 8
Decoded original proposal, time: 2022-11-27 04:55:19.939822907 +0000 UTC m=+19.780757960 header hash: [144 90 124 249 42 55 49 193 182 202 159 220 172 15 148 92 178 123 123 95 139 252 214 157 36 122 219 17 149 62 178 46]
2022-11-27T04:55:19.939Z	DEBUG	replica=1	coded-hotterstuff/consensus.go:576	received proposal	{"CURRENT VIEW": 5, "msg": "proposal", "header view": 6, "prepare view": 4, "hash": "kFp8+So3McG2yp/crA+UXLJ7e1+L/NadJHrbEZU+si4=", "parent": "jgrj6scOqMsv2tOI5ilebUQ0EAUbjhBGBRf6AbYZ3ZQ="}
2022-11-27T04:55:19.951Z	DEBUG	replica=1	coded-hotterstuff/consensus.go:809	new block certified	{"CURRENT VIEW": 5, "view": 5, "hash": "jgrj6scOqMsv2tOI5ilebUQ0EAUbjhBGBRf6AbYZ3ZQ="}
2022-11-27T04:55:19.951Z	DEBUG	replica=1	coded-hotterstuff/consensus.go:520	entered new view	{"CURRENT VIEW": 6, "view timeout": 2, "timedout": false}
2022-11-27T04:55:19.951Z	DEBUG	replica=1	coded-hotterstuff/consensus.go:788	new block locked	{"CURRENT VIEW": 6, "view": 4, "hash": "8WqYPi7RnJLtEHQ0we0AUFXAprYP7gJj7Cq2GuiCGb4="}
2022-11-27T04:55:19.951Z	INFO	replica=1	coded-hotterstuff/consensus.go:797	new block commited	{"CURRENT VIEW": 6, "view": 3, "hash": "cLFzFj8B5QK8hCmGW/OU2JuMGjA5BWSI/G1faUNJ6uM="}
2022-11-27T04:55:19.952Z	DEBUG	replica=1	coded-hotterstuff/consensus.go:678	proposal is safe to vote on	{"CURRENT VIEW": 5, "msg": "proposal", "header view": 6, "prepare view": 4, "hash": "kFp8+So3McG2yp/crA+UXLJ7e1+L/NadJHrbEZU+si4=", "parent": "jgrj6scOqMsv2tOI5ilebUQ0EAUbjhBGBRf6AbYZ3ZQ="}
Node  1 +1 block finalized at time:  2022-11-27 04:55:19.954621684 +0000 UTC m=+19.795556735
replica 1 is forwarding chunk to replica 0
replica 1 is forwarding chunk to replica 2
replica 1 is forwarding chunk to replica 3
replica 1 is forwarding chunk to replica 4
replica 1 is forwarding chunk to replica 5
replica 1 is forwarding chunk to replica 6
replica 1 is forwarding chunk to replica 8
replica 1 is forwarding chunk to replica 0
replica 1 is forwarding chunk to replica 2
replica 1 is forwarding chunk to replica 3
replica 1 is forwarding chunk to replica 4
replica 1 is forwarding chunk to replica 5
replica 1 is forwarding chunk to replica 7
replica 1 is forwarding chunk to replica 8
Decoded original proposal, time: 2022-11-27 04:55:21.927233721 +0000 UTC m=+21.768168819 header hash: [144 90 124 249 42 55 49 193 182 202 159 220 172 15 148 92 178 123 123 95 139 252 214 157 36 122 219 17 149 62 178 46]
2022-11-27T04:55:21.927Z	DEBUG	replica=1	coded-hotterstuff/consensus.go:576	received proposal	{"CURRENT VIEW": 6, "msg": "proposal", "header view": 6, "prepare view": 5, "hash": "kFp8+So3McG2yp/crA+UXLJ7e1+L/NadJHrbEZU+si4=", "parent": "jgrj6scOqMsv2tOI5ilebUQ0EAUbjhBGBRf6AbYZ3ZQ="}
replica 1 is forwarding chunk to replica 0
replica 1 is forwarding chunk to replica 2
replica 1 is forwarding chunk to replica 3
replica 1 is forwarding chunk to replica 4
replica 1 is forwarding chunk to replica 5
replica 1 is forwarding chunk to replica 7
replica 1 is forwarding chunk to replica 8
replica 1 is forwarding chunk to replica 0
replica 1 is forwarding chunk to replica 2
replica 1 is forwarding chunk to replica 3
replica 1 is forwarding chunk to replica 4
replica 1 is forwarding chunk to replica 5
replica 1 is forwarding chunk to replica 6
replica 1 is forwarding chunk to replica 8
Decoded original proposal, time: 2022-11-27 04:55:23.140446836 +0000 UTC m=+22.981381917 header hash: [82 186 70 5 171 170 163 31 242 237 216 214 91 95 174 96 9 56 150 120 198 10 139 98 230 188 67 131 78 157 60 15]
2022-11-27T04:55:23.140Z	DEBUG	replica=1	coded-hotterstuff/consensus.go:576	received proposal	{"CURRENT VIEW": 6, "msg": "proposal", "header view": 7, "prepare view": 5, "hash": "UrpGBauqox/y7djWW1+uYAk4lnjGCoti5rxDg06dPA8=", "parent": "kFp8+So3McG2yp/crA+UXLJ7e1+L/NadJHrbEZU+si4="}
2022-11-27T04:55:23.148Z	DEBUG	replica=1	coded-hotterstuff/consensus.go:809	new block certified	{"CURRENT VIEW": 6, "view": 6, "hash": "kFp8+So3McG2yp/crA+UXLJ7e1+L/NadJHrbEZU+si4="}
2022-11-27T04:55:23.148Z	DEBUG	replica=1	coded-hotterstuff/consensus.go:520	entered new view	{"CURRENT VIEW": 7, "view timeout": 2, "timedout": false}
2022-11-27T04:55:23.148Z	DEBUG	replica=1	coded-hotterstuff/consensus.go:788	new block locked	{"CURRENT VIEW": 7, "view": 5, "hash": "jgrj6scOqMsv2tOI5ilebUQ0EAUbjhBGBRf6AbYZ3ZQ="}
2022-11-27T04:55:23.148Z	INFO	replica=1	coded-hotterstuff/consensus.go:797	new block commited	{"CURRENT VIEW": 7, "view": 4, "hash": "8WqYPi7RnJLtEHQ0we0AUFXAprYP7gJj7Cq2GuiCGb4="}
2022-11-27T04:55:23.150Z	DEBUG	replica=1	coded-hotterstuff/consensus.go:678	proposal is safe to vote on	{"CURRENT VIEW": 6, "msg": "proposal", "header view": 7, "prepare view": 5, "hash": "UrpGBauqox/y7djWW1+uYAk4lnjGCoti5rxDg06dPA8=", "parent": "kFp8+So3McG2yp/crA+UXLJ7e1+L/NadJHrbEZU+si4="}
Node  1 +1 block finalized at time:  2022-11-27 04:55:23.152882152 +0000 UTC m=+22.993817188
replica 1 is forwarding chunk to replica 0
replica 1 is forwarding chunk to replica 2
replica 1 is forwarding chunk to replica 3
replica 1 is forwarding chunk to replica 4
replica 1 is forwarding chunk to replica 5
replica 1 is forwarding chunk to replica 6
replica 1 is forwarding chunk to replica 8
Decoded original proposal, time: 2022-11-27 04:55:24.49938185 +0000 UTC m=+24.340316939 header hash: [144 90 124 249 42 55 49 193 182 202 159 220 172 15 148 92 178 123 123 95 139 252 214 157 36 122 219 17 149 62 178 46]
2022-11-27T04:55:24.499Z	DEBUG	replica=1	coded-hotterstuff/consensus.go:576	received proposal	{"CURRENT VIEW": 7, "msg": "proposal", "header view": 6, "prepare view": 6, "hash": "kFp8+So3McG2yp/crA+UXLJ7e1+L/NadJHrbEZU+si4=", "parent": "jgrj6scOqMsv2tOI5ilebUQ0EAUbjhBGBRf6AbYZ3ZQ="}
2022-11-27T04:55:24.508Z	DEBUG	replica=1	coded-hotterstuff/consensus.go:667	proposal view doesn't match local view	{"CURRENT VIEW": 7, "msg": "proposal", "header view": 6, "prepare view": 6, "hash": "kFp8+So3McG2yp/crA+UXLJ7e1+L/NadJHrbEZU+si4=", "parent": "jgrj6scOqMsv2tOI5ilebUQ0EAUbjhBGBRf6AbYZ3ZQ="}
Decoded original proposal, time: 2022-11-27 04:55:25.107375313 +0000 UTC m=+24.948310406 header hash: [82 186 70 5 171 170 163 31 242 237 216 214 91 95 174 96 9 56 150 120 198 10 139 98 230 188 67 131 78 157 60 15]
2022-11-27T04:55:25.107Z	DEBUG	replica=1	coded-hotterstuff/consensus.go:576	received proposal	{"CURRENT VIEW": 7, "msg": "proposal", "header view": 7, "prepare view": 6, "hash": "UrpGBauqox/y7djWW1+uYAk4lnjGCoti5rxDg06dPA8=", "parent": "kFp8+So3McG2yp/crA+UXLJ7e1+L/NadJHrbEZU+si4="}
Decoded original proposal, time: 2022-11-27 04:55:26.167201218 +0000 UTC m=+26.008136267 header hash: [82 186 70 5 171 170 163 31 242 237 216 214 91 95 174 96 9 56 150 120 198 10 139 98 230 188 67 131 78 157 60 15]
2022-11-27T04:55:26.167Z	DEBUG	replica=1	coded-hotterstuff/consensus.go:576	received proposal	{"CURRENT VIEW": 7, "msg": "proposal", "header view": 7, "prepare view": 6, "hash": "UrpGBauqox/y7djWW1+uYAk4lnjGCoti5rxDg06dPA8=", "parent": "kFp8+So3McG2yp/crA+UXLJ7e1+L/NadJHrbEZU+si4="}
replica 1 is forwarding chunk to replica 0
replica 1 is forwarding chunk to replica 2
replica 1 is forwarding chunk to replica 3
replica 1 is forwarding chunk to replica 4
replica 1 is forwarding chunk to replica 5
replica 1 is forwarding chunk to replica 6
replica 1 is forwarding chunk to replica 7
Decoded original proposal, time: 2022-11-27 04:55:28.357087524 +0000 UTC m=+28.198022574 header hash: [9 212 205 28 110 251 47 242 141 111 167 241 108 89 12 35 155 222 125 75 78 184 7 35 235 24 77 74 102 255 131 11]
2022-11-27T04:55:28.357Z	DEBUG	replica=1	coded-hotterstuff/consensus.go:576	received proposal	{"CURRENT VIEW": 7, "msg": "proposal", "header view": 8, "prepare view": 6, "hash": "CdTNHG77L/KNb6fxbFkMI5vefUtOuAcj6xhNSmb/gws=", "parent": "UrpGBauqox/y7djWW1+uYAk4lnjGCoti5rxDg06dPA8="}
2022-11-27T04:55:28.365Z	DEBUG	replica=1	coded-hotterstuff/consensus.go:809	new block certified	{"CURRENT VIEW": 7, "view": 7, "hash": "UrpGBauqox/y7djWW1+uYAk4lnjGCoti5rxDg06dPA8="}
2022-11-27T04:55:28.365Z	DEBUG	replica=1	coded-hotterstuff/consensus.go:520	entered new view	{"CURRENT VIEW": 8, "view timeout": 2, "timedout": false}
2022-11-27T04:55:28.365Z	DEBUG	replica=1	coded-hotterstuff/consensus.go:788	new block locked	{"CURRENT VIEW": 8, "view": 6, "hash": "kFp8+So3McG2yp/crA+UXLJ7e1+L/NadJHrbEZU+si4="}
2022-11-27T04:55:28.365Z	INFO	replica=1	coded-hotterstuff/consensus.go:797	new block commited	{"CURRENT VIEW": 8, "view": 5, "hash": "jgrj6scOqMsv2tOI5ilebUQ0EAUbjhBGBRf6AbYZ3ZQ="}
2022-11-27T04:55:28.366Z	DEBUG	replica=1	coded-hotterstuff/consensus.go:678	proposal is safe to vote on	{"CURRENT VIEW": 7, "msg": "proposal", "header view": 8, "prepare view": 6, "hash": "CdTNHG77L/KNb6fxbFkMI5vefUtOuAcj6xhNSmb/gws=", "parent": "UrpGBauqox/y7djWW1+uYAk4lnjGCoti5rxDg06dPA8="}
Node  1 +1 block finalized at time:  2022-11-27 04:55:28.368801626 +0000 UTC m=+28.209736672
replica 1 is forwarding chunk to replica 0
replica 1 is forwarding chunk to replica 2
replica 1 is forwarding chunk to replica 3
replica 1 is forwarding chunk to replica 4
replica 1 is forwarding chunk to replica 5
replica 1 is forwarding chunk to replica 6
replica 1 is forwarding chunk to replica 7
Decoded original proposal, time: 2022-11-27 04:55:29.724645716 +0000 UTC m=+29.565580812 header hash: [9 212 205 28 110 251 47 242 141 111 167 241 108 89 12 35 155 222 125 75 78 184 7 35 235 24 77 74 102 255 131 11]
2022-11-27T04:55:29.724Z	DEBUG	replica=1	coded-hotterstuff/consensus.go:576	received proposal	{"CURRENT VIEW": 8, "msg": "proposal", "header view": 8, "prepare view": 7, "hash": "CdTNHG77L/KNb6fxbFkMI5vefUtOuAcj6xhNSmb/gws=", "parent": "UrpGBauqox/y7djWW1+uYAk4lnjGCoti5rxDg06dPA8="}
replica 1 is forwarding chunk to replica 0
replica 1 is forwarding chunk to replica 2
replica 1 is forwarding chunk to replica 3
replica 1 is forwarding chunk to replica 4
replica 1 is forwarding chunk to replica 5
replica 1 is forwarding chunk to replica 6
replica 1 is forwarding chunk to replica 7
Decoded original proposal, time: 2022-11-27 04:55:30.52427163 +0000 UTC m=+30.365206706 header hash: [9 212 205 28 110 251 47 242 141 111 167 241 108 89 12 35 155 222 125 75 78 184 7 35 235 24 77 74 102 255 131 11]
2022-11-27T04:55:30.524Z	DEBUG	replica=1	coded-hotterstuff/consensus.go:576	received proposal	{"CURRENT VIEW": 8, "msg": "proposal", "header view": 8, "prepare view": 7, "hash": "CdTNHG77L/KNb6fxbFkMI5vefUtOuAcj6xhNSmb/gws=", "parent": "UrpGBauqox/y7djWW1+uYAk4lnjGCoti5rxDg06dPA8="}
replica 1 is forwarding chunk to replica 2
replica 1 is forwarding chunk to replica 3
replica 1 is forwarding chunk to replica 4
replica 1 is forwarding chunk to replica 5
replica 1 is forwarding chunk to replica 6
replica 1 is forwarding chunk to replica 7
replica 1 is forwarding chunk to replica 8
2022-11-27T04:55:33.432Z	DEBUG	replica=1	coded-hotterstuff/consensus.go:965	received vote	{"CURRENT VIEW": 8, "msg": "vote", "voter": 0, "view": 8, "hash": "S5jvF8HlmLvBxjERXgBCYm1M/GPQBuOxef9Rwa5UXRA="}
Node  1  received vote before proposal, saving vote in pending votes, hash is  [75 152 239 23 193 229 152 187 193 198 49 17 94 0 66 98 109 76 252 99 208 6 227 177 121 255 81 193 174 84 93 16]  and string is,  9
2022-11-27T04:55:33.432Z	DEBUG	replica=1	coded-hotterstuff/consensus.go:970	Received vote before proposal, key is, 9	{"CURRENT VIEW": 8}
Decoded original proposal, time: 2022-11-27 04:55:33.631488436 +0000 UTC m=+33.472423526 header hash: [75 152 239 23 193 229 152 187 193 198 49 17 94 0 66 98 109 76 252 99 208 6 227 177 121 255 81 193 174 84 93 16]
2022-11-27T04:55:33.631Z	DEBUG	replica=1	coded-hotterstuff/consensus.go:576	received proposal	{"CURRENT VIEW": 8, "msg": "proposal", "header view": 9, "prepare view": 7, "hash": "S5jvF8HlmLvBxjERXgBCYm1M/GPQBuOxef9Rwa5UXRA=", "parent": "CdTNHG77L/KNb6fxbFkMI5vefUtOuAcj6xhNSmb/gws="}
2022-11-27T04:55:33.639Z	DEBUG	replica=1	coded-hotterstuff/consensus.go:809	new block certified	{"CURRENT VIEW": 8, "view": 8, "hash": "CdTNHG77L/KNb6fxbFkMI5vefUtOuAcj6xhNSmb/gws="}
2022-11-27T04:55:33.639Z	DEBUG	replica=1	coded-hotterstuff/consensus.go:520	entered new view	{"CURRENT VIEW": 9, "view timeout": 2, "timedout": false}
2022-11-27T04:55:33.639Z	DEBUG	replica=1	coded-hotterstuff/consensus.go:535	replica is a leader for next view. collecting new-view messages	{"CURRENT VIEW": 9}
2022-11-27T04:55:33.639Z	DEBUG	replica=1	coded-hotterstuff/consensus.go:788	new block locked	{"CURRENT VIEW": 9, "view": 7, "hash": "UrpGBauqox/y7djWW1+uYAk4lnjGCoti5rxDg06dPA8="}
2022-11-27T04:55:33.639Z	INFO	replica=1	coded-hotterstuff/consensus.go:797	new block commited	{"CURRENT VIEW": 9, "view": 6, "hash": "kFp8+So3McG2yp/crA+UXLJ7e1+L/NadJHrbEZU+si4="}
2022-11-27T04:55:33.642Z	DEBUG	replica=1	coded-hotterstuff/consensus.go:678	proposal is safe to vote on	{"CURRENT VIEW": 8, "msg": "proposal", "header view": 9, "prepare view": 7, "hash": "S5jvF8HlmLvBxjERXgBCYm1M/GPQBuOxef9Rwa5UXRA=", "parent": "CdTNHG77L/KNb6fxbFkMI5vefUtOuAcj6xhNSmb/gws="}
2022-11-27T04:55:33.642Z	DEBUG	replica=1	coded-hotterstuff/consensus.go:758	Taking care of pending vote 9	{"CURRENT VIEW": 9}
2022-11-27T04:55:33.642Z	DEBUG	replica=1	coded-hotterstuff/consensus.go:965	received vote	{"CURRENT VIEW": 9, "msg": "vote", "voter": 0, "view": 9, "hash": "S5jvF8HlmLvBxjERXgBCYm1M/GPQBuOxef9Rwa5UXRA="}
2022-11-27T04:55:33.650Z	DEBUG	replica=1	coded-hotterstuff/consensus.go:965	received vote	{"CURRENT VIEW": 9, "msg": "vote", "voter": 1, "view": 9, "hash": "S5jvF8HlmLvBxjERXgBCYm1M/GPQBuOxef9Rwa5UXRA="}
Node  1 +1 block finalized at time:  2022-11-27 04:55:33.656321773 +0000 UTC m=+33.497256816
2022-11-27T04:55:33.965Z	DEBUG	replica=1	coded-hotterstuff/consensus.go:965	received vote	{"CURRENT VIEW": 9, "msg": "vote", "voter": 6, "view": 9, "hash": "S5jvF8HlmLvBxjERXgBCYm1M/GPQBuOxef9Rwa5UXRA="}
2022-11-27T04:55:34.010Z	DEBUG	replica=1	coded-hotterstuff/consensus.go:965	received vote	{"CURRENT VIEW": 9, "msg": "vote", "voter": 2, "view": 9, "hash": "S5jvF8HlmLvBxjERXgBCYm1M/GPQBuOxef9Rwa5UXRA="}
2022-11-27T04:55:34.213Z	DEBUG	replica=1	coded-hotterstuff/consensus.go:965	received vote	{"CURRENT VIEW": 9, "msg": "vote", "voter": 8, "view": 9, "hash": "S5jvF8HlmLvBxjERXgBCYm1M/GPQBuOxef9Rwa5UXRA="}
replica 1 is forwarding chunk to replica 2
replica 1 is forwarding chunk to replica 3
replica 1 is forwarding chunk to replica 4
replica 1 is forwarding chunk to replica 5
replica 1 is forwarding chunk to replica 6
replica 1 is forwarding chunk to replica 7
replica 1 is forwarding chunk to replica 8
2022-11-27T04:55:34.478Z	DEBUG	replica=1	coded-hotterstuff/consensus.go:965	received vote	{"CURRENT VIEW": 9, "msg": "vote", "voter": 3, "view": 9, "hash": "S5jvF8HlmLvBxjERXgBCYm1M/GPQBuOxef9Rwa5UXRA="}
2022-11-27T04:55:34.505Z	DEBUG	replica=1	coded-hotterstuff/consensus.go:965	received vote	{"CURRENT VIEW": 9, "msg": "vote", "voter": 7, "view": 9, "hash": "S5jvF8HlmLvBxjERXgBCYm1M/GPQBuOxef9Rwa5UXRA="}
2022-11-27T04:55:34.511Z	DEBUG	replica=1	coded-hotterstuff/consensus.go:809	new block certified	{"CURRENT VIEW": 9, "view": 9, "hash": "S5jvF8HlmLvBxjERXgBCYm1M/GPQBuOxef9Rwa5UXRA="}
2022-11-27T04:55:34.511Z	DEBUG	replica=1	coded-hotterstuff/consensus.go:520	entered new view	{"CURRENT VIEW": 10, "view timeout": 2, "timedout": false}
2022-11-27T04:55:34.511Z	DEBUG	replica=1	coded-hotterstuff/consensus.go:544	replica is a leader for this view. waiting for data	{"CURRENT VIEW": 10}
2022-11-27T04:55:34.511Z	DEBUG	replica=1	coded-hotterstuff/consensus.go:520	entered new view	{"CURRENT VIEW": 10, "view timeout": 2, "timedout": false}
2022-11-27T04:55:34.511Z	DEBUG	replica=1	coded-hotterstuff/consensus.go:544	replica is a leader for this view. waiting for data	{"CURRENT VIEW": 10}
2022-11-27T04:55:34.514Z	DEBUG	replica=1	coded-hotterstuff/consensus.go:238	sending proposal	{"CURRENT VIEW": 10, "hash": "Gymi6tg4A5LZy8aiMG6k221RFpMttMcj9dlrzPCBVG4=", "parent": "S5jvF8HlmLvBxjERXgBCYm1M/GPQBuOxef9Rwa5UXRA=", "signer": 1}
2022-11-27T04:55:34.515Z	DEBUG	replica=1	coded-hotterstuff/consensus.go:576	received proposal	{"CURRENT VIEW": 10, "msg": "proposal", "header view": 10, "prepare view": 9, "hash": "Gymi6tg4A5LZy8aiMG6k221RFpMttMcj9dlrzPCBVG4=", "parent": "S5jvF8HlmLvBxjERXgBCYm1M/GPQBuOxef9Rwa5UXRA="}
2022-11-27T04:55:34.524Z	DEBUG	replica=1	coded-hotterstuff/consensus.go:788	new block locked	{"CURRENT VIEW": 10, "view": 8, "hash": "CdTNHG77L/KNb6fxbFkMI5vefUtOuAcj6xhNSmb/gws="}
2022-11-27T04:55:34.524Z	INFO	replica=1	coded-hotterstuff/consensus.go:797	new block commited	{"CURRENT VIEW": 10, "view": 7, "hash": "UrpGBauqox/y7djWW1+uYAk4lnjGCoti5rxDg06dPA8="}
2022-11-27T04:55:34.526Z	DEBUG	replica=1	coded-hotterstuff/consensus.go:678	proposal is safe to vote on	{"CURRENT VIEW": 10, "msg": "proposal", "header view": 10, "prepare view": 9, "hash": "Gymi6tg4A5LZy8aiMG6k221RFpMttMcj9dlrzPCBVG4=", "parent": "S5jvF8HlmLvBxjERXgBCYm1M/GPQBuOxef9Rwa5UXRA="}
Node  1 +1 block finalized at time:  2022-11-27 04:55:34.528377833 +0000 UTC m=+34.369312863
2022-11-27T04:55:34.590Z	DEBUG	replica=1	coded-hotterstuff/consensus.go:965	received vote	{"CURRENT VIEW": 10, "msg": "vote", "voter": 5, "view": 10, "hash": "S5jvF8HlmLvBxjERXgBCYm1M/GPQBuOxef9Rwa5UXRA="}
2022-11-27T04:55:34.595Z	DEBUG	replica=1	coded-hotterstuff/consensus.go:520	entered new view	{"CURRENT VIEW": 10, "view timeout": 2, "timedout": false}
2022-11-27T04:55:34.596Z	DEBUG	replica=1	coded-hotterstuff/consensus.go:544	replica is a leader for this view. waiting for data	{"CURRENT VIEW": 10}
2022-11-27T04:55:34.599Z	DEBUG	replica=1	coded-hotterstuff/consensus.go:238	sending proposal	{"CURRENT VIEW": 10, "hash": "Gymi6tg4A5LZy8aiMG6k221RFpMttMcj9dlrzPCBVG4=", "parent": "S5jvF8HlmLvBxjERXgBCYm1M/GPQBuOxef9Rwa5UXRA=", "signer": 1}
2022-11-27T04:55:34.600Z	DEBUG	replica=1	coded-hotterstuff/consensus.go:576	received proposal	{"CURRENT VIEW": 10, "msg": "proposal", "header view": 10, "prepare view": 9, "hash": "Gymi6tg4A5LZy8aiMG6k221RFpMttMcj9dlrzPCBVG4=", "parent": "S5jvF8HlmLvBxjERXgBCYm1M/GPQBuOxef9Rwa5UXRA="}
Decoded original proposal, time: 2022-11-27 04:55:34.921448253 +0000 UTC m=+34.762383348 header hash: [75 152 239 23 193 229 152 187 193 198 49 17 94 0 66 98 109 76 252 99 208 6 227 177 121 255 81 193 174 84 93 16]
2022-11-27T04:55:34.921Z	DEBUG	replica=1	coded-hotterstuff/consensus.go:576	received proposal	{"CURRENT VIEW": 10, "msg": "proposal", "header view": 9, "prepare view": 9, "hash": "S5jvF8HlmLvBxjERXgBCYm1M/GPQBuOxef9Rwa5UXRA=", "parent": "CdTNHG77L/KNb6fxbFkMI5vefUtOuAcj6xhNSmb/gws="}
2022-11-27T04:55:34.929Z	DEBUG	replica=1	coded-hotterstuff/consensus.go:667	proposal view doesn't match local view	{"CURRENT VIEW": 10, "msg": "proposal", "header view": 9, "prepare view": 9, "hash": "S5jvF8HlmLvBxjERXgBCYm1M/GPQBuOxef9Rwa5UXRA=", "parent": "CdTNHG77L/KNb6fxbFkMI5vefUtOuAcj6xhNSmb/gws="}
2022-11-27T04:55:34.929Z	DEBUG	replica=1	coded-hotterstuff/consensus.go:965	received vote	{"CURRENT VIEW": 10, "msg": "vote", "voter": 4, "view": 10, "hash": "S5jvF8HlmLvBxjERXgBCYm1M/GPQBuOxef9Rwa5UXRA="}
2022-11-27T04:55:34.935Z	DEBUG	replica=1	coded-hotterstuff/consensus.go:520	entered new view	{"CURRENT VIEW": 10, "view timeout": 2, "timedout": false}
2022-11-27T04:55:34.935Z	DEBUG	replica=1	coded-hotterstuff/consensus.go:544	replica is a leader for this view. waiting for data	{"CURRENT VIEW": 10}
2022-11-27T04:55:34.939Z	DEBUG	replica=1	coded-hotterstuff/consensus.go:238	sending proposal	{"CURRENT VIEW": 10, "hash": "Gymi6tg4A5LZy8aiMG6k221RFpMttMcj9dlrzPCBVG4=", "parent": "S5jvF8HlmLvBxjERXgBCYm1M/GPQBuOxef9Rwa5UXRA=", "signer": 1}
2022-11-27T04:55:34.940Z	DEBUG	replica=1	coded-hotterstuff/consensus.go:576	received proposal	{"CURRENT VIEW": 10, "msg": "proposal", "header view": 10, "prepare view": 9, "hash": "Gymi6tg4A5LZy8aiMG6k221RFpMttMcj9dlrzPCBVG4=", "parent": "S5jvF8HlmLvBxjERXgBCYm1M/GPQBuOxef9Rwa5UXRA="}
replica 1 is forwarding chunk to replica 2
replica 1 is forwarding chunk to replica 3
replica 1 is forwarding chunk to replica 4
replica 1 is forwarding chunk to replica 5
replica 1 is forwarding chunk to replica 6
replica 1 is forwarding chunk to replica 7
replica 1 is forwarding chunk to replica 8
Decoded original proposal, time: 2022-11-27 04:55:35.888029326 +0000 UTC m=+35.728964418 header hash: [75 152 239 23 193 229 152 187 193 198 49 17 94 0 66 98 109 76 252 99 208 6 227 177 121 255 81 193 174 84 93 16]
2022-11-27T04:55:35.888Z	DEBUG	replica=1	coded-hotterstuff/consensus.go:576	received proposal	{"CURRENT VIEW": 10, "msg": "proposal", "header view": 9, "prepare view": 9, "hash": "S5jvF8HlmLvBxjERXgBCYm1M/GPQBuOxef9Rwa5UXRA=", "parent": "CdTNHG77L/KNb6fxbFkMI5vefUtOuAcj6xhNSmb/gws="}
2022-11-27T04:55:35.898Z	DEBUG	replica=1	coded-hotterstuff/consensus.go:667	proposal view doesn't match local view	{"CURRENT VIEW": 10, "msg": "proposal", "header view": 9, "prepare view": 9, "hash": "S5jvF8HlmLvBxjERXgBCYm1M/GPQBuOxef9Rwa5UXRA=", "parent": "CdTNHG77L/KNb6fxbFkMI5vefUtOuAcj6xhNSmb/gws="}
replica 1 is forwarding chunk to replica 0
replica 1 is forwarding chunk to replica 3
replica 1 is forwarding chunk to replica 4
replica 1 is forwarding chunk to replica 5
replica 1 is forwarding chunk to replica 6
replica 1 is forwarding chunk to replica 7
replica 1 is forwarding chunk to replica 8
replica 1 is forwarding chunk to replica 0
replica 1 is forwarding chunk to replica 3
replica 1 is forwarding chunk to replica 4
replica 1 is forwarding chunk to replica 5
replica 1 is forwarding chunk to replica 6
replica 1 is forwarding chunk to replica 7
replica 1 is forwarding chunk to replica 8
Decoded original proposal, time: 2022-11-27 04:55:41.620227192 +0000 UTC m=+41.461162242 header hash: [36 112 202 110 235 231 254 169 68 108 200 133 25 89 215 19 188 251 85 241 73 155 115 67 11 176 16 17 106 100 183 124]
2022-11-27T04:55:41.620Z	DEBUG	replica=1	coded-hotterstuff/consensus.go:576	received proposal	{"CURRENT VIEW": 10, "msg": "proposal", "header view": 11, "prepare view": 9, "hash": "JHDKbuvn/qlEbMiFGVnXE7z7VfFJm3NDC7AQEWpkt3w=", "parent": "Gymi6tg4A5LZy8aiMG6k221RFpMttMcj9dlrzPCBVG4="}
2022-11-27T04:55:41.628Z	DEBUG	replica=1	coded-hotterstuff/consensus.go:809	new block certified	{"CURRENT VIEW": 10, "view": 10, "hash": "Gymi6tg4A5LZy8aiMG6k221RFpMttMcj9dlrzPCBVG4="}
2022-11-27T04:55:41.628Z	DEBUG	replica=1	coded-hotterstuff/consensus.go:520	entered new view	{"CURRENT VIEW": 11, "view timeout": 2, "timedout": false}
2022-11-27T04:55:41.628Z	DEBUG	replica=1	coded-hotterstuff/consensus.go:788	new block locked	{"CURRENT VIEW": 11, "view": 9, "hash": "S5jvF8HlmLvBxjERXgBCYm1M/GPQBuOxef9Rwa5UXRA="}
2022-11-27T04:55:41.628Z	INFO	replica=1	coded-hotterstuff/consensus.go:797	new block commited	{"CURRENT VIEW": 11, "view": 8, "hash": "CdTNHG77L/KNb6fxbFkMI5vefUtOuAcj6xhNSmb/gws="}
2022-11-27T04:55:41.629Z	DEBUG	replica=1	coded-hotterstuff/consensus.go:678	proposal is safe to vote on	{"CURRENT VIEW": 10, "msg": "proposal", "header view": 11, "prepare view": 9, "hash": "JHDKbuvn/qlEbMiFGVnXE7z7VfFJm3NDC7AQEWpkt3w=", "parent": "Gymi6tg4A5LZy8aiMG6k221RFpMttMcj9dlrzPCBVG4="}
Node  1 +1 block finalized at time:  2022-11-27 04:55:41.631622162 +0000 UTC m=+41.472557205
replica 1 is forwarding chunk to replica 0
replica 1 is forwarding chunk to replica 3
replica 1 is forwarding chunk to replica 4
replica 1 is forwarding chunk to replica 5
replica 1 is forwarding chunk to replica 6
replica 1 is forwarding chunk to replica 7
replica 1 is forwarding chunk to replica 8
Decoded original proposal, time: 2022-11-27 04:55:42.954747357 +0000 UTC m=+42.795682446 header hash: [36 112 202 110 235 231 254 169 68 108 200 133 25 89 215 19 188 251 85 241 73 155 115 67 11 176 16 17 106 100 183 124]
2022-11-27T04:55:42.954Z	DEBUG	replica=1	coded-hotterstuff/consensus.go:576	received proposal	{"CURRENT VIEW": 11, "msg": "proposal", "header view": 11, "prepare view": 10, "hash": "JHDKbuvn/qlEbMiFGVnXE7z7VfFJm3NDC7AQEWpkt3w=", "parent": "Gymi6tg4A5LZy8aiMG6k221RFpMttMcj9dlrzPCBVG4="}
replica 1 is forwarding chunk to replica 0
replica 1 is forwarding chunk to replica 2
replica 1 is forwarding chunk to replica 4
replica 1 is forwarding chunk to replica 5
replica 1 is forwarding chunk to replica 6
replica 1 is forwarding chunk to replica 7
replica 1 is forwarding chunk to replica 8
Decoded original proposal, time: 2022-11-27 04:55:44.656633375 +0000 UTC m=+44.497568469 header hash: [36 112 202 110 235 231 254 169 68 108 200 133 25 89 215 19 188 251 85 241 73 155 115 67 11 176 16 17 106 100 183 124]
2022-11-27T04:55:44.656Z	DEBUG	replica=1	coded-hotterstuff/consensus.go:576	received proposal	{"CURRENT VIEW": 11, "msg": "proposal", "header view": 11, "prepare view": 10, "hash": "JHDKbuvn/qlEbMiFGVnXE7z7VfFJm3NDC7AQEWpkt3w=", "parent": "Gymi6tg4A5LZy8aiMG6k221RFpMttMcj9dlrzPCBVG4="}
replica 1 is forwarding chunk to replica 0
replica 1 is forwarding chunk to replica 2
replica 1 is forwarding chunk to replica 4
replica 1 is forwarding chunk to replica 5
replica 1 is forwarding chunk to replica 6
replica 1 is forwarding chunk to replica 7
replica 1 is forwarding chunk to replica 8
Decoded original proposal, time: 2022-11-27 04:55:45.736014368 +0000 UTC m=+45.576949463 header hash: [225 164 165 204 236 180 59 151 178 38 118 190 136 53 193 22 146 46 81 162 175 160 6 50 132 174 159 221 166 0 223 96]
2022-11-27T04:55:45.736Z	DEBUG	replica=1	coded-hotterstuff/consensus.go:576	received proposal	{"CURRENT VIEW": 11, "msg": "proposal", "header view": 12, "prepare view": 10, "hash": "4aSlzOy0O5eyJna+iDXBFpIuUaKvoAYyhK6f3aYA32A=", "parent": "JHDKbuvn/qlEbMiFGVnXE7z7VfFJm3NDC7AQEWpkt3w="}
2022-11-27T04:55:45.743Z	DEBUG	replica=1	coded-hotterstuff/consensus.go:809	new block certified	{"CURRENT VIEW": 11, "view": 11, "hash": "JHDKbuvn/qlEbMiFGVnXE7z7VfFJm3NDC7AQEWpkt3w="}
2022-11-27T04:55:45.743Z	DEBUG	replica=1	coded-hotterstuff/consensus.go:520	entered new view	{"CURRENT VIEW": 12, "view timeout": 2, "timedout": false}
2022-11-27T04:55:45.743Z	DEBUG	replica=1	coded-hotterstuff/consensus.go:788	new block locked	{"CURRENT VIEW": 12, "view": 10, "hash": "Gymi6tg4A5LZy8aiMG6k221RFpMttMcj9dlrzPCBVG4="}
2022-11-27T04:55:45.743Z	INFO	replica=1	coded-hotterstuff/consensus.go:797	new block commited	{"CURRENT VIEW": 12, "view": 9, "hash": "S5jvF8HlmLvBxjERXgBCYm1M/GPQBuOxef9Rwa5UXRA="}
2022-11-27T04:55:45.744Z	DEBUG	replica=1	coded-hotterstuff/consensus.go:678	proposal is safe to vote on	{"CURRENT VIEW": 11, "msg": "proposal", "header view": 12, "prepare view": 10, "hash": "4aSlzOy0O5eyJna+iDXBFpIuUaKvoAYyhK6f3aYA32A=", "parent": "JHDKbuvn/qlEbMiFGVnXE7z7VfFJm3NDC7AQEWpkt3w="}
Node  1 +1 block finalized at time:  2022-11-27 04:55:45.746711734 +0000 UTC m=+45.587646778
Decoded original proposal, time: 2022-11-27 04:55:46.559950616 +0000 UTC m=+46.400885706 header hash: [225 164 165 204 236 180 59 151 178 38 118 190 136 53 193 22 146 46 81 162 175 160 6 50 132 174 159 221 166 0 223 96]
2022-11-27T04:55:46.559Z	DEBUG	replica=1	coded-hotterstuff/consensus.go:576	received proposal	{"CURRENT VIEW": 12, "msg": "proposal", "header view": 12, "prepare view": 11, "hash": "4aSlzOy0O5eyJna+iDXBFpIuUaKvoAYyhK6f3aYA32A=", "parent": "JHDKbuvn/qlEbMiFGVnXE7z7VfFJm3NDC7AQEWpkt3w="}
replica 1 is forwarding chunk to replica 0
replica 1 is forwarding chunk to replica 2
replica 1 is forwarding chunk to replica 3
replica 1 is forwarding chunk to replica 5
replica 1 is forwarding chunk to replica 6
replica 1 is forwarding chunk to replica 7
replica 1 is forwarding chunk to replica 8
replica 1 is forwarding chunk to replica 0
replica 1 is forwarding chunk to replica 2
replica 1 is forwarding chunk to replica 3
replica 1 is forwarding chunk to replica 5
replica 1 is forwarding chunk to replica 6
replica 1 is forwarding chunk to replica 7
replica 1 is forwarding chunk to replica 8
Decoded original proposal, time: 2022-11-27 04:55:49.066061965 +0000 UTC m=+48.906997059 header hash: [55 71 12 88 170 89 30 100 228 23 243 137 27 6 133 29 78 24 217 198 107 27 88 123 223 127 133 219 145 253 87 161]
2022-11-27T04:55:49.066Z	DEBUG	replica=1	coded-hotterstuff/consensus.go:576	received proposal	{"CURRENT VIEW": 12, "msg": "proposal", "header view": 13, "prepare view": 11, "hash": "N0cMWKpZHmTkF/OJGwaFHU4Y2cZrG1h733+F25H9V6E=", "parent": "4aSlzOy0O5eyJna+iDXBFpIuUaKvoAYyhK6f3aYA32A="}
2022-11-27T04:55:49.073Z	DEBUG	replica=1	coded-hotterstuff/consensus.go:809	new block certified	{"CURRENT VIEW": 12, "view": 12, "hash": "4aSlzOy0O5eyJna+iDXBFpIuUaKvoAYyhK6f3aYA32A="}
2022-11-27T04:55:49.073Z	DEBUG	replica=1	coded-hotterstuff/consensus.go:520	entered new view	{"CURRENT VIEW": 13, "view timeout": 2, "timedout": false}
2022-11-27T04:55:49.073Z	DEBUG	replica=1	coded-hotterstuff/consensus.go:788	new block locked	{"CURRENT VIEW": 13, "view": 11, "hash": "JHDKbuvn/qlEbMiFGVnXE7z7VfFJm3NDC7AQEWpkt3w="}
2022-11-27T04:55:49.073Z	INFO	replica=1	coded-hotterstuff/consensus.go:797	new block commited	{"CURRENT VIEW": 13, "view": 10, "hash": "Gymi6tg4A5LZy8aiMG6k221RFpMttMcj9dlrzPCBVG4="}
2022-11-27T04:55:49.074Z	DEBUG	replica=1	coded-hotterstuff/consensus.go:678	proposal is safe to vote on	{"CURRENT VIEW": 12, "msg": "proposal", "header view": 13, "prepare view": 11, "hash": "N0cMWKpZHmTkF/OJGwaFHU4Y2cZrG1h733+F25H9V6E=", "parent": "4aSlzOy0O5eyJna+iDXBFpIuUaKvoAYyhK6f3aYA32A="}
Node  1 +1 block finalized at time:  2022-11-27 04:55:49.076951732 +0000 UTC m=+48.917886762
Decoded original proposal, time: 2022-11-27 04:55:50.138960714 +0000 UTC m=+49.979895768 header hash: [55 71 12 88 170 89 30 100 228 23 243 137 27 6 133 29 78 24 217 198 107 27 88 123 223 127 133 219 145 253 87 161]
2022-11-27T04:55:50.138Z	DEBUG	replica=1	coded-hotterstuff/consensus.go:576	received proposal	{"CURRENT VIEW": 13, "msg": "proposal", "header view": 13, "prepare view": 12, "hash": "N0cMWKpZHmTkF/OJGwaFHU4Y2cZrG1h733+F25H9V6E=", "parent": "4aSlzOy0O5eyJna+iDXBFpIuUaKvoAYyhK6f3aYA32A="}
replica 1 is forwarding chunk to replica 0
replica 1 is forwarding chunk to replica 2
replica 1 is forwarding chunk to replica 3
replica 1 is forwarding chunk to replica 5
replica 1 is forwarding chunk to replica 6
replica 1 is forwarding chunk to replica 7
replica 1 is forwarding chunk to replica 8
Decoded original proposal, time: 2022-11-27 04:55:51.179502106 +0000 UTC m=+51.020437202 header hash: [55 71 12 88 170 89 30 100 228 23 243 137 27 6 133 29 78 24 217 198 107 27 88 123 223 127 133 219 145 253 87 161]
2022-11-27T04:55:51.179Z	DEBUG	replica=1	coded-hotterstuff/consensus.go:576	received proposal	{"CURRENT VIEW": 13, "msg": "proposal", "header view": 13, "prepare view": 12, "hash": "N0cMWKpZHmTkF/OJGwaFHU4Y2cZrG1h733+F25H9V6E=", "parent": "4aSlzOy0O5eyJna+iDXBFpIuUaKvoAYyhK6f3aYA32A="}
replica 1 is forwarding chunk to replica 0
replica 1 is forwarding chunk to replica 2
replica 1 is forwarding chunk to replica 3
replica 1 is forwarding chunk to replica 4
replica 1 is forwarding chunk to replica 6
replica 1 is forwarding chunk to replica 7
replica 1 is forwarding chunk to replica 8
replica 1 is forwarding chunk to replica 0
replica 1 is forwarding chunk to replica 2
replica 1 is forwarding chunk to replica 3
replica 1 is forwarding chunk to replica 4
replica 1 is forwarding chunk to replica 6
replica 1 is forwarding chunk to replica 7
replica 1 is forwarding chunk to replica 8
Decoded original proposal, time: 2022-11-27 04:55:52.571190117 +0000 UTC m=+52.412125169 header hash: [179 79 157 9 84 57 195 200 132 217 159 131 10 204 29 20 183 79 241 0 252 79 239 189 106 39 9 193 130 153 110 137]
2022-11-27T04:55:52.571Z	DEBUG	replica=1	coded-hotterstuff/consensus.go:576	received proposal	{"CURRENT VIEW": 13, "msg": "proposal", "header view": 14, "prepare view": 12, "hash": "s0+dCVQ5w8iE2Z+DCswdFLdP8QD8T++9aicJwYKZbok=", "parent": "N0cMWKpZHmTkF/OJGwaFHU4Y2cZrG1h733+F25H9V6E="}
2022-11-27T04:55:52.583Z	DEBUG	replica=1	coded-hotterstuff/consensus.go:809	new block certified	{"CURRENT VIEW": 13, "view": 13, "hash": "N0cMWKpZHmTkF/OJGwaFHU4Y2cZrG1h733+F25H9V6E="}
2022-11-27T04:55:52.583Z	DEBUG	replica=1	coded-hotterstuff/consensus.go:520	entered new view	{"CURRENT VIEW": 14, "view timeout": 2, "timedout": false}
2022-11-27T04:55:52.583Z	DEBUG	replica=1	coded-hotterstuff/consensus.go:788	new block locked	{"CURRENT VIEW": 14, "view": 12, "hash": "4aSlzOy0O5eyJna+iDXBFpIuUaKvoAYyhK6f3aYA32A="}
2022-11-27T04:55:52.583Z	INFO	replica=1	coded-hotterstuff/consensus.go:797	new block commited	{"CURRENT VIEW": 14, "view": 11, "hash": "JHDKbuvn/qlEbMiFGVnXE7z7VfFJm3NDC7AQEWpkt3w="}
2022-11-27T04:55:52.592Z	DEBUG	replica=1	coded-hotterstuff/consensus.go:678	proposal is safe to vote on	{"CURRENT VIEW": 13, "msg": "proposal", "header view": 14, "prepare view": 12, "hash": "s0+dCVQ5w8iE2Z+DCswdFLdP8QD8T++9aicJwYKZbok=", "parent": "N0cMWKpZHmTkF/OJGwaFHU4Y2cZrG1h733+F25H9V6E="}
Node  1 +1 block finalized at time:  2022-11-27 04:55:52.594619443 +0000 UTC m=+52.435554487
replica 1 is forwarding chunk to replica 0
replica 1 is forwarding chunk to replica 2
replica 1 is forwarding chunk to replica 3
replica 1 is forwarding chunk to replica 4
replica 1 is forwarding chunk to replica 6
replica 1 is forwarding chunk to replica 7
replica 1 is forwarding chunk to replica 8
Decoded original proposal, time: 2022-11-27 04:55:53.754977032 +0000 UTC m=+53.595912127 header hash: [179 79 157 9 84 57 195 200 132 217 159 131 10 204 29 20 183 79 241 0 252 79 239 189 106 39 9 193 130 153 110 137]
2022-11-27T04:55:53.755Z	DEBUG	replica=1	coded-hotterstuff/consensus.go:576	received proposal	{"CURRENT VIEW": 14, "msg": "proposal", "header view": 14, "prepare view": 13, "hash": "s0+dCVQ5w8iE2Z+DCswdFLdP8QD8T++9aicJwYKZbok=", "parent": "N0cMWKpZHmTkF/OJGwaFHU4Y2cZrG1h733+F25H9V6E="}
Decoded original proposal, time: 2022-11-27 04:55:54.881384997 +0000 UTC m=+54.722320105 header hash: [179 79 157 9 84 57 195 200 132 217 159 131 10 204 29 20 183 79 241 0 252 79 239 189 106 39 9 193 130 153 110 137]
2022-11-27T04:55:54.881Z	DEBUG	replica=1	coded-hotterstuff/consensus.go:576	received proposal	{"CURRENT VIEW": 14, "msg": "proposal", "header view": 14, "prepare view": 13, "hash": "s0+dCVQ5w8iE2Z+DCswdFLdP8QD8T++9aicJwYKZbok=", "parent": "N0cMWKpZHmTkF/OJGwaFHU4Y2cZrG1h733+F25H9V6E="}
replica 1 is forwarding chunk to replica 0
replica 1 is forwarding chunk to replica 2
replica 1 is forwarding chunk to replica 3
replica 1 is forwarding chunk to replica 4
replica 1 is forwarding chunk to replica 5
replica 1 is forwarding chunk to replica 7
replica 1 is forwarding chunk to replica 8
replica 1 is forwarding chunk to replica 0
replica 1 is forwarding chunk to replica 2
replica 1 is forwarding chunk to replica 3
replica 1 is forwarding chunk to replica 4
replica 1 is forwarding chunk to replica 5
replica 1 is forwarding chunk to replica 7
replica 1 is forwarding chunk to replica 8
Decoded original proposal, time: 2022-11-27 04:55:56.958904605 +0000 UTC m=+56.799839706 header hash: [202 72 185 184 152 74 130 52 19 230 34 218 220 212 95 146 25 2 29 196 82 105 189 28 182 138 255 42 166 91 160 208]
2022-11-27T04:55:56.958Z	DEBUG	replica=1	coded-hotterstuff/consensus.go:576	received proposal	{"CURRENT VIEW": 14, "msg": "proposal", "header view": 15, "prepare view": 13, "hash": "yki5uJhKgjQT5iLa3NRfkhkCHcRSab0ctor/KqZboNA=", "parent": "s0+dCVQ5w8iE2Z+DCswdFLdP8QD8T++9aicJwYKZbok="}
2022-11-27T04:55:56.966Z	DEBUG	replica=1	coded-hotterstuff/consensus.go:809	new block certified	{"CURRENT VIEW": 14, "view": 14, "hash": "s0+dCVQ5w8iE2Z+DCswdFLdP8QD8T++9aicJwYKZbok="}
2022-11-27T04:55:56.966Z	DEBUG	replica=1	coded-hotterstuff/consensus.go:520	entered new view	{"CURRENT VIEW": 15, "view timeout": 2, "timedout": false}
2022-11-27T04:55:56.966Z	DEBUG	replica=1	coded-hotterstuff/consensus.go:788	new block locked	{"CURRENT VIEW": 15, "view": 13, "hash": "N0cMWKpZHmTkF/OJGwaFHU4Y2cZrG1h733+F25H9V6E="}
2022-11-27T04:55:56.966Z	INFO	replica=1	coded-hotterstuff/consensus.go:797	new block commited	{"CURRENT VIEW": 15, "view": 12, "hash": "4aSlzOy0O5eyJna+iDXBFpIuUaKvoAYyhK6f3aYA32A="}
2022-11-27T04:55:56.966Z	DEBUG	replica=1	coded-hotterstuff/consensus.go:678	proposal is safe to vote on	{"CURRENT VIEW": 14, "msg": "proposal", "header view": 15, "prepare view": 13, "hash": "yki5uJhKgjQT5iLa3NRfkhkCHcRSab0ctor/KqZboNA=", "parent": "s0+dCVQ5w8iE2Z+DCswdFLdP8QD8T++9aicJwYKZbok="}
Node  1 +1 block finalized at time:  2022-11-27 04:55:56.968915513 +0000 UTC m=+56.809850543
replica 1 is forwarding chunk to replica 0
replica 1 is forwarding chunk to replica 2
replica 1 is forwarding chunk to replica 3
replica 1 is forwarding chunk to replica 4
replica 1 is forwarding chunk to replica 5
replica 1 is forwarding chunk to replica 7
replica 1 is forwarding chunk to replica 8
Decoded original proposal, time: 2022-11-27 04:55:58.188152818 +0000 UTC m=+58.029087864 header hash: [202 72 185 184 152 74 130 52 19 230 34 218 220 212 95 146 25 2 29 196 82 105 189 28 182 138 255 42 166 91 160 208]
2022-11-27T04:55:58.188Z	DEBUG	replica=1	coded-hotterstuff/consensus.go:576	received proposal	{"CURRENT VIEW": 15, "msg": "proposal", "header view": 15, "prepare view": 14, "hash": "yki5uJhKgjQT5iLa3NRfkhkCHcRSab0ctor/KqZboNA=", "parent": "s0+dCVQ5w8iE2Z+DCswdFLdP8QD8T++9aicJwYKZbok="}
replica 1 is forwarding chunk to replica 0
replica 1 is forwarding chunk to replica 2
replica 1 is forwarding chunk to replica 3
replica 1 is forwarding chunk to replica 4
replica 1 is forwarding chunk to replica 5
replica 1 is forwarding chunk to replica 6
replica 1 is forwarding chunk to replica 8
Decoded original proposal, time: 2022-11-27 04:55:59.296410324 +0000 UTC m=+59.137345366 header hash: [202 72 185 184 152 74 130 52 19 230 34 218 220 212 95 146 25 2 29 196 82 105 189 28 182 138 255 42 166 91 160 208]
2022-11-27T04:55:59.296Z	DEBUG	replica=1	coded-hotterstuff/consensus.go:576	received proposal	{"CURRENT VIEW": 15, "msg": "proposal", "header view": 15, "prepare view": 14, "hash": "yki5uJhKgjQT5iLa3NRfkhkCHcRSab0ctor/KqZboNA=", "parent": "s0+dCVQ5w8iE2Z+DCswdFLdP8QD8T++9aicJwYKZbok="}
replica 1 is forwarding chunk to replica 0
replica 1 is forwarding chunk to replica 2
replica 1 is forwarding chunk to replica 3
replica 1 is forwarding chunk to replica 4
replica 1 is forwarding chunk to replica 5
replica 1 is forwarding chunk to replica 6
replica 1 is forwarding chunk to replica 8
Decoded original proposal, time: 2022-11-27 04:56:00.402714404 +0000 UTC m=+60.243649515 header hash: [60 3 172 192 158 69 228 82 139 18 154 192 39 84 167 184 246 172 168 97 72 51 107 161 52 135 29 101 211 31 104 44]
2022-11-27T04:56:00.402Z	DEBUG	replica=1	coded-hotterstuff/consensus.go:576	received proposal	{"CURRENT VIEW": 15, "msg": "proposal", "header view": 16, "prepare view": 14, "hash": "PAOswJ5F5FKLEprAJ1SnuPasqGFIM2uhNIcdZdMfaCw=", "parent": "yki5uJhKgjQT5iLa3NRfkhkCHcRSab0ctor/KqZboNA="}
2022-11-27T04:56:00.410Z	DEBUG	replica=1	coded-hotterstuff/consensus.go:809	new block certified	{"CURRENT VIEW": 15, "view": 15, "hash": "yki5uJhKgjQT5iLa3NRfkhkCHcRSab0ctor/KqZboNA="}
2022-11-27T04:56:00.410Z	DEBUG	replica=1	coded-hotterstuff/consensus.go:520	entered new view	{"CURRENT VIEW": 16, "view timeout": 2, "timedout": false}
2022-11-27T04:56:00.410Z	DEBUG	replica=1	coded-hotterstuff/consensus.go:788	new block locked	{"CURRENT VIEW": 16, "view": 14, "hash": "s0+dCVQ5w8iE2Z+DCswdFLdP8QD8T++9aicJwYKZbok="}
2022-11-27T04:56:00.410Z	INFO	replica=1	coded-hotterstuff/consensus.go:797	new block commited	{"CURRENT VIEW": 16, "view": 13, "hash": "N0cMWKpZHmTkF/OJGwaFHU4Y2cZrG1h733+F25H9V6E="}
2022-11-27T04:56:00.412Z	DEBUG	replica=1	coded-hotterstuff/consensus.go:678	proposal is safe to vote on	{"CURRENT VIEW": 15, "msg": "proposal", "header view": 16, "prepare view": 14, "hash": "PAOswJ5F5FKLEprAJ1SnuPasqGFIM2uhNIcdZdMfaCw=", "parent": "yki5uJhKgjQT5iLa3NRfkhkCHcRSab0ctor/KqZboNA="}
Node  1 +1 block finalized at time:  2022-11-27 04:56:00.414566518 +0000 UTC m=+60.255501562
replica 1 is forwarding chunk to replica 0
replica 1 is forwarding chunk to replica 2
replica 1 is forwarding chunk to replica 3
replica 1 is forwarding chunk to replica 4
replica 1 is forwarding chunk to replica 5
replica 1 is forwarding chunk to replica 6
replica 1 is forwarding chunk to replica 8
Decoded original proposal, time: 2022-11-27 04:56:01.72447668 +0000 UTC m=+61.565411739 header hash: [60 3 172 192 158 69 228 82 139 18 154 192 39 84 167 184 246 172 168 97 72 51 107 161 52 135 29 101 211 31 104 44]
2022-11-27T04:56:01.724Z	DEBUG	replica=1	coded-hotterstuff/consensus.go:576	received proposal	{"CURRENT VIEW": 16, "msg": "proposal", "header view": 16, "prepare view": 15, "hash": "PAOswJ5F5FKLEprAJ1SnuPasqGFIM2uhNIcdZdMfaCw=", "parent": "yki5uJhKgjQT5iLa3NRfkhkCHcRSab0ctor/KqZboNA="}
Decoded original proposal, time: 2022-11-27 04:56:02.650738063 +0000 UTC m=+62.491673171 header hash: [60 3 172 192 158 69 228 82 139 18 154 192 39 84 167 184 246 172 168 97 72 51 107 161 52 135 29 101 211 31 104 44]
2022-11-27T04:56:02.650Z	DEBUG	replica=1	coded-hotterstuff/consensus.go:576	received proposal	{"CURRENT VIEW": 16, "msg": "proposal", "header view": 16, "prepare view": 15, "hash": "PAOswJ5F5FKLEprAJ1SnuPasqGFIM2uhNIcdZdMfaCw=", "parent": "yki5uJhKgjQT5iLa3NRfkhkCHcRSab0ctor/KqZboNA="}
replica 1 is forwarding chunk to replica 0
replica 1 is forwarding chunk to replica 2
replica 1 is forwarding chunk to replica 3
replica 1 is forwarding chunk to replica 4
replica 1 is forwarding chunk to replica 5
replica 1 is forwarding chunk to replica 6
replica 1 is forwarding chunk to replica 7
Decoded original proposal, time: 2022-11-27 04:56:04.801864709 +0000 UTC m=+64.642799759 header hash: [125 188 128 163 149 74 17 87 102 203 151 169 127 222 108 104 174 185 14 72 28 223 232 151 172 204 94 91 117 235 43 104]
2022-11-27T04:56:04.801Z	DEBUG	replica=1	coded-hotterstuff/consensus.go:576	received proposal	{"CURRENT VIEW": 16, "msg": "proposal", "header view": 17, "prepare view": 15, "hash": "fbyAo5VKEVdmy5epf95saK65Dkgc3+iXrMxeW3XrK2g=", "parent": "PAOswJ5F5FKLEprAJ1SnuPasqGFIM2uhNIcdZdMfaCw="}
2022-11-27T04:56:04.811Z	DEBUG	replica=1	coded-hotterstuff/consensus.go:809	new block certified	{"CURRENT VIEW": 16, "view": 16, "hash": "PAOswJ5F5FKLEprAJ1SnuPasqGFIM2uhNIcdZdMfaCw="}
2022-11-27T04:56:04.811Z	DEBUG	replica=1	coded-hotterstuff/consensus.go:520	entered new view	{"CURRENT VIEW": 17, "view timeout": 2, "timedout": false}
2022-11-27T04:56:04.811Z	DEBUG	replica=1	coded-hotterstuff/consensus.go:788	new block locked	{"CURRENT VIEW": 17, "view": 15, "hash": "yki5uJhKgjQT5iLa3NRfkhkCHcRSab0ctor/KqZboNA="}
2022-11-27T04:56:04.811Z	INFO	replica=1	coded-hotterstuff/consensus.go:797	new block commited	{"CURRENT VIEW": 17, "view": 14, "hash": "s0+dCVQ5w8iE2Z+DCswdFLdP8QD8T++9aicJwYKZbok="}
2022-11-27T04:56:04.812Z	DEBUG	replica=1	coded-hotterstuff/consensus.go:678	proposal is safe to vote on	{"CURRENT VIEW": 16, "msg": "proposal", "header view": 17, "prepare view": 15, "hash": "fbyAo5VKEVdmy5epf95saK65Dkgc3+iXrMxeW3XrK2g=", "parent": "PAOswJ5F5FKLEprAJ1SnuPasqGFIM2uhNIcdZdMfaCw="}
replica 1 is forwarding chunk to replica 0
replica 1 is forwarding chunk to replica 2
replica 1 is forwarding chunk to replica 3
replica 1 is forwarding chunk to replica 4
replica 1 is forwarding chunk to replica 5
replica 1 is forwarding chunk to replica 6
replica 1 is forwarding chunk to replica 7
Node  1 +1 block finalized at time:  2022-11-27 04:56:04.815253514 +0000 UTC m=+64.656188557
replica 1 is forwarding chunk to replica 0
replica 1 is forwarding chunk to replica 2
replica 1 is forwarding chunk to replica 3
replica 1 is forwarding chunk to replica 4
replica 1 is forwarding chunk to replica 5
replica 1 is forwarding chunk to replica 6
replica 1 is forwarding chunk to replica 7
Decoded original proposal, time: 2022-11-27 04:56:06.125589451 +0000 UTC m=+65.966524544 header hash: [125 188 128 163 149 74 17 87 102 203 151 169 127 222 108 104 174 185 14 72 28 223 232 151 172 204 94 91 117 235 43 104]
2022-11-27T04:56:06.125Z	DEBUG	replica=1	coded-hotterstuff/consensus.go:576	received proposal	{"CURRENT VIEW": 17, "msg": "proposal", "header view": 17, "prepare view": 16, "hash": "fbyAo5VKEVdmy5epf95saK65Dkgc3+iXrMxeW3XrK2g=", "parent": "PAOswJ5F5FKLEprAJ1SnuPasqGFIM2uhNIcdZdMfaCw="}
replica 1 is forwarding chunk to replica 2
replica 1 is forwarding chunk to replica 3
replica 1 is forwarding chunk to replica 4
replica 1 is forwarding chunk to replica 5
replica 1 is forwarding chunk to replica 6
replica 1 is forwarding chunk to replica 7
replica 1 is forwarding chunk to replica 8
2022-11-27T04:56:07.414Z	DEBUG	replica=1	coded-hotterstuff/consensus.go:965	received vote	{"CURRENT VIEW": 17, "msg": "vote", "voter": 0, "view": 17, "hash": "6UfBJLlIX1wd3MF43w68SPyfPsdwcfzWodH+19bgzRM="}
Node  1  received vote before proposal, saving vote in pending votes, hash is  [233 71 193 36 185 72 95 92 29 220 193 120 223 14 188 72 252 159 62 199 112 113 252 214 161 209 254 215 214 224 205 19]  and string is,  18
2022-11-27T04:56:07.414Z	DEBUG	replica=1	coded-hotterstuff/consensus.go:970	Received vote before proposal, key is, 18	{"CURRENT VIEW": 17}
Decoded original proposal, time: 2022-11-27 04:56:07.832803588 +0000 UTC m=+67.673738638 header hash: [125 188 128 163 149 74 17 87 102 203 151 169 127 222 108 104 174 185 14 72 28 223 232 151 172 204 94 91 117 235 43 104]
2022-11-27T04:56:07.832Z	DEBUG	replica=1	coded-hotterstuff/consensus.go:576	received proposal	{"CURRENT VIEW": 17, "msg": "proposal", "header view": 17, "prepare view": 16, "hash": "fbyAo5VKEVdmy5epf95saK65Dkgc3+iXrMxeW3XrK2g=", "parent": "PAOswJ5F5FKLEprAJ1SnuPasqGFIM2uhNIcdZdMfaCw="}
Decoded original proposal, time: 2022-11-27 04:56:08.23450581 +0000 UTC m=+68.075440875 header hash: [233 71 193 36 185 72 95 92 29 220 193 120 223 14 188 72 252 159 62 199 112 113 252 214 161 209 254 215 214 224 205 19]
2022-11-27T04:56:08.234Z	DEBUG	replica=1	coded-hotterstuff/consensus.go:576	received proposal	{"CURRENT VIEW": 17, "msg": "proposal", "header view": 18, "prepare view": 16, "hash": "6UfBJLlIX1wd3MF43w68SPyfPsdwcfzWodH+19bgzRM=", "parent": "fbyAo5VKEVdmy5epf95saK65Dkgc3+iXrMxeW3XrK2g="}
2022-11-27T04:56:08.242Z	DEBUG	replica=1	coded-hotterstuff/consensus.go:809	new block certified	{"CURRENT VIEW": 17, "view": 17, "hash": "fbyAo5VKEVdmy5epf95saK65Dkgc3+iXrMxeW3XrK2g="}
2022-11-27T04:56:08.242Z	DEBUG	replica=1	coded-hotterstuff/consensus.go:520	entered new view	{"CURRENT VIEW": 18, "view timeout": 2, "timedout": false}
2022-11-27T04:56:08.242Z	DEBUG	replica=1	coded-hotterstuff/consensus.go:535	replica is a leader for next view. collecting new-view messages	{"CURRENT VIEW": 18}
2022-11-27T04:56:08.242Z	DEBUG	replica=1	coded-hotterstuff/consensus.go:788	new block locked	{"CURRENT VIEW": 18, "view": 16, "hash": "PAOswJ5F5FKLEprAJ1SnuPasqGFIM2uhNIcdZdMfaCw="}
2022-11-27T04:56:08.242Z	INFO	replica=1	coded-hotterstuff/consensus.go:797	new block commited	{"CURRENT VIEW": 18, "view": 15, "hash": "yki5uJhKgjQT5iLa3NRfkhkCHcRSab0ctor/KqZboNA="}
2022-11-27T04:56:08.243Z	DEBUG	replica=1	coded-hotterstuff/consensus.go:678	proposal is safe to vote on	{"CURRENT VIEW": 17, "msg": "proposal", "header view": 18, "prepare view": 16, "hash": "6UfBJLlIX1wd3MF43w68SPyfPsdwcfzWodH+19bgzRM=", "parent": "fbyAo5VKEVdmy5epf95saK65Dkgc3+iXrMxeW3XrK2g="}
2022-11-27T04:56:08.243Z	DEBUG	replica=1	coded-hotterstuff/consensus.go:758	Taking care of pending vote 18	{"CURRENT VIEW": 18}
2022-11-27T04:56:08.243Z	DEBUG	replica=1	coded-hotterstuff/consensus.go:965	received vote	{"CURRENT VIEW": 18, "msg": "vote", "voter": 0, "view": 18, "hash": "6UfBJLlIX1wd3MF43w68SPyfPsdwcfzWodH+19bgzRM="}
2022-11-27T04:56:08.249Z	DEBUG	replica=1	coded-hotterstuff/consensus.go:965	received vote	{"CURRENT VIEW": 18, "msg": "vote", "voter": 1, "view": 18, "hash": "6UfBJLlIX1wd3MF43w68SPyfPsdwcfzWodH+19bgzRM="}
Node  1 +1 block finalized at time:  2022-11-27 04:56:08.255310863 +0000 UTC m=+68.096245894
replica 1 is forwarding chunk to replica 2
replica 1 is forwarding chunk to replica 3
replica 1 is forwarding chunk to replica 4
replica 1 is forwarding chunk to replica 5
replica 1 is forwarding chunk to replica 6
replica 1 is forwarding chunk to replica 7
replica 1 is forwarding chunk to replica 8
2022-11-27T04:56:08.786Z	DEBUG	replica=1	coded-hotterstuff/consensus.go:965	received vote	{"CURRENT VIEW": 18, "msg": "vote", "voter": 2, "view": 18, "hash": "6UfBJLlIX1wd3MF43w68SPyfPsdwcfzWodH+19bgzRM="}
2022-11-27T04:56:08.937Z	DEBUG	replica=1	coded-hotterstuff/consensus.go:965	received vote	{"CURRENT VIEW": 18, "msg": "vote", "voter": 4, "view": 18, "hash": "6UfBJLlIX1wd3MF43w68SPyfPsdwcfzWodH+19bgzRM="}
2022-11-27T04:56:09.158Z	DEBUG	replica=1	coded-hotterstuff/consensus.go:965	received vote	{"CURRENT VIEW": 18, "msg": "vote", "voter": 6, "view": 18, "hash": "6UfBJLlIX1wd3MF43w68SPyfPsdwcfzWodH+19bgzRM="}
2022-11-27T04:56:09.522Z	DEBUG	replica=1	coded-hotterstuff/consensus.go:965	received vote	{"CURRENT VIEW": 18, "msg": "vote", "voter": 8, "view": 18, "hash": "6UfBJLlIX1wd3MF43w68SPyfPsdwcfzWodH+19bgzRM="}
replica 1 is forwarding chunk to replica 2
replica 1 is forwarding chunk to replica 3
replica 1 is forwarding chunk to replica 4
replica 1 is forwarding chunk to replica 5
replica 1 is forwarding chunk to replica 6
replica 1 is forwarding chunk to replica 7
replica 1 is forwarding chunk to replica 8
2022-11-27T04:56:09.647Z	DEBUG	replica=1	coded-hotterstuff/consensus.go:965	received vote	{"CURRENT VIEW": 18, "msg": "vote", "voter": 7, "view": 18, "hash": "6UfBJLlIX1wd3MF43w68SPyfPsdwcfzWodH+19bgzRM="}
2022-11-27T04:56:09.652Z	DEBUG	replica=1	coded-hotterstuff/consensus.go:809	new block certified	{"CURRENT VIEW": 18, "view": 18, "hash": "6UfBJLlIX1wd3MF43w68SPyfPsdwcfzWodH+19bgzRM="}
2022-11-27T04:56:09.652Z	DEBUG	replica=1	coded-hotterstuff/consensus.go:520	entered new view	{"CURRENT VIEW": 19, "view timeout": 2, "timedout": false}
2022-11-27T04:56:09.652Z	DEBUG	replica=1	coded-hotterstuff/consensus.go:544	replica is a leader for this view. waiting for data	{"CURRENT VIEW": 19}
2022-11-27T04:56:09.652Z	DEBUG	replica=1	coded-hotterstuff/consensus.go:520	entered new view	{"CURRENT VIEW": 19, "view timeout": 2, "timedout": false}
2022-11-27T04:56:09.652Z	DEBUG	replica=1	coded-hotterstuff/consensus.go:544	replica is a leader for this view. waiting for data	{"CURRENT VIEW": 19}
2022-11-27T04:56:09.655Z	DEBUG	replica=1	coded-hotterstuff/consensus.go:238	sending proposal	{"CURRENT VIEW": 19, "hash": "uSmPJ2ljy8Cf/kVdYaizGHLR6BOCKJsjlWDpYp2SPg4=", "parent": "6UfBJLlIX1wd3MF43w68SPyfPsdwcfzWodH+19bgzRM=", "signer": 1}
2022-11-27T04:56:09.656Z	DEBUG	replica=1	coded-hotterstuff/consensus.go:576	received proposal	{"CURRENT VIEW": 19, "msg": "proposal", "header view": 19, "prepare view": 18, "hash": "uSmPJ2ljy8Cf/kVdYaizGHLR6BOCKJsjlWDpYp2SPg4=", "parent": "6UfBJLlIX1wd3MF43w68SPyfPsdwcfzWodH+19bgzRM="}
2022-11-27T04:56:09.664Z	DEBUG	replica=1	coded-hotterstuff/consensus.go:788	new block locked	{"CURRENT VIEW": 19, "view": 17, "hash": "fbyAo5VKEVdmy5epf95saK65Dkgc3+iXrMxeW3XrK2g="}
2022-11-27T04:56:09.664Z	INFO	replica=1	coded-hotterstuff/consensus.go:797	new block commited	{"CURRENT VIEW": 19, "view": 16, "hash": "PAOswJ5F5FKLEprAJ1SnuPasqGFIM2uhNIcdZdMfaCw="}
2022-11-27T04:56:09.666Z	DEBUG	replica=1	coded-hotterstuff/consensus.go:678	proposal is safe to vote on	{"CURRENT VIEW": 19, "msg": "proposal", "header view": 19, "prepare view": 18, "hash": "uSmPJ2ljy8Cf/kVdYaizGHLR6BOCKJsjlWDpYp2SPg4=", "parent": "6UfBJLlIX1wd3MF43w68SPyfPsdwcfzWodH+19bgzRM="}
Node  1 +1 block finalized at time:  2022-11-27 04:56:09.668220544 +0000 UTC m=+69.509155575
Decoded original proposal, time: 2022-11-27 04:56:10.129350221 +0000 UTC m=+69.970285314 header hash: [233 71 193 36 185 72 95 92 29 220 193 120 223 14 188 72 252 159 62 199 112 113 252 214 161 209 254 215 214 224 205 19]
2022-11-27T04:56:10.129Z	DEBUG	replica=1	coded-hotterstuff/consensus.go:576	received proposal	{"CURRENT VIEW": 19, "msg": "proposal", "header view": 18, "prepare view": 18, "hash": "6UfBJLlIX1wd3MF43w68SPyfPsdwcfzWodH+19bgzRM=", "parent": "fbyAo5VKEVdmy5epf95saK65Dkgc3+iXrMxeW3XrK2g="}
2022-11-27T04:56:10.137Z	DEBUG	replica=1	coded-hotterstuff/consensus.go:667	proposal view doesn't match local view	{"CURRENT VIEW": 19, "msg": "proposal", "header view": 18, "prepare view": 18, "hash": "6UfBJLlIX1wd3MF43w68SPyfPsdwcfzWodH+19bgzRM=", "parent": "fbyAo5VKEVdmy5epf95saK65Dkgc3+iXrMxeW3XrK2g="}
2022-11-27T04:56:10.174Z	DEBUG	replica=1	coded-hotterstuff/consensus.go:965	received vote	{"CURRENT VIEW": 19, "msg": "vote", "voter": 5, "view": 19, "hash": "6UfBJLlIX1wd3MF43w68SPyfPsdwcfzWodH+19bgzRM="}
2022-11-27T04:56:10.179Z	DEBUG	replica=1	coded-hotterstuff/consensus.go:520	entered new view	{"CURRENT VIEW": 19, "view timeout": 2, "timedout": false}
2022-11-27T04:56:10.179Z	DEBUG	replica=1	coded-hotterstuff/consensus.go:544	replica is a leader for this view. waiting for data	{"CURRENT VIEW": 19}
2022-11-27T04:56:10.182Z	DEBUG	replica=1	coded-hotterstuff/consensus.go:238	sending proposal	{"CURRENT VIEW": 19, "hash": "uSmPJ2ljy8Cf/kVdYaizGHLR6BOCKJsjlWDpYp2SPg4=", "parent": "6UfBJLlIX1wd3MF43w68SPyfPsdwcfzWodH+19bgzRM=", "signer": 1}
2022-11-27T04:56:10.183Z	DEBUG	replica=1	coded-hotterstuff/consensus.go:576	received proposal	{"CURRENT VIEW": 19, "msg": "proposal", "header view": 19, "prepare view": 18, "hash": "uSmPJ2ljy8Cf/kVdYaizGHLR6BOCKJsjlWDpYp2SPg4=", "parent": "6UfBJLlIX1wd3MF43w68SPyfPsdwcfzWodH+19bgzRM="}
2022-11-27T04:56:10.254Z	DEBUG	replica=1	coded-hotterstuff/consensus.go:965	received vote	{"CURRENT VIEW": 19, "msg": "vote", "voter": 3, "view": 19, "hash": "6UfBJLlIX1wd3MF43w68SPyfPsdwcfzWodH+19bgzRM="}
2022-11-27T04:56:10.259Z	DEBUG	replica=1	coded-hotterstuff/consensus.go:520	entered new view	{"CURRENT VIEW": 19, "view timeout": 2, "timedout": false}
2022-11-27T04:56:10.259Z	DEBUG	replica=1	coded-hotterstuff/consensus.go:544	replica is a leader for this view. waiting for data	{"CURRENT VIEW": 19}
2022-11-27T04:56:10.262Z	DEBUG	replica=1	coded-hotterstuff/consensus.go:238	sending proposal	{"CURRENT VIEW": 19, "hash": "uSmPJ2ljy8Cf/kVdYaizGHLR6BOCKJsjlWDpYp2SPg4=", "parent": "6UfBJLlIX1wd3MF43w68SPyfPsdwcfzWodH+19bgzRM=", "signer": 1}
2022-11-27T04:56:10.263Z	DEBUG	replica=1	coded-hotterstuff/consensus.go:576	received proposal	{"CURRENT VIEW": 19, "msg": "proposal", "header view": 19, "prepare view": 18, "hash": "uSmPJ2ljy8Cf/kVdYaizGHLR6BOCKJsjlWDpYp2SPg4=", "parent": "6UfBJLlIX1wd3MF43w68SPyfPsdwcfzWodH+19bgzRM="}
Decoded original proposal, time: 2022-11-27 04:56:11.395395892 +0000 UTC m=+71.236330993 header hash: [233 71 193 36 185 72 95 92 29 220 193 120 223 14 188 72 252 159 62 199 112 113 252 214 161 209 254 215 214 224 205 19]
2022-11-27T04:56:11.395Z	DEBUG	replica=1	coded-hotterstuff/consensus.go:576	received proposal	{"CURRENT VIEW": 19, "msg": "proposal", "header view": 18, "prepare view": 18, "hash": "6UfBJLlIX1wd3MF43w68SPyfPsdwcfzWodH+19bgzRM=", "parent": "fbyAo5VKEVdmy5epf95saK65Dkgc3+iXrMxeW3XrK2g="}
2022-11-27T04:56:11.402Z	DEBUG	replica=1	coded-hotterstuff/consensus.go:667	proposal view doesn't match local view	{"CURRENT VIEW": 19, "msg": "proposal", "header view": 18, "prepare view": 18, "hash": "6UfBJLlIX1wd3MF43w68SPyfPsdwcfzWodH+19bgzRM=", "parent": "fbyAo5VKEVdmy5epf95saK65Dkgc3+iXrMxeW3XrK2g="}
replica 1 is forwarding chunk to replica 0
replica 1 is forwarding chunk to replica 3
replica 1 is forwarding chunk to replica 4
replica 1 is forwarding chunk to replica 5
replica 1 is forwarding chunk to replica 6
replica 1 is forwarding chunk to replica 7
replica 1 is forwarding chunk to replica 8
replica 1 is forwarding chunk to replica 0
replica 1 is forwarding chunk to replica 3
replica 1 is forwarding chunk to replica 4
replica 1 is forwarding chunk to replica 5
replica 1 is forwarding chunk to replica 6
replica 1 is forwarding chunk to replica 7
replica 1 is forwarding chunk to replica 8
Decoded original proposal, time: 2022-11-27 04:56:17.847986321 +0000 UTC m=+77.688921410 header hash: [13 182 191 15 143 42 152 29 239 84 127 36 77 221 124 199 27 48 113 31 51 226 178 103 166 208 44 11 123 31 191 52]
2022-11-27T04:56:17.848Z	DEBUG	replica=1	coded-hotterstuff/consensus.go:576	received proposal	{"CURRENT VIEW": 19, "msg": "proposal", "header view": 20, "prepare view": 18, "hash": "Dba/D48qmB3vVH8kTd18xxswcR8z4rJnptAsC3sfvzQ=", "parent": "uSmPJ2ljy8Cf/kVdYaizGHLR6BOCKJsjlWDpYp2SPg4="}
2022-11-27T04:56:17.855Z	DEBUG	replica=1	coded-hotterstuff/consensus.go:809	new block certified	{"CURRENT VIEW": 19, "view": 19, "hash": "uSmPJ2ljy8Cf/kVdYaizGHLR6BOCKJsjlWDpYp2SPg4="}
2022-11-27T04:56:17.855Z	DEBUG	replica=1	coded-hotterstuff/consensus.go:520	entered new view	{"CURRENT VIEW": 20, "view timeout": 2, "timedout": false}
2022-11-27T04:56:17.856Z	DEBUG	replica=1	coded-hotterstuff/consensus.go:788	new block locked	{"CURRENT VIEW": 20, "view": 18, "hash": "6UfBJLlIX1wd3MF43w68SPyfPsdwcfzWodH+19bgzRM="}
2022-11-27T04:56:17.856Z	INFO	replica=1	coded-hotterstuff/consensus.go:797	new block commited	{"CURRENT VIEW": 20, "view": 17, "hash": "fbyAo5VKEVdmy5epf95saK65Dkgc3+iXrMxeW3XrK2g="}
2022-11-27T04:56:17.857Z	DEBUG	replica=1	coded-hotterstuff/consensus.go:678	proposal is safe to vote on	{"CURRENT VIEW": 19, "msg": "proposal", "header view": 20, "prepare view": 18, "hash": "Dba/D48qmB3vVH8kTd18xxswcR8z4rJnptAsC3sfvzQ=", "parent": "uSmPJ2ljy8Cf/kVdYaizGHLR6BOCKJsjlWDpYp2SPg4="}
Node  1 +1 block finalized at time:  2022-11-27 04:56:17.859104845 +0000 UTC m=+77.700039887
replica 1 is forwarding chunk to replica 0
replica 1 is forwarding chunk to replica 3
replica 1 is forwarding chunk to replica 4
replica 1 is forwarding chunk to replica 5
replica 1 is forwarding chunk to replica 6
replica 1 is forwarding chunk to replica 7
replica 1 is forwarding chunk to replica 8
Decoded original proposal, time: 2022-11-27 04:56:19.095525981 +0000 UTC m=+78.936461073 header hash: [13 182 191 15 143 42 152 29 239 84 127 36 77 221 124 199 27 48 113 31 51 226 178 103 166 208 44 11 123 31 191 52]
2022-11-27T04:56:19.095Z	DEBUG	replica=1	coded-hotterstuff/consensus.go:576	received proposal	{"CURRENT VIEW": 20, "msg": "proposal", "header view": 20, "prepare view": 19, "hash": "Dba/D48qmB3vVH8kTd18xxswcR8z4rJnptAsC3sfvzQ=", "parent": "uSmPJ2ljy8Cf/kVdYaizGHLR6BOCKJsjlWDpYp2SPg4="}
replica 1 is forwarding chunk to replica 0
replica 1 is forwarding chunk to replica 2
replica 1 is forwarding chunk to replica 4
replica 1 is forwarding chunk to replica 5
replica 1 is forwarding chunk to replica 6
replica 1 is forwarding chunk to replica 7
replica 1 is forwarding chunk to replica 8
Decoded original proposal, time: 2022-11-27 04:56:19.953661885 +0000 UTC m=+79.794596928 header hash: [13 182 191 15 143 42 152 29 239 84 127 36 77 221 124 199 27 48 113 31 51 226 178 103 166 208 44 11 123 31 191 52]
2022-11-27T04:56:19.953Z	DEBUG	replica=1	coded-hotterstuff/consensus.go:576	received proposal	{"CURRENT VIEW": 20, "msg": "proposal", "header view": 20, "prepare view": 19, "hash": "Dba/D48qmB3vVH8kTd18xxswcR8z4rJnptAsC3sfvzQ=", "parent": "uSmPJ2ljy8Cf/kVdYaizGHLR6BOCKJsjlWDpYp2SPg4="}
Decoded original proposal, time: 2022-11-27 04:56:20.991738884 +0000 UTC m=+80.832673927 header hash: [209 38 65 65 46 4 226 145 106 139 61 138 29 3 67 4 115 15 92 233 3 182 204 209 81 205 132 59 223 246 130 103]
2022-11-27T04:56:20.991Z	DEBUG	replica=1	coded-hotterstuff/consensus.go:576	received proposal	{"CURRENT VIEW": 20, "msg": "proposal", "header view": 21, "prepare view": 19, "hash": "0SZBQS4E4pFqiz2KHQNDBHMPXOkDtszRUc2EO9/2gmc=", "parent": "Dba/D48qmB3vVH8kTd18xxswcR8z4rJnptAsC3sfvzQ="}
2022-11-27T04:56:20.999Z	DEBUG	replica=1	coded-hotterstuff/consensus.go:809	new block certified	{"CURRENT VIEW": 20, "view": 20, "hash": "Dba/D48qmB3vVH8kTd18xxswcR8z4rJnptAsC3sfvzQ="}
2022-11-27T04:56:20.999Z	DEBUG	replica=1	coded-hotterstuff/consensus.go:520	entered new view	{"CURRENT VIEW": 21, "view timeout": 2, "timedout": false}
2022-11-27T04:56:20.999Z	DEBUG	replica=1	coded-hotterstuff/consensus.go:788	new block locked	{"CURRENT VIEW": 21, "view": 19, "hash": "uSmPJ2ljy8Cf/kVdYaizGHLR6BOCKJsjlWDpYp2SPg4="}
2022-11-27T04:56:20.999Z	INFO	replica=1	coded-hotterstuff/consensus.go:797	new block commited	{"CURRENT VIEW": 21, "view": 18, "hash": "6UfBJLlIX1wd3MF43w68SPyfPsdwcfzWodH+19bgzRM="}
2022-11-27T04:56:20.999Z	DEBUG	replica=1	coded-hotterstuff/consensus.go:678	proposal is safe to vote on	{"CURRENT VIEW": 20, "msg": "proposal", "header view": 21, "prepare view": 19, "hash": "0SZBQS4E4pFqiz2KHQNDBHMPXOkDtszRUc2EO9/2gmc=", "parent": "Dba/D48qmB3vVH8kTd18xxswcR8z4rJnptAsC3sfvzQ="}
Node  1 +1 block finalized at time:  2022-11-27 04:56:21.002111457 +0000 UTC m=+80.843046516
replica 1 is forwarding chunk to replica 0
replica 1 is forwarding chunk to replica 2
replica 1 is forwarding chunk to replica 4
replica 1 is forwarding chunk to replica 5
replica 1 is forwarding chunk to replica 6
replica 1 is forwarding chunk to replica 7
replica 1 is forwarding chunk to replica 8
Decoded original proposal, time: 2022-11-27 04:56:21.885240715 +0000 UTC m=+81.726175757 header hash: [209 38 65 65 46 4 226 145 106 139 61 138 29 3 67 4 115 15 92 233 3 182 204 209 81 205 132 59 223 246 130 103]
2022-11-27T04:56:21.885Z	DEBUG	replica=1	coded-hotterstuff/consensus.go:576	received proposal	{"CURRENT VIEW": 21, "msg": "proposal", "header view": 21, "prepare view": 20, "hash": "0SZBQS4E4pFqiz2KHQNDBHMPXOkDtszRUc2EO9/2gmc=", "parent": "Dba/D48qmB3vVH8kTd18xxswcR8z4rJnptAsC3sfvzQ="}
replica 1 is forwarding chunk to replica 0
replica 1 is forwarding chunk to replica 2
replica 1 is forwarding chunk to replica 4
replica 1 is forwarding chunk to replica 5
replica 1 is forwarding chunk to replica 6
replica 1 is forwarding chunk to replica 7
replica 1 is forwarding chunk to replica 8
replica 1 is forwarding chunk to replica 0
replica 1 is forwarding chunk to replica 2
replica 1 is forwarding chunk to replica 3
replica 1 is forwarding chunk to replica 5
replica 1 is forwarding chunk to replica 6
replica 1 is forwarding chunk to replica 7
replica 1 is forwarding chunk to replica 8
Decoded original proposal, time: 2022-11-27 04:56:23.781947016 +0000 UTC m=+83.622882106 header hash: [209 38 65 65 46 4 226 145 106 139 61 138 29 3 67 4 115 15 92 233 3 182 204 209 81 205 132 59 223 246 130 103]
2022-11-27T04:56:23.781Z	DEBUG	replica=1	coded-hotterstuff/consensus.go:576	received proposal	{"CURRENT VIEW": 21, "msg": "proposal", "header view": 21, "prepare view": 20, "hash": "0SZBQS4E4pFqiz2KHQNDBHMPXOkDtszRUc2EO9/2gmc=", "parent": "Dba/D48qmB3vVH8kTd18xxswcR8z4rJnptAsC3sfvzQ="}
replica 1 is forwarding chunk to replica 0
replica 1 is forwarding chunk to replica 2
replica 1 is forwarding chunk to replica 3
replica 1 is forwarding chunk to replica 5
replica 1 is forwarding chunk to replica 6
replica 1 is forwarding chunk to replica 7
replica 1 is forwarding chunk to replica 8
Decoded original proposal, time: 2022-11-27 04:56:25.200034291 +0000 UTC m=+85.040969384 header hash: [236 22 254 114 249 137 84 235 103 187 22 243 254 52 241 221 163 197 58 85 216 147 6 31 172 60 252 77 199 10 162 122]
2022-11-27T04:56:25.200Z	DEBUG	replica=1	coded-hotterstuff/consensus.go:576	received proposal	{"CURRENT VIEW": 21, "msg": "proposal", "header view": 22, "prepare view": 20, "hash": "7Bb+cvmJVOtnuxbz/jTx3aPFOlXYkwYfrDz8TccKono=", "parent": "0SZBQS4E4pFqiz2KHQNDBHMPXOkDtszRUc2EO9/2gmc="}
2022-11-27T04:56:25.208Z	DEBUG	replica=1	coded-hotterstuff/consensus.go:809	new block certified	{"CURRENT VIEW": 21, "view": 21, "hash": "0SZBQS4E4pFqiz2KHQNDBHMPXOkDtszRUc2EO9/2gmc="}
2022-11-27T04:56:25.208Z	DEBUG	replica=1	coded-hotterstuff/consensus.go:520	entered new view	{"CURRENT VIEW": 22, "view timeout": 2, "timedout": false}
2022-11-27T04:56:25.208Z	DEBUG	replica=1	coded-hotterstuff/consensus.go:788	new block locked	{"CURRENT VIEW": 22, "view": 20, "hash": "Dba/D48qmB3vVH8kTd18xxswcR8z4rJnptAsC3sfvzQ="}
2022-11-27T04:56:25.208Z	INFO	replica=1	coded-hotterstuff/consensus.go:797	new block commited	{"CURRENT VIEW": 22, "view": 19, "hash": "uSmPJ2ljy8Cf/kVdYaizGHLR6BOCKJsjlWDpYp2SPg4="}
2022-11-27T04:56:25.210Z	DEBUG	replica=1	coded-hotterstuff/consensus.go:678	proposal is safe to vote on	{"CURRENT VIEW": 21, "msg": "proposal", "header view": 22, "prepare view": 20, "hash": "7Bb+cvmJVOtnuxbz/jTx3aPFOlXYkwYfrDz8TccKono=", "parent": "0SZBQS4E4pFqiz2KHQNDBHMPXOkDtszRUc2EO9/2gmc="}
Node  1 +1 block finalized at time:  2022-11-27 04:56:25.212492812 +0000 UTC m=+85.053427856
Decoded original proposal, time: 2022-11-27 04:56:26.282250712 +0000 UTC m=+86.123185805 header hash: [236 22 254 114 249 137 84 235 103 187 22 243 254 52 241 221 163 197 58 85 216 147 6 31 172 60 252 77 199 10 162 122]
2022-11-27T04:56:26.282Z	DEBUG	replica=1	coded-hotterstuff/consensus.go:576	received proposal	{"CURRENT VIEW": 22, "msg": "proposal", "header view": 22, "prepare view": 21, "hash": "7Bb+cvmJVOtnuxbz/jTx3aPFOlXYkwYfrDz8TccKono=", "parent": "0SZBQS4E4pFqiz2KHQNDBHMPXOkDtszRUc2EO9/2gmc="}
replica 1 is forwarding chunk to replica 0
replica 1 is forwarding chunk to replica 2
replica 1 is forwarding chunk to replica 3
replica 1 is forwarding chunk to replica 5
replica 1 is forwarding chunk to replica 6
replica 1 is forwarding chunk to replica 7
replica 1 is forwarding chunk to replica 8
Decoded original proposal, time: 2022-11-27 04:56:27.317987476 +0000 UTC m=+87.158922566 header hash: [236 22 254 114 249 137 84 235 103 187 22 243 254 52 241 221 163 197 58 85 216 147 6 31 172 60 252 77 199 10 162 122]
2022-11-27T04:56:27.318Z	DEBUG	replica=1	coded-hotterstuff/consensus.go:576	received proposal	{"CURRENT VIEW": 22, "msg": "proposal", "header view": 22, "prepare view": 21, "hash": "7Bb+cvmJVOtnuxbz/jTx3aPFOlXYkwYfrDz8TccKono=", "parent": "0SZBQS4E4pFqiz2KHQNDBHMPXOkDtszRUc2EO9/2gmc="}
replica 1 is forwarding chunk to replica 0
replica 1 is forwarding chunk to replica 2
replica 1 is forwarding chunk to replica 3
replica 1 is forwarding chunk to replica 4
replica 1 is forwarding chunk to replica 6
replica 1 is forwarding chunk to replica 7
replica 1 is forwarding chunk to replica 8
Decoded original proposal, time: 2022-11-27 04:56:28.702453471 +0000 UTC m=+88.543388567 header hash: [166 104 248 56 156 200 56 21 234 36 160 106 253 96 127 136 80 12 64 153 26 46 23 40 178 246 209 130 199 137 106 50]
2022-11-27T04:56:28.702Z	DEBUG	replica=1	coded-hotterstuff/consensus.go:576	received proposal	{"CURRENT VIEW": 22, "msg": "proposal", "header view": 23, "prepare view": 21, "hash": "pmj4OJzIOBXqJKBq/WB/iFAMQJkaLhcosvbRgseJajI=", "parent": "7Bb+cvmJVOtnuxbz/jTx3aPFOlXYkwYfrDz8TccKono="}
2022-11-27T04:56:28.711Z	DEBUG	replica=1	coded-hotterstuff/consensus.go:809	new block certified	{"CURRENT VIEW": 22, "view": 22, "hash": "7Bb+cvmJVOtnuxbz/jTx3aPFOlXYkwYfrDz8TccKono="}
2022-11-27T04:56:28.711Z	DEBUG	replica=1	coded-hotterstuff/consensus.go:520	entered new view	{"CURRENT VIEW": 23, "view timeout": 2, "timedout": false}
2022-11-27T04:56:28.711Z	DEBUG	replica=1	coded-hotterstuff/consensus.go:788	new block locked	{"CURRENT VIEW": 23, "view": 21, "hash": "0SZBQS4E4pFqiz2KHQNDBHMPXOkDtszRUc2EO9/2gmc="}
2022-11-27T04:56:28.711Z	INFO	replica=1	coded-hotterstuff/consensus.go:797	new block commited	{"CURRENT VIEW": 23, "view": 20, "hash": "Dba/D48qmB3vVH8kTd18xxswcR8z4rJnptAsC3sfvzQ="}
2022-11-27T04:56:28.712Z	DEBUG	replica=1	coded-hotterstuff/consensus.go:678	proposal is safe to vote on	{"CURRENT VIEW": 22, "msg": "proposal", "header view": 23, "prepare view": 21, "hash": "pmj4OJzIOBXqJKBq/WB/iFAMQJkaLhcosvbRgseJajI=", "parent": "7Bb+cvmJVOtnuxbz/jTx3aPFOlXYkwYfrDz8TccKono="}
Node  1 +1 block finalized at time:  2022-11-27 04:56:28.714868604 +0000 UTC m=+88.555803650
replica 1 is forwarding chunk to replica 0
replica 1 is forwarding chunk to replica 2
replica 1 is forwarding chunk to replica 3
replica 1 is forwarding chunk to replica 4
replica 1 is forwarding chunk to replica 6
replica 1 is forwarding chunk to replica 7
replica 1 is forwarding chunk to replica 8
Decoded original proposal, time: 2022-11-27 04:56:30.148809106 +0000 UTC m=+89.989744200 header hash: [166 104 248 56 156 200 56 21 234 36 160 106 253 96 127 136 80 12 64 153 26 46 23 40 178 246 209 130 199 137 106 50]
2022-11-27T04:56:30.148Z	DEBUG	replica=1	coded-hotterstuff/consensus.go:576	received proposal	{"CURRENT VIEW": 23, "msg": "proposal", "header view": 23, "prepare view": 22, "hash": "pmj4OJzIOBXqJKBq/WB/iFAMQJkaLhcosvbRgseJajI=", "parent": "7Bb+cvmJVOtnuxbz/jTx3aPFOlXYkwYfrDz8TccKono="}
replica 1 is forwarding chunk to replica 0
replica 1 is forwarding chunk to replica 2
replica 1 is forwarding chunk to replica 3
replica 1 is forwarding chunk to replica 4
replica 1 is forwarding chunk to replica 5
replica 1 is forwarding chunk to replica 7
replica 1 is forwarding chunk to replica 8
replica 1 is forwarding chunk to replica 0
replica 1 is forwarding chunk to replica 2
replica 1 is forwarding chunk to replica 3
replica 1 is forwarding chunk to replica 4
replica 1 is forwarding chunk to replica 6
replica 1 is forwarding chunk to replica 7
replica 1 is forwarding chunk to replica 8
Decoded original proposal, time: 2022-11-27 04:56:32.276380985 +0000 UTC m=+92.117316081 header hash: [130 41 63 142 209 112 247 120 166 50 171 153 124 242 157 248 90 160 106 115 199 97 142 87 9 193 156 212 226 178 124 29]
2022-11-27T04:56:32.276Z	DEBUG	replica=1	coded-hotterstuff/consensus.go:576	received proposal	{"CURRENT VIEW": 23, "msg": "proposal", "header view": 24, "prepare view": 22, "hash": "gik/jtFw93imMquZfPKd+FqganPHYY5XCcGc1OKyfB0=", "parent": "pmj4OJzIOBXqJKBq/WB/iFAMQJkaLhcosvbRgseJajI="}
2022-11-27T04:56:32.284Z	DEBUG	replica=1	coded-hotterstuff/consensus.go:809	new block certified	{"CURRENT VIEW": 23, "view": 23, "hash": "pmj4OJzIOBXqJKBq/WB/iFAMQJkaLhcosvbRgseJajI="}
2022-11-27T04:56:32.284Z	DEBUG	replica=1	coded-hotterstuff/consensus.go:520	entered new view	{"CURRENT VIEW": 24, "view timeout": 2, "timedout": false}
2022-11-27T04:56:32.284Z	DEBUG	replica=1	coded-hotterstuff/consensus.go:788	new block locked	{"CURRENT VIEW": 24, "view": 22, "hash": "7Bb+cvmJVOtnuxbz/jTx3aPFOlXYkwYfrDz8TccKono="}
2022-11-27T04:56:32.284Z	INFO	replica=1	coded-hotterstuff/consensus.go:797	new block commited	{"CURRENT VIEW": 24, "view": 21, "hash": "0SZBQS4E4pFqiz2KHQNDBHMPXOkDtszRUc2EO9/2gmc="}
2022-11-27T04:56:32.285Z	DEBUG	replica=1	coded-hotterstuff/consensus.go:678	proposal is safe to vote on	{"CURRENT VIEW": 23, "msg": "proposal", "header view": 24, "prepare view": 22, "hash": "gik/jtFw93imMquZfPKd+FqganPHYY5XCcGc1OKyfB0=", "parent": "pmj4OJzIOBXqJKBq/WB/iFAMQJkaLhcosvbRgseJajI="}
Node  1 +1 block finalized at time:  2022-11-27 04:56:32.287659833 +0000 UTC m=+92.128594878
replica 1 is forwarding chunk to replica 0
replica 1 is forwarding chunk to replica 2
replica 1 is forwarding chunk to replica 3
replica 1 is forwarding chunk to replica 4
replica 1 is forwarding chunk to replica 5
replica 1 is forwarding chunk to replica 7
replica 1 is forwarding chunk to replica 8
Decoded original proposal, time: 2022-11-27 04:56:32.922680893 +0000 UTC m=+92.763615988 header hash: [166 104 248 56 156 200 56 21 234 36 160 106 253 96 127 136 80 12 64 153 26 46 23 40 178 246 209 130 199 137 106 50]
2022-11-27T04:56:32.922Z	DEBUG	replica=1	coded-hotterstuff/consensus.go:576	received proposal	{"CURRENT VIEW": 24, "msg": "proposal", "header view": 23, "prepare view": 23, "hash": "pmj4OJzIOBXqJKBq/WB/iFAMQJkaLhcosvbRgseJajI=", "parent": "7Bb+cvmJVOtnuxbz/jTx3aPFOlXYkwYfrDz8TccKono="}
2022-11-27T04:56:32.930Z	DEBUG	replica=1	coded-hotterstuff/consensus.go:667	proposal view doesn't match local view	{"CURRENT VIEW": 24, "msg": "proposal", "header view": 23, "prepare view": 23, "hash": "pmj4OJzIOBXqJKBq/WB/iFAMQJkaLhcosvbRgseJajI=", "parent": "7Bb+cvmJVOtnuxbz/jTx3aPFOlXYkwYfrDz8TccKono="}
replica 1 is forwarding chunk to replica 0
replica 1 is forwarding chunk to replica 2
replica 1 is forwarding chunk to replica 3
replica 1 is forwarding chunk to replica 4
replica 1 is forwarding chunk to replica 5
replica 1 is forwarding chunk to replica 7
replica 1 is forwarding chunk to replica 8
Decoded original proposal, time: 2022-11-27 04:56:34.23495383 +0000 UTC m=+94.075888926 header hash: [130 41 63 142 209 112 247 120 166 50 171 153 124 242 157 248 90 160 106 115 199 97 142 87 9 193 156 212 226 178 124 29]
2022-11-27T04:56:34.234Z	DEBUG	replica=1	coded-hotterstuff/consensus.go:576	received proposal	{"CURRENT VIEW": 24, "msg": "proposal", "header view": 24, "prepare view": 23, "hash": "gik/jtFw93imMquZfPKd+FqganPHYY5XCcGc1OKyfB0=", "parent": "pmj4OJzIOBXqJKBq/WB/iFAMQJkaLhcosvbRgseJajI="}
Decoded original proposal, time: 2022-11-27 04:56:35.297687659 +0000 UTC m=+95.138622757 header hash: [130 41 63 142 209 112 247 120 166 50 171 153 124 242 157 248 90 160 106 115 199 97 142 87 9 193 156 212 226 178 124 29]
2022-11-27T04:56:35.297Z	DEBUG	replica=1	coded-hotterstuff/consensus.go:576	received proposal	{"CURRENT VIEW": 24, "msg": "proposal", "header view": 24, "prepare view": 23, "hash": "gik/jtFw93imMquZfPKd+FqganPHYY5XCcGc1OKyfB0=", "parent": "pmj4OJzIOBXqJKBq/WB/iFAMQJkaLhcosvbRgseJajI="}
replica 1 is forwarding chunk to replica 0
replica 1 is forwarding chunk to replica 2
replica 1 is forwarding chunk to replica 3
replica 1 is forwarding chunk to replica 4
replica 1 is forwarding chunk to replica 5
replica 1 is forwarding chunk to replica 6
replica 1 is forwarding chunk to replica 8
Decoded original proposal, time: 2022-11-27 04:56:37.432427778 +0000 UTC m=+97.273362829 header hash: [82 12 33 240 93 197 165 1 94 69 38 44 114 111 131 23 13 53 141 22 127 230 180 195 211 17 240 209 42 66 163 191]
2022-11-27T04:56:37.432Z	DEBUG	replica=1	coded-hotterstuff/consensus.go:576	received proposal	{"CURRENT VIEW": 24, "msg": "proposal", "header view": 25, "prepare view": 23, "hash": "Ugwh8F3FpQFeRSYscm+DFw01jRZ/5rTD0xHw0SpCo78=", "parent": "gik/jtFw93imMquZfPKd+FqganPHYY5XCcGc1OKyfB0="}
2022-11-27T04:56:37.440Z	DEBUG	replica=1	coded-hotterstuff/consensus.go:809	new block certified	{"CURRENT VIEW": 24, "view": 24, "hash": "gik/jtFw93imMquZfPKd+FqganPHYY5XCcGc1OKyfB0="}
2022-11-27T04:56:37.440Z	DEBUG	replica=1	coded-hotterstuff/consensus.go:520	entered new view	{"CURRENT VIEW": 25, "view timeout": 2, "timedout": false}
2022-11-27T04:56:37.440Z	DEBUG	replica=1	coded-hotterstuff/consensus.go:788	new block locked	{"CURRENT VIEW": 25, "view": 23, "hash": "pmj4OJzIOBXqJKBq/WB/iFAMQJkaLhcosvbRgseJajI="}
2022-11-27T04:56:37.440Z	INFO	replica=1	coded-hotterstuff/consensus.go:797	new block commited	{"CURRENT VIEW": 25, "view": 22, "hash": "7Bb+cvmJVOtnuxbz/jTx3aPFOlXYkwYfrDz8TccKono="}
2022-11-27T04:56:37.442Z	DEBUG	replica=1	coded-hotterstuff/consensus.go:678	proposal is safe to vote on	{"CURRENT VIEW": 24, "msg": "proposal", "header view": 25, "prepare view": 23, "hash": "Ugwh8F3FpQFeRSYscm+DFw01jRZ/5rTD0xHw0SpCo78=", "parent": "gik/jtFw93imMquZfPKd+FqganPHYY5XCcGc1OKyfB0="}
Node  1 +1 block finalized at time:  2022-11-27 04:56:37.444859319 +0000 UTC m=+97.285794361
replica 1 is forwarding chunk to replica 0
replica 1 is forwarding chunk to replica 2
replica 1 is forwarding chunk to replica 3
replica 1 is forwarding chunk to replica 4
replica 1 is forwarding chunk to replica 5
replica 1 is forwarding chunk to replica 6
replica 1 is forwarding chunk to replica 8
replica 1 is forwarding chunk to replica 0
replica 1 is forwarding chunk to replica 2
replica 1 is forwarding chunk to replica 3
replica 1 is forwarding chunk to replica 4
replica 1 is forwarding chunk to replica 5
replica 1 is forwarding chunk to replica 6
replica 1 is forwarding chunk to replica 8
Decoded original proposal, time: 2022-11-27 04:56:38.604438766 +0000 UTC m=+98.445373858 header hash: [82 12 33 240 93 197 165 1 94 69 38 44 114 111 131 23 13 53 141 22 127 230 180 195 211 17 240 209 42 66 163 191]
2022-11-27T04:56:38.604Z	DEBUG	replica=1	coded-hotterstuff/consensus.go:576	received proposal	{"CURRENT VIEW": 25, "msg": "proposal", "header view": 25, "prepare view": 24, "hash": "Ugwh8F3FpQFeRSYscm+DFw01jRZ/5rTD0xHw0SpCo78=", "parent": "gik/jtFw93imMquZfPKd+FqganPHYY5XCcGc1OKyfB0="}
replica 1 is forwarding chunk to replica 0
replica 1 is forwarding chunk to replica 2
replica 1 is forwarding chunk to replica 3
replica 1 is forwarding chunk to replica 4
replica 1 is forwarding chunk to replica 5
replica 1 is forwarding chunk to replica 6
replica 1 is forwarding chunk to replica 7
Decoded original proposal, time: 2022-11-27 04:56:40.212964334 +0000 UTC m=+100.053899427 header hash: [82 12 33 240 93 197 165 1 94 69 38 44 114 111 131 23 13 53 141 22 127 230 180 195 211 17 240 209 42 66 163 191]
2022-11-27T04:56:40.213Z	DEBUG	replica=1	coded-hotterstuff/consensus.go:576	received proposal	{"CURRENT VIEW": 25, "msg": "proposal", "header view": 25, "prepare view": 24, "hash": "Ugwh8F3FpQFeRSYscm+DFw01jRZ/5rTD0xHw0SpCo78=", "parent": "gik/jtFw93imMquZfPKd+FqganPHYY5XCcGc1OKyfB0="}
Decoded original proposal, time: 2022-11-27 04:56:40.904372857 +0000 UTC m=+100.745307923 header hash: [4 92 222 242 88 244 7 42 136 122 14 69 49 227 58 66 22 66 11 141 253 91 119 103 62 24 21 53 219 2 9 239]
2022-11-27T04:56:40.904Z	DEBUG	replica=1	coded-hotterstuff/consensus.go:576	received proposal	{"CURRENT VIEW": 25, "msg": "proposal", "header view": 26, "prepare view": 24, "hash": "BFze8lj0ByqIeg5FMeM6QhZCC439W3dnPhgVNdsCCe8=", "parent": "Ugwh8F3FpQFeRSYscm+DFw01jRZ/5rTD0xHw0SpCo78="}
2022-11-27T04:56:40.913Z	DEBUG	replica=1	coded-hotterstuff/consensus.go:809	new block certified	{"CURRENT VIEW": 25, "view": 25, "hash": "Ugwh8F3FpQFeRSYscm+DFw01jRZ/5rTD0xHw0SpCo78="}
2022-11-27T04:56:40.913Z	DEBUG	replica=1	coded-hotterstuff/consensus.go:520	entered new view	{"CURRENT VIEW": 26, "view timeout": 2, "timedout": false}
2022-11-27T04:56:40.913Z	DEBUG	replica=1	coded-hotterstuff/consensus.go:788	new block locked	{"CURRENT VIEW": 26, "view": 24, "hash": "gik/jtFw93imMquZfPKd+FqganPHYY5XCcGc1OKyfB0="}
2022-11-27T04:56:40.913Z	INFO	replica=1	coded-hotterstuff/consensus.go:797	new block commited	{"CURRENT VIEW": 26, "view": 23, "hash": "pmj4OJzIOBXqJKBq/WB/iFAMQJkaLhcosvbRgseJajI="}
2022-11-27T04:56:40.914Z	DEBUG	replica=1	coded-hotterstuff/consensus.go:678	proposal is safe to vote on	{"CURRENT VIEW": 25, "msg": "proposal", "header view": 26, "prepare view": 24, "hash": "BFze8lj0ByqIeg5FMeM6QhZCC439W3dnPhgVNdsCCe8=", "parent": "Ugwh8F3FpQFeRSYscm+DFw01jRZ/5rTD0xHw0SpCo78="}
Node  1 +1 block finalized at time:  2022-11-27 04:56:40.91691149 +0000 UTC m=+100.757846523
replica 1 is forwarding chunk to replica 0
replica 1 is forwarding chunk to replica 2
replica 1 is forwarding chunk to replica 3
replica 1 is forwarding chunk to replica 4
replica 1 is forwarding chunk to replica 5
replica 1 is forwarding chunk to replica 6
replica 1 is forwarding chunk to replica 7
Decoded original proposal, time: 2022-11-27 04:56:42.077907509 +0000 UTC m=+101.918842602 header hash: [4 92 222 242 88 244 7 42 136 122 14 69 49 227 58 66 22 66 11 141 253 91 119 103 62 24 21 53 219 2 9 239]
2022-11-27T04:56:42.077Z	DEBUG	replica=1	coded-hotterstuff/consensus.go:576	received proposal	{"CURRENT VIEW": 26, "msg": "proposal", "header view": 26, "prepare view": 25, "hash": "BFze8lj0ByqIeg5FMeM6QhZCC439W3dnPhgVNdsCCe8=", "parent": "Ugwh8F3FpQFeRSYscm+DFw01jRZ/5rTD0xHw0SpCo78="}
replica 1 is forwarding chunk to replica 0
replica 1 is forwarding chunk to replica 2
replica 1 is forwarding chunk to replica 3
replica 1 is forwarding chunk to replica 4
replica 1 is forwarding chunk to replica 5
replica 1 is forwarding chunk to replica 6
replica 1 is forwarding chunk to replica 7
Decoded original proposal, time: 2022-11-27 04:56:43.507244951 +0000 UTC m=+103.348180047 header hash: [4 92 222 242 88 244 7 42 136 122 14 69 49 227 58 66 22 66 11 141 253 91 119 103 62 24 21 53 219 2 9 239]
2022-11-27T04:56:43.507Z	DEBUG	replica=1	coded-hotterstuff/consensus.go:576	received proposal	{"CURRENT VIEW": 26, "msg": "proposal", "header view": 26, "prepare view": 25, "hash": "BFze8lj0ByqIeg5FMeM6QhZCC439W3dnPhgVNdsCCe8=", "parent": "Ugwh8F3FpQFeRSYscm+DFw01jRZ/5rTD0xHw0SpCo78="}
