Node index: 8
[10.0.1.0:9000 10.0.1.2:9001 10.0.1.4:9002 10.0.1.6:9003 10.0.1.8:9004 10.0.1.10:9005 10.0.1.12:9006 10.0.1.14:9007 10.0.1.16:9008]
node 8 initiating connection to 10.0.1.4:9002
node 8 initiating connection to 10.0.1.0:9000
node 8 initiating connection to 10.0.1.2:9001
node 8 initiating connection to 10.0.1.8:9004
node 8 initiating connection to 10.0.1.6:9003
node 8 initiating connection to 10.0.1.10:9005
node 8 initiating connection to 10.0.1.12:9006
node 8 initiating connection to 10.0.1.14:9007
node 8 successfully initiated connection to 10.0.1.4:9002
node 8 successfully initiated connection to 10.0.1.2:9001
node 8 successfully initiated connection to 10.0.1.0:9000
node 8 successfully initiated connection to 10.0.1.12:9006
node 8 successfully initiated connection to 10.0.1.10:9005
node 8 successfully initiated connection to 10.0.1.6:9003
node 8 successfully initiated connection to 10.0.1.8:9004
node 8 successfully initiated connection to 10.0.1.14:9007
2022-11-28T17:45:56.448Z	DEBUG	replica=8	coded-hotterstuff/consensus.go:520	entered new view	{"CURRENT VIEW": 1, "view timeout": 2, "timedout": false}
connection established 8 - 2
Node  8 -->  Listening for messages... 
connection established 8 - 0
connection established 8 - 1
Node  8 -->  Listening for messages... 
Node  8 -->  Listening for messages... 
connection established 8 - 3
Node  8 -->  Listening for messages... 
connection established 8 - 6
connection established 8 - 4
Node  8 -->  Listening for messages... 
Node  8 -->  Listening for messages... 
connection established 8 - 5
Node  8 -->  Listening for messages... 
connection established 8 - 7
Node  8 -->  Listening for messages... 
replica 8 is forwarding chunk to replica 0
replica 8 is forwarding chunk to replica 2
replica 8 is forwarding chunk to replica 3
replica 8 is forwarding chunk to replica 4
replica 8 is forwarding chunk to replica 5
replica 8 is forwarding chunk to replica 6
replica 8 is forwarding chunk to replica 7
Decoded original proposal, time: 2022-11-28 17:45:58.741268754 +0000 UTC m=+2.435771030 header hash: [72 160 180 233 149 231 108 139 103 97 149 83 197 114 214 128 107 110 76 231 61 205 42 18 190 82 86 133 4 78 235 255]
2022-11-28T17:45:58.741Z	DEBUG	replica=8	coded-hotterstuff/consensus.go:576	received proposal	{"CURRENT VIEW": 1, "msg": "proposal", "header view": 1, "prepare view": 0, "hash": "SKC06ZXnbItnYZVTxXLWgGtuTOc9zSoSvlJWhQRO6/8=", "parent": "GZWDhiYW+ib6TpJWRLDOftUd8y8ovAaEerQWDbefS7c="}
2022-11-28T17:45:58.756Z	DEBUG	replica=8	coded-hotterstuff/consensus.go:777	could not find gparent header	{"CURRENT VIEW": 1, "view": 0, "hash": "GZWDhiYW+ib6TpJWRLDOftUd8y8ovAaEerQWDbefS7c="}
2022-11-28T17:45:58.761Z	DEBUG	replica=8	coded-hotterstuff/consensus.go:678	proposal is safe to vote on	{"CURRENT VIEW": 1, "msg": "proposal", "header view": 1, "prepare view": 0, "hash": "SKC06ZXnbItnYZVTxXLWgGtuTOc9zSoSvlJWhQRO6/8=", "parent": "GZWDhiYW+ib6TpJWRLDOftUd8y8ovAaEerQWDbefS7c="}
replica 8 is forwarding chunk to replica 0
replica 8 is forwarding chunk to replica 1
replica 8 is forwarding chunk to replica 3
replica 8 is forwarding chunk to replica 4
replica 8 is forwarding chunk to replica 5
replica 8 is forwarding chunk to replica 6
replica 8 is forwarding chunk to replica 7
Decoded original proposal, time: 2022-11-28 17:46:01.094090466 +0000 UTC m=+4.788592749 header hash: [112 240 93 77 174 234 64 155 158 20 106 227 158 234 134 149 230 112 20 24 127 150 17 128 149 69 129 124 42 247 80 171]
2022-11-28T17:46:01.094Z	DEBUG	replica=8	coded-hotterstuff/consensus.go:576	received proposal	{"CURRENT VIEW": 1, "msg": "proposal", "header view": 2, "prepare view": 0, "hash": "cPBdTa7qQJueFGrjnuqGleZwFBh/lhGAlUWBfCr3UKs=", "parent": "SKC06ZXnbItnYZVTxXLWgGtuTOc9zSoSvlJWhQRO6/8="}
2022-11-28T17:46:01.102Z	DEBUG	replica=8	coded-hotterstuff/consensus.go:809	new block certified	{"CURRENT VIEW": 1, "view": 1, "hash": "SKC06ZXnbItnYZVTxXLWgGtuTOc9zSoSvlJWhQRO6/8="}
2022-11-28T17:46:01.102Z	DEBUG	replica=8	coded-hotterstuff/consensus.go:520	entered new view	{"CURRENT VIEW": 2, "view timeout": 2, "timedout": false}
2022-11-28T17:46:01.102Z	DEBUG	replica=8	coded-hotterstuff/consensus.go:782	could not find ggparent header	{"CURRENT VIEW": 2, "view": 0, "hash": "GZWDhiYW+ib6TpJWRLDOftUd8y8ovAaEerQWDbefS7c="}
2022-11-28T17:46:01.106Z	DEBUG	replica=8	coded-hotterstuff/consensus.go:678	proposal is safe to vote on	{"CURRENT VIEW": 1, "msg": "proposal", "header view": 2, "prepare view": 0, "hash": "cPBdTa7qQJueFGrjnuqGleZwFBh/lhGAlUWBfCr3UKs=", "parent": "SKC06ZXnbItnYZVTxXLWgGtuTOc9zSoSvlJWhQRO6/8="}
replica 8 is forwarding chunk to replica 0
replica 8 is forwarding chunk to replica 1
replica 8 is forwarding chunk to replica 3
replica 8 is forwarding chunk to replica 4
replica 8 is forwarding chunk to replica 5
replica 8 is forwarding chunk to replica 6
replica 8 is forwarding chunk to replica 7
Decoded original proposal, time: 2022-11-28 17:46:02.151679643 +0000 UTC m=+5.846181979 header hash: [112 240 93 77 174 234 64 155 158 20 106 227 158 234 134 149 230 112 20 24 127 150 17 128 149 69 129 124 42 247 80 171]
2022-11-28T17:46:02.151Z	DEBUG	replica=8	coded-hotterstuff/consensus.go:576	received proposal	{"CURRENT VIEW": 2, "msg": "proposal", "header view": 2, "prepare view": 1, "hash": "cPBdTa7qQJueFGrjnuqGleZwFBh/lhGAlUWBfCr3UKs=", "parent": "SKC06ZXnbItnYZVTxXLWgGtuTOc9zSoSvlJWhQRO6/8="}
2022-11-28T17:46:02.159Z	DEBUG	replica=8	coded-hotterstuff/consensus.go:782	could not find ggparent header	{"CURRENT VIEW": 2, "view": 0, "hash": "GZWDhiYW+ib6TpJWRLDOftUd8y8ovAaEerQWDbefS7c="}
replica 8 is forwarding chunk to replica 0
replica 8 is forwarding chunk to replica 1
replica 8 is forwarding chunk to replica 2
replica 8 is forwarding chunk to replica 4
replica 8 is forwarding chunk to replica 5
replica 8 is forwarding chunk to replica 6
replica 8 is forwarding chunk to replica 7
Decoded original proposal, time: 2022-11-28 17:46:04.543274363 +0000 UTC m=+8.237776689 header hash: [112 177 115 22 63 1 229 2 188 132 41 134 91 243 148 216 155 140 26 48 57 5 100 136 252 109 95 105 67 73 234 227]
2022-11-28T17:46:04.543Z	DEBUG	replica=8	coded-hotterstuff/consensus.go:576	received proposal	{"CURRENT VIEW": 2, "msg": "proposal", "header view": 3, "prepare view": 1, "hash": "cLFzFj8B5QK8hCmGW/OU2JuMGjA5BWSI/G1faUNJ6uM=", "parent": "cPBdTa7qQJueFGrjnuqGleZwFBh/lhGAlUWBfCr3UKs="}
2022-11-28T17:46:04.555Z	DEBUG	replica=8	coded-hotterstuff/consensus.go:809	new block certified	{"CURRENT VIEW": 2, "view": 2, "hash": "cPBdTa7qQJueFGrjnuqGleZwFBh/lhGAlUWBfCr3UKs="}
2022-11-28T17:46:04.555Z	DEBUG	replica=8	coded-hotterstuff/consensus.go:520	entered new view	{"CURRENT VIEW": 3, "view timeout": 2, "timedout": false}
2022-11-28T17:46:04.555Z	DEBUG	replica=8	coded-hotterstuff/consensus.go:788	new block locked	{"CURRENT VIEW": 3, "view": 1, "hash": "SKC06ZXnbItnYZVTxXLWgGtuTOc9zSoSvlJWhQRO6/8="}
2022-11-28T17:46:04.557Z	DEBUG	replica=8	coded-hotterstuff/consensus.go:678	proposal is safe to vote on	{"CURRENT VIEW": 2, "msg": "proposal", "header view": 3, "prepare view": 1, "hash": "cLFzFj8B5QK8hCmGW/OU2JuMGjA5BWSI/G1faUNJ6uM=", "parent": "cPBdTa7qQJueFGrjnuqGleZwFBh/lhGAlUWBfCr3UKs="}
replica 8 is forwarding chunk to replica 0
replica 8 is forwarding chunk to replica 1
replica 8 is forwarding chunk to replica 2
replica 8 is forwarding chunk to replica 4
replica 8 is forwarding chunk to replica 5
replica 8 is forwarding chunk to replica 6
replica 8 is forwarding chunk to replica 7
replica 8 is forwarding chunk to replica 0
replica 8 is forwarding chunk to replica 1
replica 8 is forwarding chunk to replica 2
replica 8 is forwarding chunk to replica 4
replica 8 is forwarding chunk to replica 5
replica 8 is forwarding chunk to replica 6
replica 8 is forwarding chunk to replica 7
Decoded original proposal, time: 2022-11-28 17:46:05.720281586 +0000 UTC m=+9.414783867 header hash: [112 177 115 22 63 1 229 2 188 132 41 134 91 243 148 216 155 140 26 48 57 5 100 136 252 109 95 105 67 73 234 227]
2022-11-28T17:46:05.720Z	DEBUG	replica=8	coded-hotterstuff/consensus.go:576	received proposal	{"CURRENT VIEW": 3, "msg": "proposal", "header view": 3, "prepare view": 2, "hash": "cLFzFj8B5QK8hCmGW/OU2JuMGjA5BWSI/G1faUNJ6uM=", "parent": "cPBdTa7qQJueFGrjnuqGleZwFBh/lhGAlUWBfCr3UKs="}
replica 8 is forwarding chunk to replica 0
replica 8 is forwarding chunk to replica 1
replica 8 is forwarding chunk to replica 2
replica 8 is forwarding chunk to replica 3
replica 8 is forwarding chunk to replica 5
replica 8 is forwarding chunk to replica 6
replica 8 is forwarding chunk to replica 7
Decoded original proposal, time: 2022-11-28 17:46:07.095615552 +0000 UTC m=+10.790117872 header hash: [112 177 115 22 63 1 229 2 188 132 41 134 91 243 148 216 155 140 26 48 57 5 100 136 252 109 95 105 67 73 234 227]
2022-11-28T17:46:07.095Z	DEBUG	replica=8	coded-hotterstuff/consensus.go:576	received proposal	{"CURRENT VIEW": 3, "msg": "proposal", "header view": 3, "prepare view": 2, "hash": "cLFzFj8B5QK8hCmGW/OU2JuMGjA5BWSI/G1faUNJ6uM=", "parent": "cPBdTa7qQJueFGrjnuqGleZwFBh/lhGAlUWBfCr3UKs="}
replica 8 is forwarding chunk to replica 0
replica 8 is forwarding chunk to replica 1
replica 8 is forwarding chunk to replica 2
replica 8 is forwarding chunk to replica 3
replica 8 is forwarding chunk to replica 5
replica 8 is forwarding chunk to replica 6
replica 8 is forwarding chunk to replica 7
Decoded original proposal, time: 2022-11-28 17:46:08.277524406 +0000 UTC m=+11.972026678 header hash: [241 106 152 62 46 209 156 146 237 16 116 52 193 237 0 80 85 192 166 182 15 238 2 99 236 42 182 26 232 130 25 190]
2022-11-28T17:46:08.277Z	DEBUG	replica=8	coded-hotterstuff/consensus.go:576	received proposal	{"CURRENT VIEW": 3, "msg": "proposal", "header view": 4, "prepare view": 2, "hash": "8WqYPi7RnJLtEHQ0we0AUFXAprYP7gJj7Cq2GuiCGb4=", "parent": "cLFzFj8B5QK8hCmGW/OU2JuMGjA5BWSI/G1faUNJ6uM="}
2022-11-28T17:46:08.287Z	DEBUG	replica=8	coded-hotterstuff/consensus.go:809	new block certified	{"CURRENT VIEW": 3, "view": 3, "hash": "cLFzFj8B5QK8hCmGW/OU2JuMGjA5BWSI/G1faUNJ6uM="}
2022-11-28T17:46:08.287Z	DEBUG	replica=8	coded-hotterstuff/consensus.go:520	entered new view	{"CURRENT VIEW": 4, "view timeout": 2, "timedout": false}
2022-11-28T17:46:08.287Z	DEBUG	replica=8	coded-hotterstuff/consensus.go:788	new block locked	{"CURRENT VIEW": 4, "view": 2, "hash": "cPBdTa7qQJueFGrjnuqGleZwFBh/lhGAlUWBfCr3UKs="}
2022-11-28T17:46:08.287Z	INFO	replica=8	coded-hotterstuff/consensus.go:797	new block commited	{"CURRENT VIEW": 4, "view": 1, "hash": "SKC06ZXnbItnYZVTxXLWgGtuTOc9zSoSvlJWhQRO6/8="}
2022-11-28T17:46:08.291Z	DEBUG	replica=8	coded-hotterstuff/consensus.go:678	proposal is safe to vote on	{"CURRENT VIEW": 3, "msg": "proposal", "header view": 4, "prepare view": 2, "hash": "8WqYPi7RnJLtEHQ0we0AUFXAprYP7gJj7Cq2GuiCGb4=", "parent": "cLFzFj8B5QK8hCmGW/OU2JuMGjA5BWSI/G1faUNJ6uM="}
Node  8 +1 block finalized at time:  2022-11-28 17:46:08.29380541 +0000 UTC m=+11.988307682
replica 8 is forwarding chunk to replica 0
replica 8 is forwarding chunk to replica 1
replica 8 is forwarding chunk to replica 2
replica 8 is forwarding chunk to replica 3
replica 8 is forwarding chunk to replica 5
replica 8 is forwarding chunk to replica 6
replica 8 is forwarding chunk to replica 7
Decoded original proposal, time: 2022-11-28 17:46:09.496777819 +0000 UTC m=+13.191280156 header hash: [241 106 152 62 46 209 156 146 237 16 116 52 193 237 0 80 85 192 166 182 15 238 2 99 236 42 182 26 232 130 25 190]
2022-11-28T17:46:09.496Z	DEBUG	replica=8	coded-hotterstuff/consensus.go:576	received proposal	{"CURRENT VIEW": 4, "msg": "proposal", "header view": 4, "prepare view": 3, "hash": "8WqYPi7RnJLtEHQ0we0AUFXAprYP7gJj7Cq2GuiCGb4=", "parent": "cLFzFj8B5QK8hCmGW/OU2JuMGjA5BWSI/G1faUNJ6uM="}
Decoded original proposal, time: 2022-11-28 17:46:10.442005139 +0000 UTC m=+14.136507462 header hash: [241 106 152 62 46 209 156 146 237 16 116 52 193 237 0 80 85 192 166 182 15 238 2 99 236 42 182 26 232 130 25 190]
2022-11-28T17:46:10.442Z	DEBUG	replica=8	coded-hotterstuff/consensus.go:576	received proposal	{"CURRENT VIEW": 4, "msg": "proposal", "header view": 4, "prepare view": 3, "hash": "8WqYPi7RnJLtEHQ0we0AUFXAprYP7gJj7Cq2GuiCGb4=", "parent": "cLFzFj8B5QK8hCmGW/OU2JuMGjA5BWSI/G1faUNJ6uM="}
replica 8 is forwarding chunk to replica 0
replica 8 is forwarding chunk to replica 1
replica 8 is forwarding chunk to replica 2
replica 8 is forwarding chunk to replica 3
replica 8 is forwarding chunk to replica 4
replica 8 is forwarding chunk to replica 6
replica 8 is forwarding chunk to replica 7
replica 8 is forwarding chunk to replica 0
replica 8 is forwarding chunk to replica 1
replica 8 is forwarding chunk to replica 2
replica 8 is forwarding chunk to replica 3
replica 8 is forwarding chunk to replica 4
replica 8 is forwarding chunk to replica 6
replica 8 is forwarding chunk to replica 7
Decoded original proposal, time: 2022-11-28 17:46:11.662746927 +0000 UTC m=+15.357249222 header hash: [142 10 227 234 199 14 168 203 47 218 211 136 230 41 94 109 68 52 16 5 27 142 16 70 5 23 250 1 182 25 221 148]
2022-11-28T17:46:11.662Z	DEBUG	replica=8	coded-hotterstuff/consensus.go:576	received proposal	{"CURRENT VIEW": 4, "msg": "proposal", "header view": 5, "prepare view": 3, "hash": "jgrj6scOqMsv2tOI5ilebUQ0EAUbjhBGBRf6AbYZ3ZQ=", "parent": "8WqYPi7RnJLtEHQ0we0AUFXAprYP7gJj7Cq2GuiCGb4="}
2022-11-28T17:46:11.672Z	DEBUG	replica=8	coded-hotterstuff/consensus.go:809	new block certified	{"CURRENT VIEW": 4, "view": 4, "hash": "8WqYPi7RnJLtEHQ0we0AUFXAprYP7gJj7Cq2GuiCGb4="}
2022-11-28T17:46:11.672Z	DEBUG	replica=8	coded-hotterstuff/consensus.go:520	entered new view	{"CURRENT VIEW": 5, "view timeout": 2, "timedout": false}
2022-11-28T17:46:11.672Z	DEBUG	replica=8	coded-hotterstuff/consensus.go:788	new block locked	{"CURRENT VIEW": 5, "view": 3, "hash": "cLFzFj8B5QK8hCmGW/OU2JuMGjA5BWSI/G1faUNJ6uM="}
2022-11-28T17:46:11.672Z	INFO	replica=8	coded-hotterstuff/consensus.go:797	new block commited	{"CURRENT VIEW": 5, "view": 2, "hash": "cPBdTa7qQJueFGrjnuqGleZwFBh/lhGAlUWBfCr3UKs="}
2022-11-28T17:46:11.674Z	DEBUG	replica=8	coded-hotterstuff/consensus.go:678	proposal is safe to vote on	{"CURRENT VIEW": 4, "msg": "proposal", "header view": 5, "prepare view": 3, "hash": "jgrj6scOqMsv2tOI5ilebUQ0EAUbjhBGBRf6AbYZ3ZQ=", "parent": "8WqYPi7RnJLtEHQ0we0AUFXAprYP7gJj7Cq2GuiCGb4="}
Node  8 +1 block finalized at time:  2022-11-28 17:46:11.677238741 +0000 UTC m=+15.371741020
Decoded original proposal, time: 2022-11-28 17:46:12.802920788 +0000 UTC m=+16.497423069 header hash: [142 10 227 234 199 14 168 203 47 218 211 136 230 41 94 109 68 52 16 5 27 142 16 70 5 23 250 1 182 25 221 148]
2022-11-28T17:46:12.802Z	DEBUG	replica=8	coded-hotterstuff/consensus.go:576	received proposal	{"CURRENT VIEW": 5, "msg": "proposal", "header view": 5, "prepare view": 4, "hash": "jgrj6scOqMsv2tOI5ilebUQ0EAUbjhBGBRf6AbYZ3ZQ=", "parent": "8WqYPi7RnJLtEHQ0we0AUFXAprYP7gJj7Cq2GuiCGb4="}
replica 8 is forwarding chunk to replica 0
replica 8 is forwarding chunk to replica 1
replica 8 is forwarding chunk to replica 2
replica 8 is forwarding chunk to replica 3
replica 8 is forwarding chunk to replica 4
replica 8 is forwarding chunk to replica 6
replica 8 is forwarding chunk to replica 7
replica 8 is forwarding chunk to replica 0
replica 8 is forwarding chunk to replica 1
replica 8 is forwarding chunk to replica 2
replica 8 is forwarding chunk to replica 3
replica 8 is forwarding chunk to replica 4
replica 8 is forwarding chunk to replica 5
replica 8 is forwarding chunk to replica 7
replica 8 is forwarding chunk to replica 0
replica 8 is forwarding chunk to replica 1
replica 8 is forwarding chunk to replica 2
replica 8 is forwarding chunk to replica 3
replica 8 is forwarding chunk to replica 4
replica 8 is forwarding chunk to replica 5
replica 8 is forwarding chunk to replica 7
Decoded original proposal, time: 2022-11-28 17:46:14.844507868 +0000 UTC m=+18.539010208 header hash: [142 10 227 234 199 14 168 203 47 218 211 136 230 41 94 109 68 52 16 5 27 142 16 70 5 23 250 1 182 25 221 148]
2022-11-28T17:46:14.844Z	DEBUG	replica=8	coded-hotterstuff/consensus.go:576	received proposal	{"CURRENT VIEW": 5, "msg": "proposal", "header view": 5, "prepare view": 4, "hash": "jgrj6scOqMsv2tOI5ilebUQ0EAUbjhBGBRf6AbYZ3ZQ=", "parent": "8WqYPi7RnJLtEHQ0we0AUFXAprYP7gJj7Cq2GuiCGb4="}
Decoded original proposal, time: 2022-11-28 17:46:15.837073824 +0000 UTC m=+19.531576145 header hash: [144 90 124 249 42 55 49 193 182 202 159 220 172 15 148 92 178 123 123 95 139 252 214 157 36 122 219 17 149 62 178 46]
2022-11-28T17:46:15.837Z	DEBUG	replica=8	coded-hotterstuff/consensus.go:576	received proposal	{"CURRENT VIEW": 5, "msg": "proposal", "header view": 6, "prepare view": 4, "hash": "kFp8+So3McG2yp/crA+UXLJ7e1+L/NadJHrbEZU+si4=", "parent": "jgrj6scOqMsv2tOI5ilebUQ0EAUbjhBGBRf6AbYZ3ZQ="}
2022-11-28T17:46:15.847Z	DEBUG	replica=8	coded-hotterstuff/consensus.go:809	new block certified	{"CURRENT VIEW": 5, "view": 5, "hash": "jgrj6scOqMsv2tOI5ilebUQ0EAUbjhBGBRf6AbYZ3ZQ="}
2022-11-28T17:46:15.847Z	DEBUG	replica=8	coded-hotterstuff/consensus.go:520	entered new view	{"CURRENT VIEW": 6, "view timeout": 2, "timedout": false}
2022-11-28T17:46:15.847Z	DEBUG	replica=8	coded-hotterstuff/consensus.go:788	new block locked	{"CURRENT VIEW": 6, "view": 4, "hash": "8WqYPi7RnJLtEHQ0we0AUFXAprYP7gJj7Cq2GuiCGb4="}
2022-11-28T17:46:15.847Z	INFO	replica=8	coded-hotterstuff/consensus.go:797	new block commited	{"CURRENT VIEW": 6, "view": 3, "hash": "cLFzFj8B5QK8hCmGW/OU2JuMGjA5BWSI/G1faUNJ6uM="}
2022-11-28T17:46:15.849Z	DEBUG	replica=8	coded-hotterstuff/consensus.go:678	proposal is safe to vote on	{"CURRENT VIEW": 5, "msg": "proposal", "header view": 6, "prepare view": 4, "hash": "kFp8+So3McG2yp/crA+UXLJ7e1+L/NadJHrbEZU+si4=", "parent": "jgrj6scOqMsv2tOI5ilebUQ0EAUbjhBGBRf6AbYZ3ZQ="}
Node  8 +1 block finalized at time:  2022-11-28 17:46:15.852219742 +0000 UTC m=+19.546722016
Decoded original proposal, time: 2022-11-28 17:46:16.67038601 +0000 UTC m=+20.364888332 header hash: [144 90 124 249 42 55 49 193 182 202 159 220 172 15 148 92 178 123 123 95 139 252 214 157 36 122 219 17 149 62 178 46]
2022-11-28T17:46:16.670Z	DEBUG	replica=8	coded-hotterstuff/consensus.go:576	received proposal	{"CURRENT VIEW": 6, "msg": "proposal", "header view": 6, "prepare view": 5, "hash": "kFp8+So3McG2yp/crA+UXLJ7e1+L/NadJHrbEZU+si4=", "parent": "jgrj6scOqMsv2tOI5ilebUQ0EAUbjhBGBRf6AbYZ3ZQ="}
replica 8 is forwarding chunk to replica 0
replica 8 is forwarding chunk to replica 1
replica 8 is forwarding chunk to replica 2
replica 8 is forwarding chunk to replica 3
replica 8 is forwarding chunk to replica 4
replica 8 is forwarding chunk to replica 5
replica 8 is forwarding chunk to replica 6
2022-11-28T17:46:17.867Z	DEBUG	replica=8	coded-hotterstuff/consensus.go:965	received vote	{"CURRENT VIEW": 6, "msg": "vote", "voter": 7, "view": 6, "hash": "UrpGBauqox/y7djWW1+uYAk4lnjGCoti5rxDg06dPA8="}
Node  8  received vote before proposal, saving vote in pending votes, hash is  [82 186 70 5 171 170 163 31 242 237 216 214 91 95 174 96 9 56 150 120 198 10 139 98 230 188 67 131 78 157 60 15]  and string is,  7
2022-11-28T17:46:17.867Z	DEBUG	replica=8	coded-hotterstuff/consensus.go:970	Received vote before proposal, key is, 7	{"CURRENT VIEW": 6}
replica 8 is forwarding chunk to replica 0
replica 8 is forwarding chunk to replica 1
replica 8 is forwarding chunk to replica 2
replica 8 is forwarding chunk to replica 3
replica 8 is forwarding chunk to replica 4
replica 8 is forwarding chunk to replica 5
replica 8 is forwarding chunk to replica 6
Decoded original proposal, time: 2022-11-28 17:46:19.263788674 +0000 UTC m=+22.958291001 header hash: [82 186 70 5 171 170 163 31 242 237 216 214 91 95 174 96 9 56 150 120 198 10 139 98 230 188 67 131 78 157 60 15]
2022-11-28T17:46:19.263Z	DEBUG	replica=8	coded-hotterstuff/consensus.go:576	received proposal	{"CURRENT VIEW": 6, "msg": "proposal", "header view": 7, "prepare view": 5, "hash": "UrpGBauqox/y7djWW1+uYAk4lnjGCoti5rxDg06dPA8=", "parent": "kFp8+So3McG2yp/crA+UXLJ7e1+L/NadJHrbEZU+si4="}
2022-11-28T17:46:19.271Z	DEBUG	replica=8	coded-hotterstuff/consensus.go:809	new block certified	{"CURRENT VIEW": 6, "view": 6, "hash": "kFp8+So3McG2yp/crA+UXLJ7e1+L/NadJHrbEZU+si4="}
2022-11-28T17:46:19.271Z	DEBUG	replica=8	coded-hotterstuff/consensus.go:520	entered new view	{"CURRENT VIEW": 7, "view timeout": 2, "timedout": false}
2022-11-28T17:46:19.271Z	DEBUG	replica=8	coded-hotterstuff/consensus.go:535	replica is a leader for next view. collecting new-view messages	{"CURRENT VIEW": 7}
2022-11-28T17:46:19.271Z	DEBUG	replica=8	coded-hotterstuff/consensus.go:788	new block locked	{"CURRENT VIEW": 7, "view": 5, "hash": "jgrj6scOqMsv2tOI5ilebUQ0EAUbjhBGBRf6AbYZ3ZQ="}
2022-11-28T17:46:19.272Z	INFO	replica=8	coded-hotterstuff/consensus.go:797	new block commited	{"CURRENT VIEW": 7, "view": 4, "hash": "8WqYPi7RnJLtEHQ0we0AUFXAprYP7gJj7Cq2GuiCGb4="}
2022-11-28T17:46:19.275Z	DEBUG	replica=8	coded-hotterstuff/consensus.go:678	proposal is safe to vote on	{"CURRENT VIEW": 6, "msg": "proposal", "header view": 7, "prepare view": 5, "hash": "UrpGBauqox/y7djWW1+uYAk4lnjGCoti5rxDg06dPA8=", "parent": "kFp8+So3McG2yp/crA+UXLJ7e1+L/NadJHrbEZU+si4="}
2022-11-28T17:46:19.275Z	DEBUG	replica=8	coded-hotterstuff/consensus.go:758	Taking care of pending vote 7	{"CURRENT VIEW": 7}
2022-11-28T17:46:19.275Z	DEBUG	replica=8	coded-hotterstuff/consensus.go:965	received vote	{"CURRENT VIEW": 7, "msg": "vote", "voter": 7, "view": 7, "hash": "UrpGBauqox/y7djWW1+uYAk4lnjGCoti5rxDg06dPA8="}
2022-11-28T17:46:19.281Z	DEBUG	replica=8	coded-hotterstuff/consensus.go:965	received vote	{"CURRENT VIEW": 7, "msg": "vote", "voter": 8, "view": 7, "hash": "UrpGBauqox/y7djWW1+uYAk4lnjGCoti5rxDg06dPA8="}
2022-11-28T17:46:19.286Z	DEBUG	replica=8	coded-hotterstuff/consensus.go:965	received vote	{"CURRENT VIEW": 7, "msg": "vote", "voter": 4, "view": 7, "hash": "UrpGBauqox/y7djWW1+uYAk4lnjGCoti5rxDg06dPA8="}
2022-11-28T17:46:19.291Z	DEBUG	replica=8	coded-hotterstuff/consensus.go:965	received vote	{"CURRENT VIEW": 7, "msg": "vote", "voter": 1, "view": 7, "hash": "UrpGBauqox/y7djWW1+uYAk4lnjGCoti5rxDg06dPA8="}
Node  8 +1 block finalized at time:  2022-11-28 17:46:19.2971559 +0000 UTC m=+22.991658167
2022-11-28T17:46:19.361Z	DEBUG	replica=8	coded-hotterstuff/consensus.go:965	received vote	{"CURRENT VIEW": 7, "msg": "vote", "voter": 0, "view": 7, "hash": "UrpGBauqox/y7djWW1+uYAk4lnjGCoti5rxDg06dPA8="}
2022-11-28T17:46:19.720Z	DEBUG	replica=8	coded-hotterstuff/consensus.go:965	received vote	{"CURRENT VIEW": 7, "msg": "vote", "voter": 2, "view": 7, "hash": "UrpGBauqox/y7djWW1+uYAk4lnjGCoti5rxDg06dPA8="}
2022-11-28T17:46:19.803Z	DEBUG	replica=8	coded-hotterstuff/consensus.go:965	received vote	{"CURRENT VIEW": 7, "msg": "vote", "voter": 3, "view": 7, "hash": "UrpGBauqox/y7djWW1+uYAk4lnjGCoti5rxDg06dPA8="}
2022-11-28T17:46:19.808Z	DEBUG	replica=8	coded-hotterstuff/consensus.go:809	new block certified	{"CURRENT VIEW": 7, "view": 7, "hash": "UrpGBauqox/y7djWW1+uYAk4lnjGCoti5rxDg06dPA8="}
2022-11-28T17:46:19.808Z	DEBUG	replica=8	coded-hotterstuff/consensus.go:520	entered new view	{"CURRENT VIEW": 8, "view timeout": 2, "timedout": false}
2022-11-28T17:46:19.808Z	DEBUG	replica=8	coded-hotterstuff/consensus.go:544	replica is a leader for this view. waiting for data	{"CURRENT VIEW": 8}
2022-11-28T17:46:19.808Z	DEBUG	replica=8	coded-hotterstuff/consensus.go:520	entered new view	{"CURRENT VIEW": 8, "view timeout": 2, "timedout": false}
2022-11-28T17:46:19.808Z	DEBUG	replica=8	coded-hotterstuff/consensus.go:544	replica is a leader for this view. waiting for data	{"CURRENT VIEW": 8}
2022-11-28T17:46:19.812Z	DEBUG	replica=8	coded-hotterstuff/consensus.go:238	sending proposal	{"CURRENT VIEW": 8, "hash": "CdTNHG77L/KNb6fxbFkMI5vefUtOuAcj6xhNSmb/gws=", "parent": "UrpGBauqox/y7djWW1+uYAk4lnjGCoti5rxDg06dPA8=", "signer": 8}
2022-11-28T17:46:19.814Z	DEBUG	replica=8	coded-hotterstuff/consensus.go:576	received proposal	{"CURRENT VIEW": 8, "msg": "proposal", "header view": 8, "prepare view": 7, "hash": "CdTNHG77L/KNb6fxbFkMI5vefUtOuAcj6xhNSmb/gws=", "parent": "UrpGBauqox/y7djWW1+uYAk4lnjGCoti5rxDg06dPA8="}
2022-11-28T17:46:19.822Z	DEBUG	replica=8	coded-hotterstuff/consensus.go:788	new block locked	{"CURRENT VIEW": 8, "view": 6, "hash": "kFp8+So3McG2yp/crA+UXLJ7e1+L/NadJHrbEZU+si4="}
2022-11-28T17:46:19.822Z	INFO	replica=8	coded-hotterstuff/consensus.go:797	new block commited	{"CURRENT VIEW": 8, "view": 5, "hash": "jgrj6scOqMsv2tOI5ilebUQ0EAUbjhBGBRf6AbYZ3ZQ="}
2022-11-28T17:46:19.823Z	DEBUG	replica=8	coded-hotterstuff/consensus.go:678	proposal is safe to vote on	{"CURRENT VIEW": 8, "msg": "proposal", "header view": 8, "prepare view": 7, "hash": "CdTNHG77L/KNb6fxbFkMI5vefUtOuAcj6xhNSmb/gws=", "parent": "UrpGBauqox/y7djWW1+uYAk4lnjGCoti5rxDg06dPA8="}
Node  8 +1 block finalized at time:  2022-11-28 17:46:19.826110677 +0000 UTC m=+23.520612950
2022-11-28T17:46:19.903Z	DEBUG	replica=8	coded-hotterstuff/consensus.go:965	received vote	{"CURRENT VIEW": 8, "msg": "vote", "voter": 6, "view": 8, "hash": "UrpGBauqox/y7djWW1+uYAk4lnjGCoti5rxDg06dPA8="}
2022-11-28T17:46:19.908Z	DEBUG	replica=8	coded-hotterstuff/consensus.go:520	entered new view	{"CURRENT VIEW": 8, "view timeout": 2, "timedout": false}
2022-11-28T17:46:19.908Z	DEBUG	replica=8	coded-hotterstuff/consensus.go:544	replica is a leader for this view. waiting for data	{"CURRENT VIEW": 8}
2022-11-28T17:46:19.911Z	DEBUG	replica=8	coded-hotterstuff/consensus.go:238	sending proposal	{"CURRENT VIEW": 8, "hash": "CdTNHG77L/KNb6fxbFkMI5vefUtOuAcj6xhNSmb/gws=", "parent": "UrpGBauqox/y7djWW1+uYAk4lnjGCoti5rxDg06dPA8=", "signer": 8}
2022-11-28T17:46:19.912Z	DEBUG	replica=8	coded-hotterstuff/consensus.go:576	received proposal	{"CURRENT VIEW": 8, "msg": "proposal", "header view": 8, "prepare view": 7, "hash": "CdTNHG77L/KNb6fxbFkMI5vefUtOuAcj6xhNSmb/gws=", "parent": "UrpGBauqox/y7djWW1+uYAk4lnjGCoti5rxDg06dPA8="}
2022-11-28T17:46:19.921Z	DEBUG	replica=8	coded-hotterstuff/consensus.go:965	received vote	{"CURRENT VIEW": 8, "msg": "vote", "voter": 5, "view": 8, "hash": "UrpGBauqox/y7djWW1+uYAk4lnjGCoti5rxDg06dPA8="}
2022-11-28T17:46:19.926Z	DEBUG	replica=8	coded-hotterstuff/consensus.go:520	entered new view	{"CURRENT VIEW": 8, "view timeout": 2, "timedout": false}
2022-11-28T17:46:19.926Z	DEBUG	replica=8	coded-hotterstuff/consensus.go:544	replica is a leader for this view. waiting for data	{"CURRENT VIEW": 8}
2022-11-28T17:46:19.930Z	DEBUG	replica=8	coded-hotterstuff/consensus.go:238	sending proposal	{"CURRENT VIEW": 8, "hash": "CdTNHG77L/KNb6fxbFkMI5vefUtOuAcj6xhNSmb/gws=", "parent": "UrpGBauqox/y7djWW1+uYAk4lnjGCoti5rxDg06dPA8=", "signer": 8}
2022-11-28T17:46:19.931Z	DEBUG	replica=8	coded-hotterstuff/consensus.go:576	received proposal	{"CURRENT VIEW": 8, "msg": "proposal", "header view": 8, "prepare view": 7, "hash": "CdTNHG77L/KNb6fxbFkMI5vefUtOuAcj6xhNSmb/gws=", "parent": "UrpGBauqox/y7djWW1+uYAk4lnjGCoti5rxDg06dPA8="}
replica 8 is forwarding chunk to replica 0
replica 8 is forwarding chunk to replica 1
replica 8 is forwarding chunk to replica 2
replica 8 is forwarding chunk to replica 3
replica 8 is forwarding chunk to replica 4
replica 8 is forwarding chunk to replica 5
replica 8 is forwarding chunk to replica 6
Decoded original proposal, time: 2022-11-28 17:46:20.409369944 +0000 UTC m=+24.103872266 header hash: [82 186 70 5 171 170 163 31 242 237 216 214 91 95 174 96 9 56 150 120 198 10 139 98 230 188 67 131 78 157 60 15]
2022-11-28T17:46:20.409Z	DEBUG	replica=8	coded-hotterstuff/consensus.go:576	received proposal	{"CURRENT VIEW": 8, "msg": "proposal", "header view": 7, "prepare view": 7, "hash": "UrpGBauqox/y7djWW1+uYAk4lnjGCoti5rxDg06dPA8=", "parent": "kFp8+So3McG2yp/crA+UXLJ7e1+L/NadJHrbEZU+si4="}
2022-11-28T17:46:20.420Z	DEBUG	replica=8	coded-hotterstuff/consensus.go:667	proposal view doesn't match local view	{"CURRENT VIEW": 8, "msg": "proposal", "header view": 7, "prepare view": 7, "hash": "UrpGBauqox/y7djWW1+uYAk4lnjGCoti5rxDg06dPA8=", "parent": "kFp8+So3McG2yp/crA+UXLJ7e1+L/NadJHrbEZU+si4="}
Decoded original proposal, time: 2022-11-28 17:46:21.639170773 +0000 UTC m=+25.333673101 header hash: [82 186 70 5 171 170 163 31 242 237 216 214 91 95 174 96 9 56 150 120 198 10 139 98 230 188 67 131 78 157 60 15]
2022-11-28T17:46:21.639Z	DEBUG	replica=8	coded-hotterstuff/consensus.go:576	received proposal	{"CURRENT VIEW": 8, "msg": "proposal", "header view": 7, "prepare view": 7, "hash": "UrpGBauqox/y7djWW1+uYAk4lnjGCoti5rxDg06dPA8=", "parent": "kFp8+So3McG2yp/crA+UXLJ7e1+L/NadJHrbEZU+si4="}
2022-11-28T17:46:21.646Z	DEBUG	replica=8	coded-hotterstuff/consensus.go:667	proposal view doesn't match local view	{"CURRENT VIEW": 8, "msg": "proposal", "header view": 7, "prepare view": 7, "hash": "UrpGBauqox/y7djWW1+uYAk4lnjGCoti5rxDg06dPA8=", "parent": "kFp8+So3McG2yp/crA+UXLJ7e1+L/NadJHrbEZU+si4="}
replica 8 is forwarding chunk to replica 1
replica 8 is forwarding chunk to replica 2
replica 8 is forwarding chunk to replica 3
replica 8 is forwarding chunk to replica 4
replica 8 is forwarding chunk to replica 5
replica 8 is forwarding chunk to replica 6
replica 8 is forwarding chunk to replica 7
replica 8 is forwarding chunk to replica 1
replica 8 is forwarding chunk to replica 2
replica 8 is forwarding chunk to replica 3
replica 8 is forwarding chunk to replica 4
replica 8 is forwarding chunk to replica 5
replica 8 is forwarding chunk to replica 6
replica 8 is forwarding chunk to replica 7
Decoded original proposal, time: 2022-11-28 17:46:25.892249983 +0000 UTC m=+29.586752305 header hash: [75 152 239 23 193 229 152 187 193 198 49 17 94 0 66 98 109 76 252 99 208 6 227 177 121 255 81 193 174 84 93 16]
2022-11-28T17:46:25.892Z	DEBUG	replica=8	coded-hotterstuff/consensus.go:576	received proposal	{"CURRENT VIEW": 8, "msg": "proposal", "header view": 9, "prepare view": 7, "hash": "S5jvF8HlmLvBxjERXgBCYm1M/GPQBuOxef9Rwa5UXRA=", "parent": "CdTNHG77L/KNb6fxbFkMI5vefUtOuAcj6xhNSmb/gws="}
2022-11-28T17:46:25.900Z	DEBUG	replica=8	coded-hotterstuff/consensus.go:809	new block certified	{"CURRENT VIEW": 8, "view": 8, "hash": "CdTNHG77L/KNb6fxbFkMI5vefUtOuAcj6xhNSmb/gws="}
2022-11-28T17:46:25.900Z	DEBUG	replica=8	coded-hotterstuff/consensus.go:520	entered new view	{"CURRENT VIEW": 9, "view timeout": 2, "timedout": false}
2022-11-28T17:46:25.900Z	DEBUG	replica=8	coded-hotterstuff/consensus.go:788	new block locked	{"CURRENT VIEW": 9, "view": 7, "hash": "UrpGBauqox/y7djWW1+uYAk4lnjGCoti5rxDg06dPA8="}
2022-11-28T17:46:25.900Z	INFO	replica=8	coded-hotterstuff/consensus.go:797	new block commited	{"CURRENT VIEW": 9, "view": 6, "hash": "kFp8+So3McG2yp/crA+UXLJ7e1+L/NadJHrbEZU+si4="}
2022-11-28T17:46:25.903Z	DEBUG	replica=8	coded-hotterstuff/consensus.go:678	proposal is safe to vote on	{"CURRENT VIEW": 8, "msg": "proposal", "header view": 9, "prepare view": 7, "hash": "S5jvF8HlmLvBxjERXgBCYm1M/GPQBuOxef9Rwa5UXRA=", "parent": "CdTNHG77L/KNb6fxbFkMI5vefUtOuAcj6xhNSmb/gws="}
Node  8 +1 block finalized at time:  2022-11-28 17:46:25.905043289 +0000 UTC m=+29.599545571
Decoded original proposal, time: 2022-11-28 17:46:27.004810781 +0000 UTC m=+30.699313080 header hash: [75 152 239 23 193 229 152 187 193 198 49 17 94 0 66 98 109 76 252 99 208 6 227 177 121 255 81 193 174 84 93 16]
2022-11-28T17:46:27.004Z	DEBUG	replica=8	coded-hotterstuff/consensus.go:576	received proposal	{"CURRENT VIEW": 9, "msg": "proposal", "header view": 9, "prepare view": 8, "hash": "S5jvF8HlmLvBxjERXgBCYm1M/GPQBuOxef9Rwa5UXRA=", "parent": "CdTNHG77L/KNb6fxbFkMI5vefUtOuAcj6xhNSmb/gws="}
replica 8 is forwarding chunk to replica 1
replica 8 is forwarding chunk to replica 2
replica 8 is forwarding chunk to replica 3
replica 8 is forwarding chunk to replica 4
replica 8 is forwarding chunk to replica 5
replica 8 is forwarding chunk to replica 6
replica 8 is forwarding chunk to replica 7
replica 8 is forwarding chunk to replica 0
replica 8 is forwarding chunk to replica 2
replica 8 is forwarding chunk to replica 3
replica 8 is forwarding chunk to replica 4
replica 8 is forwarding chunk to replica 5
replica 8 is forwarding chunk to replica 6
replica 8 is forwarding chunk to replica 7
Decoded original proposal, time: 2022-11-28 17:46:28.942087443 +0000 UTC m=+32.636589718 header hash: [75 152 239 23 193 229 152 187 193 198 49 17 94 0 66 98 109 76 252 99 208 6 227 177 121 255 81 193 174 84 93 16]
2022-11-28T17:46:28.942Z	DEBUG	replica=8	coded-hotterstuff/consensus.go:576	received proposal	{"CURRENT VIEW": 9, "msg": "proposal", "header view": 9, "prepare view": 8, "hash": "S5jvF8HlmLvBxjERXgBCYm1M/GPQBuOxef9Rwa5UXRA=", "parent": "CdTNHG77L/KNb6fxbFkMI5vefUtOuAcj6xhNSmb/gws="}
Decoded original proposal, time: 2022-11-28 17:46:30.047970703 +0000 UTC m=+33.742473030 header hash: [27 41 162 234 216 56 3 146 217 203 198 162 48 110 164 219 109 81 22 147 45 180 199 35 245 217 107 204 240 129 84 110]
2022-11-28T17:46:30.048Z	DEBUG	replica=8	coded-hotterstuff/consensus.go:576	received proposal	{"CURRENT VIEW": 9, "msg": "proposal", "header view": 10, "prepare view": 8, "hash": "Gymi6tg4A5LZy8aiMG6k221RFpMttMcj9dlrzPCBVG4=", "parent": "S5jvF8HlmLvBxjERXgBCYm1M/GPQBuOxef9Rwa5UXRA="}
2022-11-28T17:46:30.058Z	DEBUG	replica=8	coded-hotterstuff/consensus.go:809	new block certified	{"CURRENT VIEW": 9, "view": 9, "hash": "S5jvF8HlmLvBxjERXgBCYm1M/GPQBuOxef9Rwa5UXRA="}
2022-11-28T17:46:30.058Z	DEBUG	replica=8	coded-hotterstuff/consensus.go:520	entered new view	{"CURRENT VIEW": 10, "view timeout": 2, "timedout": false}
2022-11-28T17:46:30.058Z	DEBUG	replica=8	coded-hotterstuff/consensus.go:788	new block locked	{"CURRENT VIEW": 10, "view": 8, "hash": "CdTNHG77L/KNb6fxbFkMI5vefUtOuAcj6xhNSmb/gws="}
2022-11-28T17:46:30.058Z	INFO	replica=8	coded-hotterstuff/consensus.go:797	new block commited	{"CURRENT VIEW": 10, "view": 7, "hash": "UrpGBauqox/y7djWW1+uYAk4lnjGCoti5rxDg06dPA8="}
2022-11-28T17:46:30.060Z	DEBUG	replica=8	coded-hotterstuff/consensus.go:678	proposal is safe to vote on	{"CURRENT VIEW": 9, "msg": "proposal", "header view": 10, "prepare view": 8, "hash": "Gymi6tg4A5LZy8aiMG6k221RFpMttMcj9dlrzPCBVG4=", "parent": "S5jvF8HlmLvBxjERXgBCYm1M/GPQBuOxef9Rwa5UXRA="}
Node  8 +1 block finalized at time:  2022-11-28 17:46:30.062454675 +0000 UTC m=+33.756956949
replica 8 is forwarding chunk to replica 0
replica 8 is forwarding chunk to replica 2
replica 8 is forwarding chunk to replica 3
replica 8 is forwarding chunk to replica 4
replica 8 is forwarding chunk to replica 5
replica 8 is forwarding chunk to replica 6
replica 8 is forwarding chunk to replica 7
Decoded original proposal, time: 2022-11-28 17:46:30.995564413 +0000 UTC m=+34.690066734 header hash: [27 41 162 234 216 56 3 146 217 203 198 162 48 110 164 219 109 81 22 147 45 180 199 35 245 217 107 204 240 129 84 110]
2022-11-28T17:46:30.995Z	DEBUG	replica=8	coded-hotterstuff/consensus.go:576	received proposal	{"CURRENT VIEW": 10, "msg": "proposal", "header view": 10, "prepare view": 9, "hash": "Gymi6tg4A5LZy8aiMG6k221RFpMttMcj9dlrzPCBVG4=", "parent": "S5jvF8HlmLvBxjERXgBCYm1M/GPQBuOxef9Rwa5UXRA="}
replica 8 is forwarding chunk to replica 0
replica 8 is forwarding chunk to replica 1
replica 8 is forwarding chunk to replica 3
replica 8 is forwarding chunk to replica 4
replica 8 is forwarding chunk to replica 5
replica 8 is forwarding chunk to replica 6
replica 8 is forwarding chunk to replica 7
Decoded original proposal, time: 2022-11-28 17:46:33.045036868 +0000 UTC m=+36.739539190 header hash: [36 112 202 110 235 231 254 169 68 108 200 133 25 89 215 19 188 251 85 241 73 155 115 67 11 176 16 17 106 100 183 124]
2022-11-28T17:46:33.045Z	DEBUG	replica=8	coded-hotterstuff/consensus.go:576	received proposal	{"CURRENT VIEW": 10, "msg": "proposal", "header view": 11, "prepare view": 9, "hash": "JHDKbuvn/qlEbMiFGVnXE7z7VfFJm3NDC7AQEWpkt3w=", "parent": "Gymi6tg4A5LZy8aiMG6k221RFpMttMcj9dlrzPCBVG4="}
2022-11-28T17:46:33.052Z	DEBUG	replica=8	coded-hotterstuff/consensus.go:809	new block certified	{"CURRENT VIEW": 10, "view": 10, "hash": "Gymi6tg4A5LZy8aiMG6k221RFpMttMcj9dlrzPCBVG4="}
2022-11-28T17:46:33.052Z	DEBUG	replica=8	coded-hotterstuff/consensus.go:520	entered new view	{"CURRENT VIEW": 11, "view timeout": 2, "timedout": false}
2022-11-28T17:46:33.052Z	DEBUG	replica=8	coded-hotterstuff/consensus.go:788	new block locked	{"CURRENT VIEW": 11, "view": 9, "hash": "S5jvF8HlmLvBxjERXgBCYm1M/GPQBuOxef9Rwa5UXRA="}
2022-11-28T17:46:33.052Z	INFO	replica=8	coded-hotterstuff/consensus.go:797	new block commited	{"CURRENT VIEW": 11, "view": 8, "hash": "CdTNHG77L/KNb6fxbFkMI5vefUtOuAcj6xhNSmb/gws="}
2022-11-28T17:46:33.053Z	DEBUG	replica=8	coded-hotterstuff/consensus.go:678	proposal is safe to vote on	{"CURRENT VIEW": 10, "msg": "proposal", "header view": 11, "prepare view": 9, "hash": "JHDKbuvn/qlEbMiFGVnXE7z7VfFJm3NDC7AQEWpkt3w=", "parent": "Gymi6tg4A5LZy8aiMG6k221RFpMttMcj9dlrzPCBVG4="}
Node  8 +1 block finalized at time:  2022-11-28 17:46:33.055096547 +0000 UTC m=+36.749598807
replica 8 is forwarding chunk to replica 0
replica 8 is forwarding chunk to replica 1
replica 8 is forwarding chunk to replica 3
replica 8 is forwarding chunk to replica 4
replica 8 is forwarding chunk to replica 5
replica 8 is forwarding chunk to replica 6
replica 8 is forwarding chunk to replica 7
Decoded original proposal, time: 2022-11-28 17:46:34.203764536 +0000 UTC m=+37.898266856 header hash: [36 112 202 110 235 231 254 169 68 108 200 133 25 89 215 19 188 251 85 241 73 155 115 67 11 176 16 17 106 100 183 124]
2022-11-28T17:46:34.203Z	DEBUG	replica=8	coded-hotterstuff/consensus.go:576	received proposal	{"CURRENT VIEW": 11, "msg": "proposal", "header view": 11, "prepare view": 10, "hash": "JHDKbuvn/qlEbMiFGVnXE7z7VfFJm3NDC7AQEWpkt3w=", "parent": "Gymi6tg4A5LZy8aiMG6k221RFpMttMcj9dlrzPCBVG4="}
replica 8 is forwarding chunk to replica 0
replica 8 is forwarding chunk to replica 1
replica 8 is forwarding chunk to replica 2
replica 8 is forwarding chunk to replica 4
replica 8 is forwarding chunk to replica 5
replica 8 is forwarding chunk to replica 6
replica 8 is forwarding chunk to replica 7
Decoded original proposal, time: 2022-11-28 17:46:36.169484759 +0000 UTC m=+39.863987082 header hash: [225 164 165 204 236 180 59 151 178 38 118 190 136 53 193 22 146 46 81 162 175 160 6 50 132 174 159 221 166 0 223 96]
2022-11-28T17:46:36.169Z	DEBUG	replica=8	coded-hotterstuff/consensus.go:576	received proposal	{"CURRENT VIEW": 11, "msg": "proposal", "header view": 12, "prepare view": 10, "hash": "4aSlzOy0O5eyJna+iDXBFpIuUaKvoAYyhK6f3aYA32A=", "parent": "JHDKbuvn/qlEbMiFGVnXE7z7VfFJm3NDC7AQEWpkt3w="}
2022-11-28T17:46:36.177Z	DEBUG	replica=8	coded-hotterstuff/consensus.go:809	new block certified	{"CURRENT VIEW": 11, "view": 11, "hash": "JHDKbuvn/qlEbMiFGVnXE7z7VfFJm3NDC7AQEWpkt3w="}
2022-11-28T17:46:36.177Z	DEBUG	replica=8	coded-hotterstuff/consensus.go:520	entered new view	{"CURRENT VIEW": 12, "view timeout": 2, "timedout": false}
2022-11-28T17:46:36.178Z	DEBUG	replica=8	coded-hotterstuff/consensus.go:788	new block locked	{"CURRENT VIEW": 12, "view": 10, "hash": "Gymi6tg4A5LZy8aiMG6k221RFpMttMcj9dlrzPCBVG4="}
2022-11-28T17:46:36.178Z	INFO	replica=8	coded-hotterstuff/consensus.go:797	new block commited	{"CURRENT VIEW": 12, "view": 9, "hash": "S5jvF8HlmLvBxjERXgBCYm1M/GPQBuOxef9Rwa5UXRA="}
2022-11-28T17:46:36.179Z	DEBUG	replica=8	coded-hotterstuff/consensus.go:678	proposal is safe to vote on	{"CURRENT VIEW": 11, "msg": "proposal", "header view": 12, "prepare view": 10, "hash": "4aSlzOy0O5eyJna+iDXBFpIuUaKvoAYyhK6f3aYA32A=", "parent": "JHDKbuvn/qlEbMiFGVnXE7z7VfFJm3NDC7AQEWpkt3w="}
Node  8 +1 block finalized at time:  2022-11-28 17:46:36.181263617 +0000 UTC m=+39.875765892
replica 8 is forwarding chunk to replica 0
replica 8 is forwarding chunk to replica 1
replica 8 is forwarding chunk to replica 2
replica 8 is forwarding chunk to replica 4
replica 8 is forwarding chunk to replica 5
replica 8 is forwarding chunk to replica 6
replica 8 is forwarding chunk to replica 7
Decoded original proposal, time: 2022-11-28 17:46:37.643782342 +0000 UTC m=+41.338284672 header hash: [225 164 165 204 236 180 59 151 178 38 118 190 136 53 193 22 146 46 81 162 175 160 6 50 132 174 159 221 166 0 223 96]
2022-11-28T17:46:37.643Z	DEBUG	replica=8	coded-hotterstuff/consensus.go:576	received proposal	{"CURRENT VIEW": 12, "msg": "proposal", "header view": 12, "prepare view": 11, "hash": "4aSlzOy0O5eyJna+iDXBFpIuUaKvoAYyhK6f3aYA32A=", "parent": "JHDKbuvn/qlEbMiFGVnXE7z7VfFJm3NDC7AQEWpkt3w="}
replica 8 is forwarding chunk to replica 0
replica 8 is forwarding chunk to replica 1
replica 8 is forwarding chunk to replica 2
replica 8 is forwarding chunk to replica 4
replica 8 is forwarding chunk to replica 5
replica 8 is forwarding chunk to replica 6
replica 8 is forwarding chunk to replica 7
Decoded original proposal, time: 2022-11-28 17:46:38.583307698 +0000 UTC m=+42.277810024 header hash: [225 164 165 204 236 180 59 151 178 38 118 190 136 53 193 22 146 46 81 162 175 160 6 50 132 174 159 221 166 0 223 96]
2022-11-28T17:46:38.583Z	DEBUG	replica=8	coded-hotterstuff/consensus.go:576	received proposal	{"CURRENT VIEW": 12, "msg": "proposal", "header view": 12, "prepare view": 11, "hash": "4aSlzOy0O5eyJna+iDXBFpIuUaKvoAYyhK6f3aYA32A=", "parent": "JHDKbuvn/qlEbMiFGVnXE7z7VfFJm3NDC7AQEWpkt3w="}
replica 8 is forwarding chunk to replica 0
replica 8 is forwarding chunk to replica 1
replica 8 is forwarding chunk to replica 2
replica 8 is forwarding chunk to replica 3
replica 8 is forwarding chunk to replica 5
replica 8 is forwarding chunk to replica 6
replica 8 is forwarding chunk to replica 7
Decoded original proposal, time: 2022-11-28 17:46:39.600583494 +0000 UTC m=+43.295085776 header hash: [55 71 12 88 170 89 30 100 228 23 243 137 27 6 133 29 78 24 217 198 107 27 88 123 223 127 133 219 145 253 87 161]
2022-11-28T17:46:39.600Z	DEBUG	replica=8	coded-hotterstuff/consensus.go:576	received proposal	{"CURRENT VIEW": 12, "msg": "proposal", "header view": 13, "prepare view": 11, "hash": "N0cMWKpZHmTkF/OJGwaFHU4Y2cZrG1h733+F25H9V6E=", "parent": "4aSlzOy0O5eyJna+iDXBFpIuUaKvoAYyhK6f3aYA32A="}
2022-11-28T17:46:39.610Z	DEBUG	replica=8	coded-hotterstuff/consensus.go:809	new block certified	{"CURRENT VIEW": 12, "view": 12, "hash": "4aSlzOy0O5eyJna+iDXBFpIuUaKvoAYyhK6f3aYA32A="}
2022-11-28T17:46:39.610Z	DEBUG	replica=8	coded-hotterstuff/consensus.go:520	entered new view	{"CURRENT VIEW": 13, "view timeout": 2, "timedout": false}
2022-11-28T17:46:39.610Z	DEBUG	replica=8	coded-hotterstuff/consensus.go:788	new block locked	{"CURRENT VIEW": 13, "view": 11, "hash": "JHDKbuvn/qlEbMiFGVnXE7z7VfFJm3NDC7AQEWpkt3w="}
2022-11-28T17:46:39.610Z	INFO	replica=8	coded-hotterstuff/consensus.go:797	new block commited	{"CURRENT VIEW": 13, "view": 10, "hash": "Gymi6tg4A5LZy8aiMG6k221RFpMttMcj9dlrzPCBVG4="}
2022-11-28T17:46:39.612Z	DEBUG	replica=8	coded-hotterstuff/consensus.go:678	proposal is safe to vote on	{"CURRENT VIEW": 12, "msg": "proposal", "header view": 13, "prepare view": 11, "hash": "N0cMWKpZHmTkF/OJGwaFHU4Y2cZrG1h733+F25H9V6E=", "parent": "4aSlzOy0O5eyJna+iDXBFpIuUaKvoAYyhK6f3aYA32A="}
Node  8 +1 block finalized at time:  2022-11-28 17:46:39.61485446 +0000 UTC m=+43.309356721
replica 8 is forwarding chunk to replica 0
replica 8 is forwarding chunk to replica 1
replica 8 is forwarding chunk to replica 2
replica 8 is forwarding chunk to replica 3
replica 8 is forwarding chunk to replica 5
replica 8 is forwarding chunk to replica 6
replica 8 is forwarding chunk to replica 7
Decoded original proposal, time: 2022-11-28 17:46:40.874706565 +0000 UTC m=+44.569208887 header hash: [55 71 12 88 170 89 30 100 228 23 243 137 27 6 133 29 78 24 217 198 107 27 88 123 223 127 133 219 145 253 87 161]
2022-11-28T17:46:40.874Z	DEBUG	replica=8	coded-hotterstuff/consensus.go:576	received proposal	{"CURRENT VIEW": 13, "msg": "proposal", "header view": 13, "prepare view": 12, "hash": "N0cMWKpZHmTkF/OJGwaFHU4Y2cZrG1h733+F25H9V6E=", "parent": "4aSlzOy0O5eyJna+iDXBFpIuUaKvoAYyhK6f3aYA32A="}
replica 8 is forwarding chunk to replica 0
replica 8 is forwarding chunk to replica 1
replica 8 is forwarding chunk to replica 2
replica 8 is forwarding chunk to replica 3
replica 8 is forwarding chunk to replica 5
replica 8 is forwarding chunk to replica 6
replica 8 is forwarding chunk to replica 7
Decoded original proposal, time: 2022-11-28 17:46:41.766860594 +0000 UTC m=+45.461362914 header hash: [55 71 12 88 170 89 30 100 228 23 243 137 27 6 133 29 78 24 217 198 107 27 88 123 223 127 133 219 145 253 87 161]
2022-11-28T17:46:41.766Z	DEBUG	replica=8	coded-hotterstuff/consensus.go:576	received proposal	{"CURRENT VIEW": 13, "msg": "proposal", "header view": 13, "prepare view": 12, "hash": "N0cMWKpZHmTkF/OJGwaFHU4Y2cZrG1h733+F25H9V6E=", "parent": "4aSlzOy0O5eyJna+iDXBFpIuUaKvoAYyhK6f3aYA32A="}
replica 8 is forwarding chunk to replica 0
replica 8 is forwarding chunk to replica 1
replica 8 is forwarding chunk to replica 2
replica 8 is forwarding chunk to replica 3
replica 8 is forwarding chunk to replica 4
replica 8 is forwarding chunk to replica 6
replica 8 is forwarding chunk to replica 7
Decoded original proposal, time: 2022-11-28 17:46:43.938946505 +0000 UTC m=+47.633448831 header hash: [179 79 157 9 84 57 195 200 132 217 159 131 10 204 29 20 183 79 241 0 252 79 239 189 106 39 9 193 130 153 110 137]
2022-11-28T17:46:43.939Z	DEBUG	replica=8	coded-hotterstuff/consensus.go:576	received proposal	{"CURRENT VIEW": 13, "msg": "proposal", "header view": 14, "prepare view": 12, "hash": "s0+dCVQ5w8iE2Z+DCswdFLdP8QD8T++9aicJwYKZbok=", "parent": "N0cMWKpZHmTkF/OJGwaFHU4Y2cZrG1h733+F25H9V6E="}
2022-11-28T17:46:43.946Z	DEBUG	replica=8	coded-hotterstuff/consensus.go:809	new block certified	{"CURRENT VIEW": 13, "view": 13, "hash": "N0cMWKpZHmTkF/OJGwaFHU4Y2cZrG1h733+F25H9V6E="}
2022-11-28T17:46:43.946Z	DEBUG	replica=8	coded-hotterstuff/consensus.go:520	entered new view	{"CURRENT VIEW": 14, "view timeout": 2, "timedout": false}
2022-11-28T17:46:43.946Z	DEBUG	replica=8	coded-hotterstuff/consensus.go:788	new block locked	{"CURRENT VIEW": 14, "view": 12, "hash": "4aSlzOy0O5eyJna+iDXBFpIuUaKvoAYyhK6f3aYA32A="}
2022-11-28T17:46:43.946Z	INFO	replica=8	coded-hotterstuff/consensus.go:797	new block commited	{"CURRENT VIEW": 14, "view": 11, "hash": "JHDKbuvn/qlEbMiFGVnXE7z7VfFJm3NDC7AQEWpkt3w="}
2022-11-28T17:46:43.947Z	DEBUG	replica=8	coded-hotterstuff/consensus.go:678	proposal is safe to vote on	{"CURRENT VIEW": 13, "msg": "proposal", "header view": 14, "prepare view": 12, "hash": "s0+dCVQ5w8iE2Z+DCswdFLdP8QD8T++9aicJwYKZbok=", "parent": "N0cMWKpZHmTkF/OJGwaFHU4Y2cZrG1h733+F25H9V6E="}
Node  8 +1 block finalized at time:  2022-11-28 17:46:43.949592937 +0000 UTC m=+47.644095203
replica 8 is forwarding chunk to replica 0
replica 8 is forwarding chunk to replica 1
replica 8 is forwarding chunk to replica 2
replica 8 is forwarding chunk to replica 3
replica 8 is forwarding chunk to replica 4
replica 8 is forwarding chunk to replica 6
replica 8 is forwarding chunk to replica 7
Decoded original proposal, time: 2022-11-28 17:46:44.934260995 +0000 UTC m=+48.628763314 header hash: [179 79 157 9 84 57 195 200 132 217 159 131 10 204 29 20 183 79 241 0 252 79 239 189 106 39 9 193 130 153 110 137]
2022-11-28T17:46:44.934Z	DEBUG	replica=8	coded-hotterstuff/consensus.go:576	received proposal	{"CURRENT VIEW": 14, "msg": "proposal", "header view": 14, "prepare view": 13, "hash": "s0+dCVQ5w8iE2Z+DCswdFLdP8QD8T++9aicJwYKZbok=", "parent": "N0cMWKpZHmTkF/OJGwaFHU4Y2cZrG1h733+F25H9V6E="}
replica 8 is forwarding chunk to replica 0
replica 8 is forwarding chunk to replica 1
replica 8 is forwarding chunk to replica 2
replica 8 is forwarding chunk to replica 3
replica 8 is forwarding chunk to replica 4
replica 8 is forwarding chunk to replica 5
replica 8 is forwarding chunk to replica 7
replica 8 is forwarding chunk to replica 0
replica 8 is forwarding chunk to replica 1
replica 8 is forwarding chunk to replica 2
replica 8 is forwarding chunk to replica 3
replica 8 is forwarding chunk to replica 4
replica 8 is forwarding chunk to replica 6
replica 8 is forwarding chunk to replica 7
replica 8 is forwarding chunk to replica 0
replica 8 is forwarding chunk to replica 1
replica 8 is forwarding chunk to replica 2
replica 8 is forwarding chunk to replica 3
replica 8 is forwarding chunk to replica 4
replica 8 is forwarding chunk to replica 5
replica 8 is forwarding chunk to replica 7
Decoded original proposal, time: 2022-11-28 17:46:47.104300031 +0000 UTC m=+50.798802362 header hash: [179 79 157 9 84 57 195 200 132 217 159 131 10 204 29 20 183 79 241 0 252 79 239 189 106 39 9 193 130 153 110 137]
2022-11-28T17:46:47.104Z	DEBUG	replica=8	coded-hotterstuff/consensus.go:576	received proposal	{"CURRENT VIEW": 14, "msg": "proposal", "header view": 14, "prepare view": 13, "hash": "s0+dCVQ5w8iE2Z+DCswdFLdP8QD8T++9aicJwYKZbok=", "parent": "N0cMWKpZHmTkF/OJGwaFHU4Y2cZrG1h733+F25H9V6E="}
replica 8 is forwarding chunk to replica 0
replica 8 is forwarding chunk to replica 1
replica 8 is forwarding chunk to replica 2
replica 8 is forwarding chunk to replica 3
replica 8 is forwarding chunk to replica 4
replica 8 is forwarding chunk to replica 5
replica 8 is forwarding chunk to replica 7
Decoded original proposal, time: 2022-11-28 17:46:47.953851447 +0000 UTC m=+51.648353772 header hash: [202 72 185 184 152 74 130 52 19 230 34 218 220 212 95 146 25 2 29 196 82 105 189 28 182 138 255 42 166 91 160 208]
2022-11-28T17:46:47.953Z	DEBUG	replica=8	coded-hotterstuff/consensus.go:576	received proposal	{"CURRENT VIEW": 14, "msg": "proposal", "header view": 15, "prepare view": 13, "hash": "yki5uJhKgjQT5iLa3NRfkhkCHcRSab0ctor/KqZboNA=", "parent": "s0+dCVQ5w8iE2Z+DCswdFLdP8QD8T++9aicJwYKZbok="}
2022-11-28T17:46:47.961Z	DEBUG	replica=8	coded-hotterstuff/consensus.go:809	new block certified	{"CURRENT VIEW": 14, "view": 14, "hash": "s0+dCVQ5w8iE2Z+DCswdFLdP8QD8T++9aicJwYKZbok="}
2022-11-28T17:46:47.961Z	DEBUG	replica=8	coded-hotterstuff/consensus.go:520	entered new view	{"CURRENT VIEW": 15, "view timeout": 2, "timedout": false}
2022-11-28T17:46:47.961Z	DEBUG	replica=8	coded-hotterstuff/consensus.go:788	new block locked	{"CURRENT VIEW": 15, "view": 13, "hash": "N0cMWKpZHmTkF/OJGwaFHU4Y2cZrG1h733+F25H9V6E="}
2022-11-28T17:46:47.961Z	INFO	replica=8	coded-hotterstuff/consensus.go:797	new block commited	{"CURRENT VIEW": 15, "view": 12, "hash": "4aSlzOy0O5eyJna+iDXBFpIuUaKvoAYyhK6f3aYA32A="}
2022-11-28T17:46:47.963Z	DEBUG	replica=8	coded-hotterstuff/consensus.go:678	proposal is safe to vote on	{"CURRENT VIEW": 14, "msg": "proposal", "header view": 15, "prepare view": 13, "hash": "yki5uJhKgjQT5iLa3NRfkhkCHcRSab0ctor/KqZboNA=", "parent": "s0+dCVQ5w8iE2Z+DCswdFLdP8QD8T++9aicJwYKZbok="}
Node  8 +1 block finalized at time:  2022-11-28 17:46:47.96558834 +0000 UTC m=+51.660090600
Decoded original proposal, time: 2022-11-28 17:46:48.970150026 +0000 UTC m=+52.664652350 header hash: [202 72 185 184 152 74 130 52 19 230 34 218 220 212 95 146 25 2 29 196 82 105 189 28 182 138 255 42 166 91 160 208]
2022-11-28T17:46:48.970Z	DEBUG	replica=8	coded-hotterstuff/consensus.go:576	received proposal	{"CURRENT VIEW": 15, "msg": "proposal", "header view": 15, "prepare view": 14, "hash": "yki5uJhKgjQT5iLa3NRfkhkCHcRSab0ctor/KqZboNA=", "parent": "s0+dCVQ5w8iE2Z+DCswdFLdP8QD8T++9aicJwYKZbok="}
Decoded original proposal, time: 2022-11-28 17:46:49.832369154 +0000 UTC m=+53.526871475 header hash: [202 72 185 184 152 74 130 52 19 230 34 218 220 212 95 146 25 2 29 196 82 105 189 28 182 138 255 42 166 91 160 208]
2022-11-28T17:46:49.832Z	DEBUG	replica=8	coded-hotterstuff/consensus.go:576	received proposal	{"CURRENT VIEW": 15, "msg": "proposal", "header view": 15, "prepare view": 14, "hash": "yki5uJhKgjQT5iLa3NRfkhkCHcRSab0ctor/KqZboNA=", "parent": "s0+dCVQ5w8iE2Z+DCswdFLdP8QD8T++9aicJwYKZbok="}
replica 8 is forwarding chunk to replica 0
replica 8 is forwarding chunk to replica 1
replica 8 is forwarding chunk to replica 2
replica 8 is forwarding chunk to replica 3
replica 8 is forwarding chunk to replica 4
replica 8 is forwarding chunk to replica 5
replica 8 is forwarding chunk to replica 6
2022-11-28T17:46:51.753Z	DEBUG	replica=8	coded-hotterstuff/consensus.go:965	received vote	{"CURRENT VIEW": 15, "msg": "vote", "voter": 7, "view": 15, "hash": "PAOswJ5F5FKLEprAJ1SnuPasqGFIM2uhNIcdZdMfaCw="}
Node  8  received vote before proposal, saving vote in pending votes, hash is  [60 3 172 192 158 69 228 82 139 18 154 192 39 84 167 184 246 172 168 97 72 51 107 161 52 135 29 101 211 31 104 44]  and string is,  16
2022-11-28T17:46:51.753Z	DEBUG	replica=8	coded-hotterstuff/consensus.go:970	Received vote before proposal, key is, 16	{"CURRENT VIEW": 15}
Decoded original proposal, time: 2022-11-28 17:46:51.939634235 +0000 UTC m=+55.634136517 header hash: [60 3 172 192 158 69 228 82 139 18 154 192 39 84 167 184 246 172 168 97 72 51 107 161 52 135 29 101 211 31 104 44]
2022-11-28T17:46:51.939Z	DEBUG	replica=8	coded-hotterstuff/consensus.go:576	received proposal	{"CURRENT VIEW": 15, "msg": "proposal", "header view": 16, "prepare view": 14, "hash": "PAOswJ5F5FKLEprAJ1SnuPasqGFIM2uhNIcdZdMfaCw=", "parent": "yki5uJhKgjQT5iLa3NRfkhkCHcRSab0ctor/KqZboNA="}
2022-11-28T17:46:51.949Z	DEBUG	replica=8	coded-hotterstuff/consensus.go:809	new block certified	{"CURRENT VIEW": 15, "view": 15, "hash": "yki5uJhKgjQT5iLa3NRfkhkCHcRSab0ctor/KqZboNA="}
2022-11-28T17:46:51.949Z	DEBUG	replica=8	coded-hotterstuff/consensus.go:520	entered new view	{"CURRENT VIEW": 16, "view timeout": 2, "timedout": false}
2022-11-28T17:46:51.949Z	DEBUG	replica=8	coded-hotterstuff/consensus.go:535	replica is a leader for next view. collecting new-view messages	{"CURRENT VIEW": 16}
2022-11-28T17:46:51.949Z	DEBUG	replica=8	coded-hotterstuff/consensus.go:788	new block locked	{"CURRENT VIEW": 16, "view": 14, "hash": "s0+dCVQ5w8iE2Z+DCswdFLdP8QD8T++9aicJwYKZbok="}
2022-11-28T17:46:51.949Z	INFO	replica=8	coded-hotterstuff/consensus.go:797	new block commited	{"CURRENT VIEW": 16, "view": 13, "hash": "N0cMWKpZHmTkF/OJGwaFHU4Y2cZrG1h733+F25H9V6E="}
2022-11-28T17:46:51.950Z	DEBUG	replica=8	coded-hotterstuff/consensus.go:678	proposal is safe to vote on	{"CURRENT VIEW": 15, "msg": "proposal", "header view": 16, "prepare view": 14, "hash": "PAOswJ5F5FKLEprAJ1SnuPasqGFIM2uhNIcdZdMfaCw=", "parent": "yki5uJhKgjQT5iLa3NRfkhkCHcRSab0ctor/KqZboNA="}
2022-11-28T17:46:51.950Z	DEBUG	replica=8	coded-hotterstuff/consensus.go:758	Taking care of pending vote 16	{"CURRENT VIEW": 16}
2022-11-28T17:46:51.950Z	DEBUG	replica=8	coded-hotterstuff/consensus.go:965	received vote	{"CURRENT VIEW": 16, "msg": "vote", "voter": 7, "view": 16, "hash": "PAOswJ5F5FKLEprAJ1SnuPasqGFIM2uhNIcdZdMfaCw="}
2022-11-28T17:46:51.960Z	DEBUG	replica=8	coded-hotterstuff/consensus.go:965	received vote	{"CURRENT VIEW": 16, "msg": "vote", "voter": 8, "view": 16, "hash": "PAOswJ5F5FKLEprAJ1SnuPasqGFIM2uhNIcdZdMfaCw="}
Node  8 +1 block finalized at time:  2022-11-28 17:46:51.968117762 +0000 UTC m=+55.662620026
2022-11-28T17:46:52.180Z	DEBUG	replica=8	coded-hotterstuff/consensus.go:965	received vote	{"CURRENT VIEW": 16, "msg": "vote", "voter": 0, "view": 16, "hash": "PAOswJ5F5FKLEprAJ1SnuPasqGFIM2uhNIcdZdMfaCw="}
2022-11-28T17:46:52.548Z	DEBUG	replica=8	coded-hotterstuff/consensus.go:965	received vote	{"CURRENT VIEW": 16, "msg": "vote", "voter": 2, "view": 16, "hash": "PAOswJ5F5FKLEprAJ1SnuPasqGFIM2uhNIcdZdMfaCw="}
replica 8 is forwarding chunk to replica 0
replica 8 is forwarding chunk to replica 1
replica 8 is forwarding chunk to replica 2
replica 8 is forwarding chunk to replica 3
replica 8 is forwarding chunk to replica 4
replica 8 is forwarding chunk to replica 5
replica 8 is forwarding chunk to replica 6
2022-11-28T17:46:52.887Z	DEBUG	replica=8	coded-hotterstuff/consensus.go:965	received vote	{"CURRENT VIEW": 16, "msg": "vote", "voter": 3, "view": 16, "hash": "PAOswJ5F5FKLEprAJ1SnuPasqGFIM2uhNIcdZdMfaCw="}
2022-11-28T17:46:52.981Z	DEBUG	replica=8	coded-hotterstuff/consensus.go:965	received vote	{"CURRENT VIEW": 16, "msg": "vote", "voter": 5, "view": 16, "hash": "PAOswJ5F5FKLEprAJ1SnuPasqGFIM2uhNIcdZdMfaCw="}
2022-11-28T17:46:53.042Z	DEBUG	replica=8	coded-hotterstuff/consensus.go:965	received vote	{"CURRENT VIEW": 16, "msg": "vote", "voter": 4, "view": 16, "hash": "PAOswJ5F5FKLEprAJ1SnuPasqGFIM2uhNIcdZdMfaCw="}
2022-11-28T17:46:53.047Z	DEBUG	replica=8	coded-hotterstuff/consensus.go:809	new block certified	{"CURRENT VIEW": 16, "view": 16, "hash": "PAOswJ5F5FKLEprAJ1SnuPasqGFIM2uhNIcdZdMfaCw="}
2022-11-28T17:46:53.047Z	DEBUG	replica=8	coded-hotterstuff/consensus.go:520	entered new view	{"CURRENT VIEW": 17, "view timeout": 2, "timedout": false}
2022-11-28T17:46:53.047Z	DEBUG	replica=8	coded-hotterstuff/consensus.go:544	replica is a leader for this view. waiting for data	{"CURRENT VIEW": 17}
2022-11-28T17:46:53.047Z	DEBUG	replica=8	coded-hotterstuff/consensus.go:520	entered new view	{"CURRENT VIEW": 17, "view timeout": 2, "timedout": false}
2022-11-28T17:46:53.047Z	DEBUG	replica=8	coded-hotterstuff/consensus.go:544	replica is a leader for this view. waiting for data	{"CURRENT VIEW": 17}
2022-11-28T17:46:53.051Z	DEBUG	replica=8	coded-hotterstuff/consensus.go:238	sending proposal	{"CURRENT VIEW": 17, "hash": "fbyAo5VKEVdmy5epf95saK65Dkgc3+iXrMxeW3XrK2g=", "parent": "PAOswJ5F5FKLEprAJ1SnuPasqGFIM2uhNIcdZdMfaCw=", "signer": 8}
2022-11-28T17:46:53.052Z	DEBUG	replica=8	coded-hotterstuff/consensus.go:576	received proposal	{"CURRENT VIEW": 17, "msg": "proposal", "header view": 17, "prepare view": 16, "hash": "fbyAo5VKEVdmy5epf95saK65Dkgc3+iXrMxeW3XrK2g=", "parent": "PAOswJ5F5FKLEprAJ1SnuPasqGFIM2uhNIcdZdMfaCw="}
2022-11-28T17:46:53.059Z	DEBUG	replica=8	coded-hotterstuff/consensus.go:788	new block locked	{"CURRENT VIEW": 17, "view": 15, "hash": "yki5uJhKgjQT5iLa3NRfkhkCHcRSab0ctor/KqZboNA="}
2022-11-28T17:46:53.060Z	INFO	replica=8	coded-hotterstuff/consensus.go:797	new block commited	{"CURRENT VIEW": 17, "view": 14, "hash": "s0+dCVQ5w8iE2Z+DCswdFLdP8QD8T++9aicJwYKZbok="}
2022-11-28T17:46:53.061Z	DEBUG	replica=8	coded-hotterstuff/consensus.go:678	proposal is safe to vote on	{"CURRENT VIEW": 17, "msg": "proposal", "header view": 17, "prepare view": 16, "hash": "fbyAo5VKEVdmy5epf95saK65Dkgc3+iXrMxeW3XrK2g=", "parent": "PAOswJ5F5FKLEprAJ1SnuPasqGFIM2uhNIcdZdMfaCw="}
Node  8 +1 block finalized at time:  2022-11-28 17:46:53.064072155 +0000 UTC m=+56.758574431
replica 8 is forwarding chunk to replica 0
replica 8 is forwarding chunk to replica 1
replica 8 is forwarding chunk to replica 2
replica 8 is forwarding chunk to replica 3
replica 8 is forwarding chunk to replica 4
replica 8 is forwarding chunk to replica 5
replica 8 is forwarding chunk to replica 6
2022-11-28T17:46:53.417Z	DEBUG	replica=8	coded-hotterstuff/consensus.go:965	received vote	{"CURRENT VIEW": 17, "msg": "vote", "voter": 6, "view": 17, "hash": "PAOswJ5F5FKLEprAJ1SnuPasqGFIM2uhNIcdZdMfaCw="}
2022-11-28T17:46:53.423Z	DEBUG	replica=8	coded-hotterstuff/consensus.go:520	entered new view	{"CURRENT VIEW": 17, "view timeout": 2, "timedout": false}
2022-11-28T17:46:53.423Z	DEBUG	replica=8	coded-hotterstuff/consensus.go:544	replica is a leader for this view. waiting for data	{"CURRENT VIEW": 17}
2022-11-28T17:46:53.426Z	DEBUG	replica=8	coded-hotterstuff/consensus.go:238	sending proposal	{"CURRENT VIEW": 17, "hash": "fbyAo5VKEVdmy5epf95saK65Dkgc3+iXrMxeW3XrK2g=", "parent": "PAOswJ5F5FKLEprAJ1SnuPasqGFIM2uhNIcdZdMfaCw=", "signer": 8}
2022-11-28T17:46:53.427Z	DEBUG	replica=8	coded-hotterstuff/consensus.go:576	received proposal	{"CURRENT VIEW": 17, "msg": "proposal", "header view": 17, "prepare view": 16, "hash": "fbyAo5VKEVdmy5epf95saK65Dkgc3+iXrMxeW3XrK2g=", "parent": "PAOswJ5F5FKLEprAJ1SnuPasqGFIM2uhNIcdZdMfaCw="}
Decoded original proposal, time: 2022-11-28 17:46:53.476791236 +0000 UTC m=+57.171293511 header hash: [60 3 172 192 158 69 228 82 139 18 154 192 39 84 167 184 246 172 168 97 72 51 107 161 52 135 29 101 211 31 104 44]
2022-11-28T17:46:53.476Z	DEBUG	replica=8	coded-hotterstuff/consensus.go:576	received proposal	{"CURRENT VIEW": 17, "msg": "proposal", "header view": 16, "prepare view": 16, "hash": "PAOswJ5F5FKLEprAJ1SnuPasqGFIM2uhNIcdZdMfaCw=", "parent": "yki5uJhKgjQT5iLa3NRfkhkCHcRSab0ctor/KqZboNA="}
2022-11-28T17:46:53.484Z	DEBUG	replica=8	coded-hotterstuff/consensus.go:667	proposal view doesn't match local view	{"CURRENT VIEW": 17, "msg": "proposal", "header view": 16, "prepare view": 16, "hash": "PAOswJ5F5FKLEprAJ1SnuPasqGFIM2uhNIcdZdMfaCw=", "parent": "yki5uJhKgjQT5iLa3NRfkhkCHcRSab0ctor/KqZboNA="}
2022-11-28T17:46:53.484Z	DEBUG	replica=8	coded-hotterstuff/consensus.go:965	received vote	{"CURRENT VIEW": 17, "msg": "vote", "voter": 1, "view": 17, "hash": "PAOswJ5F5FKLEprAJ1SnuPasqGFIM2uhNIcdZdMfaCw="}
2022-11-28T17:46:53.489Z	DEBUG	replica=8	coded-hotterstuff/consensus.go:520	entered new view	{"CURRENT VIEW": 17, "view timeout": 2, "timedout": false}
2022-11-28T17:46:53.489Z	DEBUG	replica=8	coded-hotterstuff/consensus.go:544	replica is a leader for this view. waiting for data	{"CURRENT VIEW": 17}
2022-11-28T17:46:53.493Z	DEBUG	replica=8	coded-hotterstuff/consensus.go:238	sending proposal	{"CURRENT VIEW": 17, "hash": "fbyAo5VKEVdmy5epf95saK65Dkgc3+iXrMxeW3XrK2g=", "parent": "PAOswJ5F5FKLEprAJ1SnuPasqGFIM2uhNIcdZdMfaCw=", "signer": 8}
2022-11-28T17:46:53.493Z	DEBUG	replica=8	coded-hotterstuff/consensus.go:576	received proposal	{"CURRENT VIEW": 17, "msg": "proposal", "header view": 17, "prepare view": 16, "hash": "fbyAo5VKEVdmy5epf95saK65Dkgc3+iXrMxeW3XrK2g=", "parent": "PAOswJ5F5FKLEprAJ1SnuPasqGFIM2uhNIcdZdMfaCw="}
Decoded original proposal, time: 2022-11-28 17:46:54.376197998 +0000 UTC m=+58.070700322 header hash: [60 3 172 192 158 69 228 82 139 18 154 192 39 84 167 184 246 172 168 97 72 51 107 161 52 135 29 101 211 31 104 44]
2022-11-28T17:46:54.376Z	DEBUG	replica=8	coded-hotterstuff/consensus.go:576	received proposal	{"CURRENT VIEW": 17, "msg": "proposal", "header view": 16, "prepare view": 16, "hash": "PAOswJ5F5FKLEprAJ1SnuPasqGFIM2uhNIcdZdMfaCw=", "parent": "yki5uJhKgjQT5iLa3NRfkhkCHcRSab0ctor/KqZboNA="}
2022-11-28T17:46:54.386Z	DEBUG	replica=8	coded-hotterstuff/consensus.go:667	proposal view doesn't match local view	{"CURRENT VIEW": 17, "msg": "proposal", "header view": 16, "prepare view": 16, "hash": "PAOswJ5F5FKLEprAJ1SnuPasqGFIM2uhNIcdZdMfaCw=", "parent": "yki5uJhKgjQT5iLa3NRfkhkCHcRSab0ctor/KqZboNA="}
