Node index: 5
[10.0.1.0:9000 10.0.1.2:9001 10.0.1.4:9002 10.0.1.6:9003 10.0.1.8:9004 10.0.1.10:9005 10.0.1.12:9006 10.0.1.14:9007 10.0.1.16:9008]
node 5 initiating connection to 10.0.1.0:9000
node 5 initiating connection to 10.0.1.4:9002
node 5 initiating connection to 10.0.1.2:9001
node 5 initiating connection to 10.0.1.6:9003
node 5 initiating connection to 10.0.1.8:9004
node 5 successfully initiated connection to 10.0.1.0:9000
node 5 successfully initiated connection to 10.0.1.4:9002
node 5 successfully initiated connection to 10.0.1.6:9003
node 5 successfully initiated connection to 10.0.1.2:9001
node 5 successfully initiated connection to 10.0.1.8:9004
connection established 5 - 7
Node  5 -->  Listening for messages... 
2022-11-27T04:55:00.292Z	DEBUG	replica=5	coded-hotterstuff/consensus.go:520	entered new view	{"CURRENT VIEW": 1, "view timeout": 2, "timedout": false}
connection established 5 - 6
Node  5 -->  Listening for messages... 
connection established 5 - 8
Node  5 -->  Listening for messages... 
connection established 5 - 0
Node  5 -->  Listening for messages... 
connection established 5 - 1
connection established 5 - 2
Node  5 -->  Listening for messages... 
Node  5 -->  Listening for messages... 
connection established 5 - 3
Node  5 -->  Listening for messages... 
connection established 5 - 4
Node  5 -->  Listening for messages... 
replica 5 is forwarding chunk to replica 0
replica 5 is forwarding chunk to replica 2
replica 5 is forwarding chunk to replica 3
replica 5 is forwarding chunk to replica 4
replica 5 is forwarding chunk to replica 6
replica 5 is forwarding chunk to replica 7
replica 5 is forwarding chunk to replica 8
Decoded original proposal, time: 2022-11-27 04:55:02.593355216 +0000 UTC m=+2.443110945 header hash: [72 160 180 233 149 231 108 139 103 97 149 83 197 114 214 128 107 110 76 231 61 205 42 18 190 82 86 133 4 78 235 255]
2022-11-27T04:55:02.593Z	DEBUG	replica=5	coded-hotterstuff/consensus.go:576	received proposal	{"CURRENT VIEW": 1, "msg": "proposal", "header view": 1, "prepare view": 0, "hash": "SKC06ZXnbItnYZVTxXLWgGtuTOc9zSoSvlJWhQRO6/8=", "parent": "GZWDhiYW+ib6TpJWRLDOftUd8y8ovAaEerQWDbefS7c="}
2022-11-27T04:55:02.601Z	DEBUG	replica=5	coded-hotterstuff/consensus.go:777	could not find gparent header	{"CURRENT VIEW": 1, "view": 0, "hash": "GZWDhiYW+ib6TpJWRLDOftUd8y8ovAaEerQWDbefS7c="}
2022-11-27T04:55:02.606Z	DEBUG	replica=5	coded-hotterstuff/consensus.go:678	proposal is safe to vote on	{"CURRENT VIEW": 1, "msg": "proposal", "header view": 1, "prepare view": 0, "hash": "SKC06ZXnbItnYZVTxXLWgGtuTOc9zSoSvlJWhQRO6/8=", "parent": "GZWDhiYW+ib6TpJWRLDOftUd8y8ovAaEerQWDbefS7c="}
replica 5 is forwarding chunk to replica 0
replica 5 is forwarding chunk to replica 1
replica 5 is forwarding chunk to replica 3
replica 5 is forwarding chunk to replica 4
replica 5 is forwarding chunk to replica 6
replica 5 is forwarding chunk to replica 7
replica 5 is forwarding chunk to replica 8
replica 5 is forwarding chunk to replica 0
replica 5 is forwarding chunk to replica 1
replica 5 is forwarding chunk to replica 3
replica 5 is forwarding chunk to replica 4
replica 5 is forwarding chunk to replica 6
replica 5 is forwarding chunk to replica 7
replica 5 is forwarding chunk to replica 8
Decoded original proposal, time: 2022-11-27 04:55:05.165975079 +0000 UTC m=+5.015730849 header hash: [112 240 93 77 174 234 64 155 158 20 106 227 158 234 134 149 230 112 20 24 127 150 17 128 149 69 129 124 42 247 80 171]
2022-11-27T04:55:05.166Z	DEBUG	replica=5	coded-hotterstuff/consensus.go:576	received proposal	{"CURRENT VIEW": 1, "msg": "proposal", "header view": 2, "prepare view": 0, "hash": "cPBdTa7qQJueFGrjnuqGleZwFBh/lhGAlUWBfCr3UKs=", "parent": "SKC06ZXnbItnYZVTxXLWgGtuTOc9zSoSvlJWhQRO6/8="}
2022-11-27T04:55:05.176Z	DEBUG	replica=5	coded-hotterstuff/consensus.go:809	new block certified	{"CURRENT VIEW": 1, "view": 1, "hash": "SKC06ZXnbItnYZVTxXLWgGtuTOc9zSoSvlJWhQRO6/8="}
2022-11-27T04:55:05.176Z	DEBUG	replica=5	coded-hotterstuff/consensus.go:520	entered new view	{"CURRENT VIEW": 2, "view timeout": 2, "timedout": false}
2022-11-27T04:55:05.177Z	DEBUG	replica=5	coded-hotterstuff/consensus.go:782	could not find ggparent header	{"CURRENT VIEW": 2, "view": 0, "hash": "GZWDhiYW+ib6TpJWRLDOftUd8y8ovAaEerQWDbefS7c="}
2022-11-27T04:55:05.178Z	DEBUG	replica=5	coded-hotterstuff/consensus.go:678	proposal is safe to vote on	{"CURRENT VIEW": 1, "msg": "proposal", "header view": 2, "prepare view": 0, "hash": "cPBdTa7qQJueFGrjnuqGleZwFBh/lhGAlUWBfCr3UKs=", "parent": "SKC06ZXnbItnYZVTxXLWgGtuTOc9zSoSvlJWhQRO6/8="}
Decoded original proposal, time: 2022-11-27 04:55:06.126010639 +0000 UTC m=+5.975766399 header hash: [112 240 93 77 174 234 64 155 158 20 106 227 158 234 134 149 230 112 20 24 127 150 17 128 149 69 129 124 42 247 80 171]
2022-11-27T04:55:06.126Z	DEBUG	replica=5	coded-hotterstuff/consensus.go:576	received proposal	{"CURRENT VIEW": 2, "msg": "proposal", "header view": 2, "prepare view": 1, "hash": "cPBdTa7qQJueFGrjnuqGleZwFBh/lhGAlUWBfCr3UKs=", "parent": "SKC06ZXnbItnYZVTxXLWgGtuTOc9zSoSvlJWhQRO6/8="}
2022-11-27T04:55:06.133Z	DEBUG	replica=5	coded-hotterstuff/consensus.go:782	could not find ggparent header	{"CURRENT VIEW": 2, "view": 0, "hash": "GZWDhiYW+ib6TpJWRLDOftUd8y8ovAaEerQWDbefS7c="}
replica 5 is forwarding chunk to replica 0
replica 5 is forwarding chunk to replica 1
replica 5 is forwarding chunk to replica 2
replica 5 is forwarding chunk to replica 4
replica 5 is forwarding chunk to replica 6
replica 5 is forwarding chunk to replica 7
replica 5 is forwarding chunk to replica 8
Decoded original proposal, time: 2022-11-27 04:55:08.402875632 +0000 UTC m=+8.252631406 header hash: [112 177 115 22 63 1 229 2 188 132 41 134 91 243 148 216 155 140 26 48 57 5 100 136 252 109 95 105 67 73 234 227]
2022-11-27T04:55:08.402Z	DEBUG	replica=5	coded-hotterstuff/consensus.go:576	received proposal	{"CURRENT VIEW": 2, "msg": "proposal", "header view": 3, "prepare view": 1, "hash": "cLFzFj8B5QK8hCmGW/OU2JuMGjA5BWSI/G1faUNJ6uM=", "parent": "cPBdTa7qQJueFGrjnuqGleZwFBh/lhGAlUWBfCr3UKs="}
2022-11-27T04:55:08.411Z	DEBUG	replica=5	coded-hotterstuff/consensus.go:809	new block certified	{"CURRENT VIEW": 2, "view": 2, "hash": "cPBdTa7qQJueFGrjnuqGleZwFBh/lhGAlUWBfCr3UKs="}
2022-11-27T04:55:08.411Z	DEBUG	replica=5	coded-hotterstuff/consensus.go:520	entered new view	{"CURRENT VIEW": 3, "view timeout": 2, "timedout": false}
2022-11-27T04:55:08.411Z	DEBUG	replica=5	coded-hotterstuff/consensus.go:788	new block locked	{"CURRENT VIEW": 3, "view": 1, "hash": "SKC06ZXnbItnYZVTxXLWgGtuTOc9zSoSvlJWhQRO6/8="}
2022-11-27T04:55:08.413Z	DEBUG	replica=5	coded-hotterstuff/consensus.go:678	proposal is safe to vote on	{"CURRENT VIEW": 2, "msg": "proposal", "header view": 3, "prepare view": 1, "hash": "cLFzFj8B5QK8hCmGW/OU2JuMGjA5BWSI/G1faUNJ6uM=", "parent": "cPBdTa7qQJueFGrjnuqGleZwFBh/lhGAlUWBfCr3UKs="}
replica 5 is forwarding chunk to replica 0
replica 5 is forwarding chunk to replica 1
replica 5 is forwarding chunk to replica 2
replica 5 is forwarding chunk to replica 4
replica 5 is forwarding chunk to replica 6
replica 5 is forwarding chunk to replica 7
replica 5 is forwarding chunk to replica 8
replica 5 is forwarding chunk to replica 0
replica 5 is forwarding chunk to replica 1
replica 5 is forwarding chunk to replica 2
replica 5 is forwarding chunk to replica 4
replica 5 is forwarding chunk to replica 6
replica 5 is forwarding chunk to replica 7
replica 5 is forwarding chunk to replica 8
Decoded original proposal, time: 2022-11-27 04:55:09.578087836 +0000 UTC m=+9.427843568 header hash: [112 177 115 22 63 1 229 2 188 132 41 134 91 243 148 216 155 140 26 48 57 5 100 136 252 109 95 105 67 73 234 227]
2022-11-27T04:55:09.578Z	DEBUG	replica=5	coded-hotterstuff/consensus.go:576	received proposal	{"CURRENT VIEW": 3, "msg": "proposal", "header view": 3, "prepare view": 2, "hash": "cLFzFj8B5QK8hCmGW/OU2JuMGjA5BWSI/G1faUNJ6uM=", "parent": "cPBdTa7qQJueFGrjnuqGleZwFBh/lhGAlUWBfCr3UKs="}
replica 5 is forwarding chunk to replica 0
replica 5 is forwarding chunk to replica 1
replica 5 is forwarding chunk to replica 2
replica 5 is forwarding chunk to replica 3
replica 5 is forwarding chunk to replica 6
replica 5 is forwarding chunk to replica 7
replica 5 is forwarding chunk to replica 8
2022-11-27T04:55:10.733Z	DEBUG	replica=5	coded-hotterstuff/consensus.go:965	received vote	{"CURRENT VIEW": 3, "msg": "vote", "voter": 4, "view": 3, "hash": "8WqYPi7RnJLtEHQ0we0AUFXAprYP7gJj7Cq2GuiCGb4="}
Node  5  received vote before proposal, saving vote in pending votes, hash is  [241 106 152 62 46 209 156 146 237 16 116 52 193 237 0 80 85 192 166 182 15 238 2 99 236 42 182 26 232 130 25 190]  and string is,  4
2022-11-27T04:55:10.733Z	DEBUG	replica=5	coded-hotterstuff/consensus.go:970	Received vote before proposal, key is, 4	{"CURRENT VIEW": 3}
Decoded original proposal, time: 2022-11-27 04:55:10.891470184 +0000 UTC m=+10.741225961 header hash: [112 177 115 22 63 1 229 2 188 132 41 134 91 243 148 216 155 140 26 48 57 5 100 136 252 109 95 105 67 73 234 227]
2022-11-27T04:55:10.891Z	DEBUG	replica=5	coded-hotterstuff/consensus.go:576	received proposal	{"CURRENT VIEW": 3, "msg": "proposal", "header view": 3, "prepare view": 2, "hash": "cLFzFj8B5QK8hCmGW/OU2JuMGjA5BWSI/G1faUNJ6uM=", "parent": "cPBdTa7qQJueFGrjnuqGleZwFBh/lhGAlUWBfCr3UKs="}
replica 5 is forwarding chunk to replica 0
replica 5 is forwarding chunk to replica 1
replica 5 is forwarding chunk to replica 2
replica 5 is forwarding chunk to replica 3
replica 5 is forwarding chunk to replica 6
replica 5 is forwarding chunk to replica 7
replica 5 is forwarding chunk to replica 8
2022-11-27T04:55:11.908Z	DEBUG	replica=5	coded-hotterstuff/consensus.go:965	received vote	{"CURRENT VIEW": 3, "msg": "vote", "voter": 7, "view": 3, "hash": "8WqYPi7RnJLtEHQ0we0AUFXAprYP7gJj7Cq2GuiCGb4="}
Decoded original proposal, time: 2022-11-27 04:55:12.008315135 +0000 UTC m=+11.858070913 header hash: [241 106 152 62 46 209 156 146 237 16 116 52 193 237 0 80 85 192 166 182 15 238 2 99 236 42 182 26 232 130 25 190]
2022-11-27T04:55:12.008Z	DEBUG	replica=5	coded-hotterstuff/consensus.go:576	received proposal	{"CURRENT VIEW": 3, "msg": "proposal", "header view": 4, "prepare view": 2, "hash": "8WqYPi7RnJLtEHQ0we0AUFXAprYP7gJj7Cq2GuiCGb4=", "parent": "cLFzFj8B5QK8hCmGW/OU2JuMGjA5BWSI/G1faUNJ6uM="}
2022-11-27T04:55:12.017Z	DEBUG	replica=5	coded-hotterstuff/consensus.go:809	new block certified	{"CURRENT VIEW": 3, "view": 3, "hash": "cLFzFj8B5QK8hCmGW/OU2JuMGjA5BWSI/G1faUNJ6uM="}
2022-11-27T04:55:12.017Z	DEBUG	replica=5	coded-hotterstuff/consensus.go:520	entered new view	{"CURRENT VIEW": 4, "view timeout": 2, "timedout": false}
2022-11-27T04:55:12.017Z	DEBUG	replica=5	coded-hotterstuff/consensus.go:535	replica is a leader for next view. collecting new-view messages	{"CURRENT VIEW": 4}
2022-11-27T04:55:12.017Z	DEBUG	replica=5	coded-hotterstuff/consensus.go:788	new block locked	{"CURRENT VIEW": 4, "view": 2, "hash": "cPBdTa7qQJueFGrjnuqGleZwFBh/lhGAlUWBfCr3UKs="}
2022-11-27T04:55:12.017Z	INFO	replica=5	coded-hotterstuff/consensus.go:797	new block commited	{"CURRENT VIEW": 4, "view": 1, "hash": "SKC06ZXnbItnYZVTxXLWgGtuTOc9zSoSvlJWhQRO6/8="}
2022-11-27T04:55:12.021Z	DEBUG	replica=5	coded-hotterstuff/consensus.go:678	proposal is safe to vote on	{"CURRENT VIEW": 3, "msg": "proposal", "header view": 4, "prepare view": 2, "hash": "8WqYPi7RnJLtEHQ0we0AUFXAprYP7gJj7Cq2GuiCGb4=", "parent": "cLFzFj8B5QK8hCmGW/OU2JuMGjA5BWSI/G1faUNJ6uM="}
2022-11-27T04:55:12.021Z	DEBUG	replica=5	coded-hotterstuff/consensus.go:758	Taking care of pending vote 4	{"CURRENT VIEW": 4}
2022-11-27T04:55:12.021Z	DEBUG	replica=5	coded-hotterstuff/consensus.go:965	received vote	{"CURRENT VIEW": 4, "msg": "vote", "voter": 4, "view": 4, "hash": "8WqYPi7RnJLtEHQ0we0AUFXAprYP7gJj7Cq2GuiCGb4="}
2022-11-27T04:55:12.025Z	DEBUG	replica=5	coded-hotterstuff/consensus.go:758	Taking care of pending vote 4	{"CURRENT VIEW": 4}
2022-11-27T04:55:12.025Z	DEBUG	replica=5	coded-hotterstuff/consensus.go:965	received vote	{"CURRENT VIEW": 4, "msg": "vote", "voter": 7, "view": 4, "hash": "8WqYPi7RnJLtEHQ0we0AUFXAprYP7gJj7Cq2GuiCGb4="}
2022-11-27T04:55:12.033Z	DEBUG	replica=5	coded-hotterstuff/consensus.go:965	received vote	{"CURRENT VIEW": 4, "msg": "vote", "voter": 5, "view": 4, "hash": "8WqYPi7RnJLtEHQ0we0AUFXAprYP7gJj7Cq2GuiCGb4="}
2022-11-27T04:55:12.039Z	DEBUG	replica=5	coded-hotterstuff/consensus.go:965	received vote	{"CURRENT VIEW": 4, "msg": "vote", "voter": 2, "view": 4, "hash": "8WqYPi7RnJLtEHQ0we0AUFXAprYP7gJj7Cq2GuiCGb4="}
Node  5 +1 block finalized at time:  2022-11-27 04:55:12.03980728 +0000 UTC m=+11.889563004
2022-11-27T04:55:12.368Z	DEBUG	replica=5	coded-hotterstuff/consensus.go:965	received vote	{"CURRENT VIEW": 4, "msg": "vote", "voter": 1, "view": 4, "hash": "8WqYPi7RnJLtEHQ0we0AUFXAprYP7gJj7Cq2GuiCGb4="}
replica 5 is forwarding chunk to replica 0
replica 5 is forwarding chunk to replica 1
replica 5 is forwarding chunk to replica 2
replica 5 is forwarding chunk to replica 3
replica 5 is forwarding chunk to replica 6
replica 5 is forwarding chunk to replica 7
replica 5 is forwarding chunk to replica 8
2022-11-27T04:55:12.922Z	DEBUG	replica=5	coded-hotterstuff/consensus.go:965	received vote	{"CURRENT VIEW": 4, "msg": "vote", "voter": 3, "view": 4, "hash": "8WqYPi7RnJLtEHQ0we0AUFXAprYP7gJj7Cq2GuiCGb4="}
2022-11-27T04:55:12.996Z	DEBUG	replica=5	coded-hotterstuff/consensus.go:965	received vote	{"CURRENT VIEW": 4, "msg": "vote", "voter": 8, "view": 4, "hash": "8WqYPi7RnJLtEHQ0we0AUFXAprYP7gJj7Cq2GuiCGb4="}
2022-11-27T04:55:13.002Z	DEBUG	replica=5	coded-hotterstuff/consensus.go:809	new block certified	{"CURRENT VIEW": 4, "view": 4, "hash": "8WqYPi7RnJLtEHQ0we0AUFXAprYP7gJj7Cq2GuiCGb4="}
2022-11-27T04:55:13.002Z	DEBUG	replica=5	coded-hotterstuff/consensus.go:520	entered new view	{"CURRENT VIEW": 5, "view timeout": 2, "timedout": false}
2022-11-27T04:55:13.002Z	DEBUG	replica=5	coded-hotterstuff/consensus.go:544	replica is a leader for this view. waiting for data	{"CURRENT VIEW": 5}
2022-11-27T04:55:13.002Z	DEBUG	replica=5	coded-hotterstuff/consensus.go:520	entered new view	{"CURRENT VIEW": 5, "view timeout": 2, "timedout": false}
2022-11-27T04:55:13.002Z	DEBUG	replica=5	coded-hotterstuff/consensus.go:544	replica is a leader for this view. waiting for data	{"CURRENT VIEW": 5}
2022-11-27T04:55:13.006Z	DEBUG	replica=5	coded-hotterstuff/consensus.go:238	sending proposal	{"CURRENT VIEW": 5, "hash": "jgrj6scOqMsv2tOI5ilebUQ0EAUbjhBGBRf6AbYZ3ZQ=", "parent": "8WqYPi7RnJLtEHQ0we0AUFXAprYP7gJj7Cq2GuiCGb4=", "signer": 5}
2022-11-27T04:55:13.007Z	DEBUG	replica=5	coded-hotterstuff/consensus.go:576	received proposal	{"CURRENT VIEW": 5, "msg": "proposal", "header view": 5, "prepare view": 4, "hash": "jgrj6scOqMsv2tOI5ilebUQ0EAUbjhBGBRf6AbYZ3ZQ=", "parent": "8WqYPi7RnJLtEHQ0we0AUFXAprYP7gJj7Cq2GuiCGb4="}
2022-11-27T04:55:13.017Z	DEBUG	replica=5	coded-hotterstuff/consensus.go:788	new block locked	{"CURRENT VIEW": 5, "view": 3, "hash": "cLFzFj8B5QK8hCmGW/OU2JuMGjA5BWSI/G1faUNJ6uM="}
2022-11-27T04:55:13.017Z	INFO	replica=5	coded-hotterstuff/consensus.go:797	new block commited	{"CURRENT VIEW": 5, "view": 2, "hash": "cPBdTa7qQJueFGrjnuqGleZwFBh/lhGAlUWBfCr3UKs="}
2022-11-27T04:55:13.018Z	DEBUG	replica=5	coded-hotterstuff/consensus.go:678	proposal is safe to vote on	{"CURRENT VIEW": 5, "msg": "proposal", "header view": 5, "prepare view": 4, "hash": "jgrj6scOqMsv2tOI5ilebUQ0EAUbjhBGBRf6AbYZ3ZQ=", "parent": "8WqYPi7RnJLtEHQ0we0AUFXAprYP7gJj7Cq2GuiCGb4="}
Node  5 +1 block finalized at time:  2022-11-27 04:55:13.021061971 +0000 UTC m=+12.870817681
2022-11-27T04:55:13.022Z	DEBUG	replica=5	coded-hotterstuff/consensus.go:965	received vote	{"CURRENT VIEW": 5, "msg": "vote", "voter": 6, "view": 5, "hash": "8WqYPi7RnJLtEHQ0we0AUFXAprYP7gJj7Cq2GuiCGb4="}
2022-11-27T04:55:13.028Z	DEBUG	replica=5	coded-hotterstuff/consensus.go:520	entered new view	{"CURRENT VIEW": 5, "view timeout": 2, "timedout": false}
2022-11-27T04:55:13.028Z	DEBUG	replica=5	coded-hotterstuff/consensus.go:544	replica is a leader for this view. waiting for data	{"CURRENT VIEW": 5}
2022-11-27T04:55:13.032Z	DEBUG	replica=5	coded-hotterstuff/consensus.go:238	sending proposal	{"CURRENT VIEW": 5, "hash": "jgrj6scOqMsv2tOI5ilebUQ0EAUbjhBGBRf6AbYZ3ZQ=", "parent": "8WqYPi7RnJLtEHQ0we0AUFXAprYP7gJj7Cq2GuiCGb4=", "signer": 5}
2022-11-27T04:55:13.035Z	DEBUG	replica=5	coded-hotterstuff/consensus.go:576	received proposal	{"CURRENT VIEW": 5, "msg": "proposal", "header view": 5, "prepare view": 4, "hash": "jgrj6scOqMsv2tOI5ilebUQ0EAUbjhBGBRf6AbYZ3ZQ=", "parent": "8WqYPi7RnJLtEHQ0we0AUFXAprYP7gJj7Cq2GuiCGb4="}
Decoded original proposal, time: 2022-11-27 04:55:13.262307188 +0000 UTC m=+13.112062962 header hash: [241 106 152 62 46 209 156 146 237 16 116 52 193 237 0 80 85 192 166 182 15 238 2 99 236 42 182 26 232 130 25 190]
2022-11-27T04:55:13.262Z	DEBUG	replica=5	coded-hotterstuff/consensus.go:576	received proposal	{"CURRENT VIEW": 5, "msg": "proposal", "header view": 4, "prepare view": 4, "hash": "8WqYPi7RnJLtEHQ0we0AUFXAprYP7gJj7Cq2GuiCGb4=", "parent": "cLFzFj8B5QK8hCmGW/OU2JuMGjA5BWSI/G1faUNJ6uM="}
2022-11-27T04:55:13.272Z	DEBUG	replica=5	coded-hotterstuff/consensus.go:667	proposal view doesn't match local view	{"CURRENT VIEW": 5, "msg": "proposal", "header view": 4, "prepare view": 4, "hash": "8WqYPi7RnJLtEHQ0we0AUFXAprYP7gJj7Cq2GuiCGb4=", "parent": "cLFzFj8B5QK8hCmGW/OU2JuMGjA5BWSI/G1faUNJ6uM="}
2022-11-27T04:55:13.272Z	DEBUG	replica=5	coded-hotterstuff/consensus.go:965	received vote	{"CURRENT VIEW": 5, "msg": "vote", "voter": 0, "view": 5, "hash": "8WqYPi7RnJLtEHQ0we0AUFXAprYP7gJj7Cq2GuiCGb4="}
2022-11-27T04:55:13.278Z	DEBUG	replica=5	coded-hotterstuff/consensus.go:520	entered new view	{"CURRENT VIEW": 5, "view timeout": 2, "timedout": false}
2022-11-27T04:55:13.278Z	DEBUG	replica=5	coded-hotterstuff/consensus.go:544	replica is a leader for this view. waiting for data	{"CURRENT VIEW": 5}
2022-11-27T04:55:13.282Z	DEBUG	replica=5	coded-hotterstuff/consensus.go:238	sending proposal	{"CURRENT VIEW": 5, "hash": "jgrj6scOqMsv2tOI5ilebUQ0EAUbjhBGBRf6AbYZ3ZQ=", "parent": "8WqYPi7RnJLtEHQ0we0AUFXAprYP7gJj7Cq2GuiCGb4=", "signer": 5}
2022-11-27T04:55:13.283Z	DEBUG	replica=5	coded-hotterstuff/consensus.go:576	received proposal	{"CURRENT VIEW": 5, "msg": "proposal", "header view": 5, "prepare view": 4, "hash": "jgrj6scOqMsv2tOI5ilebUQ0EAUbjhBGBRf6AbYZ3ZQ=", "parent": "8WqYPi7RnJLtEHQ0we0AUFXAprYP7gJj7Cq2GuiCGb4="}
Decoded original proposal, time: 2022-11-27 04:55:14.433690705 +0000 UTC m=+14.283446476 header hash: [241 106 152 62 46 209 156 146 237 16 116 52 193 237 0 80 85 192 166 182 15 238 2 99 236 42 182 26 232 130 25 190]
2022-11-27T04:55:14.433Z	DEBUG	replica=5	coded-hotterstuff/consensus.go:576	received proposal	{"CURRENT VIEW": 5, "msg": "proposal", "header view": 4, "prepare view": 4, "hash": "8WqYPi7RnJLtEHQ0we0AUFXAprYP7gJj7Cq2GuiCGb4=", "parent": "cLFzFj8B5QK8hCmGW/OU2JuMGjA5BWSI/G1faUNJ6uM="}
2022-11-27T04:55:14.442Z	DEBUG	replica=5	coded-hotterstuff/consensus.go:667	proposal view doesn't match local view	{"CURRENT VIEW": 5, "msg": "proposal", "header view": 4, "prepare view": 4, "hash": "8WqYPi7RnJLtEHQ0we0AUFXAprYP7gJj7Cq2GuiCGb4=", "parent": "cLFzFj8B5QK8hCmGW/OU2JuMGjA5BWSI/G1faUNJ6uM="}
replica 5 is forwarding chunk to replica 0
replica 5 is forwarding chunk to replica 1
replica 5 is forwarding chunk to replica 2
replica 5 is forwarding chunk to replica 3
replica 5 is forwarding chunk to replica 4
replica 5 is forwarding chunk to replica 7
replica 5 is forwarding chunk to replica 8
replica 5 is forwarding chunk to replica 0
replica 5 is forwarding chunk to replica 1
replica 5 is forwarding chunk to replica 2
replica 5 is forwarding chunk to replica 3
replica 5 is forwarding chunk to replica 4
replica 5 is forwarding chunk to replica 7
replica 5 is forwarding chunk to replica 8
replica 5 is forwarding chunk to replica 0
replica 5 is forwarding chunk to replica 1
replica 5 is forwarding chunk to replica 2
replica 5 is forwarding chunk to replica 3
replica 5 is forwarding chunk to replica 4
replica 5 is forwarding chunk to replica 7
replica 5 is forwarding chunk to replica 8
Decoded original proposal, time: 2022-11-27 04:55:20.152580462 +0000 UTC m=+20.002336231 header hash: [144 90 124 249 42 55 49 193 182 202 159 220 172 15 148 92 178 123 123 95 139 252 214 157 36 122 219 17 149 62 178 46]
2022-11-27T04:55:20.152Z	DEBUG	replica=5	coded-hotterstuff/consensus.go:576	received proposal	{"CURRENT VIEW": 5, "msg": "proposal", "header view": 6, "prepare view": 4, "hash": "kFp8+So3McG2yp/crA+UXLJ7e1+L/NadJHrbEZU+si4=", "parent": "jgrj6scOqMsv2tOI5ilebUQ0EAUbjhBGBRf6AbYZ3ZQ="}
2022-11-27T04:55:20.160Z	DEBUG	replica=5	coded-hotterstuff/consensus.go:809	new block certified	{"CURRENT VIEW": 5, "view": 5, "hash": "jgrj6scOqMsv2tOI5ilebUQ0EAUbjhBGBRf6AbYZ3ZQ="}
2022-11-27T04:55:20.160Z	DEBUG	replica=5	coded-hotterstuff/consensus.go:520	entered new view	{"CURRENT VIEW": 6, "view timeout": 2, "timedout": false}
2022-11-27T04:55:20.160Z	DEBUG	replica=5	coded-hotterstuff/consensus.go:788	new block locked	{"CURRENT VIEW": 6, "view": 4, "hash": "8WqYPi7RnJLtEHQ0we0AUFXAprYP7gJj7Cq2GuiCGb4="}
2022-11-27T04:55:20.160Z	INFO	replica=5	coded-hotterstuff/consensus.go:797	new block commited	{"CURRENT VIEW": 6, "view": 3, "hash": "cLFzFj8B5QK8hCmGW/OU2JuMGjA5BWSI/G1faUNJ6uM="}
2022-11-27T04:55:20.163Z	DEBUG	replica=5	coded-hotterstuff/consensus.go:678	proposal is safe to vote on	{"CURRENT VIEW": 5, "msg": "proposal", "header view": 6, "prepare view": 4, "hash": "kFp8+So3McG2yp/crA+UXLJ7e1+L/NadJHrbEZU+si4=", "parent": "jgrj6scOqMsv2tOI5ilebUQ0EAUbjhBGBRf6AbYZ3ZQ="}
Node  5 +1 block finalized at time:  2022-11-27 04:55:20.165634535 +0000 UTC m=+20.015390248
replica 5 is forwarding chunk to replica 0
replica 5 is forwarding chunk to replica 1
replica 5 is forwarding chunk to replica 2
replica 5 is forwarding chunk to replica 3
replica 5 is forwarding chunk to replica 4
replica 5 is forwarding chunk to replica 6
replica 5 is forwarding chunk to replica 8
replica 5 is forwarding chunk to replica 0
replica 5 is forwarding chunk to replica 1
replica 5 is forwarding chunk to replica 2
replica 5 is forwarding chunk to replica 3
replica 5 is forwarding chunk to replica 4
replica 5 is forwarding chunk to replica 6
replica 5 is forwarding chunk to replica 8
Decoded original proposal, time: 2022-11-27 04:55:23.042358122 +0000 UTC m=+22.892113844 header hash: [144 90 124 249 42 55 49 193 182 202 159 220 172 15 148 92 178 123 123 95 139 252 214 157 36 122 219 17 149 62 178 46]
2022-11-27T04:55:23.042Z	DEBUG	replica=5	coded-hotterstuff/consensus.go:576	received proposal	{"CURRENT VIEW": 6, "msg": "proposal", "header view": 6, "prepare view": 5, "hash": "kFp8+So3McG2yp/crA+UXLJ7e1+L/NadJHrbEZU+si4=", "parent": "jgrj6scOqMsv2tOI5ilebUQ0EAUbjhBGBRf6AbYZ3ZQ="}
Decoded original proposal, time: 2022-11-27 04:55:23.069389712 +0000 UTC m=+22.919145499 header hash: [82 186 70 5 171 170 163 31 242 237 216 214 91 95 174 96 9 56 150 120 198 10 139 98 230 188 67 131 78 157 60 15]
2022-11-27T04:55:23.069Z	DEBUG	replica=5	coded-hotterstuff/consensus.go:576	received proposal	{"CURRENT VIEW": 6, "msg": "proposal", "header view": 7, "prepare view": 5, "hash": "UrpGBauqox/y7djWW1+uYAk4lnjGCoti5rxDg06dPA8=", "parent": "kFp8+So3McG2yp/crA+UXLJ7e1+L/NadJHrbEZU+si4="}
2022-11-27T04:55:23.080Z	DEBUG	replica=5	coded-hotterstuff/consensus.go:809	new block certified	{"CURRENT VIEW": 6, "view": 6, "hash": "kFp8+So3McG2yp/crA+UXLJ7e1+L/NadJHrbEZU+si4="}
2022-11-27T04:55:23.080Z	DEBUG	replica=5	coded-hotterstuff/consensus.go:520	entered new view	{"CURRENT VIEW": 7, "view timeout": 2, "timedout": false}
2022-11-27T04:55:23.080Z	DEBUG	replica=5	coded-hotterstuff/consensus.go:788	new block locked	{"CURRENT VIEW": 7, "view": 5, "hash": "jgrj6scOqMsv2tOI5ilebUQ0EAUbjhBGBRf6AbYZ3ZQ="}
2022-11-27T04:55:23.080Z	INFO	replica=5	coded-hotterstuff/consensus.go:797	new block commited	{"CURRENT VIEW": 7, "view": 4, "hash": "8WqYPi7RnJLtEHQ0we0AUFXAprYP7gJj7Cq2GuiCGb4="}
2022-11-27T04:55:23.081Z	DEBUG	replica=5	coded-hotterstuff/consensus.go:678	proposal is safe to vote on	{"CURRENT VIEW": 6, "msg": "proposal", "header view": 7, "prepare view": 5, "hash": "UrpGBauqox/y7djWW1+uYAk4lnjGCoti5rxDg06dPA8=", "parent": "kFp8+So3McG2yp/crA+UXLJ7e1+L/NadJHrbEZU+si4="}
Node  5 +1 block finalized at time:  2022-11-27 04:55:23.085228468 +0000 UTC m=+22.934984192
replica 5 is forwarding chunk to replica 0
replica 5 is forwarding chunk to replica 1
replica 5 is forwarding chunk to replica 2
replica 5 is forwarding chunk to replica 3
replica 5 is forwarding chunk to replica 4
replica 5 is forwarding chunk to replica 6
replica 5 is forwarding chunk to replica 8
Decoded original proposal, time: 2022-11-27 04:55:24.983123548 +0000 UTC m=+24.832879326 header hash: [144 90 124 249 42 55 49 193 182 202 159 220 172 15 148 92 178 123 123 95 139 252 214 157 36 122 219 17 149 62 178 46]
2022-11-27T04:55:24.983Z	DEBUG	replica=5	coded-hotterstuff/consensus.go:576	received proposal	{"CURRENT VIEW": 7, "msg": "proposal", "header view": 6, "prepare view": 6, "hash": "kFp8+So3McG2yp/crA+UXLJ7e1+L/NadJHrbEZU+si4=", "parent": "jgrj6scOqMsv2tOI5ilebUQ0EAUbjhBGBRf6AbYZ3ZQ="}
2022-11-27T04:55:24.993Z	DEBUG	replica=5	coded-hotterstuff/consensus.go:667	proposal view doesn't match local view	{"CURRENT VIEW": 7, "msg": "proposal", "header view": 6, "prepare view": 6, "hash": "kFp8+So3McG2yp/crA+UXLJ7e1+L/NadJHrbEZU+si4=", "parent": "jgrj6scOqMsv2tOI5ilebUQ0EAUbjhBGBRf6AbYZ3ZQ="}
Decoded original proposal, time: 2022-11-27 04:55:25.422605004 +0000 UTC m=+25.272360735 header hash: [82 186 70 5 171 170 163 31 242 237 216 214 91 95 174 96 9 56 150 120 198 10 139 98 230 188 67 131 78 157 60 15]
2022-11-27T04:55:25.422Z	DEBUG	replica=5	coded-hotterstuff/consensus.go:576	received proposal	{"CURRENT VIEW": 7, "msg": "proposal", "header view": 7, "prepare view": 6, "hash": "UrpGBauqox/y7djWW1+uYAk4lnjGCoti5rxDg06dPA8=", "parent": "kFp8+So3McG2yp/crA+UXLJ7e1+L/NadJHrbEZU+si4="}
replica 5 is forwarding chunk to replica 0
replica 5 is forwarding chunk to replica 1
replica 5 is forwarding chunk to replica 2
replica 5 is forwarding chunk to replica 3
replica 5 is forwarding chunk to replica 4
replica 5 is forwarding chunk to replica 6
replica 5 is forwarding chunk to replica 7
Decoded original proposal, time: 2022-11-27 04:55:26.421546177 +0000 UTC m=+26.271301947 header hash: [82 186 70 5 171 170 163 31 242 237 216 214 91 95 174 96 9 56 150 120 198 10 139 98 230 188 67 131 78 157 60 15]
2022-11-27T04:55:26.421Z	DEBUG	replica=5	coded-hotterstuff/consensus.go:576	received proposal	{"CURRENT VIEW": 7, "msg": "proposal", "header view": 7, "prepare view": 6, "hash": "UrpGBauqox/y7djWW1+uYAk4lnjGCoti5rxDg06dPA8=", "parent": "kFp8+So3McG2yp/crA+UXLJ7e1+L/NadJHrbEZU+si4="}
replica 5 is forwarding chunk to replica 0
replica 5 is forwarding chunk to replica 1
replica 5 is forwarding chunk to replica 2
replica 5 is forwarding chunk to replica 3
replica 5 is forwarding chunk to replica 4
replica 5 is forwarding chunk to replica 6
replica 5 is forwarding chunk to replica 7
replica 5 is forwarding chunk to replica 0
replica 5 is forwarding chunk to replica 1
replica 5 is forwarding chunk to replica 2
replica 5 is forwarding chunk to replica 3
replica 5 is forwarding chunk to replica 4
replica 5 is forwarding chunk to replica 6
replica 5 is forwarding chunk to replica 7
Decoded original proposal, time: 2022-11-27 04:55:28.775358111 +0000 UTC m=+28.625113842 header hash: [9 212 205 28 110 251 47 242 141 111 167 241 108 89 12 35 155 222 125 75 78 184 7 35 235 24 77 74 102 255 131 11]
2022-11-27T04:55:28.775Z	DEBUG	replica=5	coded-hotterstuff/consensus.go:576	received proposal	{"CURRENT VIEW": 7, "msg": "proposal", "header view": 8, "prepare view": 6, "hash": "CdTNHG77L/KNb6fxbFkMI5vefUtOuAcj6xhNSmb/gws=", "parent": "UrpGBauqox/y7djWW1+uYAk4lnjGCoti5rxDg06dPA8="}
2022-11-27T04:55:28.783Z	DEBUG	replica=5	coded-hotterstuff/consensus.go:809	new block certified	{"CURRENT VIEW": 7, "view": 7, "hash": "UrpGBauqox/y7djWW1+uYAk4lnjGCoti5rxDg06dPA8="}
2022-11-27T04:55:28.783Z	DEBUG	replica=5	coded-hotterstuff/consensus.go:520	entered new view	{"CURRENT VIEW": 8, "view timeout": 2, "timedout": false}
2022-11-27T04:55:28.783Z	DEBUG	replica=5	coded-hotterstuff/consensus.go:788	new block locked	{"CURRENT VIEW": 8, "view": 6, "hash": "kFp8+So3McG2yp/crA+UXLJ7e1+L/NadJHrbEZU+si4="}
2022-11-27T04:55:28.783Z	INFO	replica=5	coded-hotterstuff/consensus.go:797	new block commited	{"CURRENT VIEW": 8, "view": 5, "hash": "jgrj6scOqMsv2tOI5ilebUQ0EAUbjhBGBRf6AbYZ3ZQ="}
2022-11-27T04:55:28.784Z	DEBUG	replica=5	coded-hotterstuff/consensus.go:678	proposal is safe to vote on	{"CURRENT VIEW": 7, "msg": "proposal", "header view": 8, "prepare view": 6, "hash": "CdTNHG77L/KNb6fxbFkMI5vefUtOuAcj6xhNSmb/gws=", "parent": "UrpGBauqox/y7djWW1+uYAk4lnjGCoti5rxDg06dPA8="}
Node  5 +1 block finalized at time:  2022-11-27 04:55:28.786972796 +0000 UTC m=+28.636728522
Decoded original proposal, time: 2022-11-27 04:55:29.722812851 +0000 UTC m=+29.572568621 header hash: [9 212 205 28 110 251 47 242 141 111 167 241 108 89 12 35 155 222 125 75 78 184 7 35 235 24 77 74 102 255 131 11]
2022-11-27T04:55:29.722Z	DEBUG	replica=5	coded-hotterstuff/consensus.go:576	received proposal	{"CURRENT VIEW": 8, "msg": "proposal", "header view": 8, "prepare view": 7, "hash": "CdTNHG77L/KNb6fxbFkMI5vefUtOuAcj6xhNSmb/gws=", "parent": "UrpGBauqox/y7djWW1+uYAk4lnjGCoti5rxDg06dPA8="}
Decoded original proposal, time: 2022-11-27 04:55:30.519054369 +0000 UTC m=+30.368810095 header hash: [9 212 205 28 110 251 47 242 141 111 167 241 108 89 12 35 155 222 125 75 78 184 7 35 235 24 77 74 102 255 131 11]
2022-11-27T04:55:30.519Z	DEBUG	replica=5	coded-hotterstuff/consensus.go:576	received proposal	{"CURRENT VIEW": 8, "msg": "proposal", "header view": 8, "prepare view": 7, "hash": "CdTNHG77L/KNb6fxbFkMI5vefUtOuAcj6xhNSmb/gws=", "parent": "UrpGBauqox/y7djWW1+uYAk4lnjGCoti5rxDg06dPA8="}
replica 5 is forwarding chunk to replica 1
replica 5 is forwarding chunk to replica 2
replica 5 is forwarding chunk to replica 3
replica 5 is forwarding chunk to replica 4
replica 5 is forwarding chunk to replica 6
replica 5 is forwarding chunk to replica 7
replica 5 is forwarding chunk to replica 8
replica 5 is forwarding chunk to replica 1
replica 5 is forwarding chunk to replica 2
replica 5 is forwarding chunk to replica 3
replica 5 is forwarding chunk to replica 4
replica 5 is forwarding chunk to replica 6
replica 5 is forwarding chunk to replica 7
replica 5 is forwarding chunk to replica 8
Decoded original proposal, time: 2022-11-27 04:55:34.259909086 +0000 UTC m=+34.109664867 header hash: [75 152 239 23 193 229 152 187 193 198 49 17 94 0 66 98 109 76 252 99 208 6 227 177 121 255 81 193 174 84 93 16]
2022-11-27T04:55:34.259Z	DEBUG	replica=5	coded-hotterstuff/consensus.go:576	received proposal	{"CURRENT VIEW": 8, "msg": "proposal", "header view": 9, "prepare view": 7, "hash": "S5jvF8HlmLvBxjERXgBCYm1M/GPQBuOxef9Rwa5UXRA=", "parent": "CdTNHG77L/KNb6fxbFkMI5vefUtOuAcj6xhNSmb/gws="}
2022-11-27T04:55:34.268Z	DEBUG	replica=5	coded-hotterstuff/consensus.go:809	new block certified	{"CURRENT VIEW": 8, "view": 8, "hash": "CdTNHG77L/KNb6fxbFkMI5vefUtOuAcj6xhNSmb/gws="}
2022-11-27T04:55:34.268Z	DEBUG	replica=5	coded-hotterstuff/consensus.go:520	entered new view	{"CURRENT VIEW": 9, "view timeout": 2, "timedout": false}
2022-11-27T04:55:34.268Z	DEBUG	replica=5	coded-hotterstuff/consensus.go:788	new block locked	{"CURRENT VIEW": 9, "view": 7, "hash": "UrpGBauqox/y7djWW1+uYAk4lnjGCoti5rxDg06dPA8="}
2022-11-27T04:55:34.268Z	INFO	replica=5	coded-hotterstuff/consensus.go:797	new block commited	{"CURRENT VIEW": 9, "view": 6, "hash": "kFp8+So3McG2yp/crA+UXLJ7e1+L/NadJHrbEZU+si4="}
2022-11-27T04:55:34.270Z	DEBUG	replica=5	coded-hotterstuff/consensus.go:678	proposal is safe to vote on	{"CURRENT VIEW": 8, "msg": "proposal", "header view": 9, "prepare view": 7, "hash": "S5jvF8HlmLvBxjERXgBCYm1M/GPQBuOxef9Rwa5UXRA=", "parent": "CdTNHG77L/KNb6fxbFkMI5vefUtOuAcj6xhNSmb/gws="}
Node  5 +1 block finalized at time:  2022-11-27 04:55:34.272494123 +0000 UTC m=+34.122249837
replica 5 is forwarding chunk to replica 1
replica 5 is forwarding chunk to replica 2
replica 5 is forwarding chunk to replica 3
replica 5 is forwarding chunk to replica 4
replica 5 is forwarding chunk to replica 6
replica 5 is forwarding chunk to replica 7
replica 5 is forwarding chunk to replica 8
Decoded original proposal, time: 2022-11-27 04:55:35.039997005 +0000 UTC m=+34.889752735 header hash: [75 152 239 23 193 229 152 187 193 198 49 17 94 0 66 98 109 76 252 99 208 6 227 177 121 255 81 193 174 84 93 16]
2022-11-27T04:55:35.040Z	DEBUG	replica=5	coded-hotterstuff/consensus.go:576	received proposal	{"CURRENT VIEW": 9, "msg": "proposal", "header view": 9, "prepare view": 8, "hash": "S5jvF8HlmLvBxjERXgBCYm1M/GPQBuOxef9Rwa5UXRA=", "parent": "CdTNHG77L/KNb6fxbFkMI5vefUtOuAcj6xhNSmb/gws="}
Decoded original proposal, time: 2022-11-27 04:55:35.883061285 +0000 UTC m=+35.732817055 header hash: [75 152 239 23 193 229 152 187 193 198 49 17 94 0 66 98 109 76 252 99 208 6 227 177 121 255 81 193 174 84 93 16]
2022-11-27T04:55:35.883Z	DEBUG	replica=5	coded-hotterstuff/consensus.go:576	received proposal	{"CURRENT VIEW": 9, "msg": "proposal", "header view": 9, "prepare view": 8, "hash": "S5jvF8HlmLvBxjERXgBCYm1M/GPQBuOxef9Rwa5UXRA=", "parent": "CdTNHG77L/KNb6fxbFkMI5vefUtOuAcj6xhNSmb/gws="}
replica 5 is forwarding chunk to replica 0
replica 5 is forwarding chunk to replica 2
replica 5 is forwarding chunk to replica 3
replica 5 is forwarding chunk to replica 4
replica 5 is forwarding chunk to replica 6
replica 5 is forwarding chunk to replica 7
replica 5 is forwarding chunk to replica 8
Decoded original proposal, time: 2022-11-27 04:55:37.777702007 +0000 UTC m=+37.627457738 header hash: [27 41 162 234 216 56 3 146 217 203 198 162 48 110 164 219 109 81 22 147 45 180 199 35 245 217 107 204 240 129 84 110]
2022-11-27T04:55:37.777Z	DEBUG	replica=5	coded-hotterstuff/consensus.go:576	received proposal	{"CURRENT VIEW": 9, "msg": "proposal", "header view": 10, "prepare view": 8, "hash": "Gymi6tg4A5LZy8aiMG6k221RFpMttMcj9dlrzPCBVG4=", "parent": "S5jvF8HlmLvBxjERXgBCYm1M/GPQBuOxef9Rwa5UXRA="}
2022-11-27T04:55:37.787Z	DEBUG	replica=5	coded-hotterstuff/consensus.go:809	new block certified	{"CURRENT VIEW": 9, "view": 9, "hash": "S5jvF8HlmLvBxjERXgBCYm1M/GPQBuOxef9Rwa5UXRA="}
2022-11-27T04:55:37.787Z	DEBUG	replica=5	coded-hotterstuff/consensus.go:520	entered new view	{"CURRENT VIEW": 10, "view timeout": 2, "timedout": false}
2022-11-27T04:55:37.788Z	DEBUG	replica=5	coded-hotterstuff/consensus.go:788	new block locked	{"CURRENT VIEW": 10, "view": 8, "hash": "CdTNHG77L/KNb6fxbFkMI5vefUtOuAcj6xhNSmb/gws="}
2022-11-27T04:55:37.788Z	INFO	replica=5	coded-hotterstuff/consensus.go:797	new block commited	{"CURRENT VIEW": 10, "view": 7, "hash": "UrpGBauqox/y7djWW1+uYAk4lnjGCoti5rxDg06dPA8="}
2022-11-27T04:55:37.790Z	DEBUG	replica=5	coded-hotterstuff/consensus.go:678	proposal is safe to vote on	{"CURRENT VIEW": 9, "msg": "proposal", "header view": 10, "prepare view": 8, "hash": "Gymi6tg4A5LZy8aiMG6k221RFpMttMcj9dlrzPCBVG4=", "parent": "S5jvF8HlmLvBxjERXgBCYm1M/GPQBuOxef9Rwa5UXRA="}
Node  5 +1 block finalized at time:  2022-11-27 04:55:37.792438194 +0000 UTC m=+37.642193919
replica 5 is forwarding chunk to replica 0
replica 5 is forwarding chunk to replica 2
replica 5 is forwarding chunk to replica 3
replica 5 is forwarding chunk to replica 4
replica 5 is forwarding chunk to replica 6
replica 5 is forwarding chunk to replica 7
replica 5 is forwarding chunk to replica 8
replica 5 is forwarding chunk to replica 0
replica 5 is forwarding chunk to replica 2
replica 5 is forwarding chunk to replica 3
replica 5 is forwarding chunk to replica 4
replica 5 is forwarding chunk to replica 6
replica 5 is forwarding chunk to replica 7
replica 5 is forwarding chunk to replica 8
Decoded original proposal, time: 2022-11-27 04:55:38.98285017 +0000 UTC m=+38.832605945 header hash: [27 41 162 234 216 56 3 146 217 203 198 162 48 110 164 219 109 81 22 147 45 180 199 35 245 217 107 204 240 129 84 110]
2022-11-27T04:55:38.982Z	DEBUG	replica=5	coded-hotterstuff/consensus.go:576	received proposal	{"CURRENT VIEW": 10, "msg": "proposal", "header view": 10, "prepare view": 9, "hash": "Gymi6tg4A5LZy8aiMG6k221RFpMttMcj9dlrzPCBVG4=", "parent": "S5jvF8HlmLvBxjERXgBCYm1M/GPQBuOxef9Rwa5UXRA="}
Decoded original proposal, time: 2022-11-27 04:55:39.921404137 +0000 UTC m=+39.771159868 header hash: [27 41 162 234 216 56 3 146 217 203 198 162 48 110 164 219 109 81 22 147 45 180 199 35 245 217 107 204 240 129 84 110]
2022-11-27T04:55:39.921Z	DEBUG	replica=5	coded-hotterstuff/consensus.go:576	received proposal	{"CURRENT VIEW": 10, "msg": "proposal", "header view": 10, "prepare view": 9, "hash": "Gymi6tg4A5LZy8aiMG6k221RFpMttMcj9dlrzPCBVG4=", "parent": "S5jvF8HlmLvBxjERXgBCYm1M/GPQBuOxef9Rwa5UXRA="}
replica 5 is forwarding chunk to replica 0
replica 5 is forwarding chunk to replica 1
replica 5 is forwarding chunk to replica 3
replica 5 is forwarding chunk to replica 4
replica 5 is forwarding chunk to replica 6
replica 5 is forwarding chunk to replica 7
replica 5 is forwarding chunk to replica 8
Decoded original proposal, time: 2022-11-27 04:55:41.582340638 +0000 UTC m=+41.432096411 header hash: [36 112 202 110 235 231 254 169 68 108 200 133 25 89 215 19 188 251 85 241 73 155 115 67 11 176 16 17 106 100 183 124]
2022-11-27T04:55:41.582Z	DEBUG	replica=5	coded-hotterstuff/consensus.go:576	received proposal	{"CURRENT VIEW": 10, "msg": "proposal", "header view": 11, "prepare view": 9, "hash": "JHDKbuvn/qlEbMiFGVnXE7z7VfFJm3NDC7AQEWpkt3w=", "parent": "Gymi6tg4A5LZy8aiMG6k221RFpMttMcj9dlrzPCBVG4="}
2022-11-27T04:55:41.590Z	DEBUG	replica=5	coded-hotterstuff/consensus.go:809	new block certified	{"CURRENT VIEW": 10, "view": 10, "hash": "Gymi6tg4A5LZy8aiMG6k221RFpMttMcj9dlrzPCBVG4="}
2022-11-27T04:55:41.590Z	DEBUG	replica=5	coded-hotterstuff/consensus.go:520	entered new view	{"CURRENT VIEW": 11, "view timeout": 2, "timedout": false}
2022-11-27T04:55:41.590Z	DEBUG	replica=5	coded-hotterstuff/consensus.go:788	new block locked	{"CURRENT VIEW": 11, "view": 9, "hash": "S5jvF8HlmLvBxjERXgBCYm1M/GPQBuOxef9Rwa5UXRA="}
2022-11-27T04:55:41.590Z	INFO	replica=5	coded-hotterstuff/consensus.go:797	new block commited	{"CURRENT VIEW": 11, "view": 8, "hash": "CdTNHG77L/KNb6fxbFkMI5vefUtOuAcj6xhNSmb/gws="}
2022-11-27T04:55:41.591Z	DEBUG	replica=5	coded-hotterstuff/consensus.go:678	proposal is safe to vote on	{"CURRENT VIEW": 10, "msg": "proposal", "header view": 11, "prepare view": 9, "hash": "JHDKbuvn/qlEbMiFGVnXE7z7VfFJm3NDC7AQEWpkt3w=", "parent": "Gymi6tg4A5LZy8aiMG6k221RFpMttMcj9dlrzPCBVG4="}
Node  5 +1 block finalized at time:  2022-11-27 04:55:41.593599792 +0000 UTC m=+41.443355512
replica 5 is forwarding chunk to replica 0
replica 5 is forwarding chunk to replica 1
replica 5 is forwarding chunk to replica 3
replica 5 is forwarding chunk to replica 4
replica 5 is forwarding chunk to replica 6
replica 5 is forwarding chunk to replica 7
replica 5 is forwarding chunk to replica 8
Decoded original proposal, time: 2022-11-27 04:55:42.893643384 +0000 UTC m=+42.743399211 header hash: [36 112 202 110 235 231 254 169 68 108 200 133 25 89 215 19 188 251 85 241 73 155 115 67 11 176 16 17 106 100 183 124]
2022-11-27T04:55:42.893Z	DEBUG	replica=5	coded-hotterstuff/consensus.go:576	received proposal	{"CURRENT VIEW": 11, "msg": "proposal", "header view": 11, "prepare view": 10, "hash": "JHDKbuvn/qlEbMiFGVnXE7z7VfFJm3NDC7AQEWpkt3w=", "parent": "Gymi6tg4A5LZy8aiMG6k221RFpMttMcj9dlrzPCBVG4="}
replica 5 is forwarding chunk to replica 0
replica 5 is forwarding chunk to replica 1
replica 5 is forwarding chunk to replica 3
replica 5 is forwarding chunk to replica 4
replica 5 is forwarding chunk to replica 6
replica 5 is forwarding chunk to replica 7
replica 5 is forwarding chunk to replica 8
replica 5 is forwarding chunk to replica 0
replica 5 is forwarding chunk to replica 1
replica 5 is forwarding chunk to replica 2
replica 5 is forwarding chunk to replica 4
replica 5 is forwarding chunk to replica 6
replica 5 is forwarding chunk to replica 7
replica 5 is forwarding chunk to replica 8
Decoded original proposal, time: 2022-11-27 04:55:44.662614537 +0000 UTC m=+44.512370312 header hash: [36 112 202 110 235 231 254 169 68 108 200 133 25 89 215 19 188 251 85 241 73 155 115 67 11 176 16 17 106 100 183 124]
2022-11-27T04:55:44.662Z	DEBUG	replica=5	coded-hotterstuff/consensus.go:576	received proposal	{"CURRENT VIEW": 11, "msg": "proposal", "header view": 11, "prepare view": 10, "hash": "JHDKbuvn/qlEbMiFGVnXE7z7VfFJm3NDC7AQEWpkt3w=", "parent": "Gymi6tg4A5LZy8aiMG6k221RFpMttMcj9dlrzPCBVG4="}
replica 5 is forwarding chunk to replica 0
replica 5 is forwarding chunk to replica 1
replica 5 is forwarding chunk to replica 2
replica 5 is forwarding chunk to replica 4
replica 5 is forwarding chunk to replica 6
replica 5 is forwarding chunk to replica 7
replica 5 is forwarding chunk to replica 8
Decoded original proposal, time: 2022-11-27 04:55:45.521723736 +0000 UTC m=+45.371479515 header hash: [225 164 165 204 236 180 59 151 178 38 118 190 136 53 193 22 146 46 81 162 175 160 6 50 132 174 159 221 166 0 223 96]
2022-11-27T04:55:45.521Z	DEBUG	replica=5	coded-hotterstuff/consensus.go:576	received proposal	{"CURRENT VIEW": 11, "msg": "proposal", "header view": 12, "prepare view": 10, "hash": "4aSlzOy0O5eyJna+iDXBFpIuUaKvoAYyhK6f3aYA32A=", "parent": "JHDKbuvn/qlEbMiFGVnXE7z7VfFJm3NDC7AQEWpkt3w="}
2022-11-27T04:55:45.529Z	DEBUG	replica=5	coded-hotterstuff/consensus.go:809	new block certified	{"CURRENT VIEW": 11, "view": 11, "hash": "JHDKbuvn/qlEbMiFGVnXE7z7VfFJm3NDC7AQEWpkt3w="}
2022-11-27T04:55:45.529Z	DEBUG	replica=5	coded-hotterstuff/consensus.go:520	entered new view	{"CURRENT VIEW": 12, "view timeout": 2, "timedout": false}
2022-11-27T04:55:45.529Z	DEBUG	replica=5	coded-hotterstuff/consensus.go:788	new block locked	{"CURRENT VIEW": 12, "view": 10, "hash": "Gymi6tg4A5LZy8aiMG6k221RFpMttMcj9dlrzPCBVG4="}
2022-11-27T04:55:45.529Z	INFO	replica=5	coded-hotterstuff/consensus.go:797	new block commited	{"CURRENT VIEW": 12, "view": 9, "hash": "S5jvF8HlmLvBxjERXgBCYm1M/GPQBuOxef9Rwa5UXRA="}
2022-11-27T04:55:45.530Z	DEBUG	replica=5	coded-hotterstuff/consensus.go:678	proposal is safe to vote on	{"CURRENT VIEW": 11, "msg": "proposal", "header view": 12, "prepare view": 10, "hash": "4aSlzOy0O5eyJna+iDXBFpIuUaKvoAYyhK6f3aYA32A=", "parent": "JHDKbuvn/qlEbMiFGVnXE7z7VfFJm3NDC7AQEWpkt3w="}
Node  5 +1 block finalized at time:  2022-11-27 04:55:45.532396279 +0000 UTC m=+45.382152005
Decoded original proposal, time: 2022-11-27 04:55:46.36047663 +0000 UTC m=+46.210232401 header hash: [225 164 165 204 236 180 59 151 178 38 118 190 136 53 193 22 146 46 81 162 175 160 6 50 132 174 159 221 166 0 223 96]
2022-11-27T04:55:46.360Z	DEBUG	replica=5	coded-hotterstuff/consensus.go:576	received proposal	{"CURRENT VIEW": 12, "msg": "proposal", "header view": 12, "prepare view": 11, "hash": "4aSlzOy0O5eyJna+iDXBFpIuUaKvoAYyhK6f3aYA32A=", "parent": "JHDKbuvn/qlEbMiFGVnXE7z7VfFJm3NDC7AQEWpkt3w="}
replica 5 is forwarding chunk to replica 0
replica 5 is forwarding chunk to replica 1
replica 5 is forwarding chunk to replica 2
replica 5 is forwarding chunk to replica 3
replica 5 is forwarding chunk to replica 6
replica 5 is forwarding chunk to replica 7
replica 5 is forwarding chunk to replica 8
2022-11-27T04:55:48.053Z	DEBUG	replica=5	coded-hotterstuff/consensus.go:965	received vote	{"CURRENT VIEW": 12, "msg": "vote", "voter": 4, "view": 12, "hash": "N0cMWKpZHmTkF/OJGwaFHU4Y2cZrG1h733+F25H9V6E="}
Node  5  received vote before proposal, saving vote in pending votes, hash is  [55 71 12 88 170 89 30 100 228 23 243 137 27 6 133 29 78 24 217 198 107 27 88 123 223 127 133 219 145 253 87 161]  and string is,  13
2022-11-27T04:55:48.053Z	DEBUG	replica=5	coded-hotterstuff/consensus.go:970	Received vote before proposal, key is, 13	{"CURRENT VIEW": 12}
Decoded original proposal, time: 2022-11-27 04:55:48.848530097 +0000 UTC m=+48.698285870 header hash: [55 71 12 88 170 89 30 100 228 23 243 137 27 6 133 29 78 24 217 198 107 27 88 123 223 127 133 219 145 253 87 161]
2022-11-27T04:55:48.848Z	DEBUG	replica=5	coded-hotterstuff/consensus.go:576	received proposal	{"CURRENT VIEW": 12, "msg": "proposal", "header view": 13, "prepare view": 11, "hash": "N0cMWKpZHmTkF/OJGwaFHU4Y2cZrG1h733+F25H9V6E=", "parent": "4aSlzOy0O5eyJna+iDXBFpIuUaKvoAYyhK6f3aYA32A="}
2022-11-27T04:55:48.856Z	DEBUG	replica=5	coded-hotterstuff/consensus.go:809	new block certified	{"CURRENT VIEW": 12, "view": 12, "hash": "4aSlzOy0O5eyJna+iDXBFpIuUaKvoAYyhK6f3aYA32A="}
2022-11-27T04:55:48.856Z	DEBUG	replica=5	coded-hotterstuff/consensus.go:520	entered new view	{"CURRENT VIEW": 13, "view timeout": 2, "timedout": false}
2022-11-27T04:55:48.856Z	DEBUG	replica=5	coded-hotterstuff/consensus.go:535	replica is a leader for next view. collecting new-view messages	{"CURRENT VIEW": 13}
2022-11-27T04:55:48.856Z	DEBUG	replica=5	coded-hotterstuff/consensus.go:788	new block locked	{"CURRENT VIEW": 13, "view": 11, "hash": "JHDKbuvn/qlEbMiFGVnXE7z7VfFJm3NDC7AQEWpkt3w="}
2022-11-27T04:55:48.856Z	INFO	replica=5	coded-hotterstuff/consensus.go:797	new block commited	{"CURRENT VIEW": 13, "view": 10, "hash": "Gymi6tg4A5LZy8aiMG6k221RFpMttMcj9dlrzPCBVG4="}
2022-11-27T04:55:48.858Z	DEBUG	replica=5	coded-hotterstuff/consensus.go:678	proposal is safe to vote on	{"CURRENT VIEW": 12, "msg": "proposal", "header view": 13, "prepare view": 11, "hash": "N0cMWKpZHmTkF/OJGwaFHU4Y2cZrG1h733+F25H9V6E=", "parent": "4aSlzOy0O5eyJna+iDXBFpIuUaKvoAYyhK6f3aYA32A="}
2022-11-27T04:55:48.858Z	DEBUG	replica=5	coded-hotterstuff/consensus.go:758	Taking care of pending vote 13	{"CURRENT VIEW": 13}
2022-11-27T04:55:48.858Z	DEBUG	replica=5	coded-hotterstuff/consensus.go:965	received vote	{"CURRENT VIEW": 13, "msg": "vote", "voter": 4, "view": 13, "hash": "N0cMWKpZHmTkF/OJGwaFHU4Y2cZrG1h733+F25H9V6E="}
2022-11-27T04:55:48.863Z	DEBUG	replica=5	coded-hotterstuff/consensus.go:965	received vote	{"CURRENT VIEW": 13, "msg": "vote", "voter": 5, "view": 13, "hash": "N0cMWKpZHmTkF/OJGwaFHU4Y2cZrG1h733+F25H9V6E="}
Node  5 +1 block finalized at time:  2022-11-27 04:55:48.868802461 +0000 UTC m=+48.718558175
2022-11-27T04:55:48.990Z	DEBUG	replica=5	coded-hotterstuff/consensus.go:965	received vote	{"CURRENT VIEW": 13, "msg": "vote", "voter": 6, "view": 13, "hash": "N0cMWKpZHmTkF/OJGwaFHU4Y2cZrG1h733+F25H9V6E="}
2022-11-27T04:55:49.033Z	DEBUG	replica=5	coded-hotterstuff/consensus.go:965	received vote	{"CURRENT VIEW": 13, "msg": "vote", "voter": 7, "view": 13, "hash": "N0cMWKpZHmTkF/OJGwaFHU4Y2cZrG1h733+F25H9V6E="}
replica 5 is forwarding chunk to replica 0
replica 5 is forwarding chunk to replica 1
replica 5 is forwarding chunk to replica 2
replica 5 is forwarding chunk to replica 3
replica 5 is forwarding chunk to replica 6
replica 5 is forwarding chunk to replica 7
replica 5 is forwarding chunk to replica 8
2022-11-27T04:55:49.966Z	DEBUG	replica=5	coded-hotterstuff/consensus.go:965	received vote	{"CURRENT VIEW": 13, "msg": "vote", "voter": 0, "view": 13, "hash": "N0cMWKpZHmTkF/OJGwaFHU4Y2cZrG1h733+F25H9V6E="}
2022-11-27T04:55:50.035Z	DEBUG	replica=5	coded-hotterstuff/consensus.go:965	received vote	{"CURRENT VIEW": 13, "msg": "vote", "voter": 2, "view": 13, "hash": "N0cMWKpZHmTkF/OJGwaFHU4Y2cZrG1h733+F25H9V6E="}
2022-11-27T04:55:50.040Z	DEBUG	replica=5	coded-hotterstuff/consensus.go:965	received vote	{"CURRENT VIEW": 13, "msg": "vote", "voter": 8, "view": 13, "hash": "N0cMWKpZHmTkF/OJGwaFHU4Y2cZrG1h733+F25H9V6E="}
2022-11-27T04:55:50.046Z	DEBUG	replica=5	coded-hotterstuff/consensus.go:809	new block certified	{"CURRENT VIEW": 13, "view": 13, "hash": "N0cMWKpZHmTkF/OJGwaFHU4Y2cZrG1h733+F25H9V6E="}
2022-11-27T04:55:50.046Z	DEBUG	replica=5	coded-hotterstuff/consensus.go:520	entered new view	{"CURRENT VIEW": 14, "view timeout": 2, "timedout": false}
2022-11-27T04:55:50.046Z	DEBUG	replica=5	coded-hotterstuff/consensus.go:544	replica is a leader for this view. waiting for data	{"CURRENT VIEW": 14}
2022-11-27T04:55:50.046Z	DEBUG	replica=5	coded-hotterstuff/consensus.go:520	entered new view	{"CURRENT VIEW": 14, "view timeout": 2, "timedout": false}
2022-11-27T04:55:50.046Z	DEBUG	replica=5	coded-hotterstuff/consensus.go:544	replica is a leader for this view. waiting for data	{"CURRENT VIEW": 14}
2022-11-27T04:55:50.049Z	DEBUG	replica=5	coded-hotterstuff/consensus.go:238	sending proposal	{"CURRENT VIEW": 14, "hash": "s0+dCVQ5w8iE2Z+DCswdFLdP8QD8T++9aicJwYKZbok=", "parent": "N0cMWKpZHmTkF/OJGwaFHU4Y2cZrG1h733+F25H9V6E=", "signer": 5}
2022-11-27T04:55:50.050Z	DEBUG	replica=5	coded-hotterstuff/consensus.go:576	received proposal	{"CURRENT VIEW": 14, "msg": "proposal", "header view": 14, "prepare view": 13, "hash": "s0+dCVQ5w8iE2Z+DCswdFLdP8QD8T++9aicJwYKZbok=", "parent": "N0cMWKpZHmTkF/OJGwaFHU4Y2cZrG1h733+F25H9V6E="}
2022-11-27T04:55:50.059Z	DEBUG	replica=5	coded-hotterstuff/consensus.go:788	new block locked	{"CURRENT VIEW": 14, "view": 12, "hash": "4aSlzOy0O5eyJna+iDXBFpIuUaKvoAYyhK6f3aYA32A="}
2022-11-27T04:55:50.059Z	INFO	replica=5	coded-hotterstuff/consensus.go:797	new block commited	{"CURRENT VIEW": 14, "view": 11, "hash": "JHDKbuvn/qlEbMiFGVnXE7z7VfFJm3NDC7AQEWpkt3w="}
2022-11-27T04:55:50.062Z	DEBUG	replica=5	coded-hotterstuff/consensus.go:678	proposal is safe to vote on	{"CURRENT VIEW": 14, "msg": "proposal", "header view": 14, "prepare view": 13, "hash": "s0+dCVQ5w8iE2Z+DCswdFLdP8QD8T++9aicJwYKZbok=", "parent": "N0cMWKpZHmTkF/OJGwaFHU4Y2cZrG1h733+F25H9V6E="}
Node  5 +1 block finalized at time:  2022-11-27 04:55:50.064617666 +0000 UTC m=+49.914373381
2022-11-27T04:55:50.070Z	DEBUG	replica=5	coded-hotterstuff/consensus.go:965	received vote	{"CURRENT VIEW": 14, "msg": "vote", "voter": 3, "view": 14, "hash": "N0cMWKpZHmTkF/OJGwaFHU4Y2cZrG1h733+F25H9V6E="}
2022-11-27T04:55:50.077Z	DEBUG	replica=5	coded-hotterstuff/consensus.go:520	entered new view	{"CURRENT VIEW": 14, "view timeout": 2, "timedout": false}
2022-11-27T04:55:50.078Z	DEBUG	replica=5	coded-hotterstuff/consensus.go:544	replica is a leader for this view. waiting for data	{"CURRENT VIEW": 14}
2022-11-27T04:55:50.081Z	DEBUG	replica=5	coded-hotterstuff/consensus.go:238	sending proposal	{"CURRENT VIEW": 14, "hash": "s0+dCVQ5w8iE2Z+DCswdFLdP8QD8T++9aicJwYKZbok=", "parent": "N0cMWKpZHmTkF/OJGwaFHU4Y2cZrG1h733+F25H9V6E=", "signer": 5}
2022-11-27T04:55:50.082Z	DEBUG	replica=5	coded-hotterstuff/consensus.go:576	received proposal	{"CURRENT VIEW": 14, "msg": "proposal", "header view": 14, "prepare view": 13, "hash": "s0+dCVQ5w8iE2Z+DCswdFLdP8QD8T++9aicJwYKZbok=", "parent": "N0cMWKpZHmTkF/OJGwaFHU4Y2cZrG1h733+F25H9V6E="}
Decoded original proposal, time: 2022-11-27 04:55:50.121823213 +0000 UTC m=+49.971578946 header hash: [55 71 12 88 170 89 30 100 228 23 243 137 27 6 133 29 78 24 217 198 107 27 88 123 223 127 133 219 145 253 87 161]
2022-11-27T04:55:50.121Z	DEBUG	replica=5	coded-hotterstuff/consensus.go:576	received proposal	{"CURRENT VIEW": 14, "msg": "proposal", "header view": 13, "prepare view": 13, "hash": "N0cMWKpZHmTkF/OJGwaFHU4Y2cZrG1h733+F25H9V6E=", "parent": "4aSlzOy0O5eyJna+iDXBFpIuUaKvoAYyhK6f3aYA32A="}
2022-11-27T04:55:50.133Z	DEBUG	replica=5	coded-hotterstuff/consensus.go:667	proposal view doesn't match local view	{"CURRENT VIEW": 14, "msg": "proposal", "header view": 13, "prepare view": 13, "hash": "N0cMWKpZHmTkF/OJGwaFHU4Y2cZrG1h733+F25H9V6E=", "parent": "4aSlzOy0O5eyJna+iDXBFpIuUaKvoAYyhK6f3aYA32A="}
2022-11-27T04:55:50.133Z	DEBUG	replica=5	coded-hotterstuff/consensus.go:965	received vote	{"CURRENT VIEW": 14, "msg": "vote", "voter": 1, "view": 14, "hash": "N0cMWKpZHmTkF/OJGwaFHU4Y2cZrG1h733+F25H9V6E="}
2022-11-27T04:55:50.141Z	DEBUG	replica=5	coded-hotterstuff/consensus.go:520	entered new view	{"CURRENT VIEW": 14, "view timeout": 2, "timedout": false}
2022-11-27T04:55:50.141Z	DEBUG	replica=5	coded-hotterstuff/consensus.go:544	replica is a leader for this view. waiting for data	{"CURRENT VIEW": 14}
2022-11-27T04:55:50.144Z	DEBUG	replica=5	coded-hotterstuff/consensus.go:238	sending proposal	{"CURRENT VIEW": 14, "hash": "s0+dCVQ5w8iE2Z+DCswdFLdP8QD8T++9aicJwYKZbok=", "parent": "N0cMWKpZHmTkF/OJGwaFHU4Y2cZrG1h733+F25H9V6E=", "signer": 5}
2022-11-27T04:55:50.145Z	DEBUG	replica=5	coded-hotterstuff/consensus.go:576	received proposal	{"CURRENT VIEW": 14, "msg": "proposal", "header view": 14, "prepare view": 13, "hash": "s0+dCVQ5w8iE2Z+DCswdFLdP8QD8T++9aicJwYKZbok=", "parent": "N0cMWKpZHmTkF/OJGwaFHU4Y2cZrG1h733+F25H9V6E="}
replica 5 is forwarding chunk to replica 0
replica 5 is forwarding chunk to replica 1
replica 5 is forwarding chunk to replica 2
replica 5 is forwarding chunk to replica 3
replica 5 is forwarding chunk to replica 6
replica 5 is forwarding chunk to replica 7
replica 5 is forwarding chunk to replica 8
Decoded original proposal, time: 2022-11-27 04:55:51.350114266 +0000 UTC m=+51.199870038 header hash: [55 71 12 88 170 89 30 100 228 23 243 137 27 6 133 29 78 24 217 198 107 27 88 123 223 127 133 219 145 253 87 161]
2022-11-27T04:55:51.350Z	DEBUG	replica=5	coded-hotterstuff/consensus.go:576	received proposal	{"CURRENT VIEW": 14, "msg": "proposal", "header view": 13, "prepare view": 13, "hash": "N0cMWKpZHmTkF/OJGwaFHU4Y2cZrG1h733+F25H9V6E=", "parent": "4aSlzOy0O5eyJna+iDXBFpIuUaKvoAYyhK6f3aYA32A="}
2022-11-27T04:55:51.358Z	DEBUG	replica=5	coded-hotterstuff/consensus.go:667	proposal view doesn't match local view	{"CURRENT VIEW": 14, "msg": "proposal", "header view": 13, "prepare view": 13, "hash": "N0cMWKpZHmTkF/OJGwaFHU4Y2cZrG1h733+F25H9V6E=", "parent": "4aSlzOy0O5eyJna+iDXBFpIuUaKvoAYyhK6f3aYA32A="}
replica 5 is forwarding chunk to replica 0
replica 5 is forwarding chunk to replica 1
replica 5 is forwarding chunk to replica 2
replica 5 is forwarding chunk to replica 3
replica 5 is forwarding chunk to replica 4
replica 5 is forwarding chunk to replica 7
replica 5 is forwarding chunk to replica 8
Decoded original proposal, time: 2022-11-27 04:55:56.743347282 +0000 UTC m=+56.593103051 header hash: [202 72 185 184 152 74 130 52 19 230 34 218 220 212 95 146 25 2 29 196 82 105 189 28 182 138 255 42 166 91 160 208]
2022-11-27T04:55:56.743Z	DEBUG	replica=5	coded-hotterstuff/consensus.go:576	received proposal	{"CURRENT VIEW": 14, "msg": "proposal", "header view": 15, "prepare view": 13, "hash": "yki5uJhKgjQT5iLa3NRfkhkCHcRSab0ctor/KqZboNA=", "parent": "s0+dCVQ5w8iE2Z+DCswdFLdP8QD8T++9aicJwYKZbok="}
2022-11-27T04:55:56.751Z	DEBUG	replica=5	coded-hotterstuff/consensus.go:809	new block certified	{"CURRENT VIEW": 14, "view": 14, "hash": "s0+dCVQ5w8iE2Z+DCswdFLdP8QD8T++9aicJwYKZbok="}
2022-11-27T04:55:56.751Z	DEBUG	replica=5	coded-hotterstuff/consensus.go:520	entered new view	{"CURRENT VIEW": 15, "view timeout": 2, "timedout": false}
2022-11-27T04:55:56.751Z	DEBUG	replica=5	coded-hotterstuff/consensus.go:788	new block locked	{"CURRENT VIEW": 15, "view": 13, "hash": "N0cMWKpZHmTkF/OJGwaFHU4Y2cZrG1h733+F25H9V6E="}
2022-11-27T04:55:56.751Z	INFO	replica=5	coded-hotterstuff/consensus.go:797	new block commited	{"CURRENT VIEW": 15, "view": 12, "hash": "4aSlzOy0O5eyJna+iDXBFpIuUaKvoAYyhK6f3aYA32A="}
2022-11-27T04:55:56.752Z	DEBUG	replica=5	coded-hotterstuff/consensus.go:678	proposal is safe to vote on	{"CURRENT VIEW": 14, "msg": "proposal", "header view": 15, "prepare view": 13, "hash": "yki5uJhKgjQT5iLa3NRfkhkCHcRSab0ctor/KqZboNA=", "parent": "s0+dCVQ5w8iE2Z+DCswdFLdP8QD8T++9aicJwYKZbok="}
Node  5 +1 block finalized at time:  2022-11-27 04:55:56.754875184 +0000 UTC m=+56.604630910
replica 5 is forwarding chunk to replica 0
replica 5 is forwarding chunk to replica 1
replica 5 is forwarding chunk to replica 2
replica 5 is forwarding chunk to replica 3
replica 5 is forwarding chunk to replica 4
replica 5 is forwarding chunk to replica 7
replica 5 is forwarding chunk to replica 8
Decoded original proposal, time: 2022-11-27 04:55:57.857216016 +0000 UTC m=+57.706971747 header hash: [202 72 185 184 152 74 130 52 19 230 34 218 220 212 95 146 25 2 29 196 82 105 189 28 182 138 255 42 166 91 160 208]
2022-11-27T04:55:57.857Z	DEBUG	replica=5	coded-hotterstuff/consensus.go:576	received proposal	{"CURRENT VIEW": 15, "msg": "proposal", "header view": 15, "prepare view": 14, "hash": "yki5uJhKgjQT5iLa3NRfkhkCHcRSab0ctor/KqZboNA=", "parent": "s0+dCVQ5w8iE2Z+DCswdFLdP8QD8T++9aicJwYKZbok="}
replica 5 is forwarding chunk to replica 0
replica 5 is forwarding chunk to replica 1
replica 5 is forwarding chunk to replica 2
replica 5 is forwarding chunk to replica 3
replica 5 is forwarding chunk to replica 4
replica 5 is forwarding chunk to replica 7
replica 5 is forwarding chunk to replica 8
replica 5 is forwarding chunk to replica 0
replica 5 is forwarding chunk to replica 1
replica 5 is forwarding chunk to replica 2
replica 5 is forwarding chunk to replica 3
replica 5 is forwarding chunk to replica 4
replica 5 is forwarding chunk to replica 6
replica 5 is forwarding chunk to replica 8
Decoded original proposal, time: 2022-11-27 04:55:59.293672589 +0000 UTC m=+59.143428360 header hash: [202 72 185 184 152 74 130 52 19 230 34 218 220 212 95 146 25 2 29 196 82 105 189 28 182 138 255 42 166 91 160 208]
2022-11-27T04:55:59.293Z	DEBUG	replica=5	coded-hotterstuff/consensus.go:576	received proposal	{"CURRENT VIEW": 15, "msg": "proposal", "header view": 15, "prepare view": 14, "hash": "yki5uJhKgjQT5iLa3NRfkhkCHcRSab0ctor/KqZboNA=", "parent": "s0+dCVQ5w8iE2Z+DCswdFLdP8QD8T++9aicJwYKZbok="}
replica 5 is forwarding chunk to replica 0
replica 5 is forwarding chunk to replica 1
replica 5 is forwarding chunk to replica 2
replica 5 is forwarding chunk to replica 3
replica 5 is forwarding chunk to replica 4
replica 5 is forwarding chunk to replica 6
replica 5 is forwarding chunk to replica 8
Decoded original proposal, time: 2022-11-27 04:56:00.503646519 +0000 UTC m=+60.353402250 header hash: [60 3 172 192 158 69 228 82 139 18 154 192 39 84 167 184 246 172 168 97 72 51 107 161 52 135 29 101 211 31 104 44]
2022-11-27T04:56:00.503Z	DEBUG	replica=5	coded-hotterstuff/consensus.go:576	received proposal	{"CURRENT VIEW": 15, "msg": "proposal", "header view": 16, "prepare view": 14, "hash": "PAOswJ5F5FKLEprAJ1SnuPasqGFIM2uhNIcdZdMfaCw=", "parent": "yki5uJhKgjQT5iLa3NRfkhkCHcRSab0ctor/KqZboNA="}
2022-11-27T04:56:00.511Z	DEBUG	replica=5	coded-hotterstuff/consensus.go:809	new block certified	{"CURRENT VIEW": 15, "view": 15, "hash": "yki5uJhKgjQT5iLa3NRfkhkCHcRSab0ctor/KqZboNA="}
2022-11-27T04:56:00.511Z	DEBUG	replica=5	coded-hotterstuff/consensus.go:520	entered new view	{"CURRENT VIEW": 16, "view timeout": 2, "timedout": false}
2022-11-27T04:56:00.511Z	DEBUG	replica=5	coded-hotterstuff/consensus.go:788	new block locked	{"CURRENT VIEW": 16, "view": 14, "hash": "s0+dCVQ5w8iE2Z+DCswdFLdP8QD8T++9aicJwYKZbok="}
2022-11-27T04:56:00.511Z	INFO	replica=5	coded-hotterstuff/consensus.go:797	new block commited	{"CURRENT VIEW": 16, "view": 13, "hash": "N0cMWKpZHmTkF/OJGwaFHU4Y2cZrG1h733+F25H9V6E="}
2022-11-27T04:56:00.513Z	DEBUG	replica=5	coded-hotterstuff/consensus.go:678	proposal is safe to vote on	{"CURRENT VIEW": 15, "msg": "proposal", "header view": 16, "prepare view": 14, "hash": "PAOswJ5F5FKLEprAJ1SnuPasqGFIM2uhNIcdZdMfaCw=", "parent": "yki5uJhKgjQT5iLa3NRfkhkCHcRSab0ctor/KqZboNA="}
Node  5 +1 block finalized at time:  2022-11-27 04:56:00.516287657 +0000 UTC m=+60.366043385
replica 5 is forwarding chunk to replica 0
replica 5 is forwarding chunk to replica 1
replica 5 is forwarding chunk to replica 2
replica 5 is forwarding chunk to replica 3
replica 5 is forwarding chunk to replica 4
replica 5 is forwarding chunk to replica 6
replica 5 is forwarding chunk to replica 8
Decoded original proposal, time: 2022-11-27 04:56:01.560078125 +0000 UTC m=+61.409833883 header hash: [60 3 172 192 158 69 228 82 139 18 154 192 39 84 167 184 246 172 168 97 72 51 107 161 52 135 29 101 211 31 104 44]
2022-11-27T04:56:01.560Z	DEBUG	replica=5	coded-hotterstuff/consensus.go:576	received proposal	{"CURRENT VIEW": 16, "msg": "proposal", "header view": 16, "prepare view": 15, "hash": "PAOswJ5F5FKLEprAJ1SnuPasqGFIM2uhNIcdZdMfaCw=", "parent": "yki5uJhKgjQT5iLa3NRfkhkCHcRSab0ctor/KqZboNA="}
Decoded original proposal, time: 2022-11-27 04:56:02.679197462 +0000 UTC m=+62.528953237 header hash: [60 3 172 192 158 69 228 82 139 18 154 192 39 84 167 184 246 172 168 97 72 51 107 161 52 135 29 101 211 31 104 44]
2022-11-27T04:56:02.679Z	DEBUG	replica=5	coded-hotterstuff/consensus.go:576	received proposal	{"CURRENT VIEW": 16, "msg": "proposal", "header view": 16, "prepare view": 15, "hash": "PAOswJ5F5FKLEprAJ1SnuPasqGFIM2uhNIcdZdMfaCw=", "parent": "yki5uJhKgjQT5iLa3NRfkhkCHcRSab0ctor/KqZboNA="}
replica 5 is forwarding chunk to replica 0
replica 5 is forwarding chunk to replica 1
replica 5 is forwarding chunk to replica 2
replica 5 is forwarding chunk to replica 3
replica 5 is forwarding chunk to replica 4
replica 5 is forwarding chunk to replica 6
replica 5 is forwarding chunk to replica 7
Decoded original proposal, time: 2022-11-27 04:56:04.804575803 +0000 UTC m=+64.654331535 header hash: [125 188 128 163 149 74 17 87 102 203 151 169 127 222 108 104 174 185 14 72 28 223 232 151 172 204 94 91 117 235 43 104]
2022-11-27T04:56:04.804Z	DEBUG	replica=5	coded-hotterstuff/consensus.go:576	received proposal	{"CURRENT VIEW": 16, "msg": "proposal", "header view": 17, "prepare view": 15, "hash": "fbyAo5VKEVdmy5epf95saK65Dkgc3+iXrMxeW3XrK2g=", "parent": "PAOswJ5F5FKLEprAJ1SnuPasqGFIM2uhNIcdZdMfaCw="}
2022-11-27T04:56:04.812Z	DEBUG	replica=5	coded-hotterstuff/consensus.go:809	new block certified	{"CURRENT VIEW": 16, "view": 16, "hash": "PAOswJ5F5FKLEprAJ1SnuPasqGFIM2uhNIcdZdMfaCw="}
2022-11-27T04:56:04.812Z	DEBUG	replica=5	coded-hotterstuff/consensus.go:520	entered new view	{"CURRENT VIEW": 17, "view timeout": 2, "timedout": false}
2022-11-27T04:56:04.812Z	DEBUG	replica=5	coded-hotterstuff/consensus.go:788	new block locked	{"CURRENT VIEW": 17, "view": 15, "hash": "yki5uJhKgjQT5iLa3NRfkhkCHcRSab0ctor/KqZboNA="}
2022-11-27T04:56:04.812Z	INFO	replica=5	coded-hotterstuff/consensus.go:797	new block commited	{"CURRENT VIEW": 17, "view": 14, "hash": "s0+dCVQ5w8iE2Z+DCswdFLdP8QD8T++9aicJwYKZbok="}
2022-11-27T04:56:04.813Z	DEBUG	replica=5	coded-hotterstuff/consensus.go:678	proposal is safe to vote on	{"CURRENT VIEW": 16, "msg": "proposal", "header view": 17, "prepare view": 15, "hash": "fbyAo5VKEVdmy5epf95saK65Dkgc3+iXrMxeW3XrK2g=", "parent": "PAOswJ5F5FKLEprAJ1SnuPasqGFIM2uhNIcdZdMfaCw="}
Node  5 +1 block finalized at time:  2022-11-27 04:56:04.815881789 +0000 UTC m=+64.665637512
replica 5 is forwarding chunk to replica 0
replica 5 is forwarding chunk to replica 1
replica 5 is forwarding chunk to replica 2
replica 5 is forwarding chunk to replica 3
replica 5 is forwarding chunk to replica 4
replica 5 is forwarding chunk to replica 6
replica 5 is forwarding chunk to replica 7
Decoded original proposal, time: 2022-11-27 04:56:05.908035737 +0000 UTC m=+65.757791512 header hash: [125 188 128 163 149 74 17 87 102 203 151 169 127 222 108 104 174 185 14 72 28 223 232 151 172 204 94 91 117 235 43 104]
2022-11-27T04:56:05.908Z	DEBUG	replica=5	coded-hotterstuff/consensus.go:576	received proposal	{"CURRENT VIEW": 17, "msg": "proposal", "header view": 17, "prepare view": 16, "hash": "fbyAo5VKEVdmy5epf95saK65Dkgc3+iXrMxeW3XrK2g=", "parent": "PAOswJ5F5FKLEprAJ1SnuPasqGFIM2uhNIcdZdMfaCw="}
replica 5 is forwarding chunk to replica 0
replica 5 is forwarding chunk to replica 1
replica 5 is forwarding chunk to replica 2
replica 5 is forwarding chunk to replica 3
replica 5 is forwarding chunk to replica 4
replica 5 is forwarding chunk to replica 6
replica 5 is forwarding chunk to replica 7
replica 5 is forwarding chunk to replica 1
replica 5 is forwarding chunk to replica 2
replica 5 is forwarding chunk to replica 3
replica 5 is forwarding chunk to replica 4
replica 5 is forwarding chunk to replica 6
replica 5 is forwarding chunk to replica 7
replica 5 is forwarding chunk to replica 8
Decoded original proposal, time: 2022-11-27 04:56:07.054873821 +0000 UTC m=+66.904629594 header hash: [125 188 128 163 149 74 17 87 102 203 151 169 127 222 108 104 174 185 14 72 28 223 232 151 172 204 94 91 117 235 43 104]
2022-11-27T04:56:07.054Z	DEBUG	replica=5	coded-hotterstuff/consensus.go:576	received proposal	{"CURRENT VIEW": 17, "msg": "proposal", "header view": 17, "prepare view": 16, "hash": "fbyAo5VKEVdmy5epf95saK65Dkgc3+iXrMxeW3XrK2g=", "parent": "PAOswJ5F5FKLEprAJ1SnuPasqGFIM2uhNIcdZdMfaCw="}
replica 5 is forwarding chunk to replica 1
replica 5 is forwarding chunk to replica 2
replica 5 is forwarding chunk to replica 3
replica 5 is forwarding chunk to replica 4
replica 5 is forwarding chunk to replica 6
replica 5 is forwarding chunk to replica 7
replica 5 is forwarding chunk to replica 8
Decoded original proposal, time: 2022-11-27 04:56:08.624059188 +0000 UTC m=+68.473814959 header hash: [233 71 193 36 185 72 95 92 29 220 193 120 223 14 188 72 252 159 62 199 112 113 252 214 161 209 254 215 214 224 205 19]
2022-11-27T04:56:08.624Z	DEBUG	replica=5	coded-hotterstuff/consensus.go:576	received proposal	{"CURRENT VIEW": 17, "msg": "proposal", "header view": 18, "prepare view": 16, "hash": "6UfBJLlIX1wd3MF43w68SPyfPsdwcfzWodH+19bgzRM=", "parent": "fbyAo5VKEVdmy5epf95saK65Dkgc3+iXrMxeW3XrK2g="}
2022-11-27T04:56:08.632Z	DEBUG	replica=5	coded-hotterstuff/consensus.go:809	new block certified	{"CURRENT VIEW": 17, "view": 17, "hash": "fbyAo5VKEVdmy5epf95saK65Dkgc3+iXrMxeW3XrK2g="}
2022-11-27T04:56:08.632Z	DEBUG	replica=5	coded-hotterstuff/consensus.go:520	entered new view	{"CURRENT VIEW": 18, "view timeout": 2, "timedout": false}
2022-11-27T04:56:08.632Z	DEBUG	replica=5	coded-hotterstuff/consensus.go:788	new block locked	{"CURRENT VIEW": 18, "view": 16, "hash": "PAOswJ5F5FKLEprAJ1SnuPasqGFIM2uhNIcdZdMfaCw="}
2022-11-27T04:56:08.632Z	INFO	replica=5	coded-hotterstuff/consensus.go:797	new block commited	{"CURRENT VIEW": 18, "view": 15, "hash": "yki5uJhKgjQT5iLa3NRfkhkCHcRSab0ctor/KqZboNA="}
2022-11-27T04:56:08.636Z	DEBUG	replica=5	coded-hotterstuff/consensus.go:678	proposal is safe to vote on	{"CURRENT VIEW": 17, "msg": "proposal", "header view": 18, "prepare view": 16, "hash": "6UfBJLlIX1wd3MF43w68SPyfPsdwcfzWodH+19bgzRM=", "parent": "fbyAo5VKEVdmy5epf95saK65Dkgc3+iXrMxeW3XrK2g="}
Node  5 +1 block finalized at time:  2022-11-27 04:56:08.638125643 +0000 UTC m=+68.487881370
replica 5 is forwarding chunk to replica 1
replica 5 is forwarding chunk to replica 2
replica 5 is forwarding chunk to replica 3
replica 5 is forwarding chunk to replica 4
replica 5 is forwarding chunk to replica 6
replica 5 is forwarding chunk to replica 7
replica 5 is forwarding chunk to replica 8
Decoded original proposal, time: 2022-11-27 04:56:09.976163371 +0000 UTC m=+69.825919144 header hash: [233 71 193 36 185 72 95 92 29 220 193 120 223 14 188 72 252 159 62 199 112 113 252 214 161 209 254 215 214 224 205 19]
2022-11-27T04:56:09.976Z	DEBUG	replica=5	coded-hotterstuff/consensus.go:576	received proposal	{"CURRENT VIEW": 18, "msg": "proposal", "header view": 18, "prepare view": 17, "hash": "6UfBJLlIX1wd3MF43w68SPyfPsdwcfzWodH+19bgzRM=", "parent": "fbyAo5VKEVdmy5epf95saK65Dkgc3+iXrMxeW3XrK2g="}
Decoded original proposal, time: 2022-11-27 04:56:10.84504001 +0000 UTC m=+70.694795789 header hash: [233 71 193 36 185 72 95 92 29 220 193 120 223 14 188 72 252 159 62 199 112 113 252 214 161 209 254 215 214 224 205 19]
2022-11-27T04:56:10.845Z	DEBUG	replica=5	coded-hotterstuff/consensus.go:576	received proposal	{"CURRENT VIEW": 18, "msg": "proposal", "header view": 18, "prepare view": 17, "hash": "6UfBJLlIX1wd3MF43w68SPyfPsdwcfzWodH+19bgzRM=", "parent": "fbyAo5VKEVdmy5epf95saK65Dkgc3+iXrMxeW3XrK2g="}
replica 5 is forwarding chunk to replica 0
replica 5 is forwarding chunk to replica 2
replica 5 is forwarding chunk to replica 3
replica 5 is forwarding chunk to replica 4
replica 5 is forwarding chunk to replica 6
replica 5 is forwarding chunk to replica 7
replica 5 is forwarding chunk to replica 8
Decoded original proposal, time: 2022-11-27 04:56:13.469181513 +0000 UTC m=+73.318937270 header hash: [185 41 143 39 105 99 203 192 159 254 69 93 97 168 179 24 114 209 232 19 130 40 155 35 149 96 233 98 157 146 62 14]
2022-11-27T04:56:13.469Z	DEBUG	replica=5	coded-hotterstuff/consensus.go:576	received proposal	{"CURRENT VIEW": 18, "msg": "proposal", "header view": 19, "prepare view": 17, "hash": "uSmPJ2ljy8Cf/kVdYaizGHLR6BOCKJsjlWDpYp2SPg4=", "parent": "6UfBJLlIX1wd3MF43w68SPyfPsdwcfzWodH+19bgzRM="}
2022-11-27T04:56:13.478Z	DEBUG	replica=5	coded-hotterstuff/consensus.go:809	new block certified	{"CURRENT VIEW": 18, "view": 18, "hash": "6UfBJLlIX1wd3MF43w68SPyfPsdwcfzWodH+19bgzRM="}
2022-11-27T04:56:13.479Z	DEBUG	replica=5	coded-hotterstuff/consensus.go:520	entered new view	{"CURRENT VIEW": 19, "view timeout": 2, "timedout": false}
2022-11-27T04:56:13.479Z	DEBUG	replica=5	coded-hotterstuff/consensus.go:788	new block locked	{"CURRENT VIEW": 19, "view": 17, "hash": "fbyAo5VKEVdmy5epf95saK65Dkgc3+iXrMxeW3XrK2g="}
2022-11-27T04:56:13.479Z	INFO	replica=5	coded-hotterstuff/consensus.go:797	new block commited	{"CURRENT VIEW": 19, "view": 16, "hash": "PAOswJ5F5FKLEprAJ1SnuPasqGFIM2uhNIcdZdMfaCw="}
2022-11-27T04:56:13.482Z	DEBUG	replica=5	coded-hotterstuff/consensus.go:678	proposal is safe to vote on	{"CURRENT VIEW": 18, "msg": "proposal", "header view": 19, "prepare view": 17, "hash": "uSmPJ2ljy8Cf/kVdYaizGHLR6BOCKJsjlWDpYp2SPg4=", "parent": "6UfBJLlIX1wd3MF43w68SPyfPsdwcfzWodH+19bgzRM="}
Node  5 +1 block finalized at time:  2022-11-27 04:56:13.484987997 +0000 UTC m=+73.334743722
replica 5 is forwarding chunk to replica 0
replica 5 is forwarding chunk to replica 2
replica 5 is forwarding chunk to replica 3
replica 5 is forwarding chunk to replica 4
replica 5 is forwarding chunk to replica 6
replica 5 is forwarding chunk to replica 7
replica 5 is forwarding chunk to replica 8
Decoded original proposal, time: 2022-11-27 04:56:14.557635018 +0000 UTC m=+74.407390746 header hash: [185 41 143 39 105 99 203 192 159 254 69 93 97 168 179 24 114 209 232 19 130 40 155 35 149 96 233 98 157 146 62 14]
2022-11-27T04:56:14.557Z	DEBUG	replica=5	coded-hotterstuff/consensus.go:576	received proposal	{"CURRENT VIEW": 19, "msg": "proposal", "header view": 19, "prepare view": 18, "hash": "uSmPJ2ljy8Cf/kVdYaizGHLR6BOCKJsjlWDpYp2SPg4=", "parent": "6UfBJLlIX1wd3MF43w68SPyfPsdwcfzWodH+19bgzRM="}
replica 5 is forwarding chunk to replica 0
replica 5 is forwarding chunk to replica 2
replica 5 is forwarding chunk to replica 3
replica 5 is forwarding chunk to replica 4
replica 5 is forwarding chunk to replica 6
replica 5 is forwarding chunk to replica 7
replica 5 is forwarding chunk to replica 8
Decoded original proposal, time: 2022-11-27 04:56:15.590577333 +0000 UTC m=+75.440333102 header hash: [185 41 143 39 105 99 203 192 159 254 69 93 97 168 179 24 114 209 232 19 130 40 155 35 149 96 233 98 157 146 62 14]
2022-11-27T04:56:15.590Z	DEBUG	replica=5	coded-hotterstuff/consensus.go:576	received proposal	{"CURRENT VIEW": 19, "msg": "proposal", "header view": 19, "prepare view": 18, "hash": "uSmPJ2ljy8Cf/kVdYaizGHLR6BOCKJsjlWDpYp2SPg4=", "parent": "6UfBJLlIX1wd3MF43w68SPyfPsdwcfzWodH+19bgzRM="}
replica 5 is forwarding chunk to replica 0
replica 5 is forwarding chunk to replica 1
replica 5 is forwarding chunk to replica 3
replica 5 is forwarding chunk to replica 4
replica 5 is forwarding chunk to replica 6
replica 5 is forwarding chunk to replica 7
replica 5 is forwarding chunk to replica 8
Decoded original proposal, time: 2022-11-27 04:56:17.134934137 +0000 UTC m=+76.984689917 header hash: [13 182 191 15 143 42 152 29 239 84 127 36 77 221 124 199 27 48 113 31 51 226 178 103 166 208 44 11 123 31 191 52]
2022-11-27T04:56:17.134Z	DEBUG	replica=5	coded-hotterstuff/consensus.go:576	received proposal	{"CURRENT VIEW": 19, "msg": "proposal", "header view": 20, "prepare view": 18, "hash": "Dba/D48qmB3vVH8kTd18xxswcR8z4rJnptAsC3sfvzQ=", "parent": "uSmPJ2ljy8Cf/kVdYaizGHLR6BOCKJsjlWDpYp2SPg4="}
2022-11-27T04:56:17.142Z	DEBUG	replica=5	coded-hotterstuff/consensus.go:809	new block certified	{"CURRENT VIEW": 19, "view": 19, "hash": "uSmPJ2ljy8Cf/kVdYaizGHLR6BOCKJsjlWDpYp2SPg4="}
2022-11-27T04:56:17.142Z	DEBUG	replica=5	coded-hotterstuff/consensus.go:520	entered new view	{"CURRENT VIEW": 20, "view timeout": 2, "timedout": false}
2022-11-27T04:56:17.142Z	DEBUG	replica=5	coded-hotterstuff/consensus.go:788	new block locked	{"CURRENT VIEW": 20, "view": 18, "hash": "6UfBJLlIX1wd3MF43w68SPyfPsdwcfzWodH+19bgzRM="}
2022-11-27T04:56:17.142Z	INFO	replica=5	coded-hotterstuff/consensus.go:797	new block commited	{"CURRENT VIEW": 20, "view": 17, "hash": "fbyAo5VKEVdmy5epf95saK65Dkgc3+iXrMxeW3XrK2g="}
2022-11-27T04:56:17.143Z	DEBUG	replica=5	coded-hotterstuff/consensus.go:678	proposal is safe to vote on	{"CURRENT VIEW": 19, "msg": "proposal", "header view": 20, "prepare view": 18, "hash": "Dba/D48qmB3vVH8kTd18xxswcR8z4rJnptAsC3sfvzQ=", "parent": "uSmPJ2ljy8Cf/kVdYaizGHLR6BOCKJsjlWDpYp2SPg4="}
Node  5 +1 block finalized at time:  2022-11-27 04:56:17.145783609 +0000 UTC m=+76.995539323
replica 5 is forwarding chunk to replica 0
replica 5 is forwarding chunk to replica 1
replica 5 is forwarding chunk to replica 3
replica 5 is forwarding chunk to replica 4
replica 5 is forwarding chunk to replica 6
replica 5 is forwarding chunk to replica 7
replica 5 is forwarding chunk to replica 8
Decoded original proposal, time: 2022-11-27 04:56:18.265868264 +0000 UTC m=+78.115623989 header hash: [13 182 191 15 143 42 152 29 239 84 127 36 77 221 124 199 27 48 113 31 51 226 178 103 166 208 44 11 123 31 191 52]
2022-11-27T04:56:18.265Z	DEBUG	replica=5	coded-hotterstuff/consensus.go:576	received proposal	{"CURRENT VIEW": 20, "msg": "proposal", "header view": 20, "prepare view": 19, "hash": "Dba/D48qmB3vVH8kTd18xxswcR8z4rJnptAsC3sfvzQ=", "parent": "uSmPJ2ljy8Cf/kVdYaizGHLR6BOCKJsjlWDpYp2SPg4="}
replica 5 is forwarding chunk to replica 0
replica 5 is forwarding chunk to replica 1
replica 5 is forwarding chunk to replica 3
replica 5 is forwarding chunk to replica 4
replica 5 is forwarding chunk to replica 6
replica 5 is forwarding chunk to replica 7
replica 5 is forwarding chunk to replica 8
Decoded original proposal, time: 2022-11-27 04:56:19.324730884 +0000 UTC m=+79.174486609 header hash: [13 182 191 15 143 42 152 29 239 84 127 36 77 221 124 199 27 48 113 31 51 226 178 103 166 208 44 11 123 31 191 52]
2022-11-27T04:56:19.324Z	DEBUG	replica=5	coded-hotterstuff/consensus.go:576	received proposal	{"CURRENT VIEW": 20, "msg": "proposal", "header view": 20, "prepare view": 19, "hash": "Dba/D48qmB3vVH8kTd18xxswcR8z4rJnptAsC3sfvzQ=", "parent": "uSmPJ2ljy8Cf/kVdYaizGHLR6BOCKJsjlWDpYp2SPg4="}
replica 5 is forwarding chunk to replica 0
replica 5 is forwarding chunk to replica 1
replica 5 is forwarding chunk to replica 2
replica 5 is forwarding chunk to replica 4
replica 5 is forwarding chunk to replica 6
replica 5 is forwarding chunk to replica 7
replica 5 is forwarding chunk to replica 8
replica 5 is forwarding chunk to replica 0
replica 5 is forwarding chunk to replica 1
replica 5 is forwarding chunk to replica 2
replica 5 is forwarding chunk to replica 4
replica 5 is forwarding chunk to replica 6
replica 5 is forwarding chunk to replica 7
replica 5 is forwarding chunk to replica 8
Decoded original proposal, time: 2022-11-27 04:56:20.927620854 +0000 UTC m=+80.777376626 header hash: [209 38 65 65 46 4 226 145 106 139 61 138 29 3 67 4 115 15 92 233 3 182 204 209 81 205 132 59 223 246 130 103]
2022-11-27T04:56:20.927Z	DEBUG	replica=5	coded-hotterstuff/consensus.go:576	received proposal	{"CURRENT VIEW": 20, "msg": "proposal", "header view": 21, "prepare view": 19, "hash": "0SZBQS4E4pFqiz2KHQNDBHMPXOkDtszRUc2EO9/2gmc=", "parent": "Dba/D48qmB3vVH8kTd18xxswcR8z4rJnptAsC3sfvzQ="}
2022-11-27T04:56:20.935Z	DEBUG	replica=5	coded-hotterstuff/consensus.go:809	new block certified	{"CURRENT VIEW": 20, "view": 20, "hash": "Dba/D48qmB3vVH8kTd18xxswcR8z4rJnptAsC3sfvzQ="}
2022-11-27T04:56:20.935Z	DEBUG	replica=5	coded-hotterstuff/consensus.go:520	entered new view	{"CURRENT VIEW": 21, "view timeout": 2, "timedout": false}
2022-11-27T04:56:20.935Z	DEBUG	replica=5	coded-hotterstuff/consensus.go:788	new block locked	{"CURRENT VIEW": 21, "view": 19, "hash": "uSmPJ2ljy8Cf/kVdYaizGHLR6BOCKJsjlWDpYp2SPg4="}
2022-11-27T04:56:20.935Z	INFO	replica=5	coded-hotterstuff/consensus.go:797	new block commited	{"CURRENT VIEW": 21, "view": 18, "hash": "6UfBJLlIX1wd3MF43w68SPyfPsdwcfzWodH+19bgzRM="}
2022-11-27T04:56:20.936Z	DEBUG	replica=5	coded-hotterstuff/consensus.go:678	proposal is safe to vote on	{"CURRENT VIEW": 20, "msg": "proposal", "header view": 21, "prepare view": 19, "hash": "0SZBQS4E4pFqiz2KHQNDBHMPXOkDtszRUc2EO9/2gmc=", "parent": "Dba/D48qmB3vVH8kTd18xxswcR8z4rJnptAsC3sfvzQ="}
Node  5 +1 block finalized at time:  2022-11-27 04:56:20.93804579 +0000 UTC m=+80.787801503
Decoded original proposal, time: 2022-11-27 04:56:21.859822023 +0000 UTC m=+81.709577796 header hash: [209 38 65 65 46 4 226 145 106 139 61 138 29 3 67 4 115 15 92 233 3 182 204 209 81 205 132 59 223 246 130 103]
2022-11-27T04:56:21.859Z	DEBUG	replica=5	coded-hotterstuff/consensus.go:576	received proposal	{"CURRENT VIEW": 21, "msg": "proposal", "header view": 21, "prepare view": 20, "hash": "0SZBQS4E4pFqiz2KHQNDBHMPXOkDtszRUc2EO9/2gmc=", "parent": "Dba/D48qmB3vVH8kTd18xxswcR8z4rJnptAsC3sfvzQ="}
replica 5 is forwarding chunk to replica 0
replica 5 is forwarding chunk to replica 1
replica 5 is forwarding chunk to replica 2
replica 5 is forwarding chunk to replica 4
replica 5 is forwarding chunk to replica 6
replica 5 is forwarding chunk to replica 7
replica 5 is forwarding chunk to replica 8
Decoded original proposal, time: 2022-11-27 04:56:23.873061528 +0000 UTC m=+83.722817301 header hash: [209 38 65 65 46 4 226 145 106 139 61 138 29 3 67 4 115 15 92 233 3 182 204 209 81 205 132 59 223 246 130 103]
2022-11-27T04:56:23.873Z	DEBUG	replica=5	coded-hotterstuff/consensus.go:576	received proposal	{"CURRENT VIEW": 21, "msg": "proposal", "header view": 21, "prepare view": 20, "hash": "0SZBQS4E4pFqiz2KHQNDBHMPXOkDtszRUc2EO9/2gmc=", "parent": "Dba/D48qmB3vVH8kTd18xxswcR8z4rJnptAsC3sfvzQ="}
replica 5 is forwarding chunk to replica 0
replica 5 is forwarding chunk to replica 1
replica 5 is forwarding chunk to replica 2
replica 5 is forwarding chunk to replica 3
replica 5 is forwarding chunk to replica 6
replica 5 is forwarding chunk to replica 7
replica 5 is forwarding chunk to replica 8
2022-11-27T04:56:23.936Z	DEBUG	replica=5	coded-hotterstuff/consensus.go:965	received vote	{"CURRENT VIEW": 21, "msg": "vote", "voter": 4, "view": 21, "hash": "7Bb+cvmJVOtnuxbz/jTx3aPFOlXYkwYfrDz8TccKono="}
Node  5  received vote before proposal, saving vote in pending votes, hash is  [236 22 254 114 249 137 84 235 103 187 22 243 254 52 241 221 163 197 58 85 216 147 6 31 172 60 252 77 199 10 162 122]  and string is,  22
2022-11-27T04:56:23.936Z	DEBUG	replica=5	coded-hotterstuff/consensus.go:970	Received vote before proposal, key is, 22	{"CURRENT VIEW": 21}
Decoded original proposal, time: 2022-11-27 04:56:25.073798652 +0000 UTC m=+84.923554413 header hash: [236 22 254 114 249 137 84 235 103 187 22 243 254 52 241 221 163 197 58 85 216 147 6 31 172 60 252 77 199 10 162 122]
2022-11-27T04:56:25.073Z	DEBUG	replica=5	coded-hotterstuff/consensus.go:576	received proposal	{"CURRENT VIEW": 21, "msg": "proposal", "header view": 22, "prepare view": 20, "hash": "7Bb+cvmJVOtnuxbz/jTx3aPFOlXYkwYfrDz8TccKono=", "parent": "0SZBQS4E4pFqiz2KHQNDBHMPXOkDtszRUc2EO9/2gmc="}
2022-11-27T04:56:25.081Z	DEBUG	replica=5	coded-hotterstuff/consensus.go:809	new block certified	{"CURRENT VIEW": 21, "view": 21, "hash": "0SZBQS4E4pFqiz2KHQNDBHMPXOkDtszRUc2EO9/2gmc="}
2022-11-27T04:56:25.081Z	DEBUG	replica=5	coded-hotterstuff/consensus.go:520	entered new view	{"CURRENT VIEW": 22, "view timeout": 2, "timedout": false}
2022-11-27T04:56:25.081Z	DEBUG	replica=5	coded-hotterstuff/consensus.go:535	replica is a leader for next view. collecting new-view messages	{"CURRENT VIEW": 22}
2022-11-27T04:56:25.081Z	DEBUG	replica=5	coded-hotterstuff/consensus.go:788	new block locked	{"CURRENT VIEW": 22, "view": 20, "hash": "Dba/D48qmB3vVH8kTd18xxswcR8z4rJnptAsC3sfvzQ="}
2022-11-27T04:56:25.081Z	INFO	replica=5	coded-hotterstuff/consensus.go:797	new block commited	{"CURRENT VIEW": 22, "view": 19, "hash": "uSmPJ2ljy8Cf/kVdYaizGHLR6BOCKJsjlWDpYp2SPg4="}
2022-11-27T04:56:25.083Z	DEBUG	replica=5	coded-hotterstuff/consensus.go:678	proposal is safe to vote on	{"CURRENT VIEW": 21, "msg": "proposal", "header view": 22, "prepare view": 20, "hash": "7Bb+cvmJVOtnuxbz/jTx3aPFOlXYkwYfrDz8TccKono=", "parent": "0SZBQS4E4pFqiz2KHQNDBHMPXOkDtszRUc2EO9/2gmc="}
2022-11-27T04:56:25.083Z	DEBUG	replica=5	coded-hotterstuff/consensus.go:758	Taking care of pending vote 22	{"CURRENT VIEW": 22}
2022-11-27T04:56:25.083Z	DEBUG	replica=5	coded-hotterstuff/consensus.go:965	received vote	{"CURRENT VIEW": 22, "msg": "vote", "voter": 4, "view": 22, "hash": "7Bb+cvmJVOtnuxbz/jTx3aPFOlXYkwYfrDz8TccKono="}
2022-11-27T04:56:25.090Z	DEBUG	replica=5	coded-hotterstuff/consensus.go:965	received vote	{"CURRENT VIEW": 22, "msg": "vote", "voter": 5, "view": 22, "hash": "7Bb+cvmJVOtnuxbz/jTx3aPFOlXYkwYfrDz8TccKono="}
Node  5 +1 block finalized at time:  2022-11-27 04:56:25.095755765 +0000 UTC m=+84.945511493
2022-11-27T04:56:25.139Z	DEBUG	replica=5	coded-hotterstuff/consensus.go:965	received vote	{"CURRENT VIEW": 22, "msg": "vote", "voter": 2, "view": 22, "hash": "7Bb+cvmJVOtnuxbz/jTx3aPFOlXYkwYfrDz8TccKono="}
replica 5 is forwarding chunk to replica 0
replica 5 is forwarding chunk to replica 1
replica 5 is forwarding chunk to replica 2
replica 5 is forwarding chunk to replica 3
replica 5 is forwarding chunk to replica 6
replica 5 is forwarding chunk to replica 7
replica 5 is forwarding chunk to replica 8
2022-11-27T04:56:25.843Z	DEBUG	replica=5	coded-hotterstuff/consensus.go:965	received vote	{"CURRENT VIEW": 22, "msg": "vote", "voter": 7, "view": 22, "hash": "7Bb+cvmJVOtnuxbz/jTx3aPFOlXYkwYfrDz8TccKono="}
2022-11-27T04:56:25.852Z	DEBUG	replica=5	coded-hotterstuff/consensus.go:965	received vote	{"CURRENT VIEW": 22, "msg": "vote", "voter": 3, "view": 22, "hash": "7Bb+cvmJVOtnuxbz/jTx3aPFOlXYkwYfrDz8TccKono="}
2022-11-27T04:56:25.872Z	DEBUG	replica=5	coded-hotterstuff/consensus.go:965	received vote	{"CURRENT VIEW": 22, "msg": "vote", "voter": 0, "view": 22, "hash": "7Bb+cvmJVOtnuxbz/jTx3aPFOlXYkwYfrDz8TccKono="}
Decoded original proposal, time: 2022-11-27 04:56:26.208339688 +0000 UTC m=+86.058095420 header hash: [236 22 254 114 249 137 84 235 103 187 22 243 254 52 241 221 163 197 58 85 216 147 6 31 172 60 252 77 199 10 162 122]
2022-11-27T04:56:26.208Z	DEBUG	replica=5	coded-hotterstuff/consensus.go:576	received proposal	{"CURRENT VIEW": 22, "msg": "proposal", "header view": 22, "prepare view": 21, "hash": "7Bb+cvmJVOtnuxbz/jTx3aPFOlXYkwYfrDz8TccKono=", "parent": "0SZBQS4E4pFqiz2KHQNDBHMPXOkDtszRUc2EO9/2gmc="}
2022-11-27T04:56:26.217Z	DEBUG	replica=5	coded-hotterstuff/consensus.go:965	received vote	{"CURRENT VIEW": 22, "msg": "vote", "voter": 8, "view": 22, "hash": "7Bb+cvmJVOtnuxbz/jTx3aPFOlXYkwYfrDz8TccKono="}
2022-11-27T04:56:26.223Z	DEBUG	replica=5	coded-hotterstuff/consensus.go:809	new block certified	{"CURRENT VIEW": 22, "view": 22, "hash": "7Bb+cvmJVOtnuxbz/jTx3aPFOlXYkwYfrDz8TccKono="}
2022-11-27T04:56:26.223Z	DEBUG	replica=5	coded-hotterstuff/consensus.go:520	entered new view	{"CURRENT VIEW": 23, "view timeout": 2, "timedout": false}
2022-11-27T04:56:26.223Z	DEBUG	replica=5	coded-hotterstuff/consensus.go:544	replica is a leader for this view. waiting for data	{"CURRENT VIEW": 23}
2022-11-27T04:56:26.223Z	DEBUG	replica=5	coded-hotterstuff/consensus.go:520	entered new view	{"CURRENT VIEW": 23, "view timeout": 2, "timedout": false}
2022-11-27T04:56:26.223Z	DEBUG	replica=5	coded-hotterstuff/consensus.go:544	replica is a leader for this view. waiting for data	{"CURRENT VIEW": 23}
2022-11-27T04:56:26.226Z	DEBUG	replica=5	coded-hotterstuff/consensus.go:238	sending proposal	{"CURRENT VIEW": 23, "hash": "pmj4OJzIOBXqJKBq/WB/iFAMQJkaLhcosvbRgseJajI=", "parent": "7Bb+cvmJVOtnuxbz/jTx3aPFOlXYkwYfrDz8TccKono=", "signer": 5}
2022-11-27T04:56:26.227Z	DEBUG	replica=5	coded-hotterstuff/consensus.go:576	received proposal	{"CURRENT VIEW": 23, "msg": "proposal", "header view": 23, "prepare view": 22, "hash": "pmj4OJzIOBXqJKBq/WB/iFAMQJkaLhcosvbRgseJajI=", "parent": "7Bb+cvmJVOtnuxbz/jTx3aPFOlXYkwYfrDz8TccKono="}
2022-11-27T04:56:26.236Z	DEBUG	replica=5	coded-hotterstuff/consensus.go:788	new block locked	{"CURRENT VIEW": 23, "view": 21, "hash": "0SZBQS4E4pFqiz2KHQNDBHMPXOkDtszRUc2EO9/2gmc="}
2022-11-27T04:56:26.236Z	INFO	replica=5	coded-hotterstuff/consensus.go:797	new block commited	{"CURRENT VIEW": 23, "view": 20, "hash": "Dba/D48qmB3vVH8kTd18xxswcR8z4rJnptAsC3sfvzQ="}
2022-11-27T04:56:26.237Z	DEBUG	replica=5	coded-hotterstuff/consensus.go:678	proposal is safe to vote on	{"CURRENT VIEW": 23, "msg": "proposal", "header view": 23, "prepare view": 22, "hash": "pmj4OJzIOBXqJKBq/WB/iFAMQJkaLhcosvbRgseJajI=", "parent": "7Bb+cvmJVOtnuxbz/jTx3aPFOlXYkwYfrDz8TccKono="}
Node  5 +1 block finalized at time:  2022-11-27 04:56:26.23962134 +0000 UTC m=+86.089377067
2022-11-27T04:56:26.383Z	DEBUG	replica=5	coded-hotterstuff/consensus.go:965	received vote	{"CURRENT VIEW": 23, "msg": "vote", "voter": 6, "view": 23, "hash": "7Bb+cvmJVOtnuxbz/jTx3aPFOlXYkwYfrDz8TccKono="}
2022-11-27T04:56:26.388Z	DEBUG	replica=5	coded-hotterstuff/consensus.go:520	entered new view	{"CURRENT VIEW": 23, "view timeout": 2, "timedout": false}
2022-11-27T04:56:26.388Z	DEBUG	replica=5	coded-hotterstuff/consensus.go:544	replica is a leader for this view. waiting for data	{"CURRENT VIEW": 23}
2022-11-27T04:56:26.391Z	DEBUG	replica=5	coded-hotterstuff/consensus.go:238	sending proposal	{"CURRENT VIEW": 23, "hash": "pmj4OJzIOBXqJKBq/WB/iFAMQJkaLhcosvbRgseJajI=", "parent": "7Bb+cvmJVOtnuxbz/jTx3aPFOlXYkwYfrDz8TccKono=", "signer": 5}
2022-11-27T04:56:26.392Z	DEBUG	replica=5	coded-hotterstuff/consensus.go:576	received proposal	{"CURRENT VIEW": 23, "msg": "proposal", "header view": 23, "prepare view": 22, "hash": "pmj4OJzIOBXqJKBq/WB/iFAMQJkaLhcosvbRgseJajI=", "parent": "7Bb+cvmJVOtnuxbz/jTx3aPFOlXYkwYfrDz8TccKono="}
replica 5 is forwarding chunk to replica 0
replica 5 is forwarding chunk to replica 1
replica 5 is forwarding chunk to replica 2
replica 5 is forwarding chunk to replica 3
replica 5 is forwarding chunk to replica 6
replica 5 is forwarding chunk to replica 7
replica 5 is forwarding chunk to replica 8
2022-11-27T04:56:26.823Z	DEBUG	replica=5	coded-hotterstuff/consensus.go:965	received vote	{"CURRENT VIEW": 23, "msg": "vote", "voter": 1, "view": 23, "hash": "7Bb+cvmJVOtnuxbz/jTx3aPFOlXYkwYfrDz8TccKono="}
2022-11-27T04:56:26.828Z	DEBUG	replica=5	coded-hotterstuff/consensus.go:520	entered new view	{"CURRENT VIEW": 23, "view timeout": 2, "timedout": false}
2022-11-27T04:56:26.828Z	DEBUG	replica=5	coded-hotterstuff/consensus.go:544	replica is a leader for this view. waiting for data	{"CURRENT VIEW": 23}
2022-11-27T04:56:26.831Z	DEBUG	replica=5	coded-hotterstuff/consensus.go:238	sending proposal	{"CURRENT VIEW": 23, "hash": "pmj4OJzIOBXqJKBq/WB/iFAMQJkaLhcosvbRgseJajI=", "parent": "7Bb+cvmJVOtnuxbz/jTx3aPFOlXYkwYfrDz8TccKono=", "signer": 5}
2022-11-27T04:56:26.832Z	DEBUG	replica=5	coded-hotterstuff/consensus.go:576	received proposal	{"CURRENT VIEW": 23, "msg": "proposal", "header view": 23, "prepare view": 22, "hash": "pmj4OJzIOBXqJKBq/WB/iFAMQJkaLhcosvbRgseJajI=", "parent": "7Bb+cvmJVOtnuxbz/jTx3aPFOlXYkwYfrDz8TccKono="}
Decoded original proposal, time: 2022-11-27 04:56:27.537890088 +0000 UTC m=+87.387645856 header hash: [236 22 254 114 249 137 84 235 103 187 22 243 254 52 241 221 163 197 58 85 216 147 6 31 172 60 252 77 199 10 162 122]
2022-11-27T04:56:27.537Z	DEBUG	replica=5	coded-hotterstuff/consensus.go:576	received proposal	{"CURRENT VIEW": 23, "msg": "proposal", "header view": 22, "prepare view": 22, "hash": "7Bb+cvmJVOtnuxbz/jTx3aPFOlXYkwYfrDz8TccKono=", "parent": "0SZBQS4E4pFqiz2KHQNDBHMPXOkDtszRUc2EO9/2gmc="}
2022-11-27T04:56:27.545Z	DEBUG	replica=5	coded-hotterstuff/consensus.go:667	proposal view doesn't match local view	{"CURRENT VIEW": 23, "msg": "proposal", "header view": 22, "prepare view": 22, "hash": "7Bb+cvmJVOtnuxbz/jTx3aPFOlXYkwYfrDz8TccKono=", "parent": "0SZBQS4E4pFqiz2KHQNDBHMPXOkDtszRUc2EO9/2gmc="}
replica 5 is forwarding chunk to replica 0
replica 5 is forwarding chunk to replica 1
replica 5 is forwarding chunk to replica 2
replica 5 is forwarding chunk to replica 3
replica 5 is forwarding chunk to replica 4
replica 5 is forwarding chunk to replica 7
replica 5 is forwarding chunk to replica 8
replica 5 is forwarding chunk to replica 0
replica 5 is forwarding chunk to replica 1
replica 5 is forwarding chunk to replica 2
replica 5 is forwarding chunk to replica 3
replica 5 is forwarding chunk to replica 4
replica 5 is forwarding chunk to replica 7
replica 5 is forwarding chunk to replica 8
Decoded original proposal, time: 2022-11-27 04:56:31.992755635 +0000 UTC m=+91.842511366 header hash: [130 41 63 142 209 112 247 120 166 50 171 153 124 242 157 248 90 160 106 115 199 97 142 87 9 193 156 212 226 178 124 29]
2022-11-27T04:56:31.992Z	DEBUG	replica=5	coded-hotterstuff/consensus.go:576	received proposal	{"CURRENT VIEW": 23, "msg": "proposal", "header view": 24, "prepare view": 22, "hash": "gik/jtFw93imMquZfPKd+FqganPHYY5XCcGc1OKyfB0=", "parent": "pmj4OJzIOBXqJKBq/WB/iFAMQJkaLhcosvbRgseJajI="}
2022-11-27T04:56:32.000Z	DEBUG	replica=5	coded-hotterstuff/consensus.go:809	new block certified	{"CURRENT VIEW": 23, "view": 23, "hash": "pmj4OJzIOBXqJKBq/WB/iFAMQJkaLhcosvbRgseJajI="}
2022-11-27T04:56:32.000Z	DEBUG	replica=5	coded-hotterstuff/consensus.go:520	entered new view	{"CURRENT VIEW": 24, "view timeout": 2, "timedout": false}
2022-11-27T04:56:32.000Z	DEBUG	replica=5	coded-hotterstuff/consensus.go:788	new block locked	{"CURRENT VIEW": 24, "view": 22, "hash": "7Bb+cvmJVOtnuxbz/jTx3aPFOlXYkwYfrDz8TccKono="}
2022-11-27T04:56:32.000Z	INFO	replica=5	coded-hotterstuff/consensus.go:797	new block commited	{"CURRENT VIEW": 24, "view": 21, "hash": "0SZBQS4E4pFqiz2KHQNDBHMPXOkDtszRUc2EO9/2gmc="}
2022-11-27T04:56:32.001Z	DEBUG	replica=5	coded-hotterstuff/consensus.go:678	proposal is safe to vote on	{"CURRENT VIEW": 23, "msg": "proposal", "header view": 24, "prepare view": 22, "hash": "gik/jtFw93imMquZfPKd+FqganPHYY5XCcGc1OKyfB0=", "parent": "pmj4OJzIOBXqJKBq/WB/iFAMQJkaLhcosvbRgseJajI="}
Node  5 +1 block finalized at time:  2022-11-27 04:56:32.003418911 +0000 UTC m=+91.853174643
replica 5 is forwarding chunk to replica 0
replica 5 is forwarding chunk to replica 1
replica 5 is forwarding chunk to replica 2
replica 5 is forwarding chunk to replica 3
replica 5 is forwarding chunk to replica 4
replica 5 is forwarding chunk to replica 7
replica 5 is forwarding chunk to replica 8
Decoded original proposal, time: 2022-11-27 04:56:33.180997814 +0000 UTC m=+93.030753570 header hash: [130 41 63 142 209 112 247 120 166 50 171 153 124 242 157 248 90 160 106 115 199 97 142 87 9 193 156 212 226 178 124 29]
2022-11-27T04:56:33.181Z	DEBUG	replica=5	coded-hotterstuff/consensus.go:576	received proposal	{"CURRENT VIEW": 24, "msg": "proposal", "header view": 24, "prepare view": 23, "hash": "gik/jtFw93imMquZfPKd+FqganPHYY5XCcGc1OKyfB0=", "parent": "pmj4OJzIOBXqJKBq/WB/iFAMQJkaLhcosvbRgseJajI="}
Decoded original proposal, time: 2022-11-27 04:56:34.404307231 +0000 UTC m=+94.254063001 header hash: [130 41 63 142 209 112 247 120 166 50 171 153 124 242 157 248 90 160 106 115 199 97 142 87 9 193 156 212 226 178 124 29]
2022-11-27T04:56:34.404Z	DEBUG	replica=5	coded-hotterstuff/consensus.go:576	received proposal	{"CURRENT VIEW": 24, "msg": "proposal", "header view": 24, "prepare view": 23, "hash": "gik/jtFw93imMquZfPKd+FqganPHYY5XCcGc1OKyfB0=", "parent": "pmj4OJzIOBXqJKBq/WB/iFAMQJkaLhcosvbRgseJajI="}
replica 5 is forwarding chunk to replica 0
replica 5 is forwarding chunk to replica 1
replica 5 is forwarding chunk to replica 2
replica 5 is forwarding chunk to replica 3
replica 5 is forwarding chunk to replica 4
replica 5 is forwarding chunk to replica 6
replica 5 is forwarding chunk to replica 8
replica 5 is forwarding chunk to replica 0
replica 5 is forwarding chunk to replica 1
replica 5 is forwarding chunk to replica 2
replica 5 is forwarding chunk to replica 3
replica 5 is forwarding chunk to replica 4
replica 5 is forwarding chunk to replica 6
replica 5 is forwarding chunk to replica 8
replica 5 is forwarding chunk to replica 0
replica 5 is forwarding chunk to replica 1
replica 5 is forwarding chunk to replica 2
replica 5 is forwarding chunk to replica 3
replica 5 is forwarding chunk to replica 4
replica 5 is forwarding chunk to replica 6
replica 5 is forwarding chunk to replica 8
Decoded original proposal, time: 2022-11-27 04:56:37.777049389 +0000 UTC m=+97.626805164 header hash: [82 12 33 240 93 197 165 1 94 69 38 44 114 111 131 23 13 53 141 22 127 230 180 195 211 17 240 209 42 66 163 191]
2022-11-27T04:56:37.777Z	DEBUG	replica=5	coded-hotterstuff/consensus.go:576	received proposal	{"CURRENT VIEW": 24, "msg": "proposal", "header view": 25, "prepare view": 23, "hash": "Ugwh8F3FpQFeRSYscm+DFw01jRZ/5rTD0xHw0SpCo78=", "parent": "gik/jtFw93imMquZfPKd+FqganPHYY5XCcGc1OKyfB0="}
2022-11-27T04:56:37.784Z	DEBUG	replica=5	coded-hotterstuff/consensus.go:809	new block certified	{"CURRENT VIEW": 24, "view": 24, "hash": "gik/jtFw93imMquZfPKd+FqganPHYY5XCcGc1OKyfB0="}
2022-11-27T04:56:37.784Z	DEBUG	replica=5	coded-hotterstuff/consensus.go:520	entered new view	{"CURRENT VIEW": 25, "view timeout": 2, "timedout": false}
2022-11-27T04:56:37.785Z	DEBUG	replica=5	coded-hotterstuff/consensus.go:788	new block locked	{"CURRENT VIEW": 25, "view": 23, "hash": "pmj4OJzIOBXqJKBq/WB/iFAMQJkaLhcosvbRgseJajI="}
2022-11-27T04:56:37.785Z	INFO	replica=5	coded-hotterstuff/consensus.go:797	new block commited	{"CURRENT VIEW": 25, "view": 22, "hash": "7Bb+cvmJVOtnuxbz/jTx3aPFOlXYkwYfrDz8TccKono="}
2022-11-27T04:56:37.787Z	DEBUG	replica=5	coded-hotterstuff/consensus.go:678	proposal is safe to vote on	{"CURRENT VIEW": 24, "msg": "proposal", "header view": 25, "prepare view": 23, "hash": "Ugwh8F3FpQFeRSYscm+DFw01jRZ/5rTD0xHw0SpCo78=", "parent": "gik/jtFw93imMquZfPKd+FqganPHYY5XCcGc1OKyfB0="}
Node  5 +1 block finalized at time:  2022-11-27 04:56:37.789158124 +0000 UTC m=+97.638913846
Decoded original proposal, time: 2022-11-27 04:56:38.885734653 +0000 UTC m=+98.735490426 header hash: [82 12 33 240 93 197 165 1 94 69 38 44 114 111 131 23 13 53 141 22 127 230 180 195 211 17 240 209 42 66 163 191]
2022-11-27T04:56:38.885Z	DEBUG	replica=5	coded-hotterstuff/consensus.go:576	received proposal	{"CURRENT VIEW": 25, "msg": "proposal", "header view": 25, "prepare view": 24, "hash": "Ugwh8F3FpQFeRSYscm+DFw01jRZ/5rTD0xHw0SpCo78=", "parent": "gik/jtFw93imMquZfPKd+FqganPHYY5XCcGc1OKyfB0="}
Decoded original proposal, time: 2022-11-27 04:56:39.562243667 +0000 UTC m=+99.411999440 header hash: [82 12 33 240 93 197 165 1 94 69 38 44 114 111 131 23 13 53 141 22 127 230 180 195 211 17 240 209 42 66 163 191]
2022-11-27T04:56:39.562Z	DEBUG	replica=5	coded-hotterstuff/consensus.go:576	received proposal	{"CURRENT VIEW": 25, "msg": "proposal", "header view": 25, "prepare view": 24, "hash": "Ugwh8F3FpQFeRSYscm+DFw01jRZ/5rTD0xHw0SpCo78=", "parent": "gik/jtFw93imMquZfPKd+FqganPHYY5XCcGc1OKyfB0="}
replica 5 is forwarding chunk to replica 0
replica 5 is forwarding chunk to replica 1
replica 5 is forwarding chunk to replica 2
replica 5 is forwarding chunk to replica 3
replica 5 is forwarding chunk to replica 4
replica 5 is forwarding chunk to replica 6
replica 5 is forwarding chunk to replica 7
replica 5 is forwarding chunk to replica 0
replica 5 is forwarding chunk to replica 1
replica 5 is forwarding chunk to replica 2
replica 5 is forwarding chunk to replica 3
replica 5 is forwarding chunk to replica 4
replica 5 is forwarding chunk to replica 6
replica 5 is forwarding chunk to replica 7
Decoded original proposal, time: 2022-11-27 04:56:40.936685982 +0000 UTC m=+100.786441758 header hash: [4 92 222 242 88 244 7 42 136 122 14 69 49 227 58 66 22 66 11 141 253 91 119 103 62 24 21 53 219 2 9 239]
2022-11-27T04:56:40.936Z	DEBUG	replica=5	coded-hotterstuff/consensus.go:576	received proposal	{"CURRENT VIEW": 25, "msg": "proposal", "header view": 26, "prepare view": 24, "hash": "BFze8lj0ByqIeg5FMeM6QhZCC439W3dnPhgVNdsCCe8=", "parent": "Ugwh8F3FpQFeRSYscm+DFw01jRZ/5rTD0xHw0SpCo78="}
2022-11-27T04:56:40.944Z	DEBUG	replica=5	coded-hotterstuff/consensus.go:809	new block certified	{"CURRENT VIEW": 25, "view": 25, "hash": "Ugwh8F3FpQFeRSYscm+DFw01jRZ/5rTD0xHw0SpCo78="}
2022-11-27T04:56:40.944Z	DEBUG	replica=5	coded-hotterstuff/consensus.go:520	entered new view	{"CURRENT VIEW": 26, "view timeout": 2, "timedout": false}
2022-11-27T04:56:40.944Z	DEBUG	replica=5	coded-hotterstuff/consensus.go:788	new block locked	{"CURRENT VIEW": 26, "view": 24, "hash": "gik/jtFw93imMquZfPKd+FqganPHYY5XCcGc1OKyfB0="}
2022-11-27T04:56:40.944Z	INFO	replica=5	coded-hotterstuff/consensus.go:797	new block commited	{"CURRENT VIEW": 26, "view": 23, "hash": "pmj4OJzIOBXqJKBq/WB/iFAMQJkaLhcosvbRgseJajI="}
2022-11-27T04:56:40.946Z	DEBUG	replica=5	coded-hotterstuff/consensus.go:678	proposal is safe to vote on	{"CURRENT VIEW": 25, "msg": "proposal", "header view": 26, "prepare view": 24, "hash": "BFze8lj0ByqIeg5FMeM6QhZCC439W3dnPhgVNdsCCe8=", "parent": "Ugwh8F3FpQFeRSYscm+DFw01jRZ/5rTD0xHw0SpCo78="}
Node  5 +1 block finalized at time:  2022-11-27 04:56:40.948156763 +0000 UTC m=+100.797912492
Decoded original proposal, time: 2022-11-27 04:56:42.426618062 +0000 UTC m=+102.276373833 header hash: [4 92 222 242 88 244 7 42 136 122 14 69 49 227 58 66 22 66 11 141 253 91 119 103 62 24 21 53 219 2 9 239]
2022-11-27T04:56:42.426Z	DEBUG	replica=5	coded-hotterstuff/consensus.go:576	received proposal	{"CURRENT VIEW": 26, "msg": "proposal", "header view": 26, "prepare view": 25, "hash": "BFze8lj0ByqIeg5FMeM6QhZCC439W3dnPhgVNdsCCe8=", "parent": "Ugwh8F3FpQFeRSYscm+DFw01jRZ/5rTD0xHw0SpCo78="}
replica 5 is forwarding chunk to replica 0
replica 5 is forwarding chunk to replica 1
replica 5 is forwarding chunk to replica 2
replica 5 is forwarding chunk to replica 3
replica 5 is forwarding chunk to replica 4
replica 5 is forwarding chunk to replica 6
replica 5 is forwarding chunk to replica 7
replica 5 is forwarding chunk to replica 1
replica 5 is forwarding chunk to replica 2
replica 5 is forwarding chunk to replica 3
replica 5 is forwarding chunk to replica 4
replica 5 is forwarding chunk to replica 6
replica 5 is forwarding chunk to replica 7
replica 5 is forwarding chunk to replica 8
Decoded original proposal, time: 2022-11-27 04:56:43.794086044 +0000 UTC m=+103.643841818 header hash: [4 92 222 242 88 244 7 42 136 122 14 69 49 227 58 66 22 66 11 141 253 91 119 103 62 24 21 53 219 2 9 239]
2022-11-27T04:56:43.794Z	DEBUG	replica=5	coded-hotterstuff/consensus.go:576	received proposal	{"CURRENT VIEW": 26, "msg": "proposal", "header view": 26, "prepare view": 25, "hash": "BFze8lj0ByqIeg5FMeM6QhZCC439W3dnPhgVNdsCCe8=", "parent": "Ugwh8F3FpQFeRSYscm+DFw01jRZ/5rTD0xHw0SpCo78="}
