Node index: 8
[10.0.1.0:9000 10.0.1.2:9001 10.0.1.4:9002 10.0.1.6:9003 10.0.1.8:9004 10.0.1.10:9005 10.0.1.12:9006 10.0.1.14:9007 10.0.1.16:9008]
node 8 initiating connection to 10.0.1.6:9003
node 8 initiating connection to 10.0.1.10:9005
node 8 successfully initiated connection to 10.0.1.10:9005
node 8 successfully initiated connection to 10.0.1.6:9003
node 8 initiating connection to 10.0.1.8:9004
node 8 successfully initiated connection to 10.0.1.8:9004
node 8 initiating connection to 10.0.1.2:9001
node 8 initiating connection to 10.0.1.4:9002
node 8 successfully initiated connection to 10.0.1.2:9001
node 8 successfully initiated connection to 10.0.1.4:9002
node 8 initiating connection to 10.0.1.0:9000
node 8 successfully initiated connection to 10.0.1.0:9000
node 8 initiating connection to 10.0.1.12:9006
node 8 successfully initiated connection to 10.0.1.12:9006
node 8 initiating connection to 10.0.1.14:9007
node 8 successfully initiated connection to 10.0.1.14:9007
connection established 8 - 4
Node  8 -->  Listening for messages... 
connection established 8 - 5
Node  8 -->  Listening for messages... 
connection established 8 - 2
Node  8 -->  Listening for messages... 
connection established 8 - 0
Node  8 -->  Listening for messages... 
connection established 8 - 6
Node  8 -->  Listening for messages... 
connection established 8 - 7
Node  8 -->  Listening for messages... 
connection established 8 - 1
Node  8 -->  Listening for messages... 
connection established 8 - 3
Node  8 -->  Listening for messages... 
2022-11-28T00:56:07.879Z	DEBUG	replica=8	coded-hotterstuff/consensus.go:520	entered new view	{"CURRENT VIEW": 1, "view timeout": 2, "timedout": false}
replica 8 is forwarding chunk to replica 0
replica 8 is forwarding chunk to replica 2
replica 8 is forwarding chunk to replica 3
replica 8 is forwarding chunk to replica 4
replica 8 is forwarding chunk to replica 5
replica 8 is forwarding chunk to replica 6
replica 8 is forwarding chunk to replica 7
Decoded original proposal, time: 2022-11-28 00:56:12.915594051 +0000 UTC m=+5.190385689 header hash: [72 160 180 233 149 231 108 139 103 97 149 83 197 114 214 128 107 110 76 231 61 205 42 18 190 82 86 133 4 78 235 255]
2022-11-28T00:56:12.915Z	DEBUG	replica=8	coded-hotterstuff/consensus.go:576	received proposal	{"CURRENT VIEW": 1, "msg": "proposal", "header view": 1, "prepare view": 0, "hash": "SKC06ZXnbItnYZVTxXLWgGtuTOc9zSoSvlJWhQRO6/8=", "parent": "GZWDhiYW+ib6TpJWRLDOftUd8y8ovAaEerQWDbefS7c="}
2022-11-28T00:56:12.923Z	DEBUG	replica=8	coded-hotterstuff/consensus.go:777	could not find gparent header	{"CURRENT VIEW": 1, "view": 0, "hash": "GZWDhiYW+ib6TpJWRLDOftUd8y8ovAaEerQWDbefS7c="}
2022-11-28T00:56:12.926Z	DEBUG	replica=8	coded-hotterstuff/consensus.go:678	proposal is safe to vote on	{"CURRENT VIEW": 1, "msg": "proposal", "header view": 1, "prepare view": 0, "hash": "SKC06ZXnbItnYZVTxXLWgGtuTOc9zSoSvlJWhQRO6/8=", "parent": "GZWDhiYW+ib6TpJWRLDOftUd8y8ovAaEerQWDbefS7c="}
replica 8 is forwarding chunk to replica 0
replica 8 is forwarding chunk to replica 1
replica 8 is forwarding chunk to replica 3
replica 8 is forwarding chunk to replica 4
replica 8 is forwarding chunk to replica 5
replica 8 is forwarding chunk to replica 6
replica 8 is forwarding chunk to replica 7
replica 8 is forwarding chunk to replica 0
replica 8 is forwarding chunk to replica 1
replica 8 is forwarding chunk to replica 3
replica 8 is forwarding chunk to replica 4
replica 8 is forwarding chunk to replica 5
replica 8 is forwarding chunk to replica 6
replica 8 is forwarding chunk to replica 7
replica 8 is forwarding chunk to replica 0
replica 8 is forwarding chunk to replica 1
replica 8 is forwarding chunk to replica 3
replica 8 is forwarding chunk to replica 4
replica 8 is forwarding chunk to replica 5
replica 8 is forwarding chunk to replica 6
replica 8 is forwarding chunk to replica 7
Decoded original proposal, time: 2022-11-28 00:56:18.376565017 +0000 UTC m=+10.651356709 header hash: [112 240 93 77 174 234 64 155 158 20 106 227 158 234 134 149 230 112 20 24 127 150 17 128 149 69 129 124 42 247 80 171]
2022-11-28T00:56:18.376Z	DEBUG	replica=8	coded-hotterstuff/consensus.go:576	received proposal	{"CURRENT VIEW": 1, "msg": "proposal", "header view": 2, "prepare view": 0, "hash": "cPBdTa7qQJueFGrjnuqGleZwFBh/lhGAlUWBfCr3UKs=", "parent": "SKC06ZXnbItnYZVTxXLWgGtuTOc9zSoSvlJWhQRO6/8="}
2022-11-28T00:56:18.384Z	DEBUG	replica=8	coded-hotterstuff/consensus.go:809	new block certified	{"CURRENT VIEW": 1, "view": 1, "hash": "SKC06ZXnbItnYZVTxXLWgGtuTOc9zSoSvlJWhQRO6/8="}
2022-11-28T00:56:18.384Z	DEBUG	replica=8	coded-hotterstuff/consensus.go:520	entered new view	{"CURRENT VIEW": 2, "view timeout": 2, "timedout": false}
2022-11-28T00:56:18.384Z	DEBUG	replica=8	coded-hotterstuff/consensus.go:782	could not find ggparent header	{"CURRENT VIEW": 2, "view": 0, "hash": "GZWDhiYW+ib6TpJWRLDOftUd8y8ovAaEerQWDbefS7c="}
2022-11-28T00:56:18.387Z	DEBUG	replica=8	coded-hotterstuff/consensus.go:678	proposal is safe to vote on	{"CURRENT VIEW": 1, "msg": "proposal", "header view": 2, "prepare view": 0, "hash": "cPBdTa7qQJueFGrjnuqGleZwFBh/lhGAlUWBfCr3UKs=", "parent": "SKC06ZXnbItnYZVTxXLWgGtuTOc9zSoSvlJWhQRO6/8="}
Decoded original proposal, time: 2022-11-28 00:56:20.982646436 +0000 UTC m=+13.257438121 header hash: [112 240 93 77 174 234 64 155 158 20 106 227 158 234 134 149 230 112 20 24 127 150 17 128 149 69 129 124 42 247 80 171]
2022-11-28T00:56:20.982Z	DEBUG	replica=8	coded-hotterstuff/consensus.go:576	received proposal	{"CURRENT VIEW": 2, "msg": "proposal", "header view": 2, "prepare view": 1, "hash": "cPBdTa7qQJueFGrjnuqGleZwFBh/lhGAlUWBfCr3UKs=", "parent": "SKC06ZXnbItnYZVTxXLWgGtuTOc9zSoSvlJWhQRO6/8="}
2022-11-28T00:56:20.990Z	DEBUG	replica=8	coded-hotterstuff/consensus.go:782	could not find ggparent header	{"CURRENT VIEW": 2, "view": 0, "hash": "GZWDhiYW+ib6TpJWRLDOftUd8y8ovAaEerQWDbefS7c="}
Decoded original proposal, time: 2022-11-28 00:56:22.125334218 +0000 UTC m=+14.400125905 header hash: [112 240 93 77 174 234 64 155 158 20 106 227 158 234 134 149 230 112 20 24 127 150 17 128 149 69 129 124 42 247 80 171]
2022-11-28T00:56:22.125Z	DEBUG	replica=8	coded-hotterstuff/consensus.go:576	received proposal	{"CURRENT VIEW": 2, "msg": "proposal", "header view": 2, "prepare view": 1, "hash": "cPBdTa7qQJueFGrjnuqGleZwFBh/lhGAlUWBfCr3UKs=", "parent": "SKC06ZXnbItnYZVTxXLWgGtuTOc9zSoSvlJWhQRO6/8="}
2022-11-28T00:56:22.133Z	DEBUG	replica=8	coded-hotterstuff/consensus.go:782	could not find ggparent header	{"CURRENT VIEW": 2, "view": 0, "hash": "GZWDhiYW+ib6TpJWRLDOftUd8y8ovAaEerQWDbefS7c="}
Decoded original proposal, time: 2022-11-28 00:56:24.036493586 +0000 UTC m=+16.311285234 header hash: [112 177 115 22 63 1 229 2 188 132 41 134 91 243 148 216 155 140 26 48 57 5 100 136 252 109 95 105 67 73 234 227]
2022-11-28T00:56:24.036Z	DEBUG	replica=8	coded-hotterstuff/consensus.go:576	received proposal	{"CURRENT VIEW": 2, "msg": "proposal", "header view": 3, "prepare view": 1, "hash": "cLFzFj8B5QK8hCmGW/OU2JuMGjA5BWSI/G1faUNJ6uM=", "parent": "cPBdTa7qQJueFGrjnuqGleZwFBh/lhGAlUWBfCr3UKs="}
2022-11-28T00:56:24.046Z	DEBUG	replica=8	coded-hotterstuff/consensus.go:809	new block certified	{"CURRENT VIEW": 2, "view": 2, "hash": "cPBdTa7qQJueFGrjnuqGleZwFBh/lhGAlUWBfCr3UKs="}
2022-11-28T00:56:24.046Z	DEBUG	replica=8	coded-hotterstuff/consensus.go:520	entered new view	{"CURRENT VIEW": 3, "view timeout": 2, "timedout": false}
2022-11-28T00:56:24.046Z	DEBUG	replica=8	coded-hotterstuff/consensus.go:788	new block locked	{"CURRENT VIEW": 3, "view": 1, "hash": "SKC06ZXnbItnYZVTxXLWgGtuTOc9zSoSvlJWhQRO6/8="}
2022-11-28T00:56:24.048Z	DEBUG	replica=8	coded-hotterstuff/consensus.go:678	proposal is safe to vote on	{"CURRENT VIEW": 2, "msg": "proposal", "header view": 3, "prepare view": 1, "hash": "cLFzFj8B5QK8hCmGW/OU2JuMGjA5BWSI/G1faUNJ6uM=", "parent": "cPBdTa7qQJueFGrjnuqGleZwFBh/lhGAlUWBfCr3UKs="}
replica 8 is forwarding chunk to replica 0
replica 8 is forwarding chunk to replica 1
replica 8 is forwarding chunk to replica 2
replica 8 is forwarding chunk to replica 4
replica 8 is forwarding chunk to replica 5
replica 8 is forwarding chunk to replica 6
replica 8 is forwarding chunk to replica 7
replica 8 is forwarding chunk to replica 0
replica 8 is forwarding chunk to replica 1
replica 8 is forwarding chunk to replica 2
replica 8 is forwarding chunk to replica 4
replica 8 is forwarding chunk to replica 5
replica 8 is forwarding chunk to replica 6
replica 8 is forwarding chunk to replica 7
replica 8 is forwarding chunk to replica 0
replica 8 is forwarding chunk to replica 1
replica 8 is forwarding chunk to replica 2
replica 8 is forwarding chunk to replica 4
replica 8 is forwarding chunk to replica 5
replica 8 is forwarding chunk to replica 6
replica 8 is forwarding chunk to replica 7
Decoded original proposal, time: 2022-11-28 00:56:29.216446203 +0000 UTC m=+21.491237851 header hash: [112 177 115 22 63 1 229 2 188 132 41 134 91 243 148 216 155 140 26 48 57 5 100 136 252 109 95 105 67 73 234 227]
2022-11-28T00:56:29.216Z	DEBUG	replica=8	coded-hotterstuff/consensus.go:576	received proposal	{"CURRENT VIEW": 3, "msg": "proposal", "header view": 3, "prepare view": 2, "hash": "cLFzFj8B5QK8hCmGW/OU2JuMGjA5BWSI/G1faUNJ6uM=", "parent": "cPBdTa7qQJueFGrjnuqGleZwFBh/lhGAlUWBfCr3UKs="}
Decoded original proposal, time: 2022-11-28 00:56:31.054508959 +0000 UTC m=+23.329300607 header hash: [112 177 115 22 63 1 229 2 188 132 41 134 91 243 148 216 155 140 26 48 57 5 100 136 252 109 95 105 67 73 234 227]
2022-11-28T00:56:31.054Z	DEBUG	replica=8	coded-hotterstuff/consensus.go:576	received proposal	{"CURRENT VIEW": 3, "msg": "proposal", "header view": 3, "prepare view": 2, "hash": "cLFzFj8B5QK8hCmGW/OU2JuMGjA5BWSI/G1faUNJ6uM=", "parent": "cPBdTa7qQJueFGrjnuqGleZwFBh/lhGAlUWBfCr3UKs="}
replica 8 is forwarding chunk to replica 0
replica 8 is forwarding chunk to replica 1
replica 8 is forwarding chunk to replica 2
replica 8 is forwarding chunk to replica 3
replica 8 is forwarding chunk to replica 5
replica 8 is forwarding chunk to replica 6
replica 8 is forwarding chunk to replica 7
replica 8 is forwarding chunk to replica 0
replica 8 is forwarding chunk to replica 1
replica 8 is forwarding chunk to replica 2
replica 8 is forwarding chunk to replica 3
replica 8 is forwarding chunk to replica 5
replica 8 is forwarding chunk to replica 6
replica 8 is forwarding chunk to replica 7
Decoded original proposal, time: 2022-11-28 00:56:33.299388309 +0000 UTC m=+25.574179997 header hash: [241 106 152 62 46 209 156 146 237 16 116 52 193 237 0 80 85 192 166 182 15 238 2 99 236 42 182 26 232 130 25 190]
2022-11-28T00:56:33.299Z	DEBUG	replica=8	coded-hotterstuff/consensus.go:576	received proposal	{"CURRENT VIEW": 3, "msg": "proposal", "header view": 4, "prepare view": 2, "hash": "8WqYPi7RnJLtEHQ0we0AUFXAprYP7gJj7Cq2GuiCGb4=", "parent": "cLFzFj8B5QK8hCmGW/OU2JuMGjA5BWSI/G1faUNJ6uM="}
2022-11-28T00:56:33.309Z	DEBUG	replica=8	coded-hotterstuff/consensus.go:809	new block certified	{"CURRENT VIEW": 3, "view": 3, "hash": "cLFzFj8B5QK8hCmGW/OU2JuMGjA5BWSI/G1faUNJ6uM="}
2022-11-28T00:56:33.309Z	DEBUG	replica=8	coded-hotterstuff/consensus.go:520	entered new view	{"CURRENT VIEW": 4, "view timeout": 2, "timedout": false}
2022-11-28T00:56:33.309Z	DEBUG	replica=8	coded-hotterstuff/consensus.go:788	new block locked	{"CURRENT VIEW": 4, "view": 2, "hash": "cPBdTa7qQJueFGrjnuqGleZwFBh/lhGAlUWBfCr3UKs="}
2022-11-28T00:56:33.309Z	INFO	replica=8	coded-hotterstuff/consensus.go:797	new block commited	{"CURRENT VIEW": 4, "view": 1, "hash": "SKC06ZXnbItnYZVTxXLWgGtuTOc9zSoSvlJWhQRO6/8="}
2022-11-28T00:56:33.310Z	DEBUG	replica=8	coded-hotterstuff/consensus.go:678	proposal is safe to vote on	{"CURRENT VIEW": 3, "msg": "proposal", "header view": 4, "prepare view": 2, "hash": "8WqYPi7RnJLtEHQ0we0AUFXAprYP7gJj7Cq2GuiCGb4=", "parent": "cLFzFj8B5QK8hCmGW/OU2JuMGjA5BWSI/G1faUNJ6uM="}
Node  8 +1 block finalized at time:  2022-11-28 00:56:33.313433168 +0000 UTC m=+25.588224806
replica 8 is forwarding chunk to replica 0
replica 8 is forwarding chunk to replica 1
replica 8 is forwarding chunk to replica 2
replica 8 is forwarding chunk to replica 3
replica 8 is forwarding chunk to replica 5
replica 8 is forwarding chunk to replica 6
replica 8 is forwarding chunk to replica 7
Decoded original proposal, time: 2022-11-28 00:56:36.997256833 +0000 UTC m=+29.272048517 header hash: [241 106 152 62 46 209 156 146 237 16 116 52 193 237 0 80 85 192 166 182 15 238 2 99 236 42 182 26 232 130 25 190]
2022-11-28T00:56:36.997Z	DEBUG	replica=8	coded-hotterstuff/consensus.go:576	received proposal	{"CURRENT VIEW": 4, "msg": "proposal", "header view": 4, "prepare view": 3, "hash": "8WqYPi7RnJLtEHQ0we0AUFXAprYP7gJj7Cq2GuiCGb4=", "parent": "cLFzFj8B5QK8hCmGW/OU2JuMGjA5BWSI/G1faUNJ6uM="}
Decoded original proposal, time: 2022-11-28 00:56:38.049795847 +0000 UTC m=+30.324587540 header hash: [241 106 152 62 46 209 156 146 237 16 116 52 193 237 0 80 85 192 166 182 15 238 2 99 236 42 182 26 232 130 25 190]
2022-11-28T00:56:38.049Z	DEBUG	replica=8	coded-hotterstuff/consensus.go:576	received proposal	{"CURRENT VIEW": 4, "msg": "proposal", "header view": 4, "prepare view": 3, "hash": "8WqYPi7RnJLtEHQ0we0AUFXAprYP7gJj7Cq2GuiCGb4=", "parent": "cLFzFj8B5QK8hCmGW/OU2JuMGjA5BWSI/G1faUNJ6uM="}
replica 8 is forwarding chunk to replica 0
replica 8 is forwarding chunk to replica 1
replica 8 is forwarding chunk to replica 2
replica 8 is forwarding chunk to replica 3
replica 8 is forwarding chunk to replica 4
replica 8 is forwarding chunk to replica 6
replica 8 is forwarding chunk to replica 7
Decoded original proposal, time: 2022-11-28 00:56:39.855034403 +0000 UTC m=+32.129826053 header hash: [142 10 227 234 199 14 168 203 47 218 211 136 230 41 94 109 68 52 16 5 27 142 16 70 5 23 250 1 182 25 221 148]
2022-11-28T00:56:39.855Z	DEBUG	replica=8	coded-hotterstuff/consensus.go:576	received proposal	{"CURRENT VIEW": 4, "msg": "proposal", "header view": 5, "prepare view": 3, "hash": "jgrj6scOqMsv2tOI5ilebUQ0EAUbjhBGBRf6AbYZ3ZQ=", "parent": "8WqYPi7RnJLtEHQ0we0AUFXAprYP7gJj7Cq2GuiCGb4="}
2022-11-28T00:56:39.865Z	DEBUG	replica=8	coded-hotterstuff/consensus.go:809	new block certified	{"CURRENT VIEW": 4, "view": 4, "hash": "8WqYPi7RnJLtEHQ0we0AUFXAprYP7gJj7Cq2GuiCGb4="}
2022-11-28T00:56:39.865Z	DEBUG	replica=8	coded-hotterstuff/consensus.go:520	entered new view	{"CURRENT VIEW": 5, "view timeout": 2, "timedout": false}
2022-11-28T00:56:39.865Z	DEBUG	replica=8	coded-hotterstuff/consensus.go:788	new block locked	{"CURRENT VIEW": 5, "view": 3, "hash": "cLFzFj8B5QK8hCmGW/OU2JuMGjA5BWSI/G1faUNJ6uM="}
2022-11-28T00:56:39.865Z	INFO	replica=8	coded-hotterstuff/consensus.go:797	new block commited	{"CURRENT VIEW": 5, "view": 2, "hash": "cPBdTa7qQJueFGrjnuqGleZwFBh/lhGAlUWBfCr3UKs="}
2022-11-28T00:56:39.867Z	DEBUG	replica=8	coded-hotterstuff/consensus.go:678	proposal is safe to vote on	{"CURRENT VIEW": 4, "msg": "proposal", "header view": 5, "prepare view": 3, "hash": "jgrj6scOqMsv2tOI5ilebUQ0EAUbjhBGBRf6AbYZ3ZQ=", "parent": "8WqYPi7RnJLtEHQ0we0AUFXAprYP7gJj7Cq2GuiCGb4="}
Node  8 +1 block finalized at time:  2022-11-28 00:56:39.871046306 +0000 UTC m=+32.145837945
replica 8 is forwarding chunk to replica 0
replica 8 is forwarding chunk to replica 1
replica 8 is forwarding chunk to replica 2
replica 8 is forwarding chunk to replica 3
replica 8 is forwarding chunk to replica 4
replica 8 is forwarding chunk to replica 6
replica 8 is forwarding chunk to replica 7
replica 8 is forwarding chunk to replica 0
replica 8 is forwarding chunk to replica 1
replica 8 is forwarding chunk to replica 2
replica 8 is forwarding chunk to replica 3
replica 8 is forwarding chunk to replica 4
replica 8 is forwarding chunk to replica 6
replica 8 is forwarding chunk to replica 7
Decoded original proposal, time: 2022-11-28 00:56:45.127703353 +0000 UTC m=+37.402495039 header hash: [142 10 227 234 199 14 168 203 47 218 211 136 230 41 94 109 68 52 16 5 27 142 16 70 5 23 250 1 182 25 221 148]
2022-11-28T00:56:45.127Z	DEBUG	replica=8	coded-hotterstuff/consensus.go:576	received proposal	{"CURRENT VIEW": 5, "msg": "proposal", "header view": 5, "prepare view": 4, "hash": "jgrj6scOqMsv2tOI5ilebUQ0EAUbjhBGBRf6AbYZ3ZQ=", "parent": "8WqYPi7RnJLtEHQ0we0AUFXAprYP7gJj7Cq2GuiCGb4="}
Decoded original proposal, time: 2022-11-28 00:56:46.963081692 +0000 UTC m=+39.237873338 header hash: [142 10 227 234 199 14 168 203 47 218 211 136 230 41 94 109 68 52 16 5 27 142 16 70 5 23 250 1 182 25 221 148]
2022-11-28T00:56:46.963Z	DEBUG	replica=8	coded-hotterstuff/consensus.go:576	received proposal	{"CURRENT VIEW": 5, "msg": "proposal", "header view": 5, "prepare view": 4, "hash": "jgrj6scOqMsv2tOI5ilebUQ0EAUbjhBGBRf6AbYZ3ZQ=", "parent": "8WqYPi7RnJLtEHQ0we0AUFXAprYP7gJj7Cq2GuiCGb4="}
Decoded original proposal, time: 2022-11-28 00:56:48.250761743 +0000 UTC m=+40.525553428 header hash: [144 90 124 249 42 55 49 193 182 202 159 220 172 15 148 92 178 123 123 95 139 252 214 157 36 122 219 17 149 62 178 46]
2022-11-28T00:56:48.250Z	DEBUG	replica=8	coded-hotterstuff/consensus.go:576	received proposal	{"CURRENT VIEW": 5, "msg": "proposal", "header view": 6, "prepare view": 4, "hash": "kFp8+So3McG2yp/crA+UXLJ7e1+L/NadJHrbEZU+si4=", "parent": "jgrj6scOqMsv2tOI5ilebUQ0EAUbjhBGBRf6AbYZ3ZQ="}
2022-11-28T00:56:48.264Z	DEBUG	replica=8	coded-hotterstuff/consensus.go:809	new block certified	{"CURRENT VIEW": 5, "view": 5, "hash": "jgrj6scOqMsv2tOI5ilebUQ0EAUbjhBGBRf6AbYZ3ZQ="}
2022-11-28T00:56:48.264Z	DEBUG	replica=8	coded-hotterstuff/consensus.go:520	entered new view	{"CURRENT VIEW": 6, "view timeout": 2, "timedout": false}
2022-11-28T00:56:48.264Z	DEBUG	replica=8	coded-hotterstuff/consensus.go:788	new block locked	{"CURRENT VIEW": 6, "view": 4, "hash": "8WqYPi7RnJLtEHQ0we0AUFXAprYP7gJj7Cq2GuiCGb4="}
2022-11-28T00:56:48.264Z	INFO	replica=8	coded-hotterstuff/consensus.go:797	new block commited	{"CURRENT VIEW": 6, "view": 3, "hash": "cLFzFj8B5QK8hCmGW/OU2JuMGjA5BWSI/G1faUNJ6uM="}
2022-11-28T00:56:48.266Z	DEBUG	replica=8	coded-hotterstuff/consensus.go:678	proposal is safe to vote on	{"CURRENT VIEW": 5, "msg": "proposal", "header view": 6, "prepare view": 4, "hash": "kFp8+So3McG2yp/crA+UXLJ7e1+L/NadJHrbEZU+si4=", "parent": "jgrj6scOqMsv2tOI5ilebUQ0EAUbjhBGBRf6AbYZ3ZQ="}
Node  8 +1 block finalized at time:  2022-11-28 00:56:48.268858109 +0000 UTC m=+40.543649746
Decoded original proposal, time: 2022-11-28 00:56:49.612734959 +0000 UTC m=+41.887526599 header hash: [144 90 124 249 42 55 49 193 182 202 159 220 172 15 148 92 178 123 123 95 139 252 214 157 36 122 219 17 149 62 178 46]
2022-11-28T00:56:49.612Z	DEBUG	replica=8	coded-hotterstuff/consensus.go:576	received proposal	{"CURRENT VIEW": 6, "msg": "proposal", "header view": 6, "prepare view": 5, "hash": "kFp8+So3McG2yp/crA+UXLJ7e1+L/NadJHrbEZU+si4=", "parent": "jgrj6scOqMsv2tOI5ilebUQ0EAUbjhBGBRf6AbYZ3ZQ="}
Decoded original proposal, time: 2022-11-28 00:56:50.819408633 +0000 UTC m=+43.094200272 header hash: [144 90 124 249 42 55 49 193 182 202 159 220 172 15 148 92 178 123 123 95 139 252 214 157 36 122 219 17 149 62 178 46]
2022-11-28T00:56:50.819Z	DEBUG	replica=8	coded-hotterstuff/consensus.go:576	received proposal	{"CURRENT VIEW": 6, "msg": "proposal", "header view": 6, "prepare view": 5, "hash": "kFp8+So3McG2yp/crA+UXLJ7e1+L/NadJHrbEZU+si4=", "parent": "jgrj6scOqMsv2tOI5ilebUQ0EAUbjhBGBRf6AbYZ3ZQ="}
replica 8 is forwarding chunk to replica 0
replica 8 is forwarding chunk to replica 1
replica 8 is forwarding chunk to replica 2
replica 8 is forwarding chunk to replica 3
replica 8 is forwarding chunk to replica 4
replica 8 is forwarding chunk to replica 5
replica 8 is forwarding chunk to replica 7
replica 8 is forwarding chunk to replica 0
replica 8 is forwarding chunk to replica 1
replica 8 is forwarding chunk to replica 2
replica 8 is forwarding chunk to replica 3
replica 8 is forwarding chunk to replica 4
replica 8 is forwarding chunk to replica 5
replica 8 is forwarding chunk to replica 7
replica 8 is forwarding chunk to replica 0
replica 8 is forwarding chunk to replica 1
replica 8 is forwarding chunk to replica 2
replica 8 is forwarding chunk to replica 3
replica 8 is forwarding chunk to replica 4
replica 8 is forwarding chunk to replica 5
replica 8 is forwarding chunk to replica 7
2022-11-28T00:56:54.261Z	DEBUG	replica=8	coded-hotterstuff/consensus.go:965	received vote	{"CURRENT VIEW": 6, "msg": "vote", "voter": 3, "view": 6, "hash": "UrpGBauqox/y7djWW1+uYAk4lnjGCoti5rxDg06dPA8="}
Node  8  received vote before proposal, saving vote in pending votes, hash is  [82 186 70 5 171 170 163 31 242 237 216 214 91 95 174 96 9 56 150 120 198 10 139 98 230 188 67 131 78 157 60 15]  and string is,  7
2022-11-28T00:56:54.261Z	DEBUG	replica=8	coded-hotterstuff/consensus.go:970	Received vote before proposal, key is, 7	{"CURRENT VIEW": 6}
2022-11-28T00:56:54.323Z	DEBUG	replica=8	coded-hotterstuff/consensus.go:965	received vote	{"CURRENT VIEW": 6, "msg": "vote", "voter": 1, "view": 6, "hash": "UrpGBauqox/y7djWW1+uYAk4lnjGCoti5rxDg06dPA8="}
2022-11-28T00:56:54.639Z	DEBUG	replica=8	coded-hotterstuff/consensus.go:965	received vote	{"CURRENT VIEW": 6, "msg": "vote", "voter": 2, "view": 6, "hash": "UrpGBauqox/y7djWW1+uYAk4lnjGCoti5rxDg06dPA8="}
2022-11-28T00:56:55.943Z	DEBUG	replica=8	coded-hotterstuff/consensus.go:965	received vote	{"CURRENT VIEW": 6, "msg": "vote", "voter": 0, "view": 6, "hash": "UrpGBauqox/y7djWW1+uYAk4lnjGCoti5rxDg06dPA8="}
Decoded original proposal, time: 2022-11-28 00:56:56.142746344 +0000 UTC m=+48.417538034 header hash: [82 186 70 5 171 170 163 31 242 237 216 214 91 95 174 96 9 56 150 120 198 10 139 98 230 188 67 131 78 157 60 15]
2022-11-28T00:56:56.142Z	DEBUG	replica=8	coded-hotterstuff/consensus.go:576	received proposal	{"CURRENT VIEW": 6, "msg": "proposal", "header view": 7, "prepare view": 5, "hash": "UrpGBauqox/y7djWW1+uYAk4lnjGCoti5rxDg06dPA8=", "parent": "kFp8+So3McG2yp/crA+UXLJ7e1+L/NadJHrbEZU+si4="}
2022-11-28T00:56:56.151Z	DEBUG	replica=8	coded-hotterstuff/consensus.go:809	new block certified	{"CURRENT VIEW": 6, "view": 6, "hash": "kFp8+So3McG2yp/crA+UXLJ7e1+L/NadJHrbEZU+si4="}
2022-11-28T00:56:56.151Z	DEBUG	replica=8	coded-hotterstuff/consensus.go:520	entered new view	{"CURRENT VIEW": 7, "view timeout": 2, "timedout": false}
2022-11-28T00:56:56.151Z	DEBUG	replica=8	coded-hotterstuff/consensus.go:535	replica is a leader for next view. collecting new-view messages	{"CURRENT VIEW": 7}
2022-11-28T00:56:56.151Z	DEBUG	replica=8	coded-hotterstuff/consensus.go:788	new block locked	{"CURRENT VIEW": 7, "view": 5, "hash": "jgrj6scOqMsv2tOI5ilebUQ0EAUbjhBGBRf6AbYZ3ZQ="}
2022-11-28T00:56:56.151Z	INFO	replica=8	coded-hotterstuff/consensus.go:797	new block commited	{"CURRENT VIEW": 7, "view": 4, "hash": "8WqYPi7RnJLtEHQ0we0AUFXAprYP7gJj7Cq2GuiCGb4="}
2022-11-28T00:56:56.152Z	DEBUG	replica=8	coded-hotterstuff/consensus.go:678	proposal is safe to vote on	{"CURRENT VIEW": 6, "msg": "proposal", "header view": 7, "prepare view": 5, "hash": "UrpGBauqox/y7djWW1+uYAk4lnjGCoti5rxDg06dPA8=", "parent": "kFp8+So3McG2yp/crA+UXLJ7e1+L/NadJHrbEZU+si4="}
2022-11-28T00:56:56.152Z	DEBUG	replica=8	coded-hotterstuff/consensus.go:758	Taking care of pending vote 7	{"CURRENT VIEW": 7}
2022-11-28T00:56:56.152Z	DEBUG	replica=8	coded-hotterstuff/consensus.go:965	received vote	{"CURRENT VIEW": 7, "msg": "vote", "voter": 3, "view": 7, "hash": "UrpGBauqox/y7djWW1+uYAk4lnjGCoti5rxDg06dPA8="}
2022-11-28T00:56:56.157Z	DEBUG	replica=8	coded-hotterstuff/consensus.go:758	Taking care of pending vote 7	{"CURRENT VIEW": 7}
2022-11-28T00:56:56.157Z	DEBUG	replica=8	coded-hotterstuff/consensus.go:965	received vote	{"CURRENT VIEW": 7, "msg": "vote", "voter": 1, "view": 7, "hash": "UrpGBauqox/y7djWW1+uYAk4lnjGCoti5rxDg06dPA8="}
2022-11-28T00:56:56.163Z	DEBUG	replica=8	coded-hotterstuff/consensus.go:758	Taking care of pending vote 7	{"CURRENT VIEW": 7}
2022-11-28T00:56:56.163Z	DEBUG	replica=8	coded-hotterstuff/consensus.go:965	received vote	{"CURRENT VIEW": 7, "msg": "vote", "voter": 2, "view": 7, "hash": "UrpGBauqox/y7djWW1+uYAk4lnjGCoti5rxDg06dPA8="}
2022-11-28T00:56:56.173Z	DEBUG	replica=8	coded-hotterstuff/consensus.go:758	Taking care of pending vote 7	{"CURRENT VIEW": 7}
2022-11-28T00:56:56.173Z	DEBUG	replica=8	coded-hotterstuff/consensus.go:965	received vote	{"CURRENT VIEW": 7, "msg": "vote", "voter": 0, "view": 7, "hash": "UrpGBauqox/y7djWW1+uYAk4lnjGCoti5rxDg06dPA8="}
2022-11-28T00:56:56.182Z	DEBUG	replica=8	coded-hotterstuff/consensus.go:965	received vote	{"CURRENT VIEW": 7, "msg": "vote", "voter": 8, "view": 7, "hash": "UrpGBauqox/y7djWW1+uYAk4lnjGCoti5rxDg06dPA8="}
2022-11-28T00:56:56.189Z	DEBUG	replica=8	coded-hotterstuff/consensus.go:965	received vote	{"CURRENT VIEW": 7, "msg": "vote", "voter": 4, "view": 7, "hash": "UrpGBauqox/y7djWW1+uYAk4lnjGCoti5rxDg06dPA8="}
Node  8 +1 block finalized at time:  2022-11-28 00:56:56.189158218 +0000 UTC m=+48.463949861
replica 8 is forwarding chunk to replica 0
replica 8 is forwarding chunk to replica 1
replica 8 is forwarding chunk to replica 2
replica 8 is forwarding chunk to replica 3
replica 8 is forwarding chunk to replica 4
replica 8 is forwarding chunk to replica 5
replica 8 is forwarding chunk to replica 6
2022-11-28T00:56:57.318Z	DEBUG	replica=8	coded-hotterstuff/consensus.go:965	received vote	{"CURRENT VIEW": 7, "msg": "vote", "voter": 7, "view": 7, "hash": "UrpGBauqox/y7djWW1+uYAk4lnjGCoti5rxDg06dPA8="}
2022-11-28T00:56:57.325Z	DEBUG	replica=8	coded-hotterstuff/consensus.go:809	new block certified	{"CURRENT VIEW": 7, "view": 7, "hash": "UrpGBauqox/y7djWW1+uYAk4lnjGCoti5rxDg06dPA8="}
2022-11-28T00:56:57.325Z	DEBUG	replica=8	coded-hotterstuff/consensus.go:520	entered new view	{"CURRENT VIEW": 8, "view timeout": 2, "timedout": false}
2022-11-28T00:56:57.325Z	DEBUG	replica=8	coded-hotterstuff/consensus.go:544	replica is a leader for this view. waiting for data	{"CURRENT VIEW": 8}
2022-11-28T00:56:57.325Z	DEBUG	replica=8	coded-hotterstuff/consensus.go:520	entered new view	{"CURRENT VIEW": 8, "view timeout": 2, "timedout": false}
2022-11-28T00:56:57.325Z	DEBUG	replica=8	coded-hotterstuff/consensus.go:544	replica is a leader for this view. waiting for data	{"CURRENT VIEW": 8}
2022-11-28T00:56:57.329Z	DEBUG	replica=8	coded-hotterstuff/consensus.go:238	sending proposal	{"CURRENT VIEW": 8, "hash": "CdTNHG77L/KNb6fxbFkMI5vefUtOuAcj6xhNSmb/gws=", "parent": "UrpGBauqox/y7djWW1+uYAk4lnjGCoti5rxDg06dPA8=", "signer": 8}
2022-11-28T00:56:57.331Z	DEBUG	replica=8	coded-hotterstuff/consensus.go:576	received proposal	{"CURRENT VIEW": 8, "msg": "proposal", "header view": 8, "prepare view": 7, "hash": "CdTNHG77L/KNb6fxbFkMI5vefUtOuAcj6xhNSmb/gws=", "parent": "UrpGBauqox/y7djWW1+uYAk4lnjGCoti5rxDg06dPA8="}
2022-11-28T00:56:57.341Z	DEBUG	replica=8	coded-hotterstuff/consensus.go:788	new block locked	{"CURRENT VIEW": 8, "view": 6, "hash": "kFp8+So3McG2yp/crA+UXLJ7e1+L/NadJHrbEZU+si4="}
2022-11-28T00:56:57.341Z	INFO	replica=8	coded-hotterstuff/consensus.go:797	new block commited	{"CURRENT VIEW": 8, "view": 5, "hash": "jgrj6scOqMsv2tOI5ilebUQ0EAUbjhBGBRf6AbYZ3ZQ="}
2022-11-28T00:56:57.344Z	DEBUG	replica=8	coded-hotterstuff/consensus.go:678	proposal is safe to vote on	{"CURRENT VIEW": 8, "msg": "proposal", "header view": 8, "prepare view": 7, "hash": "CdTNHG77L/KNb6fxbFkMI5vefUtOuAcj6xhNSmb/gws=", "parent": "UrpGBauqox/y7djWW1+uYAk4lnjGCoti5rxDg06dPA8="}
Node  8 +1 block finalized at time:  2022-11-28 00:56:57.346434352 +0000 UTC m=+49.621225994
Decoded original proposal, time: 2022-11-28 00:56:57.89428105 +0000 UTC m=+50.169072757 header hash: [82 186 70 5 171 170 163 31 242 237 216 214 91 95 174 96 9 56 150 120 198 10 139 98 230 188 67 131 78 157 60 15]
2022-11-28T00:56:57.894Z	DEBUG	replica=8	coded-hotterstuff/consensus.go:576	received proposal	{"CURRENT VIEW": 8, "msg": "proposal", "header view": 7, "prepare view": 7, "hash": "UrpGBauqox/y7djWW1+uYAk4lnjGCoti5rxDg06dPA8=", "parent": "kFp8+So3McG2yp/crA+UXLJ7e1+L/NadJHrbEZU+si4="}
2022-11-28T00:56:57.904Z	DEBUG	replica=8	coded-hotterstuff/consensus.go:667	proposal view doesn't match local view	{"CURRENT VIEW": 8, "msg": "proposal", "header view": 7, "prepare view": 7, "hash": "UrpGBauqox/y7djWW1+uYAk4lnjGCoti5rxDg06dPA8=", "parent": "kFp8+So3McG2yp/crA+UXLJ7e1+L/NadJHrbEZU+si4="}
2022-11-28T00:56:59.246Z	DEBUG	replica=8	coded-hotterstuff/consensus.go:965	received vote	{"CURRENT VIEW": 8, "msg": "vote", "voter": 5, "view": 8, "hash": "UrpGBauqox/y7djWW1+uYAk4lnjGCoti5rxDg06dPA8="}
2022-11-28T00:56:59.252Z	DEBUG	replica=8	coded-hotterstuff/consensus.go:520	entered new view	{"CURRENT VIEW": 8, "view timeout": 2, "timedout": false}
2022-11-28T00:56:59.252Z	DEBUG	replica=8	coded-hotterstuff/consensus.go:544	replica is a leader for this view. waiting for data	{"CURRENT VIEW": 8}
2022-11-28T00:56:59.256Z	DEBUG	replica=8	coded-hotterstuff/consensus.go:238	sending proposal	{"CURRENT VIEW": 8, "hash": "CdTNHG77L/KNb6fxbFkMI5vefUtOuAcj6xhNSmb/gws=", "parent": "UrpGBauqox/y7djWW1+uYAk4lnjGCoti5rxDg06dPA8=", "signer": 8}
2022-11-28T00:56:59.257Z	DEBUG	replica=8	coded-hotterstuff/consensus.go:576	received proposal	{"CURRENT VIEW": 8, "msg": "proposal", "header view": 8, "prepare view": 7, "hash": "CdTNHG77L/KNb6fxbFkMI5vefUtOuAcj6xhNSmb/gws=", "parent": "UrpGBauqox/y7djWW1+uYAk4lnjGCoti5rxDg06dPA8="}
2022-11-28T00:56:59.861Z	DEBUG	replica=8	coded-hotterstuff/consensus.go:965	received vote	{"CURRENT VIEW": 8, "msg": "vote", "voter": 6, "view": 8, "hash": "UrpGBauqox/y7djWW1+uYAk4lnjGCoti5rxDg06dPA8="}
2022-11-28T00:56:59.866Z	DEBUG	replica=8	coded-hotterstuff/consensus.go:520	entered new view	{"CURRENT VIEW": 8, "view timeout": 2, "timedout": false}
2022-11-28T00:56:59.866Z	DEBUG	replica=8	coded-hotterstuff/consensus.go:544	replica is a leader for this view. waiting for data	{"CURRENT VIEW": 8}
2022-11-28T00:56:59.870Z	DEBUG	replica=8	coded-hotterstuff/consensus.go:238	sending proposal	{"CURRENT VIEW": 8, "hash": "CdTNHG77L/KNb6fxbFkMI5vefUtOuAcj6xhNSmb/gws=", "parent": "UrpGBauqox/y7djWW1+uYAk4lnjGCoti5rxDg06dPA8=", "signer": 8}
2022-11-28T00:56:59.871Z	DEBUG	replica=8	coded-hotterstuff/consensus.go:576	received proposal	{"CURRENT VIEW": 8, "msg": "proposal", "header view": 8, "prepare view": 7, "hash": "CdTNHG77L/KNb6fxbFkMI5vefUtOuAcj6xhNSmb/gws=", "parent": "UrpGBauqox/y7djWW1+uYAk4lnjGCoti5rxDg06dPA8="}
Decoded original proposal, time: 2022-11-28 00:57:05.094498955 +0000 UTC m=+57.369290602 header hash: [82 186 70 5 171 170 163 31 242 237 216 214 91 95 174 96 9 56 150 120 198 10 139 98 230 188 67 131 78 157 60 15]
2022-11-28T00:57:05.094Z	DEBUG	replica=8	coded-hotterstuff/consensus.go:576	received proposal	{"CURRENT VIEW": 8, "msg": "proposal", "header view": 7, "prepare view": 7, "hash": "UrpGBauqox/y7djWW1+uYAk4lnjGCoti5rxDg06dPA8=", "parent": "kFp8+So3McG2yp/crA+UXLJ7e1+L/NadJHrbEZU+si4="}
2022-11-28T00:57:05.103Z	DEBUG	replica=8	coded-hotterstuff/consensus.go:667	proposal view doesn't match local view	{"CURRENT VIEW": 8, "msg": "proposal", "header view": 7, "prepare view": 7, "hash": "UrpGBauqox/y7djWW1+uYAk4lnjGCoti5rxDg06dPA8=", "parent": "kFp8+So3McG2yp/crA+UXLJ7e1+L/NadJHrbEZU+si4="}
replica 8 is forwarding chunk to replica 0
replica 8 is forwarding chunk to replica 1
replica 8 is forwarding chunk to replica 2
replica 8 is forwarding chunk to replica 3
replica 8 is forwarding chunk to replica 4
replica 8 is forwarding chunk to replica 5
replica 8 is forwarding chunk to replica 6
replica 8 is forwarding chunk to replica 0
replica 8 is forwarding chunk to replica 1
replica 8 is forwarding chunk to replica 2
replica 8 is forwarding chunk to replica 3
replica 8 is forwarding chunk to replica 4
replica 8 is forwarding chunk to replica 5
replica 8 is forwarding chunk to replica 6
replica 8 is forwarding chunk to replica 1
replica 8 is forwarding chunk to replica 2
replica 8 is forwarding chunk to replica 3
replica 8 is forwarding chunk to replica 4
replica 8 is forwarding chunk to replica 5
replica 8 is forwarding chunk to replica 6
replica 8 is forwarding chunk to replica 7
replica 8 is forwarding chunk to replica 1
replica 8 is forwarding chunk to replica 2
replica 8 is forwarding chunk to replica 3
replica 8 is forwarding chunk to replica 4
replica 8 is forwarding chunk to replica 5
replica 8 is forwarding chunk to replica 6
replica 8 is forwarding chunk to replica 7
replica 8 is forwarding chunk to replica 1
replica 8 is forwarding chunk to replica 2
replica 8 is forwarding chunk to replica 3
replica 8 is forwarding chunk to replica 4
replica 8 is forwarding chunk to replica 5
replica 8 is forwarding chunk to replica 6
replica 8 is forwarding chunk to replica 7
Decoded original proposal, time: 2022-11-28 00:57:14.267734884 +0000 UTC m=+66.542526568 header hash: [75 152 239 23 193 229 152 187 193 198 49 17 94 0 66 98 109 76 252 99 208 6 227 177 121 255 81 193 174 84 93 16]
2022-11-28T00:57:14.267Z	DEBUG	replica=8	coded-hotterstuff/consensus.go:576	received proposal	{"CURRENT VIEW": 8, "msg": "proposal", "header view": 9, "prepare view": 7, "hash": "S5jvF8HlmLvBxjERXgBCYm1M/GPQBuOxef9Rwa5UXRA=", "parent": "CdTNHG77L/KNb6fxbFkMI5vefUtOuAcj6xhNSmb/gws="}
2022-11-28T00:57:14.276Z	DEBUG	replica=8	coded-hotterstuff/consensus.go:809	new block certified	{"CURRENT VIEW": 8, "view": 8, "hash": "CdTNHG77L/KNb6fxbFkMI5vefUtOuAcj6xhNSmb/gws="}
2022-11-28T00:57:14.276Z	DEBUG	replica=8	coded-hotterstuff/consensus.go:520	entered new view	{"CURRENT VIEW": 9, "view timeout": 2, "timedout": false}
2022-11-28T00:57:14.276Z	DEBUG	replica=8	coded-hotterstuff/consensus.go:788	new block locked	{"CURRENT VIEW": 9, "view": 7, "hash": "UrpGBauqox/y7djWW1+uYAk4lnjGCoti5rxDg06dPA8="}
2022-11-28T00:57:14.276Z	INFO	replica=8	coded-hotterstuff/consensus.go:797	new block commited	{"CURRENT VIEW": 9, "view": 6, "hash": "kFp8+So3McG2yp/crA+UXLJ7e1+L/NadJHrbEZU+si4="}
2022-11-28T00:57:14.279Z	DEBUG	replica=8	coded-hotterstuff/consensus.go:678	proposal is safe to vote on	{"CURRENT VIEW": 8, "msg": "proposal", "header view": 9, "prepare view": 7, "hash": "S5jvF8HlmLvBxjERXgBCYm1M/GPQBuOxef9Rwa5UXRA=", "parent": "CdTNHG77L/KNb6fxbFkMI5vefUtOuAcj6xhNSmb/gws="}
Node  8 +1 block finalized at time:  2022-11-28 00:57:14.282365171 +0000 UTC m=+66.557156865
Decoded original proposal, time: 2022-11-28 00:57:15.728485226 +0000 UTC m=+68.003276918 header hash: [75 152 239 23 193 229 152 187 193 198 49 17 94 0 66 98 109 76 252 99 208 6 227 177 121 255 81 193 174 84 93 16]
2022-11-28T00:57:15.728Z	DEBUG	replica=8	coded-hotterstuff/consensus.go:576	received proposal	{"CURRENT VIEW": 9, "msg": "proposal", "header view": 9, "prepare view": 8, "hash": "S5jvF8HlmLvBxjERXgBCYm1M/GPQBuOxef9Rwa5UXRA=", "parent": "CdTNHG77L/KNb6fxbFkMI5vefUtOuAcj6xhNSmb/gws="}
Decoded original proposal, time: 2022-11-28 00:57:16.833853781 +0000 UTC m=+69.108645469 header hash: [75 152 239 23 193 229 152 187 193 198 49 17 94 0 66 98 109 76 252 99 208 6 227 177 121 255 81 193 174 84 93 16]
2022-11-28T00:57:16.833Z	DEBUG	replica=8	coded-hotterstuff/consensus.go:576	received proposal	{"CURRENT VIEW": 9, "msg": "proposal", "header view": 9, "prepare view": 8, "hash": "S5jvF8HlmLvBxjERXgBCYm1M/GPQBuOxef9Rwa5UXRA=", "parent": "CdTNHG77L/KNb6fxbFkMI5vefUtOuAcj6xhNSmb/gws="}
replica 8 is forwarding chunk to replica 0
replica 8 is forwarding chunk to replica 2
replica 8 is forwarding chunk to replica 3
replica 8 is forwarding chunk to replica 4
replica 8 is forwarding chunk to replica 5
replica 8 is forwarding chunk to replica 6
replica 8 is forwarding chunk to replica 7
replica 8 is forwarding chunk to replica 0
replica 8 is forwarding chunk to replica 2
replica 8 is forwarding chunk to replica 3
replica 8 is forwarding chunk to replica 4
replica 8 is forwarding chunk to replica 5
replica 8 is forwarding chunk to replica 6
replica 8 is forwarding chunk to replica 7
Decoded original proposal, time: 2022-11-28 00:57:22.117105169 +0000 UTC m=+74.391896854 header hash: [27 41 162 234 216 56 3 146 217 203 198 162 48 110 164 219 109 81 22 147 45 180 199 35 245 217 107 204 240 129 84 110]
2022-11-28T00:57:22.117Z	DEBUG	replica=8	coded-hotterstuff/consensus.go:576	received proposal	{"CURRENT VIEW": 9, "msg": "proposal", "header view": 10, "prepare view": 8, "hash": "Gymi6tg4A5LZy8aiMG6k221RFpMttMcj9dlrzPCBVG4=", "parent": "S5jvF8HlmLvBxjERXgBCYm1M/GPQBuOxef9Rwa5UXRA="}
2022-11-28T00:57:22.125Z	DEBUG	replica=8	coded-hotterstuff/consensus.go:809	new block certified	{"CURRENT VIEW": 9, "view": 9, "hash": "S5jvF8HlmLvBxjERXgBCYm1M/GPQBuOxef9Rwa5UXRA="}
2022-11-28T00:57:22.125Z	DEBUG	replica=8	coded-hotterstuff/consensus.go:520	entered new view	{"CURRENT VIEW": 10, "view timeout": 2, "timedout": false}
2022-11-28T00:57:22.126Z	DEBUG	replica=8	coded-hotterstuff/consensus.go:788	new block locked	{"CURRENT VIEW": 10, "view": 8, "hash": "CdTNHG77L/KNb6fxbFkMI5vefUtOuAcj6xhNSmb/gws="}
2022-11-28T00:57:22.126Z	INFO	replica=8	coded-hotterstuff/consensus.go:797	new block commited	{"CURRENT VIEW": 10, "view": 7, "hash": "UrpGBauqox/y7djWW1+uYAk4lnjGCoti5rxDg06dPA8="}
2022-11-28T00:57:22.126Z	DEBUG	replica=8	coded-hotterstuff/consensus.go:678	proposal is safe to vote on	{"CURRENT VIEW": 9, "msg": "proposal", "header view": 10, "prepare view": 8, "hash": "Gymi6tg4A5LZy8aiMG6k221RFpMttMcj9dlrzPCBVG4=", "parent": "S5jvF8HlmLvBxjERXgBCYm1M/GPQBuOxef9Rwa5UXRA="}
Node  8 +1 block finalized at time:  2022-11-28 00:57:22.129214871 +0000 UTC m=+74.404006518
replica 8 is forwarding chunk to replica 0
replica 8 is forwarding chunk to replica 2
replica 8 is forwarding chunk to replica 3
replica 8 is forwarding chunk to replica 4
replica 8 is forwarding chunk to replica 5
replica 8 is forwarding chunk to replica 6
replica 8 is forwarding chunk to replica 7
Decoded original proposal, time: 2022-11-28 00:57:25.148757058 +0000 UTC m=+77.423548705 header hash: [27 41 162 234 216 56 3 146 217 203 198 162 48 110 164 219 109 81 22 147 45 180 199 35 245 217 107 204 240 129 84 110]
2022-11-28T00:57:25.148Z	DEBUG	replica=8	coded-hotterstuff/consensus.go:576	received proposal	{"CURRENT VIEW": 10, "msg": "proposal", "header view": 10, "prepare view": 9, "hash": "Gymi6tg4A5LZy8aiMG6k221RFpMttMcj9dlrzPCBVG4=", "parent": "S5jvF8HlmLvBxjERXgBCYm1M/GPQBuOxef9Rwa5UXRA="}
replica 8 is forwarding chunk to replica 0
replica 8 is forwarding chunk to replica 1
replica 8 is forwarding chunk to replica 3
replica 8 is forwarding chunk to replica 4
replica 8 is forwarding chunk to replica 5
replica 8 is forwarding chunk to replica 6
replica 8 is forwarding chunk to replica 7
