Node index: 3
[10.0.1.0:9000 10.0.1.2:9001 10.0.1.4:9002 10.0.1.6:9003 10.0.1.8:9004 10.0.1.10:9005 10.0.1.12:9006 10.0.1.14:9007 10.0.1.16:9008]
node 3 initiating connection to 10.0.1.0:9000
node 3 successfully initiated connection to 10.0.1.0:9000
node 3 initiating connection to 10.0.1.2:9001
node 3 successfully initiated connection to 10.0.1.2:9001
node 3 initiating connection to 10.0.1.4:9002
node 3 successfully initiated connection to 10.0.1.4:9002
connection established 3 - 4
Node  3 -->  Listening for messages... 
connection established 3 - 8
Node  3 -->  Listening for messages... 
connection established 3 - 5
connection established 3 - 6
Node  3 -->  Listening for messages... 
Node  3 -->  Listening for messages... 
connection established 3 - 7
Node  3 -->  Listening for messages... 
connection established 3 - 0
Node  3 -->  Listening for messages... 
connection established 3 - 1
Node  3 -->  Listening for messages... 
connection established 3 - 2
Node  3 -->  Listening for messages... 
2022-11-28T00:56:07.874Z	DEBUG	replica=3	coded-hotterstuff/consensus.go:520	entered new view	{"CURRENT VIEW": 1, "view timeout": 2, "timedout": false}
replica 3 is forwarding chunk to replica 0
replica 3 is forwarding chunk to replica 2
replica 3 is forwarding chunk to replica 4
replica 3 is forwarding chunk to replica 5
replica 3 is forwarding chunk to replica 6
replica 3 is forwarding chunk to replica 7
replica 3 is forwarding chunk to replica 8
Decoded original proposal, time: 2022-11-28 00:56:11.424453519 +0000 UTC m=+3.722521516 header hash: [72 160 180 233 149 231 108 139 103 97 149 83 197 114 214 128 107 110 76 231 61 205 42 18 190 82 86 133 4 78 235 255]
2022-11-28T00:56:11.424Z	DEBUG	replica=3	coded-hotterstuff/consensus.go:576	received proposal	{"CURRENT VIEW": 1, "msg": "proposal", "header view": 1, "prepare view": 0, "hash": "SKC06ZXnbItnYZVTxXLWgGtuTOc9zSoSvlJWhQRO6/8=", "parent": "GZWDhiYW+ib6TpJWRLDOftUd8y8ovAaEerQWDbefS7c="}
2022-11-28T00:56:11.432Z	DEBUG	replica=3	coded-hotterstuff/consensus.go:777	could not find gparent header	{"CURRENT VIEW": 1, "view": 0, "hash": "GZWDhiYW+ib6TpJWRLDOftUd8y8ovAaEerQWDbefS7c="}
2022-11-28T00:56:11.435Z	DEBUG	replica=3	coded-hotterstuff/consensus.go:678	proposal is safe to vote on	{"CURRENT VIEW": 1, "msg": "proposal", "header view": 1, "prepare view": 0, "hash": "SKC06ZXnbItnYZVTxXLWgGtuTOc9zSoSvlJWhQRO6/8=", "parent": "GZWDhiYW+ib6TpJWRLDOftUd8y8ovAaEerQWDbefS7c="}
replica 3 is forwarding chunk to replica 0
replica 3 is forwarding chunk to replica 1
replica 3 is forwarding chunk to replica 4
replica 3 is forwarding chunk to replica 5
replica 3 is forwarding chunk to replica 6
replica 3 is forwarding chunk to replica 7
replica 3 is forwarding chunk to replica 8
2022-11-28T00:56:14.030Z	DEBUG	replica=3	coded-hotterstuff/consensus.go:965	received vote	{"CURRENT VIEW": 1, "msg": "vote", "voter": 2, "view": 1, "hash": "cPBdTa7qQJueFGrjnuqGleZwFBh/lhGAlUWBfCr3UKs="}
Node  3  received vote before proposal, saving vote in pending votes, hash is  [112 240 93 77 174 234 64 155 158 20 106 227 158 234 134 149 230 112 20 24 127 150 17 128 149 69 129 124 42 247 80 171]  and string is,  2
2022-11-28T00:56:14.030Z	DEBUG	replica=3	coded-hotterstuff/consensus.go:970	Received vote before proposal, key is, 2	{"CURRENT VIEW": 1}
replica 3 is forwarding chunk to replica 0
replica 3 is forwarding chunk to replica 1
replica 3 is forwarding chunk to replica 4
replica 3 is forwarding chunk to replica 5
replica 3 is forwarding chunk to replica 6
replica 3 is forwarding chunk to replica 7
replica 3 is forwarding chunk to replica 8
Decoded original proposal, time: 2022-11-28 00:56:16.576003854 +0000 UTC m=+8.874071856 header hash: [112 240 93 77 174 234 64 155 158 20 106 227 158 234 134 149 230 112 20 24 127 150 17 128 149 69 129 124 42 247 80 171]
2022-11-28T00:56:16.576Z	DEBUG	replica=3	coded-hotterstuff/consensus.go:576	received proposal	{"CURRENT VIEW": 1, "msg": "proposal", "header view": 2, "prepare view": 0, "hash": "cPBdTa7qQJueFGrjnuqGleZwFBh/lhGAlUWBfCr3UKs=", "parent": "SKC06ZXnbItnYZVTxXLWgGtuTOc9zSoSvlJWhQRO6/8="}
2022-11-28T00:56:16.584Z	DEBUG	replica=3	coded-hotterstuff/consensus.go:809	new block certified	{"CURRENT VIEW": 1, "view": 1, "hash": "SKC06ZXnbItnYZVTxXLWgGtuTOc9zSoSvlJWhQRO6/8="}
2022-11-28T00:56:16.584Z	DEBUG	replica=3	coded-hotterstuff/consensus.go:520	entered new view	{"CURRENT VIEW": 2, "view timeout": 2, "timedout": false}
2022-11-28T00:56:16.584Z	DEBUG	replica=3	coded-hotterstuff/consensus.go:535	replica is a leader for next view. collecting new-view messages	{"CURRENT VIEW": 2}
2022-11-28T00:56:16.584Z	DEBUG	replica=3	coded-hotterstuff/consensus.go:782	could not find ggparent header	{"CURRENT VIEW": 2, "view": 0, "hash": "GZWDhiYW+ib6TpJWRLDOftUd8y8ovAaEerQWDbefS7c="}
2022-11-28T00:56:16.586Z	DEBUG	replica=3	coded-hotterstuff/consensus.go:678	proposal is safe to vote on	{"CURRENT VIEW": 1, "msg": "proposal", "header view": 2, "prepare view": 0, "hash": "cPBdTa7qQJueFGrjnuqGleZwFBh/lhGAlUWBfCr3UKs=", "parent": "SKC06ZXnbItnYZVTxXLWgGtuTOc9zSoSvlJWhQRO6/8="}
2022-11-28T00:56:16.586Z	DEBUG	replica=3	coded-hotterstuff/consensus.go:758	Taking care of pending vote 2	{"CURRENT VIEW": 2}
2022-11-28T00:56:16.586Z	DEBUG	replica=3	coded-hotterstuff/consensus.go:965	received vote	{"CURRENT VIEW": 2, "msg": "vote", "voter": 2, "view": 2, "hash": "cPBdTa7qQJueFGrjnuqGleZwFBh/lhGAlUWBfCr3UKs="}
2022-11-28T00:56:16.592Z	DEBUG	replica=3	coded-hotterstuff/consensus.go:965	received vote	{"CURRENT VIEW": 2, "msg": "vote", "voter": 3, "view": 2, "hash": "cPBdTa7qQJueFGrjnuqGleZwFBh/lhGAlUWBfCr3UKs="}
2022-11-28T00:56:17.070Z	DEBUG	replica=3	coded-hotterstuff/consensus.go:965	received vote	{"CURRENT VIEW": 2, "msg": "vote", "voter": 4, "view": 2, "hash": "cPBdTa7qQJueFGrjnuqGleZwFBh/lhGAlUWBfCr3UKs="}
2022-11-28T00:56:17.276Z	DEBUG	replica=3	coded-hotterstuff/consensus.go:965	received vote	{"CURRENT VIEW": 2, "msg": "vote", "voter": 5, "view": 2, "hash": "cPBdTa7qQJueFGrjnuqGleZwFBh/lhGAlUWBfCr3UKs="}
replica 3 is forwarding chunk to replica 0
replica 3 is forwarding chunk to replica 1
replica 3 is forwarding chunk to replica 4
replica 3 is forwarding chunk to replica 5
replica 3 is forwarding chunk to replica 6
replica 3 is forwarding chunk to replica 7
replica 3 is forwarding chunk to replica 8
Decoded original proposal, time: 2022-11-28 00:56:18.100550343 +0000 UTC m=+10.398618336 header hash: [112 240 93 77 174 234 64 155 158 20 106 227 158 234 134 149 230 112 20 24 127 150 17 128 149 69 129 124 42 247 80 171]
2022-11-28T00:56:18.100Z	DEBUG	replica=3	coded-hotterstuff/consensus.go:576	received proposal	{"CURRENT VIEW": 2, "msg": "proposal", "header view": 2, "prepare view": 1, "hash": "cPBdTa7qQJueFGrjnuqGleZwFBh/lhGAlUWBfCr3UKs=", "parent": "SKC06ZXnbItnYZVTxXLWgGtuTOc9zSoSvlJWhQRO6/8="}
2022-11-28T00:56:18.108Z	DEBUG	replica=3	coded-hotterstuff/consensus.go:782	could not find ggparent header	{"CURRENT VIEW": 2, "view": 0, "hash": "GZWDhiYW+ib6TpJWRLDOftUd8y8ovAaEerQWDbefS7c="}
2022-11-28T00:56:18.535Z	DEBUG	replica=3	coded-hotterstuff/consensus.go:965	received vote	{"CURRENT VIEW": 2, "msg": "vote", "voter": 6, "view": 2, "hash": "cPBdTa7qQJueFGrjnuqGleZwFBh/lhGAlUWBfCr3UKs="}
2022-11-28T00:56:19.037Z	DEBUG	replica=3	coded-hotterstuff/consensus.go:965	received vote	{"CURRENT VIEW": 2, "msg": "vote", "voter": 7, "view": 2, "hash": "cPBdTa7qQJueFGrjnuqGleZwFBh/lhGAlUWBfCr3UKs="}
Decoded original proposal, time: 2022-11-28 00:56:19.458979057 +0000 UTC m=+11.757047098 header hash: [112 240 93 77 174 234 64 155 158 20 106 227 158 234 134 149 230 112 20 24 127 150 17 128 149 69 129 124 42 247 80 171]
2022-11-28T00:56:19.459Z	DEBUG	replica=3	coded-hotterstuff/consensus.go:576	received proposal	{"CURRENT VIEW": 2, "msg": "proposal", "header view": 2, "prepare view": 1, "hash": "cPBdTa7qQJueFGrjnuqGleZwFBh/lhGAlUWBfCr3UKs=", "parent": "SKC06ZXnbItnYZVTxXLWgGtuTOc9zSoSvlJWhQRO6/8="}
2022-11-28T00:56:19.467Z	DEBUG	replica=3	coded-hotterstuff/consensus.go:782	could not find ggparent header	{"CURRENT VIEW": 2, "view": 0, "hash": "GZWDhiYW+ib6TpJWRLDOftUd8y8ovAaEerQWDbefS7c="}
2022-11-28T00:56:19.468Z	DEBUG	replica=3	coded-hotterstuff/consensus.go:965	received vote	{"CURRENT VIEW": 2, "msg": "vote", "voter": 8, "view": 2, "hash": "cPBdTa7qQJueFGrjnuqGleZwFBh/lhGAlUWBfCr3UKs="}
2022-11-28T00:56:19.474Z	DEBUG	replica=3	coded-hotterstuff/consensus.go:809	new block certified	{"CURRENT VIEW": 2, "view": 2, "hash": "cPBdTa7qQJueFGrjnuqGleZwFBh/lhGAlUWBfCr3UKs="}
2022-11-28T00:56:19.474Z	DEBUG	replica=3	coded-hotterstuff/consensus.go:520	entered new view	{"CURRENT VIEW": 3, "view timeout": 2, "timedout": false}
2022-11-28T00:56:19.474Z	DEBUG	replica=3	coded-hotterstuff/consensus.go:544	replica is a leader for this view. waiting for data	{"CURRENT VIEW": 3}
2022-11-28T00:56:19.474Z	DEBUG	replica=3	coded-hotterstuff/consensus.go:520	entered new view	{"CURRENT VIEW": 3, "view timeout": 2, "timedout": false}
2022-11-28T00:56:19.474Z	DEBUG	replica=3	coded-hotterstuff/consensus.go:544	replica is a leader for this view. waiting for data	{"CURRENT VIEW": 3}
2022-11-28T00:56:19.478Z	DEBUG	replica=3	coded-hotterstuff/consensus.go:238	sending proposal	{"CURRENT VIEW": 3, "hash": "cLFzFj8B5QK8hCmGW/OU2JuMGjA5BWSI/G1faUNJ6uM=", "parent": "cPBdTa7qQJueFGrjnuqGleZwFBh/lhGAlUWBfCr3UKs=", "signer": 3}
2022-11-28T00:56:19.479Z	DEBUG	replica=3	coded-hotterstuff/consensus.go:576	received proposal	{"CURRENT VIEW": 3, "msg": "proposal", "header view": 3, "prepare view": 2, "hash": "cLFzFj8B5QK8hCmGW/OU2JuMGjA5BWSI/G1faUNJ6uM=", "parent": "cPBdTa7qQJueFGrjnuqGleZwFBh/lhGAlUWBfCr3UKs="}
2022-11-28T00:56:19.488Z	DEBUG	replica=3	coded-hotterstuff/consensus.go:788	new block locked	{"CURRENT VIEW": 3, "view": 1, "hash": "SKC06ZXnbItnYZVTxXLWgGtuTOc9zSoSvlJWhQRO6/8="}
2022-11-28T00:56:19.491Z	DEBUG	replica=3	coded-hotterstuff/consensus.go:678	proposal is safe to vote on	{"CURRENT VIEW": 3, "msg": "proposal", "header view": 3, "prepare view": 2, "hash": "cLFzFj8B5QK8hCmGW/OU2JuMGjA5BWSI/G1faUNJ6uM=", "parent": "cPBdTa7qQJueFGrjnuqGleZwFBh/lhGAlUWBfCr3UKs="}
2022-11-28T00:56:21.846Z	DEBUG	replica=3	coded-hotterstuff/consensus.go:965	received vote	{"CURRENT VIEW": 3, "msg": "vote", "voter": 1, "view": 3, "hash": "cPBdTa7qQJueFGrjnuqGleZwFBh/lhGAlUWBfCr3UKs="}
2022-11-28T00:56:21.852Z	DEBUG	replica=3	coded-hotterstuff/consensus.go:520	entered new view	{"CURRENT VIEW": 3, "view timeout": 2, "timedout": false}
2022-11-28T00:56:21.852Z	DEBUG	replica=3	coded-hotterstuff/consensus.go:544	replica is a leader for this view. waiting for data	{"CURRENT VIEW": 3}
2022-11-28T00:56:21.856Z	DEBUG	replica=3	coded-hotterstuff/consensus.go:238	sending proposal	{"CURRENT VIEW": 3, "hash": "cLFzFj8B5QK8hCmGW/OU2JuMGjA5BWSI/G1faUNJ6uM=", "parent": "cPBdTa7qQJueFGrjnuqGleZwFBh/lhGAlUWBfCr3UKs=", "signer": 3}
2022-11-28T00:56:21.857Z	DEBUG	replica=3	coded-hotterstuff/consensus.go:576	received proposal	{"CURRENT VIEW": 3, "msg": "proposal", "header view": 3, "prepare view": 2, "hash": "cLFzFj8B5QK8hCmGW/OU2JuMGjA5BWSI/G1faUNJ6uM=", "parent": "cPBdTa7qQJueFGrjnuqGleZwFBh/lhGAlUWBfCr3UKs="}
2022-11-28T00:56:24.444Z	DEBUG	replica=3	coded-hotterstuff/consensus.go:965	received vote	{"CURRENT VIEW": 3, "msg": "vote", "voter": 0, "view": 3, "hash": "cPBdTa7qQJueFGrjnuqGleZwFBh/lhGAlUWBfCr3UKs="}
2022-11-28T00:56:24.450Z	DEBUG	replica=3	coded-hotterstuff/consensus.go:520	entered new view	{"CURRENT VIEW": 3, "view timeout": 2, "timedout": false}
2022-11-28T00:56:24.450Z	DEBUG	replica=3	coded-hotterstuff/consensus.go:544	replica is a leader for this view. waiting for data	{"CURRENT VIEW": 3}
2022-11-28T00:56:24.455Z	DEBUG	replica=3	coded-hotterstuff/consensus.go:238	sending proposal	{"CURRENT VIEW": 3, "hash": "cLFzFj8B5QK8hCmGW/OU2JuMGjA5BWSI/G1faUNJ6uM=", "parent": "cPBdTa7qQJueFGrjnuqGleZwFBh/lhGAlUWBfCr3UKs=", "signer": 3}
2022-11-28T00:56:24.456Z	DEBUG	replica=3	coded-hotterstuff/consensus.go:576	received proposal	{"CURRENT VIEW": 3, "msg": "proposal", "header view": 3, "prepare view": 2, "hash": "cLFzFj8B5QK8hCmGW/OU2JuMGjA5BWSI/G1faUNJ6uM=", "parent": "cPBdTa7qQJueFGrjnuqGleZwFBh/lhGAlUWBfCr3UKs="}
replica 3 is forwarding chunk to replica 0
replica 3 is forwarding chunk to replica 1
replica 3 is forwarding chunk to replica 2
replica 3 is forwarding chunk to replica 5
replica 3 is forwarding chunk to replica 6
replica 3 is forwarding chunk to replica 7
replica 3 is forwarding chunk to replica 8
replica 3 is forwarding chunk to replica 0
replica 3 is forwarding chunk to replica 1
replica 3 is forwarding chunk to replica 2
replica 3 is forwarding chunk to replica 5
replica 3 is forwarding chunk to replica 6
replica 3 is forwarding chunk to replica 7
replica 3 is forwarding chunk to replica 8
replica 3 is forwarding chunk to replica 0
replica 3 is forwarding chunk to replica 1
replica 3 is forwarding chunk to replica 2
replica 3 is forwarding chunk to replica 5
replica 3 is forwarding chunk to replica 6
replica 3 is forwarding chunk to replica 7
replica 3 is forwarding chunk to replica 8
Decoded original proposal, time: 2022-11-28 00:56:31.276980544 +0000 UTC m=+23.575048586 header hash: [241 106 152 62 46 209 156 146 237 16 116 52 193 237 0 80 85 192 166 182 15 238 2 99 236 42 182 26 232 130 25 190]
2022-11-28T00:56:31.277Z	DEBUG	replica=3	coded-hotterstuff/consensus.go:576	received proposal	{"CURRENT VIEW": 3, "msg": "proposal", "header view": 4, "prepare view": 2, "hash": "8WqYPi7RnJLtEHQ0we0AUFXAprYP7gJj7Cq2GuiCGb4=", "parent": "cLFzFj8B5QK8hCmGW/OU2JuMGjA5BWSI/G1faUNJ6uM="}
2022-11-28T00:56:31.286Z	DEBUG	replica=3	coded-hotterstuff/consensus.go:809	new block certified	{"CURRENT VIEW": 3, "view": 3, "hash": "cLFzFj8B5QK8hCmGW/OU2JuMGjA5BWSI/G1faUNJ6uM="}
2022-11-28T00:56:31.286Z	DEBUG	replica=3	coded-hotterstuff/consensus.go:520	entered new view	{"CURRENT VIEW": 4, "view timeout": 2, "timedout": false}
2022-11-28T00:56:31.286Z	DEBUG	replica=3	coded-hotterstuff/consensus.go:788	new block locked	{"CURRENT VIEW": 4, "view": 2, "hash": "cPBdTa7qQJueFGrjnuqGleZwFBh/lhGAlUWBfCr3UKs="}
2022-11-28T00:56:31.286Z	INFO	replica=3	coded-hotterstuff/consensus.go:797	new block commited	{"CURRENT VIEW": 4, "view": 1, "hash": "SKC06ZXnbItnYZVTxXLWgGtuTOc9zSoSvlJWhQRO6/8="}
2022-11-28T00:56:31.288Z	DEBUG	replica=3	coded-hotterstuff/consensus.go:678	proposal is safe to vote on	{"CURRENT VIEW": 3, "msg": "proposal", "header view": 4, "prepare view": 2, "hash": "8WqYPi7RnJLtEHQ0we0AUFXAprYP7gJj7Cq2GuiCGb4=", "parent": "cLFzFj8B5QK8hCmGW/OU2JuMGjA5BWSI/G1faUNJ6uM="}
Node  3 +1 block finalized at time:  2022-11-28 00:56:31.291458478 +0000 UTC m=+23.589526471
Decoded original proposal, time: 2022-11-28 00:56:33.563833551 +0000 UTC m=+25.861901554 header hash: [241 106 152 62 46 209 156 146 237 16 116 52 193 237 0 80 85 192 166 182 15 238 2 99 236 42 182 26 232 130 25 190]
2022-11-28T00:56:33.563Z	DEBUG	replica=3	coded-hotterstuff/consensus.go:576	received proposal	{"CURRENT VIEW": 4, "msg": "proposal", "header view": 4, "prepare view": 3, "hash": "8WqYPi7RnJLtEHQ0we0AUFXAprYP7gJj7Cq2GuiCGb4=", "parent": "cLFzFj8B5QK8hCmGW/OU2JuMGjA5BWSI/G1faUNJ6uM="}
Decoded original proposal, time: 2022-11-28 00:56:34.825931694 +0000 UTC m=+27.123999737 header hash: [241 106 152 62 46 209 156 146 237 16 116 52 193 237 0 80 85 192 166 182 15 238 2 99 236 42 182 26 232 130 25 190]
2022-11-28T00:56:34.825Z	DEBUG	replica=3	coded-hotterstuff/consensus.go:576	received proposal	{"CURRENT VIEW": 4, "msg": "proposal", "header view": 4, "prepare view": 3, "hash": "8WqYPi7RnJLtEHQ0we0AUFXAprYP7gJj7Cq2GuiCGb4=", "parent": "cLFzFj8B5QK8hCmGW/OU2JuMGjA5BWSI/G1faUNJ6uM="}
replica 3 is forwarding chunk to replica 0
replica 3 is forwarding chunk to replica 1
replica 3 is forwarding chunk to replica 2
replica 3 is forwarding chunk to replica 4
replica 3 is forwarding chunk to replica 6
replica 3 is forwarding chunk to replica 7
replica 3 is forwarding chunk to replica 8
replica 3 is forwarding chunk to replica 0
replica 3 is forwarding chunk to replica 1
replica 3 is forwarding chunk to replica 2
replica 3 is forwarding chunk to replica 4
replica 3 is forwarding chunk to replica 6
replica 3 is forwarding chunk to replica 7
replica 3 is forwarding chunk to replica 8
replica 3 is forwarding chunk to replica 0
replica 3 is forwarding chunk to replica 1
replica 3 is forwarding chunk to replica 2
replica 3 is forwarding chunk to replica 4
replica 3 is forwarding chunk to replica 6
replica 3 is forwarding chunk to replica 7
replica 3 is forwarding chunk to replica 8
Decoded original proposal, time: 2022-11-28 00:56:40.866519335 +0000 UTC m=+33.164587401 header hash: [142 10 227 234 199 14 168 203 47 218 211 136 230 41 94 109 68 52 16 5 27 142 16 70 5 23 250 1 182 25 221 148]
2022-11-28T00:56:40.866Z	DEBUG	replica=3	coded-hotterstuff/consensus.go:576	received proposal	{"CURRENT VIEW": 4, "msg": "proposal", "header view": 5, "prepare view": 3, "hash": "jgrj6scOqMsv2tOI5ilebUQ0EAUbjhBGBRf6AbYZ3ZQ=", "parent": "8WqYPi7RnJLtEHQ0we0AUFXAprYP7gJj7Cq2GuiCGb4="}
2022-11-28T00:56:40.875Z	DEBUG	replica=3	coded-hotterstuff/consensus.go:809	new block certified	{"CURRENT VIEW": 4, "view": 4, "hash": "8WqYPi7RnJLtEHQ0we0AUFXAprYP7gJj7Cq2GuiCGb4="}
2022-11-28T00:56:40.875Z	DEBUG	replica=3	coded-hotterstuff/consensus.go:520	entered new view	{"CURRENT VIEW": 5, "view timeout": 2, "timedout": false}
2022-11-28T00:56:40.875Z	DEBUG	replica=3	coded-hotterstuff/consensus.go:788	new block locked	{"CURRENT VIEW": 5, "view": 3, "hash": "cLFzFj8B5QK8hCmGW/OU2JuMGjA5BWSI/G1faUNJ6uM="}
2022-11-28T00:56:40.875Z	INFO	replica=3	coded-hotterstuff/consensus.go:797	new block commited	{"CURRENT VIEW": 5, "view": 2, "hash": "cPBdTa7qQJueFGrjnuqGleZwFBh/lhGAlUWBfCr3UKs="}
2022-11-28T00:56:40.877Z	DEBUG	replica=3	coded-hotterstuff/consensus.go:678	proposal is safe to vote on	{"CURRENT VIEW": 4, "msg": "proposal", "header view": 5, "prepare view": 3, "hash": "jgrj6scOqMsv2tOI5ilebUQ0EAUbjhBGBRf6AbYZ3ZQ=", "parent": "8WqYPi7RnJLtEHQ0we0AUFXAprYP7gJj7Cq2GuiCGb4="}
Node  3 +1 block finalized at time:  2022-11-28 00:56:40.880449559 +0000 UTC m=+33.178517548
Decoded original proposal, time: 2022-11-28 00:56:42.000756297 +0000 UTC m=+34.298824348 header hash: [142 10 227 234 199 14 168 203 47 218 211 136 230 41 94 109 68 52 16 5 27 142 16 70 5 23 250 1 182 25 221 148]
2022-11-28T00:56:42.000Z	DEBUG	replica=3	coded-hotterstuff/consensus.go:576	received proposal	{"CURRENT VIEW": 5, "msg": "proposal", "header view": 5, "prepare view": 4, "hash": "jgrj6scOqMsv2tOI5ilebUQ0EAUbjhBGBRf6AbYZ3ZQ=", "parent": "8WqYPi7RnJLtEHQ0we0AUFXAprYP7gJj7Cq2GuiCGb4="}
Decoded original proposal, time: 2022-11-28 00:56:43.076310294 +0000 UTC m=+35.374378295 header hash: [142 10 227 234 199 14 168 203 47 218 211 136 230 41 94 109 68 52 16 5 27 142 16 70 5 23 250 1 182 25 221 148]
2022-11-28T00:56:43.076Z	DEBUG	replica=3	coded-hotterstuff/consensus.go:576	received proposal	{"CURRENT VIEW": 5, "msg": "proposal", "header view": 5, "prepare view": 4, "hash": "jgrj6scOqMsv2tOI5ilebUQ0EAUbjhBGBRf6AbYZ3ZQ=", "parent": "8WqYPi7RnJLtEHQ0we0AUFXAprYP7gJj7Cq2GuiCGb4="}
replica 3 is forwarding chunk to replica 0
replica 3 is forwarding chunk to replica 1
replica 3 is forwarding chunk to replica 2
replica 3 is forwarding chunk to replica 4
replica 3 is forwarding chunk to replica 5
replica 3 is forwarding chunk to replica 7
replica 3 is forwarding chunk to replica 8
replica 3 is forwarding chunk to replica 0
replica 3 is forwarding chunk to replica 1
replica 3 is forwarding chunk to replica 2
replica 3 is forwarding chunk to replica 4
replica 3 is forwarding chunk to replica 5
replica 3 is forwarding chunk to replica 7
replica 3 is forwarding chunk to replica 8
Decoded original proposal, time: 2022-11-28 00:56:48.228685189 +0000 UTC m=+40.526753229 header hash: [144 90 124 249 42 55 49 193 182 202 159 220 172 15 148 92 178 123 123 95 139 252 214 157 36 122 219 17 149 62 178 46]
2022-11-28T00:56:48.228Z	DEBUG	replica=3	coded-hotterstuff/consensus.go:576	received proposal	{"CURRENT VIEW": 5, "msg": "proposal", "header view": 6, "prepare view": 4, "hash": "kFp8+So3McG2yp/crA+UXLJ7e1+L/NadJHrbEZU+si4=", "parent": "jgrj6scOqMsv2tOI5ilebUQ0EAUbjhBGBRf6AbYZ3ZQ="}
2022-11-28T00:56:48.238Z	DEBUG	replica=3	coded-hotterstuff/consensus.go:809	new block certified	{"CURRENT VIEW": 5, "view": 5, "hash": "jgrj6scOqMsv2tOI5ilebUQ0EAUbjhBGBRf6AbYZ3ZQ="}
2022-11-28T00:56:48.238Z	DEBUG	replica=3	coded-hotterstuff/consensus.go:520	entered new view	{"CURRENT VIEW": 6, "view timeout": 2, "timedout": false}
2022-11-28T00:56:48.238Z	DEBUG	replica=3	coded-hotterstuff/consensus.go:788	new block locked	{"CURRENT VIEW": 6, "view": 4, "hash": "8WqYPi7RnJLtEHQ0we0AUFXAprYP7gJj7Cq2GuiCGb4="}
2022-11-28T00:56:48.238Z	INFO	replica=3	coded-hotterstuff/consensus.go:797	new block commited	{"CURRENT VIEW": 6, "view": 3, "hash": "cLFzFj8B5QK8hCmGW/OU2JuMGjA5BWSI/G1faUNJ6uM="}
2022-11-28T00:56:48.241Z	DEBUG	replica=3	coded-hotterstuff/consensus.go:678	proposal is safe to vote on	{"CURRENT VIEW": 5, "msg": "proposal", "header view": 6, "prepare view": 4, "hash": "kFp8+So3McG2yp/crA+UXLJ7e1+L/NadJHrbEZU+si4=", "parent": "jgrj6scOqMsv2tOI5ilebUQ0EAUbjhBGBRf6AbYZ3ZQ="}
Node  3 +1 block finalized at time:  2022-11-28 00:56:48.243581896 +0000 UTC m=+40.541649889
replica 3 is forwarding chunk to replica 0
replica 3 is forwarding chunk to replica 1
replica 3 is forwarding chunk to replica 2
replica 3 is forwarding chunk to replica 4
replica 3 is forwarding chunk to replica 5
replica 3 is forwarding chunk to replica 7
replica 3 is forwarding chunk to replica 8
Decoded original proposal, time: 2022-11-28 00:56:50.343773353 +0000 UTC m=+42.641841354 header hash: [144 90 124 249 42 55 49 193 182 202 159 220 172 15 148 92 178 123 123 95 139 252 214 157 36 122 219 17 149 62 178 46]
2022-11-28T00:56:50.343Z	DEBUG	replica=3	coded-hotterstuff/consensus.go:576	received proposal	{"CURRENT VIEW": 6, "msg": "proposal", "header view": 6, "prepare view": 5, "hash": "kFp8+So3McG2yp/crA+UXLJ7e1+L/NadJHrbEZU+si4=", "parent": "jgrj6scOqMsv2tOI5ilebUQ0EAUbjhBGBRf6AbYZ3ZQ="}
Decoded original proposal, time: 2022-11-28 00:56:51.191373908 +0000 UTC m=+43.489441902 header hash: [144 90 124 249 42 55 49 193 182 202 159 220 172 15 148 92 178 123 123 95 139 252 214 157 36 122 219 17 149 62 178 46]
2022-11-28T00:56:51.191Z	DEBUG	replica=3	coded-hotterstuff/consensus.go:576	received proposal	{"CURRENT VIEW": 6, "msg": "proposal", "header view": 6, "prepare view": 5, "hash": "kFp8+So3McG2yp/crA+UXLJ7e1+L/NadJHrbEZU+si4=", "parent": "jgrj6scOqMsv2tOI5ilebUQ0EAUbjhBGBRf6AbYZ3ZQ="}
replica 3 is forwarding chunk to replica 0
replica 3 is forwarding chunk to replica 1
replica 3 is forwarding chunk to replica 2
replica 3 is forwarding chunk to replica 4
replica 3 is forwarding chunk to replica 5
replica 3 is forwarding chunk to replica 6
replica 3 is forwarding chunk to replica 8
Decoded original proposal, time: 2022-11-28 00:56:53.880378053 +0000 UTC m=+46.178446068 header hash: [82 186 70 5 171 170 163 31 242 237 216 214 91 95 174 96 9 56 150 120 198 10 139 98 230 188 67 131 78 157 60 15]
2022-11-28T00:56:53.880Z	DEBUG	replica=3	coded-hotterstuff/consensus.go:576	received proposal	{"CURRENT VIEW": 6, "msg": "proposal", "header view": 7, "prepare view": 5, "hash": "UrpGBauqox/y7djWW1+uYAk4lnjGCoti5rxDg06dPA8=", "parent": "kFp8+So3McG2yp/crA+UXLJ7e1+L/NadJHrbEZU+si4="}
2022-11-28T00:56:53.898Z	DEBUG	replica=3	coded-hotterstuff/consensus.go:809	new block certified	{"CURRENT VIEW": 6, "view": 6, "hash": "kFp8+So3McG2yp/crA+UXLJ7e1+L/NadJHrbEZU+si4="}
2022-11-28T00:56:53.898Z	DEBUG	replica=3	coded-hotterstuff/consensus.go:520	entered new view	{"CURRENT VIEW": 7, "view timeout": 2, "timedout": false}
2022-11-28T00:56:53.898Z	DEBUG	replica=3	coded-hotterstuff/consensus.go:788	new block locked	{"CURRENT VIEW": 7, "view": 5, "hash": "jgrj6scOqMsv2tOI5ilebUQ0EAUbjhBGBRf6AbYZ3ZQ="}
2022-11-28T00:56:53.898Z	INFO	replica=3	coded-hotterstuff/consensus.go:797	new block commited	{"CURRENT VIEW": 7, "view": 4, "hash": "8WqYPi7RnJLtEHQ0we0AUFXAprYP7gJj7Cq2GuiCGb4="}
2022-11-28T00:56:53.903Z	DEBUG	replica=3	coded-hotterstuff/consensus.go:678	proposal is safe to vote on	{"CURRENT VIEW": 6, "msg": "proposal", "header view": 7, "prepare view": 5, "hash": "UrpGBauqox/y7djWW1+uYAk4lnjGCoti5rxDg06dPA8=", "parent": "kFp8+So3McG2yp/crA+UXLJ7e1+L/NadJHrbEZU+si4="}
Node  3 +1 block finalized at time:  2022-11-28 00:56:53.9075177 +0000 UTC m=+46.205585694
replica 3 is forwarding chunk to replica 0
replica 3 is forwarding chunk to replica 1
replica 3 is forwarding chunk to replica 2
replica 3 is forwarding chunk to replica 4
replica 3 is forwarding chunk to replica 5
replica 3 is forwarding chunk to replica 6
replica 3 is forwarding chunk to replica 8
replica 3 is forwarding chunk to replica 0
replica 3 is forwarding chunk to replica 1
replica 3 is forwarding chunk to replica 2
replica 3 is forwarding chunk to replica 4
replica 3 is forwarding chunk to replica 5
replica 3 is forwarding chunk to replica 6
replica 3 is forwarding chunk to replica 8
Decoded original proposal, time: 2022-11-28 00:56:57.854999766 +0000 UTC m=+50.153067809 header hash: [82 186 70 5 171 170 163 31 242 237 216 214 91 95 174 96 9 56 150 120 198 10 139 98 230 188 67 131 78 157 60 15]
2022-11-28T00:56:57.855Z	DEBUG	replica=3	coded-hotterstuff/consensus.go:576	received proposal	{"CURRENT VIEW": 7, "msg": "proposal", "header view": 7, "prepare view": 6, "hash": "UrpGBauqox/y7djWW1+uYAk4lnjGCoti5rxDg06dPA8=", "parent": "kFp8+So3McG2yp/crA+UXLJ7e1+L/NadJHrbEZU+si4="}
Decoded original proposal, time: 2022-11-28 00:56:59.284269021 +0000 UTC m=+51.582337079 header hash: [82 186 70 5 171 170 163 31 242 237 216 214 91 95 174 96 9 56 150 120 198 10 139 98 230 188 67 131 78 157 60 15]
2022-11-28T00:56:59.284Z	DEBUG	replica=3	coded-hotterstuff/consensus.go:576	received proposal	{"CURRENT VIEW": 7, "msg": "proposal", "header view": 7, "prepare view": 6, "hash": "UrpGBauqox/y7djWW1+uYAk4lnjGCoti5rxDg06dPA8=", "parent": "kFp8+So3McG2yp/crA+UXLJ7e1+L/NadJHrbEZU+si4="}
replica 3 is forwarding chunk to replica 0
replica 3 is forwarding chunk to replica 1
replica 3 is forwarding chunk to replica 2
replica 3 is forwarding chunk to replica 4
replica 3 is forwarding chunk to replica 5
replica 3 is forwarding chunk to replica 6
replica 3 is forwarding chunk to replica 7
Decoded original proposal, time: 2022-11-28 00:57:03.236243817 +0000 UTC m=+55.534311858 header hash: [9 212 205 28 110 251 47 242 141 111 167 241 108 89 12 35 155 222 125 75 78 184 7 35 235 24 77 74 102 255 131 11]
2022-11-28T00:57:03.236Z	DEBUG	replica=3	coded-hotterstuff/consensus.go:576	received proposal	{"CURRENT VIEW": 7, "msg": "proposal", "header view": 8, "prepare view": 6, "hash": "CdTNHG77L/KNb6fxbFkMI5vefUtOuAcj6xhNSmb/gws=", "parent": "UrpGBauqox/y7djWW1+uYAk4lnjGCoti5rxDg06dPA8="}
2022-11-28T00:57:03.244Z	DEBUG	replica=3	coded-hotterstuff/consensus.go:809	new block certified	{"CURRENT VIEW": 7, "view": 7, "hash": "UrpGBauqox/y7djWW1+uYAk4lnjGCoti5rxDg06dPA8="}
2022-11-28T00:57:03.244Z	DEBUG	replica=3	coded-hotterstuff/consensus.go:520	entered new view	{"CURRENT VIEW": 8, "view timeout": 2, "timedout": false}
2022-11-28T00:57:03.244Z	DEBUG	replica=3	coded-hotterstuff/consensus.go:788	new block locked	{"CURRENT VIEW": 8, "view": 6, "hash": "kFp8+So3McG2yp/crA+UXLJ7e1+L/NadJHrbEZU+si4="}
2022-11-28T00:57:03.244Z	INFO	replica=3	coded-hotterstuff/consensus.go:797	new block commited	{"CURRENT VIEW": 8, "view": 5, "hash": "jgrj6scOqMsv2tOI5ilebUQ0EAUbjhBGBRf6AbYZ3ZQ="}
2022-11-28T00:57:03.245Z	DEBUG	replica=3	coded-hotterstuff/consensus.go:678	proposal is safe to vote on	{"CURRENT VIEW": 7, "msg": "proposal", "header view": 8, "prepare view": 6, "hash": "CdTNHG77L/KNb6fxbFkMI5vefUtOuAcj6xhNSmb/gws=", "parent": "UrpGBauqox/y7djWW1+uYAk4lnjGCoti5rxDg06dPA8="}
Node  3 +1 block finalized at time:  2022-11-28 00:57:03.24794329 +0000 UTC m=+55.546011287
replica 3 is forwarding chunk to replica 0
replica 3 is forwarding chunk to replica 1
replica 3 is forwarding chunk to replica 2
replica 3 is forwarding chunk to replica 4
replica 3 is forwarding chunk to replica 5
replica 3 is forwarding chunk to replica 6
replica 3 is forwarding chunk to replica 7
replica 3 is forwarding chunk to replica 0
replica 3 is forwarding chunk to replica 1
replica 3 is forwarding chunk to replica 2
replica 3 is forwarding chunk to replica 4
replica 3 is forwarding chunk to replica 5
replica 3 is forwarding chunk to replica 6
replica 3 is forwarding chunk to replica 7
Decoded original proposal, time: 2022-11-28 00:57:05.929922745 +0000 UTC m=+58.227990784 header hash: [9 212 205 28 110 251 47 242 141 111 167 241 108 89 12 35 155 222 125 75 78 184 7 35 235 24 77 74 102 255 131 11]
2022-11-28T00:57:05.929Z	DEBUG	replica=3	coded-hotterstuff/consensus.go:576	received proposal	{"CURRENT VIEW": 8, "msg": "proposal", "header view": 8, "prepare view": 7, "hash": "CdTNHG77L/KNb6fxbFkMI5vefUtOuAcj6xhNSmb/gws=", "parent": "UrpGBauqox/y7djWW1+uYAk4lnjGCoti5rxDg06dPA8="}
Decoded original proposal, time: 2022-11-28 00:57:06.761868983 +0000 UTC m=+59.059936985 header hash: [9 212 205 28 110 251 47 242 141 111 167 241 108 89 12 35 155 222 125 75 78 184 7 35 235 24 77 74 102 255 131 11]
2022-11-28T00:57:06.761Z	DEBUG	replica=3	coded-hotterstuff/consensus.go:576	received proposal	{"CURRENT VIEW": 8, "msg": "proposal", "header view": 8, "prepare view": 7, "hash": "CdTNHG77L/KNb6fxbFkMI5vefUtOuAcj6xhNSmb/gws=", "parent": "UrpGBauqox/y7djWW1+uYAk4lnjGCoti5rxDg06dPA8="}
replica 3 is forwarding chunk to replica 1
replica 3 is forwarding chunk to replica 2
replica 3 is forwarding chunk to replica 4
replica 3 is forwarding chunk to replica 5
replica 3 is forwarding chunk to replica 6
replica 3 is forwarding chunk to replica 7
replica 3 is forwarding chunk to replica 8
replica 3 is forwarding chunk to replica 1
replica 3 is forwarding chunk to replica 2
replica 3 is forwarding chunk to replica 4
replica 3 is forwarding chunk to replica 5
replica 3 is forwarding chunk to replica 6
replica 3 is forwarding chunk to replica 7
replica 3 is forwarding chunk to replica 8
replica 3 is forwarding chunk to replica 1
replica 3 is forwarding chunk to replica 2
replica 3 is forwarding chunk to replica 4
replica 3 is forwarding chunk to replica 5
replica 3 is forwarding chunk to replica 6
replica 3 is forwarding chunk to replica 7
replica 3 is forwarding chunk to replica 8
Decoded original proposal, time: 2022-11-28 00:57:13.615795934 +0000 UTC m=+65.913863977 header hash: [75 152 239 23 193 229 152 187 193 198 49 17 94 0 66 98 109 76 252 99 208 6 227 177 121 255 81 193 174 84 93 16]
2022-11-28T00:57:13.615Z	DEBUG	replica=3	coded-hotterstuff/consensus.go:576	received proposal	{"CURRENT VIEW": 8, "msg": "proposal", "header view": 9, "prepare view": 7, "hash": "S5jvF8HlmLvBxjERXgBCYm1M/GPQBuOxef9Rwa5UXRA=", "parent": "CdTNHG77L/KNb6fxbFkMI5vefUtOuAcj6xhNSmb/gws="}
2022-11-28T00:57:13.624Z	DEBUG	replica=3	coded-hotterstuff/consensus.go:809	new block certified	{"CURRENT VIEW": 8, "view": 8, "hash": "CdTNHG77L/KNb6fxbFkMI5vefUtOuAcj6xhNSmb/gws="}
2022-11-28T00:57:13.624Z	DEBUG	replica=3	coded-hotterstuff/consensus.go:520	entered new view	{"CURRENT VIEW": 9, "view timeout": 2, "timedout": false}
2022-11-28T00:57:13.624Z	DEBUG	replica=3	coded-hotterstuff/consensus.go:788	new block locked	{"CURRENT VIEW": 9, "view": 7, "hash": "UrpGBauqox/y7djWW1+uYAk4lnjGCoti5rxDg06dPA8="}
2022-11-28T00:57:13.624Z	INFO	replica=3	coded-hotterstuff/consensus.go:797	new block commited	{"CURRENT VIEW": 9, "view": 6, "hash": "kFp8+So3McG2yp/crA+UXLJ7e1+L/NadJHrbEZU+si4="}
2022-11-28T00:57:13.626Z	DEBUG	replica=3	coded-hotterstuff/consensus.go:678	proposal is safe to vote on	{"CURRENT VIEW": 8, "msg": "proposal", "header view": 9, "prepare view": 7, "hash": "S5jvF8HlmLvBxjERXgBCYm1M/GPQBuOxef9Rwa5UXRA=", "parent": "CdTNHG77L/KNb6fxbFkMI5vefUtOuAcj6xhNSmb/gws="}
Node  3 +1 block finalized at time:  2022-11-28 00:57:13.628945956 +0000 UTC m=+65.927013957
Decoded original proposal, time: 2022-11-28 00:57:14.936713645 +0000 UTC m=+67.234781688 header hash: [75 152 239 23 193 229 152 187 193 198 49 17 94 0 66 98 109 76 252 99 208 6 227 177 121 255 81 193 174 84 93 16]
2022-11-28T00:57:14.936Z	DEBUG	replica=3	coded-hotterstuff/consensus.go:576	received proposal	{"CURRENT VIEW": 9, "msg": "proposal", "header view": 9, "prepare view": 8, "hash": "S5jvF8HlmLvBxjERXgBCYm1M/GPQBuOxef9Rwa5UXRA=", "parent": "CdTNHG77L/KNb6fxbFkMI5vefUtOuAcj6xhNSmb/gws="}
Decoded original proposal, time: 2022-11-28 00:57:16.219035105 +0000 UTC m=+68.517103150 header hash: [75 152 239 23 193 229 152 187 193 198 49 17 94 0 66 98 109 76 252 99 208 6 227 177 121 255 81 193 174 84 93 16]
2022-11-28T00:57:16.219Z	DEBUG	replica=3	coded-hotterstuff/consensus.go:576	received proposal	{"CURRENT VIEW": 9, "msg": "proposal", "header view": 9, "prepare view": 8, "hash": "S5jvF8HlmLvBxjERXgBCYm1M/GPQBuOxef9Rwa5UXRA=", "parent": "CdTNHG77L/KNb6fxbFkMI5vefUtOuAcj6xhNSmb/gws="}
replica 3 is forwarding chunk to replica 0
replica 3 is forwarding chunk to replica 2
replica 3 is forwarding chunk to replica 4
replica 3 is forwarding chunk to replica 5
replica 3 is forwarding chunk to replica 6
replica 3 is forwarding chunk to replica 7
replica 3 is forwarding chunk to replica 8
replica 3 is forwarding chunk to replica 0
replica 3 is forwarding chunk to replica 2
replica 3 is forwarding chunk to replica 4
replica 3 is forwarding chunk to replica 5
replica 3 is forwarding chunk to replica 6
replica 3 is forwarding chunk to replica 7
replica 3 is forwarding chunk to replica 8
Decoded original proposal, time: 2022-11-28 00:57:20.593272545 +0000 UTC m=+72.891340547 header hash: [27 41 162 234 216 56 3 146 217 203 198 162 48 110 164 219 109 81 22 147 45 180 199 35 245 217 107 204 240 129 84 110]
2022-11-28T00:57:20.593Z	DEBUG	replica=3	coded-hotterstuff/consensus.go:576	received proposal	{"CURRENT VIEW": 9, "msg": "proposal", "header view": 10, "prepare view": 8, "hash": "Gymi6tg4A5LZy8aiMG6k221RFpMttMcj9dlrzPCBVG4=", "parent": "S5jvF8HlmLvBxjERXgBCYm1M/GPQBuOxef9Rwa5UXRA="}
2022-11-28T00:57:20.601Z	DEBUG	replica=3	coded-hotterstuff/consensus.go:809	new block certified	{"CURRENT VIEW": 9, "view": 9, "hash": "S5jvF8HlmLvBxjERXgBCYm1M/GPQBuOxef9Rwa5UXRA="}
2022-11-28T00:57:20.601Z	DEBUG	replica=3	coded-hotterstuff/consensus.go:520	entered new view	{"CURRENT VIEW": 10, "view timeout": 2, "timedout": false}
2022-11-28T00:57:20.602Z	DEBUG	replica=3	coded-hotterstuff/consensus.go:788	new block locked	{"CURRENT VIEW": 10, "view": 8, "hash": "CdTNHG77L/KNb6fxbFkMI5vefUtOuAcj6xhNSmb/gws="}
2022-11-28T00:57:20.602Z	INFO	replica=3	coded-hotterstuff/consensus.go:797	new block commited	{"CURRENT VIEW": 10, "view": 7, "hash": "UrpGBauqox/y7djWW1+uYAk4lnjGCoti5rxDg06dPA8="}
2022-11-28T00:57:20.604Z	DEBUG	replica=3	coded-hotterstuff/consensus.go:678	proposal is safe to vote on	{"CURRENT VIEW": 9, "msg": "proposal", "header view": 10, "prepare view": 8, "hash": "Gymi6tg4A5LZy8aiMG6k221RFpMttMcj9dlrzPCBVG4=", "parent": "S5jvF8HlmLvBxjERXgBCYm1M/GPQBuOxef9Rwa5UXRA="}
Node  3 +1 block finalized at time:  2022-11-28 00:57:20.606900827 +0000 UTC m=+72.904968824
Decoded original proposal, time: 2022-11-28 00:57:21.595406489 +0000 UTC m=+73.893474490 header hash: [27 41 162 234 216 56 3 146 217 203 198 162 48 110 164 219 109 81 22 147 45 180 199 35 245 217 107 204 240 129 84 110]
2022-11-28T00:57:21.595Z	DEBUG	replica=3	coded-hotterstuff/consensus.go:576	received proposal	{"CURRENT VIEW": 10, "msg": "proposal", "header view": 10, "prepare view": 9, "hash": "Gymi6tg4A5LZy8aiMG6k221RFpMttMcj9dlrzPCBVG4=", "parent": "S5jvF8HlmLvBxjERXgBCYm1M/GPQBuOxef9Rwa5UXRA="}
replica 3 is forwarding chunk to replica 0
replica 3 is forwarding chunk to replica 2
replica 3 is forwarding chunk to replica 4
replica 3 is forwarding chunk to replica 5
replica 3 is forwarding chunk to replica 6
replica 3 is forwarding chunk to replica 7
replica 3 is forwarding chunk to replica 8
replica 3 is forwarding chunk to replica 0
replica 3 is forwarding chunk to replica 1
replica 3 is forwarding chunk to replica 4
replica 3 is forwarding chunk to replica 5
replica 3 is forwarding chunk to replica 6
replica 3 is forwarding chunk to replica 7
replica 3 is forwarding chunk to replica 8
2022-11-28T00:57:23.814Z	DEBUG	replica=3	coded-hotterstuff/consensus.go:965	received vote	{"CURRENT VIEW": 10, "msg": "vote", "voter": 2, "view": 10, "hash": "JHDKbuvn/qlEbMiFGVnXE7z7VfFJm3NDC7AQEWpkt3w="}
Node  3  received vote before proposal, saving vote in pending votes, hash is  [36 112 202 110 235 231 254 169 68 108 200 133 25 89 215 19 188 251 85 241 73 155 115 67 11 176 16 17 106 100 183 124]  and string is,  11
2022-11-28T00:57:23.814Z	DEBUG	replica=3	coded-hotterstuff/consensus.go:970	Received vote before proposal, key is, 11	{"CURRENT VIEW": 10}
Decoded original proposal, time: 2022-11-28 00:57:24.18220607 +0000 UTC m=+76.480274113 header hash: [27 41 162 234 216 56 3 146 217 203 198 162 48 110 164 219 109 81 22 147 45 180 199 35 245 217 107 204 240 129 84 110]
2022-11-28T00:57:24.182Z	DEBUG	replica=3	coded-hotterstuff/consensus.go:576	received proposal	{"CURRENT VIEW": 10, "msg": "proposal", "header view": 10, "prepare view": 9, "hash": "Gymi6tg4A5LZy8aiMG6k221RFpMttMcj9dlrzPCBVG4=", "parent": "S5jvF8HlmLvBxjERXgBCYm1M/GPQBuOxef9Rwa5UXRA="}
replica 3 is forwarding chunk to replica 0
replica 3 is forwarding chunk to replica 1
replica 3 is forwarding chunk to replica 4
replica 3 is forwarding chunk to replica 5
replica 3 is forwarding chunk to replica 6
replica 3 is forwarding chunk to replica 7
replica 3 is forwarding chunk to replica 8
replica 3 is forwarding chunk to replica 0
replica 3 is forwarding chunk to replica 1
replica 3 is forwarding chunk to replica 4
replica 3 is forwarding chunk to replica 5
replica 3 is forwarding chunk to replica 6
replica 3 is forwarding chunk to replica 7
replica 3 is forwarding chunk to replica 8
