Node index: 2
[10.0.1.0:9000 10.0.1.2:9001 10.0.1.4:9002 10.0.1.6:9003 10.0.1.8:9004 10.0.1.10:9005 10.0.1.12:9006 10.0.1.14:9007 10.0.1.16:9008]
node 2 initiating connection to 10.0.1.0:9000
node 2 successfully initiated connection to 10.0.1.0:9000
node 2 initiating connection to 10.0.1.2:9001
node 2 successfully initiated connection to 10.0.1.2:9001
connection established 2 - 3
Node  2 -->  Listening for messages... 
connection established 2 - 8
Node  2 -->  Listening for messages... 
connection established 2 - 6
Node  2 -->  Listening for messages... 
connection established 2 - 5
Node  2 -->  Listening for messages... 
connection established 2 - 7
Node  2 -->  Listening for messages... 
connection established 2 - 4
Node  2 -->  Listening for messages... 
connection established 2 - 0
Node  2 -->  Listening for messages... 
connection established 2 - 1
Node  2 -->  Listening for messages... 
2022-11-28T17:52:58.253Z	DEBUG	replica=2	coded-hotterstuff/consensus.go:520	entered new view	{"CURRENT VIEW": 1, "view timeout": 2, "timedout": false}
2022-11-28T17:52:58.253Z	DEBUG	replica=2	coded-hotterstuff/consensus.go:535	replica is a leader for next view. collecting new-view messages	{"CURRENT VIEW": 1}
replica 2 is forwarding chunk to replica 0
replica 2 is forwarding chunk to replica 3
replica 2 is forwarding chunk to replica 4
replica 2 is forwarding chunk to replica 5
replica 2 is forwarding chunk to replica 6
replica 2 is forwarding chunk to replica 7
replica 2 is forwarding chunk to replica 8
2022-11-28T17:53:00.012Z	DEBUG	replica=2	coded-hotterstuff/consensus.go:965	received vote	{"CURRENT VIEW": 1, "msg": "vote", "voter": 1, "view": 1, "hash": "SKC06ZXnbItnYZVTxXLWgGtuTOc9zSoSvlJWhQRO6/8="}
Node  2  received vote before proposal, saving vote in pending votes, hash is  [72 160 180 233 149 231 108 139 103 97 149 83 197 114 214 128 107 110 76 231 61 205 42 18 190 82 86 133 4 78 235 255]  and string is,  1
2022-11-28T17:53:00.012Z	DEBUG	replica=2	coded-hotterstuff/consensus.go:970	Received vote before proposal, key is, 1	{"CURRENT VIEW": 1}
Decoded original proposal, time: 2022-11-28 17:53:01.708020863 +0000 UTC m=+3.600015644 header hash: [72 160 180 233 149 231 108 139 103 97 149 83 197 114 214 128 107 110 76 231 61 205 42 18 190 82 86 133 4 78 235 255]
2022-11-28T17:53:01.708Z	DEBUG	replica=2	coded-hotterstuff/consensus.go:576	received proposal	{"CURRENT VIEW": 1, "msg": "proposal", "header view": 1, "prepare view": 0, "hash": "SKC06ZXnbItnYZVTxXLWgGtuTOc9zSoSvlJWhQRO6/8=", "parent": "GZWDhiYW+ib6TpJWRLDOftUd8y8ovAaEerQWDbefS7c="}
2022-11-28T17:53:01.716Z	DEBUG	replica=2	coded-hotterstuff/consensus.go:777	could not find gparent header	{"CURRENT VIEW": 1, "view": 0, "hash": "GZWDhiYW+ib6TpJWRLDOftUd8y8ovAaEerQWDbefS7c="}
2022-11-28T17:53:01.719Z	DEBUG	replica=2	coded-hotterstuff/consensus.go:678	proposal is safe to vote on	{"CURRENT VIEW": 1, "msg": "proposal", "header view": 1, "prepare view": 0, "hash": "SKC06ZXnbItnYZVTxXLWgGtuTOc9zSoSvlJWhQRO6/8=", "parent": "GZWDhiYW+ib6TpJWRLDOftUd8y8ovAaEerQWDbefS7c="}
2022-11-28T17:53:01.719Z	DEBUG	replica=2	coded-hotterstuff/consensus.go:758	Taking care of pending vote 1	{"CURRENT VIEW": 1}
2022-11-28T17:53:01.719Z	DEBUG	replica=2	coded-hotterstuff/consensus.go:965	received vote	{"CURRENT VIEW": 1, "msg": "vote", "voter": 1, "view": 1, "hash": "SKC06ZXnbItnYZVTxXLWgGtuTOc9zSoSvlJWhQRO6/8="}
2022-11-28T17:53:01.725Z	DEBUG	replica=2	coded-hotterstuff/consensus.go:965	received vote	{"CURRENT VIEW": 1, "msg": "vote", "voter": 2, "view": 1, "hash": "SKC06ZXnbItnYZVTxXLWgGtuTOc9zSoSvlJWhQRO6/8="}
2022-11-28T17:53:01.999Z	DEBUG	replica=2	coded-hotterstuff/consensus.go:965	received vote	{"CURRENT VIEW": 1, "msg": "vote", "voter": 3, "view": 1, "hash": "SKC06ZXnbItnYZVTxXLWgGtuTOc9zSoSvlJWhQRO6/8="}
2022-11-28T17:53:02.316Z	DEBUG	replica=2	coded-hotterstuff/consensus.go:965	received vote	{"CURRENT VIEW": 1, "msg": "vote", "voter": 0, "view": 1, "hash": "SKC06ZXnbItnYZVTxXLWgGtuTOc9zSoSvlJWhQRO6/8="}
2022-11-28T17:53:02.392Z	DEBUG	replica=2	coded-hotterstuff/consensus.go:965	received vote	{"CURRENT VIEW": 1, "msg": "vote", "voter": 4, "view": 1, "hash": "SKC06ZXnbItnYZVTxXLWgGtuTOc9zSoSvlJWhQRO6/8="}
2022-11-28T17:53:02.447Z	DEBUG	replica=2	coded-hotterstuff/consensus.go:965	received vote	{"CURRENT VIEW": 1, "msg": "vote", "voter": 5, "view": 1, "hash": "SKC06ZXnbItnYZVTxXLWgGtuTOc9zSoSvlJWhQRO6/8="}
2022-11-28T17:53:02.767Z	DEBUG	replica=2	coded-hotterstuff/consensus.go:965	received vote	{"CURRENT VIEW": 1, "msg": "vote", "voter": 6, "view": 1, "hash": "SKC06ZXnbItnYZVTxXLWgGtuTOc9zSoSvlJWhQRO6/8="}
2022-11-28T17:53:02.773Z	DEBUG	replica=2	coded-hotterstuff/consensus.go:809	new block certified	{"CURRENT VIEW": 1, "view": 1, "hash": "SKC06ZXnbItnYZVTxXLWgGtuTOc9zSoSvlJWhQRO6/8="}
2022-11-28T17:53:02.773Z	DEBUG	replica=2	coded-hotterstuff/consensus.go:520	entered new view	{"CURRENT VIEW": 2, "view timeout": 2, "timedout": false}
2022-11-28T17:53:02.773Z	DEBUG	replica=2	coded-hotterstuff/consensus.go:544	replica is a leader for this view. waiting for data	{"CURRENT VIEW": 2}
2022-11-28T17:53:02.773Z	DEBUG	replica=2	coded-hotterstuff/consensus.go:520	entered new view	{"CURRENT VIEW": 2, "view timeout": 2, "timedout": false}
2022-11-28T17:53:02.773Z	DEBUG	replica=2	coded-hotterstuff/consensus.go:544	replica is a leader for this view. waiting for data	{"CURRENT VIEW": 2}
2022-11-28T17:53:02.776Z	DEBUG	replica=2	coded-hotterstuff/consensus.go:238	sending proposal	{"CURRENT VIEW": 2, "hash": "cPBdTa7qQJueFGrjnuqGleZwFBh/lhGAlUWBfCr3UKs=", "parent": "SKC06ZXnbItnYZVTxXLWgGtuTOc9zSoSvlJWhQRO6/8=", "signer": 2}
2022-11-28T17:53:02.779Z	DEBUG	replica=2	coded-hotterstuff/consensus.go:576	received proposal	{"CURRENT VIEW": 2, "msg": "proposal", "header view": 2, "prepare view": 1, "hash": "cPBdTa7qQJueFGrjnuqGleZwFBh/lhGAlUWBfCr3UKs=", "parent": "SKC06ZXnbItnYZVTxXLWgGtuTOc9zSoSvlJWhQRO6/8="}
2022-11-28T17:53:02.786Z	DEBUG	replica=2	coded-hotterstuff/consensus.go:782	could not find ggparent header	{"CURRENT VIEW": 2, "view": 0, "hash": "GZWDhiYW+ib6TpJWRLDOftUd8y8ovAaEerQWDbefS7c="}
2022-11-28T17:53:02.789Z	DEBUG	replica=2	coded-hotterstuff/consensus.go:678	proposal is safe to vote on	{"CURRENT VIEW": 2, "msg": "proposal", "header view": 2, "prepare view": 1, "hash": "cPBdTa7qQJueFGrjnuqGleZwFBh/lhGAlUWBfCr3UKs=", "parent": "SKC06ZXnbItnYZVTxXLWgGtuTOc9zSoSvlJWhQRO6/8="}
2022-11-28T17:53:03.170Z	DEBUG	replica=2	coded-hotterstuff/consensus.go:965	received vote	{"CURRENT VIEW": 2, "msg": "vote", "voter": 7, "view": 2, "hash": "SKC06ZXnbItnYZVTxXLWgGtuTOc9zSoSvlJWhQRO6/8="}
2022-11-28T17:53:03.176Z	DEBUG	replica=2	coded-hotterstuff/consensus.go:520	entered new view	{"CURRENT VIEW": 2, "view timeout": 2, "timedout": false}
2022-11-28T17:53:03.176Z	DEBUG	replica=2	coded-hotterstuff/consensus.go:544	replica is a leader for this view. waiting for data	{"CURRENT VIEW": 2}
2022-11-28T17:53:03.179Z	DEBUG	replica=2	coded-hotterstuff/consensus.go:238	sending proposal	{"CURRENT VIEW": 2, "hash": "cPBdTa7qQJueFGrjnuqGleZwFBh/lhGAlUWBfCr3UKs=", "parent": "SKC06ZXnbItnYZVTxXLWgGtuTOc9zSoSvlJWhQRO6/8=", "signer": 2}
2022-11-28T17:53:03.181Z	DEBUG	replica=2	coded-hotterstuff/consensus.go:576	received proposal	{"CURRENT VIEW": 2, "msg": "proposal", "header view": 2, "prepare view": 1, "hash": "cPBdTa7qQJueFGrjnuqGleZwFBh/lhGAlUWBfCr3UKs=", "parent": "SKC06ZXnbItnYZVTxXLWgGtuTOc9zSoSvlJWhQRO6/8="}
2022-11-28T17:53:03.188Z	DEBUG	replica=2	coded-hotterstuff/consensus.go:782	could not find ggparent header	{"CURRENT VIEW": 2, "view": 0, "hash": "GZWDhiYW+ib6TpJWRLDOftUd8y8ovAaEerQWDbefS7c="}
2022-11-28T17:53:03.557Z	DEBUG	replica=2	coded-hotterstuff/consensus.go:965	received vote	{"CURRENT VIEW": 2, "msg": "vote", "voter": 8, "view": 2, "hash": "SKC06ZXnbItnYZVTxXLWgGtuTOc9zSoSvlJWhQRO6/8="}
2022-11-28T17:53:03.562Z	DEBUG	replica=2	coded-hotterstuff/consensus.go:520	entered new view	{"CURRENT VIEW": 2, "view timeout": 2, "timedout": false}
2022-11-28T17:53:03.562Z	DEBUG	replica=2	coded-hotterstuff/consensus.go:544	replica is a leader for this view. waiting for data	{"CURRENT VIEW": 2}
2022-11-28T17:53:03.566Z	DEBUG	replica=2	coded-hotterstuff/consensus.go:238	sending proposal	{"CURRENT VIEW": 2, "hash": "cPBdTa7qQJueFGrjnuqGleZwFBh/lhGAlUWBfCr3UKs=", "parent": "SKC06ZXnbItnYZVTxXLWgGtuTOc9zSoSvlJWhQRO6/8=", "signer": 2}
2022-11-28T17:53:03.566Z	DEBUG	replica=2	coded-hotterstuff/consensus.go:576	received proposal	{"CURRENT VIEW": 2, "msg": "proposal", "header view": 2, "prepare view": 1, "hash": "cPBdTa7qQJueFGrjnuqGleZwFBh/lhGAlUWBfCr3UKs=", "parent": "SKC06ZXnbItnYZVTxXLWgGtuTOc9zSoSvlJWhQRO6/8="}
2022-11-28T17:53:03.574Z	DEBUG	replica=2	coded-hotterstuff/consensus.go:782	could not find ggparent header	{"CURRENT VIEW": 2, "view": 0, "hash": "GZWDhiYW+ib6TpJWRLDOftUd8y8ovAaEerQWDbefS7c="}
replica 2 is forwarding chunk to replica 0
replica 2 is forwarding chunk to replica 1
replica 2 is forwarding chunk to replica 4
replica 2 is forwarding chunk to replica 5
replica 2 is forwarding chunk to replica 6
replica 2 is forwarding chunk to replica 7
replica 2 is forwarding chunk to replica 8
replica 2 is forwarding chunk to replica 0
replica 2 is forwarding chunk to replica 1
replica 2 is forwarding chunk to replica 4
replica 2 is forwarding chunk to replica 5
replica 2 is forwarding chunk to replica 6
replica 2 is forwarding chunk to replica 7
replica 2 is forwarding chunk to replica 8
Decoded original proposal, time: 2022-11-28 17:53:15.458835538 +0000 UTC m=+17.350830366 header hash: [112 177 115 22 63 1 229 2 188 132 41 134 91 243 148 216 155 140 26 48 57 5 100 136 252 109 95 105 67 73 234 227]
2022-11-28T17:53:15.458Z	DEBUG	replica=2	coded-hotterstuff/consensus.go:576	received proposal	{"CURRENT VIEW": 2, "msg": "proposal", "header view": 3, "prepare view": 1, "hash": "cLFzFj8B5QK8hCmGW/OU2JuMGjA5BWSI/G1faUNJ6uM=", "parent": "cPBdTa7qQJueFGrjnuqGleZwFBh/lhGAlUWBfCr3UKs="}
2022-11-28T17:53:15.468Z	DEBUG	replica=2	coded-hotterstuff/consensus.go:809	new block certified	{"CURRENT VIEW": 2, "view": 2, "hash": "cPBdTa7qQJueFGrjnuqGleZwFBh/lhGAlUWBfCr3UKs="}
2022-11-28T17:53:15.468Z	DEBUG	replica=2	coded-hotterstuff/consensus.go:520	entered new view	{"CURRENT VIEW": 3, "view timeout": 2, "timedout": false}
2022-11-28T17:53:15.468Z	DEBUG	replica=2	coded-hotterstuff/consensus.go:788	new block locked	{"CURRENT VIEW": 3, "view": 1, "hash": "SKC06ZXnbItnYZVTxXLWgGtuTOc9zSoSvlJWhQRO6/8="}
2022-11-28T17:53:15.471Z	DEBUG	replica=2	coded-hotterstuff/consensus.go:678	proposal is safe to vote on	{"CURRENT VIEW": 2, "msg": "proposal", "header view": 3, "prepare view": 1, "hash": "cLFzFj8B5QK8hCmGW/OU2JuMGjA5BWSI/G1faUNJ6uM=", "parent": "cPBdTa7qQJueFGrjnuqGleZwFBh/lhGAlUWBfCr3UKs="}
replica 2 is forwarding chunk to replica 0
replica 2 is forwarding chunk to replica 1
replica 2 is forwarding chunk to replica 4
replica 2 is forwarding chunk to replica 5
replica 2 is forwarding chunk to replica 6
replica 2 is forwarding chunk to replica 7
replica 2 is forwarding chunk to replica 8
Decoded original proposal, time: 2022-11-28 17:53:17.243449154 +0000 UTC m=+19.135443943 header hash: [112 177 115 22 63 1 229 2 188 132 41 134 91 243 148 216 155 140 26 48 57 5 100 136 252 109 95 105 67 73 234 227]
2022-11-28T17:53:17.243Z	DEBUG	replica=2	coded-hotterstuff/consensus.go:576	received proposal	{"CURRENT VIEW": 3, "msg": "proposal", "header view": 3, "prepare view": 2, "hash": "cLFzFj8B5QK8hCmGW/OU2JuMGjA5BWSI/G1faUNJ6uM=", "parent": "cPBdTa7qQJueFGrjnuqGleZwFBh/lhGAlUWBfCr3UKs="}
Decoded original proposal, time: 2022-11-28 17:53:18.516571876 +0000 UTC m=+20.408566687 header hash: [112 177 115 22 63 1 229 2 188 132 41 134 91 243 148 216 155 140 26 48 57 5 100 136 252 109 95 105 67 73 234 227]
2022-11-28T17:53:18.516Z	DEBUG	replica=2	coded-hotterstuff/consensus.go:576	received proposal	{"CURRENT VIEW": 3, "msg": "proposal", "header view": 3, "prepare view": 2, "hash": "cLFzFj8B5QK8hCmGW/OU2JuMGjA5BWSI/G1faUNJ6uM=", "parent": "cPBdTa7qQJueFGrjnuqGleZwFBh/lhGAlUWBfCr3UKs="}
replica 2 is forwarding chunk to replica 0
replica 2 is forwarding chunk to replica 1
replica 2 is forwarding chunk to replica 3
replica 2 is forwarding chunk to replica 5
replica 2 is forwarding chunk to replica 6
replica 2 is forwarding chunk to replica 7
replica 2 is forwarding chunk to replica 8
replica 2 is forwarding chunk to replica 0
replica 2 is forwarding chunk to replica 1
replica 2 is forwarding chunk to replica 3
replica 2 is forwarding chunk to replica 5
replica 2 is forwarding chunk to replica 6
replica 2 is forwarding chunk to replica 7
replica 2 is forwarding chunk to replica 8
Decoded original proposal, time: 2022-11-28 17:53:22.855966785 +0000 UTC m=+24.747961617 header hash: [241 106 152 62 46 209 156 146 237 16 116 52 193 237 0 80 85 192 166 182 15 238 2 99 236 42 182 26 232 130 25 190]
2022-11-28T17:53:22.856Z	DEBUG	replica=2	coded-hotterstuff/consensus.go:576	received proposal	{"CURRENT VIEW": 3, "msg": "proposal", "header view": 4, "prepare view": 2, "hash": "8WqYPi7RnJLtEHQ0we0AUFXAprYP7gJj7Cq2GuiCGb4=", "parent": "cLFzFj8B5QK8hCmGW/OU2JuMGjA5BWSI/G1faUNJ6uM="}
2022-11-28T17:53:22.866Z	DEBUG	replica=2	coded-hotterstuff/consensus.go:809	new block certified	{"CURRENT VIEW": 3, "view": 3, "hash": "cLFzFj8B5QK8hCmGW/OU2JuMGjA5BWSI/G1faUNJ6uM="}
2022-11-28T17:53:22.866Z	DEBUG	replica=2	coded-hotterstuff/consensus.go:520	entered new view	{"CURRENT VIEW": 4, "view timeout": 2, "timedout": false}
2022-11-28T17:53:22.866Z	DEBUG	replica=2	coded-hotterstuff/consensus.go:788	new block locked	{"CURRENT VIEW": 4, "view": 2, "hash": "cPBdTa7qQJueFGrjnuqGleZwFBh/lhGAlUWBfCr3UKs="}
2022-11-28T17:53:22.866Z	INFO	replica=2	coded-hotterstuff/consensus.go:797	new block commited	{"CURRENT VIEW": 4, "view": 1, "hash": "SKC06ZXnbItnYZVTxXLWgGtuTOc9zSoSvlJWhQRO6/8="}
2022-11-28T17:53:22.867Z	DEBUG	replica=2	coded-hotterstuff/consensus.go:678	proposal is safe to vote on	{"CURRENT VIEW": 3, "msg": "proposal", "header view": 4, "prepare view": 2, "hash": "8WqYPi7RnJLtEHQ0we0AUFXAprYP7gJj7Cq2GuiCGb4=", "parent": "cLFzFj8B5QK8hCmGW/OU2JuMGjA5BWSI/G1faUNJ6uM="}
Node  2 +1 block finalized at time:  2022-11-28 17:53:22.87105506 +0000 UTC m=+24.763049831
replica 2 is forwarding chunk to replica 0
replica 2 is forwarding chunk to replica 1
replica 2 is forwarding chunk to replica 3
replica 2 is forwarding chunk to replica 5
replica 2 is forwarding chunk to replica 6
replica 2 is forwarding chunk to replica 7
replica 2 is forwarding chunk to replica 8
Decoded original proposal, time: 2022-11-28 17:53:25.092802293 +0000 UTC m=+26.984797084 header hash: [241 106 152 62 46 209 156 146 237 16 116 52 193 237 0 80 85 192 166 182 15 238 2 99 236 42 182 26 232 130 25 190]
2022-11-28T17:53:25.092Z	DEBUG	replica=2	coded-hotterstuff/consensus.go:576	received proposal	{"CURRENT VIEW": 4, "msg": "proposal", "header view": 4, "prepare view": 3, "hash": "8WqYPi7RnJLtEHQ0we0AUFXAprYP7gJj7Cq2GuiCGb4=", "parent": "cLFzFj8B5QK8hCmGW/OU2JuMGjA5BWSI/G1faUNJ6uM="}
Decoded original proposal, time: 2022-11-28 17:53:26.064331296 +0000 UTC m=+27.956326099 header hash: [241 106 152 62 46 209 156 146 237 16 116 52 193 237 0 80 85 192 166 182 15 238 2 99 236 42 182 26 232 130 25 190]
2022-11-28T17:53:26.064Z	DEBUG	replica=2	coded-hotterstuff/consensus.go:576	received proposal	{"CURRENT VIEW": 4, "msg": "proposal", "header view": 4, "prepare view": 3, "hash": "8WqYPi7RnJLtEHQ0we0AUFXAprYP7gJj7Cq2GuiCGb4=", "parent": "cLFzFj8B5QK8hCmGW/OU2JuMGjA5BWSI/G1faUNJ6uM="}
replica 2 is forwarding chunk to replica 0
replica 2 is forwarding chunk to replica 1
replica 2 is forwarding chunk to replica 3
replica 2 is forwarding chunk to replica 4
replica 2 is forwarding chunk to replica 6
replica 2 is forwarding chunk to replica 7
replica 2 is forwarding chunk to replica 8
replica 2 is forwarding chunk to replica 0
replica 2 is forwarding chunk to replica 1
replica 2 is forwarding chunk to replica 3
replica 2 is forwarding chunk to replica 4
replica 2 is forwarding chunk to replica 6
replica 2 is forwarding chunk to replica 7
replica 2 is forwarding chunk to replica 8
Decoded original proposal, time: 2022-11-28 17:53:30.14871597 +0000 UTC m=+32.040710760 header hash: [142 10 227 234 199 14 168 203 47 218 211 136 230 41 94 109 68 52 16 5 27 142 16 70 5 23 250 1 182 25 221 148]
2022-11-28T17:53:30.148Z	DEBUG	replica=2	coded-hotterstuff/consensus.go:576	received proposal	{"CURRENT VIEW": 4, "msg": "proposal", "header view": 5, "prepare view": 3, "hash": "jgrj6scOqMsv2tOI5ilebUQ0EAUbjhBGBRf6AbYZ3ZQ=", "parent": "8WqYPi7RnJLtEHQ0we0AUFXAprYP7gJj7Cq2GuiCGb4="}
2022-11-28T17:53:30.159Z	DEBUG	replica=2	coded-hotterstuff/consensus.go:809	new block certified	{"CURRENT VIEW": 4, "view": 4, "hash": "8WqYPi7RnJLtEHQ0we0AUFXAprYP7gJj7Cq2GuiCGb4="}
2022-11-28T17:53:30.159Z	DEBUG	replica=2	coded-hotterstuff/consensus.go:520	entered new view	{"CURRENT VIEW": 5, "view timeout": 2, "timedout": false}
2022-11-28T17:53:30.159Z	DEBUG	replica=2	coded-hotterstuff/consensus.go:788	new block locked	{"CURRENT VIEW": 5, "view": 3, "hash": "cLFzFj8B5QK8hCmGW/OU2JuMGjA5BWSI/G1faUNJ6uM="}
2022-11-28T17:53:30.159Z	INFO	replica=2	coded-hotterstuff/consensus.go:797	new block commited	{"CURRENT VIEW": 5, "view": 2, "hash": "cPBdTa7qQJueFGrjnuqGleZwFBh/lhGAlUWBfCr3UKs="}
2022-11-28T17:53:30.161Z	DEBUG	replica=2	coded-hotterstuff/consensus.go:678	proposal is safe to vote on	{"CURRENT VIEW": 4, "msg": "proposal", "header view": 5, "prepare view": 3, "hash": "jgrj6scOqMsv2tOI5ilebUQ0EAUbjhBGBRf6AbYZ3ZQ=", "parent": "8WqYPi7RnJLtEHQ0we0AUFXAprYP7gJj7Cq2GuiCGb4="}
Node  2 +1 block finalized at time:  2022-11-28 17:53:30.164270521 +0000 UTC m=+32.056265303
replica 2 is forwarding chunk to replica 0
replica 2 is forwarding chunk to replica 1
replica 2 is forwarding chunk to replica 3
replica 2 is forwarding chunk to replica 4
replica 2 is forwarding chunk to replica 6
replica 2 is forwarding chunk to replica 7
replica 2 is forwarding chunk to replica 8
Decoded original proposal, time: 2022-11-28 17:53:32.228259084 +0000 UTC m=+34.120253870 header hash: [142 10 227 234 199 14 168 203 47 218 211 136 230 41 94 109 68 52 16 5 27 142 16 70 5 23 250 1 182 25 221 148]
2022-11-28T17:53:32.228Z	DEBUG	replica=2	coded-hotterstuff/consensus.go:576	received proposal	{"CURRENT VIEW": 5, "msg": "proposal", "header view": 5, "prepare view": 4, "hash": "jgrj6scOqMsv2tOI5ilebUQ0EAUbjhBGBRf6AbYZ3ZQ=", "parent": "8WqYPi7RnJLtEHQ0we0AUFXAprYP7gJj7Cq2GuiCGb4="}
Decoded original proposal, time: 2022-11-28 17:53:33.1698939 +0000 UTC m=+35.061888729 header hash: [142 10 227 234 199 14 168 203 47 218 211 136 230 41 94 109 68 52 16 5 27 142 16 70 5 23 250 1 182 25 221 148]
2022-11-28T17:53:33.169Z	DEBUG	replica=2	coded-hotterstuff/consensus.go:576	received proposal	{"CURRENT VIEW": 5, "msg": "proposal", "header view": 5, "prepare view": 4, "hash": "jgrj6scOqMsv2tOI5ilebUQ0EAUbjhBGBRf6AbYZ3ZQ=", "parent": "8WqYPi7RnJLtEHQ0we0AUFXAprYP7gJj7Cq2GuiCGb4="}
replica 2 is forwarding chunk to replica 0
replica 2 is forwarding chunk to replica 1
replica 2 is forwarding chunk to replica 3
replica 2 is forwarding chunk to replica 4
replica 2 is forwarding chunk to replica 5
replica 2 is forwarding chunk to replica 7
replica 2 is forwarding chunk to replica 8
replica 2 is forwarding chunk to replica 0
replica 2 is forwarding chunk to replica 1
replica 2 is forwarding chunk to replica 3
replica 2 is forwarding chunk to replica 4
replica 2 is forwarding chunk to replica 5
replica 2 is forwarding chunk to replica 7
replica 2 is forwarding chunk to replica 8
Decoded original proposal, time: 2022-11-28 17:53:38.361007049 +0000 UTC m=+40.253001893 header hash: [144 90 124 249 42 55 49 193 182 202 159 220 172 15 148 92 178 123 123 95 139 252 214 157 36 122 219 17 149 62 178 46]
2022-11-28T17:53:38.361Z	DEBUG	replica=2	coded-hotterstuff/consensus.go:576	received proposal	{"CURRENT VIEW": 5, "msg": "proposal", "header view": 6, "prepare view": 4, "hash": "kFp8+So3McG2yp/crA+UXLJ7e1+L/NadJHrbEZU+si4=", "parent": "jgrj6scOqMsv2tOI5ilebUQ0EAUbjhBGBRf6AbYZ3ZQ="}
2022-11-28T17:53:38.370Z	DEBUG	replica=2	coded-hotterstuff/consensus.go:809	new block certified	{"CURRENT VIEW": 5, "view": 5, "hash": "jgrj6scOqMsv2tOI5ilebUQ0EAUbjhBGBRf6AbYZ3ZQ="}
2022-11-28T17:53:38.370Z	DEBUG	replica=2	coded-hotterstuff/consensus.go:520	entered new view	{"CURRENT VIEW": 6, "view timeout": 2, "timedout": false}
2022-11-28T17:53:38.370Z	DEBUG	replica=2	coded-hotterstuff/consensus.go:788	new block locked	{"CURRENT VIEW": 6, "view": 4, "hash": "8WqYPi7RnJLtEHQ0we0AUFXAprYP7gJj7Cq2GuiCGb4="}
2022-11-28T17:53:38.371Z	INFO	replica=2	coded-hotterstuff/consensus.go:797	new block commited	{"CURRENT VIEW": 6, "view": 3, "hash": "cLFzFj8B5QK8hCmGW/OU2JuMGjA5BWSI/G1faUNJ6uM="}
2022-11-28T17:53:38.372Z	DEBUG	replica=2	coded-hotterstuff/consensus.go:678	proposal is safe to vote on	{"CURRENT VIEW": 5, "msg": "proposal", "header view": 6, "prepare view": 4, "hash": "kFp8+So3McG2yp/crA+UXLJ7e1+L/NadJHrbEZU+si4=", "parent": "jgrj6scOqMsv2tOI5ilebUQ0EAUbjhBGBRf6AbYZ3ZQ="}
Node  2 +1 block finalized at time:  2022-11-28 17:53:38.374963267 +0000 UTC m=+40.266958048
replica 2 is forwarding chunk to replica 0
replica 2 is forwarding chunk to replica 1
replica 2 is forwarding chunk to replica 3
replica 2 is forwarding chunk to replica 4
replica 2 is forwarding chunk to replica 5
replica 2 is forwarding chunk to replica 7
replica 2 is forwarding chunk to replica 8
Decoded original proposal, time: 2022-11-28 17:53:40.360748423 +0000 UTC m=+42.252743203 header hash: [144 90 124 249 42 55 49 193 182 202 159 220 172 15 148 92 178 123 123 95 139 252 214 157 36 122 219 17 149 62 178 46]
2022-11-28T17:53:40.360Z	DEBUG	replica=2	coded-hotterstuff/consensus.go:576	received proposal	{"CURRENT VIEW": 6, "msg": "proposal", "header view": 6, "prepare view": 5, "hash": "kFp8+So3McG2yp/crA+UXLJ7e1+L/NadJHrbEZU+si4=", "parent": "jgrj6scOqMsv2tOI5ilebUQ0EAUbjhBGBRf6AbYZ3ZQ="}
Decoded original proposal, time: 2022-11-28 17:53:41.553729984 +0000 UTC m=+43.445724768 header hash: [144 90 124 249 42 55 49 193 182 202 159 220 172 15 148 92 178 123 123 95 139 252 214 157 36 122 219 17 149 62 178 46]
2022-11-28T17:53:41.553Z	DEBUG	replica=2	coded-hotterstuff/consensus.go:576	received proposal	{"CURRENT VIEW": 6, "msg": "proposal", "header view": 6, "prepare view": 5, "hash": "kFp8+So3McG2yp/crA+UXLJ7e1+L/NadJHrbEZU+si4=", "parent": "jgrj6scOqMsv2tOI5ilebUQ0EAUbjhBGBRf6AbYZ3ZQ="}
replica 2 is forwarding chunk to replica 0
replica 2 is forwarding chunk to replica 1
replica 2 is forwarding chunk to replica 3
replica 2 is forwarding chunk to replica 4
replica 2 is forwarding chunk to replica 5
replica 2 is forwarding chunk to replica 6
replica 2 is forwarding chunk to replica 8
Decoded original proposal, time: 2022-11-28 17:53:47.606993639 +0000 UTC m=+49.498988420 header hash: [82 186 70 5 171 170 163 31 242 237 216 214 91 95 174 96 9 56 150 120 198 10 139 98 230 188 67 131 78 157 60 15]
2022-11-28T17:53:47.607Z	DEBUG	replica=2	coded-hotterstuff/consensus.go:576	received proposal	{"CURRENT VIEW": 6, "msg": "proposal", "header view": 7, "prepare view": 5, "hash": "UrpGBauqox/y7djWW1+uYAk4lnjGCoti5rxDg06dPA8=", "parent": "kFp8+So3McG2yp/crA+UXLJ7e1+L/NadJHrbEZU+si4="}
2022-11-28T17:53:47.615Z	DEBUG	replica=2	coded-hotterstuff/consensus.go:809	new block certified	{"CURRENT VIEW": 6, "view": 6, "hash": "kFp8+So3McG2yp/crA+UXLJ7e1+L/NadJHrbEZU+si4="}
2022-11-28T17:53:47.615Z	DEBUG	replica=2	coded-hotterstuff/consensus.go:520	entered new view	{"CURRENT VIEW": 7, "view timeout": 2, "timedout": false}
2022-11-28T17:53:47.615Z	DEBUG	replica=2	coded-hotterstuff/consensus.go:788	new block locked	{"CURRENT VIEW": 7, "view": 5, "hash": "jgrj6scOqMsv2tOI5ilebUQ0EAUbjhBGBRf6AbYZ3ZQ="}
2022-11-28T17:53:47.615Z	INFO	replica=2	coded-hotterstuff/consensus.go:797	new block commited	{"CURRENT VIEW": 7, "view": 4, "hash": "8WqYPi7RnJLtEHQ0we0AUFXAprYP7gJj7Cq2GuiCGb4="}
2022-11-28T17:53:47.617Z	DEBUG	replica=2	coded-hotterstuff/consensus.go:678	proposal is safe to vote on	{"CURRENT VIEW": 6, "msg": "proposal", "header view": 7, "prepare view": 5, "hash": "UrpGBauqox/y7djWW1+uYAk4lnjGCoti5rxDg06dPA8=", "parent": "kFp8+So3McG2yp/crA+UXLJ7e1+L/NadJHrbEZU+si4="}
Node  2 +1 block finalized at time:  2022-11-28 17:53:47.62044601 +0000 UTC m=+49.512440815
replica 2 is forwarding chunk to replica 0
replica 2 is forwarding chunk to replica 1
replica 2 is forwarding chunk to replica 3
replica 2 is forwarding chunk to replica 4
replica 2 is forwarding chunk to replica 5
replica 2 is forwarding chunk to replica 6
replica 2 is forwarding chunk to replica 8
replica 2 is forwarding chunk to replica 0
replica 2 is forwarding chunk to replica 1
replica 2 is forwarding chunk to replica 3
replica 2 is forwarding chunk to replica 4
replica 2 is forwarding chunk to replica 5
replica 2 is forwarding chunk to replica 6
replica 2 is forwarding chunk to replica 8
Decoded original proposal, time: 2022-11-28 17:53:50.216904256 +0000 UTC m=+52.108899061 header hash: [82 186 70 5 171 170 163 31 242 237 216 214 91 95 174 96 9 56 150 120 198 10 139 98 230 188 67 131 78 157 60 15]
2022-11-28T17:53:50.216Z	DEBUG	replica=2	coded-hotterstuff/consensus.go:576	received proposal	{"CURRENT VIEW": 7, "msg": "proposal", "header view": 7, "prepare view": 6, "hash": "UrpGBauqox/y7djWW1+uYAk4lnjGCoti5rxDg06dPA8=", "parent": "kFp8+So3McG2yp/crA+UXLJ7e1+L/NadJHrbEZU+si4="}
Decoded original proposal, time: 2022-11-28 17:53:51.106766571 +0000 UTC m=+52.998761401 header hash: [82 186 70 5 171 170 163 31 242 237 216 214 91 95 174 96 9 56 150 120 198 10 139 98 230 188 67 131 78 157 60 15]
2022-11-28T17:53:51.106Z	DEBUG	replica=2	coded-hotterstuff/consensus.go:576	received proposal	{"CURRENT VIEW": 7, "msg": "proposal", "header view": 7, "prepare view": 6, "hash": "UrpGBauqox/y7djWW1+uYAk4lnjGCoti5rxDg06dPA8=", "parent": "kFp8+So3McG2yp/crA+UXLJ7e1+L/NadJHrbEZU+si4="}
replica 2 is forwarding chunk to replica 0
replica 2 is forwarding chunk to replica 1
replica 2 is forwarding chunk to replica 3
replica 2 is forwarding chunk to replica 4
replica 2 is forwarding chunk to replica 5
replica 2 is forwarding chunk to replica 6
replica 2 is forwarding chunk to replica 7
Decoded original proposal, time: 2022-11-28 17:53:58.082945542 +0000 UTC m=+59.974940332 header hash: [9 212 205 28 110 251 47 242 141 111 167 241 108 89 12 35 155 222 125 75 78 184 7 35 235 24 77 74 102 255 131 11]
2022-11-28T17:53:58.083Z	DEBUG	replica=2	coded-hotterstuff/consensus.go:576	received proposal	{"CURRENT VIEW": 7, "msg": "proposal", "header view": 8, "prepare view": 6, "hash": "CdTNHG77L/KNb6fxbFkMI5vefUtOuAcj6xhNSmb/gws=", "parent": "UrpGBauqox/y7djWW1+uYAk4lnjGCoti5rxDg06dPA8="}
2022-11-28T17:53:58.091Z	DEBUG	replica=2	coded-hotterstuff/consensus.go:809	new block certified	{"CURRENT VIEW": 7, "view": 7, "hash": "UrpGBauqox/y7djWW1+uYAk4lnjGCoti5rxDg06dPA8="}
2022-11-28T17:53:58.091Z	DEBUG	replica=2	coded-hotterstuff/consensus.go:520	entered new view	{"CURRENT VIEW": 8, "view timeout": 2, "timedout": false}
2022-11-28T17:53:58.091Z	DEBUG	replica=2	coded-hotterstuff/consensus.go:788	new block locked	{"CURRENT VIEW": 8, "view": 6, "hash": "kFp8+So3McG2yp/crA+UXLJ7e1+L/NadJHrbEZU+si4="}
2022-11-28T17:53:58.091Z	INFO	replica=2	coded-hotterstuff/consensus.go:797	new block commited	{"CURRENT VIEW": 8, "view": 5, "hash": "jgrj6scOqMsv2tOI5ilebUQ0EAUbjhBGBRf6AbYZ3ZQ="}
2022-11-28T17:53:58.093Z	DEBUG	replica=2	coded-hotterstuff/consensus.go:678	proposal is safe to vote on	{"CURRENT VIEW": 7, "msg": "proposal", "header view": 8, "prepare view": 6, "hash": "CdTNHG77L/KNb6fxbFkMI5vefUtOuAcj6xhNSmb/gws=", "parent": "UrpGBauqox/y7djWW1+uYAk4lnjGCoti5rxDg06dPA8="}
Node  2 +1 block finalized at time:  2022-11-28 17:53:58.095882292 +0000 UTC m=+59.987877063
