Node index: 6
[10.0.1.0:9000 10.0.1.2:9001 10.0.1.4:9002 10.0.1.6:9003 10.0.1.8:9004 10.0.1.10:9005 10.0.1.12:9006 10.0.1.14:9007 10.0.1.16:9008]
node 6 initiating connection to 10.0.1.2:9001
node 6 successfully initiated connection to 10.0.1.2:9001
node 6 initiating connection to 10.0.1.6:9003
node 6 successfully initiated connection to 10.0.1.6:9003
node 6 initiating connection to 10.0.1.4:9002
node 6 successfully initiated connection to 10.0.1.4:9002
node 6 initiating connection to 10.0.1.0:9000
node 6 successfully initiated connection to 10.0.1.0:9000
node 6 initiating connection to 10.0.1.8:9004
node 6 successfully initiated connection to 10.0.1.8:9004
node 6 initiating connection to 10.0.1.10:9005
node 6 successfully initiated connection to 10.0.1.10:9005
connection established 6 - 8
Node  6 -->  Listening for messages... 
connection established 6 - 7
Node  6 -->  Listening for messages... 
connection established 6 - 1
Node  6 -->  Listening for messages... 
connection established 6 - 3
Node  6 -->  Listening for messages... 
connection established 6 - 2
Node  6 -->  Listening for messages... 
connection established 6 - 0
Node  6 -->  Listening for messages... 
connection established 6 - 4
Node  6 -->  Listening for messages... 
connection established 6 - 5
Node  6 -->  Listening for messages... 
2022-11-28T17:52:58.287Z	DEBUG	replica=6	coded-hotterstuff/consensus.go:520	entered new view	{"CURRENT VIEW": 1, "view timeout": 2, "timedout": false}
replica 6 is forwarding chunk to replica 0
replica 6 is forwarding chunk to replica 2
replica 6 is forwarding chunk to replica 3
replica 6 is forwarding chunk to replica 4
replica 6 is forwarding chunk to replica 5
replica 6 is forwarding chunk to replica 7
replica 6 is forwarding chunk to replica 8
Decoded original proposal, time: 2022-11-28 17:53:02.70422159 +0000 UTC m=+4.578205529 header hash: [72 160 180 233 149 231 108 139 103 97 149 83 197 114 214 128 107 110 76 231 61 205 42 18 190 82 86 133 4 78 235 255]
2022-11-28T17:53:02.704Z	DEBUG	replica=6	coded-hotterstuff/consensus.go:576	received proposal	{"CURRENT VIEW": 1, "msg": "proposal", "header view": 1, "prepare view": 0, "hash": "SKC06ZXnbItnYZVTxXLWgGtuTOc9zSoSvlJWhQRO6/8=", "parent": "GZWDhiYW+ib6TpJWRLDOftUd8y8ovAaEerQWDbefS7c="}
2022-11-28T17:53:02.712Z	DEBUG	replica=6	coded-hotterstuff/consensus.go:777	could not find gparent header	{"CURRENT VIEW": 1, "view": 0, "hash": "GZWDhiYW+ib6TpJWRLDOftUd8y8ovAaEerQWDbefS7c="}
2022-11-28T17:53:02.715Z	DEBUG	replica=6	coded-hotterstuff/consensus.go:678	proposal is safe to vote on	{"CURRENT VIEW": 1, "msg": "proposal", "header view": 1, "prepare view": 0, "hash": "SKC06ZXnbItnYZVTxXLWgGtuTOc9zSoSvlJWhQRO6/8=", "parent": "GZWDhiYW+ib6TpJWRLDOftUd8y8ovAaEerQWDbefS7c="}
replica 6 is forwarding chunk to replica 0
replica 6 is forwarding chunk to replica 1
replica 6 is forwarding chunk to replica 3
replica 6 is forwarding chunk to replica 4
replica 6 is forwarding chunk to replica 5
replica 6 is forwarding chunk to replica 7
replica 6 is forwarding chunk to replica 8
replica 6 is forwarding chunk to replica 0
replica 6 is forwarding chunk to replica 1
replica 6 is forwarding chunk to replica 3
replica 6 is forwarding chunk to replica 4
replica 6 is forwarding chunk to replica 5
replica 6 is forwarding chunk to replica 7
replica 6 is forwarding chunk to replica 8
replica 6 is forwarding chunk to replica 0
replica 6 is forwarding chunk to replica 1
replica 6 is forwarding chunk to replica 3
replica 6 is forwarding chunk to replica 4
replica 6 is forwarding chunk to replica 5
replica 6 is forwarding chunk to replica 7
replica 6 is forwarding chunk to replica 8
Decoded original proposal, time: 2022-11-28 17:53:08.724317696 +0000 UTC m=+10.598301688 header hash: [112 240 93 77 174 234 64 155 158 20 106 227 158 234 134 149 230 112 20 24 127 150 17 128 149 69 129 124 42 247 80 171]
2022-11-28T17:53:08.724Z	DEBUG	replica=6	coded-hotterstuff/consensus.go:576	received proposal	{"CURRENT VIEW": 1, "msg": "proposal", "header view": 2, "prepare view": 0, "hash": "cPBdTa7qQJueFGrjnuqGleZwFBh/lhGAlUWBfCr3UKs=", "parent": "SKC06ZXnbItnYZVTxXLWgGtuTOc9zSoSvlJWhQRO6/8="}
2022-11-28T17:53:08.732Z	DEBUG	replica=6	coded-hotterstuff/consensus.go:809	new block certified	{"CURRENT VIEW": 1, "view": 1, "hash": "SKC06ZXnbItnYZVTxXLWgGtuTOc9zSoSvlJWhQRO6/8="}
2022-11-28T17:53:08.732Z	DEBUG	replica=6	coded-hotterstuff/consensus.go:520	entered new view	{"CURRENT VIEW": 2, "view timeout": 2, "timedout": false}
2022-11-28T17:53:08.732Z	DEBUG	replica=6	coded-hotterstuff/consensus.go:782	could not find ggparent header	{"CURRENT VIEW": 2, "view": 0, "hash": "GZWDhiYW+ib6TpJWRLDOftUd8y8ovAaEerQWDbefS7c="}
2022-11-28T17:53:08.736Z	DEBUG	replica=6	coded-hotterstuff/consensus.go:678	proposal is safe to vote on	{"CURRENT VIEW": 1, "msg": "proposal", "header view": 2, "prepare view": 0, "hash": "cPBdTa7qQJueFGrjnuqGleZwFBh/lhGAlUWBfCr3UKs=", "parent": "SKC06ZXnbItnYZVTxXLWgGtuTOc9zSoSvlJWhQRO6/8="}
Decoded original proposal, time: 2022-11-28 17:53:10.473262498 +0000 UTC m=+12.347246436 header hash: [112 240 93 77 174 234 64 155 158 20 106 227 158 234 134 149 230 112 20 24 127 150 17 128 149 69 129 124 42 247 80 171]
2022-11-28T17:53:10.473Z	DEBUG	replica=6	coded-hotterstuff/consensus.go:576	received proposal	{"CURRENT VIEW": 2, "msg": "proposal", "header view": 2, "prepare view": 1, "hash": "cPBdTa7qQJueFGrjnuqGleZwFBh/lhGAlUWBfCr3UKs=", "parent": "SKC06ZXnbItnYZVTxXLWgGtuTOc9zSoSvlJWhQRO6/8="}
2022-11-28T17:53:10.481Z	DEBUG	replica=6	coded-hotterstuff/consensus.go:782	could not find ggparent header	{"CURRENT VIEW": 2, "view": 0, "hash": "GZWDhiYW+ib6TpJWRLDOftUd8y8ovAaEerQWDbefS7c="}
Decoded original proposal, time: 2022-11-28 17:53:11.167461069 +0000 UTC m=+13.041445008 header hash: [112 240 93 77 174 234 64 155 158 20 106 227 158 234 134 149 230 112 20 24 127 150 17 128 149 69 129 124 42 247 80 171]
2022-11-28T17:53:11.167Z	DEBUG	replica=6	coded-hotterstuff/consensus.go:576	received proposal	{"CURRENT VIEW": 2, "msg": "proposal", "header view": 2, "prepare view": 1, "hash": "cPBdTa7qQJueFGrjnuqGleZwFBh/lhGAlUWBfCr3UKs=", "parent": "SKC06ZXnbItnYZVTxXLWgGtuTOc9zSoSvlJWhQRO6/8="}
2022-11-28T17:53:11.175Z	DEBUG	replica=6	coded-hotterstuff/consensus.go:782	could not find ggparent header	{"CURRENT VIEW": 2, "view": 0, "hash": "GZWDhiYW+ib6TpJWRLDOftUd8y8ovAaEerQWDbefS7c="}
replica 6 is forwarding chunk to replica 0
replica 6 is forwarding chunk to replica 1
replica 6 is forwarding chunk to replica 2
replica 6 is forwarding chunk to replica 4
replica 6 is forwarding chunk to replica 5
replica 6 is forwarding chunk to replica 7
replica 6 is forwarding chunk to replica 8
replica 6 is forwarding chunk to replica 0
replica 6 is forwarding chunk to replica 1
replica 6 is forwarding chunk to replica 2
replica 6 is forwarding chunk to replica 4
replica 6 is forwarding chunk to replica 5
replica 6 is forwarding chunk to replica 7
replica 6 is forwarding chunk to replica 8
Decoded original proposal, time: 2022-11-28 17:53:16.092183293 +0000 UTC m=+17.966167240 header hash: [112 177 115 22 63 1 229 2 188 132 41 134 91 243 148 216 155 140 26 48 57 5 100 136 252 109 95 105 67 73 234 227]
2022-11-28T17:53:16.092Z	DEBUG	replica=6	coded-hotterstuff/consensus.go:576	received proposal	{"CURRENT VIEW": 2, "msg": "proposal", "header view": 3, "prepare view": 1, "hash": "cLFzFj8B5QK8hCmGW/OU2JuMGjA5BWSI/G1faUNJ6uM=", "parent": "cPBdTa7qQJueFGrjnuqGleZwFBh/lhGAlUWBfCr3UKs="}
2022-11-28T17:53:16.101Z	DEBUG	replica=6	coded-hotterstuff/consensus.go:809	new block certified	{"CURRENT VIEW": 2, "view": 2, "hash": "cPBdTa7qQJueFGrjnuqGleZwFBh/lhGAlUWBfCr3UKs="}
2022-11-28T17:53:16.101Z	DEBUG	replica=6	coded-hotterstuff/consensus.go:520	entered new view	{"CURRENT VIEW": 3, "view timeout": 2, "timedout": false}
2022-11-28T17:53:16.101Z	DEBUG	replica=6	coded-hotterstuff/consensus.go:788	new block locked	{"CURRENT VIEW": 3, "view": 1, "hash": "SKC06ZXnbItnYZVTxXLWgGtuTOc9zSoSvlJWhQRO6/8="}
2022-11-28T17:53:16.104Z	DEBUG	replica=6	coded-hotterstuff/consensus.go:678	proposal is safe to vote on	{"CURRENT VIEW": 2, "msg": "proposal", "header view": 3, "prepare view": 1, "hash": "cLFzFj8B5QK8hCmGW/OU2JuMGjA5BWSI/G1faUNJ6uM=", "parent": "cPBdTa7qQJueFGrjnuqGleZwFBh/lhGAlUWBfCr3UKs="}
replica 6 is forwarding chunk to replica 0
replica 6 is forwarding chunk to replica 1
replica 6 is forwarding chunk to replica 2
replica 6 is forwarding chunk to replica 4
replica 6 is forwarding chunk to replica 5
replica 6 is forwarding chunk to replica 7
replica 6 is forwarding chunk to replica 8
Decoded original proposal, time: 2022-11-28 17:53:18.217733612 +0000 UTC m=+20.091717553 header hash: [112 177 115 22 63 1 229 2 188 132 41 134 91 243 148 216 155 140 26 48 57 5 100 136 252 109 95 105 67 73 234 227]
2022-11-28T17:53:18.217Z	DEBUG	replica=6	coded-hotterstuff/consensus.go:576	received proposal	{"CURRENT VIEW": 3, "msg": "proposal", "header view": 3, "prepare view": 2, "hash": "cLFzFj8B5QK8hCmGW/OU2JuMGjA5BWSI/G1faUNJ6uM=", "parent": "cPBdTa7qQJueFGrjnuqGleZwFBh/lhGAlUWBfCr3UKs="}
Decoded original proposal, time: 2022-11-28 17:53:19.571245326 +0000 UTC m=+21.445229265 header hash: [112 177 115 22 63 1 229 2 188 132 41 134 91 243 148 216 155 140 26 48 57 5 100 136 252 109 95 105 67 73 234 227]
2022-11-28T17:53:19.571Z	DEBUG	replica=6	coded-hotterstuff/consensus.go:576	received proposal	{"CURRENT VIEW": 3, "msg": "proposal", "header view": 3, "prepare view": 2, "hash": "cLFzFj8B5QK8hCmGW/OU2JuMGjA5BWSI/G1faUNJ6uM=", "parent": "cPBdTa7qQJueFGrjnuqGleZwFBh/lhGAlUWBfCr3UKs="}
replica 6 is forwarding chunk to replica 0
replica 6 is forwarding chunk to replica 1
replica 6 is forwarding chunk to replica 2
replica 6 is forwarding chunk to replica 3
replica 6 is forwarding chunk to replica 5
replica 6 is forwarding chunk to replica 7
replica 6 is forwarding chunk to replica 8
replica 6 is forwarding chunk to replica 0
replica 6 is forwarding chunk to replica 1
replica 6 is forwarding chunk to replica 2
replica 6 is forwarding chunk to replica 3
replica 6 is forwarding chunk to replica 5
replica 6 is forwarding chunk to replica 7
replica 6 is forwarding chunk to replica 8
replica 6 is forwarding chunk to replica 0
replica 6 is forwarding chunk to replica 1
replica 6 is forwarding chunk to replica 2
replica 6 is forwarding chunk to replica 3
replica 6 is forwarding chunk to replica 5
replica 6 is forwarding chunk to replica 7
replica 6 is forwarding chunk to replica 8
Decoded original proposal, time: 2022-11-28 17:53:23.758457586 +0000 UTC m=+25.632441773 header hash: [241 106 152 62 46 209 156 146 237 16 116 52 193 237 0 80 85 192 166 182 15 238 2 99 236 42 182 26 232 130 25 190]
2022-11-28T17:53:23.758Z	DEBUG	replica=6	coded-hotterstuff/consensus.go:576	received proposal	{"CURRENT VIEW": 3, "msg": "proposal", "header view": 4, "prepare view": 2, "hash": "8WqYPi7RnJLtEHQ0we0AUFXAprYP7gJj7Cq2GuiCGb4=", "parent": "cLFzFj8B5QK8hCmGW/OU2JuMGjA5BWSI/G1faUNJ6uM="}
2022-11-28T17:53:23.767Z	DEBUG	replica=6	coded-hotterstuff/consensus.go:809	new block certified	{"CURRENT VIEW": 3, "view": 3, "hash": "cLFzFj8B5QK8hCmGW/OU2JuMGjA5BWSI/G1faUNJ6uM="}
2022-11-28T17:53:23.767Z	DEBUG	replica=6	coded-hotterstuff/consensus.go:520	entered new view	{"CURRENT VIEW": 4, "view timeout": 2, "timedout": false}
2022-11-28T17:53:23.767Z	DEBUG	replica=6	coded-hotterstuff/consensus.go:788	new block locked	{"CURRENT VIEW": 4, "view": 2, "hash": "cPBdTa7qQJueFGrjnuqGleZwFBh/lhGAlUWBfCr3UKs="}
2022-11-28T17:53:23.767Z	INFO	replica=6	coded-hotterstuff/consensus.go:797	new block commited	{"CURRENT VIEW": 4, "view": 1, "hash": "SKC06ZXnbItnYZVTxXLWgGtuTOc9zSoSvlJWhQRO6/8="}
2022-11-28T17:53:23.768Z	DEBUG	replica=6	coded-hotterstuff/consensus.go:678	proposal is safe to vote on	{"CURRENT VIEW": 3, "msg": "proposal", "header view": 4, "prepare view": 2, "hash": "8WqYPi7RnJLtEHQ0we0AUFXAprYP7gJj7Cq2GuiCGb4=", "parent": "cLFzFj8B5QK8hCmGW/OU2JuMGjA5BWSI/G1faUNJ6uM="}
Node  6 +1 block finalized at time:  2022-11-28 17:53:23.771563128 +0000 UTC m=+25.645547066
Decoded original proposal, time: 2022-11-28 17:53:25.251401239 +0000 UTC m=+27.125385185 header hash: [241 106 152 62 46 209 156 146 237 16 116 52 193 237 0 80 85 192 166 182 15 238 2 99 236 42 182 26 232 130 25 190]
2022-11-28T17:53:25.251Z	DEBUG	replica=6	coded-hotterstuff/consensus.go:576	received proposal	{"CURRENT VIEW": 4, "msg": "proposal", "header view": 4, "prepare view": 3, "hash": "8WqYPi7RnJLtEHQ0we0AUFXAprYP7gJj7Cq2GuiCGb4=", "parent": "cLFzFj8B5QK8hCmGW/OU2JuMGjA5BWSI/G1faUNJ6uM="}
Decoded original proposal, time: 2022-11-28 17:53:26.523016938 +0000 UTC m=+28.397000925 header hash: [241 106 152 62 46 209 156 146 237 16 116 52 193 237 0 80 85 192 166 182 15 238 2 99 236 42 182 26 232 130 25 190]
2022-11-28T17:53:26.523Z	DEBUG	replica=6	coded-hotterstuff/consensus.go:576	received proposal	{"CURRENT VIEW": 4, "msg": "proposal", "header view": 4, "prepare view": 3, "hash": "8WqYPi7RnJLtEHQ0we0AUFXAprYP7gJj7Cq2GuiCGb4=", "parent": "cLFzFj8B5QK8hCmGW/OU2JuMGjA5BWSI/G1faUNJ6uM="}
replica 6 is forwarding chunk to replica 0
replica 6 is forwarding chunk to replica 1
replica 6 is forwarding chunk to replica 2
replica 6 is forwarding chunk to replica 3
replica 6 is forwarding chunk to replica 4
replica 6 is forwarding chunk to replica 7
replica 6 is forwarding chunk to replica 8
2022-11-28T17:53:27.663Z	DEBUG	replica=6	coded-hotterstuff/consensus.go:965	received vote	{"CURRENT VIEW": 4, "msg": "vote", "voter": 5, "view": 4, "hash": "jgrj6scOqMsv2tOI5ilebUQ0EAUbjhBGBRf6AbYZ3ZQ="}
Node  6  received vote before proposal, saving vote in pending votes, hash is  [142 10 227 234 199 14 168 203 47 218 211 136 230 41 94 109 68 52 16 5 27 142 16 70 5 23 250 1 182 25 221 148]  and string is,  5
2022-11-28T17:53:27.663Z	DEBUG	replica=6	coded-hotterstuff/consensus.go:970	Received vote before proposal, key is, 5	{"CURRENT VIEW": 4}
replica 6 is forwarding chunk to replica 0
replica 6 is forwarding chunk to replica 1
replica 6 is forwarding chunk to replica 2
replica 6 is forwarding chunk to replica 3
replica 6 is forwarding chunk to replica 4
replica 6 is forwarding chunk to replica 7
replica 6 is forwarding chunk to replica 8
replica 6 is forwarding chunk to replica 0
replica 6 is forwarding chunk to replica 1
replica 6 is forwarding chunk to replica 2
replica 6 is forwarding chunk to replica 3
replica 6 is forwarding chunk to replica 4
replica 6 is forwarding chunk to replica 7
replica 6 is forwarding chunk to replica 8
Decoded original proposal, time: 2022-11-28 17:53:32.206235143 +0000 UTC m=+34.080219105 header hash: [142 10 227 234 199 14 168 203 47 218 211 136 230 41 94 109 68 52 16 5 27 142 16 70 5 23 250 1 182 25 221 148]
2022-11-28T17:53:32.206Z	DEBUG	replica=6	coded-hotterstuff/consensus.go:576	received proposal	{"CURRENT VIEW": 4, "msg": "proposal", "header view": 5, "prepare view": 3, "hash": "jgrj6scOqMsv2tOI5ilebUQ0EAUbjhBGBRf6AbYZ3ZQ=", "parent": "8WqYPi7RnJLtEHQ0we0AUFXAprYP7gJj7Cq2GuiCGb4="}
2022-11-28T17:53:32.216Z	DEBUG	replica=6	coded-hotterstuff/consensus.go:809	new block certified	{"CURRENT VIEW": 4, "view": 4, "hash": "8WqYPi7RnJLtEHQ0we0AUFXAprYP7gJj7Cq2GuiCGb4="}
2022-11-28T17:53:32.216Z	DEBUG	replica=6	coded-hotterstuff/consensus.go:520	entered new view	{"CURRENT VIEW": 5, "view timeout": 2, "timedout": false}
2022-11-28T17:53:32.216Z	DEBUG	replica=6	coded-hotterstuff/consensus.go:535	replica is a leader for next view. collecting new-view messages	{"CURRENT VIEW": 5}
2022-11-28T17:53:32.216Z	DEBUG	replica=6	coded-hotterstuff/consensus.go:788	new block locked	{"CURRENT VIEW": 5, "view": 3, "hash": "cLFzFj8B5QK8hCmGW/OU2JuMGjA5BWSI/G1faUNJ6uM="}
2022-11-28T17:53:32.216Z	INFO	replica=6	coded-hotterstuff/consensus.go:797	new block commited	{"CURRENT VIEW": 5, "view": 2, "hash": "cPBdTa7qQJueFGrjnuqGleZwFBh/lhGAlUWBfCr3UKs="}
2022-11-28T17:53:32.219Z	DEBUG	replica=6	coded-hotterstuff/consensus.go:678	proposal is safe to vote on	{"CURRENT VIEW": 4, "msg": "proposal", "header view": 5, "prepare view": 3, "hash": "jgrj6scOqMsv2tOI5ilebUQ0EAUbjhBGBRf6AbYZ3ZQ=", "parent": "8WqYPi7RnJLtEHQ0we0AUFXAprYP7gJj7Cq2GuiCGb4="}
2022-11-28T17:53:32.219Z	DEBUG	replica=6	coded-hotterstuff/consensus.go:758	Taking care of pending vote 5	{"CURRENT VIEW": 5}
2022-11-28T17:53:32.219Z	DEBUG	replica=6	coded-hotterstuff/consensus.go:965	received vote	{"CURRENT VIEW": 5, "msg": "vote", "voter": 5, "view": 5, "hash": "jgrj6scOqMsv2tOI5ilebUQ0EAUbjhBGBRf6AbYZ3ZQ="}
2022-11-28T17:53:32.226Z	DEBUG	replica=6	coded-hotterstuff/consensus.go:965	received vote	{"CURRENT VIEW": 5, "msg": "vote", "voter": 6, "view": 5, "hash": "jgrj6scOqMsv2tOI5ilebUQ0EAUbjhBGBRf6AbYZ3ZQ="}
Node  6 +1 block finalized at time:  2022-11-28 17:53:32.235915667 +0000 UTC m=+34.109899596
2022-11-28T17:53:32.898Z	DEBUG	replica=6	coded-hotterstuff/consensus.go:965	received vote	{"CURRENT VIEW": 5, "msg": "vote", "voter": 7, "view": 5, "hash": "jgrj6scOqMsv2tOI5ilebUQ0EAUbjhBGBRf6AbYZ3ZQ="}
2022-11-28T17:53:33.095Z	DEBUG	replica=6	coded-hotterstuff/consensus.go:965	received vote	{"CURRENT VIEW": 5, "msg": "vote", "voter": 2, "view": 5, "hash": "jgrj6scOqMsv2tOI5ilebUQ0EAUbjhBGBRf6AbYZ3ZQ="}
2022-11-28T17:53:33.275Z	DEBUG	replica=6	coded-hotterstuff/consensus.go:965	received vote	{"CURRENT VIEW": 5, "msg": "vote", "voter": 8, "view": 5, "hash": "jgrj6scOqMsv2tOI5ilebUQ0EAUbjhBGBRf6AbYZ3ZQ="}
2022-11-28T17:53:33.281Z	DEBUG	replica=6	coded-hotterstuff/consensus.go:965	received vote	{"CURRENT VIEW": 5, "msg": "vote", "voter": 4, "view": 5, "hash": "jgrj6scOqMsv2tOI5ilebUQ0EAUbjhBGBRf6AbYZ3ZQ="}
2022-11-28T17:53:33.339Z	DEBUG	replica=6	coded-hotterstuff/consensus.go:965	received vote	{"CURRENT VIEW": 5, "msg": "vote", "voter": 1, "view": 5, "hash": "jgrj6scOqMsv2tOI5ilebUQ0EAUbjhBGBRf6AbYZ3ZQ="}
2022-11-28T17:53:33.345Z	DEBUG	replica=6	coded-hotterstuff/consensus.go:809	new block certified	{"CURRENT VIEW": 5, "view": 5, "hash": "jgrj6scOqMsv2tOI5ilebUQ0EAUbjhBGBRf6AbYZ3ZQ="}
2022-11-28T17:53:33.345Z	DEBUG	replica=6	coded-hotterstuff/consensus.go:520	entered new view	{"CURRENT VIEW": 6, "view timeout": 2, "timedout": false}
2022-11-28T17:53:33.345Z	DEBUG	replica=6	coded-hotterstuff/consensus.go:544	replica is a leader for this view. waiting for data	{"CURRENT VIEW": 6}
2022-11-28T17:53:33.345Z	DEBUG	replica=6	coded-hotterstuff/consensus.go:520	entered new view	{"CURRENT VIEW": 6, "view timeout": 2, "timedout": false}
2022-11-28T17:53:33.345Z	DEBUG	replica=6	coded-hotterstuff/consensus.go:544	replica is a leader for this view. waiting for data	{"CURRENT VIEW": 6}
2022-11-28T17:53:33.349Z	DEBUG	replica=6	coded-hotterstuff/consensus.go:238	sending proposal	{"CURRENT VIEW": 6, "hash": "kFp8+So3McG2yp/crA+UXLJ7e1+L/NadJHrbEZU+si4=", "parent": "jgrj6scOqMsv2tOI5ilebUQ0EAUbjhBGBRf6AbYZ3ZQ=", "signer": 6}
2022-11-28T17:53:33.350Z	DEBUG	replica=6	coded-hotterstuff/consensus.go:576	received proposal	{"CURRENT VIEW": 6, "msg": "proposal", "header view": 6, "prepare view": 5, "hash": "kFp8+So3McG2yp/crA+UXLJ7e1+L/NadJHrbEZU+si4=", "parent": "jgrj6scOqMsv2tOI5ilebUQ0EAUbjhBGBRf6AbYZ3ZQ="}
2022-11-28T17:53:33.358Z	DEBUG	replica=6	coded-hotterstuff/consensus.go:788	new block locked	{"CURRENT VIEW": 6, "view": 4, "hash": "8WqYPi7RnJLtEHQ0we0AUFXAprYP7gJj7Cq2GuiCGb4="}
2022-11-28T17:53:33.358Z	INFO	replica=6	coded-hotterstuff/consensus.go:797	new block commited	{"CURRENT VIEW": 6, "view": 3, "hash": "cLFzFj8B5QK8hCmGW/OU2JuMGjA5BWSI/G1faUNJ6uM="}
2022-11-28T17:53:33.359Z	DEBUG	replica=6	coded-hotterstuff/consensus.go:678	proposal is safe to vote on	{"CURRENT VIEW": 6, "msg": "proposal", "header view": 6, "prepare view": 5, "hash": "kFp8+So3McG2yp/crA+UXLJ7e1+L/NadJHrbEZU+si4=", "parent": "jgrj6scOqMsv2tOI5ilebUQ0EAUbjhBGBRf6AbYZ3ZQ="}
Node  6 +1 block finalized at time:  2022-11-28 17:53:33.362062138 +0000 UTC m=+35.236046086
Decoded original proposal, time: 2022-11-28 17:53:33.550642754 +0000 UTC m=+35.424626751 header hash: [142 10 227 234 199 14 168 203 47 218 211 136 230 41 94 109 68 52 16 5 27 142 16 70 5 23 250 1 182 25 221 148]
2022-11-28T17:53:33.550Z	DEBUG	replica=6	coded-hotterstuff/consensus.go:576	received proposal	{"CURRENT VIEW": 6, "msg": "proposal", "header view": 5, "prepare view": 5, "hash": "jgrj6scOqMsv2tOI5ilebUQ0EAUbjhBGBRf6AbYZ3ZQ=", "parent": "8WqYPi7RnJLtEHQ0we0AUFXAprYP7gJj7Cq2GuiCGb4="}
2022-11-28T17:53:33.560Z	DEBUG	replica=6	coded-hotterstuff/consensus.go:667	proposal view doesn't match local view	{"CURRENT VIEW": 6, "msg": "proposal", "header view": 5, "prepare view": 5, "hash": "jgrj6scOqMsv2tOI5ilebUQ0EAUbjhBGBRf6AbYZ3ZQ=", "parent": "8WqYPi7RnJLtEHQ0we0AUFXAprYP7gJj7Cq2GuiCGb4="}
2022-11-28T17:53:33.560Z	DEBUG	replica=6	coded-hotterstuff/consensus.go:965	received vote	{"CURRENT VIEW": 6, "msg": "vote", "voter": 0, "view": 6, "hash": "jgrj6scOqMsv2tOI5ilebUQ0EAUbjhBGBRf6AbYZ3ZQ="}
2022-11-28T17:53:33.566Z	DEBUG	replica=6	coded-hotterstuff/consensus.go:520	entered new view	{"CURRENT VIEW": 6, "view timeout": 2, "timedout": false}
2022-11-28T17:53:33.566Z	DEBUG	replica=6	coded-hotterstuff/consensus.go:544	replica is a leader for this view. waiting for data	{"CURRENT VIEW": 6}
2022-11-28T17:53:33.570Z	DEBUG	replica=6	coded-hotterstuff/consensus.go:238	sending proposal	{"CURRENT VIEW": 6, "hash": "kFp8+So3McG2yp/crA+UXLJ7e1+L/NadJHrbEZU+si4=", "parent": "jgrj6scOqMsv2tOI5ilebUQ0EAUbjhBGBRf6AbYZ3ZQ=", "signer": 6}
2022-11-28T17:53:33.571Z	DEBUG	replica=6	coded-hotterstuff/consensus.go:576	received proposal	{"CURRENT VIEW": 6, "msg": "proposal", "header view": 6, "prepare view": 5, "hash": "kFp8+So3McG2yp/crA+UXLJ7e1+L/NadJHrbEZU+si4=", "parent": "jgrj6scOqMsv2tOI5ilebUQ0EAUbjhBGBRf6AbYZ3ZQ="}
2022-11-28T17:53:36.890Z	DEBUG	replica=6	coded-hotterstuff/consensus.go:965	received vote	{"CURRENT VIEW": 6, "msg": "vote", "voter": 3, "view": 6, "hash": "jgrj6scOqMsv2tOI5ilebUQ0EAUbjhBGBRf6AbYZ3ZQ="}
2022-11-28T17:53:36.897Z	DEBUG	replica=6	coded-hotterstuff/consensus.go:520	entered new view	{"CURRENT VIEW": 6, "view timeout": 2, "timedout": false}
2022-11-28T17:53:36.897Z	DEBUG	replica=6	coded-hotterstuff/consensus.go:544	replica is a leader for this view. waiting for data	{"CURRENT VIEW": 6}
2022-11-28T17:53:36.901Z	DEBUG	replica=6	coded-hotterstuff/consensus.go:238	sending proposal	{"CURRENT VIEW": 6, "hash": "kFp8+So3McG2yp/crA+UXLJ7e1+L/NadJHrbEZU+si4=", "parent": "jgrj6scOqMsv2tOI5ilebUQ0EAUbjhBGBRf6AbYZ3ZQ=", "signer": 6}
2022-11-28T17:53:36.902Z	DEBUG	replica=6	coded-hotterstuff/consensus.go:576	received proposal	{"CURRENT VIEW": 6, "msg": "proposal", "header view": 6, "prepare view": 5, "hash": "kFp8+So3McG2yp/crA+UXLJ7e1+L/NadJHrbEZU+si4=", "parent": "jgrj6scOqMsv2tOI5ilebUQ0EAUbjhBGBRf6AbYZ3ZQ="}
Decoded original proposal, time: 2022-11-28 17:53:38.233381799 +0000 UTC m=+40.107365747 header hash: [142 10 227 234 199 14 168 203 47 218 211 136 230 41 94 109 68 52 16 5 27 142 16 70 5 23 250 1 182 25 221 148]
2022-11-28T17:53:38.233Z	DEBUG	replica=6	coded-hotterstuff/consensus.go:576	received proposal	{"CURRENT VIEW": 6, "msg": "proposal", "header view": 5, "prepare view": 5, "hash": "jgrj6scOqMsv2tOI5ilebUQ0EAUbjhBGBRf6AbYZ3ZQ=", "parent": "8WqYPi7RnJLtEHQ0we0AUFXAprYP7gJj7Cq2GuiCGb4="}
2022-11-28T17:53:38.242Z	DEBUG	replica=6	coded-hotterstuff/consensus.go:667	proposal view doesn't match local view	{"CURRENT VIEW": 6, "msg": "proposal", "header view": 5, "prepare view": 5, "hash": "jgrj6scOqMsv2tOI5ilebUQ0EAUbjhBGBRf6AbYZ3ZQ=", "parent": "8WqYPi7RnJLtEHQ0we0AUFXAprYP7gJj7Cq2GuiCGb4="}
replica 6 is forwarding chunk to replica 0
replica 6 is forwarding chunk to replica 1
replica 6 is forwarding chunk to replica 2
replica 6 is forwarding chunk to replica 3
replica 6 is forwarding chunk to replica 4
replica 6 is forwarding chunk to replica 5
replica 6 is forwarding chunk to replica 8
replica 6 is forwarding chunk to replica 0
replica 6 is forwarding chunk to replica 1
replica 6 is forwarding chunk to replica 2
replica 6 is forwarding chunk to replica 3
replica 6 is forwarding chunk to replica 4
replica 6 is forwarding chunk to replica 5
replica 6 is forwarding chunk to replica 8
replica 6 is forwarding chunk to replica 0
replica 6 is forwarding chunk to replica 1
replica 6 is forwarding chunk to replica 2
replica 6 is forwarding chunk to replica 3
replica 6 is forwarding chunk to replica 4
replica 6 is forwarding chunk to replica 5
replica 6 is forwarding chunk to replica 8
Decoded original proposal, time: 2022-11-28 17:53:50.454157722 +0000 UTC m=+52.328141913 header hash: [82 186 70 5 171 170 163 31 242 237 216 214 91 95 174 96 9 56 150 120 198 10 139 98 230 188 67 131 78 157 60 15]
2022-11-28T17:53:50.454Z	DEBUG	replica=6	coded-hotterstuff/consensus.go:576	received proposal	{"CURRENT VIEW": 6, "msg": "proposal", "header view": 7, "prepare view": 5, "hash": "UrpGBauqox/y7djWW1+uYAk4lnjGCoti5rxDg06dPA8=", "parent": "kFp8+So3McG2yp/crA+UXLJ7e1+L/NadJHrbEZU+si4="}
2022-11-28T17:53:50.462Z	DEBUG	replica=6	coded-hotterstuff/consensus.go:809	new block certified	{"CURRENT VIEW": 6, "view": 6, "hash": "kFp8+So3McG2yp/crA+UXLJ7e1+L/NadJHrbEZU+si4="}
2022-11-28T17:53:50.462Z	DEBUG	replica=6	coded-hotterstuff/consensus.go:520	entered new view	{"CURRENT VIEW": 7, "view timeout": 2, "timedout": false}
2022-11-28T17:53:50.462Z	DEBUG	replica=6	coded-hotterstuff/consensus.go:788	new block locked	{"CURRENT VIEW": 7, "view": 5, "hash": "jgrj6scOqMsv2tOI5ilebUQ0EAUbjhBGBRf6AbYZ3ZQ="}
2022-11-28T17:53:50.462Z	INFO	replica=6	coded-hotterstuff/consensus.go:797	new block commited	{"CURRENT VIEW": 7, "view": 4, "hash": "8WqYPi7RnJLtEHQ0we0AUFXAprYP7gJj7Cq2GuiCGb4="}
2022-11-28T17:53:50.465Z	DEBUG	replica=6	coded-hotterstuff/consensus.go:678	proposal is safe to vote on	{"CURRENT VIEW": 6, "msg": "proposal", "header view": 7, "prepare view": 5, "hash": "UrpGBauqox/y7djWW1+uYAk4lnjGCoti5rxDg06dPA8=", "parent": "kFp8+So3McG2yp/crA+UXLJ7e1+L/NadJHrbEZU+si4="}
Node  6 +1 block finalized at time:  2022-11-28 17:53:50.467921122 +0000 UTC m=+52.341905055
Decoded original proposal, time: 2022-11-28 17:53:51.711396426 +0000 UTC m=+53.585380371 header hash: [82 186 70 5 171 170 163 31 242 237 216 214 91 95 174 96 9 56 150 120 198 10 139 98 230 188 67 131 78 157 60 15]
2022-11-28T17:53:51.711Z	DEBUG	replica=6	coded-hotterstuff/consensus.go:576	received proposal	{"CURRENT VIEW": 7, "msg": "proposal", "header view": 7, "prepare view": 6, "hash": "UrpGBauqox/y7djWW1+uYAk4lnjGCoti5rxDg06dPA8=", "parent": "kFp8+So3McG2yp/crA+UXLJ7e1+L/NadJHrbEZU+si4="}
Decoded original proposal, time: 2022-11-28 17:53:52.532612799 +0000 UTC m=+54.406596745 header hash: [82 186 70 5 171 170 163 31 242 237 216 214 91 95 174 96 9 56 150 120 198 10 139 98 230 188 67 131 78 157 60 15]
2022-11-28T17:53:52.532Z	DEBUG	replica=6	coded-hotterstuff/consensus.go:576	received proposal	{"CURRENT VIEW": 7, "msg": "proposal", "header view": 7, "prepare view": 6, "hash": "UrpGBauqox/y7djWW1+uYAk4lnjGCoti5rxDg06dPA8=", "parent": "kFp8+So3McG2yp/crA+UXLJ7e1+L/NadJHrbEZU+si4="}
replica 6 is forwarding chunk to replica 0
replica 6 is forwarding chunk to replica 1
replica 6 is forwarding chunk to replica 2
replica 6 is forwarding chunk to replica 3
replica 6 is forwarding chunk to replica 4
replica 6 is forwarding chunk to replica 5
replica 6 is forwarding chunk to replica 7
replica 6 is forwarding chunk to replica 0
replica 6 is forwarding chunk to replica 1
replica 6 is forwarding chunk to replica 2
replica 6 is forwarding chunk to replica 3
replica 6 is forwarding chunk to replica 4
replica 6 is forwarding chunk to replica 5
replica 6 is forwarding chunk to replica 7
