Node index: 1
[10.0.1.0:9000 10.0.1.2:9001 10.0.1.4:9002 10.0.1.6:9003 10.0.1.8:9004 10.0.1.10:9005 10.0.1.12:9006 10.0.1.14:9007 10.0.1.16:9008]
node 1 initiating connection to 10.0.1.0:9000
node 1 successfully initiated connection to 10.0.1.0:9000
connection established 1 - 3
Node  1 -->  Listening for messages... 
connection established 1 - 2
Node  1 -->  Listening for messages... 
connection established 1 - 4
Node  1 -->  Listening for messages... 
connection established 1 - 8
Node  1 -->  Listening for messages... 
connection established 1 - 6
connection established 1 - 5
Node  1 -->  Listening for messages... 
Node  1 -->  Listening for messages... 
connection established 1 - 7
Node  1 -->  Listening for messages... 
connection established 1 - 0
Node  1 -->  Listening for messages... 
2022-11-28T00:56:07.861Z	DEBUG	replica=1	coded-hotterstuff/consensus.go:520	entered new view	{"CURRENT VIEW": 1, "view timeout": 2, "timedout": false}
2022-11-28T00:56:07.861Z	DEBUG	replica=1	coded-hotterstuff/consensus.go:544	replica is a leader for this view. waiting for data	{"CURRENT VIEW": 1}
2022-11-28T00:56:07.866Z	DEBUG	replica=1	coded-hotterstuff/consensus.go:238	sending proposal	{"CURRENT VIEW": 1, "hash": "SKC06ZXnbItnYZVTxXLWgGtuTOc9zSoSvlJWhQRO6/8=", "parent": "GZWDhiYW+ib6TpJWRLDOftUd8y8ovAaEerQWDbefS7c=", "signer": 1}
2022-11-28T00:56:07.874Z	DEBUG	replica=1	coded-hotterstuff/consensus.go:576	received proposal	{"CURRENT VIEW": 1, "msg": "proposal", "header view": 1, "prepare view": 0, "hash": "SKC06ZXnbItnYZVTxXLWgGtuTOc9zSoSvlJWhQRO6/8=", "parent": "GZWDhiYW+ib6TpJWRLDOftUd8y8ovAaEerQWDbefS7c="}
2022-11-28T00:56:07.884Z	DEBUG	replica=1	coded-hotterstuff/consensus.go:777	could not find gparent header	{"CURRENT VIEW": 1, "view": 0, "hash": "GZWDhiYW+ib6TpJWRLDOftUd8y8ovAaEerQWDbefS7c="}
2022-11-28T00:56:07.886Z	DEBUG	replica=1	coded-hotterstuff/consensus.go:678	proposal is safe to vote on	{"CURRENT VIEW": 1, "msg": "proposal", "header view": 1, "prepare view": 0, "hash": "SKC06ZXnbItnYZVTxXLWgGtuTOc9zSoSvlJWhQRO6/8=", "parent": "GZWDhiYW+ib6TpJWRLDOftUd8y8ovAaEerQWDbefS7c="}
replica 1 is forwarding chunk to replica 0
replica 1 is forwarding chunk to replica 3
replica 1 is forwarding chunk to replica 4
replica 1 is forwarding chunk to replica 5
replica 1 is forwarding chunk to replica 6
replica 1 is forwarding chunk to replica 7
replica 1 is forwarding chunk to replica 8
replica 1 is forwarding chunk to replica 0
replica 1 is forwarding chunk to replica 3
replica 1 is forwarding chunk to replica 4
replica 1 is forwarding chunk to replica 5
replica 1 is forwarding chunk to replica 6
replica 1 is forwarding chunk to replica 7
replica 1 is forwarding chunk to replica 8
Decoded original proposal, time: 2022-11-28 00:56:16.455817907 +0000 UTC m=+8.722352196 header hash: [112 240 93 77 174 234 64 155 158 20 106 227 158 234 134 149 230 112 20 24 127 150 17 128 149 69 129 124 42 247 80 171]
2022-11-28T00:56:16.455Z	DEBUG	replica=1	coded-hotterstuff/consensus.go:576	received proposal	{"CURRENT VIEW": 1, "msg": "proposal", "header view": 2, "prepare view": 0, "hash": "cPBdTa7qQJueFGrjnuqGleZwFBh/lhGAlUWBfCr3UKs=", "parent": "SKC06ZXnbItnYZVTxXLWgGtuTOc9zSoSvlJWhQRO6/8="}
2022-11-28T00:56:16.464Z	DEBUG	replica=1	coded-hotterstuff/consensus.go:809	new block certified	{"CURRENT VIEW": 1, "view": 1, "hash": "SKC06ZXnbItnYZVTxXLWgGtuTOc9zSoSvlJWhQRO6/8="}
2022-11-28T00:56:16.464Z	DEBUG	replica=1	coded-hotterstuff/consensus.go:520	entered new view	{"CURRENT VIEW": 2, "view timeout": 2, "timedout": false}
2022-11-28T00:56:16.464Z	DEBUG	replica=1	coded-hotterstuff/consensus.go:782	could not find ggparent header	{"CURRENT VIEW": 2, "view": 0, "hash": "GZWDhiYW+ib6TpJWRLDOftUd8y8ovAaEerQWDbefS7c="}
2022-11-28T00:56:16.467Z	DEBUG	replica=1	coded-hotterstuff/consensus.go:678	proposal is safe to vote on	{"CURRENT VIEW": 1, "msg": "proposal", "header view": 2, "prepare view": 0, "hash": "cPBdTa7qQJueFGrjnuqGleZwFBh/lhGAlUWBfCr3UKs=", "parent": "SKC06ZXnbItnYZVTxXLWgGtuTOc9zSoSvlJWhQRO6/8="}
replica 1 is forwarding chunk to replica 0
replica 1 is forwarding chunk to replica 3
replica 1 is forwarding chunk to replica 4
replica 1 is forwarding chunk to replica 5
replica 1 is forwarding chunk to replica 6
replica 1 is forwarding chunk to replica 7
replica 1 is forwarding chunk to replica 8
Decoded original proposal, time: 2022-11-28 00:56:17.759197107 +0000 UTC m=+10.025731354 header hash: [112 240 93 77 174 234 64 155 158 20 106 227 158 234 134 149 230 112 20 24 127 150 17 128 149 69 129 124 42 247 80 171]
2022-11-28T00:56:17.759Z	DEBUG	replica=1	coded-hotterstuff/consensus.go:576	received proposal	{"CURRENT VIEW": 2, "msg": "proposal", "header view": 2, "prepare view": 1, "hash": "cPBdTa7qQJueFGrjnuqGleZwFBh/lhGAlUWBfCr3UKs=", "parent": "SKC06ZXnbItnYZVTxXLWgGtuTOc9zSoSvlJWhQRO6/8="}
2022-11-28T00:56:17.769Z	DEBUG	replica=1	coded-hotterstuff/consensus.go:782	could not find ggparent header	{"CURRENT VIEW": 2, "view": 0, "hash": "GZWDhiYW+ib6TpJWRLDOftUd8y8ovAaEerQWDbefS7c="}
Decoded original proposal, time: 2022-11-28 00:56:19.056133469 +0000 UTC m=+11.322667954 header hash: [112 240 93 77 174 234 64 155 158 20 106 227 158 234 134 149 230 112 20 24 127 150 17 128 149 69 129 124 42 247 80 171]
2022-11-28T00:56:19.056Z	DEBUG	replica=1	coded-hotterstuff/consensus.go:576	received proposal	{"CURRENT VIEW": 2, "msg": "proposal", "header view": 2, "prepare view": 1, "hash": "cPBdTa7qQJueFGrjnuqGleZwFBh/lhGAlUWBfCr3UKs=", "parent": "SKC06ZXnbItnYZVTxXLWgGtuTOc9zSoSvlJWhQRO6/8="}
2022-11-28T00:56:19.064Z	DEBUG	replica=1	coded-hotterstuff/consensus.go:782	could not find ggparent header	{"CURRENT VIEW": 2, "view": 0, "hash": "GZWDhiYW+ib6TpJWRLDOftUd8y8ovAaEerQWDbefS7c="}
replica 1 is forwarding chunk to replica 0
replica 1 is forwarding chunk to replica 2
replica 1 is forwarding chunk to replica 4
replica 1 is forwarding chunk to replica 5
replica 1 is forwarding chunk to replica 6
replica 1 is forwarding chunk to replica 7
replica 1 is forwarding chunk to replica 8
replica 1 is forwarding chunk to replica 0
replica 1 is forwarding chunk to replica 2
replica 1 is forwarding chunk to replica 4
replica 1 is forwarding chunk to replica 5
replica 1 is forwarding chunk to replica 6
replica 1 is forwarding chunk to replica 7
replica 1 is forwarding chunk to replica 8
Decoded original proposal, time: 2022-11-28 00:56:23.910011955 +0000 UTC m=+16.176546206 header hash: [112 177 115 22 63 1 229 2 188 132 41 134 91 243 148 216 155 140 26 48 57 5 100 136 252 109 95 105 67 73 234 227]
2022-11-28T00:56:23.910Z	DEBUG	replica=1	coded-hotterstuff/consensus.go:576	received proposal	{"CURRENT VIEW": 2, "msg": "proposal", "header view": 3, "prepare view": 1, "hash": "cLFzFj8B5QK8hCmGW/OU2JuMGjA5BWSI/G1faUNJ6uM=", "parent": "cPBdTa7qQJueFGrjnuqGleZwFBh/lhGAlUWBfCr3UKs="}
2022-11-28T00:56:23.921Z	DEBUG	replica=1	coded-hotterstuff/consensus.go:809	new block certified	{"CURRENT VIEW": 2, "view": 2, "hash": "cPBdTa7qQJueFGrjnuqGleZwFBh/lhGAlUWBfCr3UKs="}
2022-11-28T00:56:23.921Z	DEBUG	replica=1	coded-hotterstuff/consensus.go:520	entered new view	{"CURRENT VIEW": 3, "view timeout": 2, "timedout": false}
2022-11-28T00:56:23.921Z	DEBUG	replica=1	coded-hotterstuff/consensus.go:788	new block locked	{"CURRENT VIEW": 3, "view": 1, "hash": "SKC06ZXnbItnYZVTxXLWgGtuTOc9zSoSvlJWhQRO6/8="}
2022-11-28T00:56:23.928Z	DEBUG	replica=1	coded-hotterstuff/consensus.go:678	proposal is safe to vote on	{"CURRENT VIEW": 2, "msg": "proposal", "header view": 3, "prepare view": 1, "hash": "cLFzFj8B5QK8hCmGW/OU2JuMGjA5BWSI/G1faUNJ6uM=", "parent": "cPBdTa7qQJueFGrjnuqGleZwFBh/lhGAlUWBfCr3UKs="}
Decoded original proposal, time: 2022-11-28 00:56:25.221941973 +0000 UTC m=+17.488476238 header hash: [112 177 115 22 63 1 229 2 188 132 41 134 91 243 148 216 155 140 26 48 57 5 100 136 252 109 95 105 67 73 234 227]
2022-11-28T00:56:25.221Z	DEBUG	replica=1	coded-hotterstuff/consensus.go:576	received proposal	{"CURRENT VIEW": 3, "msg": "proposal", "header view": 3, "prepare view": 2, "hash": "cLFzFj8B5QK8hCmGW/OU2JuMGjA5BWSI/G1faUNJ6uM=", "parent": "cPBdTa7qQJueFGrjnuqGleZwFBh/lhGAlUWBfCr3UKs="}
replica 1 is forwarding chunk to replica 0
replica 1 is forwarding chunk to replica 2
replica 1 is forwarding chunk to replica 4
replica 1 is forwarding chunk to replica 5
replica 1 is forwarding chunk to replica 6
replica 1 is forwarding chunk to replica 7
replica 1 is forwarding chunk to replica 8
replica 1 is forwarding chunk to replica 0
replica 1 is forwarding chunk to replica 2
replica 1 is forwarding chunk to replica 3
replica 1 is forwarding chunk to replica 5
replica 1 is forwarding chunk to replica 6
replica 1 is forwarding chunk to replica 7
replica 1 is forwarding chunk to replica 8
Decoded original proposal, time: 2022-11-28 00:56:28.983520545 +0000 UTC m=+21.250054841 header hash: [112 177 115 22 63 1 229 2 188 132 41 134 91 243 148 216 155 140 26 48 57 5 100 136 252 109 95 105 67 73 234 227]
2022-11-28T00:56:28.983Z	DEBUG	replica=1	coded-hotterstuff/consensus.go:576	received proposal	{"CURRENT VIEW": 3, "msg": "proposal", "header view": 3, "prepare view": 2, "hash": "cLFzFj8B5QK8hCmGW/OU2JuMGjA5BWSI/G1faUNJ6uM=", "parent": "cPBdTa7qQJueFGrjnuqGleZwFBh/lhGAlUWBfCr3UKs="}
Decoded original proposal, time: 2022-11-28 00:56:30.67237438 +0000 UTC m=+22.938908672 header hash: [241 106 152 62 46 209 156 146 237 16 116 52 193 237 0 80 85 192 166 182 15 238 2 99 236 42 182 26 232 130 25 190]
2022-11-28T00:56:30.672Z	DEBUG	replica=1	coded-hotterstuff/consensus.go:576	received proposal	{"CURRENT VIEW": 3, "msg": "proposal", "header view": 4, "prepare view": 2, "hash": "8WqYPi7RnJLtEHQ0we0AUFXAprYP7gJj7Cq2GuiCGb4=", "parent": "cLFzFj8B5QK8hCmGW/OU2JuMGjA5BWSI/G1faUNJ6uM="}
2022-11-28T00:56:30.682Z	DEBUG	replica=1	coded-hotterstuff/consensus.go:809	new block certified	{"CURRENT VIEW": 3, "view": 3, "hash": "cLFzFj8B5QK8hCmGW/OU2JuMGjA5BWSI/G1faUNJ6uM="}
2022-11-28T00:56:30.682Z	DEBUG	replica=1	coded-hotterstuff/consensus.go:520	entered new view	{"CURRENT VIEW": 4, "view timeout": 2, "timedout": false}
2022-11-28T00:56:30.682Z	DEBUG	replica=1	coded-hotterstuff/consensus.go:788	new block locked	{"CURRENT VIEW": 4, "view": 2, "hash": "cPBdTa7qQJueFGrjnuqGleZwFBh/lhGAlUWBfCr3UKs="}
2022-11-28T00:56:30.682Z	INFO	replica=1	coded-hotterstuff/consensus.go:797	new block commited	{"CURRENT VIEW": 4, "view": 1, "hash": "SKC06ZXnbItnYZVTxXLWgGtuTOc9zSoSvlJWhQRO6/8="}
2022-11-28T00:56:30.683Z	DEBUG	replica=1	coded-hotterstuff/consensus.go:678	proposal is safe to vote on	{"CURRENT VIEW": 3, "msg": "proposal", "header view": 4, "prepare view": 2, "hash": "8WqYPi7RnJLtEHQ0we0AUFXAprYP7gJj7Cq2GuiCGb4=", "parent": "cLFzFj8B5QK8hCmGW/OU2JuMGjA5BWSI/G1faUNJ6uM="}
Node  1 +1 block finalized at time:  2022-11-28 00:56:30.686359926 +0000 UTC m=+22.952894160
replica 1 is forwarding chunk to replica 0
replica 1 is forwarding chunk to replica 2
replica 1 is forwarding chunk to replica 3
replica 1 is forwarding chunk to replica 5
replica 1 is forwarding chunk to replica 6
replica 1 is forwarding chunk to replica 7
replica 1 is forwarding chunk to replica 8
replica 1 is forwarding chunk to replica 0
replica 1 is forwarding chunk to replica 2
replica 1 is forwarding chunk to replica 3
replica 1 is forwarding chunk to replica 5
replica 1 is forwarding chunk to replica 6
replica 1 is forwarding chunk to replica 7
replica 1 is forwarding chunk to replica 8
Decoded original proposal, time: 2022-11-28 00:56:33.443777496 +0000 UTC m=+25.710311788 header hash: [241 106 152 62 46 209 156 146 237 16 116 52 193 237 0 80 85 192 166 182 15 238 2 99 236 42 182 26 232 130 25 190]
2022-11-28T00:56:33.443Z	DEBUG	replica=1	coded-hotterstuff/consensus.go:576	received proposal	{"CURRENT VIEW": 4, "msg": "proposal", "header view": 4, "prepare view": 3, "hash": "8WqYPi7RnJLtEHQ0we0AUFXAprYP7gJj7Cq2GuiCGb4=", "parent": "cLFzFj8B5QK8hCmGW/OU2JuMGjA5BWSI/G1faUNJ6uM="}
Decoded original proposal, time: 2022-11-28 00:56:34.840079895 +0000 UTC m=+27.106614189 header hash: [241 106 152 62 46 209 156 146 237 16 116 52 193 237 0 80 85 192 166 182 15 238 2 99 236 42 182 26 232 130 25 190]
2022-11-28T00:56:34.840Z	DEBUG	replica=1	coded-hotterstuff/consensus.go:576	received proposal	{"CURRENT VIEW": 4, "msg": "proposal", "header view": 4, "prepare view": 3, "hash": "8WqYPi7RnJLtEHQ0we0AUFXAprYP7gJj7Cq2GuiCGb4=", "parent": "cLFzFj8B5QK8hCmGW/OU2JuMGjA5BWSI/G1faUNJ6uM="}
replica 1 is forwarding chunk to replica 0
replica 1 is forwarding chunk to replica 2
replica 1 is forwarding chunk to replica 3
replica 1 is forwarding chunk to replica 4
replica 1 is forwarding chunk to replica 6
replica 1 is forwarding chunk to replica 7
replica 1 is forwarding chunk to replica 8
replica 1 is forwarding chunk to replica 0
replica 1 is forwarding chunk to replica 2
replica 1 is forwarding chunk to replica 3
replica 1 is forwarding chunk to replica 4
replica 1 is forwarding chunk to replica 6
replica 1 is forwarding chunk to replica 7
replica 1 is forwarding chunk to replica 8
replica 1 is forwarding chunk to replica 0
replica 1 is forwarding chunk to replica 2
replica 1 is forwarding chunk to replica 3
replica 1 is forwarding chunk to replica 4
replica 1 is forwarding chunk to replica 6
replica 1 is forwarding chunk to replica 7
replica 1 is forwarding chunk to replica 8
Decoded original proposal, time: 2022-11-28 00:56:40.993179973 +0000 UTC m=+33.259714220 header hash: [142 10 227 234 199 14 168 203 47 218 211 136 230 41 94 109 68 52 16 5 27 142 16 70 5 23 250 1 182 25 221 148]
2022-11-28T00:56:40.993Z	DEBUG	replica=1	coded-hotterstuff/consensus.go:576	received proposal	{"CURRENT VIEW": 4, "msg": "proposal", "header view": 5, "prepare view": 3, "hash": "jgrj6scOqMsv2tOI5ilebUQ0EAUbjhBGBRf6AbYZ3ZQ=", "parent": "8WqYPi7RnJLtEHQ0we0AUFXAprYP7gJj7Cq2GuiCGb4="}
2022-11-28T00:56:41.004Z	DEBUG	replica=1	coded-hotterstuff/consensus.go:809	new block certified	{"CURRENT VIEW": 4, "view": 4, "hash": "8WqYPi7RnJLtEHQ0we0AUFXAprYP7gJj7Cq2GuiCGb4="}
2022-11-28T00:56:41.005Z	DEBUG	replica=1	coded-hotterstuff/consensus.go:520	entered new view	{"CURRENT VIEW": 5, "view timeout": 2, "timedout": false}
2022-11-28T00:56:41.005Z	DEBUG	replica=1	coded-hotterstuff/consensus.go:788	new block locked	{"CURRENT VIEW": 5, "view": 3, "hash": "cLFzFj8B5QK8hCmGW/OU2JuMGjA5BWSI/G1faUNJ6uM="}
2022-11-28T00:56:41.005Z	INFO	replica=1	coded-hotterstuff/consensus.go:797	new block commited	{"CURRENT VIEW": 5, "view": 2, "hash": "cPBdTa7qQJueFGrjnuqGleZwFBh/lhGAlUWBfCr3UKs="}
2022-11-28T00:56:41.007Z	DEBUG	replica=1	coded-hotterstuff/consensus.go:678	proposal is safe to vote on	{"CURRENT VIEW": 4, "msg": "proposal", "header view": 5, "prepare view": 3, "hash": "jgrj6scOqMsv2tOI5ilebUQ0EAUbjhBGBRf6AbYZ3ZQ=", "parent": "8WqYPi7RnJLtEHQ0we0AUFXAprYP7gJj7Cq2GuiCGb4="}
Node  1 +1 block finalized at time:  2022-11-28 00:56:41.010717711 +0000 UTC m=+33.277251946
Decoded original proposal, time: 2022-11-28 00:56:42.079209716 +0000 UTC m=+34.345744017 header hash: [142 10 227 234 199 14 168 203 47 218 211 136 230 41 94 109 68 52 16 5 27 142 16 70 5 23 250 1 182 25 221 148]
2022-11-28T00:56:42.079Z	DEBUG	replica=1	coded-hotterstuff/consensus.go:576	received proposal	{"CURRENT VIEW": 5, "msg": "proposal", "header view": 5, "prepare view": 4, "hash": "jgrj6scOqMsv2tOI5ilebUQ0EAUbjhBGBRf6AbYZ3ZQ=", "parent": "8WqYPi7RnJLtEHQ0we0AUFXAprYP7gJj7Cq2GuiCGb4="}
Decoded original proposal, time: 2022-11-28 00:56:43.175576477 +0000 UTC m=+35.442110773 header hash: [142 10 227 234 199 14 168 203 47 218 211 136 230 41 94 109 68 52 16 5 27 142 16 70 5 23 250 1 182 25 221 148]
2022-11-28T00:56:43.175Z	DEBUG	replica=1	coded-hotterstuff/consensus.go:576	received proposal	{"CURRENT VIEW": 5, "msg": "proposal", "header view": 5, "prepare view": 4, "hash": "jgrj6scOqMsv2tOI5ilebUQ0EAUbjhBGBRf6AbYZ3ZQ=", "parent": "8WqYPi7RnJLtEHQ0we0AUFXAprYP7gJj7Cq2GuiCGb4="}
replica 1 is forwarding chunk to replica 0
replica 1 is forwarding chunk to replica 2
replica 1 is forwarding chunk to replica 3
replica 1 is forwarding chunk to replica 4
replica 1 is forwarding chunk to replica 5
replica 1 is forwarding chunk to replica 7
replica 1 is forwarding chunk to replica 8
replica 1 is forwarding chunk to replica 0
replica 1 is forwarding chunk to replica 2
replica 1 is forwarding chunk to replica 3
replica 1 is forwarding chunk to replica 4
replica 1 is forwarding chunk to replica 5
replica 1 is forwarding chunk to replica 7
replica 1 is forwarding chunk to replica 8
Decoded original proposal, time: 2022-11-28 00:56:48.194488425 +0000 UTC m=+40.461022679 header hash: [144 90 124 249 42 55 49 193 182 202 159 220 172 15 148 92 178 123 123 95 139 252 214 157 36 122 219 17 149 62 178 46]
2022-11-28T00:56:48.194Z	DEBUG	replica=1	coded-hotterstuff/consensus.go:576	received proposal	{"CURRENT VIEW": 5, "msg": "proposal", "header view": 6, "prepare view": 4, "hash": "kFp8+So3McG2yp/crA+UXLJ7e1+L/NadJHrbEZU+si4=", "parent": "jgrj6scOqMsv2tOI5ilebUQ0EAUbjhBGBRf6AbYZ3ZQ="}
2022-11-28T00:56:48.204Z	DEBUG	replica=1	coded-hotterstuff/consensus.go:809	new block certified	{"CURRENT VIEW": 5, "view": 5, "hash": "jgrj6scOqMsv2tOI5ilebUQ0EAUbjhBGBRf6AbYZ3ZQ="}
2022-11-28T00:56:48.205Z	DEBUG	replica=1	coded-hotterstuff/consensus.go:520	entered new view	{"CURRENT VIEW": 6, "view timeout": 2, "timedout": false}
2022-11-28T00:56:48.205Z	DEBUG	replica=1	coded-hotterstuff/consensus.go:788	new block locked	{"CURRENT VIEW": 6, "view": 4, "hash": "8WqYPi7RnJLtEHQ0we0AUFXAprYP7gJj7Cq2GuiCGb4="}
2022-11-28T00:56:48.205Z	INFO	replica=1	coded-hotterstuff/consensus.go:797	new block commited	{"CURRENT VIEW": 6, "view": 3, "hash": "cLFzFj8B5QK8hCmGW/OU2JuMGjA5BWSI/G1faUNJ6uM="}
2022-11-28T00:56:48.206Z	DEBUG	replica=1	coded-hotterstuff/consensus.go:678	proposal is safe to vote on	{"CURRENT VIEW": 5, "msg": "proposal", "header view": 6, "prepare view": 4, "hash": "kFp8+So3McG2yp/crA+UXLJ7e1+L/NadJHrbEZU+si4=", "parent": "jgrj6scOqMsv2tOI5ilebUQ0EAUbjhBGBRf6AbYZ3ZQ="}
Node  1 +1 block finalized at time:  2022-11-28 00:56:48.208900307 +0000 UTC m=+40.475434551
replica 1 is forwarding chunk to replica 0
replica 1 is forwarding chunk to replica 2
replica 1 is forwarding chunk to replica 3
replica 1 is forwarding chunk to replica 4
replica 1 is forwarding chunk to replica 5
replica 1 is forwarding chunk to replica 7
replica 1 is forwarding chunk to replica 8
Decoded original proposal, time: 2022-11-28 00:56:50.182369576 +0000 UTC m=+42.448903824 header hash: [144 90 124 249 42 55 49 193 182 202 159 220 172 15 148 92 178 123 123 95 139 252 214 157 36 122 219 17 149 62 178 46]
2022-11-28T00:56:50.182Z	DEBUG	replica=1	coded-hotterstuff/consensus.go:576	received proposal	{"CURRENT VIEW": 6, "msg": "proposal", "header view": 6, "prepare view": 5, "hash": "kFp8+So3McG2yp/crA+UXLJ7e1+L/NadJHrbEZU+si4=", "parent": "jgrj6scOqMsv2tOI5ilebUQ0EAUbjhBGBRf6AbYZ3ZQ="}
Decoded original proposal, time: 2022-11-28 00:56:51.317918197 +0000 UTC m=+43.584452497 header hash: [144 90 124 249 42 55 49 193 182 202 159 220 172 15 148 92 178 123 123 95 139 252 214 157 36 122 219 17 149 62 178 46]
2022-11-28T00:56:51.317Z	DEBUG	replica=1	coded-hotterstuff/consensus.go:576	received proposal	{"CURRENT VIEW": 6, "msg": "proposal", "header view": 6, "prepare view": 5, "hash": "kFp8+So3McG2yp/crA+UXLJ7e1+L/NadJHrbEZU+si4=", "parent": "jgrj6scOqMsv2tOI5ilebUQ0EAUbjhBGBRf6AbYZ3ZQ="}
replica 1 is forwarding chunk to replica 0
replica 1 is forwarding chunk to replica 2
replica 1 is forwarding chunk to replica 3
replica 1 is forwarding chunk to replica 4
replica 1 is forwarding chunk to replica 5
replica 1 is forwarding chunk to replica 6
replica 1 is forwarding chunk to replica 8
Decoded original proposal, time: 2022-11-28 00:56:53.808372257 +0000 UTC m=+46.074906511 header hash: [82 186 70 5 171 170 163 31 242 237 216 214 91 95 174 96 9 56 150 120 198 10 139 98 230 188 67 131 78 157 60 15]
2022-11-28T00:56:53.808Z	DEBUG	replica=1	coded-hotterstuff/consensus.go:576	received proposal	{"CURRENT VIEW": 6, "msg": "proposal", "header view": 7, "prepare view": 5, "hash": "UrpGBauqox/y7djWW1+uYAk4lnjGCoti5rxDg06dPA8=", "parent": "kFp8+So3McG2yp/crA+UXLJ7e1+L/NadJHrbEZU+si4="}
2022-11-28T00:56:53.816Z	DEBUG	replica=1	coded-hotterstuff/consensus.go:809	new block certified	{"CURRENT VIEW": 6, "view": 6, "hash": "kFp8+So3McG2yp/crA+UXLJ7e1+L/NadJHrbEZU+si4="}
2022-11-28T00:56:53.816Z	DEBUG	replica=1	coded-hotterstuff/consensus.go:520	entered new view	{"CURRENT VIEW": 7, "view timeout": 2, "timedout": false}
2022-11-28T00:56:53.817Z	DEBUG	replica=1	coded-hotterstuff/consensus.go:788	new block locked	{"CURRENT VIEW": 7, "view": 5, "hash": "jgrj6scOqMsv2tOI5ilebUQ0EAUbjhBGBRf6AbYZ3ZQ="}
2022-11-28T00:56:53.817Z	INFO	replica=1	coded-hotterstuff/consensus.go:797	new block commited	{"CURRENT VIEW": 7, "view": 4, "hash": "8WqYPi7RnJLtEHQ0we0AUFXAprYP7gJj7Cq2GuiCGb4="}
2022-11-28T00:56:53.819Z	DEBUG	replica=1	coded-hotterstuff/consensus.go:678	proposal is safe to vote on	{"CURRENT VIEW": 6, "msg": "proposal", "header view": 7, "prepare view": 5, "hash": "UrpGBauqox/y7djWW1+uYAk4lnjGCoti5rxDg06dPA8=", "parent": "kFp8+So3McG2yp/crA+UXLJ7e1+L/NadJHrbEZU+si4="}
Node  1 +1 block finalized at time:  2022-11-28 00:56:53.822247614 +0000 UTC m=+46.088781863
replica 1 is forwarding chunk to replica 0
replica 1 is forwarding chunk to replica 2
replica 1 is forwarding chunk to replica 3
replica 1 is forwarding chunk to replica 4
replica 1 is forwarding chunk to replica 5
replica 1 is forwarding chunk to replica 6
replica 1 is forwarding chunk to replica 8
replica 1 is forwarding chunk to replica 0
replica 1 is forwarding chunk to replica 2
replica 1 is forwarding chunk to replica 3
replica 1 is forwarding chunk to replica 4
replica 1 is forwarding chunk to replica 5
replica 1 is forwarding chunk to replica 6
replica 1 is forwarding chunk to replica 8
Decoded original proposal, time: 2022-11-28 00:56:57.00690651 +0000 UTC m=+49.273440813 header hash: [82 186 70 5 171 170 163 31 242 237 216 214 91 95 174 96 9 56 150 120 198 10 139 98 230 188 67 131 78 157 60 15]
2022-11-28T00:56:57.006Z	DEBUG	replica=1	coded-hotterstuff/consensus.go:576	received proposal	{"CURRENT VIEW": 7, "msg": "proposal", "header view": 7, "prepare view": 6, "hash": "UrpGBauqox/y7djWW1+uYAk4lnjGCoti5rxDg06dPA8=", "parent": "kFp8+So3McG2yp/crA+UXLJ7e1+L/NadJHrbEZU+si4="}
Decoded original proposal, time: 2022-11-28 00:56:58.726398489 +0000 UTC m=+50.992932788 header hash: [82 186 70 5 171 170 163 31 242 237 216 214 91 95 174 96 9 56 150 120 198 10 139 98 230 188 67 131 78 157 60 15]
2022-11-28T00:56:58.726Z	DEBUG	replica=1	coded-hotterstuff/consensus.go:576	received proposal	{"CURRENT VIEW": 7, "msg": "proposal", "header view": 7, "prepare view": 6, "hash": "UrpGBauqox/y7djWW1+uYAk4lnjGCoti5rxDg06dPA8=", "parent": "kFp8+So3McG2yp/crA+UXLJ7e1+L/NadJHrbEZU+si4="}
replica 1 is forwarding chunk to replica 0
replica 1 is forwarding chunk to replica 2
replica 1 is forwarding chunk to replica 3
replica 1 is forwarding chunk to replica 4
replica 1 is forwarding chunk to replica 5
replica 1 is forwarding chunk to replica 6
replica 1 is forwarding chunk to replica 7
Decoded original proposal, time: 2022-11-28 00:57:02.62457299 +0000 UTC m=+54.891107242 header hash: [9 212 205 28 110 251 47 242 141 111 167 241 108 89 12 35 155 222 125 75 78 184 7 35 235 24 77 74 102 255 131 11]
2022-11-28T00:57:02.624Z	DEBUG	replica=1	coded-hotterstuff/consensus.go:576	received proposal	{"CURRENT VIEW": 7, "msg": "proposal", "header view": 8, "prepare view": 6, "hash": "CdTNHG77L/KNb6fxbFkMI5vefUtOuAcj6xhNSmb/gws=", "parent": "UrpGBauqox/y7djWW1+uYAk4lnjGCoti5rxDg06dPA8="}
2022-11-28T00:57:02.633Z	DEBUG	replica=1	coded-hotterstuff/consensus.go:809	new block certified	{"CURRENT VIEW": 7, "view": 7, "hash": "UrpGBauqox/y7djWW1+uYAk4lnjGCoti5rxDg06dPA8="}
2022-11-28T00:57:02.633Z	DEBUG	replica=1	coded-hotterstuff/consensus.go:520	entered new view	{"CURRENT VIEW": 8, "view timeout": 2, "timedout": false}
2022-11-28T00:57:02.633Z	DEBUG	replica=1	coded-hotterstuff/consensus.go:788	new block locked	{"CURRENT VIEW": 8, "view": 6, "hash": "kFp8+So3McG2yp/crA+UXLJ7e1+L/NadJHrbEZU+si4="}
2022-11-28T00:57:02.633Z	INFO	replica=1	coded-hotterstuff/consensus.go:797	new block commited	{"CURRENT VIEW": 8, "view": 5, "hash": "jgrj6scOqMsv2tOI5ilebUQ0EAUbjhBGBRf6AbYZ3ZQ="}
2022-11-28T00:57:02.634Z	DEBUG	replica=1	coded-hotterstuff/consensus.go:678	proposal is safe to vote on	{"CURRENT VIEW": 7, "msg": "proposal", "header view": 8, "prepare view": 6, "hash": "CdTNHG77L/KNb6fxbFkMI5vefUtOuAcj6xhNSmb/gws=", "parent": "UrpGBauqox/y7djWW1+uYAk4lnjGCoti5rxDg06dPA8="}
Node  1 +1 block finalized at time:  2022-11-28 00:57:02.636625172 +0000 UTC m=+54.903159403
replica 1 is forwarding chunk to replica 0
replica 1 is forwarding chunk to replica 2
replica 1 is forwarding chunk to replica 3
replica 1 is forwarding chunk to replica 4
replica 1 is forwarding chunk to replica 5
replica 1 is forwarding chunk to replica 6
replica 1 is forwarding chunk to replica 7
Decoded original proposal, time: 2022-11-28 00:57:04.577615405 +0000 UTC m=+56.844149658 header hash: [9 212 205 28 110 251 47 242 141 111 167 241 108 89 12 35 155 222 125 75 78 184 7 35 235 24 77 74 102 255 131 11]
2022-11-28T00:57:04.577Z	DEBUG	replica=1	coded-hotterstuff/consensus.go:576	received proposal	{"CURRENT VIEW": 8, "msg": "proposal", "header view": 8, "prepare view": 7, "hash": "CdTNHG77L/KNb6fxbFkMI5vefUtOuAcj6xhNSmb/gws=", "parent": "UrpGBauqox/y7djWW1+uYAk4lnjGCoti5rxDg06dPA8="}
replica 1 is forwarding chunk to replica 0
replica 1 is forwarding chunk to replica 2
replica 1 is forwarding chunk to replica 3
replica 1 is forwarding chunk to replica 4
replica 1 is forwarding chunk to replica 5
replica 1 is forwarding chunk to replica 6
replica 1 is forwarding chunk to replica 7
Decoded original proposal, time: 2022-11-28 00:57:05.866191756 +0000 UTC m=+58.132726052 header hash: [9 212 205 28 110 251 47 242 141 111 167 241 108 89 12 35 155 222 125 75 78 184 7 35 235 24 77 74 102 255 131 11]
2022-11-28T00:57:05.866Z	DEBUG	replica=1	coded-hotterstuff/consensus.go:576	received proposal	{"CURRENT VIEW": 8, "msg": "proposal", "header view": 8, "prepare view": 7, "hash": "CdTNHG77L/KNb6fxbFkMI5vefUtOuAcj6xhNSmb/gws=", "parent": "UrpGBauqox/y7djWW1+uYAk4lnjGCoti5rxDg06dPA8="}
replica 1 is forwarding chunk to replica 2
replica 1 is forwarding chunk to replica 3
replica 1 is forwarding chunk to replica 4
replica 1 is forwarding chunk to replica 5
replica 1 is forwarding chunk to replica 6
replica 1 is forwarding chunk to replica 7
replica 1 is forwarding chunk to replica 8
2022-11-28T00:57:10.206Z	DEBUG	replica=1	coded-hotterstuff/consensus.go:965	received vote	{"CURRENT VIEW": 8, "msg": "vote", "voter": 0, "view": 8, "hash": "S5jvF8HlmLvBxjERXgBCYm1M/GPQBuOxef9Rwa5UXRA="}
Node  1  received vote before proposal, saving vote in pending votes, hash is  [75 152 239 23 193 229 152 187 193 198 49 17 94 0 66 98 109 76 252 99 208 6 227 177 121 255 81 193 174 84 93 16]  and string is,  9
2022-11-28T00:57:10.206Z	DEBUG	replica=1	coded-hotterstuff/consensus.go:970	Received vote before proposal, key is, 9	{"CURRENT VIEW": 8}
Decoded original proposal, time: 2022-11-28 00:57:12.212649077 +0000 UTC m=+64.479183329 header hash: [75 152 239 23 193 229 152 187 193 198 49 17 94 0 66 98 109 76 252 99 208 6 227 177 121 255 81 193 174 84 93 16]
2022-11-28T00:57:12.212Z	DEBUG	replica=1	coded-hotterstuff/consensus.go:576	received proposal	{"CURRENT VIEW": 8, "msg": "proposal", "header view": 9, "prepare view": 7, "hash": "S5jvF8HlmLvBxjERXgBCYm1M/GPQBuOxef9Rwa5UXRA=", "parent": "CdTNHG77L/KNb6fxbFkMI5vefUtOuAcj6xhNSmb/gws="}
2022-11-28T00:57:12.221Z	DEBUG	replica=1	coded-hotterstuff/consensus.go:809	new block certified	{"CURRENT VIEW": 8, "view": 8, "hash": "CdTNHG77L/KNb6fxbFkMI5vefUtOuAcj6xhNSmb/gws="}
2022-11-28T00:57:12.221Z	DEBUG	replica=1	coded-hotterstuff/consensus.go:520	entered new view	{"CURRENT VIEW": 9, "view timeout": 2, "timedout": false}
2022-11-28T00:57:12.221Z	DEBUG	replica=1	coded-hotterstuff/consensus.go:535	replica is a leader for next view. collecting new-view messages	{"CURRENT VIEW": 9}
2022-11-28T00:57:12.221Z	DEBUG	replica=1	coded-hotterstuff/consensus.go:788	new block locked	{"CURRENT VIEW": 9, "view": 7, "hash": "UrpGBauqox/y7djWW1+uYAk4lnjGCoti5rxDg06dPA8="}
2022-11-28T00:57:12.221Z	INFO	replica=1	coded-hotterstuff/consensus.go:797	new block commited	{"CURRENT VIEW": 9, "view": 6, "hash": "kFp8+So3McG2yp/crA+UXLJ7e1+L/NadJHrbEZU+si4="}
2022-11-28T00:57:12.225Z	DEBUG	replica=1	coded-hotterstuff/consensus.go:678	proposal is safe to vote on	{"CURRENT VIEW": 8, "msg": "proposal", "header view": 9, "prepare view": 7, "hash": "S5jvF8HlmLvBxjERXgBCYm1M/GPQBuOxef9Rwa5UXRA=", "parent": "CdTNHG77L/KNb6fxbFkMI5vefUtOuAcj6xhNSmb/gws="}
2022-11-28T00:57:12.225Z	DEBUG	replica=1	coded-hotterstuff/consensus.go:758	Taking care of pending vote 9	{"CURRENT VIEW": 9}
2022-11-28T00:57:12.225Z	DEBUG	replica=1	coded-hotterstuff/consensus.go:965	received vote	{"CURRENT VIEW": 9, "msg": "vote", "voter": 0, "view": 9, "hash": "S5jvF8HlmLvBxjERXgBCYm1M/GPQBuOxef9Rwa5UXRA="}
2022-11-28T00:57:12.231Z	DEBUG	replica=1	coded-hotterstuff/consensus.go:965	received vote	{"CURRENT VIEW": 9, "msg": "vote", "voter": 1, "view": 9, "hash": "S5jvF8HlmLvBxjERXgBCYm1M/GPQBuOxef9Rwa5UXRA="}
Node  1 +1 block finalized at time:  2022-11-28 00:57:12.236435185 +0000 UTC m=+64.502969431
replica 1 is forwarding chunk to replica 2
replica 1 is forwarding chunk to replica 3
replica 1 is forwarding chunk to replica 4
replica 1 is forwarding chunk to replica 5
replica 1 is forwarding chunk to replica 6
replica 1 is forwarding chunk to replica 7
replica 1 is forwarding chunk to replica 8
2022-11-28T00:57:13.352Z	DEBUG	replica=1	coded-hotterstuff/consensus.go:965	received vote	{"CURRENT VIEW": 9, "msg": "vote", "voter": 2, "view": 9, "hash": "S5jvF8HlmLvBxjERXgBCYm1M/GPQBuOxef9Rwa5UXRA="}
2022-11-28T00:57:13.841Z	DEBUG	replica=1	coded-hotterstuff/consensus.go:965	received vote	{"CURRENT VIEW": 9, "msg": "vote", "voter": 4, "view": 9, "hash": "S5jvF8HlmLvBxjERXgBCYm1M/GPQBuOxef9Rwa5UXRA="}
2022-11-28T00:57:13.892Z	DEBUG	replica=1	coded-hotterstuff/consensus.go:965	received vote	{"CURRENT VIEW": 9, "msg": "vote", "voter": 3, "view": 9, "hash": "S5jvF8HlmLvBxjERXgBCYm1M/GPQBuOxef9Rwa5UXRA="}
Decoded original proposal, time: 2022-11-28 00:57:13.975627466 +0000 UTC m=+66.242161756 header hash: [75 152 239 23 193 229 152 187 193 198 49 17 94 0 66 98 109 76 252 99 208 6 227 177 121 255 81 193 174 84 93 16]
2022-11-28T00:57:13.975Z	DEBUG	replica=1	coded-hotterstuff/consensus.go:576	received proposal	{"CURRENT VIEW": 9, "msg": "proposal", "header view": 9, "prepare view": 8, "hash": "S5jvF8HlmLvBxjERXgBCYm1M/GPQBuOxef9Rwa5UXRA=", "parent": "CdTNHG77L/KNb6fxbFkMI5vefUtOuAcj6xhNSmb/gws="}
2022-11-28T00:57:14.345Z	DEBUG	replica=1	coded-hotterstuff/consensus.go:965	received vote	{"CURRENT VIEW": 9, "msg": "vote", "voter": 8, "view": 9, "hash": "S5jvF8HlmLvBxjERXgBCYm1M/GPQBuOxef9Rwa5UXRA="}
2022-11-28T00:57:14.755Z	DEBUG	replica=1	coded-hotterstuff/consensus.go:965	received vote	{"CURRENT VIEW": 9, "msg": "vote", "voter": 5, "view": 9, "hash": "S5jvF8HlmLvBxjERXgBCYm1M/GPQBuOxef9Rwa5UXRA="}
2022-11-28T00:57:14.761Z	DEBUG	replica=1	coded-hotterstuff/consensus.go:809	new block certified	{"CURRENT VIEW": 9, "view": 9, "hash": "S5jvF8HlmLvBxjERXgBCYm1M/GPQBuOxef9Rwa5UXRA="}
2022-11-28T00:57:14.761Z	DEBUG	replica=1	coded-hotterstuff/consensus.go:520	entered new view	{"CURRENT VIEW": 10, "view timeout": 2, "timedout": false}
2022-11-28T00:57:14.761Z	DEBUG	replica=1	coded-hotterstuff/consensus.go:544	replica is a leader for this view. waiting for data	{"CURRENT VIEW": 10}
2022-11-28T00:57:14.761Z	DEBUG	replica=1	coded-hotterstuff/consensus.go:520	entered new view	{"CURRENT VIEW": 10, "view timeout": 2, "timedout": false}
2022-11-28T00:57:14.761Z	DEBUG	replica=1	coded-hotterstuff/consensus.go:544	replica is a leader for this view. waiting for data	{"CURRENT VIEW": 10}
2022-11-28T00:57:14.765Z	DEBUG	replica=1	coded-hotterstuff/consensus.go:238	sending proposal	{"CURRENT VIEW": 10, "hash": "Gymi6tg4A5LZy8aiMG6k221RFpMttMcj9dlrzPCBVG4=", "parent": "S5jvF8HlmLvBxjERXgBCYm1M/GPQBuOxef9Rwa5UXRA=", "signer": 1}
2022-11-28T00:57:14.766Z	DEBUG	replica=1	coded-hotterstuff/consensus.go:576	received proposal	{"CURRENT VIEW": 10, "msg": "proposal", "header view": 10, "prepare view": 9, "hash": "Gymi6tg4A5LZy8aiMG6k221RFpMttMcj9dlrzPCBVG4=", "parent": "S5jvF8HlmLvBxjERXgBCYm1M/GPQBuOxef9Rwa5UXRA="}
2022-11-28T00:57:14.774Z	DEBUG	replica=1	coded-hotterstuff/consensus.go:788	new block locked	{"CURRENT VIEW": 10, "view": 8, "hash": "CdTNHG77L/KNb6fxbFkMI5vefUtOuAcj6xhNSmb/gws="}
2022-11-28T00:57:14.774Z	INFO	replica=1	coded-hotterstuff/consensus.go:797	new block commited	{"CURRENT VIEW": 10, "view": 7, "hash": "UrpGBauqox/y7djWW1+uYAk4lnjGCoti5rxDg06dPA8="}
2022-11-28T00:57:14.775Z	DEBUG	replica=1	coded-hotterstuff/consensus.go:678	proposal is safe to vote on	{"CURRENT VIEW": 10, "msg": "proposal", "header view": 10, "prepare view": 9, "hash": "Gymi6tg4A5LZy8aiMG6k221RFpMttMcj9dlrzPCBVG4=", "parent": "S5jvF8HlmLvBxjERXgBCYm1M/GPQBuOxef9Rwa5UXRA="}
Node  1 +1 block finalized at time:  2022-11-28 00:57:14.778335358 +0000 UTC m=+67.044869602
Decoded original proposal, time: 2022-11-28 00:57:15.043538466 +0000 UTC m=+67.310072759 header hash: [75 152 239 23 193 229 152 187 193 198 49 17 94 0 66 98 109 76 252 99 208 6 227 177 121 255 81 193 174 84 93 16]
2022-11-28T00:57:15.043Z	DEBUG	replica=1	coded-hotterstuff/consensus.go:576	received proposal	{"CURRENT VIEW": 10, "msg": "proposal", "header view": 9, "prepare view": 9, "hash": "S5jvF8HlmLvBxjERXgBCYm1M/GPQBuOxef9Rwa5UXRA=", "parent": "CdTNHG77L/KNb6fxbFkMI5vefUtOuAcj6xhNSmb/gws="}
2022-11-28T00:57:15.053Z	DEBUG	replica=1	coded-hotterstuff/consensus.go:667	proposal view doesn't match local view	{"CURRENT VIEW": 10, "msg": "proposal", "header view": 9, "prepare view": 9, "hash": "S5jvF8HlmLvBxjERXgBCYm1M/GPQBuOxef9Rwa5UXRA=", "parent": "CdTNHG77L/KNb6fxbFkMI5vefUtOuAcj6xhNSmb/gws="}
2022-11-28T00:57:15.091Z	DEBUG	replica=1	coded-hotterstuff/consensus.go:965	received vote	{"CURRENT VIEW": 10, "msg": "vote", "voter": 6, "view": 10, "hash": "S5jvF8HlmLvBxjERXgBCYm1M/GPQBuOxef9Rwa5UXRA="}
2022-11-28T00:57:15.097Z	DEBUG	replica=1	coded-hotterstuff/consensus.go:520	entered new view	{"CURRENT VIEW": 10, "view timeout": 2, "timedout": false}
2022-11-28T00:57:15.097Z	DEBUG	replica=1	coded-hotterstuff/consensus.go:544	replica is a leader for this view. waiting for data	{"CURRENT VIEW": 10}
2022-11-28T00:57:15.101Z	DEBUG	replica=1	coded-hotterstuff/consensus.go:238	sending proposal	{"CURRENT VIEW": 10, "hash": "Gymi6tg4A5LZy8aiMG6k221RFpMttMcj9dlrzPCBVG4=", "parent": "S5jvF8HlmLvBxjERXgBCYm1M/GPQBuOxef9Rwa5UXRA=", "signer": 1}
2022-11-28T00:57:15.102Z	DEBUG	replica=1	coded-hotterstuff/consensus.go:576	received proposal	{"CURRENT VIEW": 10, "msg": "proposal", "header view": 10, "prepare view": 9, "hash": "Gymi6tg4A5LZy8aiMG6k221RFpMttMcj9dlrzPCBVG4=", "parent": "S5jvF8HlmLvBxjERXgBCYm1M/GPQBuOxef9Rwa5UXRA="}
replica 1 is forwarding chunk to replica 2
replica 1 is forwarding chunk to replica 3
replica 1 is forwarding chunk to replica 4
replica 1 is forwarding chunk to replica 5
replica 1 is forwarding chunk to replica 6
replica 1 is forwarding chunk to replica 7
replica 1 is forwarding chunk to replica 8
2022-11-28T00:57:16.554Z	DEBUG	replica=1	coded-hotterstuff/consensus.go:965	received vote	{"CURRENT VIEW": 10, "msg": "vote", "voter": 7, "view": 10, "hash": "S5jvF8HlmLvBxjERXgBCYm1M/GPQBuOxef9Rwa5UXRA="}
2022-11-28T00:57:16.560Z	DEBUG	replica=1	coded-hotterstuff/consensus.go:520	entered new view	{"CURRENT VIEW": 10, "view timeout": 2, "timedout": false}
2022-11-28T00:57:16.560Z	DEBUG	replica=1	coded-hotterstuff/consensus.go:544	replica is a leader for this view. waiting for data	{"CURRENT VIEW": 10}
2022-11-28T00:57:16.563Z	DEBUG	replica=1	coded-hotterstuff/consensus.go:238	sending proposal	{"CURRENT VIEW": 10, "hash": "Gymi6tg4A5LZy8aiMG6k221RFpMttMcj9dlrzPCBVG4=", "parent": "S5jvF8HlmLvBxjERXgBCYm1M/GPQBuOxef9Rwa5UXRA=", "signer": 1}
2022-11-28T00:57:16.564Z	DEBUG	replica=1	coded-hotterstuff/consensus.go:576	received proposal	{"CURRENT VIEW": 10, "msg": "proposal", "header view": 10, "prepare view": 9, "hash": "Gymi6tg4A5LZy8aiMG6k221RFpMttMcj9dlrzPCBVG4=", "parent": "S5jvF8HlmLvBxjERXgBCYm1M/GPQBuOxef9Rwa5UXRA="}
replica 1 is forwarding chunk to replica 0
replica 1 is forwarding chunk to replica 3
replica 1 is forwarding chunk to replica 4
replica 1 is forwarding chunk to replica 5
replica 1 is forwarding chunk to replica 6
replica 1 is forwarding chunk to replica 7
replica 1 is forwarding chunk to replica 8
replica 1 is forwarding chunk to replica 0
replica 1 is forwarding chunk to replica 3
replica 1 is forwarding chunk to replica 4
replica 1 is forwarding chunk to replica 5
replica 1 is forwarding chunk to replica 6
replica 1 is forwarding chunk to replica 7
replica 1 is forwarding chunk to replica 8
replica 1 is forwarding chunk to replica 0
replica 1 is forwarding chunk to replica 3
replica 1 is forwarding chunk to replica 4
replica 1 is forwarding chunk to replica 5
replica 1 is forwarding chunk to replica 6
replica 1 is forwarding chunk to replica 7
replica 1 is forwarding chunk to replica 8
