Node index: 4
[10.0.1.0:9000 10.0.1.2:9001 10.0.1.4:9002 10.0.1.6:9003 10.0.1.8:9004 10.0.1.10:9005 10.0.1.12:9006 10.0.1.14:9007 10.0.1.16:9008]
node 4 initiating connection to 10.0.1.0:9000
node 4 successfully initiated connection to 10.0.1.0:9000
node 4 initiating connection to 10.0.1.2:9001
node 4 successfully initiated connection to 10.0.1.2:9001
node 4 initiating connection to 10.0.1.4:9002
node 4 successfully initiated connection to 10.0.1.4:9002
node 4 initiating connection to 10.0.1.6:9003
node 4 successfully initiated connection to 10.0.1.6:9003
connection established 4 - 8
Node  4 -->  Listening for messages... 
connection established 4 - 6
Node  4 -->  Listening for messages... 
connection established 4 - 5
Node  4 -->  Listening for messages... 
connection established 4 - 7
Node  4 -->  Listening for messages... 
connection established 4 - 3
connection established 4 - 0
Node  4 -->  Listening for messages... 
Node  4 -->  Listening for messages... 
connection established 4 - 2
Node  4 -->  Listening for messages... 
connection established 4 - 1
Node  4 -->  Listening for messages... 
2022-11-28T17:52:58.272Z	DEBUG	replica=4	coded-hotterstuff/consensus.go:520	entered new view	{"CURRENT VIEW": 1, "view timeout": 2, "timedout": false}
replica 4 is forwarding chunk to replica 0
replica 4 is forwarding chunk to replica 2
replica 4 is forwarding chunk to replica 3
replica 4 is forwarding chunk to replica 5
replica 4 is forwarding chunk to replica 6
replica 4 is forwarding chunk to replica 7
replica 4 is forwarding chunk to replica 8
Decoded original proposal, time: 2022-11-28 17:53:02.328907922 +0000 UTC m=+4.191129518 header hash: [72 160 180 233 149 231 108 139 103 97 149 83 197 114 214 128 107 110 76 231 61 205 42 18 190 82 86 133 4 78 235 255]
2022-11-28T17:53:02.328Z	DEBUG	replica=4	coded-hotterstuff/consensus.go:576	received proposal	{"CURRENT VIEW": 1, "msg": "proposal", "header view": 1, "prepare view": 0, "hash": "SKC06ZXnbItnYZVTxXLWgGtuTOc9zSoSvlJWhQRO6/8=", "parent": "GZWDhiYW+ib6TpJWRLDOftUd8y8ovAaEerQWDbefS7c="}
2022-11-28T17:53:02.337Z	DEBUG	replica=4	coded-hotterstuff/consensus.go:777	could not find gparent header	{"CURRENT VIEW": 1, "view": 0, "hash": "GZWDhiYW+ib6TpJWRLDOftUd8y8ovAaEerQWDbefS7c="}
2022-11-28T17:53:02.339Z	DEBUG	replica=4	coded-hotterstuff/consensus.go:678	proposal is safe to vote on	{"CURRENT VIEW": 1, "msg": "proposal", "header view": 1, "prepare view": 0, "hash": "SKC06ZXnbItnYZVTxXLWgGtuTOc9zSoSvlJWhQRO6/8=", "parent": "GZWDhiYW+ib6TpJWRLDOftUd8y8ovAaEerQWDbefS7c="}
replica 4 is forwarding chunk to replica 0
replica 4 is forwarding chunk to replica 1
replica 4 is forwarding chunk to replica 3
replica 4 is forwarding chunk to replica 5
replica 4 is forwarding chunk to replica 6
replica 4 is forwarding chunk to replica 7
replica 4 is forwarding chunk to replica 8
replica 4 is forwarding chunk to replica 0
replica 4 is forwarding chunk to replica 1
replica 4 is forwarding chunk to replica 3
replica 4 is forwarding chunk to replica 5
replica 4 is forwarding chunk to replica 6
replica 4 is forwarding chunk to replica 7
replica 4 is forwarding chunk to replica 8
Decoded original proposal, time: 2022-11-28 17:53:07.206182386 +0000 UTC m=+9.068404087 header hash: [112 240 93 77 174 234 64 155 158 20 106 227 158 234 134 149 230 112 20 24 127 150 17 128 149 69 129 124 42 247 80 171]
2022-11-28T17:53:07.206Z	DEBUG	replica=4	coded-hotterstuff/consensus.go:576	received proposal	{"CURRENT VIEW": 1, "msg": "proposal", "header view": 2, "prepare view": 0, "hash": "cPBdTa7qQJueFGrjnuqGleZwFBh/lhGAlUWBfCr3UKs=", "parent": "SKC06ZXnbItnYZVTxXLWgGtuTOc9zSoSvlJWhQRO6/8="}
2022-11-28T17:53:07.214Z	DEBUG	replica=4	coded-hotterstuff/consensus.go:809	new block certified	{"CURRENT VIEW": 1, "view": 1, "hash": "SKC06ZXnbItnYZVTxXLWgGtuTOc9zSoSvlJWhQRO6/8="}
2022-11-28T17:53:07.214Z	DEBUG	replica=4	coded-hotterstuff/consensus.go:520	entered new view	{"CURRENT VIEW": 2, "view timeout": 2, "timedout": false}
2022-11-28T17:53:07.214Z	DEBUG	replica=4	coded-hotterstuff/consensus.go:782	could not find ggparent header	{"CURRENT VIEW": 2, "view": 0, "hash": "GZWDhiYW+ib6TpJWRLDOftUd8y8ovAaEerQWDbefS7c="}
2022-11-28T17:53:07.216Z	DEBUG	replica=4	coded-hotterstuff/consensus.go:678	proposal is safe to vote on	{"CURRENT VIEW": 1, "msg": "proposal", "header view": 2, "prepare view": 0, "hash": "cPBdTa7qQJueFGrjnuqGleZwFBh/lhGAlUWBfCr3UKs=", "parent": "SKC06ZXnbItnYZVTxXLWgGtuTOc9zSoSvlJWhQRO6/8="}
replica 4 is forwarding chunk to replica 0
replica 4 is forwarding chunk to replica 1
replica 4 is forwarding chunk to replica 3
replica 4 is forwarding chunk to replica 5
replica 4 is forwarding chunk to replica 6
replica 4 is forwarding chunk to replica 7
replica 4 is forwarding chunk to replica 8
Decoded original proposal, time: 2022-11-28 17:53:08.86598618 +0000 UTC m=+10.728207820 header hash: [112 240 93 77 174 234 64 155 158 20 106 227 158 234 134 149 230 112 20 24 127 150 17 128 149 69 129 124 42 247 80 171]
2022-11-28T17:53:08.866Z	DEBUG	replica=4	coded-hotterstuff/consensus.go:576	received proposal	{"CURRENT VIEW": 2, "msg": "proposal", "header view": 2, "prepare view": 1, "hash": "cPBdTa7qQJueFGrjnuqGleZwFBh/lhGAlUWBfCr3UKs=", "parent": "SKC06ZXnbItnYZVTxXLWgGtuTOc9zSoSvlJWhQRO6/8="}
2022-11-28T17:53:08.874Z	DEBUG	replica=4	coded-hotterstuff/consensus.go:782	could not find ggparent header	{"CURRENT VIEW": 2, "view": 0, "hash": "GZWDhiYW+ib6TpJWRLDOftUd8y8ovAaEerQWDbefS7c="}
Decoded original proposal, time: 2022-11-28 17:53:10.035135391 +0000 UTC m=+11.897356984 header hash: [112 240 93 77 174 234 64 155 158 20 106 227 158 234 134 149 230 112 20 24 127 150 17 128 149 69 129 124 42 247 80 171]
2022-11-28T17:53:10.035Z	DEBUG	replica=4	coded-hotterstuff/consensus.go:576	received proposal	{"CURRENT VIEW": 2, "msg": "proposal", "header view": 2, "prepare view": 1, "hash": "cPBdTa7qQJueFGrjnuqGleZwFBh/lhGAlUWBfCr3UKs=", "parent": "SKC06ZXnbItnYZVTxXLWgGtuTOc9zSoSvlJWhQRO6/8="}
2022-11-28T17:53:10.045Z	DEBUG	replica=4	coded-hotterstuff/consensus.go:782	could not find ggparent header	{"CURRENT VIEW": 2, "view": 0, "hash": "GZWDhiYW+ib6TpJWRLDOftUd8y8ovAaEerQWDbefS7c="}
replica 4 is forwarding chunk to replica 0
replica 4 is forwarding chunk to replica 1
replica 4 is forwarding chunk to replica 2
replica 4 is forwarding chunk to replica 5
replica 4 is forwarding chunk to replica 6
replica 4 is forwarding chunk to replica 7
replica 4 is forwarding chunk to replica 8
2022-11-28T17:53:12.183Z	DEBUG	replica=4	coded-hotterstuff/consensus.go:965	received vote	{"CURRENT VIEW": 2, "msg": "vote", "voter": 3, "view": 2, "hash": "cLFzFj8B5QK8hCmGW/OU2JuMGjA5BWSI/G1faUNJ6uM="}
Node  4  received vote before proposal, saving vote in pending votes, hash is  [112 177 115 22 63 1 229 2 188 132 41 134 91 243 148 216 155 140 26 48 57 5 100 136 252 109 95 105 67 73 234 227]  and string is,  3
2022-11-28T17:53:12.183Z	DEBUG	replica=4	coded-hotterstuff/consensus.go:970	Received vote before proposal, key is, 3	{"CURRENT VIEW": 2}
replica 4 is forwarding chunk to replica 0
replica 4 is forwarding chunk to replica 1
replica 4 is forwarding chunk to replica 2
replica 4 is forwarding chunk to replica 5
replica 4 is forwarding chunk to replica 6
replica 4 is forwarding chunk to replica 7
replica 4 is forwarding chunk to replica 8
Decoded original proposal, time: 2022-11-28 17:53:15.267295691 +0000 UTC m=+17.129517345 header hash: [112 177 115 22 63 1 229 2 188 132 41 134 91 243 148 216 155 140 26 48 57 5 100 136 252 109 95 105 67 73 234 227]
2022-11-28T17:53:15.267Z	DEBUG	replica=4	coded-hotterstuff/consensus.go:576	received proposal	{"CURRENT VIEW": 2, "msg": "proposal", "header view": 3, "prepare view": 1, "hash": "cLFzFj8B5QK8hCmGW/OU2JuMGjA5BWSI/G1faUNJ6uM=", "parent": "cPBdTa7qQJueFGrjnuqGleZwFBh/lhGAlUWBfCr3UKs="}
2022-11-28T17:53:15.276Z	DEBUG	replica=4	coded-hotterstuff/consensus.go:809	new block certified	{"CURRENT VIEW": 2, "view": 2, "hash": "cPBdTa7qQJueFGrjnuqGleZwFBh/lhGAlUWBfCr3UKs="}
2022-11-28T17:53:15.276Z	DEBUG	replica=4	coded-hotterstuff/consensus.go:520	entered new view	{"CURRENT VIEW": 3, "view timeout": 2, "timedout": false}
2022-11-28T17:53:15.276Z	DEBUG	replica=4	coded-hotterstuff/consensus.go:535	replica is a leader for next view. collecting new-view messages	{"CURRENT VIEW": 3}
2022-11-28T17:53:15.276Z	DEBUG	replica=4	coded-hotterstuff/consensus.go:788	new block locked	{"CURRENT VIEW": 3, "view": 1, "hash": "SKC06ZXnbItnYZVTxXLWgGtuTOc9zSoSvlJWhQRO6/8="}
2022-11-28T17:53:15.281Z	DEBUG	replica=4	coded-hotterstuff/consensus.go:678	proposal is safe to vote on	{"CURRENT VIEW": 2, "msg": "proposal", "header view": 3, "prepare view": 1, "hash": "cLFzFj8B5QK8hCmGW/OU2JuMGjA5BWSI/G1faUNJ6uM=", "parent": "cPBdTa7qQJueFGrjnuqGleZwFBh/lhGAlUWBfCr3UKs="}
2022-11-28T17:53:15.281Z	DEBUG	replica=4	coded-hotterstuff/consensus.go:758	Taking care of pending vote 3	{"CURRENT VIEW": 3}
2022-11-28T17:53:15.281Z	DEBUG	replica=4	coded-hotterstuff/consensus.go:965	received vote	{"CURRENT VIEW": 3, "msg": "vote", "voter": 3, "view": 3, "hash": "cLFzFj8B5QK8hCmGW/OU2JuMGjA5BWSI/G1faUNJ6uM="}
2022-11-28T17:53:15.292Z	DEBUG	replica=4	coded-hotterstuff/consensus.go:965	received vote	{"CURRENT VIEW": 3, "msg": "vote", "voter": 4, "view": 3, "hash": "cLFzFj8B5QK8hCmGW/OU2JuMGjA5BWSI/G1faUNJ6uM="}
2022-11-28T17:53:16.067Z	DEBUG	replica=4	coded-hotterstuff/consensus.go:965	received vote	{"CURRENT VIEW": 3, "msg": "vote", "voter": 1, "view": 3, "hash": "cLFzFj8B5QK8hCmGW/OU2JuMGjA5BWSI/G1faUNJ6uM="}
2022-11-28T17:53:16.081Z	DEBUG	replica=4	coded-hotterstuff/consensus.go:965	received vote	{"CURRENT VIEW": 3, "msg": "vote", "voter": 5, "view": 3, "hash": "cLFzFj8B5QK8hCmGW/OU2JuMGjA5BWSI/G1faUNJ6uM="}
2022-11-28T17:53:16.569Z	DEBUG	replica=4	coded-hotterstuff/consensus.go:965	received vote	{"CURRENT VIEW": 3, "msg": "vote", "voter": 2, "view": 3, "hash": "cLFzFj8B5QK8hCmGW/OU2JuMGjA5BWSI/G1faUNJ6uM="}
replica 4 is forwarding chunk to replica 0
replica 4 is forwarding chunk to replica 1
replica 4 is forwarding chunk to replica 2
replica 4 is forwarding chunk to replica 5
replica 4 is forwarding chunk to replica 6
replica 4 is forwarding chunk to replica 7
replica 4 is forwarding chunk to replica 8
2022-11-28T17:53:16.727Z	DEBUG	replica=4	coded-hotterstuff/consensus.go:965	received vote	{"CURRENT VIEW": 3, "msg": "vote", "voter": 6, "view": 3, "hash": "cLFzFj8B5QK8hCmGW/OU2JuMGjA5BWSI/G1faUNJ6uM="}
Decoded original proposal, time: 2022-11-28 17:53:16.791726805 +0000 UTC m=+18.653948391 header hash: [112 177 115 22 63 1 229 2 188 132 41 134 91 243 148 216 155 140 26 48 57 5 100 136 252 109 95 105 67 73 234 227]
2022-11-28T17:53:16.791Z	DEBUG	replica=4	coded-hotterstuff/consensus.go:576	received proposal	{"CURRENT VIEW": 3, "msg": "proposal", "header view": 3, "prepare view": 2, "hash": "cLFzFj8B5QK8hCmGW/OU2JuMGjA5BWSI/G1faUNJ6uM=", "parent": "cPBdTa7qQJueFGrjnuqGleZwFBh/lhGAlUWBfCr3UKs="}
2022-11-28T17:53:16.805Z	DEBUG	replica=4	coded-hotterstuff/consensus.go:965	received vote	{"CURRENT VIEW": 3, "msg": "vote", "voter": 0, "view": 3, "hash": "cLFzFj8B5QK8hCmGW/OU2JuMGjA5BWSI/G1faUNJ6uM="}
2022-11-28T17:53:16.812Z	DEBUG	replica=4	coded-hotterstuff/consensus.go:809	new block certified	{"CURRENT VIEW": 3, "view": 3, "hash": "cLFzFj8B5QK8hCmGW/OU2JuMGjA5BWSI/G1faUNJ6uM="}
2022-11-28T17:53:16.813Z	DEBUG	replica=4	coded-hotterstuff/consensus.go:520	entered new view	{"CURRENT VIEW": 4, "view timeout": 2, "timedout": false}
2022-11-28T17:53:16.813Z	DEBUG	replica=4	coded-hotterstuff/consensus.go:544	replica is a leader for this view. waiting for data	{"CURRENT VIEW": 4}
2022-11-28T17:53:16.813Z	DEBUG	replica=4	coded-hotterstuff/consensus.go:520	entered new view	{"CURRENT VIEW": 4, "view timeout": 2, "timedout": false}
2022-11-28T17:53:16.813Z	DEBUG	replica=4	coded-hotterstuff/consensus.go:544	replica is a leader for this view. waiting for data	{"CURRENT VIEW": 4}
2022-11-28T17:53:16.817Z	DEBUG	replica=4	coded-hotterstuff/consensus.go:238	sending proposal	{"CURRENT VIEW": 4, "hash": "8WqYPi7RnJLtEHQ0we0AUFXAprYP7gJj7Cq2GuiCGb4=", "parent": "cLFzFj8B5QK8hCmGW/OU2JuMGjA5BWSI/G1faUNJ6uM=", "signer": 4}
2022-11-28T17:53:16.818Z	DEBUG	replica=4	coded-hotterstuff/consensus.go:576	received proposal	{"CURRENT VIEW": 4, "msg": "proposal", "header view": 4, "prepare view": 3, "hash": "8WqYPi7RnJLtEHQ0we0AUFXAprYP7gJj7Cq2GuiCGb4=", "parent": "cLFzFj8B5QK8hCmGW/OU2JuMGjA5BWSI/G1faUNJ6uM="}
2022-11-28T17:53:16.828Z	DEBUG	replica=4	coded-hotterstuff/consensus.go:788	new block locked	{"CURRENT VIEW": 4, "view": 2, "hash": "cPBdTa7qQJueFGrjnuqGleZwFBh/lhGAlUWBfCr3UKs="}
2022-11-28T17:53:16.828Z	INFO	replica=4	coded-hotterstuff/consensus.go:797	new block commited	{"CURRENT VIEW": 4, "view": 1, "hash": "SKC06ZXnbItnYZVTxXLWgGtuTOc9zSoSvlJWhQRO6/8="}
2022-11-28T17:53:16.830Z	DEBUG	replica=4	coded-hotterstuff/consensus.go:678	proposal is safe to vote on	{"CURRENT VIEW": 4, "msg": "proposal", "header view": 4, "prepare view": 3, "hash": "8WqYPi7RnJLtEHQ0we0AUFXAprYP7gJj7Cq2GuiCGb4=", "parent": "cLFzFj8B5QK8hCmGW/OU2JuMGjA5BWSI/G1faUNJ6uM="}
Node  4 +1 block finalized at time:  2022-11-28 17:53:16.833335592 +0000 UTC m=+18.695557182
2022-11-28T17:53:17.279Z	DEBUG	replica=4	coded-hotterstuff/consensus.go:965	received vote	{"CURRENT VIEW": 4, "msg": "vote", "voter": 7, "view": 4, "hash": "cLFzFj8B5QK8hCmGW/OU2JuMGjA5BWSI/G1faUNJ6uM="}
2022-11-28T17:53:17.286Z	DEBUG	replica=4	coded-hotterstuff/consensus.go:520	entered new view	{"CURRENT VIEW": 4, "view timeout": 2, "timedout": false}
2022-11-28T17:53:17.286Z	DEBUG	replica=4	coded-hotterstuff/consensus.go:544	replica is a leader for this view. waiting for data	{"CURRENT VIEW": 4}
2022-11-28T17:53:17.290Z	DEBUG	replica=4	coded-hotterstuff/consensus.go:238	sending proposal	{"CURRENT VIEW": 4, "hash": "8WqYPi7RnJLtEHQ0we0AUFXAprYP7gJj7Cq2GuiCGb4=", "parent": "cLFzFj8B5QK8hCmGW/OU2JuMGjA5BWSI/G1faUNJ6uM=", "signer": 4}
2022-11-28T17:53:17.291Z	DEBUG	replica=4	coded-hotterstuff/consensus.go:576	received proposal	{"CURRENT VIEW": 4, "msg": "proposal", "header view": 4, "prepare view": 3, "hash": "8WqYPi7RnJLtEHQ0we0AUFXAprYP7gJj7Cq2GuiCGb4=", "parent": "cLFzFj8B5QK8hCmGW/OU2JuMGjA5BWSI/G1faUNJ6uM="}
Decoded original proposal, time: 2022-11-28 17:53:19.104635057 +0000 UTC m=+20.966856694 header hash: [112 177 115 22 63 1 229 2 188 132 41 134 91 243 148 216 155 140 26 48 57 5 100 136 252 109 95 105 67 73 234 227]
2022-11-28T17:53:19.104Z	DEBUG	replica=4	coded-hotterstuff/consensus.go:576	received proposal	{"CURRENT VIEW": 4, "msg": "proposal", "header view": 3, "prepare view": 3, "hash": "cLFzFj8B5QK8hCmGW/OU2JuMGjA5BWSI/G1faUNJ6uM=", "parent": "cPBdTa7qQJueFGrjnuqGleZwFBh/lhGAlUWBfCr3UKs="}
2022-11-28T17:53:19.114Z	DEBUG	replica=4	coded-hotterstuff/consensus.go:667	proposal view doesn't match local view	{"CURRENT VIEW": 4, "msg": "proposal", "header view": 3, "prepare view": 3, "hash": "cLFzFj8B5QK8hCmGW/OU2JuMGjA5BWSI/G1faUNJ6uM=", "parent": "cPBdTa7qQJueFGrjnuqGleZwFBh/lhGAlUWBfCr3UKs="}
2022-11-28T17:53:19.114Z	DEBUG	replica=4	coded-hotterstuff/consensus.go:965	received vote	{"CURRENT VIEW": 4, "msg": "vote", "voter": 8, "view": 4, "hash": "cLFzFj8B5QK8hCmGW/OU2JuMGjA5BWSI/G1faUNJ6uM="}
2022-11-28T17:53:19.121Z	DEBUG	replica=4	coded-hotterstuff/consensus.go:520	entered new view	{"CURRENT VIEW": 4, "view timeout": 2, "timedout": false}
2022-11-28T17:53:19.121Z	DEBUG	replica=4	coded-hotterstuff/consensus.go:544	replica is a leader for this view. waiting for data	{"CURRENT VIEW": 4}
2022-11-28T17:53:19.126Z	DEBUG	replica=4	coded-hotterstuff/consensus.go:238	sending proposal	{"CURRENT VIEW": 4, "hash": "8WqYPi7RnJLtEHQ0we0AUFXAprYP7gJj7Cq2GuiCGb4=", "parent": "cLFzFj8B5QK8hCmGW/OU2JuMGjA5BWSI/G1faUNJ6uM=", "signer": 4}
2022-11-28T17:53:19.126Z	DEBUG	replica=4	coded-hotterstuff/consensus.go:576	received proposal	{"CURRENT VIEW": 4, "msg": "proposal", "header view": 4, "prepare view": 3, "hash": "8WqYPi7RnJLtEHQ0we0AUFXAprYP7gJj7Cq2GuiCGb4=", "parent": "cLFzFj8B5QK8hCmGW/OU2JuMGjA5BWSI/G1faUNJ6uM="}
replica 4 is forwarding chunk to replica 0
replica 4 is forwarding chunk to replica 1
replica 4 is forwarding chunk to replica 2
replica 4 is forwarding chunk to replica 3
replica 4 is forwarding chunk to replica 6
replica 4 is forwarding chunk to replica 7
replica 4 is forwarding chunk to replica 8
replica 4 is forwarding chunk to replica 0
replica 4 is forwarding chunk to replica 1
replica 4 is forwarding chunk to replica 2
replica 4 is forwarding chunk to replica 3
replica 4 is forwarding chunk to replica 6
replica 4 is forwarding chunk to replica 7
replica 4 is forwarding chunk to replica 8
Decoded original proposal, time: 2022-11-28 17:53:29.116889947 +0000 UTC m=+30.979111586 header hash: [142 10 227 234 199 14 168 203 47 218 211 136 230 41 94 109 68 52 16 5 27 142 16 70 5 23 250 1 182 25 221 148]
2022-11-28T17:53:29.116Z	DEBUG	replica=4	coded-hotterstuff/consensus.go:576	received proposal	{"CURRENT VIEW": 4, "msg": "proposal", "header view": 5, "prepare view": 3, "hash": "jgrj6scOqMsv2tOI5ilebUQ0EAUbjhBGBRf6AbYZ3ZQ=", "parent": "8WqYPi7RnJLtEHQ0we0AUFXAprYP7gJj7Cq2GuiCGb4="}
2022-11-28T17:53:29.128Z	DEBUG	replica=4	coded-hotterstuff/consensus.go:809	new block certified	{"CURRENT VIEW": 4, "view": 4, "hash": "8WqYPi7RnJLtEHQ0we0AUFXAprYP7gJj7Cq2GuiCGb4="}
2022-11-28T17:53:29.128Z	DEBUG	replica=4	coded-hotterstuff/consensus.go:520	entered new view	{"CURRENT VIEW": 5, "view timeout": 2, "timedout": false}
2022-11-28T17:53:29.128Z	DEBUG	replica=4	coded-hotterstuff/consensus.go:788	new block locked	{"CURRENT VIEW": 5, "view": 3, "hash": "cLFzFj8B5QK8hCmGW/OU2JuMGjA5BWSI/G1faUNJ6uM="}
2022-11-28T17:53:29.128Z	INFO	replica=4	coded-hotterstuff/consensus.go:797	new block commited	{"CURRENT VIEW": 5, "view": 2, "hash": "cPBdTa7qQJueFGrjnuqGleZwFBh/lhGAlUWBfCr3UKs="}
2022-11-28T17:53:29.130Z	DEBUG	replica=4	coded-hotterstuff/consensus.go:678	proposal is safe to vote on	{"CURRENT VIEW": 4, "msg": "proposal", "header view": 5, "prepare view": 3, "hash": "jgrj6scOqMsv2tOI5ilebUQ0EAUbjhBGBRf6AbYZ3ZQ=", "parent": "8WqYPi7RnJLtEHQ0we0AUFXAprYP7gJj7Cq2GuiCGb4="}
Node  4 +1 block finalized at time:  2022-11-28 17:53:29.13421155 +0000 UTC m=+30.996433136
replica 4 is forwarding chunk to replica 0
replica 4 is forwarding chunk to replica 1
replica 4 is forwarding chunk to replica 2
replica 4 is forwarding chunk to replica 3
replica 4 is forwarding chunk to replica 6
replica 4 is forwarding chunk to replica 7
replica 4 is forwarding chunk to replica 8
Decoded original proposal, time: 2022-11-28 17:53:32.445482642 +0000 UTC m=+34.307704236 header hash: [142 10 227 234 199 14 168 203 47 218 211 136 230 41 94 109 68 52 16 5 27 142 16 70 5 23 250 1 182 25 221 148]
2022-11-28T17:53:32.445Z	DEBUG	replica=4	coded-hotterstuff/consensus.go:576	received proposal	{"CURRENT VIEW": 5, "msg": "proposal", "header view": 5, "prepare view": 4, "hash": "jgrj6scOqMsv2tOI5ilebUQ0EAUbjhBGBRf6AbYZ3ZQ=", "parent": "8WqYPi7RnJLtEHQ0we0AUFXAprYP7gJj7Cq2GuiCGb4="}
Decoded original proposal, time: 2022-11-28 17:53:33.289005734 +0000 UTC m=+35.151227370 header hash: [142 10 227 234 199 14 168 203 47 218 211 136 230 41 94 109 68 52 16 5 27 142 16 70 5 23 250 1 182 25 221 148]
2022-11-28T17:53:33.289Z	DEBUG	replica=4	coded-hotterstuff/consensus.go:576	received proposal	{"CURRENT VIEW": 5, "msg": "proposal", "header view": 5, "prepare view": 4, "hash": "jgrj6scOqMsv2tOI5ilebUQ0EAUbjhBGBRf6AbYZ3ZQ=", "parent": "8WqYPi7RnJLtEHQ0we0AUFXAprYP7gJj7Cq2GuiCGb4="}
replica 4 is forwarding chunk to replica 0
replica 4 is forwarding chunk to replica 1
replica 4 is forwarding chunk to replica 2
replica 4 is forwarding chunk to replica 3
replica 4 is forwarding chunk to replica 5
replica 4 is forwarding chunk to replica 7
replica 4 is forwarding chunk to replica 8
replica 4 is forwarding chunk to replica 0
replica 4 is forwarding chunk to replica 1
replica 4 is forwarding chunk to replica 2
replica 4 is forwarding chunk to replica 3
replica 4 is forwarding chunk to replica 5
replica 4 is forwarding chunk to replica 7
replica 4 is forwarding chunk to replica 8
Decoded original proposal, time: 2022-11-28 17:53:38.747064376 +0000 UTC m=+40.609286012 header hash: [144 90 124 249 42 55 49 193 182 202 159 220 172 15 148 92 178 123 123 95 139 252 214 157 36 122 219 17 149 62 178 46]
2022-11-28T17:53:38.747Z	DEBUG	replica=4	coded-hotterstuff/consensus.go:576	received proposal	{"CURRENT VIEW": 5, "msg": "proposal", "header view": 6, "prepare view": 4, "hash": "kFp8+So3McG2yp/crA+UXLJ7e1+L/NadJHrbEZU+si4=", "parent": "jgrj6scOqMsv2tOI5ilebUQ0EAUbjhBGBRf6AbYZ3ZQ="}
2022-11-28T17:53:38.756Z	DEBUG	replica=4	coded-hotterstuff/consensus.go:809	new block certified	{"CURRENT VIEW": 5, "view": 5, "hash": "jgrj6scOqMsv2tOI5ilebUQ0EAUbjhBGBRf6AbYZ3ZQ="}
2022-11-28T17:53:38.756Z	DEBUG	replica=4	coded-hotterstuff/consensus.go:520	entered new view	{"CURRENT VIEW": 6, "view timeout": 2, "timedout": false}
2022-11-28T17:53:38.756Z	DEBUG	replica=4	coded-hotterstuff/consensus.go:788	new block locked	{"CURRENT VIEW": 6, "view": 4, "hash": "8WqYPi7RnJLtEHQ0we0AUFXAprYP7gJj7Cq2GuiCGb4="}
2022-11-28T17:53:38.756Z	INFO	replica=4	coded-hotterstuff/consensus.go:797	new block commited	{"CURRENT VIEW": 6, "view": 3, "hash": "cLFzFj8B5QK8hCmGW/OU2JuMGjA5BWSI/G1faUNJ6uM="}
2022-11-28T17:53:38.757Z	DEBUG	replica=4	coded-hotterstuff/consensus.go:678	proposal is safe to vote on	{"CURRENT VIEW": 5, "msg": "proposal", "header view": 6, "prepare view": 4, "hash": "kFp8+So3McG2yp/crA+UXLJ7e1+L/NadJHrbEZU+si4=", "parent": "jgrj6scOqMsv2tOI5ilebUQ0EAUbjhBGBRf6AbYZ3ZQ="}
Node  4 +1 block finalized at time:  2022-11-28 17:53:38.760741434 +0000 UTC m=+40.622963018
replica 4 is forwarding chunk to replica 0
replica 4 is forwarding chunk to replica 1
replica 4 is forwarding chunk to replica 2
replica 4 is forwarding chunk to replica 3
replica 4 is forwarding chunk to replica 5
replica 4 is forwarding chunk to replica 7
replica 4 is forwarding chunk to replica 8
Decoded original proposal, time: 2022-11-28 17:53:41.057307311 +0000 UTC m=+42.919528904 header hash: [144 90 124 249 42 55 49 193 182 202 159 220 172 15 148 92 178 123 123 95 139 252 214 157 36 122 219 17 149 62 178 46]
2022-11-28T17:53:41.057Z	DEBUG	replica=4	coded-hotterstuff/consensus.go:576	received proposal	{"CURRENT VIEW": 6, "msg": "proposal", "header view": 6, "prepare view": 5, "hash": "kFp8+So3McG2yp/crA+UXLJ7e1+L/NadJHrbEZU+si4=", "parent": "jgrj6scOqMsv2tOI5ilebUQ0EAUbjhBGBRf6AbYZ3ZQ="}
Decoded original proposal, time: 2022-11-28 17:53:41.862161839 +0000 UTC m=+43.724383474 header hash: [144 90 124 249 42 55 49 193 182 202 159 220 172 15 148 92 178 123 123 95 139 252 214 157 36 122 219 17 149 62 178 46]
2022-11-28T17:53:41.862Z	DEBUG	replica=4	coded-hotterstuff/consensus.go:576	received proposal	{"CURRENT VIEW": 6, "msg": "proposal", "header view": 6, "prepare view": 5, "hash": "kFp8+So3McG2yp/crA+UXLJ7e1+L/NadJHrbEZU+si4=", "parent": "jgrj6scOqMsv2tOI5ilebUQ0EAUbjhBGBRf6AbYZ3ZQ="}
replica 4 is forwarding chunk to replica 0
replica 4 is forwarding chunk to replica 1
replica 4 is forwarding chunk to replica 2
replica 4 is forwarding chunk to replica 3
replica 4 is forwarding chunk to replica 5
replica 4 is forwarding chunk to replica 6
replica 4 is forwarding chunk to replica 8
replica 4 is forwarding chunk to replica 0
replica 4 is forwarding chunk to replica 1
replica 4 is forwarding chunk to replica 2
replica 4 is forwarding chunk to replica 3
replica 4 is forwarding chunk to replica 5
replica 4 is forwarding chunk to replica 6
replica 4 is forwarding chunk to replica 8
Decoded original proposal, time: 2022-11-28 17:53:49.214281002 +0000 UTC m=+51.076502653 header hash: [82 186 70 5 171 170 163 31 242 237 216 214 91 95 174 96 9 56 150 120 198 10 139 98 230 188 67 131 78 157 60 15]
2022-11-28T17:53:49.214Z	DEBUG	replica=4	coded-hotterstuff/consensus.go:576	received proposal	{"CURRENT VIEW": 6, "msg": "proposal", "header view": 7, "prepare view": 5, "hash": "UrpGBauqox/y7djWW1+uYAk4lnjGCoti5rxDg06dPA8=", "parent": "kFp8+So3McG2yp/crA+UXLJ7e1+L/NadJHrbEZU+si4="}
2022-11-28T17:53:49.223Z	DEBUG	replica=4	coded-hotterstuff/consensus.go:809	new block certified	{"CURRENT VIEW": 6, "view": 6, "hash": "kFp8+So3McG2yp/crA+UXLJ7e1+L/NadJHrbEZU+si4="}
2022-11-28T17:53:49.223Z	DEBUG	replica=4	coded-hotterstuff/consensus.go:520	entered new view	{"CURRENT VIEW": 7, "view timeout": 2, "timedout": false}
2022-11-28T17:53:49.223Z	DEBUG	replica=4	coded-hotterstuff/consensus.go:788	new block locked	{"CURRENT VIEW": 7, "view": 5, "hash": "jgrj6scOqMsv2tOI5ilebUQ0EAUbjhBGBRf6AbYZ3ZQ="}
2022-11-28T17:53:49.223Z	INFO	replica=4	coded-hotterstuff/consensus.go:797	new block commited	{"CURRENT VIEW": 7, "view": 4, "hash": "8WqYPi7RnJLtEHQ0we0AUFXAprYP7gJj7Cq2GuiCGb4="}
2022-11-28T17:53:49.224Z	DEBUG	replica=4	coded-hotterstuff/consensus.go:678	proposal is safe to vote on	{"CURRENT VIEW": 6, "msg": "proposal", "header view": 7, "prepare view": 5, "hash": "UrpGBauqox/y7djWW1+uYAk4lnjGCoti5rxDg06dPA8=", "parent": "kFp8+So3McG2yp/crA+UXLJ7e1+L/NadJHrbEZU+si4="}
Node  4 +1 block finalized at time:  2022-11-28 17:53:49.22669132 +0000 UTC m=+51.088912909
replica 4 is forwarding chunk to replica 0
replica 4 is forwarding chunk to replica 1
replica 4 is forwarding chunk to replica 2
replica 4 is forwarding chunk to replica 3
replica 4 is forwarding chunk to replica 5
replica 4 is forwarding chunk to replica 6
replica 4 is forwarding chunk to replica 8
Decoded original proposal, time: 2022-11-28 17:53:51.634110624 +0000 UTC m=+53.496332255 header hash: [82 186 70 5 171 170 163 31 242 237 216 214 91 95 174 96 9 56 150 120 198 10 139 98 230 188 67 131 78 157 60 15]
2022-11-28T17:53:51.634Z	DEBUG	replica=4	coded-hotterstuff/consensus.go:576	received proposal	{"CURRENT VIEW": 7, "msg": "proposal", "header view": 7, "prepare view": 6, "hash": "UrpGBauqox/y7djWW1+uYAk4lnjGCoti5rxDg06dPA8=", "parent": "kFp8+So3McG2yp/crA+UXLJ7e1+L/NadJHrbEZU+si4="}
Decoded original proposal, time: 2022-11-28 17:53:52.439877329 +0000 UTC m=+54.302098914 header hash: [82 186 70 5 171 170 163 31 242 237 216 214 91 95 174 96 9 56 150 120 198 10 139 98 230 188 67 131 78 157 60 15]
2022-11-28T17:53:52.439Z	DEBUG	replica=4	coded-hotterstuff/consensus.go:576	received proposal	{"CURRENT VIEW": 7, "msg": "proposal", "header view": 7, "prepare view": 6, "hash": "UrpGBauqox/y7djWW1+uYAk4lnjGCoti5rxDg06dPA8=", "parent": "kFp8+So3McG2yp/crA+UXLJ7e1+L/NadJHrbEZU+si4="}
replica 4 is forwarding chunk to replica 0
replica 4 is forwarding chunk to replica 1
replica 4 is forwarding chunk to replica 2
replica 4 is forwarding chunk to replica 3
replica 4 is forwarding chunk to replica 5
replica 4 is forwarding chunk to replica 6
replica 4 is forwarding chunk to replica 7
replica 4 is forwarding chunk to replica 0
replica 4 is forwarding chunk to replica 1
replica 4 is forwarding chunk to replica 2
replica 4 is forwarding chunk to replica 3
replica 4 is forwarding chunk to replica 5
replica 4 is forwarding chunk to replica 6
replica 4 is forwarding chunk to replica 7
