Node index: 5
[10.0.1.0:9000 10.0.1.2:9001 10.0.1.4:9002 10.0.1.6:9003 10.0.1.8:9004 10.0.1.10:9005 10.0.1.12:9006 10.0.1.14:9007 10.0.1.16:9008]
node 5 initiating connection to 10.0.1.2:9001
node 5 initiating connection to 10.0.1.4:9002
node 5 successfully initiated connection to 10.0.1.4:9002
node 5 initiating connection to 10.0.1.6:9003
node 5 successfully initiated connection to 10.0.1.6:9003
node 5 initiating connection to 10.0.1.0:9000
node 5 successfully initiated connection to 10.0.1.0:9000
node 5 initiating connection to 10.0.1.8:9004
node 5 successfully initiated connection to 10.0.1.8:9004
node 5 successfully initiated connection to 10.0.1.2:9001
connection established 5 - 8
Node  5 -->  Listening for messages... 
connection established 5 - 6
Node  5 -->  Listening for messages... 
connection established 5 - 7
Node  5 -->  Listening for messages... 
connection established 5 - 2
Node  5 -->  Listening for messages... 
connection established 5 - 3
Node  5 -->  Listening for messages... 
connection established 5 - 0
Node  5 -->  Listening for messages... 
connection established 5 - 4
Node  5 -->  Listening for messages... 
connection established 5 - 1
Node  5 -->  Listening for messages... 
2022-11-28T17:52:58.289Z	DEBUG	replica=5	coded-hotterstuff/consensus.go:520	entered new view	{"CURRENT VIEW": 1, "view timeout": 2, "timedout": false}
replica 5 is forwarding chunk to replica 0
replica 5 is forwarding chunk to replica 2
replica 5 is forwarding chunk to replica 3
replica 5 is forwarding chunk to replica 4
replica 5 is forwarding chunk to replica 6
replica 5 is forwarding chunk to replica 7
replica 5 is forwarding chunk to replica 8
Decoded original proposal, time: 2022-11-28 17:53:02.384326926 +0000 UTC m=+4.259552138 header hash: [72 160 180 233 149 231 108 139 103 97 149 83 197 114 214 128 107 110 76 231 61 205 42 18 190 82 86 133 4 78 235 255]
2022-11-28T17:53:02.384Z	DEBUG	replica=5	coded-hotterstuff/consensus.go:576	received proposal	{"CURRENT VIEW": 1, "msg": "proposal", "header view": 1, "prepare view": 0, "hash": "SKC06ZXnbItnYZVTxXLWgGtuTOc9zSoSvlJWhQRO6/8=", "parent": "GZWDhiYW+ib6TpJWRLDOftUd8y8ovAaEerQWDbefS7c="}
2022-11-28T17:53:02.392Z	DEBUG	replica=5	coded-hotterstuff/consensus.go:777	could not find gparent header	{"CURRENT VIEW": 1, "view": 0, "hash": "GZWDhiYW+ib6TpJWRLDOftUd8y8ovAaEerQWDbefS7c="}
2022-11-28T17:53:02.394Z	DEBUG	replica=5	coded-hotterstuff/consensus.go:678	proposal is safe to vote on	{"CURRENT VIEW": 1, "msg": "proposal", "header view": 1, "prepare view": 0, "hash": "SKC06ZXnbItnYZVTxXLWgGtuTOc9zSoSvlJWhQRO6/8=", "parent": "GZWDhiYW+ib6TpJWRLDOftUd8y8ovAaEerQWDbefS7c="}
replica 5 is forwarding chunk to replica 0
replica 5 is forwarding chunk to replica 1
replica 5 is forwarding chunk to replica 3
replica 5 is forwarding chunk to replica 4
replica 5 is forwarding chunk to replica 6
replica 5 is forwarding chunk to replica 7
replica 5 is forwarding chunk to replica 8
replica 5 is forwarding chunk to replica 0
replica 5 is forwarding chunk to replica 1
replica 5 is forwarding chunk to replica 3
replica 5 is forwarding chunk to replica 4
replica 5 is forwarding chunk to replica 6
replica 5 is forwarding chunk to replica 7
replica 5 is forwarding chunk to replica 8
Decoded original proposal, time: 2022-11-28 17:53:07.569368507 +0000 UTC m=+9.444593775 header hash: [112 240 93 77 174 234 64 155 158 20 106 227 158 234 134 149 230 112 20 24 127 150 17 128 149 69 129 124 42 247 80 171]
2022-11-28T17:53:07.569Z	DEBUG	replica=5	coded-hotterstuff/consensus.go:576	received proposal	{"CURRENT VIEW": 1, "msg": "proposal", "header view": 2, "prepare view": 0, "hash": "cPBdTa7qQJueFGrjnuqGleZwFBh/lhGAlUWBfCr3UKs=", "parent": "SKC06ZXnbItnYZVTxXLWgGtuTOc9zSoSvlJWhQRO6/8="}
2022-11-28T17:53:07.578Z	DEBUG	replica=5	coded-hotterstuff/consensus.go:809	new block certified	{"CURRENT VIEW": 1, "view": 1, "hash": "SKC06ZXnbItnYZVTxXLWgGtuTOc9zSoSvlJWhQRO6/8="}
2022-11-28T17:53:07.578Z	DEBUG	replica=5	coded-hotterstuff/consensus.go:520	entered new view	{"CURRENT VIEW": 2, "view timeout": 2, "timedout": false}
2022-11-28T17:53:07.578Z	DEBUG	replica=5	coded-hotterstuff/consensus.go:782	could not find ggparent header	{"CURRENT VIEW": 2, "view": 0, "hash": "GZWDhiYW+ib6TpJWRLDOftUd8y8ovAaEerQWDbefS7c="}
2022-11-28T17:53:07.581Z	DEBUG	replica=5	coded-hotterstuff/consensus.go:678	proposal is safe to vote on	{"CURRENT VIEW": 1, "msg": "proposal", "header view": 2, "prepare view": 0, "hash": "cPBdTa7qQJueFGrjnuqGleZwFBh/lhGAlUWBfCr3UKs=", "parent": "SKC06ZXnbItnYZVTxXLWgGtuTOc9zSoSvlJWhQRO6/8="}
replica 5 is forwarding chunk to replica 0
replica 5 is forwarding chunk to replica 1
replica 5 is forwarding chunk to replica 3
replica 5 is forwarding chunk to replica 4
replica 5 is forwarding chunk to replica 6
replica 5 is forwarding chunk to replica 7
replica 5 is forwarding chunk to replica 8
Decoded original proposal, time: 2022-11-28 17:53:09.571371548 +0000 UTC m=+11.446596806 header hash: [112 240 93 77 174 234 64 155 158 20 106 227 158 234 134 149 230 112 20 24 127 150 17 128 149 69 129 124 42 247 80 171]
2022-11-28T17:53:09.571Z	DEBUG	replica=5	coded-hotterstuff/consensus.go:576	received proposal	{"CURRENT VIEW": 2, "msg": "proposal", "header view": 2, "prepare view": 1, "hash": "cPBdTa7qQJueFGrjnuqGleZwFBh/lhGAlUWBfCr3UKs=", "parent": "SKC06ZXnbItnYZVTxXLWgGtuTOc9zSoSvlJWhQRO6/8="}
2022-11-28T17:53:09.579Z	DEBUG	replica=5	coded-hotterstuff/consensus.go:782	could not find ggparent header	{"CURRENT VIEW": 2, "view": 0, "hash": "GZWDhiYW+ib6TpJWRLDOftUd8y8ovAaEerQWDbefS7c="}
Decoded original proposal, time: 2022-11-28 17:53:10.741071778 +0000 UTC m=+12.616297027 header hash: [112 240 93 77 174 234 64 155 158 20 106 227 158 234 134 149 230 112 20 24 127 150 17 128 149 69 129 124 42 247 80 171]
2022-11-28T17:53:10.741Z	DEBUG	replica=5	coded-hotterstuff/consensus.go:576	received proposal	{"CURRENT VIEW": 2, "msg": "proposal", "header view": 2, "prepare view": 1, "hash": "cPBdTa7qQJueFGrjnuqGleZwFBh/lhGAlUWBfCr3UKs=", "parent": "SKC06ZXnbItnYZVTxXLWgGtuTOc9zSoSvlJWhQRO6/8="}
2022-11-28T17:53:10.749Z	DEBUG	replica=5	coded-hotterstuff/consensus.go:782	could not find ggparent header	{"CURRENT VIEW": 2, "view": 0, "hash": "GZWDhiYW+ib6TpJWRLDOftUd8y8ovAaEerQWDbefS7c="}
replica 5 is forwarding chunk to replica 0
replica 5 is forwarding chunk to replica 1
replica 5 is forwarding chunk to replica 2
replica 5 is forwarding chunk to replica 4
replica 5 is forwarding chunk to replica 6
replica 5 is forwarding chunk to replica 7
replica 5 is forwarding chunk to replica 8
replica 5 is forwarding chunk to replica 0
replica 5 is forwarding chunk to replica 1
replica 5 is forwarding chunk to replica 2
replica 5 is forwarding chunk to replica 4
replica 5 is forwarding chunk to replica 6
replica 5 is forwarding chunk to replica 7
replica 5 is forwarding chunk to replica 8
Decoded original proposal, time: 2022-11-28 17:53:15.945148789 +0000 UTC m=+17.820374004 header hash: [112 177 115 22 63 1 229 2 188 132 41 134 91 243 148 216 155 140 26 48 57 5 100 136 252 109 95 105 67 73 234 227]
2022-11-28T17:53:15.945Z	DEBUG	replica=5	coded-hotterstuff/consensus.go:576	received proposal	{"CURRENT VIEW": 2, "msg": "proposal", "header view": 3, "prepare view": 1, "hash": "cLFzFj8B5QK8hCmGW/OU2JuMGjA5BWSI/G1faUNJ6uM=", "parent": "cPBdTa7qQJueFGrjnuqGleZwFBh/lhGAlUWBfCr3UKs="}
2022-11-28T17:53:15.954Z	DEBUG	replica=5	coded-hotterstuff/consensus.go:809	new block certified	{"CURRENT VIEW": 2, "view": 2, "hash": "cPBdTa7qQJueFGrjnuqGleZwFBh/lhGAlUWBfCr3UKs="}
2022-11-28T17:53:15.954Z	DEBUG	replica=5	coded-hotterstuff/consensus.go:520	entered new view	{"CURRENT VIEW": 3, "view timeout": 2, "timedout": false}
2022-11-28T17:53:15.954Z	DEBUG	replica=5	coded-hotterstuff/consensus.go:788	new block locked	{"CURRENT VIEW": 3, "view": 1, "hash": "SKC06ZXnbItnYZVTxXLWgGtuTOc9zSoSvlJWhQRO6/8="}
2022-11-28T17:53:15.957Z	DEBUG	replica=5	coded-hotterstuff/consensus.go:678	proposal is safe to vote on	{"CURRENT VIEW": 2, "msg": "proposal", "header view": 3, "prepare view": 1, "hash": "cLFzFj8B5QK8hCmGW/OU2JuMGjA5BWSI/G1faUNJ6uM=", "parent": "cPBdTa7qQJueFGrjnuqGleZwFBh/lhGAlUWBfCr3UKs="}
replica 5 is forwarding chunk to replica 0
replica 5 is forwarding chunk to replica 1
replica 5 is forwarding chunk to replica 2
replica 5 is forwarding chunk to replica 4
replica 5 is forwarding chunk to replica 6
replica 5 is forwarding chunk to replica 7
replica 5 is forwarding chunk to replica 8
Decoded original proposal, time: 2022-11-28 17:53:18.149397052 +0000 UTC m=+20.024622255 header hash: [112 177 115 22 63 1 229 2 188 132 41 134 91 243 148 216 155 140 26 48 57 5 100 136 252 109 95 105 67 73 234 227]
2022-11-28T17:53:18.149Z	DEBUG	replica=5	coded-hotterstuff/consensus.go:576	received proposal	{"CURRENT VIEW": 3, "msg": "proposal", "header view": 3, "prepare view": 2, "hash": "cLFzFj8B5QK8hCmGW/OU2JuMGjA5BWSI/G1faUNJ6uM=", "parent": "cPBdTa7qQJueFGrjnuqGleZwFBh/lhGAlUWBfCr3UKs="}
Decoded original proposal, time: 2022-11-28 17:53:19.209866236 +0000 UTC m=+21.085091454 header hash: [112 177 115 22 63 1 229 2 188 132 41 134 91 243 148 216 155 140 26 48 57 5 100 136 252 109 95 105 67 73 234 227]
2022-11-28T17:53:19.209Z	DEBUG	replica=5	coded-hotterstuff/consensus.go:576	received proposal	{"CURRENT VIEW": 3, "msg": "proposal", "header view": 3, "prepare view": 2, "hash": "cLFzFj8B5QK8hCmGW/OU2JuMGjA5BWSI/G1faUNJ6uM=", "parent": "cPBdTa7qQJueFGrjnuqGleZwFBh/lhGAlUWBfCr3UKs="}
replica 5 is forwarding chunk to replica 0
replica 5 is forwarding chunk to replica 1
replica 5 is forwarding chunk to replica 2
replica 5 is forwarding chunk to replica 3
replica 5 is forwarding chunk to replica 6
replica 5 is forwarding chunk to replica 7
replica 5 is forwarding chunk to replica 8
2022-11-28T17:53:21.358Z	DEBUG	replica=5	coded-hotterstuff/consensus.go:965	received vote	{"CURRENT VIEW": 3, "msg": "vote", "voter": 4, "view": 3, "hash": "8WqYPi7RnJLtEHQ0we0AUFXAprYP7gJj7Cq2GuiCGb4="}
Node  5  received vote before proposal, saving vote in pending votes, hash is  [241 106 152 62 46 209 156 146 237 16 116 52 193 237 0 80 85 192 166 182 15 238 2 99 236 42 182 26 232 130 25 190]  and string is,  4
2022-11-28T17:53:21.358Z	DEBUG	replica=5	coded-hotterstuff/consensus.go:970	Received vote before proposal, key is, 4	{"CURRENT VIEW": 3}
replica 5 is forwarding chunk to replica 0
replica 5 is forwarding chunk to replica 1
replica 5 is forwarding chunk to replica 2
replica 5 is forwarding chunk to replica 3
replica 5 is forwarding chunk to replica 6
replica 5 is forwarding chunk to replica 7
replica 5 is forwarding chunk to replica 8
Decoded original proposal, time: 2022-11-28 17:53:22.995624466 +0000 UTC m=+24.870849708 header hash: [241 106 152 62 46 209 156 146 237 16 116 52 193 237 0 80 85 192 166 182 15 238 2 99 236 42 182 26 232 130 25 190]
2022-11-28T17:53:22.995Z	DEBUG	replica=5	coded-hotterstuff/consensus.go:576	received proposal	{"CURRENT VIEW": 3, "msg": "proposal", "header view": 4, "prepare view": 2, "hash": "8WqYPi7RnJLtEHQ0we0AUFXAprYP7gJj7Cq2GuiCGb4=", "parent": "cLFzFj8B5QK8hCmGW/OU2JuMGjA5BWSI/G1faUNJ6uM="}
2022-11-28T17:53:23.009Z	DEBUG	replica=5	coded-hotterstuff/consensus.go:809	new block certified	{"CURRENT VIEW": 3, "view": 3, "hash": "cLFzFj8B5QK8hCmGW/OU2JuMGjA5BWSI/G1faUNJ6uM="}
2022-11-28T17:53:23.009Z	DEBUG	replica=5	coded-hotterstuff/consensus.go:520	entered new view	{"CURRENT VIEW": 4, "view timeout": 2, "timedout": false}
2022-11-28T17:53:23.009Z	DEBUG	replica=5	coded-hotterstuff/consensus.go:535	replica is a leader for next view. collecting new-view messages	{"CURRENT VIEW": 4}
2022-11-28T17:53:23.010Z	DEBUG	replica=5	coded-hotterstuff/consensus.go:788	new block locked	{"CURRENT VIEW": 4, "view": 2, "hash": "cPBdTa7qQJueFGrjnuqGleZwFBh/lhGAlUWBfCr3UKs="}
2022-11-28T17:53:23.010Z	INFO	replica=5	coded-hotterstuff/consensus.go:797	new block commited	{"CURRENT VIEW": 4, "view": 1, "hash": "SKC06ZXnbItnYZVTxXLWgGtuTOc9zSoSvlJWhQRO6/8="}
2022-11-28T17:53:23.010Z	DEBUG	replica=5	coded-hotterstuff/consensus.go:678	proposal is safe to vote on	{"CURRENT VIEW": 3, "msg": "proposal", "header view": 4, "prepare view": 2, "hash": "8WqYPi7RnJLtEHQ0we0AUFXAprYP7gJj7Cq2GuiCGb4=", "parent": "cLFzFj8B5QK8hCmGW/OU2JuMGjA5BWSI/G1faUNJ6uM="}
2022-11-28T17:53:23.010Z	DEBUG	replica=5	coded-hotterstuff/consensus.go:758	Taking care of pending vote 4	{"CURRENT VIEW": 4}
2022-11-28T17:53:23.010Z	DEBUG	replica=5	coded-hotterstuff/consensus.go:965	received vote	{"CURRENT VIEW": 4, "msg": "vote", "voter": 4, "view": 4, "hash": "8WqYPi7RnJLtEHQ0we0AUFXAprYP7gJj7Cq2GuiCGb4="}
2022-11-28T17:53:23.020Z	DEBUG	replica=5	coded-hotterstuff/consensus.go:965	received vote	{"CURRENT VIEW": 4, "msg": "vote", "voter": 5, "view": 4, "hash": "8WqYPi7RnJLtEHQ0we0AUFXAprYP7gJj7Cq2GuiCGb4="}
Node  5 +1 block finalized at time:  2022-11-28 17:53:23.027272422 +0000 UTC m=+24.902497627
replica 5 is forwarding chunk to replica 0
replica 5 is forwarding chunk to replica 1
replica 5 is forwarding chunk to replica 2
replica 5 is forwarding chunk to replica 3
replica 5 is forwarding chunk to replica 6
replica 5 is forwarding chunk to replica 7
replica 5 is forwarding chunk to replica 8
2022-11-28T17:53:23.989Z	DEBUG	replica=5	coded-hotterstuff/consensus.go:965	received vote	{"CURRENT VIEW": 4, "msg": "vote", "voter": 3, "view": 4, "hash": "8WqYPi7RnJLtEHQ0we0AUFXAprYP7gJj7Cq2GuiCGb4="}
2022-11-28T17:53:24.225Z	DEBUG	replica=5	coded-hotterstuff/consensus.go:965	received vote	{"CURRENT VIEW": 4, "msg": "vote", "voter": 2, "view": 4, "hash": "8WqYPi7RnJLtEHQ0we0AUFXAprYP7gJj7Cq2GuiCGb4="}
Decoded original proposal, time: 2022-11-28 17:53:24.752795604 +0000 UTC m=+26.628020860 header hash: [241 106 152 62 46 209 156 146 237 16 116 52 193 237 0 80 85 192 166 182 15 238 2 99 236 42 182 26 232 130 25 190]
2022-11-28T17:53:24.752Z	DEBUG	replica=5	coded-hotterstuff/consensus.go:576	received proposal	{"CURRENT VIEW": 4, "msg": "proposal", "header view": 4, "prepare view": 3, "hash": "8WqYPi7RnJLtEHQ0we0AUFXAprYP7gJj7Cq2GuiCGb4=", "parent": "cLFzFj8B5QK8hCmGW/OU2JuMGjA5BWSI/G1faUNJ6uM="}
2022-11-28T17:53:24.875Z	DEBUG	replica=5	coded-hotterstuff/consensus.go:965	received vote	{"CURRENT VIEW": 4, "msg": "vote", "voter": 0, "view": 4, "hash": "8WqYPi7RnJLtEHQ0we0AUFXAprYP7gJj7Cq2GuiCGb4="}
2022-11-28T17:53:24.934Z	DEBUG	replica=5	coded-hotterstuff/consensus.go:965	received vote	{"CURRENT VIEW": 4, "msg": "vote", "voter": 1, "view": 4, "hash": "8WqYPi7RnJLtEHQ0we0AUFXAprYP7gJj7Cq2GuiCGb4="}
2022-11-28T17:53:25.276Z	DEBUG	replica=5	coded-hotterstuff/consensus.go:965	received vote	{"CURRENT VIEW": 4, "msg": "vote", "voter": 6, "view": 4, "hash": "8WqYPi7RnJLtEHQ0we0AUFXAprYP7gJj7Cq2GuiCGb4="}
2022-11-28T17:53:25.283Z	DEBUG	replica=5	coded-hotterstuff/consensus.go:809	new block certified	{"CURRENT VIEW": 4, "view": 4, "hash": "8WqYPi7RnJLtEHQ0we0AUFXAprYP7gJj7Cq2GuiCGb4="}
2022-11-28T17:53:25.283Z	DEBUG	replica=5	coded-hotterstuff/consensus.go:520	entered new view	{"CURRENT VIEW": 5, "view timeout": 2, "timedout": false}
2022-11-28T17:53:25.283Z	DEBUG	replica=5	coded-hotterstuff/consensus.go:544	replica is a leader for this view. waiting for data	{"CURRENT VIEW": 5}
2022-11-28T17:53:25.283Z	DEBUG	replica=5	coded-hotterstuff/consensus.go:520	entered new view	{"CURRENT VIEW": 5, "view timeout": 2, "timedout": false}
2022-11-28T17:53:25.283Z	DEBUG	replica=5	coded-hotterstuff/consensus.go:544	replica is a leader for this view. waiting for data	{"CURRENT VIEW": 5}
2022-11-28T17:53:25.286Z	DEBUG	replica=5	coded-hotterstuff/consensus.go:238	sending proposal	{"CURRENT VIEW": 5, "hash": "jgrj6scOqMsv2tOI5ilebUQ0EAUbjhBGBRf6AbYZ3ZQ=", "parent": "8WqYPi7RnJLtEHQ0we0AUFXAprYP7gJj7Cq2GuiCGb4=", "signer": 5}
2022-11-28T17:53:25.287Z	DEBUG	replica=5	coded-hotterstuff/consensus.go:576	received proposal	{"CURRENT VIEW": 5, "msg": "proposal", "header view": 5, "prepare view": 4, "hash": "jgrj6scOqMsv2tOI5ilebUQ0EAUbjhBGBRf6AbYZ3ZQ=", "parent": "8WqYPi7RnJLtEHQ0we0AUFXAprYP7gJj7Cq2GuiCGb4="}
2022-11-28T17:53:25.297Z	DEBUG	replica=5	coded-hotterstuff/consensus.go:788	new block locked	{"CURRENT VIEW": 5, "view": 3, "hash": "cLFzFj8B5QK8hCmGW/OU2JuMGjA5BWSI/G1faUNJ6uM="}
2022-11-28T17:53:25.297Z	INFO	replica=5	coded-hotterstuff/consensus.go:797	new block commited	{"CURRENT VIEW": 5, "view": 2, "hash": "cPBdTa7qQJueFGrjnuqGleZwFBh/lhGAlUWBfCr3UKs="}
2022-11-28T17:53:25.299Z	DEBUG	replica=5	coded-hotterstuff/consensus.go:678	proposal is safe to vote on	{"CURRENT VIEW": 5, "msg": "proposal", "header view": 5, "prepare view": 4, "hash": "jgrj6scOqMsv2tOI5ilebUQ0EAUbjhBGBRf6AbYZ3ZQ=", "parent": "8WqYPi7RnJLtEHQ0we0AUFXAprYP7gJj7Cq2GuiCGb4="}
Node  5 +1 block finalized at time:  2022-11-28 17:53:25.302104744 +0000 UTC m=+27.177329948
2022-11-28T17:53:26.717Z	DEBUG	replica=5	coded-hotterstuff/consensus.go:965	received vote	{"CURRENT VIEW": 5, "msg": "vote", "voter": 7, "view": 5, "hash": "8WqYPi7RnJLtEHQ0we0AUFXAprYP7gJj7Cq2GuiCGb4="}
2022-11-28T17:53:26.723Z	DEBUG	replica=5	coded-hotterstuff/consensus.go:520	entered new view	{"CURRENT VIEW": 5, "view timeout": 2, "timedout": false}
2022-11-28T17:53:26.723Z	DEBUG	replica=5	coded-hotterstuff/consensus.go:544	replica is a leader for this view. waiting for data	{"CURRENT VIEW": 5}
2022-11-28T17:53:26.728Z	DEBUG	replica=5	coded-hotterstuff/consensus.go:238	sending proposal	{"CURRENT VIEW": 5, "hash": "jgrj6scOqMsv2tOI5ilebUQ0EAUbjhBGBRf6AbYZ3ZQ=", "parent": "8WqYPi7RnJLtEHQ0we0AUFXAprYP7gJj7Cq2GuiCGb4=", "signer": 5}
2022-11-28T17:53:26.730Z	DEBUG	replica=5	coded-hotterstuff/consensus.go:576	received proposal	{"CURRENT VIEW": 5, "msg": "proposal", "header view": 5, "prepare view": 4, "hash": "jgrj6scOqMsv2tOI5ilebUQ0EAUbjhBGBRf6AbYZ3ZQ=", "parent": "8WqYPi7RnJLtEHQ0we0AUFXAprYP7gJj7Cq2GuiCGb4="}
Decoded original proposal, time: 2022-11-28 17:53:27.175822964 +0000 UTC m=+29.051048220 header hash: [241 106 152 62 46 209 156 146 237 16 116 52 193 237 0 80 85 192 166 182 15 238 2 99 236 42 182 26 232 130 25 190]
2022-11-28T17:53:27.175Z	DEBUG	replica=5	coded-hotterstuff/consensus.go:576	received proposal	{"CURRENT VIEW": 5, "msg": "proposal", "header view": 4, "prepare view": 4, "hash": "8WqYPi7RnJLtEHQ0we0AUFXAprYP7gJj7Cq2GuiCGb4=", "parent": "cLFzFj8B5QK8hCmGW/OU2JuMGjA5BWSI/G1faUNJ6uM="}
2022-11-28T17:53:27.186Z	DEBUG	replica=5	coded-hotterstuff/consensus.go:667	proposal view doesn't match local view	{"CURRENT VIEW": 5, "msg": "proposal", "header view": 4, "prepare view": 4, "hash": "8WqYPi7RnJLtEHQ0we0AUFXAprYP7gJj7Cq2GuiCGb4=", "parent": "cLFzFj8B5QK8hCmGW/OU2JuMGjA5BWSI/G1faUNJ6uM="}
2022-11-28T17:53:27.186Z	DEBUG	replica=5	coded-hotterstuff/consensus.go:965	received vote	{"CURRENT VIEW": 5, "msg": "vote", "voter": 8, "view": 5, "hash": "8WqYPi7RnJLtEHQ0we0AUFXAprYP7gJj7Cq2GuiCGb4="}
2022-11-28T17:53:27.192Z	DEBUG	replica=5	coded-hotterstuff/consensus.go:520	entered new view	{"CURRENT VIEW": 5, "view timeout": 2, "timedout": false}
2022-11-28T17:53:27.192Z	DEBUG	replica=5	coded-hotterstuff/consensus.go:544	replica is a leader for this view. waiting for data	{"CURRENT VIEW": 5}
2022-11-28T17:53:27.196Z	DEBUG	replica=5	coded-hotterstuff/consensus.go:238	sending proposal	{"CURRENT VIEW": 5, "hash": "jgrj6scOqMsv2tOI5ilebUQ0EAUbjhBGBRf6AbYZ3ZQ=", "parent": "8WqYPi7RnJLtEHQ0we0AUFXAprYP7gJj7Cq2GuiCGb4=", "signer": 5}
2022-11-28T17:53:27.197Z	DEBUG	replica=5	coded-hotterstuff/consensus.go:576	received proposal	{"CURRENT VIEW": 5, "msg": "proposal", "header view": 5, "prepare view": 4, "hash": "jgrj6scOqMsv2tOI5ilebUQ0EAUbjhBGBRf6AbYZ3ZQ=", "parent": "8WqYPi7RnJLtEHQ0we0AUFXAprYP7gJj7Cq2GuiCGb4="}
replica 5 is forwarding chunk to replica 0
replica 5 is forwarding chunk to replica 1
replica 5 is forwarding chunk to replica 2
replica 5 is forwarding chunk to replica 3
replica 5 is forwarding chunk to replica 4
replica 5 is forwarding chunk to replica 7
replica 5 is forwarding chunk to replica 8
replica 5 is forwarding chunk to replica 0
replica 5 is forwarding chunk to replica 1
replica 5 is forwarding chunk to replica 2
replica 5 is forwarding chunk to replica 3
replica 5 is forwarding chunk to replica 4
replica 5 is forwarding chunk to replica 7
replica 5 is forwarding chunk to replica 8
replica 5 is forwarding chunk to replica 0
replica 5 is forwarding chunk to replica 1
replica 5 is forwarding chunk to replica 2
replica 5 is forwarding chunk to replica 3
replica 5 is forwarding chunk to replica 4
replica 5 is forwarding chunk to replica 7
replica 5 is forwarding chunk to replica 8
Decoded original proposal, time: 2022-11-28 17:53:40.170621871 +0000 UTC m=+42.045847128 header hash: [144 90 124 249 42 55 49 193 182 202 159 220 172 15 148 92 178 123 123 95 139 252 214 157 36 122 219 17 149 62 178 46]
2022-11-28T17:53:40.170Z	DEBUG	replica=5	coded-hotterstuff/consensus.go:576	received proposal	{"CURRENT VIEW": 5, "msg": "proposal", "header view": 6, "prepare view": 4, "hash": "kFp8+So3McG2yp/crA+UXLJ7e1+L/NadJHrbEZU+si4=", "parent": "jgrj6scOqMsv2tOI5ilebUQ0EAUbjhBGBRf6AbYZ3ZQ="}
2022-11-28T17:53:40.180Z	DEBUG	replica=5	coded-hotterstuff/consensus.go:809	new block certified	{"CURRENT VIEW": 5, "view": 5, "hash": "jgrj6scOqMsv2tOI5ilebUQ0EAUbjhBGBRf6AbYZ3ZQ="}
2022-11-28T17:53:40.180Z	DEBUG	replica=5	coded-hotterstuff/consensus.go:520	entered new view	{"CURRENT VIEW": 6, "view timeout": 2, "timedout": false}
2022-11-28T17:53:40.180Z	DEBUG	replica=5	coded-hotterstuff/consensus.go:788	new block locked	{"CURRENT VIEW": 6, "view": 4, "hash": "8WqYPi7RnJLtEHQ0we0AUFXAprYP7gJj7Cq2GuiCGb4="}
2022-11-28T17:53:40.180Z	INFO	replica=5	coded-hotterstuff/consensus.go:797	new block commited	{"CURRENT VIEW": 6, "view": 3, "hash": "cLFzFj8B5QK8hCmGW/OU2JuMGjA5BWSI/G1faUNJ6uM="}
2022-11-28T17:53:40.182Z	DEBUG	replica=5	coded-hotterstuff/consensus.go:678	proposal is safe to vote on	{"CURRENT VIEW": 5, "msg": "proposal", "header view": 6, "prepare view": 4, "hash": "kFp8+So3McG2yp/crA+UXLJ7e1+L/NadJHrbEZU+si4=", "parent": "jgrj6scOqMsv2tOI5ilebUQ0EAUbjhBGBRf6AbYZ3ZQ="}
Node  5 +1 block finalized at time:  2022-11-28 17:53:40.185500222 +0000 UTC m=+42.060725425
Decoded original proposal, time: 2022-11-28 17:53:41.683307485 +0000 UTC m=+43.558532742 header hash: [144 90 124 249 42 55 49 193 182 202 159 220 172 15 148 92 178 123 123 95 139 252 214 157 36 122 219 17 149 62 178 46]
2022-11-28T17:53:41.683Z	DEBUG	replica=5	coded-hotterstuff/consensus.go:576	received proposal	{"CURRENT VIEW": 6, "msg": "proposal", "header view": 6, "prepare view": 5, "hash": "kFp8+So3McG2yp/crA+UXLJ7e1+L/NadJHrbEZU+si4=", "parent": "jgrj6scOqMsv2tOI5ilebUQ0EAUbjhBGBRf6AbYZ3ZQ="}
Decoded original proposal, time: 2022-11-28 17:53:42.53168461 +0000 UTC m=+44.406909812 header hash: [144 90 124 249 42 55 49 193 182 202 159 220 172 15 148 92 178 123 123 95 139 252 214 157 36 122 219 17 149 62 178 46]
2022-11-28T17:53:42.531Z	DEBUG	replica=5	coded-hotterstuff/consensus.go:576	received proposal	{"CURRENT VIEW": 6, "msg": "proposal", "header view": 6, "prepare view": 5, "hash": "kFp8+So3McG2yp/crA+UXLJ7e1+L/NadJHrbEZU+si4=", "parent": "jgrj6scOqMsv2tOI5ilebUQ0EAUbjhBGBRf6AbYZ3ZQ="}
replica 5 is forwarding chunk to replica 0
replica 5 is forwarding chunk to replica 1
replica 5 is forwarding chunk to replica 2
replica 5 is forwarding chunk to replica 3
replica 5 is forwarding chunk to replica 4
replica 5 is forwarding chunk to replica 6
replica 5 is forwarding chunk to replica 8
replica 5 is forwarding chunk to replica 0
replica 5 is forwarding chunk to replica 1
replica 5 is forwarding chunk to replica 2
replica 5 is forwarding chunk to replica 3
replica 5 is forwarding chunk to replica 4
replica 5 is forwarding chunk to replica 6
replica 5 is forwarding chunk to replica 8
replica 5 is forwarding chunk to replica 0
replica 5 is forwarding chunk to replica 1
replica 5 is forwarding chunk to replica 2
replica 5 is forwarding chunk to replica 3
replica 5 is forwarding chunk to replica 4
replica 5 is forwarding chunk to replica 6
replica 5 is forwarding chunk to replica 8
Decoded original proposal, time: 2022-11-28 17:53:48.668766019 +0000 UTC m=+50.543991251 header hash: [82 186 70 5 171 170 163 31 242 237 216 214 91 95 174 96 9 56 150 120 198 10 139 98 230 188 67 131 78 157 60 15]
2022-11-28T17:53:48.668Z	DEBUG	replica=5	coded-hotterstuff/consensus.go:576	received proposal	{"CURRENT VIEW": 6, "msg": "proposal", "header view": 7, "prepare view": 5, "hash": "UrpGBauqox/y7djWW1+uYAk4lnjGCoti5rxDg06dPA8=", "parent": "kFp8+So3McG2yp/crA+UXLJ7e1+L/NadJHrbEZU+si4="}
2022-11-28T17:53:48.677Z	DEBUG	replica=5	coded-hotterstuff/consensus.go:809	new block certified	{"CURRENT VIEW": 6, "view": 6, "hash": "kFp8+So3McG2yp/crA+UXLJ7e1+L/NadJHrbEZU+si4="}
2022-11-28T17:53:48.677Z	DEBUG	replica=5	coded-hotterstuff/consensus.go:520	entered new view	{"CURRENT VIEW": 7, "view timeout": 2, "timedout": false}
2022-11-28T17:53:48.678Z	DEBUG	replica=5	coded-hotterstuff/consensus.go:788	new block locked	{"CURRENT VIEW": 7, "view": 5, "hash": "jgrj6scOqMsv2tOI5ilebUQ0EAUbjhBGBRf6AbYZ3ZQ="}
2022-11-28T17:53:48.678Z	INFO	replica=5	coded-hotterstuff/consensus.go:797	new block commited	{"CURRENT VIEW": 7, "view": 4, "hash": "8WqYPi7RnJLtEHQ0we0AUFXAprYP7gJj7Cq2GuiCGb4="}
2022-11-28T17:53:48.678Z	DEBUG	replica=5	coded-hotterstuff/consensus.go:678	proposal is safe to vote on	{"CURRENT VIEW": 6, "msg": "proposal", "header view": 7, "prepare view": 5, "hash": "UrpGBauqox/y7djWW1+uYAk4lnjGCoti5rxDg06dPA8=", "parent": "kFp8+So3McG2yp/crA+UXLJ7e1+L/NadJHrbEZU+si4="}
Node  5 +1 block finalized at time:  2022-11-28 17:53:48.68109106 +0000 UTC m=+50.556316268
Decoded original proposal, time: 2022-11-28 17:53:51.033512068 +0000 UTC m=+52.908737331 header hash: [82 186 70 5 171 170 163 31 242 237 216 214 91 95 174 96 9 56 150 120 198 10 139 98 230 188 67 131 78 157 60 15]
2022-11-28T17:53:51.033Z	DEBUG	replica=5	coded-hotterstuff/consensus.go:576	received proposal	{"CURRENT VIEW": 7, "msg": "proposal", "header view": 7, "prepare view": 6, "hash": "UrpGBauqox/y7djWW1+uYAk4lnjGCoti5rxDg06dPA8=", "parent": "kFp8+So3McG2yp/crA+UXLJ7e1+L/NadJHrbEZU+si4="}
Decoded original proposal, time: 2022-11-28 17:53:52.031680355 +0000 UTC m=+53.906905561 header hash: [82 186 70 5 171 170 163 31 242 237 216 214 91 95 174 96 9 56 150 120 198 10 139 98 230 188 67 131 78 157 60 15]
2022-11-28T17:53:52.031Z	DEBUG	replica=5	coded-hotterstuff/consensus.go:576	received proposal	{"CURRENT VIEW": 7, "msg": "proposal", "header view": 7, "prepare view": 6, "hash": "UrpGBauqox/y7djWW1+uYAk4lnjGCoti5rxDg06dPA8=", "parent": "kFp8+So3McG2yp/crA+UXLJ7e1+L/NadJHrbEZU+si4="}
replica 5 is forwarding chunk to replica 0
replica 5 is forwarding chunk to replica 1
replica 5 is forwarding chunk to replica 2
replica 5 is forwarding chunk to replica 3
replica 5 is forwarding chunk to replica 4
replica 5 is forwarding chunk to replica 6
replica 5 is forwarding chunk to replica 7
replica 5 is forwarding chunk to replica 0
replica 5 is forwarding chunk to replica 1
replica 5 is forwarding chunk to replica 2
replica 5 is forwarding chunk to replica 3
replica 5 is forwarding chunk to replica 4
replica 5 is forwarding chunk to replica 6
replica 5 is forwarding chunk to replica 7
