Node index: 0
[10.0.1.0:9000 10.0.1.2:9001 10.0.1.4:9002 10.0.1.6:9003 10.0.1.8:9004 10.0.1.10:9005 10.0.1.12:9006 10.0.1.14:9007 10.0.1.16:9008]
connection established 0 - 2
Node  0 -->  Listening for messages... 
connection established 0 - 3
Node  0 -->  Listening for messages... 
connection established 0 - 8
Node  0 -->  Listening for messages... 
connection established 0 - 1
Node  0 -->  Listening for messages... 
connection established 0 - 6
Node  0 -->  Listening for messages... 
connection established 0 - 5
Node  0 -->  Listening for messages... 
connection established 0 - 7
Node  0 -->  Listening for messages... 
connection established 0 - 4
Node  0 -->  Listening for messages... 
2022-11-28T17:52:58.253Z	DEBUG	replica=0	coded-hotterstuff/consensus.go:520	entered new view	{"CURRENT VIEW": 1, "view timeout": 2, "timedout": false}
replica 0 is forwarding chunk to replica 2
replica 0 is forwarding chunk to replica 3
replica 0 is forwarding chunk to replica 4
replica 0 is forwarding chunk to replica 5
replica 0 is forwarding chunk to replica 6
replica 0 is forwarding chunk to replica 7
replica 0 is forwarding chunk to replica 8
Decoded original proposal, time: 2022-11-28 17:53:01.739978849 +0000 UTC m=+3.641704972 header hash: [72 160 180 233 149 231 108 139 103 97 149 83 197 114 214 128 107 110 76 231 61 205 42 18 190 82 86 133 4 78 235 255]
2022-11-28T17:53:01.740Z	DEBUG	replica=0	coded-hotterstuff/consensus.go:576	received proposal	{"CURRENT VIEW": 1, "msg": "proposal", "header view": 1, "prepare view": 0, "hash": "SKC06ZXnbItnYZVTxXLWgGtuTOc9zSoSvlJWhQRO6/8=", "parent": "GZWDhiYW+ib6TpJWRLDOftUd8y8ovAaEerQWDbefS7c="}
2022-11-28T17:53:01.747Z	DEBUG	replica=0	coded-hotterstuff/consensus.go:777	could not find gparent header	{"CURRENT VIEW": 1, "view": 0, "hash": "GZWDhiYW+ib6TpJWRLDOftUd8y8ovAaEerQWDbefS7c="}
2022-11-28T17:53:01.750Z	DEBUG	replica=0	coded-hotterstuff/consensus.go:678	proposal is safe to vote on	{"CURRENT VIEW": 1, "msg": "proposal", "header view": 1, "prepare view": 0, "hash": "SKC06ZXnbItnYZVTxXLWgGtuTOc9zSoSvlJWhQRO6/8=", "parent": "GZWDhiYW+ib6TpJWRLDOftUd8y8ovAaEerQWDbefS7c="}
replica 0 is forwarding chunk to replica 1
replica 0 is forwarding chunk to replica 3
replica 0 is forwarding chunk to replica 4
replica 0 is forwarding chunk to replica 5
replica 0 is forwarding chunk to replica 6
replica 0 is forwarding chunk to replica 7
replica 0 is forwarding chunk to replica 8
Decoded original proposal, time: 2022-11-28 17:53:06.449040176 +0000 UTC m=+8.350766348 header hash: [112 240 93 77 174 234 64 155 158 20 106 227 158 234 134 149 230 112 20 24 127 150 17 128 149 69 129 124 42 247 80 171]
2022-11-28T17:53:06.449Z	DEBUG	replica=0	coded-hotterstuff/consensus.go:576	received proposal	{"CURRENT VIEW": 1, "msg": "proposal", "header view": 2, "prepare view": 0, "hash": "cPBdTa7qQJueFGrjnuqGleZwFBh/lhGAlUWBfCr3UKs=", "parent": "SKC06ZXnbItnYZVTxXLWgGtuTOc9zSoSvlJWhQRO6/8="}
2022-11-28T17:53:06.457Z	DEBUG	replica=0	coded-hotterstuff/consensus.go:809	new block certified	{"CURRENT VIEW": 1, "view": 1, "hash": "SKC06ZXnbItnYZVTxXLWgGtuTOc9zSoSvlJWhQRO6/8="}
2022-11-28T17:53:06.457Z	DEBUG	replica=0	coded-hotterstuff/consensus.go:520	entered new view	{"CURRENT VIEW": 2, "view timeout": 2, "timedout": false}
2022-11-28T17:53:06.457Z	DEBUG	replica=0	coded-hotterstuff/consensus.go:782	could not find ggparent header	{"CURRENT VIEW": 2, "view": 0, "hash": "GZWDhiYW+ib6TpJWRLDOftUd8y8ovAaEerQWDbefS7c="}
2022-11-28T17:53:06.459Z	DEBUG	replica=0	coded-hotterstuff/consensus.go:678	proposal is safe to vote on	{"CURRENT VIEW": 1, "msg": "proposal", "header view": 2, "prepare view": 0, "hash": "cPBdTa7qQJueFGrjnuqGleZwFBh/lhGAlUWBfCr3UKs=", "parent": "SKC06ZXnbItnYZVTxXLWgGtuTOc9zSoSvlJWhQRO6/8="}
replica 0 is forwarding chunk to replica 1
replica 0 is forwarding chunk to replica 3
replica 0 is forwarding chunk to replica 4
replica 0 is forwarding chunk to replica 5
replica 0 is forwarding chunk to replica 6
replica 0 is forwarding chunk to replica 7
replica 0 is forwarding chunk to replica 8
Decoded original proposal, time: 2022-11-28 17:53:08.030296489 +0000 UTC m=+9.932022665 header hash: [112 240 93 77 174 234 64 155 158 20 106 227 158 234 134 149 230 112 20 24 127 150 17 128 149 69 129 124 42 247 80 171]
2022-11-28T17:53:08.030Z	DEBUG	replica=0	coded-hotterstuff/consensus.go:576	received proposal	{"CURRENT VIEW": 2, "msg": "proposal", "header view": 2, "prepare view": 1, "hash": "cPBdTa7qQJueFGrjnuqGleZwFBh/lhGAlUWBfCr3UKs=", "parent": "SKC06ZXnbItnYZVTxXLWgGtuTOc9zSoSvlJWhQRO6/8="}
2022-11-28T17:53:08.038Z	DEBUG	replica=0	coded-hotterstuff/consensus.go:782	could not find ggparent header	{"CURRENT VIEW": 2, "view": 0, "hash": "GZWDhiYW+ib6TpJWRLDOftUd8y8ovAaEerQWDbefS7c="}
replica 0 is forwarding chunk to replica 1
replica 0 is forwarding chunk to replica 3
replica 0 is forwarding chunk to replica 4
replica 0 is forwarding chunk to replica 5
replica 0 is forwarding chunk to replica 6
replica 0 is forwarding chunk to replica 7
replica 0 is forwarding chunk to replica 8
Decoded original proposal, time: 2022-11-28 17:53:09.553163824 +0000 UTC m=+11.454889954 header hash: [112 240 93 77 174 234 64 155 158 20 106 227 158 234 134 149 230 112 20 24 127 150 17 128 149 69 129 124 42 247 80 171]
2022-11-28T17:53:09.553Z	DEBUG	replica=0	coded-hotterstuff/consensus.go:576	received proposal	{"CURRENT VIEW": 2, "msg": "proposal", "header view": 2, "prepare view": 1, "hash": "cPBdTa7qQJueFGrjnuqGleZwFBh/lhGAlUWBfCr3UKs=", "parent": "SKC06ZXnbItnYZVTxXLWgGtuTOc9zSoSvlJWhQRO6/8="}
2022-11-28T17:53:09.561Z	DEBUG	replica=0	coded-hotterstuff/consensus.go:782	could not find ggparent header	{"CURRENT VIEW": 2, "view": 0, "hash": "GZWDhiYW+ib6TpJWRLDOftUd8y8ovAaEerQWDbefS7c="}
replica 0 is forwarding chunk to replica 1
replica 0 is forwarding chunk to replica 2
replica 0 is forwarding chunk to replica 4
replica 0 is forwarding chunk to replica 5
replica 0 is forwarding chunk to replica 6
replica 0 is forwarding chunk to replica 7
replica 0 is forwarding chunk to replica 8
replica 0 is forwarding chunk to replica 1
replica 0 is forwarding chunk to replica 2
replica 0 is forwarding chunk to replica 4
replica 0 is forwarding chunk to replica 5
replica 0 is forwarding chunk to replica 6
replica 0 is forwarding chunk to replica 7
replica 0 is forwarding chunk to replica 8
Decoded original proposal, time: 2022-11-28 17:53:15.309833821 +0000 UTC m=+17.211559944 header hash: [112 177 115 22 63 1 229 2 188 132 41 134 91 243 148 216 155 140 26 48 57 5 100 136 252 109 95 105 67 73 234 227]
2022-11-28T17:53:15.309Z	DEBUG	replica=0	coded-hotterstuff/consensus.go:576	received proposal	{"CURRENT VIEW": 2, "msg": "proposal", "header view": 3, "prepare view": 1, "hash": "cLFzFj8B5QK8hCmGW/OU2JuMGjA5BWSI/G1faUNJ6uM=", "parent": "cPBdTa7qQJueFGrjnuqGleZwFBh/lhGAlUWBfCr3UKs="}
2022-11-28T17:53:15.318Z	DEBUG	replica=0	coded-hotterstuff/consensus.go:809	new block certified	{"CURRENT VIEW": 2, "view": 2, "hash": "cPBdTa7qQJueFGrjnuqGleZwFBh/lhGAlUWBfCr3UKs="}
2022-11-28T17:53:15.318Z	DEBUG	replica=0	coded-hotterstuff/consensus.go:520	entered new view	{"CURRENT VIEW": 3, "view timeout": 2, "timedout": false}
2022-11-28T17:53:15.318Z	DEBUG	replica=0	coded-hotterstuff/consensus.go:788	new block locked	{"CURRENT VIEW": 3, "view": 1, "hash": "SKC06ZXnbItnYZVTxXLWgGtuTOc9zSoSvlJWhQRO6/8="}
2022-11-28T17:53:15.321Z	DEBUG	replica=0	coded-hotterstuff/consensus.go:678	proposal is safe to vote on	{"CURRENT VIEW": 2, "msg": "proposal", "header view": 3, "prepare view": 1, "hash": "cLFzFj8B5QK8hCmGW/OU2JuMGjA5BWSI/G1faUNJ6uM=", "parent": "cPBdTa7qQJueFGrjnuqGleZwFBh/lhGAlUWBfCr3UKs="}
replica 0 is forwarding chunk to replica 1
replica 0 is forwarding chunk to replica 2
replica 0 is forwarding chunk to replica 4
replica 0 is forwarding chunk to replica 5
replica 0 is forwarding chunk to replica 6
replica 0 is forwarding chunk to replica 7
replica 0 is forwarding chunk to replica 8
Decoded original proposal, time: 2022-11-28 17:53:16.798800513 +0000 UTC m=+18.700526684 header hash: [112 177 115 22 63 1 229 2 188 132 41 134 91 243 148 216 155 140 26 48 57 5 100 136 252 109 95 105 67 73 234 227]
2022-11-28T17:53:16.798Z	DEBUG	replica=0	coded-hotterstuff/consensus.go:576	received proposal	{"CURRENT VIEW": 3, "msg": "proposal", "header view": 3, "prepare view": 2, "hash": "cLFzFj8B5QK8hCmGW/OU2JuMGjA5BWSI/G1faUNJ6uM=", "parent": "cPBdTa7qQJueFGrjnuqGleZwFBh/lhGAlUWBfCr3UKs="}
Decoded original proposal, time: 2022-11-28 17:53:17.894489996 +0000 UTC m=+19.796216125 header hash: [112 177 115 22 63 1 229 2 188 132 41 134 91 243 148 216 155 140 26 48 57 5 100 136 252 109 95 105 67 73 234 227]
2022-11-28T17:53:17.894Z	DEBUG	replica=0	coded-hotterstuff/consensus.go:576	received proposal	{"CURRENT VIEW": 3, "msg": "proposal", "header view": 3, "prepare view": 2, "hash": "cLFzFj8B5QK8hCmGW/OU2JuMGjA5BWSI/G1faUNJ6uM=", "parent": "cPBdTa7qQJueFGrjnuqGleZwFBh/lhGAlUWBfCr3UKs="}
replica 0 is forwarding chunk to replica 1
replica 0 is forwarding chunk to replica 2
replica 0 is forwarding chunk to replica 3
replica 0 is forwarding chunk to replica 5
replica 0 is forwarding chunk to replica 6
replica 0 is forwarding chunk to replica 7
replica 0 is forwarding chunk to replica 8
replica 0 is forwarding chunk to replica 1
replica 0 is forwarding chunk to replica 2
replica 0 is forwarding chunk to replica 3
replica 0 is forwarding chunk to replica 5
replica 0 is forwarding chunk to replica 6
replica 0 is forwarding chunk to replica 7
replica 0 is forwarding chunk to replica 8
Decoded original proposal, time: 2022-11-28 17:53:23.026168042 +0000 UTC m=+24.927894223 header hash: [241 106 152 62 46 209 156 146 237 16 116 52 193 237 0 80 85 192 166 182 15 238 2 99 236 42 182 26 232 130 25 190]
2022-11-28T17:53:23.026Z	DEBUG	replica=0	coded-hotterstuff/consensus.go:576	received proposal	{"CURRENT VIEW": 3, "msg": "proposal", "header view": 4, "prepare view": 2, "hash": "8WqYPi7RnJLtEHQ0we0AUFXAprYP7gJj7Cq2GuiCGb4=", "parent": "cLFzFj8B5QK8hCmGW/OU2JuMGjA5BWSI/G1faUNJ6uM="}
2022-11-28T17:53:23.035Z	DEBUG	replica=0	coded-hotterstuff/consensus.go:809	new block certified	{"CURRENT VIEW": 3, "view": 3, "hash": "cLFzFj8B5QK8hCmGW/OU2JuMGjA5BWSI/G1faUNJ6uM="}
2022-11-28T17:53:23.035Z	DEBUG	replica=0	coded-hotterstuff/consensus.go:520	entered new view	{"CURRENT VIEW": 4, "view timeout": 2, "timedout": false}
2022-11-28T17:53:23.036Z	DEBUG	replica=0	coded-hotterstuff/consensus.go:788	new block locked	{"CURRENT VIEW": 4, "view": 2, "hash": "cPBdTa7qQJueFGrjnuqGleZwFBh/lhGAlUWBfCr3UKs="}
2022-11-28T17:53:23.036Z	INFO	replica=0	coded-hotterstuff/consensus.go:797	new block commited	{"CURRENT VIEW": 4, "view": 1, "hash": "SKC06ZXnbItnYZVTxXLWgGtuTOc9zSoSvlJWhQRO6/8="}
2022-11-28T17:53:23.037Z	DEBUG	replica=0	coded-hotterstuff/consensus.go:678	proposal is safe to vote on	{"CURRENT VIEW": 3, "msg": "proposal", "header view": 4, "prepare view": 2, "hash": "8WqYPi7RnJLtEHQ0we0AUFXAprYP7gJj7Cq2GuiCGb4=", "parent": "cLFzFj8B5QK8hCmGW/OU2JuMGjA5BWSI/G1faUNJ6uM="}
Node  0 +1 block finalized at time:  2022-11-28 17:53:23.040327901 +0000 UTC m=+24.942054011
replica 0 is forwarding chunk to replica 1
replica 0 is forwarding chunk to replica 2
replica 0 is forwarding chunk to replica 3
replica 0 is forwarding chunk to replica 5
replica 0 is forwarding chunk to replica 6
replica 0 is forwarding chunk to replica 7
replica 0 is forwarding chunk to replica 8
Decoded original proposal, time: 2022-11-28 17:53:24.347479255 +0000 UTC m=+26.249205429 header hash: [241 106 152 62 46 209 156 146 237 16 116 52 193 237 0 80 85 192 166 182 15 238 2 99 236 42 182 26 232 130 25 190]
2022-11-28T17:53:24.347Z	DEBUG	replica=0	coded-hotterstuff/consensus.go:576	received proposal	{"CURRENT VIEW": 4, "msg": "proposal", "header view": 4, "prepare view": 3, "hash": "8WqYPi7RnJLtEHQ0we0AUFXAprYP7gJj7Cq2GuiCGb4=", "parent": "cLFzFj8B5QK8hCmGW/OU2JuMGjA5BWSI/G1faUNJ6uM="}
Decoded original proposal, time: 2022-11-28 17:53:25.215713026 +0000 UTC m=+27.117439158 header hash: [241 106 152 62 46 209 156 146 237 16 116 52 193 237 0 80 85 192 166 182 15 238 2 99 236 42 182 26 232 130 25 190]
2022-11-28T17:53:25.215Z	DEBUG	replica=0	coded-hotterstuff/consensus.go:576	received proposal	{"CURRENT VIEW": 4, "msg": "proposal", "header view": 4, "prepare view": 3, "hash": "8WqYPi7RnJLtEHQ0we0AUFXAprYP7gJj7Cq2GuiCGb4=", "parent": "cLFzFj8B5QK8hCmGW/OU2JuMGjA5BWSI/G1faUNJ6uM="}
replica 0 is forwarding chunk to replica 1
replica 0 is forwarding chunk to replica 2
replica 0 is forwarding chunk to replica 3
replica 0 is forwarding chunk to replica 4
replica 0 is forwarding chunk to replica 6
replica 0 is forwarding chunk to replica 7
replica 0 is forwarding chunk to replica 8
replica 0 is forwarding chunk to replica 1
replica 0 is forwarding chunk to replica 2
replica 0 is forwarding chunk to replica 3
replica 0 is forwarding chunk to replica 4
replica 0 is forwarding chunk to replica 6
replica 0 is forwarding chunk to replica 7
replica 0 is forwarding chunk to replica 8
Decoded original proposal, time: 2022-11-28 17:53:29.520104108 +0000 UTC m=+31.421830286 header hash: [142 10 227 234 199 14 168 203 47 218 211 136 230 41 94 109 68 52 16 5 27 142 16 70 5 23 250 1 182 25 221 148]
2022-11-28T17:53:29.520Z	DEBUG	replica=0	coded-hotterstuff/consensus.go:576	received proposal	{"CURRENT VIEW": 4, "msg": "proposal", "header view": 5, "prepare view": 3, "hash": "jgrj6scOqMsv2tOI5ilebUQ0EAUbjhBGBRf6AbYZ3ZQ=", "parent": "8WqYPi7RnJLtEHQ0we0AUFXAprYP7gJj7Cq2GuiCGb4="}
2022-11-28T17:53:29.531Z	DEBUG	replica=0	coded-hotterstuff/consensus.go:809	new block certified	{"CURRENT VIEW": 4, "view": 4, "hash": "8WqYPi7RnJLtEHQ0we0AUFXAprYP7gJj7Cq2GuiCGb4="}
2022-11-28T17:53:29.531Z	DEBUG	replica=0	coded-hotterstuff/consensus.go:520	entered new view	{"CURRENT VIEW": 5, "view timeout": 2, "timedout": false}
2022-11-28T17:53:29.531Z	DEBUG	replica=0	coded-hotterstuff/consensus.go:788	new block locked	{"CURRENT VIEW": 5, "view": 3, "hash": "cLFzFj8B5QK8hCmGW/OU2JuMGjA5BWSI/G1faUNJ6uM="}
2022-11-28T17:53:29.531Z	INFO	replica=0	coded-hotterstuff/consensus.go:797	new block commited	{"CURRENT VIEW": 5, "view": 2, "hash": "cPBdTa7qQJueFGrjnuqGleZwFBh/lhGAlUWBfCr3UKs="}
2022-11-28T17:53:29.533Z	DEBUG	replica=0	coded-hotterstuff/consensus.go:678	proposal is safe to vote on	{"CURRENT VIEW": 4, "msg": "proposal", "header view": 5, "prepare view": 3, "hash": "jgrj6scOqMsv2tOI5ilebUQ0EAUbjhBGBRf6AbYZ3ZQ=", "parent": "8WqYPi7RnJLtEHQ0we0AUFXAprYP7gJj7Cq2GuiCGb4="}
Node  0 +1 block finalized at time:  2022-11-28 17:53:29.537098219 +0000 UTC m=+31.438824341
replica 0 is forwarding chunk to replica 1
replica 0 is forwarding chunk to replica 2
replica 0 is forwarding chunk to replica 3
replica 0 is forwarding chunk to replica 4
replica 0 is forwarding chunk to replica 6
replica 0 is forwarding chunk to replica 7
replica 0 is forwarding chunk to replica 8
Decoded original proposal, time: 2022-11-28 17:53:30.868131901 +0000 UTC m=+32.769858033 header hash: [142 10 227 234 199 14 168 203 47 218 211 136 230 41 94 109 68 52 16 5 27 142 16 70 5 23 250 1 182 25 221 148]
2022-11-28T17:53:30.868Z	DEBUG	replica=0	coded-hotterstuff/consensus.go:576	received proposal	{"CURRENT VIEW": 5, "msg": "proposal", "header view": 5, "prepare view": 4, "hash": "jgrj6scOqMsv2tOI5ilebUQ0EAUbjhBGBRf6AbYZ3ZQ=", "parent": "8WqYPi7RnJLtEHQ0we0AUFXAprYP7gJj7Cq2GuiCGb4="}
Decoded original proposal, time: 2022-11-28 17:53:32.075356971 +0000 UTC m=+33.977083087 header hash: [142 10 227 234 199 14 168 203 47 218 211 136 230 41 94 109 68 52 16 5 27 142 16 70 5 23 250 1 182 25 221 148]
2022-11-28T17:53:32.075Z	DEBUG	replica=0	coded-hotterstuff/consensus.go:576	received proposal	{"CURRENT VIEW": 5, "msg": "proposal", "header view": 5, "prepare view": 4, "hash": "jgrj6scOqMsv2tOI5ilebUQ0EAUbjhBGBRf6AbYZ3ZQ=", "parent": "8WqYPi7RnJLtEHQ0we0AUFXAprYP7gJj7Cq2GuiCGb4="}
replica 0 is forwarding chunk to replica 1
replica 0 is forwarding chunk to replica 2
replica 0 is forwarding chunk to replica 3
replica 0 is forwarding chunk to replica 4
replica 0 is forwarding chunk to replica 5
replica 0 is forwarding chunk to replica 7
replica 0 is forwarding chunk to replica 8
Decoded original proposal, time: 2022-11-28 17:53:37.154456431 +0000 UTC m=+39.056182576 header hash: [144 90 124 249 42 55 49 193 182 202 159 220 172 15 148 92 178 123 123 95 139 252 214 157 36 122 219 17 149 62 178 46]
2022-11-28T17:53:37.154Z	DEBUG	replica=0	coded-hotterstuff/consensus.go:576	received proposal	{"CURRENT VIEW": 5, "msg": "proposal", "header view": 6, "prepare view": 4, "hash": "kFp8+So3McG2yp/crA+UXLJ7e1+L/NadJHrbEZU+si4=", "parent": "jgrj6scOqMsv2tOI5ilebUQ0EAUbjhBGBRf6AbYZ3ZQ="}
2022-11-28T17:53:37.165Z	DEBUG	replica=0	coded-hotterstuff/consensus.go:809	new block certified	{"CURRENT VIEW": 5, "view": 5, "hash": "jgrj6scOqMsv2tOI5ilebUQ0EAUbjhBGBRf6AbYZ3ZQ="}
2022-11-28T17:53:37.165Z	DEBUG	replica=0	coded-hotterstuff/consensus.go:520	entered new view	{"CURRENT VIEW": 6, "view timeout": 2, "timedout": false}
2022-11-28T17:53:37.165Z	DEBUG	replica=0	coded-hotterstuff/consensus.go:788	new block locked	{"CURRENT VIEW": 6, "view": 4, "hash": "8WqYPi7RnJLtEHQ0we0AUFXAprYP7gJj7Cq2GuiCGb4="}
2022-11-28T17:53:37.165Z	INFO	replica=0	coded-hotterstuff/consensus.go:797	new block commited	{"CURRENT VIEW": 6, "view": 3, "hash": "cLFzFj8B5QK8hCmGW/OU2JuMGjA5BWSI/G1faUNJ6uM="}
2022-11-28T17:53:37.167Z	DEBUG	replica=0	coded-hotterstuff/consensus.go:678	proposal is safe to vote on	{"CURRENT VIEW": 5, "msg": "proposal", "header view": 6, "prepare view": 4, "hash": "kFp8+So3McG2yp/crA+UXLJ7e1+L/NadJHrbEZU+si4=", "parent": "jgrj6scOqMsv2tOI5ilebUQ0EAUbjhBGBRf6AbYZ3ZQ="}
Node  0 +1 block finalized at time:  2022-11-28 17:53:37.17049697 +0000 UTC m=+39.072223081
replica 0 is forwarding chunk to replica 1
replica 0 is forwarding chunk to replica 2
replica 0 is forwarding chunk to replica 3
replica 0 is forwarding chunk to replica 4
replica 0 is forwarding chunk to replica 5
replica 0 is forwarding chunk to replica 7
replica 0 is forwarding chunk to replica 8
Decoded original proposal, time: 2022-11-28 17:53:38.220859093 +0000 UTC m=+40.122585266 header hash: [144 90 124 249 42 55 49 193 182 202 159 220 172 15 148 92 178 123 123 95 139 252 214 157 36 122 219 17 149 62 178 46]
2022-11-28T17:53:38.220Z	DEBUG	replica=0	coded-hotterstuff/consensus.go:576	received proposal	{"CURRENT VIEW": 6, "msg": "proposal", "header view": 6, "prepare view": 5, "hash": "kFp8+So3McG2yp/crA+UXLJ7e1+L/NadJHrbEZU+si4=", "parent": "jgrj6scOqMsv2tOI5ilebUQ0EAUbjhBGBRf6AbYZ3ZQ="}
replica 0 is forwarding chunk to replica 1
replica 0 is forwarding chunk to replica 2
replica 0 is forwarding chunk to replica 3
replica 0 is forwarding chunk to replica 4
replica 0 is forwarding chunk to replica 5
replica 0 is forwarding chunk to replica 7
replica 0 is forwarding chunk to replica 8
Decoded original proposal, time: 2022-11-28 17:53:40.165326898 +0000 UTC m=+42.067053029 header hash: [144 90 124 249 42 55 49 193 182 202 159 220 172 15 148 92 178 123 123 95 139 252 214 157 36 122 219 17 149 62 178 46]
2022-11-28T17:53:40.165Z	DEBUG	replica=0	coded-hotterstuff/consensus.go:576	received proposal	{"CURRENT VIEW": 6, "msg": "proposal", "header view": 6, "prepare view": 5, "hash": "kFp8+So3McG2yp/crA+UXLJ7e1+L/NadJHrbEZU+si4=", "parent": "jgrj6scOqMsv2tOI5ilebUQ0EAUbjhBGBRf6AbYZ3ZQ="}
replica 0 is forwarding chunk to replica 1
replica 0 is forwarding chunk to replica 2
replica 0 is forwarding chunk to replica 3
replica 0 is forwarding chunk to replica 4
replica 0 is forwarding chunk to replica 5
replica 0 is forwarding chunk to replica 6
replica 0 is forwarding chunk to replica 8
Decoded original proposal, time: 2022-11-28 17:53:47.508845982 +0000 UTC m=+49.410572177 header hash: [82 186 70 5 171 170 163 31 242 237 216 214 91 95 174 96 9 56 150 120 198 10 139 98 230 188 67 131 78 157 60 15]
2022-11-28T17:53:47.508Z	DEBUG	replica=0	coded-hotterstuff/consensus.go:576	received proposal	{"CURRENT VIEW": 6, "msg": "proposal", "header view": 7, "prepare view": 5, "hash": "UrpGBauqox/y7djWW1+uYAk4lnjGCoti5rxDg06dPA8=", "parent": "kFp8+So3McG2yp/crA+UXLJ7e1+L/NadJHrbEZU+si4="}
2022-11-28T17:53:47.517Z	DEBUG	replica=0	coded-hotterstuff/consensus.go:809	new block certified	{"CURRENT VIEW": 6, "view": 6, "hash": "kFp8+So3McG2yp/crA+UXLJ7e1+L/NadJHrbEZU+si4="}
2022-11-28T17:53:47.517Z	DEBUG	replica=0	coded-hotterstuff/consensus.go:520	entered new view	{"CURRENT VIEW": 7, "view timeout": 2, "timedout": false}
2022-11-28T17:53:47.517Z	DEBUG	replica=0	coded-hotterstuff/consensus.go:788	new block locked	{"CURRENT VIEW": 7, "view": 5, "hash": "jgrj6scOqMsv2tOI5ilebUQ0EAUbjhBGBRf6AbYZ3ZQ="}
2022-11-28T17:53:47.517Z	INFO	replica=0	coded-hotterstuff/consensus.go:797	new block commited	{"CURRENT VIEW": 7, "view": 4, "hash": "8WqYPi7RnJLtEHQ0we0AUFXAprYP7gJj7Cq2GuiCGb4="}
2022-11-28T17:53:47.518Z	DEBUG	replica=0	coded-hotterstuff/consensus.go:678	proposal is safe to vote on	{"CURRENT VIEW": 6, "msg": "proposal", "header view": 7, "prepare view": 5, "hash": "UrpGBauqox/y7djWW1+uYAk4lnjGCoti5rxDg06dPA8=", "parent": "kFp8+So3McG2yp/crA+UXLJ7e1+L/NadJHrbEZU+si4="}
Node  0 +1 block finalized at time:  2022-11-28 17:53:47.52094886 +0000 UTC m=+49.422674984
replica 0 is forwarding chunk to replica 1
replica 0 is forwarding chunk to replica 2
replica 0 is forwarding chunk to replica 3
replica 0 is forwarding chunk to replica 4
replica 0 is forwarding chunk to replica 5
replica 0 is forwarding chunk to replica 6
replica 0 is forwarding chunk to replica 8
Decoded original proposal, time: 2022-11-28 17:53:48.891718248 +0000 UTC m=+50.793444380 header hash: [82 186 70 5 171 170 163 31 242 237 216 214 91 95 174 96 9 56 150 120 198 10 139 98 230 188 67 131 78 157 60 15]
2022-11-28T17:53:48.891Z	DEBUG	replica=0	coded-hotterstuff/consensus.go:576	received proposal	{"CURRENT VIEW": 7, "msg": "proposal", "header view": 7, "prepare view": 6, "hash": "UrpGBauqox/y7djWW1+uYAk4lnjGCoti5rxDg06dPA8=", "parent": "kFp8+So3McG2yp/crA+UXLJ7e1+L/NadJHrbEZU+si4="}
replica 0 is forwarding chunk to replica 1
replica 0 is forwarding chunk to replica 2
replica 0 is forwarding chunk to replica 3
replica 0 is forwarding chunk to replica 4
replica 0 is forwarding chunk to replica 5
replica 0 is forwarding chunk to replica 6
replica 0 is forwarding chunk to replica 8
Decoded original proposal, time: 2022-11-28 17:53:50.588685607 +0000 UTC m=+52.490411784 header hash: [82 186 70 5 171 170 163 31 242 237 216 214 91 95 174 96 9 56 150 120 198 10 139 98 230 188 67 131 78 157 60 15]
2022-11-28T17:53:50.588Z	DEBUG	replica=0	coded-hotterstuff/consensus.go:576	received proposal	{"CURRENT VIEW": 7, "msg": "proposal", "header view": 7, "prepare view": 6, "hash": "UrpGBauqox/y7djWW1+uYAk4lnjGCoti5rxDg06dPA8=", "parent": "kFp8+So3McG2yp/crA+UXLJ7e1+L/NadJHrbEZU+si4="}
replica 0 is forwarding chunk to replica 1
replica 0 is forwarding chunk to replica 2
replica 0 is forwarding chunk to replica 3
replica 0 is forwarding chunk to replica 4
replica 0 is forwarding chunk to replica 5
replica 0 is forwarding chunk to replica 6
replica 0 is forwarding chunk to replica 7
2022-11-28T17:53:55.976Z	DEBUG	replica=0	coded-hotterstuff/consensus.go:965	received vote	{"CURRENT VIEW": 7, "msg": "vote", "voter": 8, "view": 7, "hash": "CdTNHG77L/KNb6fxbFkMI5vefUtOuAcj6xhNSmb/gws="}
Node  0  received vote before proposal, saving vote in pending votes, hash is  [9 212 205 28 110 251 47 242 141 111 167 241 108 89 12 35 155 222 125 75 78 184 7 35 235 24 77 74 102 255 131 11]  and string is,  8
2022-11-28T17:53:55.976Z	DEBUG	replica=0	coded-hotterstuff/consensus.go:970	Received vote before proposal, key is, 8	{"CURRENT VIEW": 7}
Decoded original proposal, time: 2022-11-28 17:53:57.75217111 +0000 UTC m=+59.653897238 header hash: [9 212 205 28 110 251 47 242 141 111 167 241 108 89 12 35 155 222 125 75 78 184 7 35 235 24 77 74 102 255 131 11]
2022-11-28T17:53:57.752Z	DEBUG	replica=0	coded-hotterstuff/consensus.go:576	received proposal	{"CURRENT VIEW": 7, "msg": "proposal", "header view": 8, "prepare view": 6, "hash": "CdTNHG77L/KNb6fxbFkMI5vefUtOuAcj6xhNSmb/gws=", "parent": "UrpGBauqox/y7djWW1+uYAk4lnjGCoti5rxDg06dPA8="}
2022-11-28T17:53:57.761Z	DEBUG	replica=0	coded-hotterstuff/consensus.go:809	new block certified	{"CURRENT VIEW": 7, "view": 7, "hash": "UrpGBauqox/y7djWW1+uYAk4lnjGCoti5rxDg06dPA8="}
2022-11-28T17:53:57.761Z	DEBUG	replica=0	coded-hotterstuff/consensus.go:520	entered new view	{"CURRENT VIEW": 8, "view timeout": 2, "timedout": false}
2022-11-28T17:53:57.761Z	DEBUG	replica=0	coded-hotterstuff/consensus.go:535	replica is a leader for next view. collecting new-view messages	{"CURRENT VIEW": 8}
2022-11-28T17:53:57.761Z	DEBUG	replica=0	coded-hotterstuff/consensus.go:788	new block locked	{"CURRENT VIEW": 8, "view": 6, "hash": "kFp8+So3McG2yp/crA+UXLJ7e1+L/NadJHrbEZU+si4="}
2022-11-28T17:53:57.761Z	INFO	replica=0	coded-hotterstuff/consensus.go:797	new block commited	{"CURRENT VIEW": 8, "view": 5, "hash": "jgrj6scOqMsv2tOI5ilebUQ0EAUbjhBGBRf6AbYZ3ZQ="}
2022-11-28T17:53:57.762Z	DEBUG	replica=0	coded-hotterstuff/consensus.go:678	proposal is safe to vote on	{"CURRENT VIEW": 7, "msg": "proposal", "header view": 8, "prepare view": 6, "hash": "CdTNHG77L/KNb6fxbFkMI5vefUtOuAcj6xhNSmb/gws=", "parent": "UrpGBauqox/y7djWW1+uYAk4lnjGCoti5rxDg06dPA8="}
2022-11-28T17:53:57.762Z	DEBUG	replica=0	coded-hotterstuff/consensus.go:758	Taking care of pending vote 8	{"CURRENT VIEW": 8}
2022-11-28T17:53:57.762Z	DEBUG	replica=0	coded-hotterstuff/consensus.go:965	received vote	{"CURRENT VIEW": 8, "msg": "vote", "voter": 8, "view": 8, "hash": "CdTNHG77L/KNb6fxbFkMI5vefUtOuAcj6xhNSmb/gws="}
2022-11-28T17:53:57.770Z	DEBUG	replica=0	coded-hotterstuff/consensus.go:965	received vote	{"CURRENT VIEW": 8, "msg": "vote", "voter": 0, "view": 8, "hash": "CdTNHG77L/KNb6fxbFkMI5vefUtOuAcj6xhNSmb/gws="}
Node  0 +1 block finalized at time:  2022-11-28 17:53:57.776426785 +0000 UTC m=+59.678152898
