Node index: 7
[10.0.1.0:9000 10.0.1.2:9001 10.0.1.4:9002 10.0.1.6:9003 10.0.1.8:9004 10.0.1.10:9005 10.0.1.12:9006 10.0.1.14:9007 10.0.1.16:9008]
node 7 initiating connection to 10.0.1.4:9002
node 7 successfully initiated connection to 10.0.1.4:9002
node 7 initiating connection to 10.0.1.0:9000
node 7 successfully initiated connection to 10.0.1.0:9000
node 7 initiating connection to 10.0.1.2:9001
node 7 successfully initiated connection to 10.0.1.2:9001
node 7 initiating connection to 10.0.1.8:9004
node 7 successfully initiated connection to 10.0.1.8:9004
node 7 initiating connection to 10.0.1.6:9003
node 7 successfully initiated connection to 10.0.1.6:9003
node 7 initiating connection to 10.0.1.10:9005
node 7 successfully initiated connection to 10.0.1.10:9005
node 7 initiating connection to 10.0.1.12:9006
node 7 successfully initiated connection to 10.0.1.12:9006
connection established 7 - 8
Node  7 -->  Listening for messages... 
connection established 7 - 0
Node  7 -->  Listening for messages... 
connection established 7 - 1
Node  7 -->  Listening for messages... 
connection established 7 - 4
Node  7 -->  Listening for messages... 
connection established 7 - 3
Node  7 -->  Listening for messages... 
connection established 7 - 5
Node  7 -->  Listening for messages... 
connection established 7 - 6
Node  7 -->  Listening for messages... 
connection established 7 - 2
Node  7 -->  Listening for messages... 
2022-11-28T00:56:07.857Z	DEBUG	replica=7	coded-hotterstuff/consensus.go:520	entered new view	{"CURRENT VIEW": 1, "view timeout": 2, "timedout": false}
replica 7 is forwarding chunk to replica 0
replica 7 is forwarding chunk to replica 2
replica 7 is forwarding chunk to replica 3
replica 7 is forwarding chunk to replica 4
replica 7 is forwarding chunk to replica 5
replica 7 is forwarding chunk to replica 6
replica 7 is forwarding chunk to replica 8
Decoded original proposal, time: 2022-11-28 00:56:12.621252353 +0000 UTC m=+4.904964282 header hash: [72 160 180 233 149 231 108 139 103 97 149 83 197 114 214 128 107 110 76 231 61 205 42 18 190 82 86 133 4 78 235 255]
2022-11-28T00:56:12.621Z	DEBUG	replica=7	coded-hotterstuff/consensus.go:576	received proposal	{"CURRENT VIEW": 1, "msg": "proposal", "header view": 1, "prepare view": 0, "hash": "SKC06ZXnbItnYZVTxXLWgGtuTOc9zSoSvlJWhQRO6/8=", "parent": "GZWDhiYW+ib6TpJWRLDOftUd8y8ovAaEerQWDbefS7c="}
2022-11-28T00:56:12.629Z	DEBUG	replica=7	coded-hotterstuff/consensus.go:777	could not find gparent header	{"CURRENT VIEW": 1, "view": 0, "hash": "GZWDhiYW+ib6TpJWRLDOftUd8y8ovAaEerQWDbefS7c="}
2022-11-28T00:56:12.632Z	DEBUG	replica=7	coded-hotterstuff/consensus.go:678	proposal is safe to vote on	{"CURRENT VIEW": 1, "msg": "proposal", "header view": 1, "prepare view": 0, "hash": "SKC06ZXnbItnYZVTxXLWgGtuTOc9zSoSvlJWhQRO6/8=", "parent": "GZWDhiYW+ib6TpJWRLDOftUd8y8ovAaEerQWDbefS7c="}
replica 7 is forwarding chunk to replica 0
replica 7 is forwarding chunk to replica 1
replica 7 is forwarding chunk to replica 3
replica 7 is forwarding chunk to replica 4
replica 7 is forwarding chunk to replica 5
replica 7 is forwarding chunk to replica 6
replica 7 is forwarding chunk to replica 8
replica 7 is forwarding chunk to replica 0
replica 7 is forwarding chunk to replica 1
replica 7 is forwarding chunk to replica 3
replica 7 is forwarding chunk to replica 4
replica 7 is forwarding chunk to replica 5
replica 7 is forwarding chunk to replica 6
replica 7 is forwarding chunk to replica 8
replica 7 is forwarding chunk to replica 0
replica 7 is forwarding chunk to replica 1
replica 7 is forwarding chunk to replica 3
replica 7 is forwarding chunk to replica 4
replica 7 is forwarding chunk to replica 5
replica 7 is forwarding chunk to replica 6
replica 7 is forwarding chunk to replica 8
Decoded original proposal, time: 2022-11-28 00:56:18.970367583 +0000 UTC m=+11.254079553 header hash: [112 240 93 77 174 234 64 155 158 20 106 227 158 234 134 149 230 112 20 24 127 150 17 128 149 69 129 124 42 247 80 171]
2022-11-28T00:56:18.970Z	DEBUG	replica=7	coded-hotterstuff/consensus.go:576	received proposal	{"CURRENT VIEW": 1, "msg": "proposal", "header view": 2, "prepare view": 0, "hash": "cPBdTa7qQJueFGrjnuqGleZwFBh/lhGAlUWBfCr3UKs=", "parent": "SKC06ZXnbItnYZVTxXLWgGtuTOc9zSoSvlJWhQRO6/8="}
2022-11-28T00:56:18.979Z	DEBUG	replica=7	coded-hotterstuff/consensus.go:809	new block certified	{"CURRENT VIEW": 1, "view": 1, "hash": "SKC06ZXnbItnYZVTxXLWgGtuTOc9zSoSvlJWhQRO6/8="}
2022-11-28T00:56:18.979Z	DEBUG	replica=7	coded-hotterstuff/consensus.go:520	entered new view	{"CURRENT VIEW": 2, "view timeout": 2, "timedout": false}
2022-11-28T00:56:18.979Z	DEBUG	replica=7	coded-hotterstuff/consensus.go:782	could not find ggparent header	{"CURRENT VIEW": 2, "view": 0, "hash": "GZWDhiYW+ib6TpJWRLDOftUd8y8ovAaEerQWDbefS7c="}
2022-11-28T00:56:18.981Z	DEBUG	replica=7	coded-hotterstuff/consensus.go:678	proposal is safe to vote on	{"CURRENT VIEW": 1, "msg": "proposal", "header view": 2, "prepare view": 0, "hash": "cPBdTa7qQJueFGrjnuqGleZwFBh/lhGAlUWBfCr3UKs=", "parent": "SKC06ZXnbItnYZVTxXLWgGtuTOc9zSoSvlJWhQRO6/8="}
Decoded original proposal, time: 2022-11-28 00:56:20.292950547 +0000 UTC m=+12.576662522 header hash: [112 240 93 77 174 234 64 155 158 20 106 227 158 234 134 149 230 112 20 24 127 150 17 128 149 69 129 124 42 247 80 171]
2022-11-28T00:56:20.293Z	DEBUG	replica=7	coded-hotterstuff/consensus.go:576	received proposal	{"CURRENT VIEW": 2, "msg": "proposal", "header view": 2, "prepare view": 1, "hash": "cPBdTa7qQJueFGrjnuqGleZwFBh/lhGAlUWBfCr3UKs=", "parent": "SKC06ZXnbItnYZVTxXLWgGtuTOc9zSoSvlJWhQRO6/8="}
2022-11-28T00:56:20.300Z	DEBUG	replica=7	coded-hotterstuff/consensus.go:782	could not find ggparent header	{"CURRENT VIEW": 2, "view": 0, "hash": "GZWDhiYW+ib6TpJWRLDOftUd8y8ovAaEerQWDbefS7c="}
Decoded original proposal, time: 2022-11-28 00:56:21.324054698 +0000 UTC m=+13.607766617 header hash: [112 240 93 77 174 234 64 155 158 20 106 227 158 234 134 149 230 112 20 24 127 150 17 128 149 69 129 124 42 247 80 171]
2022-11-28T00:56:21.324Z	DEBUG	replica=7	coded-hotterstuff/consensus.go:576	received proposal	{"CURRENT VIEW": 2, "msg": "proposal", "header view": 2, "prepare view": 1, "hash": "cPBdTa7qQJueFGrjnuqGleZwFBh/lhGAlUWBfCr3UKs=", "parent": "SKC06ZXnbItnYZVTxXLWgGtuTOc9zSoSvlJWhQRO6/8="}
2022-11-28T00:56:21.331Z	DEBUG	replica=7	coded-hotterstuff/consensus.go:782	could not find ggparent header	{"CURRENT VIEW": 2, "view": 0, "hash": "GZWDhiYW+ib6TpJWRLDOftUd8y8ovAaEerQWDbefS7c="}
replica 7 is forwarding chunk to replica 0
replica 7 is forwarding chunk to replica 1
replica 7 is forwarding chunk to replica 2
replica 7 is forwarding chunk to replica 4
replica 7 is forwarding chunk to replica 5
replica 7 is forwarding chunk to replica 6
replica 7 is forwarding chunk to replica 8
Decoded original proposal, time: 2022-11-28 00:56:24.164641434 +0000 UTC m=+16.448353358 header hash: [112 177 115 22 63 1 229 2 188 132 41 134 91 243 148 216 155 140 26 48 57 5 100 136 252 109 95 105 67 73 234 227]
2022-11-28T00:56:24.164Z	DEBUG	replica=7	coded-hotterstuff/consensus.go:576	received proposal	{"CURRENT VIEW": 2, "msg": "proposal", "header view": 3, "prepare view": 1, "hash": "cLFzFj8B5QK8hCmGW/OU2JuMGjA5BWSI/G1faUNJ6uM=", "parent": "cPBdTa7qQJueFGrjnuqGleZwFBh/lhGAlUWBfCr3UKs="}
2022-11-28T00:56:24.174Z	DEBUG	replica=7	coded-hotterstuff/consensus.go:809	new block certified	{"CURRENT VIEW": 2, "view": 2, "hash": "cPBdTa7qQJueFGrjnuqGleZwFBh/lhGAlUWBfCr3UKs="}
2022-11-28T00:56:24.174Z	DEBUG	replica=7	coded-hotterstuff/consensus.go:520	entered new view	{"CURRENT VIEW": 3, "view timeout": 2, "timedout": false}
2022-11-28T00:56:24.174Z	DEBUG	replica=7	coded-hotterstuff/consensus.go:788	new block locked	{"CURRENT VIEW": 3, "view": 1, "hash": "SKC06ZXnbItnYZVTxXLWgGtuTOc9zSoSvlJWhQRO6/8="}
2022-11-28T00:56:24.177Z	DEBUG	replica=7	coded-hotterstuff/consensus.go:678	proposal is safe to vote on	{"CURRENT VIEW": 2, "msg": "proposal", "header view": 3, "prepare view": 1, "hash": "cLFzFj8B5QK8hCmGW/OU2JuMGjA5BWSI/G1faUNJ6uM=", "parent": "cPBdTa7qQJueFGrjnuqGleZwFBh/lhGAlUWBfCr3UKs="}
replica 7 is forwarding chunk to replica 0
replica 7 is forwarding chunk to replica 1
replica 7 is forwarding chunk to replica 2
replica 7 is forwarding chunk to replica 4
replica 7 is forwarding chunk to replica 5
replica 7 is forwarding chunk to replica 6
replica 7 is forwarding chunk to replica 8
replica 7 is forwarding chunk to replica 0
replica 7 is forwarding chunk to replica 1
replica 7 is forwarding chunk to replica 2
replica 7 is forwarding chunk to replica 4
replica 7 is forwarding chunk to replica 5
replica 7 is forwarding chunk to replica 6
replica 7 is forwarding chunk to replica 8
Decoded original proposal, time: 2022-11-28 00:56:28.684341742 +0000 UTC m=+20.968053736 header hash: [112 177 115 22 63 1 229 2 188 132 41 134 91 243 148 216 155 140 26 48 57 5 100 136 252 109 95 105 67 73 234 227]
2022-11-28T00:56:28.684Z	DEBUG	replica=7	coded-hotterstuff/consensus.go:576	received proposal	{"CURRENT VIEW": 3, "msg": "proposal", "header view": 3, "prepare view": 2, "hash": "cLFzFj8B5QK8hCmGW/OU2JuMGjA5BWSI/G1faUNJ6uM=", "parent": "cPBdTa7qQJueFGrjnuqGleZwFBh/lhGAlUWBfCr3UKs="}
replica 7 is forwarding chunk to replica 0
replica 7 is forwarding chunk to replica 1
replica 7 is forwarding chunk to replica 2
replica 7 is forwarding chunk to replica 3
replica 7 is forwarding chunk to replica 5
replica 7 is forwarding chunk to replica 6
replica 7 is forwarding chunk to replica 8
Decoded original proposal, time: 2022-11-28 00:56:31.412312529 +0000 UTC m=+23.696024458 header hash: [112 177 115 22 63 1 229 2 188 132 41 134 91 243 148 216 155 140 26 48 57 5 100 136 252 109 95 105 67 73 234 227]
2022-11-28T00:56:31.412Z	DEBUG	replica=7	coded-hotterstuff/consensus.go:576	received proposal	{"CURRENT VIEW": 3, "msg": "proposal", "header view": 3, "prepare view": 2, "hash": "cLFzFj8B5QK8hCmGW/OU2JuMGjA5BWSI/G1faUNJ6uM=", "parent": "cPBdTa7qQJueFGrjnuqGleZwFBh/lhGAlUWBfCr3UKs="}
replica 7 is forwarding chunk to replica 0
replica 7 is forwarding chunk to replica 1
replica 7 is forwarding chunk to replica 2
replica 7 is forwarding chunk to replica 3
replica 7 is forwarding chunk to replica 5
replica 7 is forwarding chunk to replica 6
replica 7 is forwarding chunk to replica 8
replica 7 is forwarding chunk to replica 0
replica 7 is forwarding chunk to replica 1
replica 7 is forwarding chunk to replica 2
replica 7 is forwarding chunk to replica 3
replica 7 is forwarding chunk to replica 5
replica 7 is forwarding chunk to replica 6
replica 7 is forwarding chunk to replica 8
Decoded original proposal, time: 2022-11-28 00:56:33.918445526 +0000 UTC m=+26.202157530 header hash: [241 106 152 62 46 209 156 146 237 16 116 52 193 237 0 80 85 192 166 182 15 238 2 99 236 42 182 26 232 130 25 190]
2022-11-28T00:56:33.918Z	DEBUG	replica=7	coded-hotterstuff/consensus.go:576	received proposal	{"CURRENT VIEW": 3, "msg": "proposal", "header view": 4, "prepare view": 2, "hash": "8WqYPi7RnJLtEHQ0we0AUFXAprYP7gJj7Cq2GuiCGb4=", "parent": "cLFzFj8B5QK8hCmGW/OU2JuMGjA5BWSI/G1faUNJ6uM="}
2022-11-28T00:56:33.928Z	DEBUG	replica=7	coded-hotterstuff/consensus.go:809	new block certified	{"CURRENT VIEW": 3, "view": 3, "hash": "cLFzFj8B5QK8hCmGW/OU2JuMGjA5BWSI/G1faUNJ6uM="}
2022-11-28T00:56:33.928Z	DEBUG	replica=7	coded-hotterstuff/consensus.go:520	entered new view	{"CURRENT VIEW": 4, "view timeout": 2, "timedout": false}
2022-11-28T00:56:33.928Z	DEBUG	replica=7	coded-hotterstuff/consensus.go:788	new block locked	{"CURRENT VIEW": 4, "view": 2, "hash": "cPBdTa7qQJueFGrjnuqGleZwFBh/lhGAlUWBfCr3UKs="}
2022-11-28T00:56:33.928Z	INFO	replica=7	coded-hotterstuff/consensus.go:797	new block commited	{"CURRENT VIEW": 4, "view": 1, "hash": "SKC06ZXnbItnYZVTxXLWgGtuTOc9zSoSvlJWhQRO6/8="}
2022-11-28T00:56:33.929Z	DEBUG	replica=7	coded-hotterstuff/consensus.go:678	proposal is safe to vote on	{"CURRENT VIEW": 3, "msg": "proposal", "header view": 4, "prepare view": 2, "hash": "8WqYPi7RnJLtEHQ0we0AUFXAprYP7gJj7Cq2GuiCGb4=", "parent": "cLFzFj8B5QK8hCmGW/OU2JuMGjA5BWSI/G1faUNJ6uM="}
Node  7 +1 block finalized at time:  2022-11-28 00:56:33.93232002 +0000 UTC m=+26.216031942
Decoded original proposal, time: 2022-11-28 00:56:35.885007687 +0000 UTC m=+28.168719617 header hash: [241 106 152 62 46 209 156 146 237 16 116 52 193 237 0 80 85 192 166 182 15 238 2 99 236 42 182 26 232 130 25 190]
2022-11-28T00:56:35.885Z	DEBUG	replica=7	coded-hotterstuff/consensus.go:576	received proposal	{"CURRENT VIEW": 4, "msg": "proposal", "header view": 4, "prepare view": 3, "hash": "8WqYPi7RnJLtEHQ0we0AUFXAprYP7gJj7Cq2GuiCGb4=", "parent": "cLFzFj8B5QK8hCmGW/OU2JuMGjA5BWSI/G1faUNJ6uM="}
Decoded original proposal, time: 2022-11-28 00:56:37.041164074 +0000 UTC m=+29.324876002 header hash: [241 106 152 62 46 209 156 146 237 16 116 52 193 237 0 80 85 192 166 182 15 238 2 99 236 42 182 26 232 130 25 190]
2022-11-28T00:56:37.041Z	DEBUG	replica=7	coded-hotterstuff/consensus.go:576	received proposal	{"CURRENT VIEW": 4, "msg": "proposal", "header view": 4, "prepare view": 3, "hash": "8WqYPi7RnJLtEHQ0we0AUFXAprYP7gJj7Cq2GuiCGb4=", "parent": "cLFzFj8B5QK8hCmGW/OU2JuMGjA5BWSI/G1faUNJ6uM="}
replica 7 is forwarding chunk to replica 0
replica 7 is forwarding chunk to replica 1
replica 7 is forwarding chunk to replica 2
replica 7 is forwarding chunk to replica 3
replica 7 is forwarding chunk to replica 4
replica 7 is forwarding chunk to replica 6
replica 7 is forwarding chunk to replica 8
Decoded original proposal, time: 2022-11-28 00:56:40.266418782 +0000 UTC m=+32.550130748 header hash: [142 10 227 234 199 14 168 203 47 218 211 136 230 41 94 109 68 52 16 5 27 142 16 70 5 23 250 1 182 25 221 148]
2022-11-28T00:56:40.266Z	DEBUG	replica=7	coded-hotterstuff/consensus.go:576	received proposal	{"CURRENT VIEW": 4, "msg": "proposal", "header view": 5, "prepare view": 3, "hash": "jgrj6scOqMsv2tOI5ilebUQ0EAUbjhBGBRf6AbYZ3ZQ=", "parent": "8WqYPi7RnJLtEHQ0we0AUFXAprYP7gJj7Cq2GuiCGb4="}
2022-11-28T00:56:40.276Z	DEBUG	replica=7	coded-hotterstuff/consensus.go:809	new block certified	{"CURRENT VIEW": 4, "view": 4, "hash": "8WqYPi7RnJLtEHQ0we0AUFXAprYP7gJj7Cq2GuiCGb4="}
2022-11-28T00:56:40.276Z	DEBUG	replica=7	coded-hotterstuff/consensus.go:520	entered new view	{"CURRENT VIEW": 5, "view timeout": 2, "timedout": false}
2022-11-28T00:56:40.276Z	DEBUG	replica=7	coded-hotterstuff/consensus.go:788	new block locked	{"CURRENT VIEW": 5, "view": 3, "hash": "cLFzFj8B5QK8hCmGW/OU2JuMGjA5BWSI/G1faUNJ6uM="}
2022-11-28T00:56:40.276Z	INFO	replica=7	coded-hotterstuff/consensus.go:797	new block commited	{"CURRENT VIEW": 5, "view": 2, "hash": "cPBdTa7qQJueFGrjnuqGleZwFBh/lhGAlUWBfCr3UKs="}
2022-11-28T00:56:40.279Z	DEBUG	replica=7	coded-hotterstuff/consensus.go:678	proposal is safe to vote on	{"CURRENT VIEW": 4, "msg": "proposal", "header view": 5, "prepare view": 3, "hash": "jgrj6scOqMsv2tOI5ilebUQ0EAUbjhBGBRf6AbYZ3ZQ=", "parent": "8WqYPi7RnJLtEHQ0we0AUFXAprYP7gJj7Cq2GuiCGb4="}
Node  7 +1 block finalized at time:  2022-11-28 00:56:40.282485781 +0000 UTC m=+32.566197701
replica 7 is forwarding chunk to replica 0
replica 7 is forwarding chunk to replica 1
replica 7 is forwarding chunk to replica 2
replica 7 is forwarding chunk to replica 3
replica 7 is forwarding chunk to replica 4
replica 7 is forwarding chunk to replica 6
replica 7 is forwarding chunk to replica 8
Decoded original proposal, time: 2022-11-28 00:56:40.995341205 +0000 UTC m=+33.279053179 header hash: [142 10 227 234 199 14 168 203 47 218 211 136 230 41 94 109 68 52 16 5 27 142 16 70 5 23 250 1 182 25 221 148]
2022-11-28T00:56:40.995Z	DEBUG	replica=7	coded-hotterstuff/consensus.go:576	received proposal	{"CURRENT VIEW": 5, "msg": "proposal", "header view": 5, "prepare view": 4, "hash": "jgrj6scOqMsv2tOI5ilebUQ0EAUbjhBGBRf6AbYZ3ZQ=", "parent": "8WqYPi7RnJLtEHQ0we0AUFXAprYP7gJj7Cq2GuiCGb4="}
replica 7 is forwarding chunk to replica 0
replica 7 is forwarding chunk to replica 1
replica 7 is forwarding chunk to replica 2
replica 7 is forwarding chunk to replica 3
replica 7 is forwarding chunk to replica 4
replica 7 is forwarding chunk to replica 6
replica 7 is forwarding chunk to replica 8
Decoded original proposal, time: 2022-11-28 00:56:45.75808524 +0000 UTC m=+38.041797219 header hash: [142 10 227 234 199 14 168 203 47 218 211 136 230 41 94 109 68 52 16 5 27 142 16 70 5 23 250 1 182 25 221 148]
2022-11-28T00:56:45.758Z	DEBUG	replica=7	coded-hotterstuff/consensus.go:576	received proposal	{"CURRENT VIEW": 5, "msg": "proposal", "header view": 5, "prepare view": 4, "hash": "jgrj6scOqMsv2tOI5ilebUQ0EAUbjhBGBRf6AbYZ3ZQ=", "parent": "8WqYPi7RnJLtEHQ0we0AUFXAprYP7gJj7Cq2GuiCGb4="}
Decoded original proposal, time: 2022-11-28 00:56:47.326633184 +0000 UTC m=+39.610345158 header hash: [144 90 124 249 42 55 49 193 182 202 159 220 172 15 148 92 178 123 123 95 139 252 214 157 36 122 219 17 149 62 178 46]
2022-11-28T00:56:47.326Z	DEBUG	replica=7	coded-hotterstuff/consensus.go:576	received proposal	{"CURRENT VIEW": 5, "msg": "proposal", "header view": 6, "prepare view": 4, "hash": "kFp8+So3McG2yp/crA+UXLJ7e1+L/NadJHrbEZU+si4=", "parent": "jgrj6scOqMsv2tOI5ilebUQ0EAUbjhBGBRf6AbYZ3ZQ="}
2022-11-28T00:56:47.337Z	DEBUG	replica=7	coded-hotterstuff/consensus.go:809	new block certified	{"CURRENT VIEW": 5, "view": 5, "hash": "jgrj6scOqMsv2tOI5ilebUQ0EAUbjhBGBRf6AbYZ3ZQ="}
2022-11-28T00:56:47.337Z	DEBUG	replica=7	coded-hotterstuff/consensus.go:520	entered new view	{"CURRENT VIEW": 6, "view timeout": 2, "timedout": false}
2022-11-28T00:56:47.337Z	DEBUG	replica=7	coded-hotterstuff/consensus.go:535	replica is a leader for next view. collecting new-view messages	{"CURRENT VIEW": 6}
2022-11-28T00:56:47.337Z	DEBUG	replica=7	coded-hotterstuff/consensus.go:788	new block locked	{"CURRENT VIEW": 6, "view": 4, "hash": "8WqYPi7RnJLtEHQ0we0AUFXAprYP7gJj7Cq2GuiCGb4="}
2022-11-28T00:56:47.337Z	INFO	replica=7	coded-hotterstuff/consensus.go:797	new block commited	{"CURRENT VIEW": 6, "view": 3, "hash": "cLFzFj8B5QK8hCmGW/OU2JuMGjA5BWSI/G1faUNJ6uM="}
2022-11-28T00:56:47.339Z	DEBUG	replica=7	coded-hotterstuff/consensus.go:678	proposal is safe to vote on	{"CURRENT VIEW": 5, "msg": "proposal", "header view": 6, "prepare view": 4, "hash": "kFp8+So3McG2yp/crA+UXLJ7e1+L/NadJHrbEZU+si4=", "parent": "jgrj6scOqMsv2tOI5ilebUQ0EAUbjhBGBRf6AbYZ3ZQ="}
2022-11-28T00:56:47.342Z	DEBUG	replica=7	coded-hotterstuff/consensus.go:965	received vote	{"CURRENT VIEW": 6, "msg": "vote", "voter": 7, "view": 6, "hash": "kFp8+So3McG2yp/crA+UXLJ7e1+L/NadJHrbEZU+si4="}
2022-11-28T00:56:47.346Z	DEBUG	replica=7	coded-hotterstuff/consensus.go:965	received vote	{"CURRENT VIEW": 6, "msg": "vote", "voter": 0, "view": 6, "hash": "kFp8+So3McG2yp/crA+UXLJ7e1+L/NadJHrbEZU+si4="}
Node  7 +1 block finalized at time:  2022-11-28 00:56:47.346720135 +0000 UTC m=+39.630432055
2022-11-28T00:56:48.253Z	DEBUG	replica=7	coded-hotterstuff/consensus.go:965	received vote	{"CURRENT VIEW": 6, "msg": "vote", "voter": 2, "view": 6, "hash": "kFp8+So3McG2yp/crA+UXLJ7e1+L/NadJHrbEZU+si4="}
2022-11-28T00:56:48.278Z	DEBUG	replica=7	coded-hotterstuff/consensus.go:965	received vote	{"CURRENT VIEW": 6, "msg": "vote", "voter": 1, "view": 6, "hash": "kFp8+So3McG2yp/crA+UXLJ7e1+L/NadJHrbEZU+si4="}
2022-11-28T00:56:48.319Z	DEBUG	replica=7	coded-hotterstuff/consensus.go:965	received vote	{"CURRENT VIEW": 6, "msg": "vote", "voter": 8, "view": 6, "hash": "kFp8+So3McG2yp/crA+UXLJ7e1+L/NadJHrbEZU+si4="}
replica 7 is forwarding chunk to replica 0
replica 7 is forwarding chunk to replica 1
replica 7 is forwarding chunk to replica 2
replica 7 is forwarding chunk to replica 3
replica 7 is forwarding chunk to replica 4
replica 7 is forwarding chunk to replica 5
replica 7 is forwarding chunk to replica 8
2022-11-28T00:56:48.504Z	DEBUG	replica=7	coded-hotterstuff/consensus.go:965	received vote	{"CURRENT VIEW": 6, "msg": "vote", "voter": 6, "view": 6, "hash": "kFp8+So3McG2yp/crA+UXLJ7e1+L/NadJHrbEZU+si4="}
2022-11-28T00:56:49.346Z	DEBUG	replica=7	coded-hotterstuff/consensus.go:965	received vote	{"CURRENT VIEW": 6, "msg": "vote", "voter": 3, "view": 6, "hash": "kFp8+So3McG2yp/crA+UXLJ7e1+L/NadJHrbEZU+si4="}
2022-11-28T00:56:49.352Z	DEBUG	replica=7	coded-hotterstuff/consensus.go:809	new block certified	{"CURRENT VIEW": 6, "view": 6, "hash": "kFp8+So3McG2yp/crA+UXLJ7e1+L/NadJHrbEZU+si4="}
2022-11-28T00:56:49.352Z	DEBUG	replica=7	coded-hotterstuff/consensus.go:520	entered new view	{"CURRENT VIEW": 7, "view timeout": 2, "timedout": false}
2022-11-28T00:56:49.352Z	DEBUG	replica=7	coded-hotterstuff/consensus.go:544	replica is a leader for this view. waiting for data	{"CURRENT VIEW": 7}
2022-11-28T00:56:49.352Z	DEBUG	replica=7	coded-hotterstuff/consensus.go:520	entered new view	{"CURRENT VIEW": 7, "view timeout": 2, "timedout": false}
2022-11-28T00:56:49.352Z	DEBUG	replica=7	coded-hotterstuff/consensus.go:544	replica is a leader for this view. waiting for data	{"CURRENT VIEW": 7}
2022-11-28T00:56:49.357Z	DEBUG	replica=7	coded-hotterstuff/consensus.go:238	sending proposal	{"CURRENT VIEW": 7, "hash": "UrpGBauqox/y7djWW1+uYAk4lnjGCoti5rxDg06dPA8=", "parent": "kFp8+So3McG2yp/crA+UXLJ7e1+L/NadJHrbEZU+si4=", "signer": 7}
2022-11-28T00:56:49.359Z	DEBUG	replica=7	coded-hotterstuff/consensus.go:576	received proposal	{"CURRENT VIEW": 7, "msg": "proposal", "header view": 7, "prepare view": 6, "hash": "UrpGBauqox/y7djWW1+uYAk4lnjGCoti5rxDg06dPA8=", "parent": "kFp8+So3McG2yp/crA+UXLJ7e1+L/NadJHrbEZU+si4="}
2022-11-28T00:56:49.368Z	DEBUG	replica=7	coded-hotterstuff/consensus.go:788	new block locked	{"CURRENT VIEW": 7, "view": 5, "hash": "jgrj6scOqMsv2tOI5ilebUQ0EAUbjhBGBRf6AbYZ3ZQ="}
2022-11-28T00:56:49.368Z	INFO	replica=7	coded-hotterstuff/consensus.go:797	new block commited	{"CURRENT VIEW": 7, "view": 4, "hash": "8WqYPi7RnJLtEHQ0we0AUFXAprYP7gJj7Cq2GuiCGb4="}
2022-11-28T00:56:49.371Z	DEBUG	replica=7	coded-hotterstuff/consensus.go:678	proposal is safe to vote on	{"CURRENT VIEW": 7, "msg": "proposal", "header view": 7, "prepare view": 6, "hash": "UrpGBauqox/y7djWW1+uYAk4lnjGCoti5rxDg06dPA8=", "parent": "kFp8+So3McG2yp/crA+UXLJ7e1+L/NadJHrbEZU+si4="}
replica 7 is forwarding chunk to replica 0
replica 7 is forwarding chunk to replica 1
replica 7 is forwarding chunk to replica 2
replica 7 is forwarding chunk to replica 3
replica 7 is forwarding chunk to replica 4
replica 7 is forwarding chunk to replica 5
replica 7 is forwarding chunk to replica 8
Node  7 +1 block finalized at time:  2022-11-28 00:56:49.37471338 +0000 UTC m=+41.658425288
Decoded original proposal, time: 2022-11-28 00:56:50.03152503 +0000 UTC m=+42.315237008 header hash: [144 90 124 249 42 55 49 193 182 202 159 220 172 15 148 92 178 123 123 95 139 252 214 157 36 122 219 17 149 62 178 46]
2022-11-28T00:56:50.031Z	DEBUG	replica=7	coded-hotterstuff/consensus.go:576	received proposal	{"CURRENT VIEW": 7, "msg": "proposal", "header view": 6, "prepare view": 6, "hash": "kFp8+So3McG2yp/crA+UXLJ7e1+L/NadJHrbEZU+si4=", "parent": "jgrj6scOqMsv2tOI5ilebUQ0EAUbjhBGBRf6AbYZ3ZQ="}
2022-11-28T00:56:50.040Z	DEBUG	replica=7	coded-hotterstuff/consensus.go:667	proposal view doesn't match local view	{"CURRENT VIEW": 7, "msg": "proposal", "header view": 6, "prepare view": 6, "hash": "kFp8+So3McG2yp/crA+UXLJ7e1+L/NadJHrbEZU+si4=", "parent": "jgrj6scOqMsv2tOI5ilebUQ0EAUbjhBGBRf6AbYZ3ZQ="}
2022-11-28T00:56:50.051Z	DEBUG	replica=7	coded-hotterstuff/consensus.go:965	received vote	{"CURRENT VIEW": 7, "msg": "vote", "voter": 4, "view": 7, "hash": "kFp8+So3McG2yp/crA+UXLJ7e1+L/NadJHrbEZU+si4="}
2022-11-28T00:56:50.057Z	DEBUG	replica=7	coded-hotterstuff/consensus.go:520	entered new view	{"CURRENT VIEW": 7, "view timeout": 2, "timedout": false}
2022-11-28T00:56:50.057Z	DEBUG	replica=7	coded-hotterstuff/consensus.go:544	replica is a leader for this view. waiting for data	{"CURRENT VIEW": 7}
2022-11-28T00:56:50.061Z	DEBUG	replica=7	coded-hotterstuff/consensus.go:238	sending proposal	{"CURRENT VIEW": 7, "hash": "UrpGBauqox/y7djWW1+uYAk4lnjGCoti5rxDg06dPA8=", "parent": "kFp8+So3McG2yp/crA+UXLJ7e1+L/NadJHrbEZU+si4=", "signer": 7}
2022-11-28T00:56:50.061Z	DEBUG	replica=7	coded-hotterstuff/consensus.go:576	received proposal	{"CURRENT VIEW": 7, "msg": "proposal", "header view": 7, "prepare view": 6, "hash": "UrpGBauqox/y7djWW1+uYAk4lnjGCoti5rxDg06dPA8=", "parent": "kFp8+So3McG2yp/crA+UXLJ7e1+L/NadJHrbEZU+si4="}
2022-11-28T00:56:52.975Z	DEBUG	replica=7	coded-hotterstuff/consensus.go:965	received vote	{"CURRENT VIEW": 7, "msg": "vote", "voter": 5, "view": 7, "hash": "kFp8+So3McG2yp/crA+UXLJ7e1+L/NadJHrbEZU+si4="}
2022-11-28T00:56:52.981Z	DEBUG	replica=7	coded-hotterstuff/consensus.go:520	entered new view	{"CURRENT VIEW": 7, "view timeout": 2, "timedout": false}
2022-11-28T00:56:52.981Z	DEBUG	replica=7	coded-hotterstuff/consensus.go:544	replica is a leader for this view. waiting for data	{"CURRENT VIEW": 7}
2022-11-28T00:56:52.985Z	DEBUG	replica=7	coded-hotterstuff/consensus.go:238	sending proposal	{"CURRENT VIEW": 7, "hash": "UrpGBauqox/y7djWW1+uYAk4lnjGCoti5rxDg06dPA8=", "parent": "kFp8+So3McG2yp/crA+UXLJ7e1+L/NadJHrbEZU+si4=", "signer": 7}
2022-11-28T00:56:52.985Z	DEBUG	replica=7	coded-hotterstuff/consensus.go:576	received proposal	{"CURRENT VIEW": 7, "msg": "proposal", "header view": 7, "prepare view": 6, "hash": "UrpGBauqox/y7djWW1+uYAk4lnjGCoti5rxDg06dPA8=", "parent": "kFp8+So3McG2yp/crA+UXLJ7e1+L/NadJHrbEZU+si4="}
replica 7 is forwarding chunk to replica 0
replica 7 is forwarding chunk to replica 1
replica 7 is forwarding chunk to replica 2
replica 7 is forwarding chunk to replica 3
replica 7 is forwarding chunk to replica 4
replica 7 is forwarding chunk to replica 5
replica 7 is forwarding chunk to replica 8
Decoded original proposal, time: 2022-11-28 00:56:55.724656195 +0000 UTC m=+48.008368121 header hash: [144 90 124 249 42 55 49 193 182 202 159 220 172 15 148 92 178 123 123 95 139 252 214 157 36 122 219 17 149 62 178 46]
2022-11-28T00:56:55.724Z	DEBUG	replica=7	coded-hotterstuff/consensus.go:576	received proposal	{"CURRENT VIEW": 7, "msg": "proposal", "header view": 6, "prepare view": 6, "hash": "kFp8+So3McG2yp/crA+UXLJ7e1+L/NadJHrbEZU+si4=", "parent": "jgrj6scOqMsv2tOI5ilebUQ0EAUbjhBGBRf6AbYZ3ZQ="}
2022-11-28T00:56:55.735Z	DEBUG	replica=7	coded-hotterstuff/consensus.go:667	proposal view doesn't match local view	{"CURRENT VIEW": 7, "msg": "proposal", "header view": 6, "prepare view": 6, "hash": "kFp8+So3McG2yp/crA+UXLJ7e1+L/NadJHrbEZU+si4=", "parent": "jgrj6scOqMsv2tOI5ilebUQ0EAUbjhBGBRf6AbYZ3ZQ="}
replica 7 is forwarding chunk to replica 0
replica 7 is forwarding chunk to replica 1
replica 7 is forwarding chunk to replica 2
replica 7 is forwarding chunk to replica 3
replica 7 is forwarding chunk to replica 4
replica 7 is forwarding chunk to replica 5
replica 7 is forwarding chunk to replica 6
replica 7 is forwarding chunk to replica 0
replica 7 is forwarding chunk to replica 1
replica 7 is forwarding chunk to replica 2
replica 7 is forwarding chunk to replica 3
replica 7 is forwarding chunk to replica 4
replica 7 is forwarding chunk to replica 5
replica 7 is forwarding chunk to replica 6
replica 7 is forwarding chunk to replica 0
replica 7 is forwarding chunk to replica 1
replica 7 is forwarding chunk to replica 2
replica 7 is forwarding chunk to replica 3
replica 7 is forwarding chunk to replica 4
replica 7 is forwarding chunk to replica 5
replica 7 is forwarding chunk to replica 6
Decoded original proposal, time: 2022-11-28 00:57:05.471963235 +0000 UTC m=+57.755675210 header hash: [9 212 205 28 110 251 47 242 141 111 167 241 108 89 12 35 155 222 125 75 78 184 7 35 235 24 77 74 102 255 131 11]
2022-11-28T00:57:05.472Z	DEBUG	replica=7	coded-hotterstuff/consensus.go:576	received proposal	{"CURRENT VIEW": 7, "msg": "proposal", "header view": 8, "prepare view": 6, "hash": "CdTNHG77L/KNb6fxbFkMI5vefUtOuAcj6xhNSmb/gws=", "parent": "UrpGBauqox/y7djWW1+uYAk4lnjGCoti5rxDg06dPA8="}
2022-11-28T00:57:05.481Z	DEBUG	replica=7	coded-hotterstuff/consensus.go:809	new block certified	{"CURRENT VIEW": 7, "view": 7, "hash": "UrpGBauqox/y7djWW1+uYAk4lnjGCoti5rxDg06dPA8="}
2022-11-28T00:57:05.481Z	DEBUG	replica=7	coded-hotterstuff/consensus.go:520	entered new view	{"CURRENT VIEW": 8, "view timeout": 2, "timedout": false}
2022-11-28T00:57:05.481Z	DEBUG	replica=7	coded-hotterstuff/consensus.go:788	new block locked	{"CURRENT VIEW": 8, "view": 6, "hash": "kFp8+So3McG2yp/crA+UXLJ7e1+L/NadJHrbEZU+si4="}
2022-11-28T00:57:05.481Z	INFO	replica=7	coded-hotterstuff/consensus.go:797	new block commited	{"CURRENT VIEW": 8, "view": 5, "hash": "jgrj6scOqMsv2tOI5ilebUQ0EAUbjhBGBRf6AbYZ3ZQ="}
2022-11-28T00:57:05.482Z	DEBUG	replica=7	coded-hotterstuff/consensus.go:678	proposal is safe to vote on	{"CURRENT VIEW": 7, "msg": "proposal", "header view": 8, "prepare view": 6, "hash": "CdTNHG77L/KNb6fxbFkMI5vefUtOuAcj6xhNSmb/gws=", "parent": "UrpGBauqox/y7djWW1+uYAk4lnjGCoti5rxDg06dPA8="}
Node  7 +1 block finalized at time:  2022-11-28 00:57:05.487065315 +0000 UTC m=+57.770777234
Decoded original proposal, time: 2022-11-28 00:57:07.045720283 +0000 UTC m=+59.329432254 header hash: [9 212 205 28 110 251 47 242 141 111 167 241 108 89 12 35 155 222 125 75 78 184 7 35 235 24 77 74 102 255 131 11]
2022-11-28T00:57:07.045Z	DEBUG	replica=7	coded-hotterstuff/consensus.go:576	received proposal	{"CURRENT VIEW": 8, "msg": "proposal", "header view": 8, "prepare view": 7, "hash": "CdTNHG77L/KNb6fxbFkMI5vefUtOuAcj6xhNSmb/gws=", "parent": "UrpGBauqox/y7djWW1+uYAk4lnjGCoti5rxDg06dPA8="}
Decoded original proposal, time: 2022-11-28 00:57:07.938226937 +0000 UTC m=+60.221938915 header hash: [9 212 205 28 110 251 47 242 141 111 167 241 108 89 12 35 155 222 125 75 78 184 7 35 235 24 77 74 102 255 131 11]
2022-11-28T00:57:07.938Z	DEBUG	replica=7	coded-hotterstuff/consensus.go:576	received proposal	{"CURRENT VIEW": 8, "msg": "proposal", "header view": 8, "prepare view": 7, "hash": "CdTNHG77L/KNb6fxbFkMI5vefUtOuAcj6xhNSmb/gws=", "parent": "UrpGBauqox/y7djWW1+uYAk4lnjGCoti5rxDg06dPA8="}
replica 7 is forwarding chunk to replica 1
replica 7 is forwarding chunk to replica 2
replica 7 is forwarding chunk to replica 3
replica 7 is forwarding chunk to replica 4
replica 7 is forwarding chunk to replica 5
replica 7 is forwarding chunk to replica 6
replica 7 is forwarding chunk to replica 8
replica 7 is forwarding chunk to replica 1
replica 7 is forwarding chunk to replica 2
replica 7 is forwarding chunk to replica 3
replica 7 is forwarding chunk to replica 4
replica 7 is forwarding chunk to replica 5
replica 7 is forwarding chunk to replica 6
replica 7 is forwarding chunk to replica 8
replica 7 is forwarding chunk to replica 1
replica 7 is forwarding chunk to replica 2
replica 7 is forwarding chunk to replica 3
replica 7 is forwarding chunk to replica 4
replica 7 is forwarding chunk to replica 5
replica 7 is forwarding chunk to replica 6
replica 7 is forwarding chunk to replica 8
Decoded original proposal, time: 2022-11-28 00:57:15.240984739 +0000 UTC m=+67.524696660 header hash: [75 152 239 23 193 229 152 187 193 198 49 17 94 0 66 98 109 76 252 99 208 6 227 177 121 255 81 193 174 84 93 16]
2022-11-28T00:57:15.241Z	DEBUG	replica=7	coded-hotterstuff/consensus.go:576	received proposal	{"CURRENT VIEW": 8, "msg": "proposal", "header view": 9, "prepare view": 7, "hash": "S5jvF8HlmLvBxjERXgBCYm1M/GPQBuOxef9Rwa5UXRA=", "parent": "CdTNHG77L/KNb6fxbFkMI5vefUtOuAcj6xhNSmb/gws="}
2022-11-28T00:57:15.249Z	DEBUG	replica=7	coded-hotterstuff/consensus.go:809	new block certified	{"CURRENT VIEW": 8, "view": 8, "hash": "CdTNHG77L/KNb6fxbFkMI5vefUtOuAcj6xhNSmb/gws="}
2022-11-28T00:57:15.249Z	DEBUG	replica=7	coded-hotterstuff/consensus.go:520	entered new view	{"CURRENT VIEW": 9, "view timeout": 2, "timedout": false}
2022-11-28T00:57:15.249Z	DEBUG	replica=7	coded-hotterstuff/consensus.go:788	new block locked	{"CURRENT VIEW": 9, "view": 7, "hash": "UrpGBauqox/y7djWW1+uYAk4lnjGCoti5rxDg06dPA8="}
2022-11-28T00:57:15.249Z	INFO	replica=7	coded-hotterstuff/consensus.go:797	new block commited	{"CURRENT VIEW": 9, "view": 6, "hash": "kFp8+So3McG2yp/crA+UXLJ7e1+L/NadJHrbEZU+si4="}
2022-11-28T00:57:15.251Z	DEBUG	replica=7	coded-hotterstuff/consensus.go:678	proposal is safe to vote on	{"CURRENT VIEW": 8, "msg": "proposal", "header view": 9, "prepare view": 7, "hash": "S5jvF8HlmLvBxjERXgBCYm1M/GPQBuOxef9Rwa5UXRA=", "parent": "CdTNHG77L/KNb6fxbFkMI5vefUtOuAcj6xhNSmb/gws="}
Node  7 +1 block finalized at time:  2022-11-28 00:57:15.254720198 +0000 UTC m=+67.538432122
Decoded original proposal, time: 2022-11-28 00:57:17.861851808 +0000 UTC m=+70.145563771 header hash: [75 152 239 23 193 229 152 187 193 198 49 17 94 0 66 98 109 76 252 99 208 6 227 177 121 255 81 193 174 84 93 16]
2022-11-28T00:57:17.861Z	DEBUG	replica=7	coded-hotterstuff/consensus.go:576	received proposal	{"CURRENT VIEW": 9, "msg": "proposal", "header view": 9, "prepare view": 8, "hash": "S5jvF8HlmLvBxjERXgBCYm1M/GPQBuOxef9Rwa5UXRA=", "parent": "CdTNHG77L/KNb6fxbFkMI5vefUtOuAcj6xhNSmb/gws="}
Decoded original proposal, time: 2022-11-28 00:57:19.188128356 +0000 UTC m=+71.471840285 header hash: [75 152 239 23 193 229 152 187 193 198 49 17 94 0 66 98 109 76 252 99 208 6 227 177 121 255 81 193 174 84 93 16]
2022-11-28T00:57:19.188Z	DEBUG	replica=7	coded-hotterstuff/consensus.go:576	received proposal	{"CURRENT VIEW": 9, "msg": "proposal", "header view": 9, "prepare view": 8, "hash": "S5jvF8HlmLvBxjERXgBCYm1M/GPQBuOxef9Rwa5UXRA=", "parent": "CdTNHG77L/KNb6fxbFkMI5vefUtOuAcj6xhNSmb/gws="}
replica 7 is forwarding chunk to replica 0
replica 7 is forwarding chunk to replica 2
replica 7 is forwarding chunk to replica 3
replica 7 is forwarding chunk to replica 4
replica 7 is forwarding chunk to replica 5
replica 7 is forwarding chunk to replica 6
replica 7 is forwarding chunk to replica 8
Decoded original proposal, time: 2022-11-28 00:57:20.283176647 +0000 UTC m=+72.566888652 header hash: [27 41 162 234 216 56 3 146 217 203 198 162 48 110 164 219 109 81 22 147 45 180 199 35 245 217 107 204 240 129 84 110]
2022-11-28T00:57:20.283Z	DEBUG	replica=7	coded-hotterstuff/consensus.go:576	received proposal	{"CURRENT VIEW": 9, "msg": "proposal", "header view": 10, "prepare view": 8, "hash": "Gymi6tg4A5LZy8aiMG6k221RFpMttMcj9dlrzPCBVG4=", "parent": "S5jvF8HlmLvBxjERXgBCYm1M/GPQBuOxef9Rwa5UXRA="}
2022-11-28T00:57:20.291Z	DEBUG	replica=7	coded-hotterstuff/consensus.go:809	new block certified	{"CURRENT VIEW": 9, "view": 9, "hash": "S5jvF8HlmLvBxjERXgBCYm1M/GPQBuOxef9Rwa5UXRA="}
2022-11-28T00:57:20.291Z	DEBUG	replica=7	coded-hotterstuff/consensus.go:520	entered new view	{"CURRENT VIEW": 10, "view timeout": 2, "timedout": false}
2022-11-28T00:57:20.292Z	DEBUG	replica=7	coded-hotterstuff/consensus.go:788	new block locked	{"CURRENT VIEW": 10, "view": 8, "hash": "CdTNHG77L/KNb6fxbFkMI5vefUtOuAcj6xhNSmb/gws="}
2022-11-28T00:57:20.292Z	INFO	replica=7	coded-hotterstuff/consensus.go:797	new block commited	{"CURRENT VIEW": 10, "view": 7, "hash": "UrpGBauqox/y7djWW1+uYAk4lnjGCoti5rxDg06dPA8="}
2022-11-28T00:57:20.292Z	DEBUG	replica=7	coded-hotterstuff/consensus.go:678	proposal is safe to vote on	{"CURRENT VIEW": 9, "msg": "proposal", "header view": 10, "prepare view": 8, "hash": "Gymi6tg4A5LZy8aiMG6k221RFpMttMcj9dlrzPCBVG4=", "parent": "S5jvF8HlmLvBxjERXgBCYm1M/GPQBuOxef9Rwa5UXRA="}
Node  7 +1 block finalized at time:  2022-11-28 00:57:20.29543574 +0000 UTC m=+72.579147660
replica 7 is forwarding chunk to replica 0
replica 7 is forwarding chunk to replica 2
replica 7 is forwarding chunk to replica 3
replica 7 is forwarding chunk to replica 4
replica 7 is forwarding chunk to replica 5
replica 7 is forwarding chunk to replica 6
replica 7 is forwarding chunk to replica 8
Decoded original proposal, time: 2022-11-28 00:57:23.563650868 +0000 UTC m=+75.847362796 header hash: [27 41 162 234 216 56 3 146 217 203 198 162 48 110 164 219 109 81 22 147 45 180 199 35 245 217 107 204 240 129 84 110]
2022-11-28T00:57:23.563Z	DEBUG	replica=7	coded-hotterstuff/consensus.go:576	received proposal	{"CURRENT VIEW": 10, "msg": "proposal", "header view": 10, "prepare view": 9, "hash": "Gymi6tg4A5LZy8aiMG6k221RFpMttMcj9dlrzPCBVG4=", "parent": "S5jvF8HlmLvBxjERXgBCYm1M/GPQBuOxef9Rwa5UXRA="}
replica 7 is forwarding chunk to replica 0
replica 7 is forwarding chunk to replica 2
replica 7 is forwarding chunk to replica 3
replica 7 is forwarding chunk to replica 4
replica 7 is forwarding chunk to replica 5
replica 7 is forwarding chunk to replica 6
replica 7 is forwarding chunk to replica 8
Decoded original proposal, time: 2022-11-28 00:57:24.660556521 +0000 UTC m=+76.944268473 header hash: [27 41 162 234 216 56 3 146 217 203 198 162 48 110 164 219 109 81 22 147 45 180 199 35 245 217 107 204 240 129 84 110]
2022-11-28T00:57:24.660Z	DEBUG	replica=7	coded-hotterstuff/consensus.go:576	received proposal	{"CURRENT VIEW": 10, "msg": "proposal", "header view": 10, "prepare view": 9, "hash": "Gymi6tg4A5LZy8aiMG6k221RFpMttMcj9dlrzPCBVG4=", "parent": "S5jvF8HlmLvBxjERXgBCYm1M/GPQBuOxef9Rwa5UXRA="}
