Node index: 7
node 7 initiating connection to 10.0.1.2:9001
node 7 initiating connection to 10.0.1.0:9000
node 7 initiating connection to 10.0.1.6:9003
node 7 initiating connection to 10.0.1.4:9002
node 7 initiating connection to 10.0.1.8:9004
node 7 initiating connection to 10.0.1.10:9005
node 7 initiating connection to 10.0.1.12:9006
node 7 successfully initiated connection to 10.0.1.2:9001
node 7 successfully initiated connection to 10.0.1.0:9000
node 7 successfully initiated connection to 10.0.1.10:9005
node 7 successfully initiated connection to 10.0.1.6:9003
node 7 successfully initiated connection to 10.0.1.4:9002
node 7 successfully initiated connection to 10.0.1.8:9004
node 7 successfully initiated connection to 10.0.1.12:9006
2022-11-28T17:49:23.762Z	DEBUG	replica=7	coded-hotterstuff/consensus.go:220	entered new view	{"CURRENT VIEW": 1, "view timeout": 2, "timedout": false}
connection established 7 - 8
Node  7 -->  Listening for messages... 
connection established 7 - 1
Node  7 -->  Listening for messages... 
connection established 7 - 0
Node  7 -->  Listening for messages... 
connection established 7 - 2
Node  7 -->  Listening for messages... 
connection established 7 - 3
Node  7 -->  Listening for messages... 
connection established 7 - 6
Node  7 -->  Listening for messages... 
connection established 7 - 5
Node  7 -->  Listening for messages... 
connection established 7 - 4
Node  7 -->  Listening for messages... 
2022-11-28T17:49:30.211Z	DEBUG	replica=7	coded-hotterstuff/consensus.go:285	received proposal, called onProposal	{"CURRENT VIEW": 1, "msg": "proposal", "header view": 1, "prepare view": 0, "hash": "SKC06ZXnbItnYZVTxXLWgGtuTOc9zSoSvlJWhQRO6/8=", "parent": "GZWDhiYW+ib6TpJWRLDOftUd8y8ovAaEerQWDbefS7c="}
2022-11-28T17:49:30.219Z	DEBUG	replica=7	coded-hotterstuff/consensus.go:487	could not find gparent header	{"CURRENT VIEW": 1, "view": 0, "hash": "GZWDhiYW+ib6TpJWRLDOftUd8y8ovAaEerQWDbefS7c="}
2022-11-28T17:49:30.222Z	DEBUG	replica=7	coded-hotterstuff/consensus.go:392	proposal is safe to vote on	{"CURRENT VIEW": 1, "msg": "proposal", "header view": 1, "prepare view": 0, "hash": "SKC06ZXnbItnYZVTxXLWgGtuTOc9zSoSvlJWhQRO6/8=", "parent": "GZWDhiYW+ib6TpJWRLDOftUd8y8ovAaEerQWDbefS7c="}
2022-11-28T17:49:36.753Z	DEBUG	replica=7	coded-hotterstuff/consensus.go:285	received proposal, called onProposal	{"CURRENT VIEW": 1, "msg": "proposal", "header view": 2, "prepare view": 0, "hash": "cPBdTa7qQJueFGrjnuqGleZwFBh/lhGAlUWBfCr3UKs=", "parent": "SKC06ZXnbItnYZVTxXLWgGtuTOc9zSoSvlJWhQRO6/8="}
2022-11-28T17:49:36.764Z	DEBUG	replica=7	coded-hotterstuff/consensus.go:519	new block certified	{"CURRENT VIEW": 1, "view": 1, "hash": "SKC06ZXnbItnYZVTxXLWgGtuTOc9zSoSvlJWhQRO6/8="}
2022-11-28T17:49:36.764Z	DEBUG	replica=7	coded-hotterstuff/consensus.go:220	entered new view	{"CURRENT VIEW": 2, "view timeout": 2, "timedout": false}
2022-11-28T17:49:36.764Z	DEBUG	replica=7	coded-hotterstuff/consensus.go:492	could not find ggparent header	{"CURRENT VIEW": 2, "view": 0, "hash": "GZWDhiYW+ib6TpJWRLDOftUd8y8ovAaEerQWDbefS7c="}
2022-11-28T17:49:36.767Z	DEBUG	replica=7	coded-hotterstuff/consensus.go:392	proposal is safe to vote on	{"CURRENT VIEW": 1, "msg": "proposal", "header view": 2, "prepare view": 0, "hash": "cPBdTa7qQJueFGrjnuqGleZwFBh/lhGAlUWBfCr3UKs=", "parent": "SKC06ZXnbItnYZVTxXLWgGtuTOc9zSoSvlJWhQRO6/8="}
2022-11-28T17:49:42.113Z	DEBUG	replica=7	coded-hotterstuff/consensus.go:285	received proposal, called onProposal	{"CURRENT VIEW": 2, "msg": "proposal", "header view": 2, "prepare view": 1, "hash": "cPBdTa7qQJueFGrjnuqGleZwFBh/lhGAlUWBfCr3UKs=", "parent": "SKC06ZXnbItnYZVTxXLWgGtuTOc9zSoSvlJWhQRO6/8="}
2022-11-28T17:49:42.120Z	DEBUG	replica=7	coded-hotterstuff/consensus.go:492	could not find ggparent header	{"CURRENT VIEW": 2, "view": 0, "hash": "GZWDhiYW+ib6TpJWRLDOftUd8y8ovAaEerQWDbefS7c="}
2022-11-28T17:49:43.240Z	DEBUG	replica=7	coded-hotterstuff/consensus.go:285	received proposal, called onProposal	{"CURRENT VIEW": 2, "msg": "proposal", "header view": 3, "prepare view": 1, "hash": "cLFzFj8B5QK8hCmGW/OU2JuMGjA5BWSI/G1faUNJ6uM=", "parent": "cPBdTa7qQJueFGrjnuqGleZwFBh/lhGAlUWBfCr3UKs="}
2022-11-28T17:49:43.248Z	DEBUG	replica=7	coded-hotterstuff/consensus.go:519	new block certified	{"CURRENT VIEW": 2, "view": 2, "hash": "cPBdTa7qQJueFGrjnuqGleZwFBh/lhGAlUWBfCr3UKs="}
2022-11-28T17:49:43.248Z	DEBUG	replica=7	coded-hotterstuff/consensus.go:220	entered new view	{"CURRENT VIEW": 3, "view timeout": 2, "timedout": false}
2022-11-28T17:49:43.248Z	DEBUG	replica=7	coded-hotterstuff/consensus.go:498	new block locked	{"CURRENT VIEW": 3, "view": 1, "hash": "SKC06ZXnbItnYZVTxXLWgGtuTOc9zSoSvlJWhQRO6/8="}
2022-11-28T17:49:43.250Z	DEBUG	replica=7	coded-hotterstuff/consensus.go:392	proposal is safe to vote on	{"CURRENT VIEW": 2, "msg": "proposal", "header view": 3, "prepare view": 1, "hash": "cLFzFj8B5QK8hCmGW/OU2JuMGjA5BWSI/G1faUNJ6uM=", "parent": "cPBdTa7qQJueFGrjnuqGleZwFBh/lhGAlUWBfCr3UKs="}
2022-11-28T17:49:49.547Z	DEBUG	replica=7	coded-hotterstuff/consensus.go:285	received proposal, called onProposal	{"CURRENT VIEW": 3, "msg": "proposal", "header view": 3, "prepare view": 2, "hash": "cLFzFj8B5QK8hCmGW/OU2JuMGjA5BWSI/G1faUNJ6uM=", "parent": "cPBdTa7qQJueFGrjnuqGleZwFBh/lhGAlUWBfCr3UKs="}
2022-11-28T17:49:49.592Z	DEBUG	replica=7	coded-hotterstuff/consensus.go:285	received proposal, called onProposal	{"CURRENT VIEW": 3, "msg": "proposal", "header view": 4, "prepare view": 2, "hash": "8WqYPi7RnJLtEHQ0we0AUFXAprYP7gJj7Cq2GuiCGb4=", "parent": "cLFzFj8B5QK8hCmGW/OU2JuMGjA5BWSI/G1faUNJ6uM="}
2022-11-28T17:49:49.607Z	DEBUG	replica=7	coded-hotterstuff/consensus.go:519	new block certified	{"CURRENT VIEW": 3, "view": 3, "hash": "cLFzFj8B5QK8hCmGW/OU2JuMGjA5BWSI/G1faUNJ6uM="}
2022-11-28T17:49:49.607Z	DEBUG	replica=7	coded-hotterstuff/consensus.go:220	entered new view	{"CURRENT VIEW": 4, "view timeout": 2, "timedout": false}
2022-11-28T17:49:49.607Z	DEBUG	replica=7	coded-hotterstuff/consensus.go:498	new block locked	{"CURRENT VIEW": 4, "view": 2, "hash": "cPBdTa7qQJueFGrjnuqGleZwFBh/lhGAlUWBfCr3UKs="}
2022-11-28T17:49:49.607Z	INFO	replica=7	coded-hotterstuff/consensus.go:507	new block commited	{"CURRENT VIEW": 4, "view": 1, "hash": "SKC06ZXnbItnYZVTxXLWgGtuTOc9zSoSvlJWhQRO6/8="}
2022-11-28T17:49:49.615Z	DEBUG	replica=7	coded-hotterstuff/consensus.go:392	proposal is safe to vote on	{"CURRENT VIEW": 3, "msg": "proposal", "header view": 4, "prepare view": 2, "hash": "8WqYPi7RnJLtEHQ0we0AUFXAprYP7gJj7Cq2GuiCGb4=", "parent": "cLFzFj8B5QK8hCmGW/OU2JuMGjA5BWSI/G1faUNJ6uM="}
Node  7 +1 block finalized at time:  2022-11-28 17:49:49.619206827 +0000 UTC m=+26.013672491
2022-11-28T17:49:54.967Z	DEBUG	replica=7	coded-hotterstuff/consensus.go:285	received proposal, called onProposal	{"CURRENT VIEW": 4, "msg": "proposal", "header view": 3, "prepare view": 3, "hash": "cLFzFj8B5QK8hCmGW/OU2JuMGjA5BWSI/G1faUNJ6uM=", "parent": "cPBdTa7qQJueFGrjnuqGleZwFBh/lhGAlUWBfCr3UKs="}
2022-11-28T17:49:54.975Z	DEBUG	replica=7	coded-hotterstuff/consensus.go:377	proposal view doesn't match local view	{"CURRENT VIEW": 4, "msg": "proposal", "header view": 3, "prepare view": 3, "hash": "cLFzFj8B5QK8hCmGW/OU2JuMGjA5BWSI/G1faUNJ6uM=", "parent": "cPBdTa7qQJueFGrjnuqGleZwFBh/lhGAlUWBfCr3UKs="}
2022-11-28T17:49:55.429Z	DEBUG	replica=7	coded-hotterstuff/consensus.go:285	received proposal, called onProposal	{"CURRENT VIEW": 4, "msg": "proposal", "header view": 4, "prepare view": 3, "hash": "8WqYPi7RnJLtEHQ0we0AUFXAprYP7gJj7Cq2GuiCGb4=", "parent": "cLFzFj8B5QK8hCmGW/OU2JuMGjA5BWSI/G1faUNJ6uM="}
2022-11-28T17:49:56.051Z	DEBUG	replica=7	coded-hotterstuff/consensus.go:285	received proposal, called onProposal	{"CURRENT VIEW": 4, "msg": "proposal", "header view": 5, "prepare view": 3, "hash": "jgrj6scOqMsv2tOI5ilebUQ0EAUbjhBGBRf6AbYZ3ZQ=", "parent": "8WqYPi7RnJLtEHQ0we0AUFXAprYP7gJj7Cq2GuiCGb4="}
2022-11-28T17:49:56.059Z	DEBUG	replica=7	coded-hotterstuff/consensus.go:519	new block certified	{"CURRENT VIEW": 4, "view": 4, "hash": "8WqYPi7RnJLtEHQ0we0AUFXAprYP7gJj7Cq2GuiCGb4="}
2022-11-28T17:49:56.059Z	DEBUG	replica=7	coded-hotterstuff/consensus.go:220	entered new view	{"CURRENT VIEW": 5, "view timeout": 2, "timedout": false}
2022-11-28T17:49:56.059Z	DEBUG	replica=7	coded-hotterstuff/consensus.go:498	new block locked	{"CURRENT VIEW": 5, "view": 3, "hash": "cLFzFj8B5QK8hCmGW/OU2JuMGjA5BWSI/G1faUNJ6uM="}
2022-11-28T17:49:56.059Z	INFO	replica=7	coded-hotterstuff/consensus.go:507	new block commited	{"CURRENT VIEW": 5, "view": 2, "hash": "cPBdTa7qQJueFGrjnuqGleZwFBh/lhGAlUWBfCr3UKs="}
2022-11-28T17:49:56.060Z	DEBUG	replica=7	coded-hotterstuff/consensus.go:392	proposal is safe to vote on	{"CURRENT VIEW": 4, "msg": "proposal", "header view": 5, "prepare view": 3, "hash": "jgrj6scOqMsv2tOI5ilebUQ0EAUbjhBGBRf6AbYZ3ZQ=", "parent": "8WqYPi7RnJLtEHQ0we0AUFXAprYP7gJj7Cq2GuiCGb4="}
Node  7 +1 block finalized at time:  2022-11-28 17:49:56.062935553 +0000 UTC m=+32.457401201
2022-11-28T17:50:00.815Z	DEBUG	replica=7	coded-hotterstuff/consensus.go:285	received proposal, called onProposal	{"CURRENT VIEW": 5, "msg": "proposal", "header view": 4, "prepare view": 4, "hash": "8WqYPi7RnJLtEHQ0we0AUFXAprYP7gJj7Cq2GuiCGb4=", "parent": "cLFzFj8B5QK8hCmGW/OU2JuMGjA5BWSI/G1faUNJ6uM="}
2022-11-28T17:50:00.823Z	DEBUG	replica=7	coded-hotterstuff/consensus.go:377	proposal view doesn't match local view	{"CURRENT VIEW": 5, "msg": "proposal", "header view": 4, "prepare view": 4, "hash": "8WqYPi7RnJLtEHQ0we0AUFXAprYP7gJj7Cq2GuiCGb4=", "parent": "cLFzFj8B5QK8hCmGW/OU2JuMGjA5BWSI/G1faUNJ6uM="}
2022-11-28T17:50:01.478Z	DEBUG	replica=7	coded-hotterstuff/consensus.go:285	received proposal, called onProposal	{"CURRENT VIEW": 5, "msg": "proposal", "header view": 5, "prepare view": 4, "hash": "jgrj6scOqMsv2tOI5ilebUQ0EAUbjhBGBRf6AbYZ3ZQ=", "parent": "8WqYPi7RnJLtEHQ0we0AUFXAprYP7gJj7Cq2GuiCGb4="}
2022-11-28T17:50:02.418Z	DEBUG	replica=7	coded-hotterstuff/consensus.go:676	received vote	{"CURRENT VIEW": 5, "msg": "vote", "voter": 2, "view": 5, "hash": "kFp8+So3McG2yp/crA+UXLJ7e1+L/NadJHrbEZU+si4="}
Node  7  received vote before proposal, saving vote in pending votes, hash is  [144 90 124 249 42 55 49 193 182 202 159 220 172 15 148 92 178 123 123 95 139 252 214 157 36 122 219 17 149 62 178 46]  and string is,  6
2022-11-28T17:50:02.418Z	DEBUG	replica=7	coded-hotterstuff/consensus.go:681	Received vote before proposal, key is, 6	{"CURRENT VIEW": 5}
2022-11-28T17:50:02.477Z	DEBUG	replica=7	coded-hotterstuff/consensus.go:285	received proposal, called onProposal	{"CURRENT VIEW": 5, "msg": "proposal", "header view": 6, "prepare view": 4, "hash": "kFp8+So3McG2yp/crA+UXLJ7e1+L/NadJHrbEZU+si4=", "parent": "jgrj6scOqMsv2tOI5ilebUQ0EAUbjhBGBRf6AbYZ3ZQ="}
2022-11-28T17:50:02.486Z	DEBUG	replica=7	coded-hotterstuff/consensus.go:519	new block certified	{"CURRENT VIEW": 5, "view": 5, "hash": "jgrj6scOqMsv2tOI5ilebUQ0EAUbjhBGBRf6AbYZ3ZQ="}
2022-11-28T17:50:02.486Z	DEBUG	replica=7	coded-hotterstuff/consensus.go:220	entered new view	{"CURRENT VIEW": 6, "view timeout": 2, "timedout": false}
2022-11-28T17:50:02.486Z	DEBUG	replica=7	coded-hotterstuff/consensus.go:235	replica is a leader for next view. collecting new-view messages	{"CURRENT VIEW": 6}
2022-11-28T17:50:02.486Z	DEBUG	replica=7	coded-hotterstuff/consensus.go:498	new block locked	{"CURRENT VIEW": 6, "view": 4, "hash": "8WqYPi7RnJLtEHQ0we0AUFXAprYP7gJj7Cq2GuiCGb4="}
2022-11-28T17:50:02.486Z	INFO	replica=7	coded-hotterstuff/consensus.go:507	new block commited	{"CURRENT VIEW": 6, "view": 3, "hash": "cLFzFj8B5QK8hCmGW/OU2JuMGjA5BWSI/G1faUNJ6uM="}
2022-11-28T17:50:02.488Z	DEBUG	replica=7	coded-hotterstuff/consensus.go:392	proposal is safe to vote on	{"CURRENT VIEW": 5, "msg": "proposal", "header view": 6, "prepare view": 4, "hash": "kFp8+So3McG2yp/crA+UXLJ7e1+L/NadJHrbEZU+si4=", "parent": "jgrj6scOqMsv2tOI5ilebUQ0EAUbjhBGBRf6AbYZ3ZQ="}
2022-11-28T17:50:02.488Z	DEBUG	replica=7	coded-hotterstuff/consensus.go:467	Taking care of pending vote 6	{"CURRENT VIEW": 6}
2022-11-28T17:50:02.488Z	DEBUG	replica=7	coded-hotterstuff/consensus.go:676	received vote	{"CURRENT VIEW": 6, "msg": "vote", "voter": 2, "view": 6, "hash": "kFp8+So3McG2yp/crA+UXLJ7e1+L/NadJHrbEZU+si4="}
2022-11-28T17:50:02.495Z	DEBUG	replica=7	coded-hotterstuff/consensus.go:676	received vote	{"CURRENT VIEW": 6, "msg": "vote", "voter": 7, "view": 6, "hash": "kFp8+So3McG2yp/crA+UXLJ7e1+L/NadJHrbEZU+si4="}
2022-11-28T17:50:02.504Z	DEBUG	replica=7	coded-hotterstuff/consensus.go:676	received vote	{"CURRENT VIEW": 6, "msg": "vote", "voter": 6, "view": 6, "hash": "kFp8+So3McG2yp/crA+UXLJ7e1+L/NadJHrbEZU+si4="}
Node  7 +1 block finalized at time:  2022-11-28 17:50:02.504451664 +0000 UTC m=+38.898917327
2022-11-28T17:50:02.514Z	DEBUG	replica=7	coded-hotterstuff/consensus.go:676	received vote	{"CURRENT VIEW": 6, "msg": "vote", "voter": 0, "view": 6, "hash": "kFp8+So3McG2yp/crA+UXLJ7e1+L/NadJHrbEZU+si4="}
2022-11-28T17:50:02.527Z	DEBUG	replica=7	coded-hotterstuff/consensus.go:676	received vote	{"CURRENT VIEW": 6, "msg": "vote", "voter": 8, "view": 6, "hash": "kFp8+So3McG2yp/crA+UXLJ7e1+L/NadJHrbEZU+si4="}
2022-11-28T17:50:02.562Z	DEBUG	replica=7	coded-hotterstuff/consensus.go:676	received vote	{"CURRENT VIEW": 6, "msg": "vote", "voter": 1, "view": 6, "hash": "kFp8+So3McG2yp/crA+UXLJ7e1+L/NadJHrbEZU+si4="}
2022-11-28T17:50:03.288Z	DEBUG	replica=7	coded-hotterstuff/consensus.go:676	received vote	{"CURRENT VIEW": 6, "msg": "vote", "voter": 5, "view": 6, "hash": "kFp8+So3McG2yp/crA+UXLJ7e1+L/NadJHrbEZU+si4="}
2022-11-28T17:50:03.293Z	DEBUG	replica=7	coded-hotterstuff/consensus.go:519	new block certified	{"CURRENT VIEW": 6, "view": 6, "hash": "kFp8+So3McG2yp/crA+UXLJ7e1+L/NadJHrbEZU+si4="}
2022-11-28T17:50:03.293Z	DEBUG	replica=7	coded-hotterstuff/consensus.go:220	entered new view	{"CURRENT VIEW": 7, "view timeout": 2, "timedout": false}
2022-11-28T17:50:03.293Z	DEBUG	replica=7	coded-hotterstuff/consensus.go:244	replica is a leader for this view. waiting for data	{"CURRENT VIEW": 7}
2022-11-28T17:50:03.293Z	DEBUG	replica=7	coded-hotterstuff/consensus.go:220	entered new view	{"CURRENT VIEW": 7, "view timeout": 2, "timedout": false}
2022-11-28T17:50:03.293Z	DEBUG	replica=7	coded-hotterstuff/consensus.go:244	replica is a leader for this view. waiting for data	{"CURRENT VIEW": 7}
2022-11-28T17:50:03.296Z	DEBUG	replica=7	coded-hotterstuff/consensus.go:152	sending proposal	{"CURRENT VIEW": 7, "hash": "UrpGBauqox/y7djWW1+uYAk4lnjGCoti5rxDg06dPA8=", "parent": "kFp8+So3McG2yp/crA+UXLJ7e1+L/NadJHrbEZU+si4=", "signer": 7}
2022-11-28T17:50:03.296Z	DEBUG	replica=7	coded-hotterstuff/consensus.go:285	received proposal, called onProposal	{"CURRENT VIEW": 7, "msg": "proposal", "header view": 7, "prepare view": 6, "hash": "UrpGBauqox/y7djWW1+uYAk4lnjGCoti5rxDg06dPA8=", "parent": "kFp8+So3McG2yp/crA+UXLJ7e1+L/NadJHrbEZU+si4="}
2022-11-28T17:50:03.304Z	DEBUG	replica=7	coded-hotterstuff/consensus.go:498	new block locked	{"CURRENT VIEW": 7, "view": 5, "hash": "jgrj6scOqMsv2tOI5ilebUQ0EAUbjhBGBRf6AbYZ3ZQ="}
2022-11-28T17:50:03.304Z	INFO	replica=7	coded-hotterstuff/consensus.go:507	new block commited	{"CURRENT VIEW": 7, "view": 4, "hash": "8WqYPi7RnJLtEHQ0we0AUFXAprYP7gJj7Cq2GuiCGb4="}
2022-11-28T17:50:03.308Z	DEBUG	replica=7	coded-hotterstuff/consensus.go:392	proposal is safe to vote on	{"CURRENT VIEW": 7, "msg": "proposal", "header view": 7, "prepare view": 6, "hash": "UrpGBauqox/y7djWW1+uYAk4lnjGCoti5rxDg06dPA8=", "parent": "kFp8+So3McG2yp/crA+UXLJ7e1+L/NadJHrbEZU+si4="}
Node  7 +1 block finalized at time:  2022-11-28 17:50:03.310013987 +0000 UTC m=+39.704479651
2022-11-28T17:50:03.354Z	DEBUG	replica=7	coded-hotterstuff/consensus.go:676	received vote	{"CURRENT VIEW": 7, "msg": "vote", "voter": 4, "view": 7, "hash": "kFp8+So3McG2yp/crA+UXLJ7e1+L/NadJHrbEZU+si4="}
2022-11-28T17:50:03.359Z	DEBUG	replica=7	coded-hotterstuff/consensus.go:220	entered new view	{"CURRENT VIEW": 7, "view timeout": 2, "timedout": false}
2022-11-28T17:50:03.359Z	DEBUG	replica=7	coded-hotterstuff/consensus.go:244	replica is a leader for this view. waiting for data	{"CURRENT VIEW": 7}
2022-11-28T17:50:03.363Z	DEBUG	replica=7	coded-hotterstuff/consensus.go:152	sending proposal	{"CURRENT VIEW": 7, "hash": "UrpGBauqox/y7djWW1+uYAk4lnjGCoti5rxDg06dPA8=", "parent": "kFp8+So3McG2yp/crA+UXLJ7e1+L/NadJHrbEZU+si4=", "signer": 7}
2022-11-28T17:50:03.363Z	DEBUG	replica=7	coded-hotterstuff/consensus.go:285	received proposal, called onProposal	{"CURRENT VIEW": 7, "msg": "proposal", "header view": 7, "prepare view": 6, "hash": "UrpGBauqox/y7djWW1+uYAk4lnjGCoti5rxDg06dPA8=", "parent": "kFp8+So3McG2yp/crA+UXLJ7e1+L/NadJHrbEZU+si4="}
2022-11-28T17:50:12.675Z	DEBUG	replica=7	coded-hotterstuff/consensus.go:285	received proposal, called onProposal	{"CURRENT VIEW": 7, "msg": "proposal", "header view": 6, "prepare view": 6, "hash": "kFp8+So3McG2yp/crA+UXLJ7e1+L/NadJHrbEZU+si4=", "parent": "jgrj6scOqMsv2tOI5ilebUQ0EAUbjhBGBRf6AbYZ3ZQ="}
2022-11-28T17:50:12.683Z	DEBUG	replica=7	coded-hotterstuff/consensus.go:377	proposal view doesn't match local view	{"CURRENT VIEW": 7, "msg": "proposal", "header view": 6, "prepare view": 6, "hash": "kFp8+So3McG2yp/crA+UXLJ7e1+L/NadJHrbEZU+si4=", "parent": "jgrj6scOqMsv2tOI5ilebUQ0EAUbjhBGBRf6AbYZ3ZQ="}
2022-11-28T17:50:19.441Z	DEBUG	replica=7	coded-hotterstuff/consensus.go:285	received proposal, called onProposal	{"CURRENT VIEW": 7, "msg": "proposal", "header view": 8, "prepare view": 6, "hash": "CdTNHG77L/KNb6fxbFkMI5vefUtOuAcj6xhNSmb/gws=", "parent": "UrpGBauqox/y7djWW1+uYAk4lnjGCoti5rxDg06dPA8="}
2022-11-28T17:50:19.448Z	DEBUG	replica=7	coded-hotterstuff/consensus.go:519	new block certified	{"CURRENT VIEW": 7, "view": 7, "hash": "UrpGBauqox/y7djWW1+uYAk4lnjGCoti5rxDg06dPA8="}
2022-11-28T17:50:19.448Z	DEBUG	replica=7	coded-hotterstuff/consensus.go:220	entered new view	{"CURRENT VIEW": 8, "view timeout": 2, "timedout": false}
2022-11-28T17:50:19.448Z	DEBUG	replica=7	coded-hotterstuff/consensus.go:498	new block locked	{"CURRENT VIEW": 8, "view": 6, "hash": "kFp8+So3McG2yp/crA+UXLJ7e1+L/NadJHrbEZU+si4="}
2022-11-28T17:50:19.448Z	INFO	replica=7	coded-hotterstuff/consensus.go:507	new block commited	{"CURRENT VIEW": 8, "view": 5, "hash": "jgrj6scOqMsv2tOI5ilebUQ0EAUbjhBGBRf6AbYZ3ZQ="}
2022-11-28T17:50:19.449Z	DEBUG	replica=7	coded-hotterstuff/consensus.go:392	proposal is safe to vote on	{"CURRENT VIEW": 7, "msg": "proposal", "header view": 8, "prepare view": 6, "hash": "CdTNHG77L/KNb6fxbFkMI5vefUtOuAcj6xhNSmb/gws=", "parent": "UrpGBauqox/y7djWW1+uYAk4lnjGCoti5rxDg06dPA8="}
Node  7 +1 block finalized at time:  2022-11-28 17:50:19.451912465 +0000 UTC m=+55.846378114
2022-11-28T17:50:23.018Z	DEBUG	replica=7	coded-hotterstuff/consensus.go:285	received proposal, called onProposal	{"CURRENT VIEW": 8, "msg": "proposal", "header view": 9, "prepare view": 7, "hash": "S5jvF8HlmLvBxjERXgBCYm1M/GPQBuOxef9Rwa5UXRA=", "parent": "CdTNHG77L/KNb6fxbFkMI5vefUtOuAcj6xhNSmb/gws="}
2022-11-28T17:50:23.026Z	DEBUG	replica=7	coded-hotterstuff/consensus.go:519	new block certified	{"CURRENT VIEW": 8, "view": 8, "hash": "CdTNHG77L/KNb6fxbFkMI5vefUtOuAcj6xhNSmb/gws="}
2022-11-28T17:50:23.026Z	DEBUG	replica=7	coded-hotterstuff/consensus.go:220	entered new view	{"CURRENT VIEW": 9, "view timeout": 2, "timedout": false}
2022-11-28T17:50:23.026Z	DEBUG	replica=7	coded-hotterstuff/consensus.go:498	new block locked	{"CURRENT VIEW": 9, "view": 7, "hash": "UrpGBauqox/y7djWW1+uYAk4lnjGCoti5rxDg06dPA8="}
2022-11-28T17:50:23.026Z	INFO	replica=7	coded-hotterstuff/consensus.go:507	new block commited	{"CURRENT VIEW": 9, "view": 6, "hash": "kFp8+So3McG2yp/crA+UXLJ7e1+L/NadJHrbEZU+si4="}
2022-11-28T17:50:23.028Z	DEBUG	replica=7	coded-hotterstuff/consensus.go:392	proposal is safe to vote on	{"CURRENT VIEW": 8, "msg": "proposal", "header view": 9, "prepare view": 7, "hash": "S5jvF8HlmLvBxjERXgBCYm1M/GPQBuOxef9Rwa5UXRA=", "parent": "CdTNHG77L/KNb6fxbFkMI5vefUtOuAcj6xhNSmb/gws="}
Node  7 +1 block finalized at time:  2022-11-28 17:50:23.030841688 +0000 UTC m=+59.425307340
