Node index: 0
2022-11-28T17:49:23.685Z	DEBUG	replica=0	coded-hotterstuff/consensus.go:220	entered new view	{"CURRENT VIEW": 1, "view timeout": 2, "timedout": false}
connection established 0 - 7
Node  0 -->  Listening for messages... 
connection established 0 - 5
connection established 0 - 4
Node  0 -->  Listening for messages... 
Node  0 -->  Listening for messages... 
connection established 0 - 2
Node  0 -->  Listening for messages... 
connection established 0 - 8
Node  0 -->  Listening for messages... 
connection established 0 - 6
Node  0 -->  Listening for messages... 
connection established 0 - 3
Node  0 -->  Listening for messages... 
connection established 0 - 1
Node  0 -->  Listening for messages... 
2022-11-28T17:49:31.690Z	DEBUG	replica=0	coded-hotterstuff/consensus.go:285	received proposal, called onProposal	{"CURRENT VIEW": 1, "msg": "proposal", "header view": 1, "prepare view": 0, "hash": "SKC06ZXnbItnYZVTxXLWgGtuTOc9zSoSvlJWhQRO6/8=", "parent": "GZWDhiYW+ib6TpJWRLDOftUd8y8ovAaEerQWDbefS7c="}
2022-11-28T17:49:31.697Z	DEBUG	replica=0	coded-hotterstuff/consensus.go:487	could not find gparent header	{"CURRENT VIEW": 1, "view": 0, "hash": "GZWDhiYW+ib6TpJWRLDOftUd8y8ovAaEerQWDbefS7c="}
2022-11-28T17:49:31.699Z	DEBUG	replica=0	coded-hotterstuff/consensus.go:392	proposal is safe to vote on	{"CURRENT VIEW": 1, "msg": "proposal", "header view": 1, "prepare view": 0, "hash": "SKC06ZXnbItnYZVTxXLWgGtuTOc9zSoSvlJWhQRO6/8=", "parent": "GZWDhiYW+ib6TpJWRLDOftUd8y8ovAaEerQWDbefS7c="}
2022-11-28T17:49:36.740Z	DEBUG	replica=0	coded-hotterstuff/consensus.go:285	received proposal, called onProposal	{"CURRENT VIEW": 1, "msg": "proposal", "header view": 2, "prepare view": 0, "hash": "cPBdTa7qQJueFGrjnuqGleZwFBh/lhGAlUWBfCr3UKs=", "parent": "SKC06ZXnbItnYZVTxXLWgGtuTOc9zSoSvlJWhQRO6/8="}
2022-11-28T17:49:36.747Z	DEBUG	replica=0	coded-hotterstuff/consensus.go:519	new block certified	{"CURRENT VIEW": 1, "view": 1, "hash": "SKC06ZXnbItnYZVTxXLWgGtuTOc9zSoSvlJWhQRO6/8="}
2022-11-28T17:49:36.747Z	DEBUG	replica=0	coded-hotterstuff/consensus.go:220	entered new view	{"CURRENT VIEW": 2, "view timeout": 2, "timedout": false}
2022-11-28T17:49:36.747Z	DEBUG	replica=0	coded-hotterstuff/consensus.go:492	could not find ggparent header	{"CURRENT VIEW": 2, "view": 0, "hash": "GZWDhiYW+ib6TpJWRLDOftUd8y8ovAaEerQWDbefS7c="}
2022-11-28T17:49:36.749Z	DEBUG	replica=0	coded-hotterstuff/consensus.go:392	proposal is safe to vote on	{"CURRENT VIEW": 1, "msg": "proposal", "header view": 2, "prepare view": 0, "hash": "cPBdTa7qQJueFGrjnuqGleZwFBh/lhGAlUWBfCr3UKs=", "parent": "SKC06ZXnbItnYZVTxXLWgGtuTOc9zSoSvlJWhQRO6/8="}
2022-11-28T17:49:42.104Z	DEBUG	replica=0	coded-hotterstuff/consensus.go:285	received proposal, called onProposal	{"CURRENT VIEW": 2, "msg": "proposal", "header view": 2, "prepare view": 1, "hash": "cPBdTa7qQJueFGrjnuqGleZwFBh/lhGAlUWBfCr3UKs=", "parent": "SKC06ZXnbItnYZVTxXLWgGtuTOc9zSoSvlJWhQRO6/8="}
2022-11-28T17:49:42.111Z	DEBUG	replica=0	coded-hotterstuff/consensus.go:492	could not find ggparent header	{"CURRENT VIEW": 2, "view": 0, "hash": "GZWDhiYW+ib6TpJWRLDOftUd8y8ovAaEerQWDbefS7c="}
2022-11-28T17:49:43.179Z	DEBUG	replica=0	coded-hotterstuff/consensus.go:285	received proposal, called onProposal	{"CURRENT VIEW": 2, "msg": "proposal", "header view": 3, "prepare view": 1, "hash": "cLFzFj8B5QK8hCmGW/OU2JuMGjA5BWSI/G1faUNJ6uM=", "parent": "cPBdTa7qQJueFGrjnuqGleZwFBh/lhGAlUWBfCr3UKs="}
2022-11-28T17:49:43.187Z	DEBUG	replica=0	coded-hotterstuff/consensus.go:519	new block certified	{"CURRENT VIEW": 2, "view": 2, "hash": "cPBdTa7qQJueFGrjnuqGleZwFBh/lhGAlUWBfCr3UKs="}
2022-11-28T17:49:43.187Z	DEBUG	replica=0	coded-hotterstuff/consensus.go:220	entered new view	{"CURRENT VIEW": 3, "view timeout": 2, "timedout": false}
2022-11-28T17:49:43.187Z	DEBUG	replica=0	coded-hotterstuff/consensus.go:498	new block locked	{"CURRENT VIEW": 3, "view": 1, "hash": "SKC06ZXnbItnYZVTxXLWgGtuTOc9zSoSvlJWhQRO6/8="}
2022-11-28T17:49:43.188Z	DEBUG	replica=0	coded-hotterstuff/consensus.go:392	proposal is safe to vote on	{"CURRENT VIEW": 2, "msg": "proposal", "header view": 3, "prepare view": 1, "hash": "cLFzFj8B5QK8hCmGW/OU2JuMGjA5BWSI/G1faUNJ6uM=", "parent": "cPBdTa7qQJueFGrjnuqGleZwFBh/lhGAlUWBfCr3UKs="}
2022-11-28T17:49:49.233Z	DEBUG	replica=0	coded-hotterstuff/consensus.go:285	received proposal, called onProposal	{"CURRENT VIEW": 3, "msg": "proposal", "header view": 3, "prepare view": 2, "hash": "cLFzFj8B5QK8hCmGW/OU2JuMGjA5BWSI/G1faUNJ6uM=", "parent": "cPBdTa7qQJueFGrjnuqGleZwFBh/lhGAlUWBfCr3UKs="}
2022-11-28T17:49:49.564Z	DEBUG	replica=0	coded-hotterstuff/consensus.go:285	received proposal, called onProposal	{"CURRENT VIEW": 3, "msg": "proposal", "header view": 4, "prepare view": 2, "hash": "8WqYPi7RnJLtEHQ0we0AUFXAprYP7gJj7Cq2GuiCGb4=", "parent": "cLFzFj8B5QK8hCmGW/OU2JuMGjA5BWSI/G1faUNJ6uM="}
2022-11-28T17:49:49.573Z	DEBUG	replica=0	coded-hotterstuff/consensus.go:519	new block certified	{"CURRENT VIEW": 3, "view": 3, "hash": "cLFzFj8B5QK8hCmGW/OU2JuMGjA5BWSI/G1faUNJ6uM="}
2022-11-28T17:49:49.573Z	DEBUG	replica=0	coded-hotterstuff/consensus.go:220	entered new view	{"CURRENT VIEW": 4, "view timeout": 2, "timedout": false}
2022-11-28T17:49:49.573Z	DEBUG	replica=0	coded-hotterstuff/consensus.go:498	new block locked	{"CURRENT VIEW": 4, "view": 2, "hash": "cPBdTa7qQJueFGrjnuqGleZwFBh/lhGAlUWBfCr3UKs="}
2022-11-28T17:49:49.573Z	INFO	replica=0	coded-hotterstuff/consensus.go:507	new block commited	{"CURRENT VIEW": 4, "view": 1, "hash": "SKC06ZXnbItnYZVTxXLWgGtuTOc9zSoSvlJWhQRO6/8="}
2022-11-28T17:49:49.576Z	DEBUG	replica=0	coded-hotterstuff/consensus.go:392	proposal is safe to vote on	{"CURRENT VIEW": 3, "msg": "proposal", "header view": 4, "prepare view": 2, "hash": "8WqYPi7RnJLtEHQ0we0AUFXAprYP7gJj7Cq2GuiCGb4=", "parent": "cLFzFj8B5QK8hCmGW/OU2JuMGjA5BWSI/G1faUNJ6uM="}
Node  0 +1 block finalized at time:  2022-11-28 17:49:49.578990453 +0000 UTC m=+25.998072771
2022-11-28T17:49:54.699Z	DEBUG	replica=0	coded-hotterstuff/consensus.go:285	received proposal, called onProposal	{"CURRENT VIEW": 4, "msg": "proposal", "header view": 3, "prepare view": 3, "hash": "cLFzFj8B5QK8hCmGW/OU2JuMGjA5BWSI/G1faUNJ6uM=", "parent": "cPBdTa7qQJueFGrjnuqGleZwFBh/lhGAlUWBfCr3UKs="}
2022-11-28T17:49:54.709Z	DEBUG	replica=0	coded-hotterstuff/consensus.go:377	proposal view doesn't match local view	{"CURRENT VIEW": 4, "msg": "proposal", "header view": 3, "prepare view": 3, "hash": "cLFzFj8B5QK8hCmGW/OU2JuMGjA5BWSI/G1faUNJ6uM=", "parent": "cPBdTa7qQJueFGrjnuqGleZwFBh/lhGAlUWBfCr3UKs="}
2022-11-28T17:49:55.374Z	DEBUG	replica=0	coded-hotterstuff/consensus.go:285	received proposal, called onProposal	{"CURRENT VIEW": 4, "msg": "proposal", "header view": 4, "prepare view": 3, "hash": "8WqYPi7RnJLtEHQ0we0AUFXAprYP7gJj7Cq2GuiCGb4=", "parent": "cLFzFj8B5QK8hCmGW/OU2JuMGjA5BWSI/G1faUNJ6uM="}
2022-11-28T17:49:56.036Z	DEBUG	replica=0	coded-hotterstuff/consensus.go:285	received proposal, called onProposal	{"CURRENT VIEW": 4, "msg": "proposal", "header view": 5, "prepare view": 3, "hash": "jgrj6scOqMsv2tOI5ilebUQ0EAUbjhBGBRf6AbYZ3ZQ=", "parent": "8WqYPi7RnJLtEHQ0we0AUFXAprYP7gJj7Cq2GuiCGb4="}
2022-11-28T17:49:56.044Z	DEBUG	replica=0	coded-hotterstuff/consensus.go:519	new block certified	{"CURRENT VIEW": 4, "view": 4, "hash": "8WqYPi7RnJLtEHQ0we0AUFXAprYP7gJj7Cq2GuiCGb4="}
2022-11-28T17:49:56.044Z	DEBUG	replica=0	coded-hotterstuff/consensus.go:220	entered new view	{"CURRENT VIEW": 5, "view timeout": 2, "timedout": false}
2022-11-28T17:49:56.044Z	DEBUG	replica=0	coded-hotterstuff/consensus.go:498	new block locked	{"CURRENT VIEW": 5, "view": 3, "hash": "cLFzFj8B5QK8hCmGW/OU2JuMGjA5BWSI/G1faUNJ6uM="}
2022-11-28T17:49:56.044Z	INFO	replica=0	coded-hotterstuff/consensus.go:507	new block commited	{"CURRENT VIEW": 5, "view": 2, "hash": "cPBdTa7qQJueFGrjnuqGleZwFBh/lhGAlUWBfCr3UKs="}
2022-11-28T17:49:56.045Z	DEBUG	replica=0	coded-hotterstuff/consensus.go:392	proposal is safe to vote on	{"CURRENT VIEW": 4, "msg": "proposal", "header view": 5, "prepare view": 3, "hash": "jgrj6scOqMsv2tOI5ilebUQ0EAUbjhBGBRf6AbYZ3ZQ=", "parent": "8WqYPi7RnJLtEHQ0we0AUFXAprYP7gJj7Cq2GuiCGb4="}
Node  0 +1 block finalized at time:  2022-11-28 17:49:56.048223908 +0000 UTC m=+32.467306224
2022-11-28T17:50:00.635Z	DEBUG	replica=0	coded-hotterstuff/consensus.go:285	received proposal, called onProposal	{"CURRENT VIEW": 5, "msg": "proposal", "header view": 4, "prepare view": 4, "hash": "8WqYPi7RnJLtEHQ0we0AUFXAprYP7gJj7Cq2GuiCGb4=", "parent": "cLFzFj8B5QK8hCmGW/OU2JuMGjA5BWSI/G1faUNJ6uM="}
2022-11-28T17:50:00.644Z	DEBUG	replica=0	coded-hotterstuff/consensus.go:377	proposal view doesn't match local view	{"CURRENT VIEW": 5, "msg": "proposal", "header view": 4, "prepare view": 4, "hash": "8WqYPi7RnJLtEHQ0we0AUFXAprYP7gJj7Cq2GuiCGb4=", "parent": "cLFzFj8B5QK8hCmGW/OU2JuMGjA5BWSI/G1faUNJ6uM="}
2022-11-28T17:50:01.480Z	DEBUG	replica=0	coded-hotterstuff/consensus.go:285	received proposal, called onProposal	{"CURRENT VIEW": 5, "msg": "proposal", "header view": 5, "prepare view": 4, "hash": "jgrj6scOqMsv2tOI5ilebUQ0EAUbjhBGBRf6AbYZ3ZQ=", "parent": "8WqYPi7RnJLtEHQ0we0AUFXAprYP7gJj7Cq2GuiCGb4="}
2022-11-28T17:50:02.452Z	DEBUG	replica=0	coded-hotterstuff/consensus.go:285	received proposal, called onProposal	{"CURRENT VIEW": 5, "msg": "proposal", "header view": 6, "prepare view": 4, "hash": "kFp8+So3McG2yp/crA+UXLJ7e1+L/NadJHrbEZU+si4=", "parent": "jgrj6scOqMsv2tOI5ilebUQ0EAUbjhBGBRf6AbYZ3ZQ="}
2022-11-28T17:50:02.460Z	DEBUG	replica=0	coded-hotterstuff/consensus.go:519	new block certified	{"CURRENT VIEW": 5, "view": 5, "hash": "jgrj6scOqMsv2tOI5ilebUQ0EAUbjhBGBRf6AbYZ3ZQ="}
2022-11-28T17:50:02.460Z	DEBUG	replica=0	coded-hotterstuff/consensus.go:220	entered new view	{"CURRENT VIEW": 6, "view timeout": 2, "timedout": false}
2022-11-28T17:50:02.460Z	DEBUG	replica=0	coded-hotterstuff/consensus.go:498	new block locked	{"CURRENT VIEW": 6, "view": 4, "hash": "8WqYPi7RnJLtEHQ0we0AUFXAprYP7gJj7Cq2GuiCGb4="}
2022-11-28T17:50:02.460Z	INFO	replica=0	coded-hotterstuff/consensus.go:507	new block commited	{"CURRENT VIEW": 6, "view": 3, "hash": "cLFzFj8B5QK8hCmGW/OU2JuMGjA5BWSI/G1faUNJ6uM="}
2022-11-28T17:50:02.461Z	DEBUG	replica=0	coded-hotterstuff/consensus.go:392	proposal is safe to vote on	{"CURRENT VIEW": 5, "msg": "proposal", "header view": 6, "prepare view": 4, "hash": "kFp8+So3McG2yp/crA+UXLJ7e1+L/NadJHrbEZU+si4=", "parent": "jgrj6scOqMsv2tOI5ilebUQ0EAUbjhBGBRf6AbYZ3ZQ="}
Node  0 +1 block finalized at time:  2022-11-28 17:50:02.464022799 +0000 UTC m=+38.883105118
2022-11-28T17:50:09.743Z	DEBUG	replica=0	coded-hotterstuff/consensus.go:285	received proposal, called onProposal	{"CURRENT VIEW": 6, "msg": "proposal", "header view": 7, "prepare view": 5, "hash": "UrpGBauqox/y7djWW1+uYAk4lnjGCoti5rxDg06dPA8=", "parent": "kFp8+So3McG2yp/crA+UXLJ7e1+L/NadJHrbEZU+si4="}
2022-11-28T17:50:09.755Z	DEBUG	replica=0	coded-hotterstuff/consensus.go:519	new block certified	{"CURRENT VIEW": 6, "view": 6, "hash": "kFp8+So3McG2yp/crA+UXLJ7e1+L/NadJHrbEZU+si4="}
2022-11-28T17:50:09.755Z	DEBUG	replica=0	coded-hotterstuff/consensus.go:220	entered new view	{"CURRENT VIEW": 7, "view timeout": 2, "timedout": false}
2022-11-28T17:50:09.755Z	DEBUG	replica=0	coded-hotterstuff/consensus.go:498	new block locked	{"CURRENT VIEW": 7, "view": 5, "hash": "jgrj6scOqMsv2tOI5ilebUQ0EAUbjhBGBRf6AbYZ3ZQ="}
2022-11-28T17:50:09.755Z	INFO	replica=0	coded-hotterstuff/consensus.go:507	new block commited	{"CURRENT VIEW": 7, "view": 4, "hash": "8WqYPi7RnJLtEHQ0we0AUFXAprYP7gJj7Cq2GuiCGb4="}
2022-11-28T17:50:09.757Z	DEBUG	replica=0	coded-hotterstuff/consensus.go:392	proposal is safe to vote on	{"CURRENT VIEW": 6, "msg": "proposal", "header view": 7, "prepare view": 5, "hash": "UrpGBauqox/y7djWW1+uYAk4lnjGCoti5rxDg06dPA8=", "parent": "kFp8+So3McG2yp/crA+UXLJ7e1+L/NadJHrbEZU+si4="}
Node  0 +1 block finalized at time:  2022-11-28 17:50:09.760262746 +0000 UTC m=+46.179345075
2022-11-28T17:50:10.236Z	DEBUG	replica=0	coded-hotterstuff/consensus.go:285	received proposal, called onProposal	{"CURRENT VIEW": 7, "msg": "proposal", "header view": 6, "prepare view": 6, "hash": "kFp8+So3McG2yp/crA+UXLJ7e1+L/NadJHrbEZU+si4=", "parent": "jgrj6scOqMsv2tOI5ilebUQ0EAUbjhBGBRf6AbYZ3ZQ="}
2022-11-28T17:50:10.244Z	DEBUG	replica=0	coded-hotterstuff/consensus.go:377	proposal view doesn't match local view	{"CURRENT VIEW": 7, "msg": "proposal", "header view": 6, "prepare view": 6, "hash": "kFp8+So3McG2yp/crA+UXLJ7e1+L/NadJHrbEZU+si4=", "parent": "jgrj6scOqMsv2tOI5ilebUQ0EAUbjhBGBRf6AbYZ3ZQ="}
2022-11-28T17:50:15.573Z	DEBUG	replica=0	coded-hotterstuff/consensus.go:285	received proposal, called onProposal	{"CURRENT VIEW": 7, "msg": "proposal", "header view": 7, "prepare view": 6, "hash": "UrpGBauqox/y7djWW1+uYAk4lnjGCoti5rxDg06dPA8=", "parent": "kFp8+So3McG2yp/crA+UXLJ7e1+L/NadJHrbEZU+si4="}
2022-11-28T17:50:16.261Z	DEBUG	replica=0	coded-hotterstuff/consensus.go:676	received vote	{"CURRENT VIEW": 7, "msg": "vote", "voter": 4, "view": 7, "hash": "CdTNHG77L/KNb6fxbFkMI5vefUtOuAcj6xhNSmb/gws="}
Node  0  received vote before proposal, saving vote in pending votes, hash is  [9 212 205 28 110 251 47 242 141 111 167 241 108 89 12 35 155 222 125 75 78 184 7 35 235 24 77 74 102 255 131 11]  and string is,  8
2022-11-28T17:50:16.261Z	DEBUG	replica=0	coded-hotterstuff/consensus.go:681	Received vote before proposal, key is, 8	{"CURRENT VIEW": 7}
2022-11-28T17:50:16.275Z	DEBUG	replica=0	coded-hotterstuff/consensus.go:676	received vote	{"CURRENT VIEW": 7, "msg": "vote", "voter": 5, "view": 7, "hash": "CdTNHG77L/KNb6fxbFkMI5vefUtOuAcj6xhNSmb/gws="}
2022-11-28T17:50:16.277Z	DEBUG	replica=0	coded-hotterstuff/consensus.go:285	received proposal, called onProposal	{"CURRENT VIEW": 7, "msg": "proposal", "header view": 8, "prepare view": 6, "hash": "CdTNHG77L/KNb6fxbFkMI5vefUtOuAcj6xhNSmb/gws=", "parent": "UrpGBauqox/y7djWW1+uYAk4lnjGCoti5rxDg06dPA8="}
2022-11-28T17:50:16.285Z	DEBUG	replica=0	coded-hotterstuff/consensus.go:519	new block certified	{"CURRENT VIEW": 7, "view": 7, "hash": "UrpGBauqox/y7djWW1+uYAk4lnjGCoti5rxDg06dPA8="}
2022-11-28T17:50:16.285Z	DEBUG	replica=0	coded-hotterstuff/consensus.go:220	entered new view	{"CURRENT VIEW": 8, "view timeout": 2, "timedout": false}
2022-11-28T17:50:16.285Z	DEBUG	replica=0	coded-hotterstuff/consensus.go:235	replica is a leader for next view. collecting new-view messages	{"CURRENT VIEW": 8}
2022-11-28T17:50:16.285Z	DEBUG	replica=0	coded-hotterstuff/consensus.go:498	new block locked	{"CURRENT VIEW": 8, "view": 6, "hash": "kFp8+So3McG2yp/crA+UXLJ7e1+L/NadJHrbEZU+si4="}
2022-11-28T17:50:16.285Z	INFO	replica=0	coded-hotterstuff/consensus.go:507	new block commited	{"CURRENT VIEW": 8, "view": 5, "hash": "jgrj6scOqMsv2tOI5ilebUQ0EAUbjhBGBRf6AbYZ3ZQ="}
2022-11-28T17:50:16.287Z	DEBUG	replica=0	coded-hotterstuff/consensus.go:392	proposal is safe to vote on	{"CURRENT VIEW": 7, "msg": "proposal", "header view": 8, "prepare view": 6, "hash": "CdTNHG77L/KNb6fxbFkMI5vefUtOuAcj6xhNSmb/gws=", "parent": "UrpGBauqox/y7djWW1+uYAk4lnjGCoti5rxDg06dPA8="}
2022-11-28T17:50:16.287Z	DEBUG	replica=0	coded-hotterstuff/consensus.go:467	Taking care of pending vote 8	{"CURRENT VIEW": 8}
2022-11-28T17:50:16.287Z	DEBUG	replica=0	coded-hotterstuff/consensus.go:676	received vote	{"CURRENT VIEW": 8, "msg": "vote", "voter": 4, "view": 8, "hash": "CdTNHG77L/KNb6fxbFkMI5vefUtOuAcj6xhNSmb/gws="}
2022-11-28T17:50:16.294Z	DEBUG	replica=0	coded-hotterstuff/consensus.go:467	Taking care of pending vote 8	{"CURRENT VIEW": 8}
2022-11-28T17:50:16.295Z	DEBUG	replica=0	coded-hotterstuff/consensus.go:676	received vote	{"CURRENT VIEW": 8, "msg": "vote", "voter": 5, "view": 8, "hash": "CdTNHG77L/KNb6fxbFkMI5vefUtOuAcj6xhNSmb/gws="}
2022-11-28T17:50:16.304Z	DEBUG	replica=0	coded-hotterstuff/consensus.go:676	received vote	{"CURRENT VIEW": 8, "msg": "vote", "voter": 0, "view": 8, "hash": "CdTNHG77L/KNb6fxbFkMI5vefUtOuAcj6xhNSmb/gws="}
2022-11-28T17:50:16.309Z	DEBUG	replica=0	coded-hotterstuff/consensus.go:676	received vote	{"CURRENT VIEW": 8, "msg": "vote", "voter": 8, "view": 8, "hash": "CdTNHG77L/KNb6fxbFkMI5vefUtOuAcj6xhNSmb/gws="}
Node  0 +1 block finalized at time:  2022-11-28 17:50:16.314345384 +0000 UTC m=+52.733427691
2022-11-28T17:50:16.316Z	DEBUG	replica=0	coded-hotterstuff/consensus.go:676	received vote	{"CURRENT VIEW": 8, "msg": "vote", "voter": 2, "view": 8, "hash": "CdTNHG77L/KNb6fxbFkMI5vefUtOuAcj6xhNSmb/gws="}
2022-11-28T17:50:16.346Z	DEBUG	replica=0	coded-hotterstuff/consensus.go:676	received vote	{"CURRENT VIEW": 8, "msg": "vote", "voter": 1, "view": 8, "hash": "CdTNHG77L/KNb6fxbFkMI5vefUtOuAcj6xhNSmb/gws="}
2022-11-28T17:50:16.590Z	DEBUG	replica=0	coded-hotterstuff/consensus.go:676	received vote	{"CURRENT VIEW": 8, "msg": "vote", "voter": 6, "view": 8, "hash": "CdTNHG77L/KNb6fxbFkMI5vefUtOuAcj6xhNSmb/gws="}
2022-11-28T17:50:16.595Z	DEBUG	replica=0	coded-hotterstuff/consensus.go:519	new block certified	{"CURRENT VIEW": 8, "view": 8, "hash": "CdTNHG77L/KNb6fxbFkMI5vefUtOuAcj6xhNSmb/gws="}
2022-11-28T17:50:16.595Z	DEBUG	replica=0	coded-hotterstuff/consensus.go:220	entered new view	{"CURRENT VIEW": 9, "view timeout": 2, "timedout": false}
2022-11-28T17:50:16.595Z	DEBUG	replica=0	coded-hotterstuff/consensus.go:244	replica is a leader for this view. waiting for data	{"CURRENT VIEW": 9}
2022-11-28T17:50:16.595Z	DEBUG	replica=0	coded-hotterstuff/consensus.go:220	entered new view	{"CURRENT VIEW": 9, "view timeout": 2, "timedout": false}
2022-11-28T17:50:16.595Z	DEBUG	replica=0	coded-hotterstuff/consensus.go:244	replica is a leader for this view. waiting for data	{"CURRENT VIEW": 9}
2022-11-28T17:50:16.598Z	DEBUG	replica=0	coded-hotterstuff/consensus.go:152	sending proposal	{"CURRENT VIEW": 9, "hash": "S5jvF8HlmLvBxjERXgBCYm1M/GPQBuOxef9Rwa5UXRA=", "parent": "CdTNHG77L/KNb6fxbFkMI5vefUtOuAcj6xhNSmb/gws=", "signer": 0}
2022-11-28T17:50:16.598Z	DEBUG	replica=0	coded-hotterstuff/consensus.go:285	received proposal, called onProposal	{"CURRENT VIEW": 9, "msg": "proposal", "header view": 9, "prepare view": 8, "hash": "S5jvF8HlmLvBxjERXgBCYm1M/GPQBuOxef9Rwa5UXRA=", "parent": "CdTNHG77L/KNb6fxbFkMI5vefUtOuAcj6xhNSmb/gws="}
2022-11-28T17:50:16.606Z	DEBUG	replica=0	coded-hotterstuff/consensus.go:498	new block locked	{"CURRENT VIEW": 9, "view": 7, "hash": "UrpGBauqox/y7djWW1+uYAk4lnjGCoti5rxDg06dPA8="}
2022-11-28T17:50:16.606Z	INFO	replica=0	coded-hotterstuff/consensus.go:507	new block commited	{"CURRENT VIEW": 9, "view": 6, "hash": "kFp8+So3McG2yp/crA+UXLJ7e1+L/NadJHrbEZU+si4="}
2022-11-28T17:50:16.607Z	DEBUG	replica=0	coded-hotterstuff/consensus.go:392	proposal is safe to vote on	{"CURRENT VIEW": 9, "msg": "proposal", "header view": 9, "prepare view": 8, "hash": "S5jvF8HlmLvBxjERXgBCYm1M/GPQBuOxef9Rwa5UXRA=", "parent": "CdTNHG77L/KNb6fxbFkMI5vefUtOuAcj6xhNSmb/gws="}
Node  0 +1 block finalized at time:  2022-11-28 17:50:16.609204963 +0000 UTC m=+53.028287278
2022-11-28T17:50:19.502Z	DEBUG	replica=0	coded-hotterstuff/consensus.go:676	received vote	{"CURRENT VIEW": 9, "msg": "vote", "voter": 7, "view": 9, "hash": "CdTNHG77L/KNb6fxbFkMI5vefUtOuAcj6xhNSmb/gws="}
2022-11-28T17:50:19.507Z	DEBUG	replica=0	coded-hotterstuff/consensus.go:220	entered new view	{"CURRENT VIEW": 9, "view timeout": 2, "timedout": false}
2022-11-28T17:50:19.507Z	DEBUG	replica=0	coded-hotterstuff/consensus.go:244	replica is a leader for this view. waiting for data	{"CURRENT VIEW": 9}
2022-11-28T17:50:19.510Z	DEBUG	replica=0	coded-hotterstuff/consensus.go:152	sending proposal	{"CURRENT VIEW": 9, "hash": "S5jvF8HlmLvBxjERXgBCYm1M/GPQBuOxef9Rwa5UXRA=", "parent": "CdTNHG77L/KNb6fxbFkMI5vefUtOuAcj6xhNSmb/gws=", "signer": 0}
2022-11-28T17:50:19.510Z	DEBUG	replica=0	coded-hotterstuff/consensus.go:285	received proposal, called onProposal	{"CURRENT VIEW": 9, "msg": "proposal", "header view": 9, "prepare view": 8, "hash": "S5jvF8HlmLvBxjERXgBCYm1M/GPQBuOxef9Rwa5UXRA=", "parent": "CdTNHG77L/KNb6fxbFkMI5vefUtOuAcj6xhNSmb/gws="}
