Node index: 0
[10.0.1.0:9000 10.0.1.2:9001 10.0.1.4:9002 10.0.1.6:9003 10.0.1.8:9004 10.0.1.10:9005 10.0.1.12:9006 10.0.1.14:9007 10.0.1.16:9008]
connection established 0 - 2
Node  0 -->  Listening for messages... 
connection established 0 - 3
Node  0 -->  Listening for messages... 
connection established 0 - 7
Node  0 -->  Listening for messages... 
connection established 0 - 4
Node  0 -->  Listening for messages... 
connection established 0 - 1
Node  0 -->  Listening for messages... 
connection established 0 - 8
Node  0 -->  Listening for messages... 
connection established 0 - 5
Node  0 -->  Listening for messages... 
connection established 0 - 6
Node  0 -->  Listening for messages... 
2022-11-28T17:51:36.504Z	DEBUG	replica=0	coded-hotterstuff/consensus.go:520	entered new view	{"CURRENT VIEW": 1, "view timeout": 2, "timedout": false}
replica 0 is forwarding chunk to replica 2
replica 0 is forwarding chunk to replica 3
replica 0 is forwarding chunk to replica 4
replica 0 is forwarding chunk to replica 5
replica 0 is forwarding chunk to replica 6
replica 0 is forwarding chunk to replica 7
replica 0 is forwarding chunk to replica 8
Decoded original proposal, time: 2022-11-28 17:51:43.539238995 +0000 UTC m=+7.212684504 header hash: [72 160 180 233 149 231 108 139 103 97 149 83 197 114 214 128 107 110 76 231 61 205 42 18 190 82 86 133 4 78 235 255]
2022-11-28T17:51:43.539Z	DEBUG	replica=0	coded-hotterstuff/consensus.go:576	received proposal	{"CURRENT VIEW": 1, "msg": "proposal", "header view": 1, "prepare view": 0, "hash": "SKC06ZXnbItnYZVTxXLWgGtuTOc9zSoSvlJWhQRO6/8=", "parent": "GZWDhiYW+ib6TpJWRLDOftUd8y8ovAaEerQWDbefS7c="}
2022-11-28T17:51:43.546Z	DEBUG	replica=0	coded-hotterstuff/consensus.go:777	could not find gparent header	{"CURRENT VIEW": 1, "view": 0, "hash": "GZWDhiYW+ib6TpJWRLDOftUd8y8ovAaEerQWDbefS7c="}
2022-11-28T17:51:43.549Z	DEBUG	replica=0	coded-hotterstuff/consensus.go:678	proposal is safe to vote on	{"CURRENT VIEW": 1, "msg": "proposal", "header view": 1, "prepare view": 0, "hash": "SKC06ZXnbItnYZVTxXLWgGtuTOc9zSoSvlJWhQRO6/8=", "parent": "GZWDhiYW+ib6TpJWRLDOftUd8y8ovAaEerQWDbefS7c="}
replica 0 is forwarding chunk to replica 1
replica 0 is forwarding chunk to replica 3
replica 0 is forwarding chunk to replica 4
replica 0 is forwarding chunk to replica 5
replica 0 is forwarding chunk to replica 6
replica 0 is forwarding chunk to replica 7
replica 0 is forwarding chunk to replica 8
replica 0 is forwarding chunk to replica 1
replica 0 is forwarding chunk to replica 3
replica 0 is forwarding chunk to replica 4
replica 0 is forwarding chunk to replica 5
replica 0 is forwarding chunk to replica 6
replica 0 is forwarding chunk to replica 7
replica 0 is forwarding chunk to replica 8
Decoded original proposal, time: 2022-11-28 17:51:48.282102938 +0000 UTC m=+11.955548454 header hash: [112 240 93 77 174 234 64 155 158 20 106 227 158 234 134 149 230 112 20 24 127 150 17 128 149 69 129 124 42 247 80 171]
2022-11-28T17:51:48.282Z	DEBUG	replica=0	coded-hotterstuff/consensus.go:576	received proposal	{"CURRENT VIEW": 1, "msg": "proposal", "header view": 2, "prepare view": 0, "hash": "cPBdTa7qQJueFGrjnuqGleZwFBh/lhGAlUWBfCr3UKs=", "parent": "SKC06ZXnbItnYZVTxXLWgGtuTOc9zSoSvlJWhQRO6/8="}
2022-11-28T17:51:48.289Z	DEBUG	replica=0	coded-hotterstuff/consensus.go:809	new block certified	{"CURRENT VIEW": 1, "view": 1, "hash": "SKC06ZXnbItnYZVTxXLWgGtuTOc9zSoSvlJWhQRO6/8="}
2022-11-28T17:51:48.289Z	DEBUG	replica=0	coded-hotterstuff/consensus.go:520	entered new view	{"CURRENT VIEW": 2, "view timeout": 2, "timedout": false}
2022-11-28T17:51:48.289Z	DEBUG	replica=0	coded-hotterstuff/consensus.go:782	could not find ggparent header	{"CURRENT VIEW": 2, "view": 0, "hash": "GZWDhiYW+ib6TpJWRLDOftUd8y8ovAaEerQWDbefS7c="}
2022-11-28T17:51:48.292Z	DEBUG	replica=0	coded-hotterstuff/consensus.go:678	proposal is safe to vote on	{"CURRENT VIEW": 1, "msg": "proposal", "header view": 2, "prepare view": 0, "hash": "cPBdTa7qQJueFGrjnuqGleZwFBh/lhGAlUWBfCr3UKs=", "parent": "SKC06ZXnbItnYZVTxXLWgGtuTOc9zSoSvlJWhQRO6/8="}
replica 0 is forwarding chunk to replica 1
replica 0 is forwarding chunk to replica 3
replica 0 is forwarding chunk to replica 4
replica 0 is forwarding chunk to replica 5
replica 0 is forwarding chunk to replica 6
replica 0 is forwarding chunk to replica 7
replica 0 is forwarding chunk to replica 8
Decoded original proposal, time: 2022-11-28 17:51:50.230360476 +0000 UTC m=+13.903806038 header hash: [112 240 93 77 174 234 64 155 158 20 106 227 158 234 134 149 230 112 20 24 127 150 17 128 149 69 129 124 42 247 80 171]
2022-11-28T17:51:50.230Z	DEBUG	replica=0	coded-hotterstuff/consensus.go:576	received proposal	{"CURRENT VIEW": 2, "msg": "proposal", "header view": 2, "prepare view": 1, "hash": "cPBdTa7qQJueFGrjnuqGleZwFBh/lhGAlUWBfCr3UKs=", "parent": "SKC06ZXnbItnYZVTxXLWgGtuTOc9zSoSvlJWhQRO6/8="}
2022-11-28T17:51:50.238Z	DEBUG	replica=0	coded-hotterstuff/consensus.go:782	could not find ggparent header	{"CURRENT VIEW": 2, "view": 0, "hash": "GZWDhiYW+ib6TpJWRLDOftUd8y8ovAaEerQWDbefS7c="}
Decoded original proposal, time: 2022-11-28 17:51:51.918957328 +0000 UTC m=+15.592402845 header hash: [112 240 93 77 174 234 64 155 158 20 106 227 158 234 134 149 230 112 20 24 127 150 17 128 149 69 129 124 42 247 80 171]
2022-11-28T17:51:51.919Z	DEBUG	replica=0	coded-hotterstuff/consensus.go:576	received proposal	{"CURRENT VIEW": 2, "msg": "proposal", "header view": 2, "prepare view": 1, "hash": "cPBdTa7qQJueFGrjnuqGleZwFBh/lhGAlUWBfCr3UKs=", "parent": "SKC06ZXnbItnYZVTxXLWgGtuTOc9zSoSvlJWhQRO6/8="}
2022-11-28T17:51:51.927Z	DEBUG	replica=0	coded-hotterstuff/consensus.go:782	could not find ggparent header	{"CURRENT VIEW": 2, "view": 0, "hash": "GZWDhiYW+ib6TpJWRLDOftUd8y8ovAaEerQWDbefS7c="}
replica 0 is forwarding chunk to replica 1
replica 0 is forwarding chunk to replica 2
replica 0 is forwarding chunk to replica 4
replica 0 is forwarding chunk to replica 5
replica 0 is forwarding chunk to replica 6
replica 0 is forwarding chunk to replica 7
replica 0 is forwarding chunk to replica 8
replica 0 is forwarding chunk to replica 1
replica 0 is forwarding chunk to replica 2
replica 0 is forwarding chunk to replica 4
replica 0 is forwarding chunk to replica 5
replica 0 is forwarding chunk to replica 6
replica 0 is forwarding chunk to replica 7
replica 0 is forwarding chunk to replica 8
Decoded original proposal, time: 2022-11-28 17:51:55.473123783 +0000 UTC m=+19.146569345 header hash: [112 177 115 22 63 1 229 2 188 132 41 134 91 243 148 216 155 140 26 48 57 5 100 136 252 109 95 105 67 73 234 227]
2022-11-28T17:51:55.473Z	DEBUG	replica=0	coded-hotterstuff/consensus.go:576	received proposal	{"CURRENT VIEW": 2, "msg": "proposal", "header view": 3, "prepare view": 1, "hash": "cLFzFj8B5QK8hCmGW/OU2JuMGjA5BWSI/G1faUNJ6uM=", "parent": "cPBdTa7qQJueFGrjnuqGleZwFBh/lhGAlUWBfCr3UKs="}
2022-11-28T17:51:55.482Z	DEBUG	replica=0	coded-hotterstuff/consensus.go:809	new block certified	{"CURRENT VIEW": 2, "view": 2, "hash": "cPBdTa7qQJueFGrjnuqGleZwFBh/lhGAlUWBfCr3UKs="}
2022-11-28T17:51:55.482Z	DEBUG	replica=0	coded-hotterstuff/consensus.go:520	entered new view	{"CURRENT VIEW": 3, "view timeout": 2, "timedout": false}
2022-11-28T17:51:55.482Z	DEBUG	replica=0	coded-hotterstuff/consensus.go:788	new block locked	{"CURRENT VIEW": 3, "view": 1, "hash": "SKC06ZXnbItnYZVTxXLWgGtuTOc9zSoSvlJWhQRO6/8="}
2022-11-28T17:51:55.486Z	DEBUG	replica=0	coded-hotterstuff/consensus.go:678	proposal is safe to vote on	{"CURRENT VIEW": 2, "msg": "proposal", "header view": 3, "prepare view": 1, "hash": "cLFzFj8B5QK8hCmGW/OU2JuMGjA5BWSI/G1faUNJ6uM=", "parent": "cPBdTa7qQJueFGrjnuqGleZwFBh/lhGAlUWBfCr3UKs="}
replica 0 is forwarding chunk to replica 1
replica 0 is forwarding chunk to replica 2
replica 0 is forwarding chunk to replica 4
replica 0 is forwarding chunk to replica 5
replica 0 is forwarding chunk to replica 6
replica 0 is forwarding chunk to replica 7
replica 0 is forwarding chunk to replica 8
Decoded original proposal, time: 2022-11-28 17:51:57.082778082 +0000 UTC m=+20.756223601 header hash: [112 177 115 22 63 1 229 2 188 132 41 134 91 243 148 216 155 140 26 48 57 5 100 136 252 109 95 105 67 73 234 227]
2022-11-28T17:51:57.082Z	DEBUG	replica=0	coded-hotterstuff/consensus.go:576	received proposal	{"CURRENT VIEW": 3, "msg": "proposal", "header view": 3, "prepare view": 2, "hash": "cLFzFj8B5QK8hCmGW/OU2JuMGjA5BWSI/G1faUNJ6uM=", "parent": "cPBdTa7qQJueFGrjnuqGleZwFBh/lhGAlUWBfCr3UKs="}
Decoded original proposal, time: 2022-11-28 17:51:59.019465761 +0000 UTC m=+22.692911291 header hash: [112 177 115 22 63 1 229 2 188 132 41 134 91 243 148 216 155 140 26 48 57 5 100 136 252 109 95 105 67 73 234 227]
2022-11-28T17:51:59.019Z	DEBUG	replica=0	coded-hotterstuff/consensus.go:576	received proposal	{"CURRENT VIEW": 3, "msg": "proposal", "header view": 3, "prepare view": 2, "hash": "cLFzFj8B5QK8hCmGW/OU2JuMGjA5BWSI/G1faUNJ6uM=", "parent": "cPBdTa7qQJueFGrjnuqGleZwFBh/lhGAlUWBfCr3UKs="}
replica 0 is forwarding chunk to replica 1
replica 0 is forwarding chunk to replica 2
replica 0 is forwarding chunk to replica 3
replica 0 is forwarding chunk to replica 5
replica 0 is forwarding chunk to replica 6
replica 0 is forwarding chunk to replica 7
replica 0 is forwarding chunk to replica 8
Decoded original proposal, time: 2022-11-28 17:52:02.199130179 +0000 UTC m=+25.872575739 header hash: [241 106 152 62 46 209 156 146 237 16 116 52 193 237 0 80 85 192 166 182 15 238 2 99 236 42 182 26 232 130 25 190]
2022-11-28T17:52:02.199Z	DEBUG	replica=0	coded-hotterstuff/consensus.go:576	received proposal	{"CURRENT VIEW": 3, "msg": "proposal", "header view": 4, "prepare view": 2, "hash": "8WqYPi7RnJLtEHQ0we0AUFXAprYP7gJj7Cq2GuiCGb4=", "parent": "cLFzFj8B5QK8hCmGW/OU2JuMGjA5BWSI/G1faUNJ6uM="}
2022-11-28T17:52:02.208Z	DEBUG	replica=0	coded-hotterstuff/consensus.go:809	new block certified	{"CURRENT VIEW": 3, "view": 3, "hash": "cLFzFj8B5QK8hCmGW/OU2JuMGjA5BWSI/G1faUNJ6uM="}
2022-11-28T17:52:02.208Z	DEBUG	replica=0	coded-hotterstuff/consensus.go:520	entered new view	{"CURRENT VIEW": 4, "view timeout": 2, "timedout": false}
2022-11-28T17:52:02.208Z	DEBUG	replica=0	coded-hotterstuff/consensus.go:788	new block locked	{"CURRENT VIEW": 4, "view": 2, "hash": "cPBdTa7qQJueFGrjnuqGleZwFBh/lhGAlUWBfCr3UKs="}
2022-11-28T17:52:02.208Z	INFO	replica=0	coded-hotterstuff/consensus.go:797	new block commited	{"CURRENT VIEW": 4, "view": 1, "hash": "SKC06ZXnbItnYZVTxXLWgGtuTOc9zSoSvlJWhQRO6/8="}
2022-11-28T17:52:02.208Z	DEBUG	replica=0	coded-hotterstuff/consensus.go:678	proposal is safe to vote on	{"CURRENT VIEW": 3, "msg": "proposal", "header view": 4, "prepare view": 2, "hash": "8WqYPi7RnJLtEHQ0we0AUFXAprYP7gJj7Cq2GuiCGb4=", "parent": "cLFzFj8B5QK8hCmGW/OU2JuMGjA5BWSI/G1faUNJ6uM="}
Node  0 +1 block finalized at time:  2022-11-28 17:52:02.211368813 +0000 UTC m=+25.884814309
replica 0 is forwarding chunk to replica 1
replica 0 is forwarding chunk to replica 2
replica 0 is forwarding chunk to replica 3
replica 0 is forwarding chunk to replica 5
replica 0 is forwarding chunk to replica 6
replica 0 is forwarding chunk to replica 7
replica 0 is forwarding chunk to replica 8
Decoded original proposal, time: 2022-11-28 17:52:04.092569723 +0000 UTC m=+27.766015231 header hash: [241 106 152 62 46 209 156 146 237 16 116 52 193 237 0 80 85 192 166 182 15 238 2 99 236 42 182 26 232 130 25 190]
2022-11-28T17:52:04.092Z	DEBUG	replica=0	coded-hotterstuff/consensus.go:576	received proposal	{"CURRENT VIEW": 4, "msg": "proposal", "header view": 4, "prepare view": 3, "hash": "8WqYPi7RnJLtEHQ0we0AUFXAprYP7gJj7Cq2GuiCGb4=", "parent": "cLFzFj8B5QK8hCmGW/OU2JuMGjA5BWSI/G1faUNJ6uM="}
replica 0 is forwarding chunk to replica 1
replica 0 is forwarding chunk to replica 2
replica 0 is forwarding chunk to replica 3
replica 0 is forwarding chunk to replica 4
replica 0 is forwarding chunk to replica 6
replica 0 is forwarding chunk to replica 7
replica 0 is forwarding chunk to replica 8
replica 0 is forwarding chunk to replica 1
replica 0 is forwarding chunk to replica 2
replica 0 is forwarding chunk to replica 3
replica 0 is forwarding chunk to replica 5
replica 0 is forwarding chunk to replica 6
replica 0 is forwarding chunk to replica 7
replica 0 is forwarding chunk to replica 8
replica 0 is forwarding chunk to replica 1
replica 0 is forwarding chunk to replica 2
replica 0 is forwarding chunk to replica 3
replica 0 is forwarding chunk to replica 4
replica 0 is forwarding chunk to replica 6
replica 0 is forwarding chunk to replica 7
replica 0 is forwarding chunk to replica 8
Decoded original proposal, time: 2022-11-28 17:52:07.962864765 +0000 UTC m=+31.636310283 header hash: [241 106 152 62 46 209 156 146 237 16 116 52 193 237 0 80 85 192 166 182 15 238 2 99 236 42 182 26 232 130 25 190]
2022-11-28T17:52:07.962Z	DEBUG	replica=0	coded-hotterstuff/consensus.go:576	received proposal	{"CURRENT VIEW": 4, "msg": "proposal", "header view": 4, "prepare view": 3, "hash": "8WqYPi7RnJLtEHQ0we0AUFXAprYP7gJj7Cq2GuiCGb4=", "parent": "cLFzFj8B5QK8hCmGW/OU2JuMGjA5BWSI/G1faUNJ6uM="}
replica 0 is forwarding chunk to replica 1
replica 0 is forwarding chunk to replica 2
replica 0 is forwarding chunk to replica 3
replica 0 is forwarding chunk to replica 4
replica 0 is forwarding chunk to replica 6
replica 0 is forwarding chunk to replica 7
replica 0 is forwarding chunk to replica 8
Decoded original proposal, time: 2022-11-28 17:52:09.399309379 +0000 UTC m=+33.072754942 header hash: [142 10 227 234 199 14 168 203 47 218 211 136 230 41 94 109 68 52 16 5 27 142 16 70 5 23 250 1 182 25 221 148]
2022-11-28T17:52:09.399Z	DEBUG	replica=0	coded-hotterstuff/consensus.go:576	received proposal	{"CURRENT VIEW": 4, "msg": "proposal", "header view": 5, "prepare view": 3, "hash": "jgrj6scOqMsv2tOI5ilebUQ0EAUbjhBGBRf6AbYZ3ZQ=", "parent": "8WqYPi7RnJLtEHQ0we0AUFXAprYP7gJj7Cq2GuiCGb4="}
2022-11-28T17:52:09.408Z	DEBUG	replica=0	coded-hotterstuff/consensus.go:809	new block certified	{"CURRENT VIEW": 4, "view": 4, "hash": "8WqYPi7RnJLtEHQ0we0AUFXAprYP7gJj7Cq2GuiCGb4="}
2022-11-28T17:52:09.408Z	DEBUG	replica=0	coded-hotterstuff/consensus.go:520	entered new view	{"CURRENT VIEW": 5, "view timeout": 2, "timedout": false}
2022-11-28T17:52:09.408Z	DEBUG	replica=0	coded-hotterstuff/consensus.go:788	new block locked	{"CURRENT VIEW": 5, "view": 3, "hash": "cLFzFj8B5QK8hCmGW/OU2JuMGjA5BWSI/G1faUNJ6uM="}
2022-11-28T17:52:09.408Z	INFO	replica=0	coded-hotterstuff/consensus.go:797	new block commited	{"CURRENT VIEW": 5, "view": 2, "hash": "cPBdTa7qQJueFGrjnuqGleZwFBh/lhGAlUWBfCr3UKs="}
2022-11-28T17:52:09.410Z	DEBUG	replica=0	coded-hotterstuff/consensus.go:678	proposal is safe to vote on	{"CURRENT VIEW": 4, "msg": "proposal", "header view": 5, "prepare view": 3, "hash": "jgrj6scOqMsv2tOI5ilebUQ0EAUbjhBGBRf6AbYZ3ZQ=", "parent": "8WqYPi7RnJLtEHQ0we0AUFXAprYP7gJj7Cq2GuiCGb4="}
Node  0 +1 block finalized at time:  2022-11-28 17:52:09.413257593 +0000 UTC m=+33.086703104
Decoded original proposal, time: 2022-11-28 17:52:11.704708977 +0000 UTC m=+35.378154501 header hash: [142 10 227 234 199 14 168 203 47 218 211 136 230 41 94 109 68 52 16 5 27 142 16 70 5 23 250 1 182 25 221 148]
2022-11-28T17:52:11.704Z	DEBUG	replica=0	coded-hotterstuff/consensus.go:576	received proposal	{"CURRENT VIEW": 5, "msg": "proposal", "header view": 5, "prepare view": 4, "hash": "jgrj6scOqMsv2tOI5ilebUQ0EAUbjhBGBRf6AbYZ3ZQ=", "parent": "8WqYPi7RnJLtEHQ0we0AUFXAprYP7gJj7Cq2GuiCGb4="}
Decoded original proposal, time: 2022-11-28 17:52:13.603044919 +0000 UTC m=+37.276490452 header hash: [142 10 227 234 199 14 168 203 47 218 211 136 230 41 94 109 68 52 16 5 27 142 16 70 5 23 250 1 182 25 221 148]
2022-11-28T17:52:13.603Z	DEBUG	replica=0	coded-hotterstuff/consensus.go:576	received proposal	{"CURRENT VIEW": 5, "msg": "proposal", "header view": 5, "prepare view": 4, "hash": "jgrj6scOqMsv2tOI5ilebUQ0EAUbjhBGBRf6AbYZ3ZQ=", "parent": "8WqYPi7RnJLtEHQ0we0AUFXAprYP7gJj7Cq2GuiCGb4="}
replica 0 is forwarding chunk to replica 1
replica 0 is forwarding chunk to replica 2
replica 0 is forwarding chunk to replica 3
replica 0 is forwarding chunk to replica 4
replica 0 is forwarding chunk to replica 5
replica 0 is forwarding chunk to replica 7
replica 0 is forwarding chunk to replica 8
Decoded original proposal, time: 2022-11-28 17:52:19.17933834 +0000 UTC m=+42.852783900 header hash: [144 90 124 249 42 55 49 193 182 202 159 220 172 15 148 92 178 123 123 95 139 252 214 157 36 122 219 17 149 62 178 46]
2022-11-28T17:52:19.179Z	DEBUG	replica=0	coded-hotterstuff/consensus.go:576	received proposal	{"CURRENT VIEW": 5, "msg": "proposal", "header view": 6, "prepare view": 4, "hash": "kFp8+So3McG2yp/crA+UXLJ7e1+L/NadJHrbEZU+si4=", "parent": "jgrj6scOqMsv2tOI5ilebUQ0EAUbjhBGBRf6AbYZ3ZQ="}
2022-11-28T17:52:19.189Z	DEBUG	replica=0	coded-hotterstuff/consensus.go:809	new block certified	{"CURRENT VIEW": 5, "view": 5, "hash": "jgrj6scOqMsv2tOI5ilebUQ0EAUbjhBGBRf6AbYZ3ZQ="}
2022-11-28T17:52:19.189Z	DEBUG	replica=0	coded-hotterstuff/consensus.go:520	entered new view	{"CURRENT VIEW": 6, "view timeout": 2, "timedout": false}
2022-11-28T17:52:19.189Z	DEBUG	replica=0	coded-hotterstuff/consensus.go:788	new block locked	{"CURRENT VIEW": 6, "view": 4, "hash": "8WqYPi7RnJLtEHQ0we0AUFXAprYP7gJj7Cq2GuiCGb4="}
2022-11-28T17:52:19.189Z	INFO	replica=0	coded-hotterstuff/consensus.go:797	new block commited	{"CURRENT VIEW": 6, "view": 3, "hash": "cLFzFj8B5QK8hCmGW/OU2JuMGjA5BWSI/G1faUNJ6uM="}
2022-11-28T17:52:19.191Z	DEBUG	replica=0	coded-hotterstuff/consensus.go:678	proposal is safe to vote on	{"CURRENT VIEW": 5, "msg": "proposal", "header view": 6, "prepare view": 4, "hash": "kFp8+So3McG2yp/crA+UXLJ7e1+L/NadJHrbEZU+si4=", "parent": "jgrj6scOqMsv2tOI5ilebUQ0EAUbjhBGBRf6AbYZ3ZQ="}
Node  0 +1 block finalized at time:  2022-11-28 17:52:19.1935054 +0000 UTC m=+42.866950898
replica 0 is forwarding chunk to replica 1
replica 0 is forwarding chunk to replica 2
replica 0 is forwarding chunk to replica 3
replica 0 is forwarding chunk to replica 4
replica 0 is forwarding chunk to replica 5
replica 0 is forwarding chunk to replica 7
replica 0 is forwarding chunk to replica 8
Decoded original proposal, time: 2022-11-28 17:52:21.396895093 +0000 UTC m=+45.070340654 header hash: [144 90 124 249 42 55 49 193 182 202 159 220 172 15 148 92 178 123 123 95 139 252 214 157 36 122 219 17 149 62 178 46]
2022-11-28T17:52:21.396Z	DEBUG	replica=0	coded-hotterstuff/consensus.go:576	received proposal	{"CURRENT VIEW": 6, "msg": "proposal", "header view": 6, "prepare view": 5, "hash": "kFp8+So3McG2yp/crA+UXLJ7e1+L/NadJHrbEZU+si4=", "parent": "jgrj6scOqMsv2tOI5ilebUQ0EAUbjhBGBRf6AbYZ3ZQ="}
replica 0 is forwarding chunk to replica 1
replica 0 is forwarding chunk to replica 2
replica 0 is forwarding chunk to replica 3
replica 0 is forwarding chunk to replica 4
replica 0 is forwarding chunk to replica 5
replica 0 is forwarding chunk to replica 7
replica 0 is forwarding chunk to replica 8
Decoded original proposal, time: 2022-11-28 17:52:23.534255554 +0000 UTC m=+47.207701113 header hash: [144 90 124 249 42 55 49 193 182 202 159 220 172 15 148 92 178 123 123 95 139 252 214 157 36 122 219 17 149 62 178 46]
2022-11-28T17:52:23.534Z	DEBUG	replica=0	coded-hotterstuff/consensus.go:576	received proposal	{"CURRENT VIEW": 6, "msg": "proposal", "header view": 6, "prepare view": 5, "hash": "kFp8+So3McG2yp/crA+UXLJ7e1+L/NadJHrbEZU+si4=", "parent": "jgrj6scOqMsv2tOI5ilebUQ0EAUbjhBGBRf6AbYZ3ZQ="}
replica 0 is forwarding chunk to replica 1
replica 0 is forwarding chunk to replica 2
replica 0 is forwarding chunk to replica 3
replica 0 is forwarding chunk to replica 4
replica 0 is forwarding chunk to replica 5
replica 0 is forwarding chunk to replica 6
replica 0 is forwarding chunk to replica 8
replica 0 is forwarding chunk to replica 1
replica 0 is forwarding chunk to replica 2
replica 0 is forwarding chunk to replica 3
replica 0 is forwarding chunk to replica 4
replica 0 is forwarding chunk to replica 5
replica 0 is forwarding chunk to replica 6
replica 0 is forwarding chunk to replica 8
Decoded original proposal, time: 2022-11-28 17:52:27.061871237 +0000 UTC m=+50.735316779 header hash: [82 186 70 5 171 170 163 31 242 237 216 214 91 95 174 96 9 56 150 120 198 10 139 98 230 188 67 131 78 157 60 15]
2022-11-28T17:52:27.061Z	DEBUG	replica=0	coded-hotterstuff/consensus.go:576	received proposal	{"CURRENT VIEW": 6, "msg": "proposal", "header view": 7, "prepare view": 5, "hash": "UrpGBauqox/y7djWW1+uYAk4lnjGCoti5rxDg06dPA8=", "parent": "kFp8+So3McG2yp/crA+UXLJ7e1+L/NadJHrbEZU+si4="}
2022-11-28T17:52:27.070Z	DEBUG	replica=0	coded-hotterstuff/consensus.go:809	new block certified	{"CURRENT VIEW": 6, "view": 6, "hash": "kFp8+So3McG2yp/crA+UXLJ7e1+L/NadJHrbEZU+si4="}
2022-11-28T17:52:27.070Z	DEBUG	replica=0	coded-hotterstuff/consensus.go:520	entered new view	{"CURRENT VIEW": 7, "view timeout": 2, "timedout": false}
2022-11-28T17:52:27.070Z	DEBUG	replica=0	coded-hotterstuff/consensus.go:788	new block locked	{"CURRENT VIEW": 7, "view": 5, "hash": "jgrj6scOqMsv2tOI5ilebUQ0EAUbjhBGBRf6AbYZ3ZQ="}
2022-11-28T17:52:27.070Z	INFO	replica=0	coded-hotterstuff/consensus.go:797	new block commited	{"CURRENT VIEW": 7, "view": 4, "hash": "8WqYPi7RnJLtEHQ0we0AUFXAprYP7gJj7Cq2GuiCGb4="}
2022-11-28T17:52:27.072Z	DEBUG	replica=0	coded-hotterstuff/consensus.go:678	proposal is safe to vote on	{"CURRENT VIEW": 6, "msg": "proposal", "header view": 7, "prepare view": 5, "hash": "UrpGBauqox/y7djWW1+uYAk4lnjGCoti5rxDg06dPA8=", "parent": "kFp8+So3McG2yp/crA+UXLJ7e1+L/NadJHrbEZU+si4="}
Node  0 +1 block finalized at time:  2022-11-28 17:52:27.074840817 +0000 UTC m=+50.748286327
replica 0 is forwarding chunk to replica 1
replica 0 is forwarding chunk to replica 2
replica 0 is forwarding chunk to replica 3
replica 0 is forwarding chunk to replica 4
replica 0 is forwarding chunk to replica 5
replica 0 is forwarding chunk to replica 6
replica 0 is forwarding chunk to replica 8
Decoded original proposal, time: 2022-11-28 17:52:28.608674413 +0000 UTC m=+52.282119925 header hash: [82 186 70 5 171 170 163 31 242 237 216 214 91 95 174 96 9 56 150 120 198 10 139 98 230 188 67 131 78 157 60 15]
2022-11-28T17:52:28.608Z	DEBUG	replica=0	coded-hotterstuff/consensus.go:576	received proposal	{"CURRENT VIEW": 7, "msg": "proposal", "header view": 7, "prepare view": 6, "hash": "UrpGBauqox/y7djWW1+uYAk4lnjGCoti5rxDg06dPA8=", "parent": "kFp8+So3McG2yp/crA+UXLJ7e1+L/NadJHrbEZU+si4="}
Decoded original proposal, time: 2022-11-28 17:52:29.846493256 +0000 UTC m=+53.519938814 header hash: [82 186 70 5 171 170 163 31 242 237 216 214 91 95 174 96 9 56 150 120 198 10 139 98 230 188 67 131 78 157 60 15]
2022-11-28T17:52:29.846Z	DEBUG	replica=0	coded-hotterstuff/consensus.go:576	received proposal	{"CURRENT VIEW": 7, "msg": "proposal", "header view": 7, "prepare view": 6, "hash": "UrpGBauqox/y7djWW1+uYAk4lnjGCoti5rxDg06dPA8=", "parent": "kFp8+So3McG2yp/crA+UXLJ7e1+L/NadJHrbEZU+si4="}
replica 0 is forwarding chunk to replica 1
replica 0 is forwarding chunk to replica 2
replica 0 is forwarding chunk to replica 3
replica 0 is forwarding chunk to replica 4
replica 0 is forwarding chunk to replica 5
replica 0 is forwarding chunk to replica 6
replica 0 is forwarding chunk to replica 7
2022-11-28T17:52:31.054Z	DEBUG	replica=0	coded-hotterstuff/consensus.go:965	received vote	{"CURRENT VIEW": 7, "msg": "vote", "voter": 8, "view": 7, "hash": "CdTNHG77L/KNb6fxbFkMI5vefUtOuAcj6xhNSmb/gws="}
Node  0  received vote before proposal, saving vote in pending votes, hash is  [9 212 205 28 110 251 47 242 141 111 167 241 108 89 12 35 155 222 125 75 78 184 7 35 235 24 77 74 102 255 131 11]  and string is,  8
2022-11-28T17:52:31.054Z	DEBUG	replica=0	coded-hotterstuff/consensus.go:970	Received vote before proposal, key is, 8	{"CURRENT VIEW": 7}
replica 0 is forwarding chunk to replica 1
replica 0 is forwarding chunk to replica 2
replica 0 is forwarding chunk to replica 3
replica 0 is forwarding chunk to replica 4
replica 0 is forwarding chunk to replica 5
replica 0 is forwarding chunk to replica 6
replica 0 is forwarding chunk to replica 7
replica 0 is forwarding chunk to replica 1
replica 0 is forwarding chunk to replica 2
replica 0 is forwarding chunk to replica 3
replica 0 is forwarding chunk to replica 4
replica 0 is forwarding chunk to replica 5
replica 0 is forwarding chunk to replica 6
replica 0 is forwarding chunk to replica 7
2022-11-28T17:52:34.733Z	DEBUG	replica=0	coded-hotterstuff/consensus.go:965	received vote	{"CURRENT VIEW": 7, "msg": "vote", "voter": 1, "view": 7, "hash": "CdTNHG77L/KNb6fxbFkMI5vefUtOuAcj6xhNSmb/gws="}
2022-11-28T17:52:34.826Z	DEBUG	replica=0	coded-hotterstuff/consensus.go:965	received vote	{"CURRENT VIEW": 7, "msg": "vote", "voter": 2, "view": 7, "hash": "CdTNHG77L/KNb6fxbFkMI5vefUtOuAcj6xhNSmb/gws="}
2022-11-28T17:52:35.165Z	DEBUG	replica=0	coded-hotterstuff/consensus.go:965	received vote	{"CURRENT VIEW": 7, "msg": "vote", "voter": 5, "view": 7, "hash": "CdTNHG77L/KNb6fxbFkMI5vefUtOuAcj6xhNSmb/gws="}
Decoded original proposal, time: 2022-11-28 17:52:36.022684957 +0000 UTC m=+59.696130518 header hash: [9 212 205 28 110 251 47 242 141 111 167 241 108 89 12 35 155 222 125 75 78 184 7 35 235 24 77 74 102 255 131 11]
2022-11-28T17:52:36.022Z	DEBUG	replica=0	coded-hotterstuff/consensus.go:576	received proposal	{"CURRENT VIEW": 7, "msg": "proposal", "header view": 8, "prepare view": 6, "hash": "CdTNHG77L/KNb6fxbFkMI5vefUtOuAcj6xhNSmb/gws=", "parent": "UrpGBauqox/y7djWW1+uYAk4lnjGCoti5rxDg06dPA8="}
2022-11-28T17:52:36.030Z	DEBUG	replica=0	coded-hotterstuff/consensus.go:809	new block certified	{"CURRENT VIEW": 7, "view": 7, "hash": "UrpGBauqox/y7djWW1+uYAk4lnjGCoti5rxDg06dPA8="}
2022-11-28T17:52:36.030Z	DEBUG	replica=0	coded-hotterstuff/consensus.go:520	entered new view	{"CURRENT VIEW": 8, "view timeout": 2, "timedout": false}
2022-11-28T17:52:36.030Z	DEBUG	replica=0	coded-hotterstuff/consensus.go:535	replica is a leader for next view. collecting new-view messages	{"CURRENT VIEW": 8}
2022-11-28T17:52:36.030Z	DEBUG	replica=0	coded-hotterstuff/consensus.go:788	new block locked	{"CURRENT VIEW": 8, "view": 6, "hash": "kFp8+So3McG2yp/crA+UXLJ7e1+L/NadJHrbEZU+si4="}
2022-11-28T17:52:36.031Z	INFO	replica=0	coded-hotterstuff/consensus.go:797	new block commited	{"CURRENT VIEW": 8, "view": 5, "hash": "jgrj6scOqMsv2tOI5ilebUQ0EAUbjhBGBRf6AbYZ3ZQ="}
2022-11-28T17:52:36.031Z	DEBUG	replica=0	coded-hotterstuff/consensus.go:678	proposal is safe to vote on	{"CURRENT VIEW": 7, "msg": "proposal", "header view": 8, "prepare view": 6, "hash": "CdTNHG77L/KNb6fxbFkMI5vefUtOuAcj6xhNSmb/gws=", "parent": "UrpGBauqox/y7djWW1+uYAk4lnjGCoti5rxDg06dPA8="}
2022-11-28T17:52:36.031Z	DEBUG	replica=0	coded-hotterstuff/consensus.go:758	Taking care of pending vote 8	{"CURRENT VIEW": 8}
2022-11-28T17:52:36.031Z	DEBUG	replica=0	coded-hotterstuff/consensus.go:965	received vote	{"CURRENT VIEW": 8, "msg": "vote", "voter": 8, "view": 8, "hash": "CdTNHG77L/KNb6fxbFkMI5vefUtOuAcj6xhNSmb/gws="}
2022-11-28T17:52:36.036Z	DEBUG	replica=0	coded-hotterstuff/consensus.go:758	Taking care of pending vote 8	{"CURRENT VIEW": 8}
2022-11-28T17:52:36.036Z	DEBUG	replica=0	coded-hotterstuff/consensus.go:965	received vote	{"CURRENT VIEW": 8, "msg": "vote", "voter": 1, "view": 8, "hash": "CdTNHG77L/KNb6fxbFkMI5vefUtOuAcj6xhNSmb/gws="}
2022-11-28T17:52:36.041Z	DEBUG	replica=0	coded-hotterstuff/consensus.go:758	Taking care of pending vote 8	{"CURRENT VIEW": 8}
2022-11-28T17:52:36.041Z	DEBUG	replica=0	coded-hotterstuff/consensus.go:965	received vote	{"CURRENT VIEW": 8, "msg": "vote", "voter": 2, "view": 8, "hash": "CdTNHG77L/KNb6fxbFkMI5vefUtOuAcj6xhNSmb/gws="}
2022-11-28T17:52:36.047Z	DEBUG	replica=0	coded-hotterstuff/consensus.go:758	Taking care of pending vote 8	{"CURRENT VIEW": 8}
2022-11-28T17:52:36.047Z	DEBUG	replica=0	coded-hotterstuff/consensus.go:965	received vote	{"CURRENT VIEW": 8, "msg": "vote", "voter": 5, "view": 8, "hash": "CdTNHG77L/KNb6fxbFkMI5vefUtOuAcj6xhNSmb/gws="}
2022-11-28T17:52:36.055Z	DEBUG	replica=0	coded-hotterstuff/consensus.go:965	received vote	{"CURRENT VIEW": 8, "msg": "vote", "voter": 0, "view": 8, "hash": "CdTNHG77L/KNb6fxbFkMI5vefUtOuAcj6xhNSmb/gws="}
2022-11-28T17:52:36.061Z	DEBUG	replica=0	coded-hotterstuff/consensus.go:965	received vote	{"CURRENT VIEW": 8, "msg": "vote", "voter": 4, "view": 8, "hash": "CdTNHG77L/KNb6fxbFkMI5vefUtOuAcj6xhNSmb/gws="}
Node  0 +1 block finalized at time:  2022-11-28 17:52:36.067705648 +0000 UTC m=+59.741151168
