Node index: 6
[10.0.1.0:9000 10.0.1.2:9001 10.0.1.4:9002 10.0.1.6:9003 10.0.1.8:9004 10.0.1.10:9005 10.0.1.12:9006 10.0.1.14:9007 10.0.1.16:9008]
node 6 initiating connection to 10.0.1.2:9001
node 6 successfully initiated connection to 10.0.1.2:9001
node 6 initiating connection to 10.0.1.0:9000
node 6 successfully initiated connection to 10.0.1.0:9000
node 6 initiating connection to 10.0.1.6:9003
node 6 successfully initiated connection to 10.0.1.6:9003
node 6 initiating connection to 10.0.1.4:9002
node 6 successfully initiated connection to 10.0.1.4:9002
node 6 initiating connection to 10.0.1.8:9004
node 6 successfully initiated connection to 10.0.1.8:9004
node 6 initiating connection to 10.0.1.10:9005
node 6 successfully initiated connection to 10.0.1.10:9005
connection established 6 - 7
Node  6 -->  Listening for messages... 
connection established 6 - 8
Node  6 -->  Listening for messages... 
connection established 6 - 0
Node  6 -->  Listening for messages... 
connection established 6 - 2
Node  6 -->  Listening for messages... 
connection established 6 - 3
Node  6 -->  Listening for messages... 
connection established 6 - 4
Node  6 -->  Listening for messages... 
connection established 6 - 5
Node  6 -->  Listening for messages... 
connection established 6 - 1
Node  6 -->  Listening for messages... 
2022-11-28T17:51:36.508Z	DEBUG	replica=6	coded-hotterstuff/consensus.go:520	entered new view	{"CURRENT VIEW": 1, "view timeout": 2, "timedout": false}
replica 6 is forwarding chunk to replica 0
replica 6 is forwarding chunk to replica 2
replica 6 is forwarding chunk to replica 3
replica 6 is forwarding chunk to replica 4
replica 6 is forwarding chunk to replica 5
replica 6 is forwarding chunk to replica 7
replica 6 is forwarding chunk to replica 8
Decoded original proposal, time: 2022-11-28 17:51:43.602876415 +0000 UTC m=+7.238855392 header hash: [72 160 180 233 149 231 108 139 103 97 149 83 197 114 214 128 107 110 76 231 61 205 42 18 190 82 86 133 4 78 235 255]
2022-11-28T17:51:43.602Z	DEBUG	replica=6	coded-hotterstuff/consensus.go:576	received proposal	{"CURRENT VIEW": 1, "msg": "proposal", "header view": 1, "prepare view": 0, "hash": "SKC06ZXnbItnYZVTxXLWgGtuTOc9zSoSvlJWhQRO6/8=", "parent": "GZWDhiYW+ib6TpJWRLDOftUd8y8ovAaEerQWDbefS7c="}
2022-11-28T17:51:43.610Z	DEBUG	replica=6	coded-hotterstuff/consensus.go:777	could not find gparent header	{"CURRENT VIEW": 1, "view": 0, "hash": "GZWDhiYW+ib6TpJWRLDOftUd8y8ovAaEerQWDbefS7c="}
2022-11-28T17:51:43.613Z	DEBUG	replica=6	coded-hotterstuff/consensus.go:678	proposal is safe to vote on	{"CURRENT VIEW": 1, "msg": "proposal", "header view": 1, "prepare view": 0, "hash": "SKC06ZXnbItnYZVTxXLWgGtuTOc9zSoSvlJWhQRO6/8=", "parent": "GZWDhiYW+ib6TpJWRLDOftUd8y8ovAaEerQWDbefS7c="}
replica 6 is forwarding chunk to replica 0
replica 6 is forwarding chunk to replica 1
replica 6 is forwarding chunk to replica 3
replica 6 is forwarding chunk to replica 4
replica 6 is forwarding chunk to replica 5
replica 6 is forwarding chunk to replica 7
replica 6 is forwarding chunk to replica 8
replica 6 is forwarding chunk to replica 0
replica 6 is forwarding chunk to replica 1
replica 6 is forwarding chunk to replica 3
replica 6 is forwarding chunk to replica 4
replica 6 is forwarding chunk to replica 5
replica 6 is forwarding chunk to replica 7
replica 6 is forwarding chunk to replica 8
Decoded original proposal, time: 2022-11-28 17:51:48.131228343 +0000 UTC m=+11.767207370 header hash: [112 240 93 77 174 234 64 155 158 20 106 227 158 234 134 149 230 112 20 24 127 150 17 128 149 69 129 124 42 247 80 171]
2022-11-28T17:51:48.131Z	DEBUG	replica=6	coded-hotterstuff/consensus.go:576	received proposal	{"CURRENT VIEW": 1, "msg": "proposal", "header view": 2, "prepare view": 0, "hash": "cPBdTa7qQJueFGrjnuqGleZwFBh/lhGAlUWBfCr3UKs=", "parent": "SKC06ZXnbItnYZVTxXLWgGtuTOc9zSoSvlJWhQRO6/8="}
2022-11-28T17:51:48.139Z	DEBUG	replica=6	coded-hotterstuff/consensus.go:809	new block certified	{"CURRENT VIEW": 1, "view": 1, "hash": "SKC06ZXnbItnYZVTxXLWgGtuTOc9zSoSvlJWhQRO6/8="}
2022-11-28T17:51:48.139Z	DEBUG	replica=6	coded-hotterstuff/consensus.go:520	entered new view	{"CURRENT VIEW": 2, "view timeout": 2, "timedout": false}
2022-11-28T17:51:48.139Z	DEBUG	replica=6	coded-hotterstuff/consensus.go:782	could not find ggparent header	{"CURRENT VIEW": 2, "view": 0, "hash": "GZWDhiYW+ib6TpJWRLDOftUd8y8ovAaEerQWDbefS7c="}
2022-11-28T17:51:48.141Z	DEBUG	replica=6	coded-hotterstuff/consensus.go:678	proposal is safe to vote on	{"CURRENT VIEW": 1, "msg": "proposal", "header view": 2, "prepare view": 0, "hash": "cPBdTa7qQJueFGrjnuqGleZwFBh/lhGAlUWBfCr3UKs=", "parent": "SKC06ZXnbItnYZVTxXLWgGtuTOc9zSoSvlJWhQRO6/8="}
replica 6 is forwarding chunk to replica 0
replica 6 is forwarding chunk to replica 1
replica 6 is forwarding chunk to replica 3
replica 6 is forwarding chunk to replica 4
replica 6 is forwarding chunk to replica 5
replica 6 is forwarding chunk to replica 7
replica 6 is forwarding chunk to replica 8
Decoded original proposal, time: 2022-11-28 17:51:49.970569315 +0000 UTC m=+13.606548343 header hash: [112 240 93 77 174 234 64 155 158 20 106 227 158 234 134 149 230 112 20 24 127 150 17 128 149 69 129 124 42 247 80 171]
2022-11-28T17:51:49.970Z	DEBUG	replica=6	coded-hotterstuff/consensus.go:576	received proposal	{"CURRENT VIEW": 2, "msg": "proposal", "header view": 2, "prepare view": 1, "hash": "cPBdTa7qQJueFGrjnuqGleZwFBh/lhGAlUWBfCr3UKs=", "parent": "SKC06ZXnbItnYZVTxXLWgGtuTOc9zSoSvlJWhQRO6/8="}
2022-11-28T17:51:49.978Z	DEBUG	replica=6	coded-hotterstuff/consensus.go:782	could not find ggparent header	{"CURRENT VIEW": 2, "view": 0, "hash": "GZWDhiYW+ib6TpJWRLDOftUd8y8ovAaEerQWDbefS7c="}
Decoded original proposal, time: 2022-11-28 17:51:51.965524285 +0000 UTC m=+15.601503304 header hash: [112 240 93 77 174 234 64 155 158 20 106 227 158 234 134 149 230 112 20 24 127 150 17 128 149 69 129 124 42 247 80 171]
2022-11-28T17:51:51.965Z	DEBUG	replica=6	coded-hotterstuff/consensus.go:576	received proposal	{"CURRENT VIEW": 2, "msg": "proposal", "header view": 2, "prepare view": 1, "hash": "cPBdTa7qQJueFGrjnuqGleZwFBh/lhGAlUWBfCr3UKs=", "parent": "SKC06ZXnbItnYZVTxXLWgGtuTOc9zSoSvlJWhQRO6/8="}
2022-11-28T17:51:51.973Z	DEBUG	replica=6	coded-hotterstuff/consensus.go:782	could not find ggparent header	{"CURRENT VIEW": 2, "view": 0, "hash": "GZWDhiYW+ib6TpJWRLDOftUd8y8ovAaEerQWDbefS7c="}
replica 6 is forwarding chunk to replica 0
replica 6 is forwarding chunk to replica 1
replica 6 is forwarding chunk to replica 2
replica 6 is forwarding chunk to replica 4
replica 6 is forwarding chunk to replica 5
replica 6 is forwarding chunk to replica 7
replica 6 is forwarding chunk to replica 8
Decoded original proposal, time: 2022-11-28 17:51:55.482037377 +0000 UTC m=+19.118016356 header hash: [112 177 115 22 63 1 229 2 188 132 41 134 91 243 148 216 155 140 26 48 57 5 100 136 252 109 95 105 67 73 234 227]
2022-11-28T17:51:55.482Z	DEBUG	replica=6	coded-hotterstuff/consensus.go:576	received proposal	{"CURRENT VIEW": 2, "msg": "proposal", "header view": 3, "prepare view": 1, "hash": "cLFzFj8B5QK8hCmGW/OU2JuMGjA5BWSI/G1faUNJ6uM=", "parent": "cPBdTa7qQJueFGrjnuqGleZwFBh/lhGAlUWBfCr3UKs="}
2022-11-28T17:51:55.492Z	DEBUG	replica=6	coded-hotterstuff/consensus.go:809	new block certified	{"CURRENT VIEW": 2, "view": 2, "hash": "cPBdTa7qQJueFGrjnuqGleZwFBh/lhGAlUWBfCr3UKs="}
2022-11-28T17:51:55.492Z	DEBUG	replica=6	coded-hotterstuff/consensus.go:520	entered new view	{"CURRENT VIEW": 3, "view timeout": 2, "timedout": false}
2022-11-28T17:51:55.492Z	DEBUG	replica=6	coded-hotterstuff/consensus.go:788	new block locked	{"CURRENT VIEW": 3, "view": 1, "hash": "SKC06ZXnbItnYZVTxXLWgGtuTOc9zSoSvlJWhQRO6/8="}
2022-11-28T17:51:55.494Z	DEBUG	replica=6	coded-hotterstuff/consensus.go:678	proposal is safe to vote on	{"CURRENT VIEW": 2, "msg": "proposal", "header view": 3, "prepare view": 1, "hash": "cLFzFj8B5QK8hCmGW/OU2JuMGjA5BWSI/G1faUNJ6uM=", "parent": "cPBdTa7qQJueFGrjnuqGleZwFBh/lhGAlUWBfCr3UKs="}
replica 6 is forwarding chunk to replica 0
replica 6 is forwarding chunk to replica 1
replica 6 is forwarding chunk to replica 2
replica 6 is forwarding chunk to replica 4
replica 6 is forwarding chunk to replica 5
replica 6 is forwarding chunk to replica 7
replica 6 is forwarding chunk to replica 8
Decoded original proposal, time: 2022-11-28 17:51:57.827665003 +0000 UTC m=+21.463644020 header hash: [112 177 115 22 63 1 229 2 188 132 41 134 91 243 148 216 155 140 26 48 57 5 100 136 252 109 95 105 67 73 234 227]
2022-11-28T17:51:57.827Z	DEBUG	replica=6	coded-hotterstuff/consensus.go:576	received proposal	{"CURRENT VIEW": 3, "msg": "proposal", "header view": 3, "prepare view": 2, "hash": "cLFzFj8B5QK8hCmGW/OU2JuMGjA5BWSI/G1faUNJ6uM=", "parent": "cPBdTa7qQJueFGrjnuqGleZwFBh/lhGAlUWBfCr3UKs="}
replica 6 is forwarding chunk to replica 0
replica 6 is forwarding chunk to replica 1
replica 6 is forwarding chunk to replica 2
replica 6 is forwarding chunk to replica 4
replica 6 is forwarding chunk to replica 5
replica 6 is forwarding chunk to replica 7
replica 6 is forwarding chunk to replica 8
Decoded original proposal, time: 2022-11-28 17:51:59.419942726 +0000 UTC m=+23.055921749 header hash: [112 177 115 22 63 1 229 2 188 132 41 134 91 243 148 216 155 140 26 48 57 5 100 136 252 109 95 105 67 73 234 227]
2022-11-28T17:51:59.419Z	DEBUG	replica=6	coded-hotterstuff/consensus.go:576	received proposal	{"CURRENT VIEW": 3, "msg": "proposal", "header view": 3, "prepare view": 2, "hash": "cLFzFj8B5QK8hCmGW/OU2JuMGjA5BWSI/G1faUNJ6uM=", "parent": "cPBdTa7qQJueFGrjnuqGleZwFBh/lhGAlUWBfCr3UKs="}
replica 6 is forwarding chunk to replica 0
replica 6 is forwarding chunk to replica 1
replica 6 is forwarding chunk to replica 2
replica 6 is forwarding chunk to replica 3
replica 6 is forwarding chunk to replica 5
replica 6 is forwarding chunk to replica 7
replica 6 is forwarding chunk to replica 8
replica 6 is forwarding chunk to replica 0
replica 6 is forwarding chunk to replica 1
replica 6 is forwarding chunk to replica 2
replica 6 is forwarding chunk to replica 3
replica 6 is forwarding chunk to replica 5
replica 6 is forwarding chunk to replica 7
replica 6 is forwarding chunk to replica 8
Decoded original proposal, time: 2022-11-28 17:52:03.09960598 +0000 UTC m=+26.735584998 header hash: [241 106 152 62 46 209 156 146 237 16 116 52 193 237 0 80 85 192 166 182 15 238 2 99 236 42 182 26 232 130 25 190]
2022-11-28T17:52:03.099Z	DEBUG	replica=6	coded-hotterstuff/consensus.go:576	received proposal	{"CURRENT VIEW": 3, "msg": "proposal", "header view": 4, "prepare view": 2, "hash": "8WqYPi7RnJLtEHQ0we0AUFXAprYP7gJj7Cq2GuiCGb4=", "parent": "cLFzFj8B5QK8hCmGW/OU2JuMGjA5BWSI/G1faUNJ6uM="}
2022-11-28T17:52:03.108Z	DEBUG	replica=6	coded-hotterstuff/consensus.go:809	new block certified	{"CURRENT VIEW": 3, "view": 3, "hash": "cLFzFj8B5QK8hCmGW/OU2JuMGjA5BWSI/G1faUNJ6uM="}
2022-11-28T17:52:03.108Z	DEBUG	replica=6	coded-hotterstuff/consensus.go:520	entered new view	{"CURRENT VIEW": 4, "view timeout": 2, "timedout": false}
2022-11-28T17:52:03.108Z	DEBUG	replica=6	coded-hotterstuff/consensus.go:788	new block locked	{"CURRENT VIEW": 4, "view": 2, "hash": "cPBdTa7qQJueFGrjnuqGleZwFBh/lhGAlUWBfCr3UKs="}
2022-11-28T17:52:03.108Z	INFO	replica=6	coded-hotterstuff/consensus.go:797	new block commited	{"CURRENT VIEW": 4, "view": 1, "hash": "SKC06ZXnbItnYZVTxXLWgGtuTOc9zSoSvlJWhQRO6/8="}
2022-11-28T17:52:03.109Z	DEBUG	replica=6	coded-hotterstuff/consensus.go:678	proposal is safe to vote on	{"CURRENT VIEW": 3, "msg": "proposal", "header view": 4, "prepare view": 2, "hash": "8WqYPi7RnJLtEHQ0we0AUFXAprYP7gJj7Cq2GuiCGb4=", "parent": "cLFzFj8B5QK8hCmGW/OU2JuMGjA5BWSI/G1faUNJ6uM="}
Node  6 +1 block finalized at time:  2022-11-28 17:52:03.112379796 +0000 UTC m=+26.748358751
Decoded original proposal, time: 2022-11-28 17:52:04.884971586 +0000 UTC m=+28.520950607 header hash: [241 106 152 62 46 209 156 146 237 16 116 52 193 237 0 80 85 192 166 182 15 238 2 99 236 42 182 26 232 130 25 190]
2022-11-28T17:52:04.885Z	DEBUG	replica=6	coded-hotterstuff/consensus.go:576	received proposal	{"CURRENT VIEW": 4, "msg": "proposal", "header view": 4, "prepare view": 3, "hash": "8WqYPi7RnJLtEHQ0we0AUFXAprYP7gJj7Cq2GuiCGb4=", "parent": "cLFzFj8B5QK8hCmGW/OU2JuMGjA5BWSI/G1faUNJ6uM="}
replica 6 is forwarding chunk to replica 0
replica 6 is forwarding chunk to replica 1
replica 6 is forwarding chunk to replica 2
replica 6 is forwarding chunk to replica 3
replica 6 is forwarding chunk to replica 5
replica 6 is forwarding chunk to replica 7
replica 6 is forwarding chunk to replica 8
replica 6 is forwarding chunk to replica 0
replica 6 is forwarding chunk to replica 1
replica 6 is forwarding chunk to replica 2
replica 6 is forwarding chunk to replica 3
replica 6 is forwarding chunk to replica 4
replica 6 is forwarding chunk to replica 7
replica 6 is forwarding chunk to replica 8
2022-11-28T17:52:07.542Z	DEBUG	replica=6	coded-hotterstuff/consensus.go:965	received vote	{"CURRENT VIEW": 4, "msg": "vote", "voter": 5, "view": 4, "hash": "jgrj6scOqMsv2tOI5ilebUQ0EAUbjhBGBRf6AbYZ3ZQ="}
Node  6  received vote before proposal, saving vote in pending votes, hash is  [142 10 227 234 199 14 168 203 47 218 211 136 230 41 94 109 68 52 16 5 27 142 16 70 5 23 250 1 182 25 221 148]  and string is,  5
2022-11-28T17:52:07.542Z	DEBUG	replica=6	coded-hotterstuff/consensus.go:970	Received vote before proposal, key is, 5	{"CURRENT VIEW": 4}
Decoded original proposal, time: 2022-11-28 17:52:08.583611066 +0000 UTC m=+32.219590092 header hash: [241 106 152 62 46 209 156 146 237 16 116 52 193 237 0 80 85 192 166 182 15 238 2 99 236 42 182 26 232 130 25 190]
2022-11-28T17:52:08.583Z	DEBUG	replica=6	coded-hotterstuff/consensus.go:576	received proposal	{"CURRENT VIEW": 4, "msg": "proposal", "header view": 4, "prepare view": 3, "hash": "8WqYPi7RnJLtEHQ0we0AUFXAprYP7gJj7Cq2GuiCGb4=", "parent": "cLFzFj8B5QK8hCmGW/OU2JuMGjA5BWSI/G1faUNJ6uM="}
2022-11-28T17:52:08.754Z	DEBUG	replica=6	coded-hotterstuff/consensus.go:965	received vote	{"CURRENT VIEW": 4, "msg": "vote", "voter": 4, "view": 4, "hash": "jgrj6scOqMsv2tOI5ilebUQ0EAUbjhBGBRf6AbYZ3ZQ="}
replica 6 is forwarding chunk to replica 0
replica 6 is forwarding chunk to replica 1
replica 6 is forwarding chunk to replica 2
replica 6 is forwarding chunk to replica 3
replica 6 is forwarding chunk to replica 4
replica 6 is forwarding chunk to replica 7
replica 6 is forwarding chunk to replica 8
2022-11-28T17:52:09.956Z	DEBUG	replica=6	coded-hotterstuff/consensus.go:965	received vote	{"CURRENT VIEW": 4, "msg": "vote", "voter": 7, "view": 4, "hash": "jgrj6scOqMsv2tOI5ilebUQ0EAUbjhBGBRf6AbYZ3ZQ="}
replica 6 is forwarding chunk to replica 0
replica 6 is forwarding chunk to replica 1
replica 6 is forwarding chunk to replica 2
replica 6 is forwarding chunk to replica 3
replica 6 is forwarding chunk to replica 4
replica 6 is forwarding chunk to replica 7
replica 6 is forwarding chunk to replica 8
Decoded original proposal, time: 2022-11-28 17:52:10.693631302 +0000 UTC m=+34.329610317 header hash: [142 10 227 234 199 14 168 203 47 218 211 136 230 41 94 109 68 52 16 5 27 142 16 70 5 23 250 1 182 25 221 148]
2022-11-28T17:52:10.693Z	DEBUG	replica=6	coded-hotterstuff/consensus.go:576	received proposal	{"CURRENT VIEW": 4, "msg": "proposal", "header view": 5, "prepare view": 3, "hash": "jgrj6scOqMsv2tOI5ilebUQ0EAUbjhBGBRf6AbYZ3ZQ=", "parent": "8WqYPi7RnJLtEHQ0we0AUFXAprYP7gJj7Cq2GuiCGb4="}
2022-11-28T17:52:10.703Z	DEBUG	replica=6	coded-hotterstuff/consensus.go:809	new block certified	{"CURRENT VIEW": 4, "view": 4, "hash": "8WqYPi7RnJLtEHQ0we0AUFXAprYP7gJj7Cq2GuiCGb4="}
2022-11-28T17:52:10.703Z	DEBUG	replica=6	coded-hotterstuff/consensus.go:520	entered new view	{"CURRENT VIEW": 5, "view timeout": 2, "timedout": false}
2022-11-28T17:52:10.703Z	DEBUG	replica=6	coded-hotterstuff/consensus.go:535	replica is a leader for next view. collecting new-view messages	{"CURRENT VIEW": 5}
2022-11-28T17:52:10.703Z	DEBUG	replica=6	coded-hotterstuff/consensus.go:788	new block locked	{"CURRENT VIEW": 5, "view": 3, "hash": "cLFzFj8B5QK8hCmGW/OU2JuMGjA5BWSI/G1faUNJ6uM="}
2022-11-28T17:52:10.703Z	INFO	replica=6	coded-hotterstuff/consensus.go:797	new block commited	{"CURRENT VIEW": 5, "view": 2, "hash": "cPBdTa7qQJueFGrjnuqGleZwFBh/lhGAlUWBfCr3UKs="}
2022-11-28T17:52:10.705Z	DEBUG	replica=6	coded-hotterstuff/consensus.go:678	proposal is safe to vote on	{"CURRENT VIEW": 4, "msg": "proposal", "header view": 5, "prepare view": 3, "hash": "jgrj6scOqMsv2tOI5ilebUQ0EAUbjhBGBRf6AbYZ3ZQ=", "parent": "8WqYPi7RnJLtEHQ0we0AUFXAprYP7gJj7Cq2GuiCGb4="}
2022-11-28T17:52:10.705Z	DEBUG	replica=6	coded-hotterstuff/consensus.go:758	Taking care of pending vote 5	{"CURRENT VIEW": 5}
2022-11-28T17:52:10.705Z	DEBUG	replica=6	coded-hotterstuff/consensus.go:965	received vote	{"CURRENT VIEW": 5, "msg": "vote", "voter": 5, "view": 5, "hash": "jgrj6scOqMsv2tOI5ilebUQ0EAUbjhBGBRf6AbYZ3ZQ="}
2022-11-28T17:52:10.710Z	DEBUG	replica=6	coded-hotterstuff/consensus.go:758	Taking care of pending vote 5	{"CURRENT VIEW": 5}
2022-11-28T17:52:10.710Z	DEBUG	replica=6	coded-hotterstuff/consensus.go:965	received vote	{"CURRENT VIEW": 5, "msg": "vote", "voter": 4, "view": 5, "hash": "jgrj6scOqMsv2tOI5ilebUQ0EAUbjhBGBRf6AbYZ3ZQ="}
2022-11-28T17:52:10.716Z	DEBUG	replica=6	coded-hotterstuff/consensus.go:758	Taking care of pending vote 5	{"CURRENT VIEW": 5}
2022-11-28T17:52:10.716Z	DEBUG	replica=6	coded-hotterstuff/consensus.go:965	received vote	{"CURRENT VIEW": 5, "msg": "vote", "voter": 7, "view": 5, "hash": "jgrj6scOqMsv2tOI5ilebUQ0EAUbjhBGBRf6AbYZ3ZQ="}
2022-11-28T17:52:10.725Z	DEBUG	replica=6	coded-hotterstuff/consensus.go:965	received vote	{"CURRENT VIEW": 5, "msg": "vote", "voter": 6, "view": 5, "hash": "jgrj6scOqMsv2tOI5ilebUQ0EAUbjhBGBRf6AbYZ3ZQ="}
Node  6 +1 block finalized at time:  2022-11-28 17:52:10.732416186 +0000 UTC m=+34.368395153
2022-11-28T17:52:10.762Z	DEBUG	replica=6	coded-hotterstuff/consensus.go:965	received vote	{"CURRENT VIEW": 5, "msg": "vote", "voter": 0, "view": 5, "hash": "jgrj6scOqMsv2tOI5ilebUQ0EAUbjhBGBRf6AbYZ3ZQ="}
Decoded original proposal, time: 2022-11-28 17:52:12.522162603 +0000 UTC m=+36.158141619 header hash: [142 10 227 234 199 14 168 203 47 218 211 136 230 41 94 109 68 52 16 5 27 142 16 70 5 23 250 1 182 25 221 148]
2022-11-28T17:52:12.522Z	DEBUG	replica=6	coded-hotterstuff/consensus.go:576	received proposal	{"CURRENT VIEW": 5, "msg": "proposal", "header view": 5, "prepare view": 4, "hash": "jgrj6scOqMsv2tOI5ilebUQ0EAUbjhBGBRf6AbYZ3ZQ=", "parent": "8WqYPi7RnJLtEHQ0we0AUFXAprYP7gJj7Cq2GuiCGb4="}
Decoded original proposal, time: 2022-11-28 17:52:13.81114974 +0000 UTC m=+37.447128756 header hash: [142 10 227 234 199 14 168 203 47 218 211 136 230 41 94 109 68 52 16 5 27 142 16 70 5 23 250 1 182 25 221 148]
2022-11-28T17:52:13.811Z	DEBUG	replica=6	coded-hotterstuff/consensus.go:576	received proposal	{"CURRENT VIEW": 5, "msg": "proposal", "header view": 5, "prepare view": 4, "hash": "jgrj6scOqMsv2tOI5ilebUQ0EAUbjhBGBRf6AbYZ3ZQ=", "parent": "8WqYPi7RnJLtEHQ0we0AUFXAprYP7gJj7Cq2GuiCGb4="}
2022-11-28T17:52:13.821Z	DEBUG	replica=6	coded-hotterstuff/consensus.go:965	received vote	{"CURRENT VIEW": 5, "msg": "vote", "voter": 1, "view": 5, "hash": "jgrj6scOqMsv2tOI5ilebUQ0EAUbjhBGBRf6AbYZ3ZQ="}
2022-11-28T17:52:13.847Z	DEBUG	replica=6	coded-hotterstuff/consensus.go:965	received vote	{"CURRENT VIEW": 5, "msg": "vote", "voter": 3, "view": 5, "hash": "jgrj6scOqMsv2tOI5ilebUQ0EAUbjhBGBRf6AbYZ3ZQ="}
2022-11-28T17:52:13.854Z	DEBUG	replica=6	coded-hotterstuff/consensus.go:809	new block certified	{"CURRENT VIEW": 5, "view": 5, "hash": "jgrj6scOqMsv2tOI5ilebUQ0EAUbjhBGBRf6AbYZ3ZQ="}
2022-11-28T17:52:13.854Z	DEBUG	replica=6	coded-hotterstuff/consensus.go:520	entered new view	{"CURRENT VIEW": 6, "view timeout": 2, "timedout": false}
2022-11-28T17:52:13.854Z	DEBUG	replica=6	coded-hotterstuff/consensus.go:544	replica is a leader for this view. waiting for data	{"CURRENT VIEW": 6}
2022-11-28T17:52:13.854Z	DEBUG	replica=6	coded-hotterstuff/consensus.go:520	entered new view	{"CURRENT VIEW": 6, "view timeout": 2, "timedout": false}
2022-11-28T17:52:13.854Z	DEBUG	replica=6	coded-hotterstuff/consensus.go:544	replica is a leader for this view. waiting for data	{"CURRENT VIEW": 6}
2022-11-28T17:52:13.857Z	DEBUG	replica=6	coded-hotterstuff/consensus.go:238	sending proposal	{"CURRENT VIEW": 6, "hash": "kFp8+So3McG2yp/crA+UXLJ7e1+L/NadJHrbEZU+si4=", "parent": "jgrj6scOqMsv2tOI5ilebUQ0EAUbjhBGBRf6AbYZ3ZQ=", "signer": 6}
2022-11-28T17:52:13.858Z	DEBUG	replica=6	coded-hotterstuff/consensus.go:576	received proposal	{"CURRENT VIEW": 6, "msg": "proposal", "header view": 6, "prepare view": 5, "hash": "kFp8+So3McG2yp/crA+UXLJ7e1+L/NadJHrbEZU+si4=", "parent": "jgrj6scOqMsv2tOI5ilebUQ0EAUbjhBGBRf6AbYZ3ZQ="}
2022-11-28T17:52:13.866Z	DEBUG	replica=6	coded-hotterstuff/consensus.go:788	new block locked	{"CURRENT VIEW": 6, "view": 4, "hash": "8WqYPi7RnJLtEHQ0we0AUFXAprYP7gJj7Cq2GuiCGb4="}
2022-11-28T17:52:13.866Z	INFO	replica=6	coded-hotterstuff/consensus.go:797	new block commited	{"CURRENT VIEW": 6, "view": 3, "hash": "cLFzFj8B5QK8hCmGW/OU2JuMGjA5BWSI/G1faUNJ6uM="}
2022-11-28T17:52:13.868Z	DEBUG	replica=6	coded-hotterstuff/consensus.go:678	proposal is safe to vote on	{"CURRENT VIEW": 6, "msg": "proposal", "header view": 6, "prepare view": 5, "hash": "kFp8+So3McG2yp/crA+UXLJ7e1+L/NadJHrbEZU+si4=", "parent": "jgrj6scOqMsv2tOI5ilebUQ0EAUbjhBGBRf6AbYZ3ZQ="}
Node  6 +1 block finalized at time:  2022-11-28 17:52:13.870755886 +0000 UTC m=+37.506734850
2022-11-28T17:52:14.165Z	DEBUG	replica=6	coded-hotterstuff/consensus.go:965	received vote	{"CURRENT VIEW": 6, "msg": "vote", "voter": 8, "view": 6, "hash": "jgrj6scOqMsv2tOI5ilebUQ0EAUbjhBGBRf6AbYZ3ZQ="}
2022-11-28T17:52:14.171Z	DEBUG	replica=6	coded-hotterstuff/consensus.go:520	entered new view	{"CURRENT VIEW": 6, "view timeout": 2, "timedout": false}
2022-11-28T17:52:14.171Z	DEBUG	replica=6	coded-hotterstuff/consensus.go:544	replica is a leader for this view. waiting for data	{"CURRENT VIEW": 6}
2022-11-28T17:52:14.176Z	DEBUG	replica=6	coded-hotterstuff/consensus.go:238	sending proposal	{"CURRENT VIEW": 6, "hash": "kFp8+So3McG2yp/crA+UXLJ7e1+L/NadJHrbEZU+si4=", "parent": "jgrj6scOqMsv2tOI5ilebUQ0EAUbjhBGBRf6AbYZ3ZQ=", "signer": 6}
2022-11-28T17:52:14.177Z	DEBUG	replica=6	coded-hotterstuff/consensus.go:576	received proposal	{"CURRENT VIEW": 6, "msg": "proposal", "header view": 6, "prepare view": 5, "hash": "kFp8+So3McG2yp/crA+UXLJ7e1+L/NadJHrbEZU+si4=", "parent": "jgrj6scOqMsv2tOI5ilebUQ0EAUbjhBGBRf6AbYZ3ZQ="}
2022-11-28T17:52:14.555Z	DEBUG	replica=6	coded-hotterstuff/consensus.go:965	received vote	{"CURRENT VIEW": 6, "msg": "vote", "voter": 2, "view": 6, "hash": "jgrj6scOqMsv2tOI5ilebUQ0EAUbjhBGBRf6AbYZ3ZQ="}
2022-11-28T17:52:14.561Z	DEBUG	replica=6	coded-hotterstuff/consensus.go:520	entered new view	{"CURRENT VIEW": 6, "view timeout": 2, "timedout": false}
2022-11-28T17:52:14.561Z	DEBUG	replica=6	coded-hotterstuff/consensus.go:544	replica is a leader for this view. waiting for data	{"CURRENT VIEW": 6}
2022-11-28T17:52:14.564Z	DEBUG	replica=6	coded-hotterstuff/consensus.go:238	sending proposal	{"CURRENT VIEW": 6, "hash": "kFp8+So3McG2yp/crA+UXLJ7e1+L/NadJHrbEZU+si4=", "parent": "jgrj6scOqMsv2tOI5ilebUQ0EAUbjhBGBRf6AbYZ3ZQ=", "signer": 6}
2022-11-28T17:52:14.565Z	DEBUG	replica=6	coded-hotterstuff/consensus.go:576	received proposal	{"CURRENT VIEW": 6, "msg": "proposal", "header view": 6, "prepare view": 5, "hash": "kFp8+So3McG2yp/crA+UXLJ7e1+L/NadJHrbEZU+si4=", "parent": "jgrj6scOqMsv2tOI5ilebUQ0EAUbjhBGBRf6AbYZ3ZQ="}
replica 6 is forwarding chunk to replica 0
replica 6 is forwarding chunk to replica 1
replica 6 is forwarding chunk to replica 2
replica 6 is forwarding chunk to replica 3
replica 6 is forwarding chunk to replica 4
replica 6 is forwarding chunk to replica 5
replica 6 is forwarding chunk to replica 8
replica 6 is forwarding chunk to replica 0
replica 6 is forwarding chunk to replica 1
replica 6 is forwarding chunk to replica 2
replica 6 is forwarding chunk to replica 3
replica 6 is forwarding chunk to replica 4
replica 6 is forwarding chunk to replica 5
replica 6 is forwarding chunk to replica 8
replica 6 is forwarding chunk to replica 0
replica 6 is forwarding chunk to replica 1
replica 6 is forwarding chunk to replica 2
replica 6 is forwarding chunk to replica 3
replica 6 is forwarding chunk to replica 4
replica 6 is forwarding chunk to replica 5
replica 6 is forwarding chunk to replica 8
Decoded original proposal, time: 2022-11-28 17:52:26.553470406 +0000 UTC m=+50.189449421 header hash: [82 186 70 5 171 170 163 31 242 237 216 214 91 95 174 96 9 56 150 120 198 10 139 98 230 188 67 131 78 157 60 15]
2022-11-28T17:52:26.553Z	DEBUG	replica=6	coded-hotterstuff/consensus.go:576	received proposal	{"CURRENT VIEW": 6, "msg": "proposal", "header view": 7, "prepare view": 5, "hash": "UrpGBauqox/y7djWW1+uYAk4lnjGCoti5rxDg06dPA8=", "parent": "kFp8+So3McG2yp/crA+UXLJ7e1+L/NadJHrbEZU+si4="}
2022-11-28T17:52:26.562Z	DEBUG	replica=6	coded-hotterstuff/consensus.go:809	new block certified	{"CURRENT VIEW": 6, "view": 6, "hash": "kFp8+So3McG2yp/crA+UXLJ7e1+L/NadJHrbEZU+si4="}
2022-11-28T17:52:26.562Z	DEBUG	replica=6	coded-hotterstuff/consensus.go:520	entered new view	{"CURRENT VIEW": 7, "view timeout": 2, "timedout": false}
2022-11-28T17:52:26.562Z	DEBUG	replica=6	coded-hotterstuff/consensus.go:788	new block locked	{"CURRENT VIEW": 7, "view": 5, "hash": "jgrj6scOqMsv2tOI5ilebUQ0EAUbjhBGBRf6AbYZ3ZQ="}
2022-11-28T17:52:26.562Z	INFO	replica=6	coded-hotterstuff/consensus.go:797	new block commited	{"CURRENT VIEW": 7, "view": 4, "hash": "8WqYPi7RnJLtEHQ0we0AUFXAprYP7gJj7Cq2GuiCGb4="}
2022-11-28T17:52:26.563Z	DEBUG	replica=6	coded-hotterstuff/consensus.go:678	proposal is safe to vote on	{"CURRENT VIEW": 6, "msg": "proposal", "header view": 7, "prepare view": 5, "hash": "UrpGBauqox/y7djWW1+uYAk4lnjGCoti5rxDg06dPA8=", "parent": "kFp8+So3McG2yp/crA+UXLJ7e1+L/NadJHrbEZU+si4="}
Node  6 +1 block finalized at time:  2022-11-28 17:52:26.577702398 +0000 UTC m=+50.213681357
Decoded original proposal, time: 2022-11-28 17:52:29.095073788 +0000 UTC m=+52.731052760 header hash: [82 186 70 5 171 170 163 31 242 237 216 214 91 95 174 96 9 56 150 120 198 10 139 98 230 188 67 131 78 157 60 15]
2022-11-28T17:52:29.095Z	DEBUG	replica=6	coded-hotterstuff/consensus.go:576	received proposal	{"CURRENT VIEW": 7, "msg": "proposal", "header view": 7, "prepare view": 6, "hash": "UrpGBauqox/y7djWW1+uYAk4lnjGCoti5rxDg06dPA8=", "parent": "kFp8+So3McG2yp/crA+UXLJ7e1+L/NadJHrbEZU+si4="}
replica 6 is forwarding chunk to replica 0
replica 6 is forwarding chunk to replica 1
replica 6 is forwarding chunk to replica 2
replica 6 is forwarding chunk to replica 3
replica 6 is forwarding chunk to replica 4
replica 6 is forwarding chunk to replica 5
replica 6 is forwarding chunk to replica 7
Decoded original proposal, time: 2022-11-28 17:52:32.223282141 +0000 UTC m=+55.859261105 header hash: [82 186 70 5 171 170 163 31 242 237 216 214 91 95 174 96 9 56 150 120 198 10 139 98 230 188 67 131 78 157 60 15]
2022-11-28T17:52:32.223Z	DEBUG	replica=6	coded-hotterstuff/consensus.go:576	received proposal	{"CURRENT VIEW": 7, "msg": "proposal", "header view": 7, "prepare view": 6, "hash": "UrpGBauqox/y7djWW1+uYAk4lnjGCoti5rxDg06dPA8=", "parent": "kFp8+So3McG2yp/crA+UXLJ7e1+L/NadJHrbEZU+si4="}
replica 6 is forwarding chunk to replica 0
replica 6 is forwarding chunk to replica 1
replica 6 is forwarding chunk to replica 2
replica 6 is forwarding chunk to replica 3
replica 6 is forwarding chunk to replica 4
replica 6 is forwarding chunk to replica 5
replica 6 is forwarding chunk to replica 7
replica 6 is forwarding chunk to replica 0
replica 6 is forwarding chunk to replica 1
replica 6 is forwarding chunk to replica 2
replica 6 is forwarding chunk to replica 3
replica 6 is forwarding chunk to replica 4
replica 6 is forwarding chunk to replica 5
replica 6 is forwarding chunk to replica 7
Decoded original proposal, time: 2022-11-28 17:52:35.066980835 +0000 UTC m=+58.702959813 header hash: [9 212 205 28 110 251 47 242 141 111 167 241 108 89 12 35 155 222 125 75 78 184 7 35 235 24 77 74 102 255 131 11]
2022-11-28T17:52:35.067Z	DEBUG	replica=6	coded-hotterstuff/consensus.go:576	received proposal	{"CURRENT VIEW": 7, "msg": "proposal", "header view": 8, "prepare view": 6, "hash": "CdTNHG77L/KNb6fxbFkMI5vefUtOuAcj6xhNSmb/gws=", "parent": "UrpGBauqox/y7djWW1+uYAk4lnjGCoti5rxDg06dPA8="}
2022-11-28T17:52:35.075Z	DEBUG	replica=6	coded-hotterstuff/consensus.go:809	new block certified	{"CURRENT VIEW": 7, "view": 7, "hash": "UrpGBauqox/y7djWW1+uYAk4lnjGCoti5rxDg06dPA8="}
2022-11-28T17:52:35.075Z	DEBUG	replica=6	coded-hotterstuff/consensus.go:520	entered new view	{"CURRENT VIEW": 8, "view timeout": 2, "timedout": false}
2022-11-28T17:52:35.075Z	DEBUG	replica=6	coded-hotterstuff/consensus.go:788	new block locked	{"CURRENT VIEW": 8, "view": 6, "hash": "kFp8+So3McG2yp/crA+UXLJ7e1+L/NadJHrbEZU+si4="}
2022-11-28T17:52:35.075Z	INFO	replica=6	coded-hotterstuff/consensus.go:797	new block commited	{"CURRENT VIEW": 8, "view": 5, "hash": "jgrj6scOqMsv2tOI5ilebUQ0EAUbjhBGBRf6AbYZ3ZQ="}
2022-11-28T17:52:35.075Z	DEBUG	replica=6	coded-hotterstuff/consensus.go:678	proposal is safe to vote on	{"CURRENT VIEW": 7, "msg": "proposal", "header view": 8, "prepare view": 6, "hash": "CdTNHG77L/KNb6fxbFkMI5vefUtOuAcj6xhNSmb/gws=", "parent": "UrpGBauqox/y7djWW1+uYAk4lnjGCoti5rxDg06dPA8="}
Node  6 +1 block finalized at time:  2022-11-28 17:52:35.078069936 +0000 UTC m=+58.714048891
