Node index: 7
[10.0.1.0:9000 10.0.1.2:9001 10.0.1.4:9002 10.0.1.6:9003 10.0.1.8:9004 10.0.1.10:9005 10.0.1.12:9006 10.0.1.14:9007 10.0.1.16:9008]
node 7 initiating connection to 10.0.1.4:9002
node 7 successfully initiated connection to 10.0.1.4:9002
node 7 initiating connection to 10.0.1.0:9000
node 7 successfully initiated connection to 10.0.1.0:9000
node 7 initiating connection to 10.0.1.2:9001
node 7 successfully initiated connection to 10.0.1.2:9001
node 7 initiating connection to 10.0.1.8:9004
node 7 successfully initiated connection to 10.0.1.8:9004
node 7 initiating connection to 10.0.1.6:9003
node 7 successfully initiated connection to 10.0.1.6:9003
node 7 initiating connection to 10.0.1.10:9005
node 7 successfully initiated connection to 10.0.1.10:9005
node 7 initiating connection to 10.0.1.12:9006
node 7 successfully initiated connection to 10.0.1.12:9006
connection established 7 - 8
Node  7 -->  Listening for messages... 
connection established 7 - 1
Node  7 -->  Listening for messages... 
connection established 7 - 2
Node  7 -->  Listening for messages... 
connection established 7 - 0
Node  7 -->  Listening for messages... 
connection established 7 - 3
Node  7 -->  Listening for messages... 
connection established 7 - 4
Node  7 -->  Listening for messages... 
connection established 7 - 5
Node  7 -->  Listening for messages... 
connection established 7 - 6
Node  7 -->  Listening for messages... 
2022-11-28T17:51:36.474Z	DEBUG	replica=7	coded-hotterstuff/consensus.go:520	entered new view	{"CURRENT VIEW": 1, "view timeout": 2, "timedout": false}
replica 7 is forwarding chunk to replica 0
replica 7 is forwarding chunk to replica 2
replica 7 is forwarding chunk to replica 3
replica 7 is forwarding chunk to replica 4
replica 7 is forwarding chunk to replica 5
replica 7 is forwarding chunk to replica 6
replica 7 is forwarding chunk to replica 8
Decoded original proposal, time: 2022-11-28 17:51:43.584473998 +0000 UTC m=+7.239396050 header hash: [72 160 180 233 149 231 108 139 103 97 149 83 197 114 214 128 107 110 76 231 61 205 42 18 190 82 86 133 4 78 235 255]
2022-11-28T17:51:43.584Z	DEBUG	replica=7	coded-hotterstuff/consensus.go:576	received proposal	{"CURRENT VIEW": 1, "msg": "proposal", "header view": 1, "prepare view": 0, "hash": "SKC06ZXnbItnYZVTxXLWgGtuTOc9zSoSvlJWhQRO6/8=", "parent": "GZWDhiYW+ib6TpJWRLDOftUd8y8ovAaEerQWDbefS7c="}
2022-11-28T17:51:43.592Z	DEBUG	replica=7	coded-hotterstuff/consensus.go:777	could not find gparent header	{"CURRENT VIEW": 1, "view": 0, "hash": "GZWDhiYW+ib6TpJWRLDOftUd8y8ovAaEerQWDbefS7c="}
2022-11-28T17:51:43.595Z	DEBUG	replica=7	coded-hotterstuff/consensus.go:678	proposal is safe to vote on	{"CURRENT VIEW": 1, "msg": "proposal", "header view": 1, "prepare view": 0, "hash": "SKC06ZXnbItnYZVTxXLWgGtuTOc9zSoSvlJWhQRO6/8=", "parent": "GZWDhiYW+ib6TpJWRLDOftUd8y8ovAaEerQWDbefS7c="}
replica 7 is forwarding chunk to replica 0
replica 7 is forwarding chunk to replica 1
replica 7 is forwarding chunk to replica 3
replica 7 is forwarding chunk to replica 4
replica 7 is forwarding chunk to replica 5
replica 7 is forwarding chunk to replica 6
replica 7 is forwarding chunk to replica 8
replica 7 is forwarding chunk to replica 0
replica 7 is forwarding chunk to replica 1
replica 7 is forwarding chunk to replica 3
replica 7 is forwarding chunk to replica 4
replica 7 is forwarding chunk to replica 5
replica 7 is forwarding chunk to replica 6
replica 7 is forwarding chunk to replica 8
Decoded original proposal, time: 2022-11-28 17:51:49.075011204 +0000 UTC m=+12.729933302 header hash: [112 240 93 77 174 234 64 155 158 20 106 227 158 234 134 149 230 112 20 24 127 150 17 128 149 69 129 124 42 247 80 171]
2022-11-28T17:51:49.075Z	DEBUG	replica=7	coded-hotterstuff/consensus.go:576	received proposal	{"CURRENT VIEW": 1, "msg": "proposal", "header view": 2, "prepare view": 0, "hash": "cPBdTa7qQJueFGrjnuqGleZwFBh/lhGAlUWBfCr3UKs=", "parent": "SKC06ZXnbItnYZVTxXLWgGtuTOc9zSoSvlJWhQRO6/8="}
2022-11-28T17:51:49.083Z	DEBUG	replica=7	coded-hotterstuff/consensus.go:809	new block certified	{"CURRENT VIEW": 1, "view": 1, "hash": "SKC06ZXnbItnYZVTxXLWgGtuTOc9zSoSvlJWhQRO6/8="}
2022-11-28T17:51:49.083Z	DEBUG	replica=7	coded-hotterstuff/consensus.go:520	entered new view	{"CURRENT VIEW": 2, "view timeout": 2, "timedout": false}
2022-11-28T17:51:49.083Z	DEBUG	replica=7	coded-hotterstuff/consensus.go:782	could not find ggparent header	{"CURRENT VIEW": 2, "view": 0, "hash": "GZWDhiYW+ib6TpJWRLDOftUd8y8ovAaEerQWDbefS7c="}
2022-11-28T17:51:49.084Z	DEBUG	replica=7	coded-hotterstuff/consensus.go:678	proposal is safe to vote on	{"CURRENT VIEW": 1, "msg": "proposal", "header view": 2, "prepare view": 0, "hash": "cPBdTa7qQJueFGrjnuqGleZwFBh/lhGAlUWBfCr3UKs=", "parent": "SKC06ZXnbItnYZVTxXLWgGtuTOc9zSoSvlJWhQRO6/8="}
replica 7 is forwarding chunk to replica 0
replica 7 is forwarding chunk to replica 1
replica 7 is forwarding chunk to replica 3
replica 7 is forwarding chunk to replica 4
replica 7 is forwarding chunk to replica 5
replica 7 is forwarding chunk to replica 6
replica 7 is forwarding chunk to replica 8
Decoded original proposal, time: 2022-11-28 17:51:51.18096486 +0000 UTC m=+14.835886921 header hash: [112 240 93 77 174 234 64 155 158 20 106 227 158 234 134 149 230 112 20 24 127 150 17 128 149 69 129 124 42 247 80 171]
2022-11-28T17:51:51.181Z	DEBUG	replica=7	coded-hotterstuff/consensus.go:576	received proposal	{"CURRENT VIEW": 2, "msg": "proposal", "header view": 2, "prepare view": 1, "hash": "cPBdTa7qQJueFGrjnuqGleZwFBh/lhGAlUWBfCr3UKs=", "parent": "SKC06ZXnbItnYZVTxXLWgGtuTOc9zSoSvlJWhQRO6/8="}
2022-11-28T17:51:51.189Z	DEBUG	replica=7	coded-hotterstuff/consensus.go:782	could not find ggparent header	{"CURRENT VIEW": 2, "view": 0, "hash": "GZWDhiYW+ib6TpJWRLDOftUd8y8ovAaEerQWDbefS7c="}
Decoded original proposal, time: 2022-11-28 17:51:52.887681466 +0000 UTC m=+16.542603567 header hash: [112 240 93 77 174 234 64 155 158 20 106 227 158 234 134 149 230 112 20 24 127 150 17 128 149 69 129 124 42 247 80 171]
2022-11-28T17:51:52.887Z	DEBUG	replica=7	coded-hotterstuff/consensus.go:576	received proposal	{"CURRENT VIEW": 2, "msg": "proposal", "header view": 2, "prepare view": 1, "hash": "cPBdTa7qQJueFGrjnuqGleZwFBh/lhGAlUWBfCr3UKs=", "parent": "SKC06ZXnbItnYZVTxXLWgGtuTOc9zSoSvlJWhQRO6/8="}
2022-11-28T17:51:52.895Z	DEBUG	replica=7	coded-hotterstuff/consensus.go:782	could not find ggparent header	{"CURRENT VIEW": 2, "view": 0, "hash": "GZWDhiYW+ib6TpJWRLDOftUd8y8ovAaEerQWDbefS7c="}
replica 7 is forwarding chunk to replica 0
replica 7 is forwarding chunk to replica 1
replica 7 is forwarding chunk to replica 2
replica 7 is forwarding chunk to replica 4
replica 7 is forwarding chunk to replica 5
replica 7 is forwarding chunk to replica 6
replica 7 is forwarding chunk to replica 8
replica 7 is forwarding chunk to replica 0
replica 7 is forwarding chunk to replica 1
replica 7 is forwarding chunk to replica 2
replica 7 is forwarding chunk to replica 4
replica 7 is forwarding chunk to replica 5
replica 7 is forwarding chunk to replica 6
replica 7 is forwarding chunk to replica 8
Decoded original proposal, time: 2022-11-28 17:51:55.25915869 +0000 UTC m=+18.914080793 header hash: [112 177 115 22 63 1 229 2 188 132 41 134 91 243 148 216 155 140 26 48 57 5 100 136 252 109 95 105 67 73 234 227]
2022-11-28T17:51:55.259Z	DEBUG	replica=7	coded-hotterstuff/consensus.go:576	received proposal	{"CURRENT VIEW": 2, "msg": "proposal", "header view": 3, "prepare view": 1, "hash": "cLFzFj8B5QK8hCmGW/OU2JuMGjA5BWSI/G1faUNJ6uM=", "parent": "cPBdTa7qQJueFGrjnuqGleZwFBh/lhGAlUWBfCr3UKs="}
2022-11-28T17:51:55.268Z	DEBUG	replica=7	coded-hotterstuff/consensus.go:809	new block certified	{"CURRENT VIEW": 2, "view": 2, "hash": "cPBdTa7qQJueFGrjnuqGleZwFBh/lhGAlUWBfCr3UKs="}
2022-11-28T17:51:55.268Z	DEBUG	replica=7	coded-hotterstuff/consensus.go:520	entered new view	{"CURRENT VIEW": 3, "view timeout": 2, "timedout": false}
2022-11-28T17:51:55.268Z	DEBUG	replica=7	coded-hotterstuff/consensus.go:788	new block locked	{"CURRENT VIEW": 3, "view": 1, "hash": "SKC06ZXnbItnYZVTxXLWgGtuTOc9zSoSvlJWhQRO6/8="}
2022-11-28T17:51:55.270Z	DEBUG	replica=7	coded-hotterstuff/consensus.go:678	proposal is safe to vote on	{"CURRENT VIEW": 2, "msg": "proposal", "header view": 3, "prepare view": 1, "hash": "cLFzFj8B5QK8hCmGW/OU2JuMGjA5BWSI/G1faUNJ6uM=", "parent": "cPBdTa7qQJueFGrjnuqGleZwFBh/lhGAlUWBfCr3UKs="}
replica 7 is forwarding chunk to replica 0
replica 7 is forwarding chunk to replica 1
replica 7 is forwarding chunk to replica 2
replica 7 is forwarding chunk to replica 4
replica 7 is forwarding chunk to replica 5
replica 7 is forwarding chunk to replica 6
replica 7 is forwarding chunk to replica 8
Decoded original proposal, time: 2022-11-28 17:51:57.365897122 +0000 UTC m=+21.020819174 header hash: [112 177 115 22 63 1 229 2 188 132 41 134 91 243 148 216 155 140 26 48 57 5 100 136 252 109 95 105 67 73 234 227]
2022-11-28T17:51:57.365Z	DEBUG	replica=7	coded-hotterstuff/consensus.go:576	received proposal	{"CURRENT VIEW": 3, "msg": "proposal", "header view": 3, "prepare view": 2, "hash": "cLFzFj8B5QK8hCmGW/OU2JuMGjA5BWSI/G1faUNJ6uM=", "parent": "cPBdTa7qQJueFGrjnuqGleZwFBh/lhGAlUWBfCr3UKs="}
replica 7 is forwarding chunk to replica 0
replica 7 is forwarding chunk to replica 1
replica 7 is forwarding chunk to replica 2
replica 7 is forwarding chunk to replica 3
replica 7 is forwarding chunk to replica 5
replica 7 is forwarding chunk to replica 6
replica 7 is forwarding chunk to replica 8
replica 7 is forwarding chunk to replica 0
replica 7 is forwarding chunk to replica 1
replica 7 is forwarding chunk to replica 2
replica 7 is forwarding chunk to replica 3
replica 7 is forwarding chunk to replica 5
replica 7 is forwarding chunk to replica 6
replica 7 is forwarding chunk to replica 8
Decoded original proposal, time: 2022-11-28 17:52:00.689936793 +0000 UTC m=+24.344858896 header hash: [112 177 115 22 63 1 229 2 188 132 41 134 91 243 148 216 155 140 26 48 57 5 100 136 252 109 95 105 67 73 234 227]
2022-11-28T17:52:00.689Z	DEBUG	replica=7	coded-hotterstuff/consensus.go:576	received proposal	{"CURRENT VIEW": 3, "msg": "proposal", "header view": 3, "prepare view": 2, "hash": "cLFzFj8B5QK8hCmGW/OU2JuMGjA5BWSI/G1faUNJ6uM=", "parent": "cPBdTa7qQJueFGrjnuqGleZwFBh/lhGAlUWBfCr3UKs="}
Decoded original proposal, time: 2022-11-28 17:52:02.598894896 +0000 UTC m=+26.253816958 header hash: [241 106 152 62 46 209 156 146 237 16 116 52 193 237 0 80 85 192 166 182 15 238 2 99 236 42 182 26 232 130 25 190]
2022-11-28T17:52:02.598Z	DEBUG	replica=7	coded-hotterstuff/consensus.go:576	received proposal	{"CURRENT VIEW": 3, "msg": "proposal", "header view": 4, "prepare view": 2, "hash": "8WqYPi7RnJLtEHQ0we0AUFXAprYP7gJj7Cq2GuiCGb4=", "parent": "cLFzFj8B5QK8hCmGW/OU2JuMGjA5BWSI/G1faUNJ6uM="}
2022-11-28T17:52:02.608Z	DEBUG	replica=7	coded-hotterstuff/consensus.go:809	new block certified	{"CURRENT VIEW": 3, "view": 3, "hash": "cLFzFj8B5QK8hCmGW/OU2JuMGjA5BWSI/G1faUNJ6uM="}
2022-11-28T17:52:02.608Z	DEBUG	replica=7	coded-hotterstuff/consensus.go:520	entered new view	{"CURRENT VIEW": 4, "view timeout": 2, "timedout": false}
2022-11-28T17:52:02.608Z	DEBUG	replica=7	coded-hotterstuff/consensus.go:788	new block locked	{"CURRENT VIEW": 4, "view": 2, "hash": "cPBdTa7qQJueFGrjnuqGleZwFBh/lhGAlUWBfCr3UKs="}
2022-11-28T17:52:02.608Z	INFO	replica=7	coded-hotterstuff/consensus.go:797	new block commited	{"CURRENT VIEW": 4, "view": 1, "hash": "SKC06ZXnbItnYZVTxXLWgGtuTOc9zSoSvlJWhQRO6/8="}
2022-11-28T17:52:02.609Z	DEBUG	replica=7	coded-hotterstuff/consensus.go:678	proposal is safe to vote on	{"CURRENT VIEW": 3, "msg": "proposal", "header view": 4, "prepare view": 2, "hash": "8WqYPi7RnJLtEHQ0we0AUFXAprYP7gJj7Cq2GuiCGb4=", "parent": "cLFzFj8B5QK8hCmGW/OU2JuMGjA5BWSI/G1faUNJ6uM="}
Node  7 +1 block finalized at time:  2022-11-28 17:52:02.612358618 +0000 UTC m=+26.267280670
Decoded original proposal, time: 2022-11-28 17:52:04.697523464 +0000 UTC m=+28.352445568 header hash: [241 106 152 62 46 209 156 146 237 16 116 52 193 237 0 80 85 192 166 182 15 238 2 99 236 42 182 26 232 130 25 190]
2022-11-28T17:52:04.697Z	DEBUG	replica=7	coded-hotterstuff/consensus.go:576	received proposal	{"CURRENT VIEW": 4, "msg": "proposal", "header view": 4, "prepare view": 3, "hash": "8WqYPi7RnJLtEHQ0we0AUFXAprYP7gJj7Cq2GuiCGb4=", "parent": "cLFzFj8B5QK8hCmGW/OU2JuMGjA5BWSI/G1faUNJ6uM="}
replica 7 is forwarding chunk to replica 0
replica 7 is forwarding chunk to replica 1
replica 7 is forwarding chunk to replica 2
replica 7 is forwarding chunk to replica 3
replica 7 is forwarding chunk to replica 5
replica 7 is forwarding chunk to replica 6
replica 7 is forwarding chunk to replica 8
replica 7 is forwarding chunk to replica 0
replica 7 is forwarding chunk to replica 1
replica 7 is forwarding chunk to replica 2
replica 7 is forwarding chunk to replica 3
replica 7 is forwarding chunk to replica 4
replica 7 is forwarding chunk to replica 6
replica 7 is forwarding chunk to replica 8
Decoded original proposal, time: 2022-11-28 17:52:07.475388146 +0000 UTC m=+31.130310250 header hash: [241 106 152 62 46 209 156 146 237 16 116 52 193 237 0 80 85 192 166 182 15 238 2 99 236 42 182 26 232 130 25 190]
2022-11-28T17:52:07.475Z	DEBUG	replica=7	coded-hotterstuff/consensus.go:576	received proposal	{"CURRENT VIEW": 4, "msg": "proposal", "header view": 4, "prepare view": 3, "hash": "8WqYPi7RnJLtEHQ0we0AUFXAprYP7gJj7Cq2GuiCGb4=", "parent": "cLFzFj8B5QK8hCmGW/OU2JuMGjA5BWSI/G1faUNJ6uM="}
Decoded original proposal, time: 2022-11-28 17:52:08.701263871 +0000 UTC m=+32.356185941 header hash: [142 10 227 234 199 14 168 203 47 218 211 136 230 41 94 109 68 52 16 5 27 142 16 70 5 23 250 1 182 25 221 148]
2022-11-28T17:52:08.701Z	DEBUG	replica=7	coded-hotterstuff/consensus.go:576	received proposal	{"CURRENT VIEW": 4, "msg": "proposal", "header view": 5, "prepare view": 3, "hash": "jgrj6scOqMsv2tOI5ilebUQ0EAUbjhBGBRf6AbYZ3ZQ=", "parent": "8WqYPi7RnJLtEHQ0we0AUFXAprYP7gJj7Cq2GuiCGb4="}
2022-11-28T17:52:08.710Z	DEBUG	replica=7	coded-hotterstuff/consensus.go:809	new block certified	{"CURRENT VIEW": 4, "view": 4, "hash": "8WqYPi7RnJLtEHQ0we0AUFXAprYP7gJj7Cq2GuiCGb4="}
2022-11-28T17:52:08.710Z	DEBUG	replica=7	coded-hotterstuff/consensus.go:520	entered new view	{"CURRENT VIEW": 5, "view timeout": 2, "timedout": false}
2022-11-28T17:52:08.710Z	DEBUG	replica=7	coded-hotterstuff/consensus.go:788	new block locked	{"CURRENT VIEW": 5, "view": 3, "hash": "cLFzFj8B5QK8hCmGW/OU2JuMGjA5BWSI/G1faUNJ6uM="}
2022-11-28T17:52:08.710Z	INFO	replica=7	coded-hotterstuff/consensus.go:797	new block commited	{"CURRENT VIEW": 5, "view": 2, "hash": "cPBdTa7qQJueFGrjnuqGleZwFBh/lhGAlUWBfCr3UKs="}
2022-11-28T17:52:08.712Z	DEBUG	replica=7	coded-hotterstuff/consensus.go:678	proposal is safe to vote on	{"CURRENT VIEW": 4, "msg": "proposal", "header view": 5, "prepare view": 3, "hash": "jgrj6scOqMsv2tOI5ilebUQ0EAUbjhBGBRf6AbYZ3ZQ=", "parent": "8WqYPi7RnJLtEHQ0we0AUFXAprYP7gJj7Cq2GuiCGb4="}
Node  7 +1 block finalized at time:  2022-11-28 17:52:08.715462594 +0000 UTC m=+32.370384646
replica 7 is forwarding chunk to replica 0
replica 7 is forwarding chunk to replica 1
replica 7 is forwarding chunk to replica 2
replica 7 is forwarding chunk to replica 3
replica 7 is forwarding chunk to replica 4
replica 7 is forwarding chunk to replica 6
replica 7 is forwarding chunk to replica 8
Decoded original proposal, time: 2022-11-28 17:52:11.826802942 +0000 UTC m=+35.481725046 header hash: [142 10 227 234 199 14 168 203 47 218 211 136 230 41 94 109 68 52 16 5 27 142 16 70 5 23 250 1 182 25 221 148]
2022-11-28T17:52:11.826Z	DEBUG	replica=7	coded-hotterstuff/consensus.go:576	received proposal	{"CURRENT VIEW": 5, "msg": "proposal", "header view": 5, "prepare view": 4, "hash": "jgrj6scOqMsv2tOI5ilebUQ0EAUbjhBGBRf6AbYZ3ZQ=", "parent": "8WqYPi7RnJLtEHQ0we0AUFXAprYP7gJj7Cq2GuiCGb4="}
replica 7 is forwarding chunk to replica 0
replica 7 is forwarding chunk to replica 1
replica 7 is forwarding chunk to replica 2
replica 7 is forwarding chunk to replica 3
replica 7 is forwarding chunk to replica 4
replica 7 is forwarding chunk to replica 6
replica 7 is forwarding chunk to replica 8
Decoded original proposal, time: 2022-11-28 17:52:13.733201569 +0000 UTC m=+37.388123649 header hash: [142 10 227 234 199 14 168 203 47 218 211 136 230 41 94 109 68 52 16 5 27 142 16 70 5 23 250 1 182 25 221 148]
2022-11-28T17:52:13.733Z	DEBUG	replica=7	coded-hotterstuff/consensus.go:576	received proposal	{"CURRENT VIEW": 5, "msg": "proposal", "header view": 5, "prepare view": 4, "hash": "jgrj6scOqMsv2tOI5ilebUQ0EAUbjhBGBRf6AbYZ3ZQ=", "parent": "8WqYPi7RnJLtEHQ0we0AUFXAprYP7gJj7Cq2GuiCGb4="}
replica 7 is forwarding chunk to replica 0
replica 7 is forwarding chunk to replica 1
replica 7 is forwarding chunk to replica 2
replica 7 is forwarding chunk to replica 3
replica 7 is forwarding chunk to replica 4
replica 7 is forwarding chunk to replica 5
replica 7 is forwarding chunk to replica 8
2022-11-28T17:52:16.921Z	DEBUG	replica=7	coded-hotterstuff/consensus.go:965	received vote	{"CURRENT VIEW": 5, "msg": "vote", "voter": 6, "view": 5, "hash": "kFp8+So3McG2yp/crA+UXLJ7e1+L/NadJHrbEZU+si4="}
Node  7  received vote before proposal, saving vote in pending votes, hash is  [144 90 124 249 42 55 49 193 182 202 159 220 172 15 148 92 178 123 123 95 139 252 214 157 36 122 219 17 149 62 178 46]  and string is,  6
2022-11-28T17:52:16.921Z	DEBUG	replica=7	coded-hotterstuff/consensus.go:970	Received vote before proposal, key is, 6	{"CURRENT VIEW": 5}
replica 7 is forwarding chunk to replica 0
replica 7 is forwarding chunk to replica 1
replica 7 is forwarding chunk to replica 2
replica 7 is forwarding chunk to replica 3
replica 7 is forwarding chunk to replica 4
replica 7 is forwarding chunk to replica 5
replica 7 is forwarding chunk to replica 8
2022-11-28T17:52:19.618Z	DEBUG	replica=7	coded-hotterstuff/consensus.go:965	received vote	{"CURRENT VIEW": 5, "msg": "vote", "voter": 2, "view": 5, "hash": "kFp8+So3McG2yp/crA+UXLJ7e1+L/NadJHrbEZU+si4="}
Decoded original proposal, time: 2022-11-28 17:52:19.630707268 +0000 UTC m=+43.285629373 header hash: [144 90 124 249 42 55 49 193 182 202 159 220 172 15 148 92 178 123 123 95 139 252 214 157 36 122 219 17 149 62 178 46]
2022-11-28T17:52:19.630Z	DEBUG	replica=7	coded-hotterstuff/consensus.go:576	received proposal	{"CURRENT VIEW": 5, "msg": "proposal", "header view": 6, "prepare view": 4, "hash": "kFp8+So3McG2yp/crA+UXLJ7e1+L/NadJHrbEZU+si4=", "parent": "jgrj6scOqMsv2tOI5ilebUQ0EAUbjhBGBRf6AbYZ3ZQ="}
2022-11-28T17:52:19.640Z	DEBUG	replica=7	coded-hotterstuff/consensus.go:809	new block certified	{"CURRENT VIEW": 5, "view": 5, "hash": "jgrj6scOqMsv2tOI5ilebUQ0EAUbjhBGBRf6AbYZ3ZQ="}
2022-11-28T17:52:19.640Z	DEBUG	replica=7	coded-hotterstuff/consensus.go:520	entered new view	{"CURRENT VIEW": 6, "view timeout": 2, "timedout": false}
2022-11-28T17:52:19.640Z	DEBUG	replica=7	coded-hotterstuff/consensus.go:535	replica is a leader for next view. collecting new-view messages	{"CURRENT VIEW": 6}
2022-11-28T17:52:19.640Z	DEBUG	replica=7	coded-hotterstuff/consensus.go:788	new block locked	{"CURRENT VIEW": 6, "view": 4, "hash": "8WqYPi7RnJLtEHQ0we0AUFXAprYP7gJj7Cq2GuiCGb4="}
2022-11-28T17:52:19.640Z	INFO	replica=7	coded-hotterstuff/consensus.go:797	new block commited	{"CURRENT VIEW": 6, "view": 3, "hash": "cLFzFj8B5QK8hCmGW/OU2JuMGjA5BWSI/G1faUNJ6uM="}
2022-11-28T17:52:19.642Z	DEBUG	replica=7	coded-hotterstuff/consensus.go:678	proposal is safe to vote on	{"CURRENT VIEW": 5, "msg": "proposal", "header view": 6, "prepare view": 4, "hash": "kFp8+So3McG2yp/crA+UXLJ7e1+L/NadJHrbEZU+si4=", "parent": "jgrj6scOqMsv2tOI5ilebUQ0EAUbjhBGBRf6AbYZ3ZQ="}
2022-11-28T17:52:19.642Z	DEBUG	replica=7	coded-hotterstuff/consensus.go:758	Taking care of pending vote 6	{"CURRENT VIEW": 6}
2022-11-28T17:52:19.642Z	DEBUG	replica=7	coded-hotterstuff/consensus.go:965	received vote	{"CURRENT VIEW": 6, "msg": "vote", "voter": 6, "view": 6, "hash": "kFp8+So3McG2yp/crA+UXLJ7e1+L/NadJHrbEZU+si4="}
2022-11-28T17:52:19.646Z	DEBUG	replica=7	coded-hotterstuff/consensus.go:758	Taking care of pending vote 6	{"CURRENT VIEW": 6}
2022-11-28T17:52:19.646Z	DEBUG	replica=7	coded-hotterstuff/consensus.go:965	received vote	{"CURRENT VIEW": 6, "msg": "vote", "voter": 2, "view": 6, "hash": "kFp8+So3McG2yp/crA+UXLJ7e1+L/NadJHrbEZU+si4="}
2022-11-28T17:52:19.655Z	DEBUG	replica=7	coded-hotterstuff/consensus.go:965	received vote	{"CURRENT VIEW": 6, "msg": "vote", "voter": 7, "view": 6, "hash": "kFp8+So3McG2yp/crA+UXLJ7e1+L/NadJHrbEZU+si4="}
Node  7 +1 block finalized at time:  2022-11-28 17:52:19.661544019 +0000 UTC m=+43.316466070
2022-11-28T17:52:19.858Z	DEBUG	replica=7	coded-hotterstuff/consensus.go:965	received vote	{"CURRENT VIEW": 6, "msg": "vote", "voter": 4, "view": 6, "hash": "kFp8+So3McG2yp/crA+UXLJ7e1+L/NadJHrbEZU+si4="}
2022-11-28T17:52:20.039Z	DEBUG	replica=7	coded-hotterstuff/consensus.go:965	received vote	{"CURRENT VIEW": 6, "msg": "vote", "voter": 0, "view": 6, "hash": "kFp8+So3McG2yp/crA+UXLJ7e1+L/NadJHrbEZU+si4="}
2022-11-28T17:52:20.380Z	DEBUG	replica=7	coded-hotterstuff/consensus.go:965	received vote	{"CURRENT VIEW": 6, "msg": "vote", "voter": 1, "view": 6, "hash": "kFp8+So3McG2yp/crA+UXLJ7e1+L/NadJHrbEZU+si4="}
replica 7 is forwarding chunk to replica 0
replica 7 is forwarding chunk to replica 1
replica 7 is forwarding chunk to replica 2
replica 7 is forwarding chunk to replica 3
replica 7 is forwarding chunk to replica 4
replica 7 is forwarding chunk to replica 5
replica 7 is forwarding chunk to replica 8
2022-11-28T17:52:20.833Z	DEBUG	replica=7	coded-hotterstuff/consensus.go:965	received vote	{"CURRENT VIEW": 6, "msg": "vote", "voter": 3, "view": 6, "hash": "kFp8+So3McG2yp/crA+UXLJ7e1+L/NadJHrbEZU+si4="}
2022-11-28T17:52:20.839Z	DEBUG	replica=7	coded-hotterstuff/consensus.go:809	new block certified	{"CURRENT VIEW": 6, "view": 6, "hash": "kFp8+So3McG2yp/crA+UXLJ7e1+L/NadJHrbEZU+si4="}
2022-11-28T17:52:20.839Z	DEBUG	replica=7	coded-hotterstuff/consensus.go:520	entered new view	{"CURRENT VIEW": 7, "view timeout": 2, "timedout": false}
2022-11-28T17:52:20.839Z	DEBUG	replica=7	coded-hotterstuff/consensus.go:544	replica is a leader for this view. waiting for data	{"CURRENT VIEW": 7}
2022-11-28T17:52:20.839Z	DEBUG	replica=7	coded-hotterstuff/consensus.go:520	entered new view	{"CURRENT VIEW": 7, "view timeout": 2, "timedout": false}
2022-11-28T17:52:20.839Z	DEBUG	replica=7	coded-hotterstuff/consensus.go:544	replica is a leader for this view. waiting for data	{"CURRENT VIEW": 7}
2022-11-28T17:52:20.843Z	DEBUG	replica=7	coded-hotterstuff/consensus.go:238	sending proposal	{"CURRENT VIEW": 7, "hash": "UrpGBauqox/y7djWW1+uYAk4lnjGCoti5rxDg06dPA8=", "parent": "kFp8+So3McG2yp/crA+UXLJ7e1+L/NadJHrbEZU+si4=", "signer": 7}
2022-11-28T17:52:20.844Z	DEBUG	replica=7	coded-hotterstuff/consensus.go:576	received proposal	{"CURRENT VIEW": 7, "msg": "proposal", "header view": 7, "prepare view": 6, "hash": "UrpGBauqox/y7djWW1+uYAk4lnjGCoti5rxDg06dPA8=", "parent": "kFp8+So3McG2yp/crA+UXLJ7e1+L/NadJHrbEZU+si4="}
2022-11-28T17:52:20.852Z	DEBUG	replica=7	coded-hotterstuff/consensus.go:788	new block locked	{"CURRENT VIEW": 7, "view": 5, "hash": "jgrj6scOqMsv2tOI5ilebUQ0EAUbjhBGBRf6AbYZ3ZQ="}
2022-11-28T17:52:20.852Z	INFO	replica=7	coded-hotterstuff/consensus.go:797	new block commited	{"CURRENT VIEW": 7, "view": 4, "hash": "8WqYPi7RnJLtEHQ0we0AUFXAprYP7gJj7Cq2GuiCGb4="}
2022-11-28T17:52:20.855Z	DEBUG	replica=7	coded-hotterstuff/consensus.go:678	proposal is safe to vote on	{"CURRENT VIEW": 7, "msg": "proposal", "header view": 7, "prepare view": 6, "hash": "UrpGBauqox/y7djWW1+uYAk4lnjGCoti5rxDg06dPA8=", "parent": "kFp8+So3McG2yp/crA+UXLJ7e1+L/NadJHrbEZU+si4="}
Node  7 +1 block finalized at time:  2022-11-28 17:52:20.857655223 +0000 UTC m=+44.512577273
2022-11-28T17:52:21.660Z	DEBUG	replica=7	coded-hotterstuff/consensus.go:965	received vote	{"CURRENT VIEW": 7, "msg": "vote", "voter": 8, "view": 7, "hash": "kFp8+So3McG2yp/crA+UXLJ7e1+L/NadJHrbEZU+si4="}
2022-11-28T17:52:21.666Z	DEBUG	replica=7	coded-hotterstuff/consensus.go:520	entered new view	{"CURRENT VIEW": 7, "view timeout": 2, "timedout": false}
2022-11-28T17:52:21.666Z	DEBUG	replica=7	coded-hotterstuff/consensus.go:544	replica is a leader for this view. waiting for data	{"CURRENT VIEW": 7}
2022-11-28T17:52:21.669Z	DEBUG	replica=7	coded-hotterstuff/consensus.go:238	sending proposal	{"CURRENT VIEW": 7, "hash": "UrpGBauqox/y7djWW1+uYAk4lnjGCoti5rxDg06dPA8=", "parent": "kFp8+So3McG2yp/crA+UXLJ7e1+L/NadJHrbEZU+si4=", "signer": 7}
2022-11-28T17:52:21.671Z	DEBUG	replica=7	coded-hotterstuff/consensus.go:576	received proposal	{"CURRENT VIEW": 7, "msg": "proposal", "header view": 7, "prepare view": 6, "hash": "UrpGBauqox/y7djWW1+uYAk4lnjGCoti5rxDg06dPA8=", "parent": "kFp8+So3McG2yp/crA+UXLJ7e1+L/NadJHrbEZU+si4="}
Decoded original proposal, time: 2022-11-28 17:52:21.899449521 +0000 UTC m=+45.554371622 header hash: [144 90 124 249 42 55 49 193 182 202 159 220 172 15 148 92 178 123 123 95 139 252 214 157 36 122 219 17 149 62 178 46]
2022-11-28T17:52:21.899Z	DEBUG	replica=7	coded-hotterstuff/consensus.go:576	received proposal	{"CURRENT VIEW": 7, "msg": "proposal", "header view": 6, "prepare view": 6, "hash": "kFp8+So3McG2yp/crA+UXLJ7e1+L/NadJHrbEZU+si4=", "parent": "jgrj6scOqMsv2tOI5ilebUQ0EAUbjhBGBRf6AbYZ3ZQ="}
2022-11-28T17:52:21.908Z	DEBUG	replica=7	coded-hotterstuff/consensus.go:667	proposal view doesn't match local view	{"CURRENT VIEW": 7, "msg": "proposal", "header view": 6, "prepare view": 6, "hash": "kFp8+So3McG2yp/crA+UXLJ7e1+L/NadJHrbEZU+si4=", "parent": "jgrj6scOqMsv2tOI5ilebUQ0EAUbjhBGBRf6AbYZ3ZQ="}
2022-11-28T17:52:21.908Z	DEBUG	replica=7	coded-hotterstuff/consensus.go:965	received vote	{"CURRENT VIEW": 7, "msg": "vote", "voter": 5, "view": 7, "hash": "kFp8+So3McG2yp/crA+UXLJ7e1+L/NadJHrbEZU+si4="}
2022-11-28T17:52:21.914Z	DEBUG	replica=7	coded-hotterstuff/consensus.go:520	entered new view	{"CURRENT VIEW": 7, "view timeout": 2, "timedout": false}
2022-11-28T17:52:21.914Z	DEBUG	replica=7	coded-hotterstuff/consensus.go:544	replica is a leader for this view. waiting for data	{"CURRENT VIEW": 7}
2022-11-28T17:52:21.917Z	DEBUG	replica=7	coded-hotterstuff/consensus.go:238	sending proposal	{"CURRENT VIEW": 7, "hash": "UrpGBauqox/y7djWW1+uYAk4lnjGCoti5rxDg06dPA8=", "parent": "kFp8+So3McG2yp/crA+UXLJ7e1+L/NadJHrbEZU+si4=", "signer": 7}
2022-11-28T17:52:21.918Z	DEBUG	replica=7	coded-hotterstuff/consensus.go:576	received proposal	{"CURRENT VIEW": 7, "msg": "proposal", "header view": 7, "prepare view": 6, "hash": "UrpGBauqox/y7djWW1+uYAk4lnjGCoti5rxDg06dPA8=", "parent": "kFp8+So3McG2yp/crA+UXLJ7e1+L/NadJHrbEZU+si4="}
Decoded original proposal, time: 2022-11-28 17:52:23.521073399 +0000 UTC m=+47.175995460 header hash: [144 90 124 249 42 55 49 193 182 202 159 220 172 15 148 92 178 123 123 95 139 252 214 157 36 122 219 17 149 62 178 46]
2022-11-28T17:52:23.521Z	DEBUG	replica=7	coded-hotterstuff/consensus.go:576	received proposal	{"CURRENT VIEW": 7, "msg": "proposal", "header view": 6, "prepare view": 6, "hash": "kFp8+So3McG2yp/crA+UXLJ7e1+L/NadJHrbEZU+si4=", "parent": "jgrj6scOqMsv2tOI5ilebUQ0EAUbjhBGBRf6AbYZ3ZQ="}
2022-11-28T17:52:23.531Z	DEBUG	replica=7	coded-hotterstuff/consensus.go:667	proposal view doesn't match local view	{"CURRENT VIEW": 7, "msg": "proposal", "header view": 6, "prepare view": 6, "hash": "kFp8+So3McG2yp/crA+UXLJ7e1+L/NadJHrbEZU+si4=", "parent": "jgrj6scOqMsv2tOI5ilebUQ0EAUbjhBGBRf6AbYZ3ZQ="}
replica 7 is forwarding chunk to replica 0
replica 7 is forwarding chunk to replica 1
replica 7 is forwarding chunk to replica 2
replica 7 is forwarding chunk to replica 3
replica 7 is forwarding chunk to replica 4
replica 7 is forwarding chunk to replica 5
replica 7 is forwarding chunk to replica 6
replica 7 is forwarding chunk to replica 0
replica 7 is forwarding chunk to replica 1
replica 7 is forwarding chunk to replica 2
replica 7 is forwarding chunk to replica 3
replica 7 is forwarding chunk to replica 4
replica 7 is forwarding chunk to replica 5
replica 7 is forwarding chunk to replica 6
replica 7 is forwarding chunk to replica 0
replica 7 is forwarding chunk to replica 1
replica 7 is forwarding chunk to replica 2
replica 7 is forwarding chunk to replica 3
replica 7 is forwarding chunk to replica 4
replica 7 is forwarding chunk to replica 5
replica 7 is forwarding chunk to replica 6
Decoded original proposal, time: 2022-11-28 17:52:34.750174062 +0000 UTC m=+58.405096165 header hash: [9 212 205 28 110 251 47 242 141 111 167 241 108 89 12 35 155 222 125 75 78 184 7 35 235 24 77 74 102 255 131 11]
2022-11-28T17:52:34.750Z	DEBUG	replica=7	coded-hotterstuff/consensus.go:576	received proposal	{"CURRENT VIEW": 7, "msg": "proposal", "header view": 8, "prepare view": 6, "hash": "CdTNHG77L/KNb6fxbFkMI5vefUtOuAcj6xhNSmb/gws=", "parent": "UrpGBauqox/y7djWW1+uYAk4lnjGCoti5rxDg06dPA8="}
2022-11-28T17:52:34.758Z	DEBUG	replica=7	coded-hotterstuff/consensus.go:809	new block certified	{"CURRENT VIEW": 7, "view": 7, "hash": "UrpGBauqox/y7djWW1+uYAk4lnjGCoti5rxDg06dPA8="}
2022-11-28T17:52:34.758Z	DEBUG	replica=7	coded-hotterstuff/consensus.go:520	entered new view	{"CURRENT VIEW": 8, "view timeout": 2, "timedout": false}
2022-11-28T17:52:34.758Z	DEBUG	replica=7	coded-hotterstuff/consensus.go:788	new block locked	{"CURRENT VIEW": 8, "view": 6, "hash": "kFp8+So3McG2yp/crA+UXLJ7e1+L/NadJHrbEZU+si4="}
2022-11-28T17:52:34.758Z	INFO	replica=7	coded-hotterstuff/consensus.go:797	new block commited	{"CURRENT VIEW": 8, "view": 5, "hash": "jgrj6scOqMsv2tOI5ilebUQ0EAUbjhBGBRf6AbYZ3ZQ="}
2022-11-28T17:52:34.759Z	DEBUG	replica=7	coded-hotterstuff/consensus.go:678	proposal is safe to vote on	{"CURRENT VIEW": 7, "msg": "proposal", "header view": 8, "prepare view": 6, "hash": "CdTNHG77L/KNb6fxbFkMI5vefUtOuAcj6xhNSmb/gws=", "parent": "UrpGBauqox/y7djWW1+uYAk4lnjGCoti5rxDg06dPA8="}
Node  7 +1 block finalized at time:  2022-11-28 17:52:34.761974825 +0000 UTC m=+58.416896877
