Node index: 4
[10.0.1.0:9000 10.0.1.2:9001 10.0.1.4:9002 10.0.1.6:9003 10.0.1.8:9004 10.0.1.10:9005 10.0.1.12:9006 10.0.1.14:9007 10.0.1.16:9008]
node 4 initiating connection to 10.0.1.6:9003
node 4 successfully initiated connection to 10.0.1.6:9003
node 4 initiating connection to 10.0.1.0:9000
node 4 successfully initiated connection to 10.0.1.0:9000
node 4 initiating connection to 10.0.1.2:9001
node 4 successfully initiated connection to 10.0.1.2:9001
node 4 initiating connection to 10.0.1.4:9002
node 4 successfully initiated connection to 10.0.1.4:9002
connection established 4 - 7
Node  4 -->  Listening for messages... 
connection established 4 - 8
Node  4 -->  Listening for messages... 
connection established 4 - 5
Node  4 -->  Listening for messages... 
connection established 4 - 6
Node  4 -->  Listening for messages... 
connection established 4 - 3
Node  4 -->  Listening for messages... 
connection established 4 - 0
Node  4 -->  Listening for messages... 
connection established 4 - 2
Node  4 -->  Listening for messages... 
connection established 4 - 1
Node  4 -->  Listening for messages... 
2022-11-28T17:51:36.508Z	DEBUG	replica=4	coded-hotterstuff/consensus.go:520	entered new view	{"CURRENT VIEW": 1, "view timeout": 2, "timedout": false}
replica 4 is forwarding chunk to replica 0
replica 4 is forwarding chunk to replica 2
replica 4 is forwarding chunk to replica 3
replica 4 is forwarding chunk to replica 5
replica 4 is forwarding chunk to replica 6
replica 4 is forwarding chunk to replica 7
replica 4 is forwarding chunk to replica 8
Decoded original proposal, time: 2022-11-28 17:51:43.831834305 +0000 UTC m=+7.490318145 header hash: [72 160 180 233 149 231 108 139 103 97 149 83 197 114 214 128 107 110 76 231 61 205 42 18 190 82 86 133 4 78 235 255]
2022-11-28T17:51:43.831Z	DEBUG	replica=4	coded-hotterstuff/consensus.go:576	received proposal	{"CURRENT VIEW": 1, "msg": "proposal", "header view": 1, "prepare view": 0, "hash": "SKC06ZXnbItnYZVTxXLWgGtuTOc9zSoSvlJWhQRO6/8=", "parent": "GZWDhiYW+ib6TpJWRLDOftUd8y8ovAaEerQWDbefS7c="}
2022-11-28T17:51:43.839Z	DEBUG	replica=4	coded-hotterstuff/consensus.go:777	could not find gparent header	{"CURRENT VIEW": 1, "view": 0, "hash": "GZWDhiYW+ib6TpJWRLDOftUd8y8ovAaEerQWDbefS7c="}
2022-11-28T17:51:43.841Z	DEBUG	replica=4	coded-hotterstuff/consensus.go:678	proposal is safe to vote on	{"CURRENT VIEW": 1, "msg": "proposal", "header view": 1, "prepare view": 0, "hash": "SKC06ZXnbItnYZVTxXLWgGtuTOc9zSoSvlJWhQRO6/8=", "parent": "GZWDhiYW+ib6TpJWRLDOftUd8y8ovAaEerQWDbefS7c="}
replica 4 is forwarding chunk to replica 0
replica 4 is forwarding chunk to replica 1
replica 4 is forwarding chunk to replica 3
replica 4 is forwarding chunk to replica 5
replica 4 is forwarding chunk to replica 6
replica 4 is forwarding chunk to replica 7
replica 4 is forwarding chunk to replica 8
replica 4 is forwarding chunk to replica 0
replica 4 is forwarding chunk to replica 1
replica 4 is forwarding chunk to replica 3
replica 4 is forwarding chunk to replica 5
replica 4 is forwarding chunk to replica 6
replica 4 is forwarding chunk to replica 7
replica 4 is forwarding chunk to replica 8
Decoded original proposal, time: 2022-11-28 17:51:48.182957671 +0000 UTC m=+11.841441567 header hash: [112 240 93 77 174 234 64 155 158 20 106 227 158 234 134 149 230 112 20 24 127 150 17 128 149 69 129 124 42 247 80 171]
2022-11-28T17:51:48.183Z	DEBUG	replica=4	coded-hotterstuff/consensus.go:576	received proposal	{"CURRENT VIEW": 1, "msg": "proposal", "header view": 2, "prepare view": 0, "hash": "cPBdTa7qQJueFGrjnuqGleZwFBh/lhGAlUWBfCr3UKs=", "parent": "SKC06ZXnbItnYZVTxXLWgGtuTOc9zSoSvlJWhQRO6/8="}
2022-11-28T17:51:48.191Z	DEBUG	replica=4	coded-hotterstuff/consensus.go:809	new block certified	{"CURRENT VIEW": 1, "view": 1, "hash": "SKC06ZXnbItnYZVTxXLWgGtuTOc9zSoSvlJWhQRO6/8="}
2022-11-28T17:51:48.191Z	DEBUG	replica=4	coded-hotterstuff/consensus.go:520	entered new view	{"CURRENT VIEW": 2, "view timeout": 2, "timedout": false}
2022-11-28T17:51:48.191Z	DEBUG	replica=4	coded-hotterstuff/consensus.go:782	could not find ggparent header	{"CURRENT VIEW": 2, "view": 0, "hash": "GZWDhiYW+ib6TpJWRLDOftUd8y8ovAaEerQWDbefS7c="}
2022-11-28T17:51:48.193Z	DEBUG	replica=4	coded-hotterstuff/consensus.go:678	proposal is safe to vote on	{"CURRENT VIEW": 1, "msg": "proposal", "header view": 2, "prepare view": 0, "hash": "cPBdTa7qQJueFGrjnuqGleZwFBh/lhGAlUWBfCr3UKs=", "parent": "SKC06ZXnbItnYZVTxXLWgGtuTOc9zSoSvlJWhQRO6/8="}
replica 4 is forwarding chunk to replica 0
replica 4 is forwarding chunk to replica 1
replica 4 is forwarding chunk to replica 3
replica 4 is forwarding chunk to replica 5
replica 4 is forwarding chunk to replica 6
replica 4 is forwarding chunk to replica 7
replica 4 is forwarding chunk to replica 8
Decoded original proposal, time: 2022-11-28 17:51:50.127543307 +0000 UTC m=+13.786027200 header hash: [112 240 93 77 174 234 64 155 158 20 106 227 158 234 134 149 230 112 20 24 127 150 17 128 149 69 129 124 42 247 80 171]
2022-11-28T17:51:50.127Z	DEBUG	replica=4	coded-hotterstuff/consensus.go:576	received proposal	{"CURRENT VIEW": 2, "msg": "proposal", "header view": 2, "prepare view": 1, "hash": "cPBdTa7qQJueFGrjnuqGleZwFBh/lhGAlUWBfCr3UKs=", "parent": "SKC06ZXnbItnYZVTxXLWgGtuTOc9zSoSvlJWhQRO6/8="}
2022-11-28T17:51:50.136Z	DEBUG	replica=4	coded-hotterstuff/consensus.go:782	could not find ggparent header	{"CURRENT VIEW": 2, "view": 0, "hash": "GZWDhiYW+ib6TpJWRLDOftUd8y8ovAaEerQWDbefS7c="}
Decoded original proposal, time: 2022-11-28 17:51:51.804160232 +0000 UTC m=+15.462644122 header hash: [112 240 93 77 174 234 64 155 158 20 106 227 158 234 134 149 230 112 20 24 127 150 17 128 149 69 129 124 42 247 80 171]
2022-11-28T17:51:51.804Z	DEBUG	replica=4	coded-hotterstuff/consensus.go:576	received proposal	{"CURRENT VIEW": 2, "msg": "proposal", "header view": 2, "prepare view": 1, "hash": "cPBdTa7qQJueFGrjnuqGleZwFBh/lhGAlUWBfCr3UKs=", "parent": "SKC06ZXnbItnYZVTxXLWgGtuTOc9zSoSvlJWhQRO6/8="}
2022-11-28T17:51:51.812Z	DEBUG	replica=4	coded-hotterstuff/consensus.go:782	could not find ggparent header	{"CURRENT VIEW": 2, "view": 0, "hash": "GZWDhiYW+ib6TpJWRLDOftUd8y8ovAaEerQWDbefS7c="}
replica 4 is forwarding chunk to replica 0
replica 4 is forwarding chunk to replica 1
replica 4 is forwarding chunk to replica 2
replica 4 is forwarding chunk to replica 5
replica 4 is forwarding chunk to replica 6
replica 4 is forwarding chunk to replica 7
replica 4 is forwarding chunk to replica 8
2022-11-28T17:51:53.208Z	DEBUG	replica=4	coded-hotterstuff/consensus.go:965	received vote	{"CURRENT VIEW": 2, "msg": "vote", "voter": 3, "view": 2, "hash": "cLFzFj8B5QK8hCmGW/OU2JuMGjA5BWSI/G1faUNJ6uM="}
Node  4  received vote before proposal, saving vote in pending votes, hash is  [112 177 115 22 63 1 229 2 188 132 41 134 91 243 148 216 155 140 26 48 57 5 100 136 252 109 95 105 67 73 234 227]  and string is,  3
2022-11-28T17:51:53.208Z	DEBUG	replica=4	coded-hotterstuff/consensus.go:970	Received vote before proposal, key is, 3	{"CURRENT VIEW": 2}
Decoded original proposal, time: 2022-11-28 17:51:54.777540515 +0000 UTC m=+18.436024365 header hash: [112 177 115 22 63 1 229 2 188 132 41 134 91 243 148 216 155 140 26 48 57 5 100 136 252 109 95 105 67 73 234 227]
2022-11-28T17:51:54.777Z	DEBUG	replica=4	coded-hotterstuff/consensus.go:576	received proposal	{"CURRENT VIEW": 2, "msg": "proposal", "header view": 3, "prepare view": 1, "hash": "cLFzFj8B5QK8hCmGW/OU2JuMGjA5BWSI/G1faUNJ6uM=", "parent": "cPBdTa7qQJueFGrjnuqGleZwFBh/lhGAlUWBfCr3UKs="}
2022-11-28T17:51:54.789Z	DEBUG	replica=4	coded-hotterstuff/consensus.go:809	new block certified	{"CURRENT VIEW": 2, "view": 2, "hash": "cPBdTa7qQJueFGrjnuqGleZwFBh/lhGAlUWBfCr3UKs="}
2022-11-28T17:51:54.789Z	DEBUG	replica=4	coded-hotterstuff/consensus.go:520	entered new view	{"CURRENT VIEW": 3, "view timeout": 2, "timedout": false}
2022-11-28T17:51:54.789Z	DEBUG	replica=4	coded-hotterstuff/consensus.go:535	replica is a leader for next view. collecting new-view messages	{"CURRENT VIEW": 3}
2022-11-28T17:51:54.789Z	DEBUG	replica=4	coded-hotterstuff/consensus.go:788	new block locked	{"CURRENT VIEW": 3, "view": 1, "hash": "SKC06ZXnbItnYZVTxXLWgGtuTOc9zSoSvlJWhQRO6/8="}
2022-11-28T17:51:54.791Z	DEBUG	replica=4	coded-hotterstuff/consensus.go:678	proposal is safe to vote on	{"CURRENT VIEW": 2, "msg": "proposal", "header view": 3, "prepare view": 1, "hash": "cLFzFj8B5QK8hCmGW/OU2JuMGjA5BWSI/G1faUNJ6uM=", "parent": "cPBdTa7qQJueFGrjnuqGleZwFBh/lhGAlUWBfCr3UKs="}
2022-11-28T17:51:54.791Z	DEBUG	replica=4	coded-hotterstuff/consensus.go:758	Taking care of pending vote 3	{"CURRENT VIEW": 3}
2022-11-28T17:51:54.791Z	DEBUG	replica=4	coded-hotterstuff/consensus.go:965	received vote	{"CURRENT VIEW": 3, "msg": "vote", "voter": 3, "view": 3, "hash": "cLFzFj8B5QK8hCmGW/OU2JuMGjA5BWSI/G1faUNJ6uM="}
2022-11-28T17:51:54.800Z	DEBUG	replica=4	coded-hotterstuff/consensus.go:965	received vote	{"CURRENT VIEW": 3, "msg": "vote", "voter": 4, "view": 3, "hash": "cLFzFj8B5QK8hCmGW/OU2JuMGjA5BWSI/G1faUNJ6uM="}
2022-11-28T17:51:55.413Z	DEBUG	replica=4	coded-hotterstuff/consensus.go:965	received vote	{"CURRENT VIEW": 3, "msg": "vote", "voter": 5, "view": 3, "hash": "cLFzFj8B5QK8hCmGW/OU2JuMGjA5BWSI/G1faUNJ6uM="}
2022-11-28T17:51:55.545Z	DEBUG	replica=4	coded-hotterstuff/consensus.go:965	received vote	{"CURRENT VIEW": 3, "msg": "vote", "voter": 0, "view": 3, "hash": "cLFzFj8B5QK8hCmGW/OU2JuMGjA5BWSI/G1faUNJ6uM="}
2022-11-28T17:51:55.551Z	DEBUG	replica=4	coded-hotterstuff/consensus.go:965	received vote	{"CURRENT VIEW": 3, "msg": "vote", "voter": 6, "view": 3, "hash": "cLFzFj8B5QK8hCmGW/OU2JuMGjA5BWSI/G1faUNJ6uM="}
replica 4 is forwarding chunk to replica 0
replica 4 is forwarding chunk to replica 1
replica 4 is forwarding chunk to replica 2
replica 4 is forwarding chunk to replica 5
replica 4 is forwarding chunk to replica 6
replica 4 is forwarding chunk to replica 7
replica 4 is forwarding chunk to replica 8
2022-11-28T17:51:56.694Z	DEBUG	replica=4	coded-hotterstuff/consensus.go:965	received vote	{"CURRENT VIEW": 3, "msg": "vote", "voter": 1, "view": 3, "hash": "cLFzFj8B5QK8hCmGW/OU2JuMGjA5BWSI/G1faUNJ6uM="}
2022-11-28T17:51:56.809Z	DEBUG	replica=4	coded-hotterstuff/consensus.go:965	received vote	{"CURRENT VIEW": 3, "msg": "vote", "voter": 2, "view": 3, "hash": "cLFzFj8B5QK8hCmGW/OU2JuMGjA5BWSI/G1faUNJ6uM="}
2022-11-28T17:51:56.817Z	DEBUG	replica=4	coded-hotterstuff/consensus.go:809	new block certified	{"CURRENT VIEW": 3, "view": 3, "hash": "cLFzFj8B5QK8hCmGW/OU2JuMGjA5BWSI/G1faUNJ6uM="}
2022-11-28T17:51:56.817Z	DEBUG	replica=4	coded-hotterstuff/consensus.go:520	entered new view	{"CURRENT VIEW": 4, "view timeout": 2, "timedout": false}
2022-11-28T17:51:56.817Z	DEBUG	replica=4	coded-hotterstuff/consensus.go:544	replica is a leader for this view. waiting for data	{"CURRENT VIEW": 4}
2022-11-28T17:51:56.817Z	DEBUG	replica=4	coded-hotterstuff/consensus.go:520	entered new view	{"CURRENT VIEW": 4, "view timeout": 2, "timedout": false}
2022-11-28T17:51:56.817Z	DEBUG	replica=4	coded-hotterstuff/consensus.go:544	replica is a leader for this view. waiting for data	{"CURRENT VIEW": 4}
2022-11-28T17:51:56.821Z	DEBUG	replica=4	coded-hotterstuff/consensus.go:238	sending proposal	{"CURRENT VIEW": 4, "hash": "8WqYPi7RnJLtEHQ0we0AUFXAprYP7gJj7Cq2GuiCGb4=", "parent": "cLFzFj8B5QK8hCmGW/OU2JuMGjA5BWSI/G1faUNJ6uM=", "signer": 4}
2022-11-28T17:51:56.824Z	DEBUG	replica=4	coded-hotterstuff/consensus.go:576	received proposal	{"CURRENT VIEW": 4, "msg": "proposal", "header view": 4, "prepare view": 3, "hash": "8WqYPi7RnJLtEHQ0we0AUFXAprYP7gJj7Cq2GuiCGb4=", "parent": "cLFzFj8B5QK8hCmGW/OU2JuMGjA5BWSI/G1faUNJ6uM="}
2022-11-28T17:51:56.835Z	DEBUG	replica=4	coded-hotterstuff/consensus.go:788	new block locked	{"CURRENT VIEW": 4, "view": 2, "hash": "cPBdTa7qQJueFGrjnuqGleZwFBh/lhGAlUWBfCr3UKs="}
2022-11-28T17:51:56.836Z	INFO	replica=4	coded-hotterstuff/consensus.go:797	new block commited	{"CURRENT VIEW": 4, "view": 1, "hash": "SKC06ZXnbItnYZVTxXLWgGtuTOc9zSoSvlJWhQRO6/8="}
2022-11-28T17:51:56.839Z	DEBUG	replica=4	coded-hotterstuff/consensus.go:678	proposal is safe to vote on	{"CURRENT VIEW": 4, "msg": "proposal", "header view": 4, "prepare view": 3, "hash": "8WqYPi7RnJLtEHQ0we0AUFXAprYP7gJj7Cq2GuiCGb4=", "parent": "cLFzFj8B5QK8hCmGW/OU2JuMGjA5BWSI/G1faUNJ6uM="}
Node  4 +1 block finalized at time:  2022-11-28 17:51:56.842012939 +0000 UTC m=+20.500496781
2022-11-28T17:51:57.008Z	DEBUG	replica=4	coded-hotterstuff/consensus.go:965	received vote	{"CURRENT VIEW": 4, "msg": "vote", "voter": 7, "view": 4, "hash": "cLFzFj8B5QK8hCmGW/OU2JuMGjA5BWSI/G1faUNJ6uM="}
2022-11-28T17:51:57.014Z	DEBUG	replica=4	coded-hotterstuff/consensus.go:520	entered new view	{"CURRENT VIEW": 4, "view timeout": 2, "timedout": false}
2022-11-28T17:51:57.014Z	DEBUG	replica=4	coded-hotterstuff/consensus.go:544	replica is a leader for this view. waiting for data	{"CURRENT VIEW": 4}
2022-11-28T17:51:57.018Z	DEBUG	replica=4	coded-hotterstuff/consensus.go:238	sending proposal	{"CURRENT VIEW": 4, "hash": "8WqYPi7RnJLtEHQ0we0AUFXAprYP7gJj7Cq2GuiCGb4=", "parent": "cLFzFj8B5QK8hCmGW/OU2JuMGjA5BWSI/G1faUNJ6uM=", "signer": 4}
2022-11-28T17:51:57.019Z	DEBUG	replica=4	coded-hotterstuff/consensus.go:576	received proposal	{"CURRENT VIEW": 4, "msg": "proposal", "header view": 4, "prepare view": 3, "hash": "8WqYPi7RnJLtEHQ0we0AUFXAprYP7gJj7Cq2GuiCGb4=", "parent": "cLFzFj8B5QK8hCmGW/OU2JuMGjA5BWSI/G1faUNJ6uM="}
Decoded original proposal, time: 2022-11-28 17:51:57.160544907 +0000 UTC m=+20.819028801 header hash: [112 177 115 22 63 1 229 2 188 132 41 134 91 243 148 216 155 140 26 48 57 5 100 136 252 109 95 105 67 73 234 227]
2022-11-28T17:51:57.160Z	DEBUG	replica=4	coded-hotterstuff/consensus.go:576	received proposal	{"CURRENT VIEW": 4, "msg": "proposal", "header view": 3, "prepare view": 3, "hash": "cLFzFj8B5QK8hCmGW/OU2JuMGjA5BWSI/G1faUNJ6uM=", "parent": "cPBdTa7qQJueFGrjnuqGleZwFBh/lhGAlUWBfCr3UKs="}
2022-11-28T17:51:57.169Z	DEBUG	replica=4	coded-hotterstuff/consensus.go:667	proposal view doesn't match local view	{"CURRENT VIEW": 4, "msg": "proposal", "header view": 3, "prepare view": 3, "hash": "cLFzFj8B5QK8hCmGW/OU2JuMGjA5BWSI/G1faUNJ6uM=", "parent": "cPBdTa7qQJueFGrjnuqGleZwFBh/lhGAlUWBfCr3UKs="}
replica 4 is forwarding chunk to replica 0
replica 4 is forwarding chunk to replica 1
replica 4 is forwarding chunk to replica 2
replica 4 is forwarding chunk to replica 5
replica 4 is forwarding chunk to replica 6
replica 4 is forwarding chunk to replica 7
replica 4 is forwarding chunk to replica 8
2022-11-28T17:51:58.096Z	DEBUG	replica=4	coded-hotterstuff/consensus.go:965	received vote	{"CURRENT VIEW": 4, "msg": "vote", "voter": 8, "view": 4, "hash": "cLFzFj8B5QK8hCmGW/OU2JuMGjA5BWSI/G1faUNJ6uM="}
2022-11-28T17:51:58.102Z	DEBUG	replica=4	coded-hotterstuff/consensus.go:520	entered new view	{"CURRENT VIEW": 4, "view timeout": 2, "timedout": false}
2022-11-28T17:51:58.102Z	DEBUG	replica=4	coded-hotterstuff/consensus.go:544	replica is a leader for this view. waiting for data	{"CURRENT VIEW": 4}
2022-11-28T17:51:58.106Z	DEBUG	replica=4	coded-hotterstuff/consensus.go:238	sending proposal	{"CURRENT VIEW": 4, "hash": "8WqYPi7RnJLtEHQ0we0AUFXAprYP7gJj7Cq2GuiCGb4=", "parent": "cLFzFj8B5QK8hCmGW/OU2JuMGjA5BWSI/G1faUNJ6uM=", "signer": 4}
2022-11-28T17:51:58.107Z	DEBUG	replica=4	coded-hotterstuff/consensus.go:576	received proposal	{"CURRENT VIEW": 4, "msg": "proposal", "header view": 4, "prepare view": 3, "hash": "8WqYPi7RnJLtEHQ0we0AUFXAprYP7gJj7Cq2GuiCGb4=", "parent": "cLFzFj8B5QK8hCmGW/OU2JuMGjA5BWSI/G1faUNJ6uM="}
Decoded original proposal, time: 2022-11-28 17:51:59.027518179 +0000 UTC m=+22.686002071 header hash: [112 177 115 22 63 1 229 2 188 132 41 134 91 243 148 216 155 140 26 48 57 5 100 136 252 109 95 105 67 73 234 227]
2022-11-28T17:51:59.027Z	DEBUG	replica=4	coded-hotterstuff/consensus.go:576	received proposal	{"CURRENT VIEW": 4, "msg": "proposal", "header view": 3, "prepare view": 3, "hash": "cLFzFj8B5QK8hCmGW/OU2JuMGjA5BWSI/G1faUNJ6uM=", "parent": "cPBdTa7qQJueFGrjnuqGleZwFBh/lhGAlUWBfCr3UKs="}
2022-11-28T17:51:59.036Z	DEBUG	replica=4	coded-hotterstuff/consensus.go:667	proposal view doesn't match local view	{"CURRENT VIEW": 4, "msg": "proposal", "header view": 3, "prepare view": 3, "hash": "cLFzFj8B5QK8hCmGW/OU2JuMGjA5BWSI/G1faUNJ6uM=", "parent": "cPBdTa7qQJueFGrjnuqGleZwFBh/lhGAlUWBfCr3UKs="}
replica 4 is forwarding chunk to replica 0
replica 4 is forwarding chunk to replica 1
replica 4 is forwarding chunk to replica 2
replica 4 is forwarding chunk to replica 3
replica 4 is forwarding chunk to replica 6
replica 4 is forwarding chunk to replica 7
replica 4 is forwarding chunk to replica 8
Decoded original proposal, time: 2022-11-28 17:52:08.685232374 +0000 UTC m=+32.343716216 header hash: [142 10 227 234 199 14 168 203 47 218 211 136 230 41 94 109 68 52 16 5 27 142 16 70 5 23 250 1 182 25 221 148]
2022-11-28T17:52:08.685Z	DEBUG	replica=4	coded-hotterstuff/consensus.go:576	received proposal	{"CURRENT VIEW": 4, "msg": "proposal", "header view": 5, "prepare view": 3, "hash": "jgrj6scOqMsv2tOI5ilebUQ0EAUbjhBGBRf6AbYZ3ZQ=", "parent": "8WqYPi7RnJLtEHQ0we0AUFXAprYP7gJj7Cq2GuiCGb4="}
2022-11-28T17:52:08.694Z	DEBUG	replica=4	coded-hotterstuff/consensus.go:809	new block certified	{"CURRENT VIEW": 4, "view": 4, "hash": "8WqYPi7RnJLtEHQ0we0AUFXAprYP7gJj7Cq2GuiCGb4="}
2022-11-28T17:52:08.694Z	DEBUG	replica=4	coded-hotterstuff/consensus.go:520	entered new view	{"CURRENT VIEW": 5, "view timeout": 2, "timedout": false}
2022-11-28T17:52:08.694Z	DEBUG	replica=4	coded-hotterstuff/consensus.go:788	new block locked	{"CURRENT VIEW": 5, "view": 3, "hash": "cLFzFj8B5QK8hCmGW/OU2JuMGjA5BWSI/G1faUNJ6uM="}
2022-11-28T17:52:08.694Z	INFO	replica=4	coded-hotterstuff/consensus.go:797	new block commited	{"CURRENT VIEW": 5, "view": 2, "hash": "cPBdTa7qQJueFGrjnuqGleZwFBh/lhGAlUWBfCr3UKs="}
2022-11-28T17:52:08.699Z	DEBUG	replica=4	coded-hotterstuff/consensus.go:678	proposal is safe to vote on	{"CURRENT VIEW": 4, "msg": "proposal", "header view": 5, "prepare view": 3, "hash": "jgrj6scOqMsv2tOI5ilebUQ0EAUbjhBGBRf6AbYZ3ZQ=", "parent": "8WqYPi7RnJLtEHQ0we0AUFXAprYP7gJj7Cq2GuiCGb4="}
Node  4 +1 block finalized at time:  2022-11-28 17:52:08.703862018 +0000 UTC m=+32.362345856
replica 4 is forwarding chunk to replica 0
replica 4 is forwarding chunk to replica 1
replica 4 is forwarding chunk to replica 2
replica 4 is forwarding chunk to replica 3
replica 4 is forwarding chunk to replica 6
replica 4 is forwarding chunk to replica 7
replica 4 is forwarding chunk to replica 8
Decoded original proposal, time: 2022-11-28 17:52:10.348863802 +0000 UTC m=+34.007347669 header hash: [142 10 227 234 199 14 168 203 47 218 211 136 230 41 94 109 68 52 16 5 27 142 16 70 5 23 250 1 182 25 221 148]
2022-11-28T17:52:10.348Z	DEBUG	replica=4	coded-hotterstuff/consensus.go:576	received proposal	{"CURRENT VIEW": 5, "msg": "proposal", "header view": 5, "prepare view": 4, "hash": "jgrj6scOqMsv2tOI5ilebUQ0EAUbjhBGBRf6AbYZ3ZQ=", "parent": "8WqYPi7RnJLtEHQ0we0AUFXAprYP7gJj7Cq2GuiCGb4="}
replica 4 is forwarding chunk to replica 0
replica 4 is forwarding chunk to replica 1
replica 4 is forwarding chunk to replica 2
replica 4 is forwarding chunk to replica 3
replica 4 is forwarding chunk to replica 6
replica 4 is forwarding chunk to replica 7
replica 4 is forwarding chunk to replica 8
Decoded original proposal, time: 2022-11-28 17:52:11.767990382 +0000 UTC m=+35.426474275 header hash: [142 10 227 234 199 14 168 203 47 218 211 136 230 41 94 109 68 52 16 5 27 142 16 70 5 23 250 1 182 25 221 148]
2022-11-28T17:52:11.768Z	DEBUG	replica=4	coded-hotterstuff/consensus.go:576	received proposal	{"CURRENT VIEW": 5, "msg": "proposal", "header view": 5, "prepare view": 4, "hash": "jgrj6scOqMsv2tOI5ilebUQ0EAUbjhBGBRf6AbYZ3ZQ=", "parent": "8WqYPi7RnJLtEHQ0we0AUFXAprYP7gJj7Cq2GuiCGb4="}
replica 4 is forwarding chunk to replica 0
replica 4 is forwarding chunk to replica 1
replica 4 is forwarding chunk to replica 2
replica 4 is forwarding chunk to replica 3
replica 4 is forwarding chunk to replica 5
replica 4 is forwarding chunk to replica 7
replica 4 is forwarding chunk to replica 8
Decoded original proposal, time: 2022-11-28 17:52:19.290639314 +0000 UTC m=+42.949123177 header hash: [144 90 124 249 42 55 49 193 182 202 159 220 172 15 148 92 178 123 123 95 139 252 214 157 36 122 219 17 149 62 178 46]
2022-11-28T17:52:19.290Z	DEBUG	replica=4	coded-hotterstuff/consensus.go:576	received proposal	{"CURRENT VIEW": 5, "msg": "proposal", "header view": 6, "prepare view": 4, "hash": "kFp8+So3McG2yp/crA+UXLJ7e1+L/NadJHrbEZU+si4=", "parent": "jgrj6scOqMsv2tOI5ilebUQ0EAUbjhBGBRf6AbYZ3ZQ="}
2022-11-28T17:52:19.299Z	DEBUG	replica=4	coded-hotterstuff/consensus.go:809	new block certified	{"CURRENT VIEW": 5, "view": 5, "hash": "jgrj6scOqMsv2tOI5ilebUQ0EAUbjhBGBRf6AbYZ3ZQ="}
2022-11-28T17:52:19.299Z	DEBUG	replica=4	coded-hotterstuff/consensus.go:520	entered new view	{"CURRENT VIEW": 6, "view timeout": 2, "timedout": false}
2022-11-28T17:52:19.299Z	DEBUG	replica=4	coded-hotterstuff/consensus.go:788	new block locked	{"CURRENT VIEW": 6, "view": 4, "hash": "8WqYPi7RnJLtEHQ0we0AUFXAprYP7gJj7Cq2GuiCGb4="}
2022-11-28T17:52:19.299Z	INFO	replica=4	coded-hotterstuff/consensus.go:797	new block commited	{"CURRENT VIEW": 6, "view": 3, "hash": "cLFzFj8B5QK8hCmGW/OU2JuMGjA5BWSI/G1faUNJ6uM="}
2022-11-28T17:52:19.300Z	DEBUG	replica=4	coded-hotterstuff/consensus.go:678	proposal is safe to vote on	{"CURRENT VIEW": 5, "msg": "proposal", "header view": 6, "prepare view": 4, "hash": "kFp8+So3McG2yp/crA+UXLJ7e1+L/NadJHrbEZU+si4=", "parent": "jgrj6scOqMsv2tOI5ilebUQ0EAUbjhBGBRf6AbYZ3ZQ="}
Node  4 +1 block finalized at time:  2022-11-28 17:52:19.303104553 +0000 UTC m=+42.961588394
replica 4 is forwarding chunk to replica 0
replica 4 is forwarding chunk to replica 1
replica 4 is forwarding chunk to replica 2
replica 4 is forwarding chunk to replica 3
replica 4 is forwarding chunk to replica 5
replica 4 is forwarding chunk to replica 7
replica 4 is forwarding chunk to replica 8
replica 4 is forwarding chunk to replica 0
replica 4 is forwarding chunk to replica 1
replica 4 is forwarding chunk to replica 2
replica 4 is forwarding chunk to replica 3
replica 4 is forwarding chunk to replica 5
replica 4 is forwarding chunk to replica 7
replica 4 is forwarding chunk to replica 8
Decoded original proposal, time: 2022-11-28 17:52:21.319232662 +0000 UTC m=+44.977716557 header hash: [144 90 124 249 42 55 49 193 182 202 159 220 172 15 148 92 178 123 123 95 139 252 214 157 36 122 219 17 149 62 178 46]
2022-11-28T17:52:21.319Z	DEBUG	replica=4	coded-hotterstuff/consensus.go:576	received proposal	{"CURRENT VIEW": 6, "msg": "proposal", "header view": 6, "prepare view": 5, "hash": "kFp8+So3McG2yp/crA+UXLJ7e1+L/NadJHrbEZU+si4=", "parent": "jgrj6scOqMsv2tOI5ilebUQ0EAUbjhBGBRf6AbYZ3ZQ="}
Decoded original proposal, time: 2022-11-28 17:52:23.008163116 +0000 UTC m=+46.666647004 header hash: [144 90 124 249 42 55 49 193 182 202 159 220 172 15 148 92 178 123 123 95 139 252 214 157 36 122 219 17 149 62 178 46]
2022-11-28T17:52:23.008Z	DEBUG	replica=4	coded-hotterstuff/consensus.go:576	received proposal	{"CURRENT VIEW": 6, "msg": "proposal", "header view": 6, "prepare view": 5, "hash": "kFp8+So3McG2yp/crA+UXLJ7e1+L/NadJHrbEZU+si4=", "parent": "jgrj6scOqMsv2tOI5ilebUQ0EAUbjhBGBRf6AbYZ3ZQ="}
replica 4 is forwarding chunk to replica 0
replica 4 is forwarding chunk to replica 1
replica 4 is forwarding chunk to replica 2
replica 4 is forwarding chunk to replica 3
replica 4 is forwarding chunk to replica 5
replica 4 is forwarding chunk to replica 6
replica 4 is forwarding chunk to replica 8
Decoded original proposal, time: 2022-11-28 17:52:26.951546073 +0000 UTC m=+50.610029962 header hash: [82 186 70 5 171 170 163 31 242 237 216 214 91 95 174 96 9 56 150 120 198 10 139 98 230 188 67 131 78 157 60 15]
2022-11-28T17:52:26.951Z	DEBUG	replica=4	coded-hotterstuff/consensus.go:576	received proposal	{"CURRENT VIEW": 6, "msg": "proposal", "header view": 7, "prepare view": 5, "hash": "UrpGBauqox/y7djWW1+uYAk4lnjGCoti5rxDg06dPA8=", "parent": "kFp8+So3McG2yp/crA+UXLJ7e1+L/NadJHrbEZU+si4="}
2022-11-28T17:52:26.960Z	DEBUG	replica=4	coded-hotterstuff/consensus.go:809	new block certified	{"CURRENT VIEW": 6, "view": 6, "hash": "kFp8+So3McG2yp/crA+UXLJ7e1+L/NadJHrbEZU+si4="}
2022-11-28T17:52:26.960Z	DEBUG	replica=4	coded-hotterstuff/consensus.go:520	entered new view	{"CURRENT VIEW": 7, "view timeout": 2, "timedout": false}
2022-11-28T17:52:26.960Z	DEBUG	replica=4	coded-hotterstuff/consensus.go:788	new block locked	{"CURRENT VIEW": 7, "view": 5, "hash": "jgrj6scOqMsv2tOI5ilebUQ0EAUbjhBGBRf6AbYZ3ZQ="}
2022-11-28T17:52:26.960Z	INFO	replica=4	coded-hotterstuff/consensus.go:797	new block commited	{"CURRENT VIEW": 7, "view": 4, "hash": "8WqYPi7RnJLtEHQ0we0AUFXAprYP7gJj7Cq2GuiCGb4="}
2022-11-28T17:52:26.962Z	DEBUG	replica=4	coded-hotterstuff/consensus.go:678	proposal is safe to vote on	{"CURRENT VIEW": 6, "msg": "proposal", "header view": 7, "prepare view": 5, "hash": "UrpGBauqox/y7djWW1+uYAk4lnjGCoti5rxDg06dPA8=", "parent": "kFp8+So3McG2yp/crA+UXLJ7e1+L/NadJHrbEZU+si4="}
Node  4 +1 block finalized at time:  2022-11-28 17:52:26.965342777 +0000 UTC m=+50.623826612
replica 4 is forwarding chunk to replica 0
replica 4 is forwarding chunk to replica 1
replica 4 is forwarding chunk to replica 2
replica 4 is forwarding chunk to replica 3
replica 4 is forwarding chunk to replica 5
replica 4 is forwarding chunk to replica 6
replica 4 is forwarding chunk to replica 8
Decoded original proposal, time: 2022-11-28 17:52:28.478232456 +0000 UTC m=+52.136716334 header hash: [82 186 70 5 171 170 163 31 242 237 216 214 91 95 174 96 9 56 150 120 198 10 139 98 230 188 67 131 78 157 60 15]
2022-11-28T17:52:28.478Z	DEBUG	replica=4	coded-hotterstuff/consensus.go:576	received proposal	{"CURRENT VIEW": 7, "msg": "proposal", "header view": 7, "prepare view": 6, "hash": "UrpGBauqox/y7djWW1+uYAk4lnjGCoti5rxDg06dPA8=", "parent": "kFp8+So3McG2yp/crA+UXLJ7e1+L/NadJHrbEZU+si4="}
replica 4 is forwarding chunk to replica 0
replica 4 is forwarding chunk to replica 1
replica 4 is forwarding chunk to replica 2
replica 4 is forwarding chunk to replica 3
replica 4 is forwarding chunk to replica 5
replica 4 is forwarding chunk to replica 6
replica 4 is forwarding chunk to replica 8
Decoded original proposal, time: 2022-11-28 17:52:29.939654264 +0000 UTC m=+53.598138160 header hash: [82 186 70 5 171 170 163 31 242 237 216 214 91 95 174 96 9 56 150 120 198 10 139 98 230 188 67 131 78 157 60 15]
2022-11-28T17:52:29.939Z	DEBUG	replica=4	coded-hotterstuff/consensus.go:576	received proposal	{"CURRENT VIEW": 7, "msg": "proposal", "header view": 7, "prepare view": 6, "hash": "UrpGBauqox/y7djWW1+uYAk4lnjGCoti5rxDg06dPA8=", "parent": "kFp8+So3McG2yp/crA+UXLJ7e1+L/NadJHrbEZU+si4="}
replica 4 is forwarding chunk to replica 0
replica 4 is forwarding chunk to replica 1
replica 4 is forwarding chunk to replica 2
replica 4 is forwarding chunk to replica 3
replica 4 is forwarding chunk to replica 5
replica 4 is forwarding chunk to replica 6
replica 4 is forwarding chunk to replica 7
Decoded original proposal, time: 2022-11-28 17:52:35.086254063 +0000 UTC m=+58.744737913 header hash: [9 212 205 28 110 251 47 242 141 111 167 241 108 89 12 35 155 222 125 75 78 184 7 35 235 24 77 74 102 255 131 11]
2022-11-28T17:52:35.086Z	DEBUG	replica=4	coded-hotterstuff/consensus.go:576	received proposal	{"CURRENT VIEW": 7, "msg": "proposal", "header view": 8, "prepare view": 6, "hash": "CdTNHG77L/KNb6fxbFkMI5vefUtOuAcj6xhNSmb/gws=", "parent": "UrpGBauqox/y7djWW1+uYAk4lnjGCoti5rxDg06dPA8="}
2022-11-28T17:52:35.095Z	DEBUG	replica=4	coded-hotterstuff/consensus.go:809	new block certified	{"CURRENT VIEW": 7, "view": 7, "hash": "UrpGBauqox/y7djWW1+uYAk4lnjGCoti5rxDg06dPA8="}
2022-11-28T17:52:35.095Z	DEBUG	replica=4	coded-hotterstuff/consensus.go:520	entered new view	{"CURRENT VIEW": 8, "view timeout": 2, "timedout": false}
2022-11-28T17:52:35.095Z	DEBUG	replica=4	coded-hotterstuff/consensus.go:788	new block locked	{"CURRENT VIEW": 8, "view": 6, "hash": "kFp8+So3McG2yp/crA+UXLJ7e1+L/NadJHrbEZU+si4="}
2022-11-28T17:52:35.095Z	INFO	replica=4	coded-hotterstuff/consensus.go:797	new block commited	{"CURRENT VIEW": 8, "view": 5, "hash": "jgrj6scOqMsv2tOI5ilebUQ0EAUbjhBGBRf6AbYZ3ZQ="}
2022-11-28T17:52:35.096Z	DEBUG	replica=4	coded-hotterstuff/consensus.go:678	proposal is safe to vote on	{"CURRENT VIEW": 7, "msg": "proposal", "header view": 8, "prepare view": 6, "hash": "CdTNHG77L/KNb6fxbFkMI5vefUtOuAcj6xhNSmb/gws=", "parent": "UrpGBauqox/y7djWW1+uYAk4lnjGCoti5rxDg06dPA8="}
Node  4 +1 block finalized at time:  2022-11-28 17:52:35.09966318 +0000 UTC m=+58.758147024
replica 4 is forwarding chunk to replica 0
replica 4 is forwarding chunk to replica 1
replica 4 is forwarding chunk to replica 2
replica 4 is forwarding chunk to replica 3
replica 4 is forwarding chunk to replica 5
replica 4 is forwarding chunk to replica 6
replica 4 is forwarding chunk to replica 7
