Node index: 8
[10.0.1.0:9000 10.0.1.2:9001 10.0.1.4:9002 10.0.1.6:9003 10.0.1.8:9004 10.0.1.10:9005 10.0.1.12:9006 10.0.1.14:9007 10.0.1.16:9008]
node 8 initiating connection to 10.0.1.6:9003
node 8 successfully initiated connection to 10.0.1.6:9003
node 8 initiating connection to 10.0.1.0:9000
node 8 successfully initiated connection to 10.0.1.0:9000
node 8 initiating connection to 10.0.1.2:9001
node 8 successfully initiated connection to 10.0.1.2:9001
node 8 initiating connection to 10.0.1.4:9002
node 8 successfully initiated connection to 10.0.1.4:9002
node 8 initiating connection to 10.0.1.10:9005
node 8 successfully initiated connection to 10.0.1.10:9005
node 8 initiating connection to 10.0.1.8:9004
node 8 successfully initiated connection to 10.0.1.8:9004
node 8 initiating connection to 10.0.1.12:9006
node 8 successfully initiated connection to 10.0.1.12:9006
node 8 initiating connection to 10.0.1.14:9007
node 8 successfully initiated connection to 10.0.1.14:9007
connection established 8 - 2
Node  8 -->  Listening for messages... 
connection established 8 - 0
Node  8 -->  Listening for messages... 
connection established 8 - 3
Node  8 -->  Listening for messages... 
connection established 8 - 5
Node  8 -->  Listening for messages... 
connection established 8 - 4
Node  8 -->  Listening for messages... 
connection established 8 - 1
Node  8 -->  Listening for messages... 
connection established 8 - 6
Node  8 -->  Listening for messages... 
connection established 8 - 7
Node  8 -->  Listening for messages... 
2022-11-27T04:57:34.904Z	DEBUG	replica=8	coded-hotterstuff/consensus.go:520	entered new view	{"CURRENT VIEW": 1, "view timeout": 2, "timedout": false}
replica 8 is forwarding chunk to replica 0
replica 8 is forwarding chunk to replica 2
replica 8 is forwarding chunk to replica 3
replica 8 is forwarding chunk to replica 4
replica 8 is forwarding chunk to replica 5
replica 8 is forwarding chunk to replica 6
replica 8 is forwarding chunk to replica 7
Decoded original proposal, time: 2022-11-27 04:57:42.412383394 +0000 UTC m=+7.650360421 header hash: [72 160 180 233 149 231 108 139 103 97 149 83 197 114 214 128 107 110 76 231 61 205 42 18 190 82 86 133 4 78 235 255]
2022-11-27T04:57:42.412Z	DEBUG	replica=8	coded-hotterstuff/consensus.go:576	received proposal	{"CURRENT VIEW": 1, "msg": "proposal", "header view": 1, "prepare view": 0, "hash": "SKC06ZXnbItnYZVTxXLWgGtuTOc9zSoSvlJWhQRO6/8=", "parent": "GZWDhiYW+ib6TpJWRLDOftUd8y8ovAaEerQWDbefS7c="}
2022-11-27T04:57:42.420Z	DEBUG	replica=8	coded-hotterstuff/consensus.go:777	could not find gparent header	{"CURRENT VIEW": 1, "view": 0, "hash": "GZWDhiYW+ib6TpJWRLDOftUd8y8ovAaEerQWDbefS7c="}
2022-11-27T04:57:42.422Z	DEBUG	replica=8	coded-hotterstuff/consensus.go:678	proposal is safe to vote on	{"CURRENT VIEW": 1, "msg": "proposal", "header view": 1, "prepare view": 0, "hash": "SKC06ZXnbItnYZVTxXLWgGtuTOc9zSoSvlJWhQRO6/8=", "parent": "GZWDhiYW+ib6TpJWRLDOftUd8y8ovAaEerQWDbefS7c="}
replica 8 is forwarding chunk to replica 0
replica 8 is forwarding chunk to replica 1
replica 8 is forwarding chunk to replica 3
replica 8 is forwarding chunk to replica 4
replica 8 is forwarding chunk to replica 5
replica 8 is forwarding chunk to replica 6
replica 8 is forwarding chunk to replica 7
replica 8 is forwarding chunk to replica 0
replica 8 is forwarding chunk to replica 1
replica 8 is forwarding chunk to replica 3
replica 8 is forwarding chunk to replica 4
replica 8 is forwarding chunk to replica 5
replica 8 is forwarding chunk to replica 6
replica 8 is forwarding chunk to replica 7
Decoded original proposal, time: 2022-11-27 04:57:47.522909588 +0000 UTC m=+12.760886618 header hash: [112 240 93 77 174 234 64 155 158 20 106 227 158 234 134 149 230 112 20 24 127 150 17 128 149 69 129 124 42 247 80 171]
2022-11-27T04:57:47.522Z	DEBUG	replica=8	coded-hotterstuff/consensus.go:576	received proposal	{"CURRENT VIEW": 1, "msg": "proposal", "header view": 2, "prepare view": 0, "hash": "cPBdTa7qQJueFGrjnuqGleZwFBh/lhGAlUWBfCr3UKs=", "parent": "SKC06ZXnbItnYZVTxXLWgGtuTOc9zSoSvlJWhQRO6/8="}
2022-11-27T04:57:47.532Z	DEBUG	replica=8	coded-hotterstuff/consensus.go:809	new block certified	{"CURRENT VIEW": 1, "view": 1, "hash": "SKC06ZXnbItnYZVTxXLWgGtuTOc9zSoSvlJWhQRO6/8="}
2022-11-27T04:57:47.532Z	DEBUG	replica=8	coded-hotterstuff/consensus.go:520	entered new view	{"CURRENT VIEW": 2, "view timeout": 2, "timedout": false}
2022-11-27T04:57:47.532Z	DEBUG	replica=8	coded-hotterstuff/consensus.go:782	could not find ggparent header	{"CURRENT VIEW": 2, "view": 0, "hash": "GZWDhiYW+ib6TpJWRLDOftUd8y8ovAaEerQWDbefS7c="}
2022-11-27T04:57:47.535Z	DEBUG	replica=8	coded-hotterstuff/consensus.go:678	proposal is safe to vote on	{"CURRENT VIEW": 1, "msg": "proposal", "header view": 2, "prepare view": 0, "hash": "cPBdTa7qQJueFGrjnuqGleZwFBh/lhGAlUWBfCr3UKs=", "parent": "SKC06ZXnbItnYZVTxXLWgGtuTOc9zSoSvlJWhQRO6/8="}
replica 8 is forwarding chunk to replica 0
replica 8 is forwarding chunk to replica 1
replica 8 is forwarding chunk to replica 3
replica 8 is forwarding chunk to replica 4
replica 8 is forwarding chunk to replica 5
replica 8 is forwarding chunk to replica 6
replica 8 is forwarding chunk to replica 7
Decoded original proposal, time: 2022-11-27 04:57:49.508874414 +0000 UTC m=+14.746851446 header hash: [112 240 93 77 174 234 64 155 158 20 106 227 158 234 134 149 230 112 20 24 127 150 17 128 149 69 129 124 42 247 80 171]
2022-11-27T04:57:49.508Z	DEBUG	replica=8	coded-hotterstuff/consensus.go:576	received proposal	{"CURRENT VIEW": 2, "msg": "proposal", "header view": 2, "prepare view": 1, "hash": "cPBdTa7qQJueFGrjnuqGleZwFBh/lhGAlUWBfCr3UKs=", "parent": "SKC06ZXnbItnYZVTxXLWgGtuTOc9zSoSvlJWhQRO6/8="}
2022-11-27T04:57:49.517Z	DEBUG	replica=8	coded-hotterstuff/consensus.go:782	could not find ggparent header	{"CURRENT VIEW": 2, "view": 0, "hash": "GZWDhiYW+ib6TpJWRLDOftUd8y8ovAaEerQWDbefS7c="}
Decoded original proposal, time: 2022-11-27 04:57:51.404950224 +0000 UTC m=+16.642927301 header hash: [112 240 93 77 174 234 64 155 158 20 106 227 158 234 134 149 230 112 20 24 127 150 17 128 149 69 129 124 42 247 80 171]
2022-11-27T04:57:51.404Z	DEBUG	replica=8	coded-hotterstuff/consensus.go:576	received proposal	{"CURRENT VIEW": 2, "msg": "proposal", "header view": 2, "prepare view": 1, "hash": "cPBdTa7qQJueFGrjnuqGleZwFBh/lhGAlUWBfCr3UKs=", "parent": "SKC06ZXnbItnYZVTxXLWgGtuTOc9zSoSvlJWhQRO6/8="}
2022-11-27T04:57:51.412Z	DEBUG	replica=8	coded-hotterstuff/consensus.go:782	could not find ggparent header	{"CURRENT VIEW": 2, "view": 0, "hash": "GZWDhiYW+ib6TpJWRLDOftUd8y8ovAaEerQWDbefS7c="}
replica 8 is forwarding chunk to replica 0
replica 8 is forwarding chunk to replica 1
replica 8 is forwarding chunk to replica 2
replica 8 is forwarding chunk to replica 4
replica 8 is forwarding chunk to replica 5
replica 8 is forwarding chunk to replica 6
replica 8 is forwarding chunk to replica 7
replica 8 is forwarding chunk to replica 0
replica 8 is forwarding chunk to replica 1
replica 8 is forwarding chunk to replica 2
replica 8 is forwarding chunk to replica 4
replica 8 is forwarding chunk to replica 5
replica 8 is forwarding chunk to replica 6
replica 8 is forwarding chunk to replica 7
replica 8 is forwarding chunk to replica 0
replica 8 is forwarding chunk to replica 1
replica 8 is forwarding chunk to replica 2
replica 8 is forwarding chunk to replica 4
replica 8 is forwarding chunk to replica 5
replica 8 is forwarding chunk to replica 6
replica 8 is forwarding chunk to replica 7
Decoded original proposal, time: 2022-11-27 04:57:55.258953791 +0000 UTC m=+20.496930867 header hash: [112 177 115 22 63 1 229 2 188 132 41 134 91 243 148 216 155 140 26 48 57 5 100 136 252 109 95 105 67 73 234 227]
2022-11-27T04:57:55.258Z	DEBUG	replica=8	coded-hotterstuff/consensus.go:576	received proposal	{"CURRENT VIEW": 2, "msg": "proposal", "header view": 3, "prepare view": 1, "hash": "cLFzFj8B5QK8hCmGW/OU2JuMGjA5BWSI/G1faUNJ6uM=", "parent": "cPBdTa7qQJueFGrjnuqGleZwFBh/lhGAlUWBfCr3UKs="}
2022-11-27T04:57:55.268Z	DEBUG	replica=8	coded-hotterstuff/consensus.go:809	new block certified	{"CURRENT VIEW": 2, "view": 2, "hash": "cPBdTa7qQJueFGrjnuqGleZwFBh/lhGAlUWBfCr3UKs="}
2022-11-27T04:57:55.268Z	DEBUG	replica=8	coded-hotterstuff/consensus.go:520	entered new view	{"CURRENT VIEW": 3, "view timeout": 2, "timedout": false}
2022-11-27T04:57:55.268Z	DEBUG	replica=8	coded-hotterstuff/consensus.go:788	new block locked	{"CURRENT VIEW": 3, "view": 1, "hash": "SKC06ZXnbItnYZVTxXLWgGtuTOc9zSoSvlJWhQRO6/8="}
2022-11-27T04:57:55.270Z	DEBUG	replica=8	coded-hotterstuff/consensus.go:678	proposal is safe to vote on	{"CURRENT VIEW": 2, "msg": "proposal", "header view": 3, "prepare view": 1, "hash": "cLFzFj8B5QK8hCmGW/OU2JuMGjA5BWSI/G1faUNJ6uM=", "parent": "cPBdTa7qQJueFGrjnuqGleZwFBh/lhGAlUWBfCr3UKs="}
Decoded original proposal, time: 2022-11-27 04:57:57.223275552 +0000 UTC m=+22.461252580 header hash: [112 177 115 22 63 1 229 2 188 132 41 134 91 243 148 216 155 140 26 48 57 5 100 136 252 109 95 105 67 73 234 227]
2022-11-27T04:57:57.223Z	DEBUG	replica=8	coded-hotterstuff/consensus.go:576	received proposal	{"CURRENT VIEW": 3, "msg": "proposal", "header view": 3, "prepare view": 2, "hash": "cLFzFj8B5QK8hCmGW/OU2JuMGjA5BWSI/G1faUNJ6uM=", "parent": "cPBdTa7qQJueFGrjnuqGleZwFBh/lhGAlUWBfCr3UKs="}
Decoded original proposal, time: 2022-11-27 04:58:00.13829698 +0000 UTC m=+25.376274054 header hash: [112 177 115 22 63 1 229 2 188 132 41 134 91 243 148 216 155 140 26 48 57 5 100 136 252 109 95 105 67 73 234 227]
2022-11-27T04:58:00.138Z	DEBUG	replica=8	coded-hotterstuff/consensus.go:576	received proposal	{"CURRENT VIEW": 3, "msg": "proposal", "header view": 3, "prepare view": 2, "hash": "cLFzFj8B5QK8hCmGW/OU2JuMGjA5BWSI/G1faUNJ6uM=", "parent": "cPBdTa7qQJueFGrjnuqGleZwFBh/lhGAlUWBfCr3UKs="}
replica 8 is forwarding chunk to replica 0
replica 8 is forwarding chunk to replica 1
replica 8 is forwarding chunk to replica 2
replica 8 is forwarding chunk to replica 3
replica 8 is forwarding chunk to replica 5
replica 8 is forwarding chunk to replica 6
replica 8 is forwarding chunk to replica 7
Decoded original proposal, time: 2022-11-27 04:58:03.258241712 +0000 UTC m=+28.496218762 header hash: [241 106 152 62 46 209 156 146 237 16 116 52 193 237 0 80 85 192 166 182 15 238 2 99 236 42 182 26 232 130 25 190]
2022-11-27T04:58:03.258Z	DEBUG	replica=8	coded-hotterstuff/consensus.go:576	received proposal	{"CURRENT VIEW": 3, "msg": "proposal", "header view": 4, "prepare view": 2, "hash": "8WqYPi7RnJLtEHQ0we0AUFXAprYP7gJj7Cq2GuiCGb4=", "parent": "cLFzFj8B5QK8hCmGW/OU2JuMGjA5BWSI/G1faUNJ6uM="}
2022-11-27T04:58:03.268Z	DEBUG	replica=8	coded-hotterstuff/consensus.go:809	new block certified	{"CURRENT VIEW": 3, "view": 3, "hash": "cLFzFj8B5QK8hCmGW/OU2JuMGjA5BWSI/G1faUNJ6uM="}
2022-11-27T04:58:03.268Z	DEBUG	replica=8	coded-hotterstuff/consensus.go:520	entered new view	{"CURRENT VIEW": 4, "view timeout": 2, "timedout": false}
2022-11-27T04:58:03.268Z	DEBUG	replica=8	coded-hotterstuff/consensus.go:788	new block locked	{"CURRENT VIEW": 4, "view": 2, "hash": "cPBdTa7qQJueFGrjnuqGleZwFBh/lhGAlUWBfCr3UKs="}
2022-11-27T04:58:03.268Z	INFO	replica=8	coded-hotterstuff/consensus.go:797	new block commited	{"CURRENT VIEW": 4, "view": 1, "hash": "SKC06ZXnbItnYZVTxXLWgGtuTOc9zSoSvlJWhQRO6/8="}
2022-11-27T04:58:03.269Z	DEBUG	replica=8	coded-hotterstuff/consensus.go:678	proposal is safe to vote on	{"CURRENT VIEW": 3, "msg": "proposal", "header view": 4, "prepare view": 2, "hash": "8WqYPi7RnJLtEHQ0we0AUFXAprYP7gJj7Cq2GuiCGb4=", "parent": "cLFzFj8B5QK8hCmGW/OU2JuMGjA5BWSI/G1faUNJ6uM="}
Node  8 +1 block finalized at time:  2022-11-27 04:58:03.27229326 +0000 UTC m=+28.510270277
replica 8 is forwarding chunk to replica 0
replica 8 is forwarding chunk to replica 1
replica 8 is forwarding chunk to replica 2
replica 8 is forwarding chunk to replica 3
replica 8 is forwarding chunk to replica 5
replica 8 is forwarding chunk to replica 6
replica 8 is forwarding chunk to replica 7
replica 8 is forwarding chunk to replica 0
replica 8 is forwarding chunk to replica 1
replica 8 is forwarding chunk to replica 2
replica 8 is forwarding chunk to replica 3
replica 8 is forwarding chunk to replica 5
replica 8 is forwarding chunk to replica 6
replica 8 is forwarding chunk to replica 7
Decoded original proposal, time: 2022-11-27 04:58:05.571472753 +0000 UTC m=+30.809449788 header hash: [241 106 152 62 46 209 156 146 237 16 116 52 193 237 0 80 85 192 166 182 15 238 2 99 236 42 182 26 232 130 25 190]
2022-11-27T04:58:05.571Z	DEBUG	replica=8	coded-hotterstuff/consensus.go:576	received proposal	{"CURRENT VIEW": 4, "msg": "proposal", "header view": 4, "prepare view": 3, "hash": "8WqYPi7RnJLtEHQ0we0AUFXAprYP7gJj7Cq2GuiCGb4=", "parent": "cLFzFj8B5QK8hCmGW/OU2JuMGjA5BWSI/G1faUNJ6uM="}
Decoded original proposal, time: 2022-11-27 04:58:07.561504339 +0000 UTC m=+32.799481418 header hash: [241 106 152 62 46 209 156 146 237 16 116 52 193 237 0 80 85 192 166 182 15 238 2 99 236 42 182 26 232 130 25 190]
2022-11-27T04:58:07.561Z	DEBUG	replica=8	coded-hotterstuff/consensus.go:576	received proposal	{"CURRENT VIEW": 4, "msg": "proposal", "header view": 4, "prepare view": 3, "hash": "8WqYPi7RnJLtEHQ0we0AUFXAprYP7gJj7Cq2GuiCGb4=", "parent": "cLFzFj8B5QK8hCmGW/OU2JuMGjA5BWSI/G1faUNJ6uM="}
replica 8 is forwarding chunk to replica 0
replica 8 is forwarding chunk to replica 1
replica 8 is forwarding chunk to replica 2
replica 8 is forwarding chunk to replica 3
replica 8 is forwarding chunk to replica 4
replica 8 is forwarding chunk to replica 6
replica 8 is forwarding chunk to replica 7
replica 8 is forwarding chunk to replica 0
replica 8 is forwarding chunk to replica 1
replica 8 is forwarding chunk to replica 2
replica 8 is forwarding chunk to replica 3
replica 8 is forwarding chunk to replica 4
replica 8 is forwarding chunk to replica 6
replica 8 is forwarding chunk to replica 7
Decoded original proposal, time: 2022-11-27 04:58:09.969710002 +0000 UTC m=+35.207687032 header hash: [142 10 227 234 199 14 168 203 47 218 211 136 230 41 94 109 68 52 16 5 27 142 16 70 5 23 250 1 182 25 221 148]
2022-11-27T04:58:09.969Z	DEBUG	replica=8	coded-hotterstuff/consensus.go:576	received proposal	{"CURRENT VIEW": 4, "msg": "proposal", "header view": 5, "prepare view": 3, "hash": "jgrj6scOqMsv2tOI5ilebUQ0EAUbjhBGBRf6AbYZ3ZQ=", "parent": "8WqYPi7RnJLtEHQ0we0AUFXAprYP7gJj7Cq2GuiCGb4="}
2022-11-27T04:58:09.978Z	DEBUG	replica=8	coded-hotterstuff/consensus.go:809	new block certified	{"CURRENT VIEW": 4, "view": 4, "hash": "8WqYPi7RnJLtEHQ0we0AUFXAprYP7gJj7Cq2GuiCGb4="}
2022-11-27T04:58:09.978Z	DEBUG	replica=8	coded-hotterstuff/consensus.go:520	entered new view	{"CURRENT VIEW": 5, "view timeout": 2, "timedout": false}
2022-11-27T04:58:09.978Z	DEBUG	replica=8	coded-hotterstuff/consensus.go:788	new block locked	{"CURRENT VIEW": 5, "view": 3, "hash": "cLFzFj8B5QK8hCmGW/OU2JuMGjA5BWSI/G1faUNJ6uM="}
2022-11-27T04:58:09.978Z	INFO	replica=8	coded-hotterstuff/consensus.go:797	new block commited	{"CURRENT VIEW": 5, "view": 2, "hash": "cPBdTa7qQJueFGrjnuqGleZwFBh/lhGAlUWBfCr3UKs="}
2022-11-27T04:58:09.980Z	DEBUG	replica=8	coded-hotterstuff/consensus.go:678	proposal is safe to vote on	{"CURRENT VIEW": 4, "msg": "proposal", "header view": 5, "prepare view": 3, "hash": "jgrj6scOqMsv2tOI5ilebUQ0EAUbjhBGBRf6AbYZ3ZQ=", "parent": "8WqYPi7RnJLtEHQ0we0AUFXAprYP7gJj7Cq2GuiCGb4="}
Node  8 +1 block finalized at time:  2022-11-27 04:58:09.983452835 +0000 UTC m=+35.221429855
replica 8 is forwarding chunk to replica 0
replica 8 is forwarding chunk to replica 1
replica 8 is forwarding chunk to replica 2
replica 8 is forwarding chunk to replica 3
replica 8 is forwarding chunk to replica 4
replica 8 is forwarding chunk to replica 6
replica 8 is forwarding chunk to replica 7
Decoded original proposal, time: 2022-11-27 04:58:11.772922086 +0000 UTC m=+37.010899164 header hash: [142 10 227 234 199 14 168 203 47 218 211 136 230 41 94 109 68 52 16 5 27 142 16 70 5 23 250 1 182 25 221 148]
2022-11-27T04:58:11.772Z	DEBUG	replica=8	coded-hotterstuff/consensus.go:576	received proposal	{"CURRENT VIEW": 5, "msg": "proposal", "header view": 5, "prepare view": 4, "hash": "jgrj6scOqMsv2tOI5ilebUQ0EAUbjhBGBRf6AbYZ3ZQ=", "parent": "8WqYPi7RnJLtEHQ0we0AUFXAprYP7gJj7Cq2GuiCGb4="}
replica 8 is forwarding chunk to replica 0
replica 8 is forwarding chunk to replica 1
replica 8 is forwarding chunk to replica 2
replica 8 is forwarding chunk to replica 3
replica 8 is forwarding chunk to replica 4
replica 8 is forwarding chunk to replica 5
replica 8 is forwarding chunk to replica 7
Decoded original proposal, time: 2022-11-27 04:58:14.795939027 +0000 UTC m=+40.033916107 header hash: [142 10 227 234 199 14 168 203 47 218 211 136 230 41 94 109 68 52 16 5 27 142 16 70 5 23 250 1 182 25 221 148]
2022-11-27T04:58:14.795Z	DEBUG	replica=8	coded-hotterstuff/consensus.go:576	received proposal	{"CURRENT VIEW": 5, "msg": "proposal", "header view": 5, "prepare view": 4, "hash": "jgrj6scOqMsv2tOI5ilebUQ0EAUbjhBGBRf6AbYZ3ZQ=", "parent": "8WqYPi7RnJLtEHQ0we0AUFXAprYP7gJj7Cq2GuiCGb4="}
replica 8 is forwarding chunk to replica 0
replica 8 is forwarding chunk to replica 1
replica 8 is forwarding chunk to replica 2
replica 8 is forwarding chunk to replica 3
replica 8 is forwarding chunk to replica 4
replica 8 is forwarding chunk to replica 5
replica 8 is forwarding chunk to replica 7
replica 8 is forwarding chunk to replica 0
replica 8 is forwarding chunk to replica 1
replica 8 is forwarding chunk to replica 2
replica 8 is forwarding chunk to replica 3
replica 8 is forwarding chunk to replica 4
replica 8 is forwarding chunk to replica 5
replica 8 is forwarding chunk to replica 7
Decoded original proposal, time: 2022-11-27 04:58:17.784499828 +0000 UTC m=+43.022476905 header hash: [144 90 124 249 42 55 49 193 182 202 159 220 172 15 148 92 178 123 123 95 139 252 214 157 36 122 219 17 149 62 178 46]
2022-11-27T04:58:17.784Z	DEBUG	replica=8	coded-hotterstuff/consensus.go:576	received proposal	{"CURRENT VIEW": 5, "msg": "proposal", "header view": 6, "prepare view": 4, "hash": "kFp8+So3McG2yp/crA+UXLJ7e1+L/NadJHrbEZU+si4=", "parent": "jgrj6scOqMsv2tOI5ilebUQ0EAUbjhBGBRf6AbYZ3ZQ="}
2022-11-27T04:58:17.793Z	DEBUG	replica=8	coded-hotterstuff/consensus.go:809	new block certified	{"CURRENT VIEW": 5, "view": 5, "hash": "jgrj6scOqMsv2tOI5ilebUQ0EAUbjhBGBRf6AbYZ3ZQ="}
2022-11-27T04:58:17.793Z	DEBUG	replica=8	coded-hotterstuff/consensus.go:520	entered new view	{"CURRENT VIEW": 6, "view timeout": 2, "timedout": false}
2022-11-27T04:58:17.794Z	DEBUG	replica=8	coded-hotterstuff/consensus.go:788	new block locked	{"CURRENT VIEW": 6, "view": 4, "hash": "8WqYPi7RnJLtEHQ0we0AUFXAprYP7gJj7Cq2GuiCGb4="}
2022-11-27T04:58:17.794Z	INFO	replica=8	coded-hotterstuff/consensus.go:797	new block commited	{"CURRENT VIEW": 6, "view": 3, "hash": "cLFzFj8B5QK8hCmGW/OU2JuMGjA5BWSI/G1faUNJ6uM="}
2022-11-27T04:58:17.795Z	DEBUG	replica=8	coded-hotterstuff/consensus.go:678	proposal is safe to vote on	{"CURRENT VIEW": 5, "msg": "proposal", "header view": 6, "prepare view": 4, "hash": "kFp8+So3McG2yp/crA+UXLJ7e1+L/NadJHrbEZU+si4=", "parent": "jgrj6scOqMsv2tOI5ilebUQ0EAUbjhBGBRf6AbYZ3ZQ="}
Node  8 +1 block finalized at time:  2022-11-27 04:58:17.797431084 +0000 UTC m=+43.035408109
replica 8 is forwarding chunk to replica 0
replica 8 is forwarding chunk to replica 1
replica 8 is forwarding chunk to replica 2
replica 8 is forwarding chunk to replica 3
replica 8 is forwarding chunk to replica 4
replica 8 is forwarding chunk to replica 5
replica 8 is forwarding chunk to replica 6
2022-11-27T04:58:18.871Z	DEBUG	replica=8	coded-hotterstuff/consensus.go:965	received vote	{"CURRENT VIEW": 6, "msg": "vote", "voter": 7, "view": 6, "hash": "UrpGBauqox/y7djWW1+uYAk4lnjGCoti5rxDg06dPA8="}
Node  8  received vote before proposal, saving vote in pending votes, hash is  [82 186 70 5 171 170 163 31 242 237 216 214 91 95 174 96 9 56 150 120 198 10 139 98 230 188 67 131 78 157 60 15]  and string is,  7
2022-11-27T04:58:18.871Z	DEBUG	replica=8	coded-hotterstuff/consensus.go:970	Received vote before proposal, key is, 7	{"CURRENT VIEW": 6}
replica 8 is forwarding chunk to replica 0
replica 8 is forwarding chunk to replica 1
replica 8 is forwarding chunk to replica 2
replica 8 is forwarding chunk to replica 3
replica 8 is forwarding chunk to replica 4
replica 8 is forwarding chunk to replica 5
replica 8 is forwarding chunk to replica 6
replica 8 is forwarding chunk to replica 0
replica 8 is forwarding chunk to replica 1
replica 8 is forwarding chunk to replica 2
replica 8 is forwarding chunk to replica 3
replica 8 is forwarding chunk to replica 4
replica 8 is forwarding chunk to replica 5
replica 8 is forwarding chunk to replica 6
2022-11-27T04:58:22.152Z	DEBUG	replica=8	coded-hotterstuff/consensus.go:965	received vote	{"CURRENT VIEW": 6, "msg": "vote", "voter": 6, "view": 6, "hash": "UrpGBauqox/y7djWW1+uYAk4lnjGCoti5rxDg06dPA8="}
Decoded original proposal, time: 2022-11-27 04:58:22.15903942 +0000 UTC m=+47.397016497 header hash: [144 90 124 249 42 55 49 193 182 202 159 220 172 15 148 92 178 123 123 95 139 252 214 157 36 122 219 17 149 62 178 46]
2022-11-27T04:58:22.159Z	DEBUG	replica=8	coded-hotterstuff/consensus.go:576	received proposal	{"CURRENT VIEW": 6, "msg": "proposal", "header view": 6, "prepare view": 5, "hash": "kFp8+So3McG2yp/crA+UXLJ7e1+L/NadJHrbEZU+si4=", "parent": "jgrj6scOqMsv2tOI5ilebUQ0EAUbjhBGBRf6AbYZ3ZQ="}
2022-11-27T04:58:22.730Z	DEBUG	replica=8	coded-hotterstuff/consensus.go:965	received vote	{"CURRENT VIEW": 6, "msg": "vote", "voter": 3, "view": 6, "hash": "UrpGBauqox/y7djWW1+uYAk4lnjGCoti5rxDg06dPA8="}
Decoded original proposal, time: 2022-11-27 04:58:23.685675779 +0000 UTC m=+48.923652857 header hash: [82 186 70 5 171 170 163 31 242 237 216 214 91 95 174 96 9 56 150 120 198 10 139 98 230 188 67 131 78 157 60 15]
2022-11-27T04:58:23.685Z	DEBUG	replica=8	coded-hotterstuff/consensus.go:576	received proposal	{"CURRENT VIEW": 6, "msg": "proposal", "header view": 7, "prepare view": 5, "hash": "UrpGBauqox/y7djWW1+uYAk4lnjGCoti5rxDg06dPA8=", "parent": "kFp8+So3McG2yp/crA+UXLJ7e1+L/NadJHrbEZU+si4="}
2022-11-27T04:58:23.694Z	DEBUG	replica=8	coded-hotterstuff/consensus.go:809	new block certified	{"CURRENT VIEW": 6, "view": 6, "hash": "kFp8+So3McG2yp/crA+UXLJ7e1+L/NadJHrbEZU+si4="}
2022-11-27T04:58:23.694Z	DEBUG	replica=8	coded-hotterstuff/consensus.go:520	entered new view	{"CURRENT VIEW": 7, "view timeout": 2, "timedout": false}
2022-11-27T04:58:23.694Z	DEBUG	replica=8	coded-hotterstuff/consensus.go:535	replica is a leader for next view. collecting new-view messages	{"CURRENT VIEW": 7}
2022-11-27T04:58:23.694Z	DEBUG	replica=8	coded-hotterstuff/consensus.go:788	new block locked	{"CURRENT VIEW": 7, "view": 5, "hash": "jgrj6scOqMsv2tOI5ilebUQ0EAUbjhBGBRf6AbYZ3ZQ="}
2022-11-27T04:58:23.694Z	INFO	replica=8	coded-hotterstuff/consensus.go:797	new block commited	{"CURRENT VIEW": 7, "view": 4, "hash": "8WqYPi7RnJLtEHQ0we0AUFXAprYP7gJj7Cq2GuiCGb4="}
2022-11-27T04:58:23.695Z	DEBUG	replica=8	coded-hotterstuff/consensus.go:678	proposal is safe to vote on	{"CURRENT VIEW": 6, "msg": "proposal", "header view": 7, "prepare view": 5, "hash": "UrpGBauqox/y7djWW1+uYAk4lnjGCoti5rxDg06dPA8=", "parent": "kFp8+So3McG2yp/crA+UXLJ7e1+L/NadJHrbEZU+si4="}
2022-11-27T04:58:23.695Z	DEBUG	replica=8	coded-hotterstuff/consensus.go:758	Taking care of pending vote 7	{"CURRENT VIEW": 7}
2022-11-27T04:58:23.695Z	DEBUG	replica=8	coded-hotterstuff/consensus.go:965	received vote	{"CURRENT VIEW": 7, "msg": "vote", "voter": 7, "view": 7, "hash": "UrpGBauqox/y7djWW1+uYAk4lnjGCoti5rxDg06dPA8="}
2022-11-27T04:58:23.699Z	DEBUG	replica=8	coded-hotterstuff/consensus.go:758	Taking care of pending vote 7	{"CURRENT VIEW": 7}
2022-11-27T04:58:23.699Z	DEBUG	replica=8	coded-hotterstuff/consensus.go:965	received vote	{"CURRENT VIEW": 7, "msg": "vote", "voter": 6, "view": 7, "hash": "UrpGBauqox/y7djWW1+uYAk4lnjGCoti5rxDg06dPA8="}
2022-11-27T04:58:23.705Z	DEBUG	replica=8	coded-hotterstuff/consensus.go:758	Taking care of pending vote 7	{"CURRENT VIEW": 7}
2022-11-27T04:58:23.705Z	DEBUG	replica=8	coded-hotterstuff/consensus.go:965	received vote	{"CURRENT VIEW": 7, "msg": "vote", "voter": 3, "view": 7, "hash": "UrpGBauqox/y7djWW1+uYAk4lnjGCoti5rxDg06dPA8="}
2022-11-27T04:58:23.714Z	DEBUG	replica=8	coded-hotterstuff/consensus.go:965	received vote	{"CURRENT VIEW": 7, "msg": "vote", "voter": 8, "view": 7, "hash": "UrpGBauqox/y7djWW1+uYAk4lnjGCoti5rxDg06dPA8="}
Node  8 +1 block finalized at time:  2022-11-27 04:58:23.720080113 +0000 UTC m=+48.958057136
Decoded original proposal, time: 2022-11-27 04:58:24.861698421 +0000 UTC m=+50.099675507 header hash: [144 90 124 249 42 55 49 193 182 202 159 220 172 15 148 92 178 123 123 95 139 252 214 157 36 122 219 17 149 62 178 46]
2022-11-27T04:58:24.861Z	DEBUG	replica=8	coded-hotterstuff/consensus.go:576	received proposal	{"CURRENT VIEW": 7, "msg": "proposal", "header view": 6, "prepare view": 6, "hash": "kFp8+So3McG2yp/crA+UXLJ7e1+L/NadJHrbEZU+si4=", "parent": "jgrj6scOqMsv2tOI5ilebUQ0EAUbjhBGBRf6AbYZ3ZQ="}
2022-11-27T04:58:24.870Z	DEBUG	replica=8	coded-hotterstuff/consensus.go:667	proposal view doesn't match local view	{"CURRENT VIEW": 7, "msg": "proposal", "header view": 6, "prepare view": 6, "hash": "kFp8+So3McG2yp/crA+UXLJ7e1+L/NadJHrbEZU+si4=", "parent": "jgrj6scOqMsv2tOI5ilebUQ0EAUbjhBGBRf6AbYZ3ZQ="}
2022-11-27T04:58:24.953Z	DEBUG	replica=8	coded-hotterstuff/consensus.go:965	received vote	{"CURRENT VIEW": 7, "msg": "vote", "voter": 5, "view": 7, "hash": "UrpGBauqox/y7djWW1+uYAk4lnjGCoti5rxDg06dPA8="}
2022-11-27T04:58:26.034Z	DEBUG	replica=8	coded-hotterstuff/consensus.go:965	received vote	{"CURRENT VIEW": 7, "msg": "vote", "voter": 0, "view": 7, "hash": "UrpGBauqox/y7djWW1+uYAk4lnjGCoti5rxDg06dPA8="}
Decoded original proposal, time: 2022-11-27 04:58:26.205678039 +0000 UTC m=+51.443655124 header hash: [82 186 70 5 171 170 163 31 242 237 216 214 91 95 174 96 9 56 150 120 198 10 139 98 230 188 67 131 78 157 60 15]
2022-11-27T04:58:26.205Z	DEBUG	replica=8	coded-hotterstuff/consensus.go:576	received proposal	{"CURRENT VIEW": 7, "msg": "proposal", "header view": 7, "prepare view": 6, "hash": "UrpGBauqox/y7djWW1+uYAk4lnjGCoti5rxDg06dPA8=", "parent": "kFp8+So3McG2yp/crA+UXLJ7e1+L/NadJHrbEZU+si4="}
2022-11-27T04:58:26.214Z	DEBUG	replica=8	coded-hotterstuff/consensus.go:965	received vote	{"CURRENT VIEW": 7, "msg": "vote", "voter": 2, "view": 7, "hash": "UrpGBauqox/y7djWW1+uYAk4lnjGCoti5rxDg06dPA8="}
2022-11-27T04:58:26.221Z	DEBUG	replica=8	coded-hotterstuff/consensus.go:809	new block certified	{"CURRENT VIEW": 7, "view": 7, "hash": "UrpGBauqox/y7djWW1+uYAk4lnjGCoti5rxDg06dPA8="}
2022-11-27T04:58:26.221Z	DEBUG	replica=8	coded-hotterstuff/consensus.go:520	entered new view	{"CURRENT VIEW": 8, "view timeout": 2, "timedout": false}
2022-11-27T04:58:26.221Z	DEBUG	replica=8	coded-hotterstuff/consensus.go:544	replica is a leader for this view. waiting for data	{"CURRENT VIEW": 8}
2022-11-27T04:58:26.221Z	DEBUG	replica=8	coded-hotterstuff/consensus.go:520	entered new view	{"CURRENT VIEW": 8, "view timeout": 2, "timedout": false}
2022-11-27T04:58:26.221Z	DEBUG	replica=8	coded-hotterstuff/consensus.go:544	replica is a leader for this view. waiting for data	{"CURRENT VIEW": 8}
2022-11-27T04:58:26.225Z	DEBUG	replica=8	coded-hotterstuff/consensus.go:238	sending proposal	{"CURRENT VIEW": 8, "hash": "CdTNHG77L/KNb6fxbFkMI5vefUtOuAcj6xhNSmb/gws=", "parent": "UrpGBauqox/y7djWW1+uYAk4lnjGCoti5rxDg06dPA8=", "signer": 8}
2022-11-27T04:58:26.226Z	DEBUG	replica=8	coded-hotterstuff/consensus.go:576	received proposal	{"CURRENT VIEW": 8, "msg": "proposal", "header view": 8, "prepare view": 7, "hash": "CdTNHG77L/KNb6fxbFkMI5vefUtOuAcj6xhNSmb/gws=", "parent": "UrpGBauqox/y7djWW1+uYAk4lnjGCoti5rxDg06dPA8="}
2022-11-27T04:58:26.236Z	DEBUG	replica=8	coded-hotterstuff/consensus.go:788	new block locked	{"CURRENT VIEW": 8, "view": 6, "hash": "kFp8+So3McG2yp/crA+UXLJ7e1+L/NadJHrbEZU+si4="}
2022-11-27T04:58:26.236Z	INFO	replica=8	coded-hotterstuff/consensus.go:797	new block commited	{"CURRENT VIEW": 8, "view": 5, "hash": "jgrj6scOqMsv2tOI5ilebUQ0EAUbjhBGBRf6AbYZ3ZQ="}
2022-11-27T04:58:26.239Z	DEBUG	replica=8	coded-hotterstuff/consensus.go:678	proposal is safe to vote on	{"CURRENT VIEW": 8, "msg": "proposal", "header view": 8, "prepare view": 7, "hash": "CdTNHG77L/KNb6fxbFkMI5vefUtOuAcj6xhNSmb/gws=", "parent": "UrpGBauqox/y7djWW1+uYAk4lnjGCoti5rxDg06dPA8="}
Node  8 +1 block finalized at time:  2022-11-27 04:58:26.241902962 +0000 UTC m=+51.479879989
2022-11-27T04:58:28.268Z	DEBUG	replica=8	coded-hotterstuff/consensus.go:965	received vote	{"CURRENT VIEW": 8, "msg": "vote", "voter": 1, "view": 8, "hash": "UrpGBauqox/y7djWW1+uYAk4lnjGCoti5rxDg06dPA8="}
2022-11-27T04:58:28.274Z	DEBUG	replica=8	coded-hotterstuff/consensus.go:520	entered new view	{"CURRENT VIEW": 8, "view timeout": 2, "timedout": false}
2022-11-27T04:58:28.274Z	DEBUG	replica=8	coded-hotterstuff/consensus.go:544	replica is a leader for this view. waiting for data	{"CURRENT VIEW": 8}
2022-11-27T04:58:28.277Z	DEBUG	replica=8	coded-hotterstuff/consensus.go:238	sending proposal	{"CURRENT VIEW": 8, "hash": "CdTNHG77L/KNb6fxbFkMI5vefUtOuAcj6xhNSmb/gws=", "parent": "UrpGBauqox/y7djWW1+uYAk4lnjGCoti5rxDg06dPA8=", "signer": 8}
2022-11-27T04:58:28.278Z	DEBUG	replica=8	coded-hotterstuff/consensus.go:576	received proposal	{"CURRENT VIEW": 8, "msg": "proposal", "header view": 8, "prepare view": 7, "hash": "CdTNHG77L/KNb6fxbFkMI5vefUtOuAcj6xhNSmb/gws=", "parent": "UrpGBauqox/y7djWW1+uYAk4lnjGCoti5rxDg06dPA8="}
2022-11-27T04:58:28.562Z	DEBUG	replica=8	coded-hotterstuff/consensus.go:965	received vote	{"CURRENT VIEW": 8, "msg": "vote", "voter": 4, "view": 8, "hash": "UrpGBauqox/y7djWW1+uYAk4lnjGCoti5rxDg06dPA8="}
2022-11-27T04:58:28.567Z	DEBUG	replica=8	coded-hotterstuff/consensus.go:520	entered new view	{"CURRENT VIEW": 8, "view timeout": 2, "timedout": false}
2022-11-27T04:58:28.567Z	DEBUG	replica=8	coded-hotterstuff/consensus.go:544	replica is a leader for this view. waiting for data	{"CURRENT VIEW": 8}
2022-11-27T04:58:28.572Z	DEBUG	replica=8	coded-hotterstuff/consensus.go:238	sending proposal	{"CURRENT VIEW": 8, "hash": "CdTNHG77L/KNb6fxbFkMI5vefUtOuAcj6xhNSmb/gws=", "parent": "UrpGBauqox/y7djWW1+uYAk4lnjGCoti5rxDg06dPA8=", "signer": 8}
2022-11-27T04:58:28.573Z	DEBUG	replica=8	coded-hotterstuff/consensus.go:576	received proposal	{"CURRENT VIEW": 8, "msg": "proposal", "header view": 8, "prepare view": 7, "hash": "CdTNHG77L/KNb6fxbFkMI5vefUtOuAcj6xhNSmb/gws=", "parent": "UrpGBauqox/y7djWW1+uYAk4lnjGCoti5rxDg06dPA8="}
Decoded original proposal, time: 2022-11-27 04:58:28.720539362 +0000 UTC m=+53.958516437 header hash: [82 186 70 5 171 170 163 31 242 237 216 214 91 95 174 96 9 56 150 120 198 10 139 98 230 188 67 131 78 157 60 15]
2022-11-27T04:58:28.720Z	DEBUG	replica=8	coded-hotterstuff/consensus.go:576	received proposal	{"CURRENT VIEW": 8, "msg": "proposal", "header view": 7, "prepare view": 7, "hash": "UrpGBauqox/y7djWW1+uYAk4lnjGCoti5rxDg06dPA8=", "parent": "kFp8+So3McG2yp/crA+UXLJ7e1+L/NadJHrbEZU+si4="}
2022-11-27T04:58:28.728Z	DEBUG	replica=8	coded-hotterstuff/consensus.go:667	proposal view doesn't match local view	{"CURRENT VIEW": 8, "msg": "proposal", "header view": 7, "prepare view": 7, "hash": "UrpGBauqox/y7djWW1+uYAk4lnjGCoti5rxDg06dPA8=", "parent": "kFp8+So3McG2yp/crA+UXLJ7e1+L/NadJHrbEZU+si4="}
replica 8 is forwarding chunk to replica 1
replica 8 is forwarding chunk to replica 2
replica 8 is forwarding chunk to replica 3
replica 8 is forwarding chunk to replica 4
replica 8 is forwarding chunk to replica 5
replica 8 is forwarding chunk to replica 6
replica 8 is forwarding chunk to replica 7
replica 8 is forwarding chunk to replica 1
replica 8 is forwarding chunk to replica 2
replica 8 is forwarding chunk to replica 3
replica 8 is forwarding chunk to replica 4
replica 8 is forwarding chunk to replica 5
replica 8 is forwarding chunk to replica 6
replica 8 is forwarding chunk to replica 7
Decoded original proposal, time: 2022-11-27 04:58:38.642434768 +0000 UTC m=+63.880411802 header hash: [75 152 239 23 193 229 152 187 193 198 49 17 94 0 66 98 109 76 252 99 208 6 227 177 121 255 81 193 174 84 93 16]
2022-11-27T04:58:38.642Z	DEBUG	replica=8	coded-hotterstuff/consensus.go:576	received proposal	{"CURRENT VIEW": 8, "msg": "proposal", "header view": 9, "prepare view": 7, "hash": "S5jvF8HlmLvBxjERXgBCYm1M/GPQBuOxef9Rwa5UXRA=", "parent": "CdTNHG77L/KNb6fxbFkMI5vefUtOuAcj6xhNSmb/gws="}
2022-11-27T04:58:38.651Z	DEBUG	replica=8	coded-hotterstuff/consensus.go:809	new block certified	{"CURRENT VIEW": 8, "view": 8, "hash": "CdTNHG77L/KNb6fxbFkMI5vefUtOuAcj6xhNSmb/gws="}
2022-11-27T04:58:38.651Z	DEBUG	replica=8	coded-hotterstuff/consensus.go:520	entered new view	{"CURRENT VIEW": 9, "view timeout": 2, "timedout": false}
2022-11-27T04:58:38.651Z	DEBUG	replica=8	coded-hotterstuff/consensus.go:788	new block locked	{"CURRENT VIEW": 9, "view": 7, "hash": "UrpGBauqox/y7djWW1+uYAk4lnjGCoti5rxDg06dPA8="}
2022-11-27T04:58:38.651Z	INFO	replica=8	coded-hotterstuff/consensus.go:797	new block commited	{"CURRENT VIEW": 9, "view": 6, "hash": "kFp8+So3McG2yp/crA+UXLJ7e1+L/NadJHrbEZU+si4="}
2022-11-27T04:58:38.653Z	DEBUG	replica=8	coded-hotterstuff/consensus.go:678	proposal is safe to vote on	{"CURRENT VIEW": 8, "msg": "proposal", "header view": 9, "prepare view": 7, "hash": "S5jvF8HlmLvBxjERXgBCYm1M/GPQBuOxef9Rwa5UXRA=", "parent": "CdTNHG77L/KNb6fxbFkMI5vefUtOuAcj6xhNSmb/gws="}
Node  8 +1 block finalized at time:  2022-11-27 04:58:38.655923968 +0000 UTC m=+63.893901003
replica 8 is forwarding chunk to replica 1
replica 8 is forwarding chunk to replica 2
replica 8 is forwarding chunk to replica 3
replica 8 is forwarding chunk to replica 4
replica 8 is forwarding chunk to replica 5
replica 8 is forwarding chunk to replica 6
replica 8 is forwarding chunk to replica 7
Decoded original proposal, time: 2022-11-27 04:58:43.003852938 +0000 UTC m=+68.241830004 header hash: [75 152 239 23 193 229 152 187 193 198 49 17 94 0 66 98 109 76 252 99 208 6 227 177 121 255 81 193 174 84 93 16]
2022-11-27T04:58:43.003Z	DEBUG	replica=8	coded-hotterstuff/consensus.go:576	received proposal	{"CURRENT VIEW": 9, "msg": "proposal", "header view": 9, "prepare view": 8, "hash": "S5jvF8HlmLvBxjERXgBCYm1M/GPQBuOxef9Rwa5UXRA=", "parent": "CdTNHG77L/KNb6fxbFkMI5vefUtOuAcj6xhNSmb/gws="}
replica 8 is forwarding chunk to replica 0
replica 8 is forwarding chunk to replica 2
replica 8 is forwarding chunk to replica 3
replica 8 is forwarding chunk to replica 4
replica 8 is forwarding chunk to replica 5
replica 8 is forwarding chunk to replica 6
replica 8 is forwarding chunk to replica 7
Decoded original proposal, time: 2022-11-27 04:58:46.568678568 +0000 UTC m=+71.806655643 header hash: [27 41 162 234 216 56 3 146 217 203 198 162 48 110 164 219 109 81 22 147 45 180 199 35 245 217 107 204 240 129 84 110]
2022-11-27T04:58:46.568Z	DEBUG	replica=8	coded-hotterstuff/consensus.go:576	received proposal	{"CURRENT VIEW": 9, "msg": "proposal", "header view": 10, "prepare view": 8, "hash": "Gymi6tg4A5LZy8aiMG6k221RFpMttMcj9dlrzPCBVG4=", "parent": "S5jvF8HlmLvBxjERXgBCYm1M/GPQBuOxef9Rwa5UXRA="}
2022-11-27T04:58:46.576Z	DEBUG	replica=8	coded-hotterstuff/consensus.go:809	new block certified	{"CURRENT VIEW": 9, "view": 9, "hash": "S5jvF8HlmLvBxjERXgBCYm1M/GPQBuOxef9Rwa5UXRA="}
2022-11-27T04:58:46.576Z	DEBUG	replica=8	coded-hotterstuff/consensus.go:520	entered new view	{"CURRENT VIEW": 10, "view timeout": 2, "timedout": false}
2022-11-27T04:58:46.577Z	DEBUG	replica=8	coded-hotterstuff/consensus.go:788	new block locked	{"CURRENT VIEW": 10, "view": 8, "hash": "CdTNHG77L/KNb6fxbFkMI5vefUtOuAcj6xhNSmb/gws="}
2022-11-27T04:58:46.577Z	INFO	replica=8	coded-hotterstuff/consensus.go:797	new block commited	{"CURRENT VIEW": 10, "view": 7, "hash": "UrpGBauqox/y7djWW1+uYAk4lnjGCoti5rxDg06dPA8="}
2022-11-27T04:58:46.580Z	DEBUG	replica=8	coded-hotterstuff/consensus.go:678	proposal is safe to vote on	{"CURRENT VIEW": 9, "msg": "proposal", "header view": 10, "prepare view": 8, "hash": "Gymi6tg4A5LZy8aiMG6k221RFpMttMcj9dlrzPCBVG4=", "parent": "S5jvF8HlmLvBxjERXgBCYm1M/GPQBuOxef9Rwa5UXRA="}
Node  8 +1 block finalized at time:  2022-11-27 04:58:46.583010406 +0000 UTC m=+71.820987422
replica 8 is forwarding chunk to replica 0
replica 8 is forwarding chunk to replica 2
replica 8 is forwarding chunk to replica 3
replica 8 is forwarding chunk to replica 4
replica 8 is forwarding chunk to replica 5
replica 8 is forwarding chunk to replica 6
replica 8 is forwarding chunk to replica 7
Decoded original proposal, time: 2022-11-27 04:58:47.791336877 +0000 UTC m=+73.029313910 header hash: [75 152 239 23 193 229 152 187 193 198 49 17 94 0 66 98 109 76 252 99 208 6 227 177 121 255 81 193 174 84 93 16]
2022-11-27T04:58:47.791Z	DEBUG	replica=8	coded-hotterstuff/consensus.go:576	received proposal	{"CURRENT VIEW": 10, "msg": "proposal", "header view": 9, "prepare view": 9, "hash": "S5jvF8HlmLvBxjERXgBCYm1M/GPQBuOxef9Rwa5UXRA=", "parent": "CdTNHG77L/KNb6fxbFkMI5vefUtOuAcj6xhNSmb/gws="}
2022-11-27T04:58:47.799Z	DEBUG	replica=8	coded-hotterstuff/consensus.go:667	proposal view doesn't match local view	{"CURRENT VIEW": 10, "msg": "proposal", "header view": 9, "prepare view": 9, "hash": "S5jvF8HlmLvBxjERXgBCYm1M/GPQBuOxef9Rwa5UXRA=", "parent": "CdTNHG77L/KNb6fxbFkMI5vefUtOuAcj6xhNSmb/gws="}
Decoded original proposal, time: 2022-11-27 04:58:48.688370919 +0000 UTC m=+73.926347945 header hash: [27 41 162 234 216 56 3 146 217 203 198 162 48 110 164 219 109 81 22 147 45 180 199 35 245 217 107 204 240 129 84 110]
2022-11-27T04:58:48.688Z	DEBUG	replica=8	coded-hotterstuff/consensus.go:576	received proposal	{"CURRENT VIEW": 10, "msg": "proposal", "header view": 10, "prepare view": 9, "hash": "Gymi6tg4A5LZy8aiMG6k221RFpMttMcj9dlrzPCBVG4=", "parent": "S5jvF8HlmLvBxjERXgBCYm1M/GPQBuOxef9Rwa5UXRA="}
replica 8 is forwarding chunk to replica 0
replica 8 is forwarding chunk to replica 2
replica 8 is forwarding chunk to replica 3
replica 8 is forwarding chunk to replica 4
replica 8 is forwarding chunk to replica 5
replica 8 is forwarding chunk to replica 6
replica 8 is forwarding chunk to replica 7
Decoded original proposal, time: 2022-11-27 04:58:52.184496724 +0000 UTC m=+77.422473804 header hash: [27 41 162 234 216 56 3 146 217 203 198 162 48 110 164 219 109 81 22 147 45 180 199 35 245 217 107 204 240 129 84 110]
2022-11-27T04:58:52.184Z	DEBUG	replica=8	coded-hotterstuff/consensus.go:576	received proposal	{"CURRENT VIEW": 10, "msg": "proposal", "header view": 10, "prepare view": 9, "hash": "Gymi6tg4A5LZy8aiMG6k221RFpMttMcj9dlrzPCBVG4=", "parent": "S5jvF8HlmLvBxjERXgBCYm1M/GPQBuOxef9Rwa5UXRA="}
replica 8 is forwarding chunk to replica 0
replica 8 is forwarding chunk to replica 1
replica 8 is forwarding chunk to replica 3
replica 8 is forwarding chunk to replica 4
replica 8 is forwarding chunk to replica 5
replica 8 is forwarding chunk to replica 6
replica 8 is forwarding chunk to replica 7
Decoded original proposal, time: 2022-11-27 04:58:54.074012247 +0000 UTC m=+79.311989323 header hash: [36 112 202 110 235 231 254 169 68 108 200 133 25 89 215 19 188 251 85 241 73 155 115 67 11 176 16 17 106 100 183 124]
2022-11-27T04:58:54.074Z	DEBUG	replica=8	coded-hotterstuff/consensus.go:576	received proposal	{"CURRENT VIEW": 10, "msg": "proposal", "header view": 11, "prepare view": 9, "hash": "JHDKbuvn/qlEbMiFGVnXE7z7VfFJm3NDC7AQEWpkt3w=", "parent": "Gymi6tg4A5LZy8aiMG6k221RFpMttMcj9dlrzPCBVG4="}
2022-11-27T04:58:54.082Z	DEBUG	replica=8	coded-hotterstuff/consensus.go:809	new block certified	{"CURRENT VIEW": 10, "view": 10, "hash": "Gymi6tg4A5LZy8aiMG6k221RFpMttMcj9dlrzPCBVG4="}
2022-11-27T04:58:54.082Z	DEBUG	replica=8	coded-hotterstuff/consensus.go:520	entered new view	{"CURRENT VIEW": 11, "view timeout": 2, "timedout": false}
2022-11-27T04:58:54.082Z	DEBUG	replica=8	coded-hotterstuff/consensus.go:788	new block locked	{"CURRENT VIEW": 11, "view": 9, "hash": "S5jvF8HlmLvBxjERXgBCYm1M/GPQBuOxef9Rwa5UXRA="}
2022-11-27T04:58:54.082Z	INFO	replica=8	coded-hotterstuff/consensus.go:797	new block commited	{"CURRENT VIEW": 11, "view": 8, "hash": "CdTNHG77L/KNb6fxbFkMI5vefUtOuAcj6xhNSmb/gws="}
2022-11-27T04:58:54.083Z	DEBUG	replica=8	coded-hotterstuff/consensus.go:678	proposal is safe to vote on	{"CURRENT VIEW": 10, "msg": "proposal", "header view": 11, "prepare view": 9, "hash": "JHDKbuvn/qlEbMiFGVnXE7z7VfFJm3NDC7AQEWpkt3w=", "parent": "Gymi6tg4A5LZy8aiMG6k221RFpMttMcj9dlrzPCBVG4="}
Node  8 +1 block finalized at time:  2022-11-27 04:58:54.08578423 +0000 UTC m=+79.323761255
replica 8 is forwarding chunk to replica 0
replica 8 is forwarding chunk to replica 1
replica 8 is forwarding chunk to replica 3
replica 8 is forwarding chunk to replica 4
replica 8 is forwarding chunk to replica 5
replica 8 is forwarding chunk to replica 6
replica 8 is forwarding chunk to replica 7
Decoded original proposal, time: 2022-11-27 04:58:55.896600917 +0000 UTC m=+81.134577995 header hash: [36 112 202 110 235 231 254 169 68 108 200 133 25 89 215 19 188 251 85 241 73 155 115 67 11 176 16 17 106 100 183 124]
2022-11-27T04:58:55.896Z	DEBUG	replica=8	coded-hotterstuff/consensus.go:576	received proposal	{"CURRENT VIEW": 11, "msg": "proposal", "header view": 11, "prepare view": 10, "hash": "JHDKbuvn/qlEbMiFGVnXE7z7VfFJm3NDC7AQEWpkt3w=", "parent": "Gymi6tg4A5LZy8aiMG6k221RFpMttMcj9dlrzPCBVG4="}
replica 8 is forwarding chunk to replica 0
replica 8 is forwarding chunk to replica 1
replica 8 is forwarding chunk to replica 3
replica 8 is forwarding chunk to replica 4
replica 8 is forwarding chunk to replica 5
replica 8 is forwarding chunk to replica 6
replica 8 is forwarding chunk to replica 7
Decoded original proposal, time: 2022-11-27 04:58:57.427643545 +0000 UTC m=+82.665620623 header hash: [36 112 202 110 235 231 254 169 68 108 200 133 25 89 215 19 188 251 85 241 73 155 115 67 11 176 16 17 106 100 183 124]
2022-11-27T04:58:57.427Z	DEBUG	replica=8	coded-hotterstuff/consensus.go:576	received proposal	{"CURRENT VIEW": 11, "msg": "proposal", "header view": 11, "prepare view": 10, "hash": "JHDKbuvn/qlEbMiFGVnXE7z7VfFJm3NDC7AQEWpkt3w=", "parent": "Gymi6tg4A5LZy8aiMG6k221RFpMttMcj9dlrzPCBVG4="}
Decoded original proposal, time: 2022-11-27 04:59:01.807020229 +0000 UTC m=+87.044997299 header hash: [225 164 165 204 236 180 59 151 178 38 118 190 136 53 193 22 146 46 81 162 175 160 6 50 132 174 159 221 166 0 223 96]
2022-11-27T04:59:01.807Z	DEBUG	replica=8	coded-hotterstuff/consensus.go:576	received proposal	{"CURRENT VIEW": 11, "msg": "proposal", "header view": 12, "prepare view": 10, "hash": "4aSlzOy0O5eyJna+iDXBFpIuUaKvoAYyhK6f3aYA32A=", "parent": "JHDKbuvn/qlEbMiFGVnXE7z7VfFJm3NDC7AQEWpkt3w="}
2022-11-27T04:59:01.814Z	DEBUG	replica=8	coded-hotterstuff/consensus.go:809	new block certified	{"CURRENT VIEW": 11, "view": 11, "hash": "JHDKbuvn/qlEbMiFGVnXE7z7VfFJm3NDC7AQEWpkt3w="}
2022-11-27T04:59:01.814Z	DEBUG	replica=8	coded-hotterstuff/consensus.go:520	entered new view	{"CURRENT VIEW": 12, "view timeout": 2, "timedout": false}
2022-11-27T04:59:01.814Z	DEBUG	replica=8	coded-hotterstuff/consensus.go:788	new block locked	{"CURRENT VIEW": 12, "view": 10, "hash": "Gymi6tg4A5LZy8aiMG6k221RFpMttMcj9dlrzPCBVG4="}
2022-11-27T04:59:01.814Z	INFO	replica=8	coded-hotterstuff/consensus.go:797	new block commited	{"CURRENT VIEW": 12, "view": 9, "hash": "S5jvF8HlmLvBxjERXgBCYm1M/GPQBuOxef9Rwa5UXRA="}
2022-11-27T04:59:01.817Z	DEBUG	replica=8	coded-hotterstuff/consensus.go:678	proposal is safe to vote on	{"CURRENT VIEW": 11, "msg": "proposal", "header view": 12, "prepare view": 10, "hash": "4aSlzOy0O5eyJna+iDXBFpIuUaKvoAYyhK6f3aYA32A=", "parent": "JHDKbuvn/qlEbMiFGVnXE7z7VfFJm3NDC7AQEWpkt3w="}
Node  8 +1 block finalized at time:  2022-11-27 04:59:01.819850563 +0000 UTC m=+87.057827591
replica 8 is forwarding chunk to replica 0
replica 8 is forwarding chunk to replica 1
replica 8 is forwarding chunk to replica 2
replica 8 is forwarding chunk to replica 4
replica 8 is forwarding chunk to replica 5
replica 8 is forwarding chunk to replica 6
replica 8 is forwarding chunk to replica 7
Decoded original proposal, time: 2022-11-27 04:59:04.619798637 +0000 UTC m=+89.857775715 header hash: [225 164 165 204 236 180 59 151 178 38 118 190 136 53 193 22 146 46 81 162 175 160 6 50 132 174 159 221 166 0 223 96]
2022-11-27T04:59:04.619Z	DEBUG	replica=8	coded-hotterstuff/consensus.go:576	received proposal	{"CURRENT VIEW": 12, "msg": "proposal", "header view": 12, "prepare view": 11, "hash": "4aSlzOy0O5eyJna+iDXBFpIuUaKvoAYyhK6f3aYA32A=", "parent": "JHDKbuvn/qlEbMiFGVnXE7z7VfFJm3NDC7AQEWpkt3w="}
replica 8 is forwarding chunk to replica 0
replica 8 is forwarding chunk to replica 1
replica 8 is forwarding chunk to replica 2
replica 8 is forwarding chunk to replica 3
replica 8 is forwarding chunk to replica 5
replica 8 is forwarding chunk to replica 6
replica 8 is forwarding chunk to replica 7
replica 8 is forwarding chunk to replica 0
replica 8 is forwarding chunk to replica 1
replica 8 is forwarding chunk to replica 2
replica 8 is forwarding chunk to replica 4
replica 8 is forwarding chunk to replica 5
replica 8 is forwarding chunk to replica 6
replica 8 is forwarding chunk to replica 7
Decoded original proposal, time: 2022-11-27 04:59:06.309923043 +0000 UTC m=+91.547900077 header hash: [225 164 165 204 236 180 59 151 178 38 118 190 136 53 193 22 146 46 81 162 175 160 6 50 132 174 159 221 166 0 223 96]
2022-11-27T04:59:06.309Z	DEBUG	replica=8	coded-hotterstuff/consensus.go:576	received proposal	{"CURRENT VIEW": 12, "msg": "proposal", "header view": 12, "prepare view": 11, "hash": "4aSlzOy0O5eyJna+iDXBFpIuUaKvoAYyhK6f3aYA32A=", "parent": "JHDKbuvn/qlEbMiFGVnXE7z7VfFJm3NDC7AQEWpkt3w="}
replica 8 is forwarding chunk to replica 0
replica 8 is forwarding chunk to replica 1
replica 8 is forwarding chunk to replica 2
replica 8 is forwarding chunk to replica 3
replica 8 is forwarding chunk to replica 5
replica 8 is forwarding chunk to replica 6
replica 8 is forwarding chunk to replica 7
replica 8 is forwarding chunk to replica 0
replica 8 is forwarding chunk to replica 1
replica 8 is forwarding chunk to replica 2
replica 8 is forwarding chunk to replica 4
replica 8 is forwarding chunk to replica 5
replica 8 is forwarding chunk to replica 6
replica 8 is forwarding chunk to replica 7
Decoded original proposal, time: 2022-11-27 04:59:08.238626362 +0000 UTC m=+93.476603440 header hash: [55 71 12 88 170 89 30 100 228 23 243 137 27 6 133 29 78 24 217 198 107 27 88 123 223 127 133 219 145 253 87 161]
2022-11-27T04:59:08.238Z	DEBUG	replica=8	coded-hotterstuff/consensus.go:576	received proposal	{"CURRENT VIEW": 12, "msg": "proposal", "header view": 13, "prepare view": 11, "hash": "N0cMWKpZHmTkF/OJGwaFHU4Y2cZrG1h733+F25H9V6E=", "parent": "4aSlzOy0O5eyJna+iDXBFpIuUaKvoAYyhK6f3aYA32A="}
2022-11-27T04:59:08.246Z	DEBUG	replica=8	coded-hotterstuff/consensus.go:809	new block certified	{"CURRENT VIEW": 12, "view": 12, "hash": "4aSlzOy0O5eyJna+iDXBFpIuUaKvoAYyhK6f3aYA32A="}
2022-11-27T04:59:08.246Z	DEBUG	replica=8	coded-hotterstuff/consensus.go:520	entered new view	{"CURRENT VIEW": 13, "view timeout": 2, "timedout": false}
2022-11-27T04:59:08.246Z	DEBUG	replica=8	coded-hotterstuff/consensus.go:788	new block locked	{"CURRENT VIEW": 13, "view": 11, "hash": "JHDKbuvn/qlEbMiFGVnXE7z7VfFJm3NDC7AQEWpkt3w="}
2022-11-27T04:59:08.246Z	INFO	replica=8	coded-hotterstuff/consensus.go:797	new block commited	{"CURRENT VIEW": 13, "view": 10, "hash": "Gymi6tg4A5LZy8aiMG6k221RFpMttMcj9dlrzPCBVG4="}
2022-11-27T04:59:08.247Z	DEBUG	replica=8	coded-hotterstuff/consensus.go:678	proposal is safe to vote on	{"CURRENT VIEW": 12, "msg": "proposal", "header view": 13, "prepare view": 11, "hash": "N0cMWKpZHmTkF/OJGwaFHU4Y2cZrG1h733+F25H9V6E=", "parent": "4aSlzOy0O5eyJna+iDXBFpIuUaKvoAYyhK6f3aYA32A="}
Node  8 +1 block finalized at time:  2022-11-27 04:59:08.249348719 +0000 UTC m=+93.487325745
replica 8 is forwarding chunk to replica 0
replica 8 is forwarding chunk to replica 1
replica 8 is forwarding chunk to replica 2
replica 8 is forwarding chunk to replica 3
replica 8 is forwarding chunk to replica 5
replica 8 is forwarding chunk to replica 6
replica 8 is forwarding chunk to replica 7
Decoded original proposal, time: 2022-11-27 04:59:09.805212342 +0000 UTC m=+95.043189483 header hash: [55 71 12 88 170 89 30 100 228 23 243 137 27 6 133 29 78 24 217 198 107 27 88 123 223 127 133 219 145 253 87 161]
2022-11-27T04:59:09.805Z	DEBUG	replica=8	coded-hotterstuff/consensus.go:576	received proposal	{"CURRENT VIEW": 13, "msg": "proposal", "header view": 13, "prepare view": 12, "hash": "N0cMWKpZHmTkF/OJGwaFHU4Y2cZrG1h733+F25H9V6E=", "parent": "4aSlzOy0O5eyJna+iDXBFpIuUaKvoAYyhK6f3aYA32A="}
Decoded original proposal, time: 2022-11-27 04:59:11.787058891 +0000 UTC m=+97.025036138 header hash: [55 71 12 88 170 89 30 100 228 23 243 137 27 6 133 29 78 24 217 198 107 27 88 123 223 127 133 219 145 253 87 161]
2022-11-27T04:59:11.787Z	DEBUG	replica=8	coded-hotterstuff/consensus.go:576	received proposal	{"CURRENT VIEW": 13, "msg": "proposal", "header view": 13, "prepare view": 12, "hash": "N0cMWKpZHmTkF/OJGwaFHU4Y2cZrG1h733+F25H9V6E=", "parent": "4aSlzOy0O5eyJna+iDXBFpIuUaKvoAYyhK6f3aYA32A="}
replica 8 is forwarding chunk to replica 0
replica 8 is forwarding chunk to replica 1
replica 8 is forwarding chunk to replica 2
replica 8 is forwarding chunk to replica 3
replica 8 is forwarding chunk to replica 4
replica 8 is forwarding chunk to replica 6
replica 8 is forwarding chunk to replica 7
replica 8 is forwarding chunk to replica 0
replica 8 is forwarding chunk to replica 1
replica 8 is forwarding chunk to replica 2
replica 8 is forwarding chunk to replica 3
replica 8 is forwarding chunk to replica 4
replica 8 is forwarding chunk to replica 6
replica 8 is forwarding chunk to replica 7
Decoded original proposal, time: 2022-11-27 04:59:16.340883356 +0000 UTC m=+101.578860381 header hash: [179 79 157 9 84 57 195 200 132 217 159 131 10 204 29 20 183 79 241 0 252 79 239 189 106 39 9 193 130 153 110 137]
2022-11-27T04:59:16.340Z	DEBUG	replica=8	coded-hotterstuff/consensus.go:576	received proposal	{"CURRENT VIEW": 13, "msg": "proposal", "header view": 14, "prepare view": 12, "hash": "s0+dCVQ5w8iE2Z+DCswdFLdP8QD8T++9aicJwYKZbok=", "parent": "N0cMWKpZHmTkF/OJGwaFHU4Y2cZrG1h733+F25H9V6E="}
2022-11-27T04:59:16.349Z	DEBUG	replica=8	coded-hotterstuff/consensus.go:809	new block certified	{"CURRENT VIEW": 13, "view": 13, "hash": "N0cMWKpZHmTkF/OJGwaFHU4Y2cZrG1h733+F25H9V6E="}
2022-11-27T04:59:16.349Z	DEBUG	replica=8	coded-hotterstuff/consensus.go:520	entered new view	{"CURRENT VIEW": 14, "view timeout": 2, "timedout": false}
2022-11-27T04:59:16.349Z	DEBUG	replica=8	coded-hotterstuff/consensus.go:788	new block locked	{"CURRENT VIEW": 14, "view": 12, "hash": "4aSlzOy0O5eyJna+iDXBFpIuUaKvoAYyhK6f3aYA32A="}
2022-11-27T04:59:16.349Z	INFO	replica=8	coded-hotterstuff/consensus.go:797	new block commited	{"CURRENT VIEW": 14, "view": 11, "hash": "JHDKbuvn/qlEbMiFGVnXE7z7VfFJm3NDC7AQEWpkt3w="}
2022-11-27T04:59:16.352Z	DEBUG	replica=8	coded-hotterstuff/consensus.go:678	proposal is safe to vote on	{"CURRENT VIEW": 13, "msg": "proposal", "header view": 14, "prepare view": 12, "hash": "s0+dCVQ5w8iE2Z+DCswdFLdP8QD8T++9aicJwYKZbok=", "parent": "N0cMWKpZHmTkF/OJGwaFHU4Y2cZrG1h733+F25H9V6E="}
Node  8 +1 block finalized at time:  2022-11-27 04:59:16.354813664 +0000 UTC m=+101.592790680
replica 8 is forwarding chunk to replica 0
replica 8 is forwarding chunk to replica 1
replica 8 is forwarding chunk to replica 2
replica 8 is forwarding chunk to replica 3
replica 8 is forwarding chunk to replica 4
replica 8 is forwarding chunk to replica 6
replica 8 is forwarding chunk to replica 7
Decoded original proposal, time: 2022-11-27 04:59:17.751785722 +0000 UTC m=+102.989762804 header hash: [179 79 157 9 84 57 195 200 132 217 159 131 10 204 29 20 183 79 241 0 252 79 239 189 106 39 9 193 130 153 110 137]
2022-11-27T04:59:17.751Z	DEBUG	replica=8	coded-hotterstuff/consensus.go:576	received proposal	{"CURRENT VIEW": 14, "msg": "proposal", "header view": 14, "prepare view": 13, "hash": "s0+dCVQ5w8iE2Z+DCswdFLdP8QD8T++9aicJwYKZbok=", "parent": "N0cMWKpZHmTkF/OJGwaFHU4Y2cZrG1h733+F25H9V6E="}
Decoded original proposal, time: 2022-11-27 04:59:19.611590057 +0000 UTC m=+104.849567129 header hash: [179 79 157 9 84 57 195 200 132 217 159 131 10 204 29 20 183 79 241 0 252 79 239 189 106 39 9 193 130 153 110 137]
2022-11-27T04:59:19.611Z	DEBUG	replica=8	coded-hotterstuff/consensus.go:576	received proposal	{"CURRENT VIEW": 14, "msg": "proposal", "header view": 14, "prepare view": 13, "hash": "s0+dCVQ5w8iE2Z+DCswdFLdP8QD8T++9aicJwYKZbok=", "parent": "N0cMWKpZHmTkF/OJGwaFHU4Y2cZrG1h733+F25H9V6E="}
replica 8 is forwarding chunk to replica 0
replica 8 is forwarding chunk to replica 1
replica 8 is forwarding chunk to replica 2
replica 8 is forwarding chunk to replica 3
replica 8 is forwarding chunk to replica 4
replica 8 is forwarding chunk to replica 5
replica 8 is forwarding chunk to replica 7
