Node index: 2
[10.0.1.0:9000 10.0.1.2:9001 10.0.1.4:9002 10.0.1.6:9003 10.0.1.8:9004 10.0.1.10:9005 10.0.1.12:9006 10.0.1.14:9007 10.0.1.16:9008]
node 2 initiating connection to 10.0.1.0:9000
node 2 successfully initiated connection to 10.0.1.0:9000
node 2 initiating connection to 10.0.1.2:9001
node 2 successfully initiated connection to 10.0.1.2:9001
connection established 2 - 4
Node  2 -->  Listening for messages... 
connection established 2 - 8
Node  2 -->  Listening for messages... 
connection established 2 - 3
Node  2 -->  Listening for messages... 
connection established 2 - 6
Node  2 -->  Listening for messages... 
connection established 2 - 5
Node  2 -->  Listening for messages... 
connection established 2 - 7
Node  2 -->  Listening for messages... 
connection established 2 - 0
Node  2 -->  Listening for messages... 
connection established 2 - 1
Node  2 -->  Listening for messages... 
2022-11-27T04:57:34.893Z	DEBUG	replica=2	coded-hotterstuff/consensus.go:520	entered new view	{"CURRENT VIEW": 1, "view timeout": 2, "timedout": false}
2022-11-27T04:57:34.893Z	DEBUG	replica=2	coded-hotterstuff/consensus.go:535	replica is a leader for next view. collecting new-view messages	{"CURRENT VIEW": 1}
replica 2 is forwarding chunk to replica 0
replica 2 is forwarding chunk to replica 3
replica 2 is forwarding chunk to replica 4
replica 2 is forwarding chunk to replica 5
replica 2 is forwarding chunk to replica 6
replica 2 is forwarding chunk to replica 7
replica 2 is forwarding chunk to replica 8
2022-11-27T04:57:38.285Z	DEBUG	replica=2	coded-hotterstuff/consensus.go:965	received vote	{"CURRENT VIEW": 1, "msg": "vote", "voter": 1, "view": 1, "hash": "SKC06ZXnbItnYZVTxXLWgGtuTOc9zSoSvlJWhQRO6/8="}
Node  2  received vote before proposal, saving vote in pending votes, hash is  [72 160 180 233 149 231 108 139 103 97 149 83 197 114 214 128 107 110 76 231 61 205 42 18 190 82 86 133 4 78 235 255]  and string is,  1
2022-11-27T04:57:38.285Z	DEBUG	replica=2	coded-hotterstuff/consensus.go:970	Received vote before proposal, key is, 1	{"CURRENT VIEW": 1}
2022-11-27T04:57:42.431Z	DEBUG	replica=2	coded-hotterstuff/consensus.go:965	received vote	{"CURRENT VIEW": 1, "msg": "vote", "voter": 3, "view": 1, "hash": "SKC06ZXnbItnYZVTxXLWgGtuTOc9zSoSvlJWhQRO6/8="}
2022-11-27T04:57:42.479Z	DEBUG	replica=2	coded-hotterstuff/consensus.go:965	received vote	{"CURRENT VIEW": 1, "msg": "vote", "voter": 8, "view": 1, "hash": "SKC06ZXnbItnYZVTxXLWgGtuTOc9zSoSvlJWhQRO6/8="}
2022-11-27T04:57:42.571Z	DEBUG	replica=2	coded-hotterstuff/consensus.go:965	received vote	{"CURRENT VIEW": 1, "msg": "vote", "voter": 5, "view": 1, "hash": "SKC06ZXnbItnYZVTxXLWgGtuTOc9zSoSvlJWhQRO6/8="}
Decoded original proposal, time: 2022-11-27 04:57:42.671492972 +0000 UTC m=+7.915530814 header hash: [72 160 180 233 149 231 108 139 103 97 149 83 197 114 214 128 107 110 76 231 61 205 42 18 190 82 86 133 4 78 235 255]
2022-11-27T04:57:42.671Z	DEBUG	replica=2	coded-hotterstuff/consensus.go:576	received proposal	{"CURRENT VIEW": 1, "msg": "proposal", "header view": 1, "prepare view": 0, "hash": "SKC06ZXnbItnYZVTxXLWgGtuTOc9zSoSvlJWhQRO6/8=", "parent": "GZWDhiYW+ib6TpJWRLDOftUd8y8ovAaEerQWDbefS7c="}
2022-11-27T04:57:42.679Z	DEBUG	replica=2	coded-hotterstuff/consensus.go:777	could not find gparent header	{"CURRENT VIEW": 1, "view": 0, "hash": "GZWDhiYW+ib6TpJWRLDOftUd8y8ovAaEerQWDbefS7c="}
2022-11-27T04:57:42.681Z	DEBUG	replica=2	coded-hotterstuff/consensus.go:678	proposal is safe to vote on	{"CURRENT VIEW": 1, "msg": "proposal", "header view": 1, "prepare view": 0, "hash": "SKC06ZXnbItnYZVTxXLWgGtuTOc9zSoSvlJWhQRO6/8=", "parent": "GZWDhiYW+ib6TpJWRLDOftUd8y8ovAaEerQWDbefS7c="}
2022-11-27T04:57:42.681Z	DEBUG	replica=2	coded-hotterstuff/consensus.go:758	Taking care of pending vote 1	{"CURRENT VIEW": 1}
2022-11-27T04:57:42.681Z	DEBUG	replica=2	coded-hotterstuff/consensus.go:965	received vote	{"CURRENT VIEW": 1, "msg": "vote", "voter": 1, "view": 1, "hash": "SKC06ZXnbItnYZVTxXLWgGtuTOc9zSoSvlJWhQRO6/8="}
2022-11-27T04:57:42.685Z	DEBUG	replica=2	coded-hotterstuff/consensus.go:758	Taking care of pending vote 1	{"CURRENT VIEW": 1}
2022-11-27T04:57:42.685Z	DEBUG	replica=2	coded-hotterstuff/consensus.go:965	received vote	{"CURRENT VIEW": 1, "msg": "vote", "voter": 3, "view": 1, "hash": "SKC06ZXnbItnYZVTxXLWgGtuTOc9zSoSvlJWhQRO6/8="}
2022-11-27T04:57:42.690Z	DEBUG	replica=2	coded-hotterstuff/consensus.go:758	Taking care of pending vote 1	{"CURRENT VIEW": 1}
2022-11-27T04:57:42.690Z	DEBUG	replica=2	coded-hotterstuff/consensus.go:965	received vote	{"CURRENT VIEW": 1, "msg": "vote", "voter": 8, "view": 1, "hash": "SKC06ZXnbItnYZVTxXLWgGtuTOc9zSoSvlJWhQRO6/8="}
2022-11-27T04:57:42.695Z	DEBUG	replica=2	coded-hotterstuff/consensus.go:758	Taking care of pending vote 1	{"CURRENT VIEW": 1}
2022-11-27T04:57:42.695Z	DEBUG	replica=2	coded-hotterstuff/consensus.go:965	received vote	{"CURRENT VIEW": 1, "msg": "vote", "voter": 5, "view": 1, "hash": "SKC06ZXnbItnYZVTxXLWgGtuTOc9zSoSvlJWhQRO6/8="}
2022-11-27T04:57:42.701Z	DEBUG	replica=2	coded-hotterstuff/consensus.go:965	received vote	{"CURRENT VIEW": 1, "msg": "vote", "voter": 2, "view": 1, "hash": "SKC06ZXnbItnYZVTxXLWgGtuTOc9zSoSvlJWhQRO6/8="}
2022-11-27T04:57:42.706Z	DEBUG	replica=2	coded-hotterstuff/consensus.go:965	received vote	{"CURRENT VIEW": 1, "msg": "vote", "voter": 6, "view": 1, "hash": "SKC06ZXnbItnYZVTxXLWgGtuTOc9zSoSvlJWhQRO6/8="}
2022-11-27T04:57:42.932Z	DEBUG	replica=2	coded-hotterstuff/consensus.go:965	received vote	{"CURRENT VIEW": 1, "msg": "vote", "voter": 4, "view": 1, "hash": "SKC06ZXnbItnYZVTxXLWgGtuTOc9zSoSvlJWhQRO6/8="}
2022-11-27T04:57:42.937Z	DEBUG	replica=2	coded-hotterstuff/consensus.go:809	new block certified	{"CURRENT VIEW": 1, "view": 1, "hash": "SKC06ZXnbItnYZVTxXLWgGtuTOc9zSoSvlJWhQRO6/8="}
2022-11-27T04:57:42.937Z	DEBUG	replica=2	coded-hotterstuff/consensus.go:520	entered new view	{"CURRENT VIEW": 2, "view timeout": 2, "timedout": false}
2022-11-27T04:57:42.937Z	DEBUG	replica=2	coded-hotterstuff/consensus.go:544	replica is a leader for this view. waiting for data	{"CURRENT VIEW": 2}
2022-11-27T04:57:42.937Z	DEBUG	replica=2	coded-hotterstuff/consensus.go:520	entered new view	{"CURRENT VIEW": 2, "view timeout": 2, "timedout": false}
2022-11-27T04:57:42.937Z	DEBUG	replica=2	coded-hotterstuff/consensus.go:544	replica is a leader for this view. waiting for data	{"CURRENT VIEW": 2}
2022-11-27T04:57:42.940Z	DEBUG	replica=2	coded-hotterstuff/consensus.go:238	sending proposal	{"CURRENT VIEW": 2, "hash": "cPBdTa7qQJueFGrjnuqGleZwFBh/lhGAlUWBfCr3UKs=", "parent": "SKC06ZXnbItnYZVTxXLWgGtuTOc9zSoSvlJWhQRO6/8=", "signer": 2}
2022-11-27T04:57:42.943Z	DEBUG	replica=2	coded-hotterstuff/consensus.go:576	received proposal	{"CURRENT VIEW": 2, "msg": "proposal", "header view": 2, "prepare view": 1, "hash": "cPBdTa7qQJueFGrjnuqGleZwFBh/lhGAlUWBfCr3UKs=", "parent": "SKC06ZXnbItnYZVTxXLWgGtuTOc9zSoSvlJWhQRO6/8="}
2022-11-27T04:57:42.950Z	DEBUG	replica=2	coded-hotterstuff/consensus.go:782	could not find ggparent header	{"CURRENT VIEW": 2, "view": 0, "hash": "GZWDhiYW+ib6TpJWRLDOftUd8y8ovAaEerQWDbefS7c="}
2022-11-27T04:57:42.951Z	DEBUG	replica=2	coded-hotterstuff/consensus.go:678	proposal is safe to vote on	{"CURRENT VIEW": 2, "msg": "proposal", "header view": 2, "prepare view": 1, "hash": "cPBdTa7qQJueFGrjnuqGleZwFBh/lhGAlUWBfCr3UKs=", "parent": "SKC06ZXnbItnYZVTxXLWgGtuTOc9zSoSvlJWhQRO6/8="}
2022-11-27T04:57:43.169Z	DEBUG	replica=2	coded-hotterstuff/consensus.go:965	received vote	{"CURRENT VIEW": 2, "msg": "vote", "voter": 7, "view": 2, "hash": "SKC06ZXnbItnYZVTxXLWgGtuTOc9zSoSvlJWhQRO6/8="}
2022-11-27T04:57:43.174Z	DEBUG	replica=2	coded-hotterstuff/consensus.go:520	entered new view	{"CURRENT VIEW": 2, "view timeout": 2, "timedout": false}
2022-11-27T04:57:43.174Z	DEBUG	replica=2	coded-hotterstuff/consensus.go:544	replica is a leader for this view. waiting for data	{"CURRENT VIEW": 2}
2022-11-27T04:57:43.178Z	DEBUG	replica=2	coded-hotterstuff/consensus.go:238	sending proposal	{"CURRENT VIEW": 2, "hash": "cPBdTa7qQJueFGrjnuqGleZwFBh/lhGAlUWBfCr3UKs=", "parent": "SKC06ZXnbItnYZVTxXLWgGtuTOc9zSoSvlJWhQRO6/8=", "signer": 2}
2022-11-27T04:57:43.180Z	DEBUG	replica=2	coded-hotterstuff/consensus.go:576	received proposal	{"CURRENT VIEW": 2, "msg": "proposal", "header view": 2, "prepare view": 1, "hash": "cPBdTa7qQJueFGrjnuqGleZwFBh/lhGAlUWBfCr3UKs=", "parent": "SKC06ZXnbItnYZVTxXLWgGtuTOc9zSoSvlJWhQRO6/8="}
2022-11-27T04:57:43.187Z	DEBUG	replica=2	coded-hotterstuff/consensus.go:782	could not find ggparent header	{"CURRENT VIEW": 2, "view": 0, "hash": "GZWDhiYW+ib6TpJWRLDOftUd8y8ovAaEerQWDbefS7c="}
2022-11-27T04:57:43.346Z	DEBUG	replica=2	coded-hotterstuff/consensus.go:965	received vote	{"CURRENT VIEW": 2, "msg": "vote", "voter": 0, "view": 2, "hash": "SKC06ZXnbItnYZVTxXLWgGtuTOc9zSoSvlJWhQRO6/8="}
2022-11-27T04:57:43.351Z	DEBUG	replica=2	coded-hotterstuff/consensus.go:520	entered new view	{"CURRENT VIEW": 2, "view timeout": 2, "timedout": false}
2022-11-27T04:57:43.351Z	DEBUG	replica=2	coded-hotterstuff/consensus.go:544	replica is a leader for this view. waiting for data	{"CURRENT VIEW": 2}
2022-11-27T04:57:43.354Z	DEBUG	replica=2	coded-hotterstuff/consensus.go:238	sending proposal	{"CURRENT VIEW": 2, "hash": "cPBdTa7qQJueFGrjnuqGleZwFBh/lhGAlUWBfCr3UKs=", "parent": "SKC06ZXnbItnYZVTxXLWgGtuTOc9zSoSvlJWhQRO6/8=", "signer": 2}
2022-11-27T04:57:43.355Z	DEBUG	replica=2	coded-hotterstuff/consensus.go:576	received proposal	{"CURRENT VIEW": 2, "msg": "proposal", "header view": 2, "prepare view": 1, "hash": "cPBdTa7qQJueFGrjnuqGleZwFBh/lhGAlUWBfCr3UKs=", "parent": "SKC06ZXnbItnYZVTxXLWgGtuTOc9zSoSvlJWhQRO6/8="}
2022-11-27T04:57:43.362Z	DEBUG	replica=2	coded-hotterstuff/consensus.go:782	could not find ggparent header	{"CURRENT VIEW": 2, "view": 0, "hash": "GZWDhiYW+ib6TpJWRLDOftUd8y8ovAaEerQWDbefS7c="}
replica 2 is forwarding chunk to replica 0
replica 2 is forwarding chunk to replica 1
replica 2 is forwarding chunk to replica 4
replica 2 is forwarding chunk to replica 5
replica 2 is forwarding chunk to replica 6
replica 2 is forwarding chunk to replica 7
replica 2 is forwarding chunk to replica 8
replica 2 is forwarding chunk to replica 0
replica 2 is forwarding chunk to replica 1
replica 2 is forwarding chunk to replica 4
replica 2 is forwarding chunk to replica 5
replica 2 is forwarding chunk to replica 6
replica 2 is forwarding chunk to replica 7
replica 2 is forwarding chunk to replica 8
replica 2 is forwarding chunk to replica 0
replica 2 is forwarding chunk to replica 1
replica 2 is forwarding chunk to replica 4
replica 2 is forwarding chunk to replica 5
replica 2 is forwarding chunk to replica 6
replica 2 is forwarding chunk to replica 7
replica 2 is forwarding chunk to replica 8
Decoded original proposal, time: 2022-11-27 04:57:56.214908012 +0000 UTC m=+21.458945858 header hash: [112 177 115 22 63 1 229 2 188 132 41 134 91 243 148 216 155 140 26 48 57 5 100 136 252 109 95 105 67 73 234 227]
2022-11-27T04:57:56.215Z	DEBUG	replica=2	coded-hotterstuff/consensus.go:576	received proposal	{"CURRENT VIEW": 2, "msg": "proposal", "header view": 3, "prepare view": 1, "hash": "cLFzFj8B5QK8hCmGW/OU2JuMGjA5BWSI/G1faUNJ6uM=", "parent": "cPBdTa7qQJueFGrjnuqGleZwFBh/lhGAlUWBfCr3UKs="}
2022-11-27T04:57:56.223Z	DEBUG	replica=2	coded-hotterstuff/consensus.go:809	new block certified	{"CURRENT VIEW": 2, "view": 2, "hash": "cPBdTa7qQJueFGrjnuqGleZwFBh/lhGAlUWBfCr3UKs="}
2022-11-27T04:57:56.223Z	DEBUG	replica=2	coded-hotterstuff/consensus.go:520	entered new view	{"CURRENT VIEW": 3, "view timeout": 2, "timedout": false}
2022-11-27T04:57:56.223Z	DEBUG	replica=2	coded-hotterstuff/consensus.go:788	new block locked	{"CURRENT VIEW": 3, "view": 1, "hash": "SKC06ZXnbItnYZVTxXLWgGtuTOc9zSoSvlJWhQRO6/8="}
2022-11-27T04:57:56.227Z	DEBUG	replica=2	coded-hotterstuff/consensus.go:678	proposal is safe to vote on	{"CURRENT VIEW": 2, "msg": "proposal", "header view": 3, "prepare view": 1, "hash": "cLFzFj8B5QK8hCmGW/OU2JuMGjA5BWSI/G1faUNJ6uM=", "parent": "cPBdTa7qQJueFGrjnuqGleZwFBh/lhGAlUWBfCr3UKs="}
Decoded original proposal, time: 2022-11-27 04:57:59.310013035 +0000 UTC m=+24.554050925 header hash: [112 177 115 22 63 1 229 2 188 132 41 134 91 243 148 216 155 140 26 48 57 5 100 136 252 109 95 105 67 73 234 227]
2022-11-27T04:57:59.310Z	DEBUG	replica=2	coded-hotterstuff/consensus.go:576	received proposal	{"CURRENT VIEW": 3, "msg": "proposal", "header view": 3, "prepare view": 2, "hash": "cLFzFj8B5QK8hCmGW/OU2JuMGjA5BWSI/G1faUNJ6uM=", "parent": "cPBdTa7qQJueFGrjnuqGleZwFBh/lhGAlUWBfCr3UKs="}
Decoded original proposal, time: 2022-11-27 04:58:01.007943371 +0000 UTC m=+26.251981256 header hash: [112 177 115 22 63 1 229 2 188 132 41 134 91 243 148 216 155 140 26 48 57 5 100 136 252 109 95 105 67 73 234 227]
2022-11-27T04:58:01.007Z	DEBUG	replica=2	coded-hotterstuff/consensus.go:576	received proposal	{"CURRENT VIEW": 3, "msg": "proposal", "header view": 3, "prepare view": 2, "hash": "cLFzFj8B5QK8hCmGW/OU2JuMGjA5BWSI/G1faUNJ6uM=", "parent": "cPBdTa7qQJueFGrjnuqGleZwFBh/lhGAlUWBfCr3UKs="}
replica 2 is forwarding chunk to replica 0
replica 2 is forwarding chunk to replica 1
replica 2 is forwarding chunk to replica 3
replica 2 is forwarding chunk to replica 5
replica 2 is forwarding chunk to replica 6
replica 2 is forwarding chunk to replica 7
replica 2 is forwarding chunk to replica 8
Decoded original proposal, time: 2022-11-27 04:58:03.632074725 +0000 UTC m=+28.876112562 header hash: [241 106 152 62 46 209 156 146 237 16 116 52 193 237 0 80 85 192 166 182 15 238 2 99 236 42 182 26 232 130 25 190]
2022-11-27T04:58:03.632Z	DEBUG	replica=2	coded-hotterstuff/consensus.go:576	received proposal	{"CURRENT VIEW": 3, "msg": "proposal", "header view": 4, "prepare view": 2, "hash": "8WqYPi7RnJLtEHQ0we0AUFXAprYP7gJj7Cq2GuiCGb4=", "parent": "cLFzFj8B5QK8hCmGW/OU2JuMGjA5BWSI/G1faUNJ6uM="}
2022-11-27T04:58:03.641Z	DEBUG	replica=2	coded-hotterstuff/consensus.go:809	new block certified	{"CURRENT VIEW": 3, "view": 3, "hash": "cLFzFj8B5QK8hCmGW/OU2JuMGjA5BWSI/G1faUNJ6uM="}
2022-11-27T04:58:03.641Z	DEBUG	replica=2	coded-hotterstuff/consensus.go:520	entered new view	{"CURRENT VIEW": 4, "view timeout": 2, "timedout": false}
2022-11-27T04:58:03.642Z	DEBUG	replica=2	coded-hotterstuff/consensus.go:788	new block locked	{"CURRENT VIEW": 4, "view": 2, "hash": "cPBdTa7qQJueFGrjnuqGleZwFBh/lhGAlUWBfCr3UKs="}
2022-11-27T04:58:03.642Z	INFO	replica=2	coded-hotterstuff/consensus.go:797	new block commited	{"CURRENT VIEW": 4, "view": 1, "hash": "SKC06ZXnbItnYZVTxXLWgGtuTOc9zSoSvlJWhQRO6/8="}
2022-11-27T04:58:03.642Z	DEBUG	replica=2	coded-hotterstuff/consensus.go:678	proposal is safe to vote on	{"CURRENT VIEW": 3, "msg": "proposal", "header view": 4, "prepare view": 2, "hash": "8WqYPi7RnJLtEHQ0we0AUFXAprYP7gJj7Cq2GuiCGb4=", "parent": "cLFzFj8B5QK8hCmGW/OU2JuMGjA5BWSI/G1faUNJ6uM="}
Node  2 +1 block finalized at time:  2022-11-27 04:58:03.645566456 +0000 UTC m=+28.889604293
replica 2 is forwarding chunk to replica 0
replica 2 is forwarding chunk to replica 1
replica 2 is forwarding chunk to replica 3
replica 2 is forwarding chunk to replica 5
replica 2 is forwarding chunk to replica 6
replica 2 is forwarding chunk to replica 7
replica 2 is forwarding chunk to replica 8
Decoded original proposal, time: 2022-11-27 04:58:05.862969413 +0000 UTC m=+31.107007302 header hash: [241 106 152 62 46 209 156 146 237 16 116 52 193 237 0 80 85 192 166 182 15 238 2 99 236 42 182 26 232 130 25 190]
2022-11-27T04:58:05.863Z	DEBUG	replica=2	coded-hotterstuff/consensus.go:576	received proposal	{"CURRENT VIEW": 4, "msg": "proposal", "header view": 4, "prepare view": 3, "hash": "8WqYPi7RnJLtEHQ0we0AUFXAprYP7gJj7Cq2GuiCGb4=", "parent": "cLFzFj8B5QK8hCmGW/OU2JuMGjA5BWSI/G1faUNJ6uM="}
replica 2 is forwarding chunk to replica 0
replica 2 is forwarding chunk to replica 1
replica 2 is forwarding chunk to replica 3
replica 2 is forwarding chunk to replica 5
replica 2 is forwarding chunk to replica 6
replica 2 is forwarding chunk to replica 7
replica 2 is forwarding chunk to replica 8
Decoded original proposal, time: 2022-11-27 04:58:08.123167467 +0000 UTC m=+33.367205358 header hash: [241 106 152 62 46 209 156 146 237 16 116 52 193 237 0 80 85 192 166 182 15 238 2 99 236 42 182 26 232 130 25 190]
2022-11-27T04:58:08.123Z	DEBUG	replica=2	coded-hotterstuff/consensus.go:576	received proposal	{"CURRENT VIEW": 4, "msg": "proposal", "header view": 4, "prepare view": 3, "hash": "8WqYPi7RnJLtEHQ0we0AUFXAprYP7gJj7Cq2GuiCGb4=", "parent": "cLFzFj8B5QK8hCmGW/OU2JuMGjA5BWSI/G1faUNJ6uM="}
replica 2 is forwarding chunk to replica 0
replica 2 is forwarding chunk to replica 1
replica 2 is forwarding chunk to replica 3
replica 2 is forwarding chunk to replica 4
replica 2 is forwarding chunk to replica 6
replica 2 is forwarding chunk to replica 7
replica 2 is forwarding chunk to replica 8
Decoded original proposal, time: 2022-11-27 04:58:09.898264659 +0000 UTC m=+35.142302496 header hash: [142 10 227 234 199 14 168 203 47 218 211 136 230 41 94 109 68 52 16 5 27 142 16 70 5 23 250 1 182 25 221 148]
2022-11-27T04:58:09.898Z	DEBUG	replica=2	coded-hotterstuff/consensus.go:576	received proposal	{"CURRENT VIEW": 4, "msg": "proposal", "header view": 5, "prepare view": 3, "hash": "jgrj6scOqMsv2tOI5ilebUQ0EAUbjhBGBRf6AbYZ3ZQ=", "parent": "8WqYPi7RnJLtEHQ0we0AUFXAprYP7gJj7Cq2GuiCGb4="}
2022-11-27T04:58:09.907Z	DEBUG	replica=2	coded-hotterstuff/consensus.go:809	new block certified	{"CURRENT VIEW": 4, "view": 4, "hash": "8WqYPi7RnJLtEHQ0we0AUFXAprYP7gJj7Cq2GuiCGb4="}
2022-11-27T04:58:09.907Z	DEBUG	replica=2	coded-hotterstuff/consensus.go:520	entered new view	{"CURRENT VIEW": 5, "view timeout": 2, "timedout": false}
2022-11-27T04:58:09.907Z	DEBUG	replica=2	coded-hotterstuff/consensus.go:788	new block locked	{"CURRENT VIEW": 5, "view": 3, "hash": "cLFzFj8B5QK8hCmGW/OU2JuMGjA5BWSI/G1faUNJ6uM="}
2022-11-27T04:58:09.907Z	INFO	replica=2	coded-hotterstuff/consensus.go:797	new block commited	{"CURRENT VIEW": 5, "view": 2, "hash": "cPBdTa7qQJueFGrjnuqGleZwFBh/lhGAlUWBfCr3UKs="}
2022-11-27T04:58:09.911Z	DEBUG	replica=2	coded-hotterstuff/consensus.go:678	proposal is safe to vote on	{"CURRENT VIEW": 4, "msg": "proposal", "header view": 5, "prepare view": 3, "hash": "jgrj6scOqMsv2tOI5ilebUQ0EAUbjhBGBRf6AbYZ3ZQ=", "parent": "8WqYPi7RnJLtEHQ0we0AUFXAprYP7gJj7Cq2GuiCGb4="}
Node  2 +1 block finalized at time:  2022-11-27 04:58:09.914340023 +0000 UTC m=+35.158377846
replica 2 is forwarding chunk to replica 0
replica 2 is forwarding chunk to replica 1
replica 2 is forwarding chunk to replica 3
replica 2 is forwarding chunk to replica 4
replica 2 is forwarding chunk to replica 6
replica 2 is forwarding chunk to replica 7
replica 2 is forwarding chunk to replica 8
replica 2 is forwarding chunk to replica 0
replica 2 is forwarding chunk to replica 1
replica 2 is forwarding chunk to replica 3
replica 2 is forwarding chunk to replica 4
replica 2 is forwarding chunk to replica 6
replica 2 is forwarding chunk to replica 7
replica 2 is forwarding chunk to replica 8
Decoded original proposal, time: 2022-11-27 04:58:11.843038533 +0000 UTC m=+37.087076421 header hash: [142 10 227 234 199 14 168 203 47 218 211 136 230 41 94 109 68 52 16 5 27 142 16 70 5 23 250 1 182 25 221 148]
2022-11-27T04:58:11.843Z	DEBUG	replica=2	coded-hotterstuff/consensus.go:576	received proposal	{"CURRENT VIEW": 5, "msg": "proposal", "header view": 5, "prepare view": 4, "hash": "jgrj6scOqMsv2tOI5ilebUQ0EAUbjhBGBRf6AbYZ3ZQ=", "parent": "8WqYPi7RnJLtEHQ0we0AUFXAprYP7gJj7Cq2GuiCGb4="}
Decoded original proposal, time: 2022-11-27 04:58:13.655674357 +0000 UTC m=+38.899712244 header hash: [142 10 227 234 199 14 168 203 47 218 211 136 230 41 94 109 68 52 16 5 27 142 16 70 5 23 250 1 182 25 221 148]
2022-11-27T04:58:13.655Z	DEBUG	replica=2	coded-hotterstuff/consensus.go:576	received proposal	{"CURRENT VIEW": 5, "msg": "proposal", "header view": 5, "prepare view": 4, "hash": "jgrj6scOqMsv2tOI5ilebUQ0EAUbjhBGBRf6AbYZ3ZQ=", "parent": "8WqYPi7RnJLtEHQ0we0AUFXAprYP7gJj7Cq2GuiCGb4="}
replica 2 is forwarding chunk to replica 0
replica 2 is forwarding chunk to replica 1
replica 2 is forwarding chunk to replica 3
replica 2 is forwarding chunk to replica 4
replica 2 is forwarding chunk to replica 5
replica 2 is forwarding chunk to replica 7
replica 2 is forwarding chunk to replica 8
Decoded original proposal, time: 2022-11-27 04:58:17.223814377 +0000 UTC m=+42.467852263 header hash: [144 90 124 249 42 55 49 193 182 202 159 220 172 15 148 92 178 123 123 95 139 252 214 157 36 122 219 17 149 62 178 46]
2022-11-27T04:58:17.223Z	DEBUG	replica=2	coded-hotterstuff/consensus.go:576	received proposal	{"CURRENT VIEW": 5, "msg": "proposal", "header view": 6, "prepare view": 4, "hash": "kFp8+So3McG2yp/crA+UXLJ7e1+L/NadJHrbEZU+si4=", "parent": "jgrj6scOqMsv2tOI5ilebUQ0EAUbjhBGBRf6AbYZ3ZQ="}
2022-11-27T04:58:17.232Z	DEBUG	replica=2	coded-hotterstuff/consensus.go:809	new block certified	{"CURRENT VIEW": 5, "view": 5, "hash": "jgrj6scOqMsv2tOI5ilebUQ0EAUbjhBGBRf6AbYZ3ZQ="}
2022-11-27T04:58:17.232Z	DEBUG	replica=2	coded-hotterstuff/consensus.go:520	entered new view	{"CURRENT VIEW": 6, "view timeout": 2, "timedout": false}
2022-11-27T04:58:17.232Z	DEBUG	replica=2	coded-hotterstuff/consensus.go:788	new block locked	{"CURRENT VIEW": 6, "view": 4, "hash": "8WqYPi7RnJLtEHQ0we0AUFXAprYP7gJj7Cq2GuiCGb4="}
2022-11-27T04:58:17.232Z	INFO	replica=2	coded-hotterstuff/consensus.go:797	new block commited	{"CURRENT VIEW": 6, "view": 3, "hash": "cLFzFj8B5QK8hCmGW/OU2JuMGjA5BWSI/G1faUNJ6uM="}
2022-11-27T04:58:17.233Z	DEBUG	replica=2	coded-hotterstuff/consensus.go:678	proposal is safe to vote on	{"CURRENT VIEW": 5, "msg": "proposal", "header view": 6, "prepare view": 4, "hash": "kFp8+So3McG2yp/crA+UXLJ7e1+L/NadJHrbEZU+si4=", "parent": "jgrj6scOqMsv2tOI5ilebUQ0EAUbjhBGBRf6AbYZ3ZQ="}
Node  2 +1 block finalized at time:  2022-11-27 04:58:17.236052462 +0000 UTC m=+42.480090288
replica 2 is forwarding chunk to replica 0
replica 2 is forwarding chunk to replica 1
replica 2 is forwarding chunk to replica 3
replica 2 is forwarding chunk to replica 4
replica 2 is forwarding chunk to replica 5
replica 2 is forwarding chunk to replica 7
replica 2 is forwarding chunk to replica 8
replica 2 is forwarding chunk to replica 0
replica 2 is forwarding chunk to replica 1
replica 2 is forwarding chunk to replica 3
replica 2 is forwarding chunk to replica 4
replica 2 is forwarding chunk to replica 5
replica 2 is forwarding chunk to replica 6
replica 2 is forwarding chunk to replica 8
replica 2 is forwarding chunk to replica 0
replica 2 is forwarding chunk to replica 1
replica 2 is forwarding chunk to replica 3
replica 2 is forwarding chunk to replica 4
replica 2 is forwarding chunk to replica 5
replica 2 is forwarding chunk to replica 7
replica 2 is forwarding chunk to replica 8
Decoded original proposal, time: 2022-11-27 04:58:21.798555148 +0000 UTC m=+47.042592985 header hash: [144 90 124 249 42 55 49 193 182 202 159 220 172 15 148 92 178 123 123 95 139 252 214 157 36 122 219 17 149 62 178 46]
2022-11-27T04:58:21.798Z	DEBUG	replica=2	coded-hotterstuff/consensus.go:576	received proposal	{"CURRENT VIEW": 6, "msg": "proposal", "header view": 6, "prepare view": 5, "hash": "kFp8+So3McG2yp/crA+UXLJ7e1+L/NadJHrbEZU+si4=", "parent": "jgrj6scOqMsv2tOI5ilebUQ0EAUbjhBGBRf6AbYZ3ZQ="}
replica 2 is forwarding chunk to replica 0
replica 2 is forwarding chunk to replica 1
replica 2 is forwarding chunk to replica 3
replica 2 is forwarding chunk to replica 4
replica 2 is forwarding chunk to replica 5
replica 2 is forwarding chunk to replica 6
replica 2 is forwarding chunk to replica 8
Decoded original proposal, time: 2022-11-27 04:58:24.096181756 +0000 UTC m=+49.340219642 header hash: [82 186 70 5 171 170 163 31 242 237 216 214 91 95 174 96 9 56 150 120 198 10 139 98 230 188 67 131 78 157 60 15]
2022-11-27T04:58:24.096Z	DEBUG	replica=2	coded-hotterstuff/consensus.go:576	received proposal	{"CURRENT VIEW": 6, "msg": "proposal", "header view": 7, "prepare view": 5, "hash": "UrpGBauqox/y7djWW1+uYAk4lnjGCoti5rxDg06dPA8=", "parent": "kFp8+So3McG2yp/crA+UXLJ7e1+L/NadJHrbEZU+si4="}
2022-11-27T04:58:24.105Z	DEBUG	replica=2	coded-hotterstuff/consensus.go:809	new block certified	{"CURRENT VIEW": 6, "view": 6, "hash": "kFp8+So3McG2yp/crA+UXLJ7e1+L/NadJHrbEZU+si4="}
2022-11-27T04:58:24.105Z	DEBUG	replica=2	coded-hotterstuff/consensus.go:520	entered new view	{"CURRENT VIEW": 7, "view timeout": 2, "timedout": false}
2022-11-27T04:58:24.105Z	DEBUG	replica=2	coded-hotterstuff/consensus.go:788	new block locked	{"CURRENT VIEW": 7, "view": 5, "hash": "jgrj6scOqMsv2tOI5ilebUQ0EAUbjhBGBRf6AbYZ3ZQ="}
2022-11-27T04:58:24.105Z	INFO	replica=2	coded-hotterstuff/consensus.go:797	new block commited	{"CURRENT VIEW": 7, "view": 4, "hash": "8WqYPi7RnJLtEHQ0we0AUFXAprYP7gJj7Cq2GuiCGb4="}
2022-11-27T04:58:24.105Z	DEBUG	replica=2	coded-hotterstuff/consensus.go:678	proposal is safe to vote on	{"CURRENT VIEW": 6, "msg": "proposal", "header view": 7, "prepare view": 5, "hash": "UrpGBauqox/y7djWW1+uYAk4lnjGCoti5rxDg06dPA8=", "parent": "kFp8+So3McG2yp/crA+UXLJ7e1+L/NadJHrbEZU+si4="}
Node  2 +1 block finalized at time:  2022-11-27 04:58:24.108301126 +0000 UTC m=+49.352338949
Decoded original proposal, time: 2022-11-27 04:58:25.717032848 +0000 UTC m=+50.961070737 header hash: [144 90 124 249 42 55 49 193 182 202 159 220 172 15 148 92 178 123 123 95 139 252 214 157 36 122 219 17 149 62 178 46]
2022-11-27T04:58:25.717Z	DEBUG	replica=2	coded-hotterstuff/consensus.go:576	received proposal	{"CURRENT VIEW": 7, "msg": "proposal", "header view": 6, "prepare view": 6, "hash": "kFp8+So3McG2yp/crA+UXLJ7e1+L/NadJHrbEZU+si4=", "parent": "jgrj6scOqMsv2tOI5ilebUQ0EAUbjhBGBRf6AbYZ3ZQ="}
2022-11-27T04:58:25.725Z	DEBUG	replica=2	coded-hotterstuff/consensus.go:667	proposal view doesn't match local view	{"CURRENT VIEW": 7, "msg": "proposal", "header view": 6, "prepare view": 6, "hash": "kFp8+So3McG2yp/crA+UXLJ7e1+L/NadJHrbEZU+si4=", "parent": "jgrj6scOqMsv2tOI5ilebUQ0EAUbjhBGBRf6AbYZ3ZQ="}
replica 2 is forwarding chunk to replica 0
replica 2 is forwarding chunk to replica 1
replica 2 is forwarding chunk to replica 3
replica 2 is forwarding chunk to replica 4
replica 2 is forwarding chunk to replica 5
replica 2 is forwarding chunk to replica 6
replica 2 is forwarding chunk to replica 8
Decoded original proposal, time: 2022-11-27 04:58:27.745315822 +0000 UTC m=+52.989353698 header hash: [82 186 70 5 171 170 163 31 242 237 216 214 91 95 174 96 9 56 150 120 198 10 139 98 230 188 67 131 78 157 60 15]
2022-11-27T04:58:27.745Z	DEBUG	replica=2	coded-hotterstuff/consensus.go:576	received proposal	{"CURRENT VIEW": 7, "msg": "proposal", "header view": 7, "prepare view": 6, "hash": "UrpGBauqox/y7djWW1+uYAk4lnjGCoti5rxDg06dPA8=", "parent": "kFp8+So3McG2yp/crA+UXLJ7e1+L/NadJHrbEZU+si4="}
replica 2 is forwarding chunk to replica 0
replica 2 is forwarding chunk to replica 1
replica 2 is forwarding chunk to replica 3
replica 2 is forwarding chunk to replica 4
replica 2 is forwarding chunk to replica 5
replica 2 is forwarding chunk to replica 6
replica 2 is forwarding chunk to replica 7
Decoded original proposal, time: 2022-11-27 04:58:29.405889352 +0000 UTC m=+54.649927261 header hash: [82 186 70 5 171 170 163 31 242 237 216 214 91 95 174 96 9 56 150 120 198 10 139 98 230 188 67 131 78 157 60 15]
2022-11-27T04:58:29.405Z	DEBUG	replica=2	coded-hotterstuff/consensus.go:576	received proposal	{"CURRENT VIEW": 7, "msg": "proposal", "header view": 7, "prepare view": 6, "hash": "UrpGBauqox/y7djWW1+uYAk4lnjGCoti5rxDg06dPA8=", "parent": "kFp8+So3McG2yp/crA+UXLJ7e1+L/NadJHrbEZU+si4="}
replica 2 is forwarding chunk to replica 0
replica 2 is forwarding chunk to replica 1
replica 2 is forwarding chunk to replica 3
replica 2 is forwarding chunk to replica 4
replica 2 is forwarding chunk to replica 5
replica 2 is forwarding chunk to replica 6
replica 2 is forwarding chunk to replica 7
Decoded original proposal, time: 2022-11-27 04:58:31.846617667 +0000 UTC m=+57.090655513 header hash: [9 212 205 28 110 251 47 242 141 111 167 241 108 89 12 35 155 222 125 75 78 184 7 35 235 24 77 74 102 255 131 11]
2022-11-27T04:58:31.846Z	DEBUG	replica=2	coded-hotterstuff/consensus.go:576	received proposal	{"CURRENT VIEW": 7, "msg": "proposal", "header view": 8, "prepare view": 6, "hash": "CdTNHG77L/KNb6fxbFkMI5vefUtOuAcj6xhNSmb/gws=", "parent": "UrpGBauqox/y7djWW1+uYAk4lnjGCoti5rxDg06dPA8="}
2022-11-27T04:58:31.855Z	DEBUG	replica=2	coded-hotterstuff/consensus.go:809	new block certified	{"CURRENT VIEW": 7, "view": 7, "hash": "UrpGBauqox/y7djWW1+uYAk4lnjGCoti5rxDg06dPA8="}
2022-11-27T04:58:31.856Z	DEBUG	replica=2	coded-hotterstuff/consensus.go:520	entered new view	{"CURRENT VIEW": 8, "view timeout": 2, "timedout": false}
2022-11-27T04:58:31.856Z	DEBUG	replica=2	coded-hotterstuff/consensus.go:788	new block locked	{"CURRENT VIEW": 8, "view": 6, "hash": "kFp8+So3McG2yp/crA+UXLJ7e1+L/NadJHrbEZU+si4="}
2022-11-27T04:58:31.856Z	INFO	replica=2	coded-hotterstuff/consensus.go:797	new block commited	{"CURRENT VIEW": 8, "view": 5, "hash": "jgrj6scOqMsv2tOI5ilebUQ0EAUbjhBGBRf6AbYZ3ZQ="}
2022-11-27T04:58:31.858Z	DEBUG	replica=2	coded-hotterstuff/consensus.go:678	proposal is safe to vote on	{"CURRENT VIEW": 7, "msg": "proposal", "header view": 8, "prepare view": 6, "hash": "CdTNHG77L/KNb6fxbFkMI5vefUtOuAcj6xhNSmb/gws=", "parent": "UrpGBauqox/y7djWW1+uYAk4lnjGCoti5rxDg06dPA8="}
Node  2 +1 block finalized at time:  2022-11-27 04:58:31.860789306 +0000 UTC m=+57.104827143
replica 2 is forwarding chunk to replica 0
replica 2 is forwarding chunk to replica 1
replica 2 is forwarding chunk to replica 3
replica 2 is forwarding chunk to replica 4
replica 2 is forwarding chunk to replica 5
replica 2 is forwarding chunk to replica 6
replica 2 is forwarding chunk to replica 7
Decoded original proposal, time: 2022-11-27 04:58:33.585341779 +0000 UTC m=+58.829379665 header hash: [9 212 205 28 110 251 47 242 141 111 167 241 108 89 12 35 155 222 125 75 78 184 7 35 235 24 77 74 102 255 131 11]
2022-11-27T04:58:33.585Z	DEBUG	replica=2	coded-hotterstuff/consensus.go:576	received proposal	{"CURRENT VIEW": 8, "msg": "proposal", "header view": 8, "prepare view": 7, "hash": "CdTNHG77L/KNb6fxbFkMI5vefUtOuAcj6xhNSmb/gws=", "parent": "UrpGBauqox/y7djWW1+uYAk4lnjGCoti5rxDg06dPA8="}
Decoded original proposal, time: 2022-11-27 04:58:35.254339797 +0000 UTC m=+60.498377644 header hash: [9 212 205 28 110 251 47 242 141 111 167 241 108 89 12 35 155 222 125 75 78 184 7 35 235 24 77 74 102 255 131 11]
2022-11-27T04:58:35.254Z	DEBUG	replica=2	coded-hotterstuff/consensus.go:576	received proposal	{"CURRENT VIEW": 8, "msg": "proposal", "header view": 8, "prepare view": 7, "hash": "CdTNHG77L/KNb6fxbFkMI5vefUtOuAcj6xhNSmb/gws=", "parent": "UrpGBauqox/y7djWW1+uYAk4lnjGCoti5rxDg06dPA8="}
replica 2 is forwarding chunk to replica 1
replica 2 is forwarding chunk to replica 3
replica 2 is forwarding chunk to replica 4
replica 2 is forwarding chunk to replica 5
replica 2 is forwarding chunk to replica 6
replica 2 is forwarding chunk to replica 7
replica 2 is forwarding chunk to replica 8
Decoded original proposal, time: 2022-11-27 04:58:38.327002991 +0000 UTC m=+63.571040878 header hash: [75 152 239 23 193 229 152 187 193 198 49 17 94 0 66 98 109 76 252 99 208 6 227 177 121 255 81 193 174 84 93 16]
2022-11-27T04:58:38.327Z	DEBUG	replica=2	coded-hotterstuff/consensus.go:576	received proposal	{"CURRENT VIEW": 8, "msg": "proposal", "header view": 9, "prepare view": 7, "hash": "S5jvF8HlmLvBxjERXgBCYm1M/GPQBuOxef9Rwa5UXRA=", "parent": "CdTNHG77L/KNb6fxbFkMI5vefUtOuAcj6xhNSmb/gws="}
2022-11-27T04:58:38.335Z	DEBUG	replica=2	coded-hotterstuff/consensus.go:809	new block certified	{"CURRENT VIEW": 8, "view": 8, "hash": "CdTNHG77L/KNb6fxbFkMI5vefUtOuAcj6xhNSmb/gws="}
2022-11-27T04:58:38.335Z	DEBUG	replica=2	coded-hotterstuff/consensus.go:520	entered new view	{"CURRENT VIEW": 9, "view timeout": 2, "timedout": false}
2022-11-27T04:58:38.336Z	DEBUG	replica=2	coded-hotterstuff/consensus.go:788	new block locked	{"CURRENT VIEW": 9, "view": 7, "hash": "UrpGBauqox/y7djWW1+uYAk4lnjGCoti5rxDg06dPA8="}
2022-11-27T04:58:38.336Z	INFO	replica=2	coded-hotterstuff/consensus.go:797	new block commited	{"CURRENT VIEW": 9, "view": 6, "hash": "kFp8+So3McG2yp/crA+UXLJ7e1+L/NadJHrbEZU+si4="}
2022-11-27T04:58:38.338Z	DEBUG	replica=2	coded-hotterstuff/consensus.go:678	proposal is safe to vote on	{"CURRENT VIEW": 8, "msg": "proposal", "header view": 9, "prepare view": 7, "hash": "S5jvF8HlmLvBxjERXgBCYm1M/GPQBuOxef9Rwa5UXRA=", "parent": "CdTNHG77L/KNb6fxbFkMI5vefUtOuAcj6xhNSmb/gws="}
Node  2 +1 block finalized at time:  2022-11-27 04:58:38.340436607 +0000 UTC m=+63.584474435
replica 2 is forwarding chunk to replica 1
replica 2 is forwarding chunk to replica 3
replica 2 is forwarding chunk to replica 4
replica 2 is forwarding chunk to replica 5
replica 2 is forwarding chunk to replica 6
replica 2 is forwarding chunk to replica 7
replica 2 is forwarding chunk to replica 8
Decoded original proposal, time: 2022-11-27 04:58:42.04339514 +0000 UTC m=+67.287433024 header hash: [75 152 239 23 193 229 152 187 193 198 49 17 94 0 66 98 109 76 252 99 208 6 227 177 121 255 81 193 174 84 93 16]
2022-11-27T04:58:42.043Z	DEBUG	replica=2	coded-hotterstuff/consensus.go:576	received proposal	{"CURRENT VIEW": 9, "msg": "proposal", "header view": 9, "prepare view": 8, "hash": "S5jvF8HlmLvBxjERXgBCYm1M/GPQBuOxef9Rwa5UXRA=", "parent": "CdTNHG77L/KNb6fxbFkMI5vefUtOuAcj6xhNSmb/gws="}
replica 2 is forwarding chunk to replica 0
replica 2 is forwarding chunk to replica 3
replica 2 is forwarding chunk to replica 4
replica 2 is forwarding chunk to replica 5
replica 2 is forwarding chunk to replica 6
replica 2 is forwarding chunk to replica 7
replica 2 is forwarding chunk to replica 8
2022-11-27T04:58:42.894Z	DEBUG	replica=2	coded-hotterstuff/consensus.go:965	received vote	{"CURRENT VIEW": 9, "msg": "vote", "voter": 1, "view": 9, "hash": "Gymi6tg4A5LZy8aiMG6k221RFpMttMcj9dlrzPCBVG4="}
Node  2  received vote before proposal, saving vote in pending votes, hash is  [27 41 162 234 216 56 3 146 217 203 198 162 48 110 164 219 109 81 22 147 45 180 199 35 245 217 107 204 240 129 84 110]  and string is,  10
2022-11-27T04:58:42.894Z	DEBUG	replica=2	coded-hotterstuff/consensus.go:970	Received vote before proposal, key is, 10	{"CURRENT VIEW": 9}
replica 2 is forwarding chunk to replica 1
replica 2 is forwarding chunk to replica 3
replica 2 is forwarding chunk to replica 4
replica 2 is forwarding chunk to replica 5
replica 2 is forwarding chunk to replica 6
replica 2 is forwarding chunk to replica 7
replica 2 is forwarding chunk to replica 8
replica 2 is forwarding chunk to replica 0
replica 2 is forwarding chunk to replica 3
replica 2 is forwarding chunk to replica 4
replica 2 is forwarding chunk to replica 5
replica 2 is forwarding chunk to replica 6
replica 2 is forwarding chunk to replica 7
replica 2 is forwarding chunk to replica 8
2022-11-27T04:58:45.333Z	DEBUG	replica=2	coded-hotterstuff/consensus.go:965	received vote	{"CURRENT VIEW": 9, "msg": "vote", "voter": 5, "view": 9, "hash": "Gymi6tg4A5LZy8aiMG6k221RFpMttMcj9dlrzPCBVG4="}
2022-11-27T04:58:45.697Z	DEBUG	replica=2	coded-hotterstuff/consensus.go:965	received vote	{"CURRENT VIEW": 9, "msg": "vote", "voter": 4, "view": 9, "hash": "Gymi6tg4A5LZy8aiMG6k221RFpMttMcj9dlrzPCBVG4="}
Decoded original proposal, time: 2022-11-27 04:58:45.7359754 +0000 UTC m=+70.980013306 header hash: [75 152 239 23 193 229 152 187 193 198 49 17 94 0 66 98 109 76 252 99 208 6 227 177 121 255 81 193 174 84 93 16]
2022-11-27T04:58:45.736Z	DEBUG	replica=2	coded-hotterstuff/consensus.go:576	received proposal	{"CURRENT VIEW": 9, "msg": "proposal", "header view": 9, "prepare view": 8, "hash": "S5jvF8HlmLvBxjERXgBCYm1M/GPQBuOxef9Rwa5UXRA=", "parent": "CdTNHG77L/KNb6fxbFkMI5vefUtOuAcj6xhNSmb/gws="}
Decoded original proposal, time: 2022-11-27 04:58:45.782026412 +0000 UTC m=+71.026064311 header hash: [27 41 162 234 216 56 3 146 217 203 198 162 48 110 164 219 109 81 22 147 45 180 199 35 245 217 107 204 240 129 84 110]
2022-11-27T04:58:45.782Z	DEBUG	replica=2	coded-hotterstuff/consensus.go:576	received proposal	{"CURRENT VIEW": 9, "msg": "proposal", "header view": 10, "prepare view": 8, "hash": "Gymi6tg4A5LZy8aiMG6k221RFpMttMcj9dlrzPCBVG4=", "parent": "S5jvF8HlmLvBxjERXgBCYm1M/GPQBuOxef9Rwa5UXRA="}
2022-11-27T04:58:45.789Z	DEBUG	replica=2	coded-hotterstuff/consensus.go:809	new block certified	{"CURRENT VIEW": 9, "view": 9, "hash": "S5jvF8HlmLvBxjERXgBCYm1M/GPQBuOxef9Rwa5UXRA="}
2022-11-27T04:58:45.790Z	DEBUG	replica=2	coded-hotterstuff/consensus.go:520	entered new view	{"CURRENT VIEW": 10, "view timeout": 2, "timedout": false}
2022-11-27T04:58:45.790Z	DEBUG	replica=2	coded-hotterstuff/consensus.go:535	replica is a leader for next view. collecting new-view messages	{"CURRENT VIEW": 10}
2022-11-27T04:58:45.790Z	DEBUG	replica=2	coded-hotterstuff/consensus.go:788	new block locked	{"CURRENT VIEW": 10, "view": 8, "hash": "CdTNHG77L/KNb6fxbFkMI5vefUtOuAcj6xhNSmb/gws="}
2022-11-27T04:58:45.790Z	INFO	replica=2	coded-hotterstuff/consensus.go:797	new block commited	{"CURRENT VIEW": 10, "view": 7, "hash": "UrpGBauqox/y7djWW1+uYAk4lnjGCoti5rxDg06dPA8="}
2022-11-27T04:58:45.791Z	DEBUG	replica=2	coded-hotterstuff/consensus.go:678	proposal is safe to vote on	{"CURRENT VIEW": 9, "msg": "proposal", "header view": 10, "prepare view": 8, "hash": "Gymi6tg4A5LZy8aiMG6k221RFpMttMcj9dlrzPCBVG4=", "parent": "S5jvF8HlmLvBxjERXgBCYm1M/GPQBuOxef9Rwa5UXRA="}
2022-11-27T04:58:45.791Z	DEBUG	replica=2	coded-hotterstuff/consensus.go:758	Taking care of pending vote 10	{"CURRENT VIEW": 10}
2022-11-27T04:58:45.791Z	DEBUG	replica=2	coded-hotterstuff/consensus.go:965	received vote	{"CURRENT VIEW": 10, "msg": "vote", "voter": 1, "view": 10, "hash": "Gymi6tg4A5LZy8aiMG6k221RFpMttMcj9dlrzPCBVG4="}
2022-11-27T04:58:45.797Z	DEBUG	replica=2	coded-hotterstuff/consensus.go:758	Taking care of pending vote 10	{"CURRENT VIEW": 10}
2022-11-27T04:58:45.797Z	DEBUG	replica=2	coded-hotterstuff/consensus.go:965	received vote	{"CURRENT VIEW": 10, "msg": "vote", "voter": 5, "view": 10, "hash": "Gymi6tg4A5LZy8aiMG6k221RFpMttMcj9dlrzPCBVG4="}
2022-11-27T04:58:45.803Z	DEBUG	replica=2	coded-hotterstuff/consensus.go:758	Taking care of pending vote 10	{"CURRENT VIEW": 10}
2022-11-27T04:58:45.803Z	DEBUG	replica=2	coded-hotterstuff/consensus.go:965	received vote	{"CURRENT VIEW": 10, "msg": "vote", "voter": 4, "view": 10, "hash": "Gymi6tg4A5LZy8aiMG6k221RFpMttMcj9dlrzPCBVG4="}
2022-11-27T04:58:45.811Z	DEBUG	replica=2	coded-hotterstuff/consensus.go:965	received vote	{"CURRENT VIEW": 10, "msg": "vote", "voter": 2, "view": 10, "hash": "Gymi6tg4A5LZy8aiMG6k221RFpMttMcj9dlrzPCBVG4="}
Node  2 +1 block finalized at time:  2022-11-27 04:58:45.817492962 +0000 UTC m=+71.061530786
2022-11-27T04:58:45.838Z	DEBUG	replica=2	coded-hotterstuff/consensus.go:965	received vote	{"CURRENT VIEW": 10, "msg": "vote", "voter": 0, "view": 10, "hash": "Gymi6tg4A5LZy8aiMG6k221RFpMttMcj9dlrzPCBVG4="}
2022-11-27T04:58:46.633Z	DEBUG	replica=2	coded-hotterstuff/consensus.go:965	received vote	{"CURRENT VIEW": 10, "msg": "vote", "voter": 8, "view": 10, "hash": "Gymi6tg4A5LZy8aiMG6k221RFpMttMcj9dlrzPCBVG4="}
replica 2 is forwarding chunk to replica 0
replica 2 is forwarding chunk to replica 3
replica 2 is forwarding chunk to replica 4
replica 2 is forwarding chunk to replica 5
replica 2 is forwarding chunk to replica 6
replica 2 is forwarding chunk to replica 7
replica 2 is forwarding chunk to replica 8
Decoded original proposal, time: 2022-11-27 04:58:48.311012656 +0000 UTC m=+73.555050501 header hash: [27 41 162 234 216 56 3 146 217 203 198 162 48 110 164 219 109 81 22 147 45 180 199 35 245 217 107 204 240 129 84 110]
2022-11-27T04:58:48.311Z	DEBUG	replica=2	coded-hotterstuff/consensus.go:576	received proposal	{"CURRENT VIEW": 10, "msg": "proposal", "header view": 10, "prepare view": 9, "hash": "Gymi6tg4A5LZy8aiMG6k221RFpMttMcj9dlrzPCBVG4=", "parent": "S5jvF8HlmLvBxjERXgBCYm1M/GPQBuOxef9Rwa5UXRA="}
2022-11-27T04:58:48.320Z	DEBUG	replica=2	coded-hotterstuff/consensus.go:965	received vote	{"CURRENT VIEW": 10, "msg": "vote", "voter": 6, "view": 10, "hash": "Gymi6tg4A5LZy8aiMG6k221RFpMttMcj9dlrzPCBVG4="}
2022-11-27T04:58:48.326Z	DEBUG	replica=2	coded-hotterstuff/consensus.go:809	new block certified	{"CURRENT VIEW": 10, "view": 10, "hash": "Gymi6tg4A5LZy8aiMG6k221RFpMttMcj9dlrzPCBVG4="}
2022-11-27T04:58:48.326Z	DEBUG	replica=2	coded-hotterstuff/consensus.go:520	entered new view	{"CURRENT VIEW": 11, "view timeout": 2, "timedout": false}
2022-11-27T04:58:48.326Z	DEBUG	replica=2	coded-hotterstuff/consensus.go:544	replica is a leader for this view. waiting for data	{"CURRENT VIEW": 11}
2022-11-27T04:58:48.326Z	DEBUG	replica=2	coded-hotterstuff/consensus.go:520	entered new view	{"CURRENT VIEW": 11, "view timeout": 2, "timedout": false}
2022-11-27T04:58:48.326Z	DEBUG	replica=2	coded-hotterstuff/consensus.go:544	replica is a leader for this view. waiting for data	{"CURRENT VIEW": 11}
2022-11-27T04:58:48.329Z	DEBUG	replica=2	coded-hotterstuff/consensus.go:238	sending proposal	{"CURRENT VIEW": 11, "hash": "JHDKbuvn/qlEbMiFGVnXE7z7VfFJm3NDC7AQEWpkt3w=", "parent": "Gymi6tg4A5LZy8aiMG6k221RFpMttMcj9dlrzPCBVG4=", "signer": 2}
2022-11-27T04:58:48.330Z	DEBUG	replica=2	coded-hotterstuff/consensus.go:576	received proposal	{"CURRENT VIEW": 11, "msg": "proposal", "header view": 11, "prepare view": 10, "hash": "JHDKbuvn/qlEbMiFGVnXE7z7VfFJm3NDC7AQEWpkt3w=", "parent": "Gymi6tg4A5LZy8aiMG6k221RFpMttMcj9dlrzPCBVG4="}
2022-11-27T04:58:48.337Z	DEBUG	replica=2	coded-hotterstuff/consensus.go:788	new block locked	{"CURRENT VIEW": 11, "view": 9, "hash": "S5jvF8HlmLvBxjERXgBCYm1M/GPQBuOxef9Rwa5UXRA="}
2022-11-27T04:58:48.337Z	INFO	replica=2	coded-hotterstuff/consensus.go:797	new block commited	{"CURRENT VIEW": 11, "view": 8, "hash": "CdTNHG77L/KNb6fxbFkMI5vefUtOuAcj6xhNSmb/gws="}
2022-11-27T04:58:48.340Z	DEBUG	replica=2	coded-hotterstuff/consensus.go:678	proposal is safe to vote on	{"CURRENT VIEW": 11, "msg": "proposal", "header view": 11, "prepare view": 10, "hash": "JHDKbuvn/qlEbMiFGVnXE7z7VfFJm3NDC7AQEWpkt3w=", "parent": "Gymi6tg4A5LZy8aiMG6k221RFpMttMcj9dlrzPCBVG4="}
Node  2 +1 block finalized at time:  2022-11-27 04:58:48.342873031 +0000 UTC m=+73.586910854
2022-11-27T04:58:49.394Z	DEBUG	replica=2	coded-hotterstuff/consensus.go:965	received vote	{"CURRENT VIEW": 11, "msg": "vote", "voter": 3, "view": 11, "hash": "Gymi6tg4A5LZy8aiMG6k221RFpMttMcj9dlrzPCBVG4="}
2022-11-27T04:58:49.399Z	DEBUG	replica=2	coded-hotterstuff/consensus.go:520	entered new view	{"CURRENT VIEW": 11, "view timeout": 2, "timedout": false}
2022-11-27T04:58:49.399Z	DEBUG	replica=2	coded-hotterstuff/consensus.go:544	replica is a leader for this view. waiting for data	{"CURRENT VIEW": 11}
2022-11-27T04:58:49.403Z	DEBUG	replica=2	coded-hotterstuff/consensus.go:238	sending proposal	{"CURRENT VIEW": 11, "hash": "JHDKbuvn/qlEbMiFGVnXE7z7VfFJm3NDC7AQEWpkt3w=", "parent": "Gymi6tg4A5LZy8aiMG6k221RFpMttMcj9dlrzPCBVG4=", "signer": 2}
2022-11-27T04:58:49.404Z	DEBUG	replica=2	coded-hotterstuff/consensus.go:576	received proposal	{"CURRENT VIEW": 11, "msg": "proposal", "header view": 11, "prepare view": 10, "hash": "JHDKbuvn/qlEbMiFGVnXE7z7VfFJm3NDC7AQEWpkt3w=", "parent": "Gymi6tg4A5LZy8aiMG6k221RFpMttMcj9dlrzPCBVG4="}
Decoded original proposal, time: 2022-11-27 04:58:51.403198662 +0000 UTC m=+76.647236547 header hash: [27 41 162 234 216 56 3 146 217 203 198 162 48 110 164 219 109 81 22 147 45 180 199 35 245 217 107 204 240 129 84 110]
2022-11-27T04:58:51.403Z	DEBUG	replica=2	coded-hotterstuff/consensus.go:576	received proposal	{"CURRENT VIEW": 11, "msg": "proposal", "header view": 10, "prepare view": 10, "hash": "Gymi6tg4A5LZy8aiMG6k221RFpMttMcj9dlrzPCBVG4=", "parent": "S5jvF8HlmLvBxjERXgBCYm1M/GPQBuOxef9Rwa5UXRA="}
2022-11-27T04:58:51.411Z	DEBUG	replica=2	coded-hotterstuff/consensus.go:667	proposal view doesn't match local view	{"CURRENT VIEW": 11, "msg": "proposal", "header view": 10, "prepare view": 10, "hash": "Gymi6tg4A5LZy8aiMG6k221RFpMttMcj9dlrzPCBVG4=", "parent": "S5jvF8HlmLvBxjERXgBCYm1M/GPQBuOxef9Rwa5UXRA="}
2022-11-27T04:58:51.411Z	DEBUG	replica=2	coded-hotterstuff/consensus.go:965	received vote	{"CURRENT VIEW": 11, "msg": "vote", "voter": 7, "view": 11, "hash": "Gymi6tg4A5LZy8aiMG6k221RFpMttMcj9dlrzPCBVG4="}
2022-11-27T04:58:51.417Z	DEBUG	replica=2	coded-hotterstuff/consensus.go:520	entered new view	{"CURRENT VIEW": 11, "view timeout": 2, "timedout": false}
2022-11-27T04:58:51.417Z	DEBUG	replica=2	coded-hotterstuff/consensus.go:544	replica is a leader for this view. waiting for data	{"CURRENT VIEW": 11}
2022-11-27T04:58:51.421Z	DEBUG	replica=2	coded-hotterstuff/consensus.go:238	sending proposal	{"CURRENT VIEW": 11, "hash": "JHDKbuvn/qlEbMiFGVnXE7z7VfFJm3NDC7AQEWpkt3w=", "parent": "Gymi6tg4A5LZy8aiMG6k221RFpMttMcj9dlrzPCBVG4=", "signer": 2}
2022-11-27T04:58:51.424Z	DEBUG	replica=2	coded-hotterstuff/consensus.go:576	received proposal	{"CURRENT VIEW": 11, "msg": "proposal", "header view": 11, "prepare view": 10, "hash": "JHDKbuvn/qlEbMiFGVnXE7z7VfFJm3NDC7AQEWpkt3w=", "parent": "Gymi6tg4A5LZy8aiMG6k221RFpMttMcj9dlrzPCBVG4="}
replica 2 is forwarding chunk to replica 0
replica 2 is forwarding chunk to replica 1
replica 2 is forwarding chunk to replica 4
replica 2 is forwarding chunk to replica 5
replica 2 is forwarding chunk to replica 6
replica 2 is forwarding chunk to replica 7
replica 2 is forwarding chunk to replica 8
replica 2 is forwarding chunk to replica 0
replica 2 is forwarding chunk to replica 1
replica 2 is forwarding chunk to replica 4
replica 2 is forwarding chunk to replica 5
replica 2 is forwarding chunk to replica 6
replica 2 is forwarding chunk to replica 7
replica 2 is forwarding chunk to replica 8
replica 2 is forwarding chunk to replica 0
replica 2 is forwarding chunk to replica 1
replica 2 is forwarding chunk to replica 4
replica 2 is forwarding chunk to replica 5
replica 2 is forwarding chunk to replica 6
replica 2 is forwarding chunk to replica 7
replica 2 is forwarding chunk to replica 8
Decoded original proposal, time: 2022-11-27 04:59:01.346971442 +0000 UTC m=+86.591009302 header hash: [225 164 165 204 236 180 59 151 178 38 118 190 136 53 193 22 146 46 81 162 175 160 6 50 132 174 159 221 166 0 223 96]
2022-11-27T04:59:01.347Z	DEBUG	replica=2	coded-hotterstuff/consensus.go:576	received proposal	{"CURRENT VIEW": 11, "msg": "proposal", "header view": 12, "prepare view": 10, "hash": "4aSlzOy0O5eyJna+iDXBFpIuUaKvoAYyhK6f3aYA32A=", "parent": "JHDKbuvn/qlEbMiFGVnXE7z7VfFJm3NDC7AQEWpkt3w="}
2022-11-27T04:59:01.355Z	DEBUG	replica=2	coded-hotterstuff/consensus.go:809	new block certified	{"CURRENT VIEW": 11, "view": 11, "hash": "JHDKbuvn/qlEbMiFGVnXE7z7VfFJm3NDC7AQEWpkt3w="}
2022-11-27T04:59:01.355Z	DEBUG	replica=2	coded-hotterstuff/consensus.go:520	entered new view	{"CURRENT VIEW": 12, "view timeout": 2, "timedout": false}
2022-11-27T04:59:01.355Z	DEBUG	replica=2	coded-hotterstuff/consensus.go:788	new block locked	{"CURRENT VIEW": 12, "view": 10, "hash": "Gymi6tg4A5LZy8aiMG6k221RFpMttMcj9dlrzPCBVG4="}
2022-11-27T04:59:01.355Z	INFO	replica=2	coded-hotterstuff/consensus.go:797	new block commited	{"CURRENT VIEW": 12, "view": 9, "hash": "S5jvF8HlmLvBxjERXgBCYm1M/GPQBuOxef9Rwa5UXRA="}
2022-11-27T04:59:01.356Z	DEBUG	replica=2	coded-hotterstuff/consensus.go:678	proposal is safe to vote on	{"CURRENT VIEW": 11, "msg": "proposal", "header view": 12, "prepare view": 10, "hash": "4aSlzOy0O5eyJna+iDXBFpIuUaKvoAYyhK6f3aYA32A=", "parent": "JHDKbuvn/qlEbMiFGVnXE7z7VfFJm3NDC7AQEWpkt3w="}
Node  2 +1 block finalized at time:  2022-11-27 04:59:01.359179659 +0000 UTC m=+86.603217487
Decoded original proposal, time: 2022-11-27 04:59:03.262327947 +0000 UTC m=+88.506365831 header hash: [225 164 165 204 236 180 59 151 178 38 118 190 136 53 193 22 146 46 81 162 175 160 6 50 132 174 159 221 166 0 223 96]
2022-11-27T04:59:03.262Z	DEBUG	replica=2	coded-hotterstuff/consensus.go:576	received proposal	{"CURRENT VIEW": 12, "msg": "proposal", "header view": 12, "prepare view": 11, "hash": "4aSlzOy0O5eyJna+iDXBFpIuUaKvoAYyhK6f3aYA32A=", "parent": "JHDKbuvn/qlEbMiFGVnXE7z7VfFJm3NDC7AQEWpkt3w="}
replica 2 is forwarding chunk to replica 0
replica 2 is forwarding chunk to replica 1
replica 2 is forwarding chunk to replica 3
replica 2 is forwarding chunk to replica 5
replica 2 is forwarding chunk to replica 6
replica 2 is forwarding chunk to replica 7
replica 2 is forwarding chunk to replica 8
Decoded original proposal, time: 2022-11-27 04:59:05.406082666 +0000 UTC m=+90.650120558 header hash: [225 164 165 204 236 180 59 151 178 38 118 190 136 53 193 22 146 46 81 162 175 160 6 50 132 174 159 221 166 0 223 96]
2022-11-27T04:59:05.406Z	DEBUG	replica=2	coded-hotterstuff/consensus.go:576	received proposal	{"CURRENT VIEW": 12, "msg": "proposal", "header view": 12, "prepare view": 11, "hash": "4aSlzOy0O5eyJna+iDXBFpIuUaKvoAYyhK6f3aYA32A=", "parent": "JHDKbuvn/qlEbMiFGVnXE7z7VfFJm3NDC7AQEWpkt3w="}
replica 2 is forwarding chunk to replica 0
replica 2 is forwarding chunk to replica 1
replica 2 is forwarding chunk to replica 3
replica 2 is forwarding chunk to replica 5
replica 2 is forwarding chunk to replica 6
replica 2 is forwarding chunk to replica 7
replica 2 is forwarding chunk to replica 8
replica 2 is forwarding chunk to replica 0
replica 2 is forwarding chunk to replica 1
replica 2 is forwarding chunk to replica 3
replica 2 is forwarding chunk to replica 5
replica 2 is forwarding chunk to replica 6
replica 2 is forwarding chunk to replica 7
replica 2 is forwarding chunk to replica 8
Decoded original proposal, time: 2022-11-27 04:59:08.813249688 +0000 UTC m=+94.057287573 header hash: [55 71 12 88 170 89 30 100 228 23 243 137 27 6 133 29 78 24 217 198 107 27 88 123 223 127 133 219 145 253 87 161]
2022-11-27T04:59:08.813Z	DEBUG	replica=2	coded-hotterstuff/consensus.go:576	received proposal	{"CURRENT VIEW": 12, "msg": "proposal", "header view": 13, "prepare view": 11, "hash": "N0cMWKpZHmTkF/OJGwaFHU4Y2cZrG1h733+F25H9V6E=", "parent": "4aSlzOy0O5eyJna+iDXBFpIuUaKvoAYyhK6f3aYA32A="}
2022-11-27T04:59:08.821Z	DEBUG	replica=2	coded-hotterstuff/consensus.go:809	new block certified	{"CURRENT VIEW": 12, "view": 12, "hash": "4aSlzOy0O5eyJna+iDXBFpIuUaKvoAYyhK6f3aYA32A="}
2022-11-27T04:59:08.821Z	DEBUG	replica=2	coded-hotterstuff/consensus.go:520	entered new view	{"CURRENT VIEW": 13, "view timeout": 2, "timedout": false}
2022-11-27T04:59:08.821Z	DEBUG	replica=2	coded-hotterstuff/consensus.go:788	new block locked	{"CURRENT VIEW": 13, "view": 11, "hash": "JHDKbuvn/qlEbMiFGVnXE7z7VfFJm3NDC7AQEWpkt3w="}
2022-11-27T04:59:08.821Z	INFO	replica=2	coded-hotterstuff/consensus.go:797	new block commited	{"CURRENT VIEW": 13, "view": 10, "hash": "Gymi6tg4A5LZy8aiMG6k221RFpMttMcj9dlrzPCBVG4="}
2022-11-27T04:59:08.826Z	DEBUG	replica=2	coded-hotterstuff/consensus.go:678	proposal is safe to vote on	{"CURRENT VIEW": 12, "msg": "proposal", "header view": 13, "prepare view": 11, "hash": "N0cMWKpZHmTkF/OJGwaFHU4Y2cZrG1h733+F25H9V6E=", "parent": "4aSlzOy0O5eyJna+iDXBFpIuUaKvoAYyhK6f3aYA32A="}
Node  2 +1 block finalized at time:  2022-11-27 04:59:08.828242138 +0000 UTC m=+94.072279962
Decoded original proposal, time: 2022-11-27 04:59:11.246565271 +0000 UTC m=+96.490603163 header hash: [55 71 12 88 170 89 30 100 228 23 243 137 27 6 133 29 78 24 217 198 107 27 88 123 223 127 133 219 145 253 87 161]
2022-11-27T04:59:11.246Z	DEBUG	replica=2	coded-hotterstuff/consensus.go:576	received proposal	{"CURRENT VIEW": 13, "msg": "proposal", "header view": 13, "prepare view": 12, "hash": "N0cMWKpZHmTkF/OJGwaFHU4Y2cZrG1h733+F25H9V6E=", "parent": "4aSlzOy0O5eyJna+iDXBFpIuUaKvoAYyhK6f3aYA32A="}
Decoded original proposal, time: 2022-11-27 04:59:13.468430539 +0000 UTC m=+98.712468425 header hash: [55 71 12 88 170 89 30 100 228 23 243 137 27 6 133 29 78 24 217 198 107 27 88 123 223 127 133 219 145 253 87 161]
2022-11-27T04:59:13.468Z	DEBUG	replica=2	coded-hotterstuff/consensus.go:576	received proposal	{"CURRENT VIEW": 13, "msg": "proposal", "header view": 13, "prepare view": 12, "hash": "N0cMWKpZHmTkF/OJGwaFHU4Y2cZrG1h733+F25H9V6E=", "parent": "4aSlzOy0O5eyJna+iDXBFpIuUaKvoAYyhK6f3aYA32A="}
replica 2 is forwarding chunk to replica 0
replica 2 is forwarding chunk to replica 1
replica 2 is forwarding chunk to replica 3
replica 2 is forwarding chunk to replica 4
replica 2 is forwarding chunk to replica 6
replica 2 is forwarding chunk to replica 7
replica 2 is forwarding chunk to replica 8
Decoded original proposal, time: 2022-11-27 04:59:16.420696553 +0000 UTC m=+101.664734457 header hash: [179 79 157 9 84 57 195 200 132 217 159 131 10 204 29 20 183 79 241 0 252 79 239 189 106 39 9 193 130 153 110 137]
2022-11-27T04:59:16.420Z	DEBUG	replica=2	coded-hotterstuff/consensus.go:576	received proposal	{"CURRENT VIEW": 13, "msg": "proposal", "header view": 14, "prepare view": 12, "hash": "s0+dCVQ5w8iE2Z+DCswdFLdP8QD8T++9aicJwYKZbok=", "parent": "N0cMWKpZHmTkF/OJGwaFHU4Y2cZrG1h733+F25H9V6E="}
2022-11-27T04:59:16.428Z	DEBUG	replica=2	coded-hotterstuff/consensus.go:809	new block certified	{"CURRENT VIEW": 13, "view": 13, "hash": "N0cMWKpZHmTkF/OJGwaFHU4Y2cZrG1h733+F25H9V6E="}
2022-11-27T04:59:16.428Z	DEBUG	replica=2	coded-hotterstuff/consensus.go:520	entered new view	{"CURRENT VIEW": 14, "view timeout": 2, "timedout": false}
2022-11-27T04:59:16.428Z	DEBUG	replica=2	coded-hotterstuff/consensus.go:788	new block locked	{"CURRENT VIEW": 14, "view": 12, "hash": "4aSlzOy0O5eyJna+iDXBFpIuUaKvoAYyhK6f3aYA32A="}
2022-11-27T04:59:16.428Z	INFO	replica=2	coded-hotterstuff/consensus.go:797	new block commited	{"CURRENT VIEW": 14, "view": 11, "hash": "JHDKbuvn/qlEbMiFGVnXE7z7VfFJm3NDC7AQEWpkt3w="}
2022-11-27T04:59:16.429Z	DEBUG	replica=2	coded-hotterstuff/consensus.go:678	proposal is safe to vote on	{"CURRENT VIEW": 13, "msg": "proposal", "header view": 14, "prepare view": 12, "hash": "s0+dCVQ5w8iE2Z+DCswdFLdP8QD8T++9aicJwYKZbok=", "parent": "N0cMWKpZHmTkF/OJGwaFHU4Y2cZrG1h733+F25H9V6E="}
Node  2 +1 block finalized at time:  2022-11-27 04:59:16.431934661 +0000 UTC m=+101.675972497
replica 2 is forwarding chunk to replica 0
replica 2 is forwarding chunk to replica 1
replica 2 is forwarding chunk to replica 3
replica 2 is forwarding chunk to replica 4
replica 2 is forwarding chunk to replica 6
replica 2 is forwarding chunk to replica 7
replica 2 is forwarding chunk to replica 8
Decoded original proposal, time: 2022-11-27 04:59:18.19606851 +0000 UTC m=+103.440106393 header hash: [179 79 157 9 84 57 195 200 132 217 159 131 10 204 29 20 183 79 241 0 252 79 239 189 106 39 9 193 130 153 110 137]
2022-11-27T04:59:18.196Z	DEBUG	replica=2	coded-hotterstuff/consensus.go:576	received proposal	{"CURRENT VIEW": 14, "msg": "proposal", "header view": 14, "prepare view": 13, "hash": "s0+dCVQ5w8iE2Z+DCswdFLdP8QD8T++9aicJwYKZbok=", "parent": "N0cMWKpZHmTkF/OJGwaFHU4Y2cZrG1h733+F25H9V6E="}
replica 2 is forwarding chunk to replica 0
replica 2 is forwarding chunk to replica 1
replica 2 is forwarding chunk to replica 3
replica 2 is forwarding chunk to replica 4
replica 2 is forwarding chunk to replica 6
replica 2 is forwarding chunk to replica 7
replica 2 is forwarding chunk to replica 8
Decoded original proposal, time: 2022-11-27 04:59:19.87229878 +0000 UTC m=+105.116336624 header hash: [179 79 157 9 84 57 195 200 132 217 159 131 10 204 29 20 183 79 241 0 252 79 239 189 106 39 9 193 130 153 110 137]
2022-11-27T04:59:19.872Z	DEBUG	replica=2	coded-hotterstuff/consensus.go:576	received proposal	{"CURRENT VIEW": 14, "msg": "proposal", "header view": 14, "prepare view": 13, "hash": "s0+dCVQ5w8iE2Z+DCswdFLdP8QD8T++9aicJwYKZbok=", "parent": "N0cMWKpZHmTkF/OJGwaFHU4Y2cZrG1h733+F25H9V6E="}
