Node index: 5
[10.0.1.0:9000 10.0.1.2:9001 10.0.1.4:9002 10.0.1.6:9003 10.0.1.8:9004 10.0.1.10:9005 10.0.1.12:9006 10.0.1.14:9007 10.0.1.16:9008]
node 5 initiating connection to 10.0.1.2:9001
node 5 initiating connection to 10.0.1.4:9002
node 5 successfully initiated connection to 10.0.1.2:9001
node 5 initiating connection to 10.0.1.0:9000
node 5 successfully initiated connection to 10.0.1.4:9002
node 5 successfully initiated connection to 10.0.1.0:9000
node 5 initiating connection to 10.0.1.6:9003
node 5 successfully initiated connection to 10.0.1.6:9003
node 5 initiating connection to 10.0.1.8:9004
node 5 successfully initiated connection to 10.0.1.8:9004
connection established 5 - 7
Node  5 -->  Listening for messages... 
connection established 5 - 8
Node  5 -->  Listening for messages... 
connection established 5 - 6
Node  5 -->  Listening for messages... 
connection established 5 - 0
Node  5 -->  Listening for messages... 
connection established 5 - 1
Node  5 -->  Listening for messages... 
connection established 5 - 2
Node  5 -->  Listening for messages... 
connection established 5 - 3
Node  5 -->  Listening for messages... 
connection established 5 - 4
Node  5 -->  Listening for messages... 
2022-11-28T17:51:36.509Z	DEBUG	replica=5	coded-hotterstuff/consensus.go:520	entered new view	{"CURRENT VIEW": 1, "view timeout": 2, "timedout": false}
replica 5 is forwarding chunk to replica 0
replica 5 is forwarding chunk to replica 2
replica 5 is forwarding chunk to replica 3
replica 5 is forwarding chunk to replica 4
replica 5 is forwarding chunk to replica 6
replica 5 is forwarding chunk to replica 7
replica 5 is forwarding chunk to replica 8
Decoded original proposal, time: 2022-11-28 17:51:43.600754724 +0000 UTC m=+7.247301458 header hash: [72 160 180 233 149 231 108 139 103 97 149 83 197 114 214 128 107 110 76 231 61 205 42 18 190 82 86 133 4 78 235 255]
2022-11-28T17:51:43.600Z	DEBUG	replica=5	coded-hotterstuff/consensus.go:576	received proposal	{"CURRENT VIEW": 1, "msg": "proposal", "header view": 1, "prepare view": 0, "hash": "SKC06ZXnbItnYZVTxXLWgGtuTOc9zSoSvlJWhQRO6/8=", "parent": "GZWDhiYW+ib6TpJWRLDOftUd8y8ovAaEerQWDbefS7c="}
2022-11-28T17:51:43.608Z	DEBUG	replica=5	coded-hotterstuff/consensus.go:777	could not find gparent header	{"CURRENT VIEW": 1, "view": 0, "hash": "GZWDhiYW+ib6TpJWRLDOftUd8y8ovAaEerQWDbefS7c="}
2022-11-28T17:51:43.611Z	DEBUG	replica=5	coded-hotterstuff/consensus.go:678	proposal is safe to vote on	{"CURRENT VIEW": 1, "msg": "proposal", "header view": 1, "prepare view": 0, "hash": "SKC06ZXnbItnYZVTxXLWgGtuTOc9zSoSvlJWhQRO6/8=", "parent": "GZWDhiYW+ib6TpJWRLDOftUd8y8ovAaEerQWDbefS7c="}
replica 5 is forwarding chunk to replica 0
replica 5 is forwarding chunk to replica 1
replica 5 is forwarding chunk to replica 3
replica 5 is forwarding chunk to replica 4
replica 5 is forwarding chunk to replica 6
replica 5 is forwarding chunk to replica 7
replica 5 is forwarding chunk to replica 8
replica 5 is forwarding chunk to replica 0
replica 5 is forwarding chunk to replica 1
replica 5 is forwarding chunk to replica 3
replica 5 is forwarding chunk to replica 4
replica 5 is forwarding chunk to replica 6
replica 5 is forwarding chunk to replica 7
replica 5 is forwarding chunk to replica 8
Decoded original proposal, time: 2022-11-28 17:51:48.208951994 +0000 UTC m=+11.855498776 header hash: [112 240 93 77 174 234 64 155 158 20 106 227 158 234 134 149 230 112 20 24 127 150 17 128 149 69 129 124 42 247 80 171]
2022-11-28T17:51:48.208Z	DEBUG	replica=5	coded-hotterstuff/consensus.go:576	received proposal	{"CURRENT VIEW": 1, "msg": "proposal", "header view": 2, "prepare view": 0, "hash": "cPBdTa7qQJueFGrjnuqGleZwFBh/lhGAlUWBfCr3UKs=", "parent": "SKC06ZXnbItnYZVTxXLWgGtuTOc9zSoSvlJWhQRO6/8="}
2022-11-28T17:51:48.217Z	DEBUG	replica=5	coded-hotterstuff/consensus.go:809	new block certified	{"CURRENT VIEW": 1, "view": 1, "hash": "SKC06ZXnbItnYZVTxXLWgGtuTOc9zSoSvlJWhQRO6/8="}
2022-11-28T17:51:48.217Z	DEBUG	replica=5	coded-hotterstuff/consensus.go:520	entered new view	{"CURRENT VIEW": 2, "view timeout": 2, "timedout": false}
2022-11-28T17:51:48.217Z	DEBUG	replica=5	coded-hotterstuff/consensus.go:782	could not find ggparent header	{"CURRENT VIEW": 2, "view": 0, "hash": "GZWDhiYW+ib6TpJWRLDOftUd8y8ovAaEerQWDbefS7c="}
2022-11-28T17:51:48.219Z	DEBUG	replica=5	coded-hotterstuff/consensus.go:678	proposal is safe to vote on	{"CURRENT VIEW": 1, "msg": "proposal", "header view": 2, "prepare view": 0, "hash": "cPBdTa7qQJueFGrjnuqGleZwFBh/lhGAlUWBfCr3UKs=", "parent": "SKC06ZXnbItnYZVTxXLWgGtuTOc9zSoSvlJWhQRO6/8="}
replica 5 is forwarding chunk to replica 0
replica 5 is forwarding chunk to replica 1
replica 5 is forwarding chunk to replica 3
replica 5 is forwarding chunk to replica 4
replica 5 is forwarding chunk to replica 6
replica 5 is forwarding chunk to replica 7
replica 5 is forwarding chunk to replica 8
Decoded original proposal, time: 2022-11-28 17:51:50.076973854 +0000 UTC m=+13.723520638 header hash: [112 240 93 77 174 234 64 155 158 20 106 227 158 234 134 149 230 112 20 24 127 150 17 128 149 69 129 124 42 247 80 171]
2022-11-28T17:51:50.077Z	DEBUG	replica=5	coded-hotterstuff/consensus.go:576	received proposal	{"CURRENT VIEW": 2, "msg": "proposal", "header view": 2, "prepare view": 1, "hash": "cPBdTa7qQJueFGrjnuqGleZwFBh/lhGAlUWBfCr3UKs=", "parent": "SKC06ZXnbItnYZVTxXLWgGtuTOc9zSoSvlJWhQRO6/8="}
2022-11-28T17:51:50.085Z	DEBUG	replica=5	coded-hotterstuff/consensus.go:782	could not find ggparent header	{"CURRENT VIEW": 2, "view": 0, "hash": "GZWDhiYW+ib6TpJWRLDOftUd8y8ovAaEerQWDbefS7c="}
Decoded original proposal, time: 2022-11-28 17:51:51.801903667 +0000 UTC m=+15.448450405 header hash: [112 240 93 77 174 234 64 155 158 20 106 227 158 234 134 149 230 112 20 24 127 150 17 128 149 69 129 124 42 247 80 171]
2022-11-28T17:51:51.801Z	DEBUG	replica=5	coded-hotterstuff/consensus.go:576	received proposal	{"CURRENT VIEW": 2, "msg": "proposal", "header view": 2, "prepare view": 1, "hash": "cPBdTa7qQJueFGrjnuqGleZwFBh/lhGAlUWBfCr3UKs=", "parent": "SKC06ZXnbItnYZVTxXLWgGtuTOc9zSoSvlJWhQRO6/8="}
2022-11-28T17:51:51.810Z	DEBUG	replica=5	coded-hotterstuff/consensus.go:782	could not find ggparent header	{"CURRENT VIEW": 2, "view": 0, "hash": "GZWDhiYW+ib6TpJWRLDOftUd8y8ovAaEerQWDbefS7c="}
replica 5 is forwarding chunk to replica 0
replica 5 is forwarding chunk to replica 1
replica 5 is forwarding chunk to replica 2
replica 5 is forwarding chunk to replica 4
replica 5 is forwarding chunk to replica 6
replica 5 is forwarding chunk to replica 7
replica 5 is forwarding chunk to replica 8
replica 5 is forwarding chunk to replica 0
replica 5 is forwarding chunk to replica 1
replica 5 is forwarding chunk to replica 2
replica 5 is forwarding chunk to replica 4
replica 5 is forwarding chunk to replica 6
replica 5 is forwarding chunk to replica 7
replica 5 is forwarding chunk to replica 8
Decoded original proposal, time: 2022-11-28 17:51:54.870122378 +0000 UTC m=+18.516669155 header hash: [112 177 115 22 63 1 229 2 188 132 41 134 91 243 148 216 155 140 26 48 57 5 100 136 252 109 95 105 67 73 234 227]
2022-11-28T17:51:54.870Z	DEBUG	replica=5	coded-hotterstuff/consensus.go:576	received proposal	{"CURRENT VIEW": 2, "msg": "proposal", "header view": 3, "prepare view": 1, "hash": "cLFzFj8B5QK8hCmGW/OU2JuMGjA5BWSI/G1faUNJ6uM=", "parent": "cPBdTa7qQJueFGrjnuqGleZwFBh/lhGAlUWBfCr3UKs="}
2022-11-28T17:51:54.879Z	DEBUG	replica=5	coded-hotterstuff/consensus.go:809	new block certified	{"CURRENT VIEW": 2, "view": 2, "hash": "cPBdTa7qQJueFGrjnuqGleZwFBh/lhGAlUWBfCr3UKs="}
2022-11-28T17:51:54.879Z	DEBUG	replica=5	coded-hotterstuff/consensus.go:520	entered new view	{"CURRENT VIEW": 3, "view timeout": 2, "timedout": false}
2022-11-28T17:51:54.879Z	DEBUG	replica=5	coded-hotterstuff/consensus.go:788	new block locked	{"CURRENT VIEW": 3, "view": 1, "hash": "SKC06ZXnbItnYZVTxXLWgGtuTOc9zSoSvlJWhQRO6/8="}
2022-11-28T17:51:54.882Z	DEBUG	replica=5	coded-hotterstuff/consensus.go:678	proposal is safe to vote on	{"CURRENT VIEW": 2, "msg": "proposal", "header view": 3, "prepare view": 1, "hash": "cLFzFj8B5QK8hCmGW/OU2JuMGjA5BWSI/G1faUNJ6uM=", "parent": "cPBdTa7qQJueFGrjnuqGleZwFBh/lhGAlUWBfCr3UKs="}
replica 5 is forwarding chunk to replica 0
replica 5 is forwarding chunk to replica 1
replica 5 is forwarding chunk to replica 2
replica 5 is forwarding chunk to replica 4
replica 5 is forwarding chunk to replica 6
replica 5 is forwarding chunk to replica 7
replica 5 is forwarding chunk to replica 8
Decoded original proposal, time: 2022-11-28 17:51:57.060650767 +0000 UTC m=+20.707197499 header hash: [112 177 115 22 63 1 229 2 188 132 41 134 91 243 148 216 155 140 26 48 57 5 100 136 252 109 95 105 67 73 234 227]
2022-11-28T17:51:57.060Z	DEBUG	replica=5	coded-hotterstuff/consensus.go:576	received proposal	{"CURRENT VIEW": 3, "msg": "proposal", "header view": 3, "prepare view": 2, "hash": "cLFzFj8B5QK8hCmGW/OU2JuMGjA5BWSI/G1faUNJ6uM=", "parent": "cPBdTa7qQJueFGrjnuqGleZwFBh/lhGAlUWBfCr3UKs="}
replica 5 is forwarding chunk to replica 0
replica 5 is forwarding chunk to replica 1
replica 5 is forwarding chunk to replica 2
replica 5 is forwarding chunk to replica 3
replica 5 is forwarding chunk to replica 6
replica 5 is forwarding chunk to replica 7
replica 5 is forwarding chunk to replica 8
2022-11-28T17:51:58.625Z	DEBUG	replica=5	coded-hotterstuff/consensus.go:965	received vote	{"CURRENT VIEW": 3, "msg": "vote", "voter": 4, "view": 3, "hash": "8WqYPi7RnJLtEHQ0we0AUFXAprYP7gJj7Cq2GuiCGb4="}
Node  5  received vote before proposal, saving vote in pending votes, hash is  [241 106 152 62 46 209 156 146 237 16 116 52 193 237 0 80 85 192 166 182 15 238 2 99 236 42 182 26 232 130 25 190]  and string is,  4
2022-11-28T17:51:58.625Z	DEBUG	replica=5	coded-hotterstuff/consensus.go:970	Received vote before proposal, key is, 4	{"CURRENT VIEW": 3}
replica 5 is forwarding chunk to replica 0
replica 5 is forwarding chunk to replica 1
replica 5 is forwarding chunk to replica 2
replica 5 is forwarding chunk to replica 3
replica 5 is forwarding chunk to replica 6
replica 5 is forwarding chunk to replica 7
replica 5 is forwarding chunk to replica 8
Decoded original proposal, time: 2022-11-28 17:52:00.421253459 +0000 UTC m=+24.067800217 header hash: [112 177 115 22 63 1 229 2 188 132 41 134 91 243 148 216 155 140 26 48 57 5 100 136 252 109 95 105 67 73 234 227]
2022-11-28T17:52:00.421Z	DEBUG	replica=5	coded-hotterstuff/consensus.go:576	received proposal	{"CURRENT VIEW": 3, "msg": "proposal", "header view": 3, "prepare view": 2, "hash": "cLFzFj8B5QK8hCmGW/OU2JuMGjA5BWSI/G1faUNJ6uM=", "parent": "cPBdTa7qQJueFGrjnuqGleZwFBh/lhGAlUWBfCr3UKs="}
Decoded original proposal, time: 2022-11-28 17:52:02.629496839 +0000 UTC m=+26.276043623 header hash: [241 106 152 62 46 209 156 146 237 16 116 52 193 237 0 80 85 192 166 182 15 238 2 99 236 42 182 26 232 130 25 190]
2022-11-28T17:52:02.629Z	DEBUG	replica=5	coded-hotterstuff/consensus.go:576	received proposal	{"CURRENT VIEW": 3, "msg": "proposal", "header view": 4, "prepare view": 2, "hash": "8WqYPi7RnJLtEHQ0we0AUFXAprYP7gJj7Cq2GuiCGb4=", "parent": "cLFzFj8B5QK8hCmGW/OU2JuMGjA5BWSI/G1faUNJ6uM="}
2022-11-28T17:52:02.638Z	DEBUG	replica=5	coded-hotterstuff/consensus.go:809	new block certified	{"CURRENT VIEW": 3, "view": 3, "hash": "cLFzFj8B5QK8hCmGW/OU2JuMGjA5BWSI/G1faUNJ6uM="}
2022-11-28T17:52:02.638Z	DEBUG	replica=5	coded-hotterstuff/consensus.go:520	entered new view	{"CURRENT VIEW": 4, "view timeout": 2, "timedout": false}
2022-11-28T17:52:02.638Z	DEBUG	replica=5	coded-hotterstuff/consensus.go:535	replica is a leader for next view. collecting new-view messages	{"CURRENT VIEW": 4}
2022-11-28T17:52:02.639Z	DEBUG	replica=5	coded-hotterstuff/consensus.go:788	new block locked	{"CURRENT VIEW": 4, "view": 2, "hash": "cPBdTa7qQJueFGrjnuqGleZwFBh/lhGAlUWBfCr3UKs="}
2022-11-28T17:52:02.639Z	INFO	replica=5	coded-hotterstuff/consensus.go:797	new block commited	{"CURRENT VIEW": 4, "view": 1, "hash": "SKC06ZXnbItnYZVTxXLWgGtuTOc9zSoSvlJWhQRO6/8="}
2022-11-28T17:52:02.640Z	DEBUG	replica=5	coded-hotterstuff/consensus.go:678	proposal is safe to vote on	{"CURRENT VIEW": 3, "msg": "proposal", "header view": 4, "prepare view": 2, "hash": "8WqYPi7RnJLtEHQ0we0AUFXAprYP7gJj7Cq2GuiCGb4=", "parent": "cLFzFj8B5QK8hCmGW/OU2JuMGjA5BWSI/G1faUNJ6uM="}
2022-11-28T17:52:02.640Z	DEBUG	replica=5	coded-hotterstuff/consensus.go:758	Taking care of pending vote 4	{"CURRENT VIEW": 4}
2022-11-28T17:52:02.640Z	DEBUG	replica=5	coded-hotterstuff/consensus.go:965	received vote	{"CURRENT VIEW": 4, "msg": "vote", "voter": 4, "view": 4, "hash": "8WqYPi7RnJLtEHQ0we0AUFXAprYP7gJj7Cq2GuiCGb4="}
2022-11-28T17:52:02.647Z	DEBUG	replica=5	coded-hotterstuff/consensus.go:965	received vote	{"CURRENT VIEW": 4, "msg": "vote", "voter": 5, "view": 4, "hash": "8WqYPi7RnJLtEHQ0we0AUFXAprYP7gJj7Cq2GuiCGb4="}
2022-11-28T17:52:02.653Z	DEBUG	replica=5	coded-hotterstuff/consensus.go:965	received vote	{"CURRENT VIEW": 4, "msg": "vote", "voter": 2, "view": 4, "hash": "8WqYPi7RnJLtEHQ0we0AUFXAprYP7gJj7Cq2GuiCGb4="}
Node  5 +1 block finalized at time:  2022-11-28 17:52:02.659898107 +0000 UTC m=+26.306444828
replica 5 is forwarding chunk to replica 0
replica 5 is forwarding chunk to replica 1
replica 5 is forwarding chunk to replica 2
replica 5 is forwarding chunk to replica 3
replica 5 is forwarding chunk to replica 6
replica 5 is forwarding chunk to replica 7
replica 5 is forwarding chunk to replica 8
2022-11-28T17:52:02.854Z	DEBUG	replica=5	coded-hotterstuff/consensus.go:965	received vote	{"CURRENT VIEW": 4, "msg": "vote", "voter": 0, "view": 4, "hash": "8WqYPi7RnJLtEHQ0we0AUFXAprYP7gJj7Cq2GuiCGb4="}
2022-11-28T17:52:04.110Z	DEBUG	replica=5	coded-hotterstuff/consensus.go:965	received vote	{"CURRENT VIEW": 4, "msg": "vote", "voter": 6, "view": 4, "hash": "8WqYPi7RnJLtEHQ0we0AUFXAprYP7gJj7Cq2GuiCGb4="}
2022-11-28T17:52:04.239Z	DEBUG	replica=5	coded-hotterstuff/consensus.go:965	received vote	{"CURRENT VIEW": 4, "msg": "vote", "voter": 3, "view": 4, "hash": "8WqYPi7RnJLtEHQ0we0AUFXAprYP7gJj7Cq2GuiCGb4="}
2022-11-28T17:52:04.728Z	DEBUG	replica=5	coded-hotterstuff/consensus.go:965	received vote	{"CURRENT VIEW": 4, "msg": "vote", "voter": 7, "view": 4, "hash": "8WqYPi7RnJLtEHQ0we0AUFXAprYP7gJj7Cq2GuiCGb4="}
2022-11-28T17:52:04.734Z	DEBUG	replica=5	coded-hotterstuff/consensus.go:809	new block certified	{"CURRENT VIEW": 4, "view": 4, "hash": "8WqYPi7RnJLtEHQ0we0AUFXAprYP7gJj7Cq2GuiCGb4="}
2022-11-28T17:52:04.734Z	DEBUG	replica=5	coded-hotterstuff/consensus.go:520	entered new view	{"CURRENT VIEW": 5, "view timeout": 2, "timedout": false}
2022-11-28T17:52:04.734Z	DEBUG	replica=5	coded-hotterstuff/consensus.go:544	replica is a leader for this view. waiting for data	{"CURRENT VIEW": 5}
2022-11-28T17:52:04.734Z	DEBUG	replica=5	coded-hotterstuff/consensus.go:520	entered new view	{"CURRENT VIEW": 5, "view timeout": 2, "timedout": false}
2022-11-28T17:52:04.734Z	DEBUG	replica=5	coded-hotterstuff/consensus.go:544	replica is a leader for this view. waiting for data	{"CURRENT VIEW": 5}
2022-11-28T17:52:04.738Z	DEBUG	replica=5	coded-hotterstuff/consensus.go:238	sending proposal	{"CURRENT VIEW": 5, "hash": "jgrj6scOqMsv2tOI5ilebUQ0EAUbjhBGBRf6AbYZ3ZQ=", "parent": "8WqYPi7RnJLtEHQ0we0AUFXAprYP7gJj7Cq2GuiCGb4=", "signer": 5}
2022-11-28T17:52:04.739Z	DEBUG	replica=5	coded-hotterstuff/consensus.go:576	received proposal	{"CURRENT VIEW": 5, "msg": "proposal", "header view": 5, "prepare view": 4, "hash": "jgrj6scOqMsv2tOI5ilebUQ0EAUbjhBGBRf6AbYZ3ZQ=", "parent": "8WqYPi7RnJLtEHQ0we0AUFXAprYP7gJj7Cq2GuiCGb4="}
2022-11-28T17:52:04.748Z	DEBUG	replica=5	coded-hotterstuff/consensus.go:788	new block locked	{"CURRENT VIEW": 5, "view": 3, "hash": "cLFzFj8B5QK8hCmGW/OU2JuMGjA5BWSI/G1faUNJ6uM="}
2022-11-28T17:52:04.748Z	INFO	replica=5	coded-hotterstuff/consensus.go:797	new block commited	{"CURRENT VIEW": 5, "view": 2, "hash": "cPBdTa7qQJueFGrjnuqGleZwFBh/lhGAlUWBfCr3UKs="}
2022-11-28T17:52:04.752Z	DEBUG	replica=5	coded-hotterstuff/consensus.go:678	proposal is safe to vote on	{"CURRENT VIEW": 5, "msg": "proposal", "header view": 5, "prepare view": 4, "hash": "jgrj6scOqMsv2tOI5ilebUQ0EAUbjhBGBRf6AbYZ3ZQ=", "parent": "8WqYPi7RnJLtEHQ0we0AUFXAprYP7gJj7Cq2GuiCGb4="}
Node  5 +1 block finalized at time:  2022-11-28 17:52:04.754878445 +0000 UTC m=+28.401425180
Decoded original proposal, time: 2022-11-28 17:52:05.368881732 +0000 UTC m=+29.015428512 header hash: [241 106 152 62 46 209 156 146 237 16 116 52 193 237 0 80 85 192 166 182 15 238 2 99 236 42 182 26 232 130 25 190]
2022-11-28T17:52:05.368Z	DEBUG	replica=5	coded-hotterstuff/consensus.go:576	received proposal	{"CURRENT VIEW": 5, "msg": "proposal", "header view": 4, "prepare view": 4, "hash": "8WqYPi7RnJLtEHQ0we0AUFXAprYP7gJj7Cq2GuiCGb4=", "parent": "cLFzFj8B5QK8hCmGW/OU2JuMGjA5BWSI/G1faUNJ6uM="}
2022-11-28T17:52:05.377Z	DEBUG	replica=5	coded-hotterstuff/consensus.go:667	proposal view doesn't match local view	{"CURRENT VIEW": 5, "msg": "proposal", "header view": 4, "prepare view": 4, "hash": "8WqYPi7RnJLtEHQ0we0AUFXAprYP7gJj7Cq2GuiCGb4=", "parent": "cLFzFj8B5QK8hCmGW/OU2JuMGjA5BWSI/G1faUNJ6uM="}
2022-11-28T17:52:05.378Z	DEBUG	replica=5	coded-hotterstuff/consensus.go:965	received vote	{"CURRENT VIEW": 5, "msg": "vote", "voter": 1, "view": 5, "hash": "8WqYPi7RnJLtEHQ0we0AUFXAprYP7gJj7Cq2GuiCGb4="}
2022-11-28T17:52:05.383Z	DEBUG	replica=5	coded-hotterstuff/consensus.go:520	entered new view	{"CURRENT VIEW": 5, "view timeout": 2, "timedout": false}
2022-11-28T17:52:05.383Z	DEBUG	replica=5	coded-hotterstuff/consensus.go:544	replica is a leader for this view. waiting for data	{"CURRENT VIEW": 5}
2022-11-28T17:52:05.387Z	DEBUG	replica=5	coded-hotterstuff/consensus.go:238	sending proposal	{"CURRENT VIEW": 5, "hash": "jgrj6scOqMsv2tOI5ilebUQ0EAUbjhBGBRf6AbYZ3ZQ=", "parent": "8WqYPi7RnJLtEHQ0we0AUFXAprYP7gJj7Cq2GuiCGb4=", "signer": 5}
2022-11-28T17:52:05.388Z	DEBUG	replica=5	coded-hotterstuff/consensus.go:576	received proposal	{"CURRENT VIEW": 5, "msg": "proposal", "header view": 5, "prepare view": 4, "hash": "jgrj6scOqMsv2tOI5ilebUQ0EAUbjhBGBRf6AbYZ3ZQ=", "parent": "8WqYPi7RnJLtEHQ0we0AUFXAprYP7gJj7Cq2GuiCGb4="}
2022-11-28T17:52:06.613Z	DEBUG	replica=5	coded-hotterstuff/consensus.go:965	received vote	{"CURRENT VIEW": 5, "msg": "vote", "voter": 8, "view": 5, "hash": "8WqYPi7RnJLtEHQ0we0AUFXAprYP7gJj7Cq2GuiCGb4="}
2022-11-28T17:52:06.620Z	DEBUG	replica=5	coded-hotterstuff/consensus.go:520	entered new view	{"CURRENT VIEW": 5, "view timeout": 2, "timedout": false}
2022-11-28T17:52:06.620Z	DEBUG	replica=5	coded-hotterstuff/consensus.go:544	replica is a leader for this view. waiting for data	{"CURRENT VIEW": 5}
2022-11-28T17:52:06.624Z	DEBUG	replica=5	coded-hotterstuff/consensus.go:238	sending proposal	{"CURRENT VIEW": 5, "hash": "jgrj6scOqMsv2tOI5ilebUQ0EAUbjhBGBRf6AbYZ3ZQ=", "parent": "8WqYPi7RnJLtEHQ0we0AUFXAprYP7gJj7Cq2GuiCGb4=", "signer": 5}
2022-11-28T17:52:06.625Z	DEBUG	replica=5	coded-hotterstuff/consensus.go:576	received proposal	{"CURRENT VIEW": 5, "msg": "proposal", "header view": 5, "prepare view": 4, "hash": "jgrj6scOqMsv2tOI5ilebUQ0EAUbjhBGBRf6AbYZ3ZQ=", "parent": "8WqYPi7RnJLtEHQ0we0AUFXAprYP7gJj7Cq2GuiCGb4="}
Decoded original proposal, time: 2022-11-28 17:52:08.262502338 +0000 UTC m=+31.909049115 header hash: [241 106 152 62 46 209 156 146 237 16 116 52 193 237 0 80 85 192 166 182 15 238 2 99 236 42 182 26 232 130 25 190]
2022-11-28T17:52:08.262Z	DEBUG	replica=5	coded-hotterstuff/consensus.go:576	received proposal	{"CURRENT VIEW": 5, "msg": "proposal", "header view": 4, "prepare view": 4, "hash": "8WqYPi7RnJLtEHQ0we0AUFXAprYP7gJj7Cq2GuiCGb4=", "parent": "cLFzFj8B5QK8hCmGW/OU2JuMGjA5BWSI/G1faUNJ6uM="}
2022-11-28T17:52:08.272Z	DEBUG	replica=5	coded-hotterstuff/consensus.go:667	proposal view doesn't match local view	{"CURRENT VIEW": 5, "msg": "proposal", "header view": 4, "prepare view": 4, "hash": "8WqYPi7RnJLtEHQ0we0AUFXAprYP7gJj7Cq2GuiCGb4=", "parent": "cLFzFj8B5QK8hCmGW/OU2JuMGjA5BWSI/G1faUNJ6uM="}
replica 5 is forwarding chunk to replica 0
replica 5 is forwarding chunk to replica 1
replica 5 is forwarding chunk to replica 2
replica 5 is forwarding chunk to replica 3
replica 5 is forwarding chunk to replica 4
replica 5 is forwarding chunk to replica 7
replica 5 is forwarding chunk to replica 8
replica 5 is forwarding chunk to replica 0
replica 5 is forwarding chunk to replica 1
replica 5 is forwarding chunk to replica 2
replica 5 is forwarding chunk to replica 3
replica 5 is forwarding chunk to replica 4
replica 5 is forwarding chunk to replica 7
replica 5 is forwarding chunk to replica 8
Decoded original proposal, time: 2022-11-28 17:52:18.814397228 +0000 UTC m=+42.460944008 header hash: [144 90 124 249 42 55 49 193 182 202 159 220 172 15 148 92 178 123 123 95 139 252 214 157 36 122 219 17 149 62 178 46]
2022-11-28T17:52:18.814Z	DEBUG	replica=5	coded-hotterstuff/consensus.go:576	received proposal	{"CURRENT VIEW": 5, "msg": "proposal", "header view": 6, "prepare view": 4, "hash": "kFp8+So3McG2yp/crA+UXLJ7e1+L/NadJHrbEZU+si4=", "parent": "jgrj6scOqMsv2tOI5ilebUQ0EAUbjhBGBRf6AbYZ3ZQ="}
2022-11-28T17:52:18.823Z	DEBUG	replica=5	coded-hotterstuff/consensus.go:809	new block certified	{"CURRENT VIEW": 5, "view": 5, "hash": "jgrj6scOqMsv2tOI5ilebUQ0EAUbjhBGBRf6AbYZ3ZQ="}
2022-11-28T17:52:18.823Z	DEBUG	replica=5	coded-hotterstuff/consensus.go:520	entered new view	{"CURRENT VIEW": 6, "view timeout": 2, "timedout": false}
2022-11-28T17:52:18.823Z	DEBUG	replica=5	coded-hotterstuff/consensus.go:788	new block locked	{"CURRENT VIEW": 6, "view": 4, "hash": "8WqYPi7RnJLtEHQ0we0AUFXAprYP7gJj7Cq2GuiCGb4="}
2022-11-28T17:52:18.823Z	INFO	replica=5	coded-hotterstuff/consensus.go:797	new block commited	{"CURRENT VIEW": 6, "view": 3, "hash": "cLFzFj8B5QK8hCmGW/OU2JuMGjA5BWSI/G1faUNJ6uM="}
2022-11-28T17:52:18.824Z	DEBUG	replica=5	coded-hotterstuff/consensus.go:678	proposal is safe to vote on	{"CURRENT VIEW": 5, "msg": "proposal", "header view": 6, "prepare view": 4, "hash": "kFp8+So3McG2yp/crA+UXLJ7e1+L/NadJHrbEZU+si4=", "parent": "jgrj6scOqMsv2tOI5ilebUQ0EAUbjhBGBRf6AbYZ3ZQ="}
Node  5 +1 block finalized at time:  2022-11-28 17:52:18.826664367 +0000 UTC m=+42.473211088
replica 5 is forwarding chunk to replica 0
replica 5 is forwarding chunk to replica 1
replica 5 is forwarding chunk to replica 2
replica 5 is forwarding chunk to replica 3
replica 5 is forwarding chunk to replica 4
replica 5 is forwarding chunk to replica 7
replica 5 is forwarding chunk to replica 8
Decoded original proposal, time: 2022-11-28 17:52:21.546682786 +0000 UTC m=+45.193229571 header hash: [144 90 124 249 42 55 49 193 182 202 159 220 172 15 148 92 178 123 123 95 139 252 214 157 36 122 219 17 149 62 178 46]
2022-11-28T17:52:21.546Z	DEBUG	replica=5	coded-hotterstuff/consensus.go:576	received proposal	{"CURRENT VIEW": 6, "msg": "proposal", "header view": 6, "prepare view": 5, "hash": "kFp8+So3McG2yp/crA+UXLJ7e1+L/NadJHrbEZU+si4=", "parent": "jgrj6scOqMsv2tOI5ilebUQ0EAUbjhBGBRf6AbYZ3ZQ="}
Decoded original proposal, time: 2022-11-28 17:52:22.903846994 +0000 UTC m=+46.550393780 header hash: [144 90 124 249 42 55 49 193 182 202 159 220 172 15 148 92 178 123 123 95 139 252 214 157 36 122 219 17 149 62 178 46]
2022-11-28T17:52:22.903Z	DEBUG	replica=5	coded-hotterstuff/consensus.go:576	received proposal	{"CURRENT VIEW": 6, "msg": "proposal", "header view": 6, "prepare view": 5, "hash": "kFp8+So3McG2yp/crA+UXLJ7e1+L/NadJHrbEZU+si4=", "parent": "jgrj6scOqMsv2tOI5ilebUQ0EAUbjhBGBRf6AbYZ3ZQ="}
replica 5 is forwarding chunk to replica 0
replica 5 is forwarding chunk to replica 1
replica 5 is forwarding chunk to replica 2
replica 5 is forwarding chunk to replica 3
replica 5 is forwarding chunk to replica 4
replica 5 is forwarding chunk to replica 6
replica 5 is forwarding chunk to replica 8
replica 5 is forwarding chunk to replica 0
replica 5 is forwarding chunk to replica 1
replica 5 is forwarding chunk to replica 2
replica 5 is forwarding chunk to replica 3
replica 5 is forwarding chunk to replica 4
replica 5 is forwarding chunk to replica 6
replica 5 is forwarding chunk to replica 8
Decoded original proposal, time: 2022-11-28 17:52:27.656274812 +0000 UTC m=+51.302821596 header hash: [82 186 70 5 171 170 163 31 242 237 216 214 91 95 174 96 9 56 150 120 198 10 139 98 230 188 67 131 78 157 60 15]
2022-11-28T17:52:27.656Z	DEBUG	replica=5	coded-hotterstuff/consensus.go:576	received proposal	{"CURRENT VIEW": 6, "msg": "proposal", "header view": 7, "prepare view": 5, "hash": "UrpGBauqox/y7djWW1+uYAk4lnjGCoti5rxDg06dPA8=", "parent": "kFp8+So3McG2yp/crA+UXLJ7e1+L/NadJHrbEZU+si4="}
2022-11-28T17:52:27.664Z	DEBUG	replica=5	coded-hotterstuff/consensus.go:809	new block certified	{"CURRENT VIEW": 6, "view": 6, "hash": "kFp8+So3McG2yp/crA+UXLJ7e1+L/NadJHrbEZU+si4="}
2022-11-28T17:52:27.664Z	DEBUG	replica=5	coded-hotterstuff/consensus.go:520	entered new view	{"CURRENT VIEW": 7, "view timeout": 2, "timedout": false}
2022-11-28T17:52:27.664Z	DEBUG	replica=5	coded-hotterstuff/consensus.go:788	new block locked	{"CURRENT VIEW": 7, "view": 5, "hash": "jgrj6scOqMsv2tOI5ilebUQ0EAUbjhBGBRf6AbYZ3ZQ="}
2022-11-28T17:52:27.664Z	INFO	replica=5	coded-hotterstuff/consensus.go:797	new block commited	{"CURRENT VIEW": 7, "view": 4, "hash": "8WqYPi7RnJLtEHQ0we0AUFXAprYP7gJj7Cq2GuiCGb4="}
2022-11-28T17:52:27.666Z	DEBUG	replica=5	coded-hotterstuff/consensus.go:678	proposal is safe to vote on	{"CURRENT VIEW": 6, "msg": "proposal", "header view": 7, "prepare view": 5, "hash": "UrpGBauqox/y7djWW1+uYAk4lnjGCoti5rxDg06dPA8=", "parent": "kFp8+So3McG2yp/crA+UXLJ7e1+L/NadJHrbEZU+si4="}
Node  5 +1 block finalized at time:  2022-11-28 17:52:27.66899069 +0000 UTC m=+51.315537419
replica 5 is forwarding chunk to replica 0
replica 5 is forwarding chunk to replica 1
replica 5 is forwarding chunk to replica 2
replica 5 is forwarding chunk to replica 3
replica 5 is forwarding chunk to replica 4
replica 5 is forwarding chunk to replica 6
replica 5 is forwarding chunk to replica 8
Decoded original proposal, time: 2022-11-28 17:52:29.533344556 +0000 UTC m=+53.179891338 header hash: [82 186 70 5 171 170 163 31 242 237 216 214 91 95 174 96 9 56 150 120 198 10 139 98 230 188 67 131 78 157 60 15]
2022-11-28T17:52:29.533Z	DEBUG	replica=5	coded-hotterstuff/consensus.go:576	received proposal	{"CURRENT VIEW": 7, "msg": "proposal", "header view": 7, "prepare view": 6, "hash": "UrpGBauqox/y7djWW1+uYAk4lnjGCoti5rxDg06dPA8=", "parent": "kFp8+So3McG2yp/crA+UXLJ7e1+L/NadJHrbEZU+si4="}
Decoded original proposal, time: 2022-11-28 17:52:31.198497944 +0000 UTC m=+54.845044726 header hash: [82 186 70 5 171 170 163 31 242 237 216 214 91 95 174 96 9 56 150 120 198 10 139 98 230 188 67 131 78 157 60 15]
2022-11-28T17:52:31.198Z	DEBUG	replica=5	coded-hotterstuff/consensus.go:576	received proposal	{"CURRENT VIEW": 7, "msg": "proposal", "header view": 7, "prepare view": 6, "hash": "UrpGBauqox/y7djWW1+uYAk4lnjGCoti5rxDg06dPA8=", "parent": "kFp8+So3McG2yp/crA+UXLJ7e1+L/NadJHrbEZU+si4="}
replica 5 is forwarding chunk to replica 0
replica 5 is forwarding chunk to replica 1
replica 5 is forwarding chunk to replica 2
replica 5 is forwarding chunk to replica 3
replica 5 is forwarding chunk to replica 4
replica 5 is forwarding chunk to replica 6
replica 5 is forwarding chunk to replica 7
replica 5 is forwarding chunk to replica 0
replica 5 is forwarding chunk to replica 1
replica 5 is forwarding chunk to replica 2
replica 5 is forwarding chunk to replica 3
replica 5 is forwarding chunk to replica 4
replica 5 is forwarding chunk to replica 6
replica 5 is forwarding chunk to replica 7
Decoded original proposal, time: 2022-11-28 17:52:34.789522655 +0000 UTC m=+58.436069437 header hash: [9 212 205 28 110 251 47 242 141 111 167 241 108 89 12 35 155 222 125 75 78 184 7 35 235 24 77 74 102 255 131 11]
2022-11-28T17:52:34.789Z	DEBUG	replica=5	coded-hotterstuff/consensus.go:576	received proposal	{"CURRENT VIEW": 7, "msg": "proposal", "header view": 8, "prepare view": 6, "hash": "CdTNHG77L/KNb6fxbFkMI5vefUtOuAcj6xhNSmb/gws=", "parent": "UrpGBauqox/y7djWW1+uYAk4lnjGCoti5rxDg06dPA8="}
2022-11-28T17:52:34.798Z	DEBUG	replica=5	coded-hotterstuff/consensus.go:809	new block certified	{"CURRENT VIEW": 7, "view": 7, "hash": "UrpGBauqox/y7djWW1+uYAk4lnjGCoti5rxDg06dPA8="}
2022-11-28T17:52:34.798Z	DEBUG	replica=5	coded-hotterstuff/consensus.go:520	entered new view	{"CURRENT VIEW": 8, "view timeout": 2, "timedout": false}
2022-11-28T17:52:34.798Z	DEBUG	replica=5	coded-hotterstuff/consensus.go:788	new block locked	{"CURRENT VIEW": 8, "view": 6, "hash": "kFp8+So3McG2yp/crA+UXLJ7e1+L/NadJHrbEZU+si4="}
2022-11-28T17:52:34.798Z	INFO	replica=5	coded-hotterstuff/consensus.go:797	new block commited	{"CURRENT VIEW": 8, "view": 5, "hash": "jgrj6scOqMsv2tOI5ilebUQ0EAUbjhBGBRf6AbYZ3ZQ="}
2022-11-28T17:52:34.799Z	DEBUG	replica=5	coded-hotterstuff/consensus.go:678	proposal is safe to vote on	{"CURRENT VIEW": 7, "msg": "proposal", "header view": 8, "prepare view": 6, "hash": "CdTNHG77L/KNb6fxbFkMI5vefUtOuAcj6xhNSmb/gws=", "parent": "UrpGBauqox/y7djWW1+uYAk4lnjGCoti5rxDg06dPA8="}
Node  5 +1 block finalized at time:  2022-11-28 17:52:34.801786891 +0000 UTC m=+58.448333612
