Node index: 1
[10.0.1.0:9000 10.0.1.2:9001 10.0.1.4:9002 10.0.1.6:9003 10.0.1.8:9004 10.0.1.10:9005 10.0.1.12:9006 10.0.1.14:9007 10.0.1.16:9008]
node 1 initiating connection to 10.0.1.0:9000
node 1 successfully initiated connection to 10.0.1.0:9000
connection established 1 - 4
Node  1 -->  Listening for messages... 
connection established 1 - 2
Node  1 -->  Listening for messages... 
connection established 1 - 8
Node  1 -->  Listening for messages... 
connection established 1 - 3
Node  1 -->  Listening for messages... 
connection established 1 - 6
Node  1 -->  Listening for messages... 
connection established 1 - 5
Node  1 -->  Listening for messages... 
connection established 1 - 7
Node  1 -->  Listening for messages... 
connection established 1 - 0
Node  1 -->  Listening for messages... 
2022-11-27T04:57:34.914Z	DEBUG	replica=1	coded-hotterstuff/consensus.go:520	entered new view	{"CURRENT VIEW": 1, "view timeout": 2, "timedout": false}
2022-11-27T04:57:34.914Z	DEBUG	replica=1	coded-hotterstuff/consensus.go:544	replica is a leader for this view. waiting for data	{"CURRENT VIEW": 1}
2022-11-27T04:57:34.919Z	DEBUG	replica=1	coded-hotterstuff/consensus.go:238	sending proposal	{"CURRENT VIEW": 1, "hash": "SKC06ZXnbItnYZVTxXLWgGtuTOc9zSoSvlJWhQRO6/8=", "parent": "GZWDhiYW+ib6TpJWRLDOftUd8y8ovAaEerQWDbefS7c=", "signer": 1}
2022-11-27T04:57:34.921Z	DEBUG	replica=1	coded-hotterstuff/consensus.go:576	received proposal	{"CURRENT VIEW": 1, "msg": "proposal", "header view": 1, "prepare view": 0, "hash": "SKC06ZXnbItnYZVTxXLWgGtuTOc9zSoSvlJWhQRO6/8=", "parent": "GZWDhiYW+ib6TpJWRLDOftUd8y8ovAaEerQWDbefS7c="}
2022-11-27T04:57:34.929Z	DEBUG	replica=1	coded-hotterstuff/consensus.go:777	could not find gparent header	{"CURRENT VIEW": 1, "view": 0, "hash": "GZWDhiYW+ib6TpJWRLDOftUd8y8ovAaEerQWDbefS7c="}
2022-11-27T04:57:34.931Z	DEBUG	replica=1	coded-hotterstuff/consensus.go:678	proposal is safe to vote on	{"CURRENT VIEW": 1, "msg": "proposal", "header view": 1, "prepare view": 0, "hash": "SKC06ZXnbItnYZVTxXLWgGtuTOc9zSoSvlJWhQRO6/8=", "parent": "GZWDhiYW+ib6TpJWRLDOftUd8y8ovAaEerQWDbefS7c="}
replica 1 is forwarding chunk to replica 0
replica 1 is forwarding chunk to replica 3
replica 1 is forwarding chunk to replica 4
replica 1 is forwarding chunk to replica 5
replica 1 is forwarding chunk to replica 6
replica 1 is forwarding chunk to replica 7
replica 1 is forwarding chunk to replica 8
replica 1 is forwarding chunk to replica 0
replica 1 is forwarding chunk to replica 3
replica 1 is forwarding chunk to replica 4
replica 1 is forwarding chunk to replica 5
replica 1 is forwarding chunk to replica 6
replica 1 is forwarding chunk to replica 7
replica 1 is forwarding chunk to replica 8
Decoded original proposal, time: 2022-11-27 04:57:49.055944212 +0000 UTC m=+14.294437601 header hash: [112 240 93 77 174 234 64 155 158 20 106 227 158 234 134 149 230 112 20 24 127 150 17 128 149 69 129 124 42 247 80 171]
2022-11-27T04:57:49.055Z	DEBUG	replica=1	coded-hotterstuff/consensus.go:576	received proposal	{"CURRENT VIEW": 1, "msg": "proposal", "header view": 2, "prepare view": 0, "hash": "cPBdTa7qQJueFGrjnuqGleZwFBh/lhGAlUWBfCr3UKs=", "parent": "SKC06ZXnbItnYZVTxXLWgGtuTOc9zSoSvlJWhQRO6/8="}
2022-11-27T04:57:49.064Z	DEBUG	replica=1	coded-hotterstuff/consensus.go:809	new block certified	{"CURRENT VIEW": 1, "view": 1, "hash": "SKC06ZXnbItnYZVTxXLWgGtuTOc9zSoSvlJWhQRO6/8="}
2022-11-27T04:57:49.064Z	DEBUG	replica=1	coded-hotterstuff/consensus.go:520	entered new view	{"CURRENT VIEW": 2, "view timeout": 2, "timedout": false}
2022-11-27T04:57:49.064Z	DEBUG	replica=1	coded-hotterstuff/consensus.go:782	could not find ggparent header	{"CURRENT VIEW": 2, "view": 0, "hash": "GZWDhiYW+ib6TpJWRLDOftUd8y8ovAaEerQWDbefS7c="}
2022-11-27T04:57:49.067Z	DEBUG	replica=1	coded-hotterstuff/consensus.go:678	proposal is safe to vote on	{"CURRENT VIEW": 1, "msg": "proposal", "header view": 2, "prepare view": 0, "hash": "cPBdTa7qQJueFGrjnuqGleZwFBh/lhGAlUWBfCr3UKs=", "parent": "SKC06ZXnbItnYZVTxXLWgGtuTOc9zSoSvlJWhQRO6/8="}
replica 1 is forwarding chunk to replica 0
replica 1 is forwarding chunk to replica 3
replica 1 is forwarding chunk to replica 4
replica 1 is forwarding chunk to replica 5
replica 1 is forwarding chunk to replica 6
replica 1 is forwarding chunk to replica 7
replica 1 is forwarding chunk to replica 8
Decoded original proposal, time: 2022-11-27 04:57:51.416246048 +0000 UTC m=+16.654739437 header hash: [112 240 93 77 174 234 64 155 158 20 106 227 158 234 134 149 230 112 20 24 127 150 17 128 149 69 129 124 42 247 80 171]
2022-11-27T04:57:51.416Z	DEBUG	replica=1	coded-hotterstuff/consensus.go:576	received proposal	{"CURRENT VIEW": 2, "msg": "proposal", "header view": 2, "prepare view": 1, "hash": "cPBdTa7qQJueFGrjnuqGleZwFBh/lhGAlUWBfCr3UKs=", "parent": "SKC06ZXnbItnYZVTxXLWgGtuTOc9zSoSvlJWhQRO6/8="}
2022-11-27T04:57:51.423Z	DEBUG	replica=1	coded-hotterstuff/consensus.go:782	could not find ggparent header	{"CURRENT VIEW": 2, "view": 0, "hash": "GZWDhiYW+ib6TpJWRLDOftUd8y8ovAaEerQWDbefS7c="}
Decoded original proposal, time: 2022-11-27 04:57:53.267167654 +0000 UTC m=+18.505661089 header hash: [112 240 93 77 174 234 64 155 158 20 106 227 158 234 134 149 230 112 20 24 127 150 17 128 149 69 129 124 42 247 80 171]
2022-11-27T04:57:53.267Z	DEBUG	replica=1	coded-hotterstuff/consensus.go:576	received proposal	{"CURRENT VIEW": 2, "msg": "proposal", "header view": 2, "prepare view": 1, "hash": "cPBdTa7qQJueFGrjnuqGleZwFBh/lhGAlUWBfCr3UKs=", "parent": "SKC06ZXnbItnYZVTxXLWgGtuTOc9zSoSvlJWhQRO6/8="}
2022-11-27T04:57:53.274Z	DEBUG	replica=1	coded-hotterstuff/consensus.go:782	could not find ggparent header	{"CURRENT VIEW": 2, "view": 0, "hash": "GZWDhiYW+ib6TpJWRLDOftUd8y8ovAaEerQWDbefS7c="}
replica 1 is forwarding chunk to replica 0
replica 1 is forwarding chunk to replica 2
replica 1 is forwarding chunk to replica 4
replica 1 is forwarding chunk to replica 5
replica 1 is forwarding chunk to replica 6
replica 1 is forwarding chunk to replica 7
replica 1 is forwarding chunk to replica 8
Decoded original proposal, time: 2022-11-27 04:57:56.813704159 +0000 UTC m=+22.052197607 header hash: [112 177 115 22 63 1 229 2 188 132 41 134 91 243 148 216 155 140 26 48 57 5 100 136 252 109 95 105 67 73 234 227]
2022-11-27T04:57:56.813Z	DEBUG	replica=1	coded-hotterstuff/consensus.go:576	received proposal	{"CURRENT VIEW": 2, "msg": "proposal", "header view": 3, "prepare view": 1, "hash": "cLFzFj8B5QK8hCmGW/OU2JuMGjA5BWSI/G1faUNJ6uM=", "parent": "cPBdTa7qQJueFGrjnuqGleZwFBh/lhGAlUWBfCr3UKs="}
2022-11-27T04:57:56.822Z	DEBUG	replica=1	coded-hotterstuff/consensus.go:809	new block certified	{"CURRENT VIEW": 2, "view": 2, "hash": "cPBdTa7qQJueFGrjnuqGleZwFBh/lhGAlUWBfCr3UKs="}
2022-11-27T04:57:56.822Z	DEBUG	replica=1	coded-hotterstuff/consensus.go:520	entered new view	{"CURRENT VIEW": 3, "view timeout": 2, "timedout": false}
2022-11-27T04:57:56.822Z	DEBUG	replica=1	coded-hotterstuff/consensus.go:788	new block locked	{"CURRENT VIEW": 3, "view": 1, "hash": "SKC06ZXnbItnYZVTxXLWgGtuTOc9zSoSvlJWhQRO6/8="}
2022-11-27T04:57:56.827Z	DEBUG	replica=1	coded-hotterstuff/consensus.go:678	proposal is safe to vote on	{"CURRENT VIEW": 2, "msg": "proposal", "header view": 3, "prepare view": 1, "hash": "cLFzFj8B5QK8hCmGW/OU2JuMGjA5BWSI/G1faUNJ6uM=", "parent": "cPBdTa7qQJueFGrjnuqGleZwFBh/lhGAlUWBfCr3UKs="}
replica 1 is forwarding chunk to replica 0
replica 1 is forwarding chunk to replica 2
replica 1 is forwarding chunk to replica 4
replica 1 is forwarding chunk to replica 5
replica 1 is forwarding chunk to replica 6
replica 1 is forwarding chunk to replica 7
replica 1 is forwarding chunk to replica 8
Decoded original proposal, time: 2022-11-27 04:57:58.722401376 +0000 UTC m=+23.960894805 header hash: [112 177 115 22 63 1 229 2 188 132 41 134 91 243 148 216 155 140 26 48 57 5 100 136 252 109 95 105 67 73 234 227]
2022-11-27T04:57:58.722Z	DEBUG	replica=1	coded-hotterstuff/consensus.go:576	received proposal	{"CURRENT VIEW": 3, "msg": "proposal", "header view": 3, "prepare view": 2, "hash": "cLFzFj8B5QK8hCmGW/OU2JuMGjA5BWSI/G1faUNJ6uM=", "parent": "cPBdTa7qQJueFGrjnuqGleZwFBh/lhGAlUWBfCr3UKs="}
replica 1 is forwarding chunk to replica 0
replica 1 is forwarding chunk to replica 2
replica 1 is forwarding chunk to replica 4
replica 1 is forwarding chunk to replica 5
replica 1 is forwarding chunk to replica 6
replica 1 is forwarding chunk to replica 7
replica 1 is forwarding chunk to replica 8
Decoded original proposal, time: 2022-11-27 04:58:00.378757159 +0000 UTC m=+25.617250590 header hash: [112 177 115 22 63 1 229 2 188 132 41 134 91 243 148 216 155 140 26 48 57 5 100 136 252 109 95 105 67 73 234 227]
2022-11-27T04:58:00.378Z	DEBUG	replica=1	coded-hotterstuff/consensus.go:576	received proposal	{"CURRENT VIEW": 3, "msg": "proposal", "header view": 3, "prepare view": 2, "hash": "cLFzFj8B5QK8hCmGW/OU2JuMGjA5BWSI/G1faUNJ6uM=", "parent": "cPBdTa7qQJueFGrjnuqGleZwFBh/lhGAlUWBfCr3UKs="}
replica 1 is forwarding chunk to replica 0
replica 1 is forwarding chunk to replica 2
replica 1 is forwarding chunk to replica 3
replica 1 is forwarding chunk to replica 5
replica 1 is forwarding chunk to replica 6
replica 1 is forwarding chunk to replica 7
replica 1 is forwarding chunk to replica 8
replica 1 is forwarding chunk to replica 0
replica 1 is forwarding chunk to replica 2
replica 1 is forwarding chunk to replica 3
replica 1 is forwarding chunk to replica 5
replica 1 is forwarding chunk to replica 6
replica 1 is forwarding chunk to replica 7
replica 1 is forwarding chunk to replica 8
Decoded original proposal, time: 2022-11-27 04:58:03.404815236 +0000 UTC m=+28.643308667 header hash: [241 106 152 62 46 209 156 146 237 16 116 52 193 237 0 80 85 192 166 182 15 238 2 99 236 42 182 26 232 130 25 190]
2022-11-27T04:58:03.404Z	DEBUG	replica=1	coded-hotterstuff/consensus.go:576	received proposal	{"CURRENT VIEW": 3, "msg": "proposal", "header view": 4, "prepare view": 2, "hash": "8WqYPi7RnJLtEHQ0we0AUFXAprYP7gJj7Cq2GuiCGb4=", "parent": "cLFzFj8B5QK8hCmGW/OU2JuMGjA5BWSI/G1faUNJ6uM="}
2022-11-27T04:58:03.414Z	DEBUG	replica=1	coded-hotterstuff/consensus.go:809	new block certified	{"CURRENT VIEW": 3, "view": 3, "hash": "cLFzFj8B5QK8hCmGW/OU2JuMGjA5BWSI/G1faUNJ6uM="}
2022-11-27T04:58:03.414Z	DEBUG	replica=1	coded-hotterstuff/consensus.go:520	entered new view	{"CURRENT VIEW": 4, "view timeout": 2, "timedout": false}
2022-11-27T04:58:03.414Z	DEBUG	replica=1	coded-hotterstuff/consensus.go:788	new block locked	{"CURRENT VIEW": 4, "view": 2, "hash": "cPBdTa7qQJueFGrjnuqGleZwFBh/lhGAlUWBfCr3UKs="}
2022-11-27T04:58:03.414Z	INFO	replica=1	coded-hotterstuff/consensus.go:797	new block commited	{"CURRENT VIEW": 4, "view": 1, "hash": "SKC06ZXnbItnYZVTxXLWgGtuTOc9zSoSvlJWhQRO6/8="}
2022-11-27T04:58:03.416Z	DEBUG	replica=1	coded-hotterstuff/consensus.go:678	proposal is safe to vote on	{"CURRENT VIEW": 3, "msg": "proposal", "header view": 4, "prepare view": 2, "hash": "8WqYPi7RnJLtEHQ0we0AUFXAprYP7gJj7Cq2GuiCGb4=", "parent": "cLFzFj8B5QK8hCmGW/OU2JuMGjA5BWSI/G1faUNJ6uM="}
Node  1 +1 block finalized at time:  2022-11-27 04:58:03.419004149 +0000 UTC m=+28.657497522
replica 1 is forwarding chunk to replica 0
replica 1 is forwarding chunk to replica 2
replica 1 is forwarding chunk to replica 3
replica 1 is forwarding chunk to replica 5
replica 1 is forwarding chunk to replica 6
replica 1 is forwarding chunk to replica 7
replica 1 is forwarding chunk to replica 8
Decoded original proposal, time: 2022-11-27 04:58:05.006197854 +0000 UTC m=+30.244691244 header hash: [241 106 152 62 46 209 156 146 237 16 116 52 193 237 0 80 85 192 166 182 15 238 2 99 236 42 182 26 232 130 25 190]
2022-11-27T04:58:05.006Z	DEBUG	replica=1	coded-hotterstuff/consensus.go:576	received proposal	{"CURRENT VIEW": 4, "msg": "proposal", "header view": 4, "prepare view": 3, "hash": "8WqYPi7RnJLtEHQ0we0AUFXAprYP7gJj7Cq2GuiCGb4=", "parent": "cLFzFj8B5QK8hCmGW/OU2JuMGjA5BWSI/G1faUNJ6uM="}
Decoded original proposal, time: 2022-11-27 04:58:06.13972854 +0000 UTC m=+31.378221969 header hash: [241 106 152 62 46 209 156 146 237 16 116 52 193 237 0 80 85 192 166 182 15 238 2 99 236 42 182 26 232 130 25 190]
2022-11-27T04:58:06.139Z	DEBUG	replica=1	coded-hotterstuff/consensus.go:576	received proposal	{"CURRENT VIEW": 4, "msg": "proposal", "header view": 4, "prepare view": 3, "hash": "8WqYPi7RnJLtEHQ0we0AUFXAprYP7gJj7Cq2GuiCGb4=", "parent": "cLFzFj8B5QK8hCmGW/OU2JuMGjA5BWSI/G1faUNJ6uM="}
replica 1 is forwarding chunk to replica 0
replica 1 is forwarding chunk to replica 2
replica 1 is forwarding chunk to replica 3
replica 1 is forwarding chunk to replica 4
replica 1 is forwarding chunk to replica 6
replica 1 is forwarding chunk to replica 7
replica 1 is forwarding chunk to replica 8
replica 1 is forwarding chunk to replica 0
replica 1 is forwarding chunk to replica 2
replica 1 is forwarding chunk to replica 3
replica 1 is forwarding chunk to replica 4
replica 1 is forwarding chunk to replica 6
replica 1 is forwarding chunk to replica 7
replica 1 is forwarding chunk to replica 8
Decoded original proposal, time: 2022-11-27 04:58:10.921448676 +0000 UTC m=+36.159942064 header hash: [142 10 227 234 199 14 168 203 47 218 211 136 230 41 94 109 68 52 16 5 27 142 16 70 5 23 250 1 182 25 221 148]
2022-11-27T04:58:10.921Z	DEBUG	replica=1	coded-hotterstuff/consensus.go:576	received proposal	{"CURRENT VIEW": 4, "msg": "proposal", "header view": 5, "prepare view": 3, "hash": "jgrj6scOqMsv2tOI5ilebUQ0EAUbjhBGBRf6AbYZ3ZQ=", "parent": "8WqYPi7RnJLtEHQ0we0AUFXAprYP7gJj7Cq2GuiCGb4="}
2022-11-27T04:58:10.930Z	DEBUG	replica=1	coded-hotterstuff/consensus.go:809	new block certified	{"CURRENT VIEW": 4, "view": 4, "hash": "8WqYPi7RnJLtEHQ0we0AUFXAprYP7gJj7Cq2GuiCGb4="}
2022-11-27T04:58:10.930Z	DEBUG	replica=1	coded-hotterstuff/consensus.go:520	entered new view	{"CURRENT VIEW": 5, "view timeout": 2, "timedout": false}
2022-11-27T04:58:10.930Z	DEBUG	replica=1	coded-hotterstuff/consensus.go:788	new block locked	{"CURRENT VIEW": 5, "view": 3, "hash": "cLFzFj8B5QK8hCmGW/OU2JuMGjA5BWSI/G1faUNJ6uM="}
2022-11-27T04:58:10.930Z	INFO	replica=1	coded-hotterstuff/consensus.go:797	new block commited	{"CURRENT VIEW": 5, "view": 2, "hash": "cPBdTa7qQJueFGrjnuqGleZwFBh/lhGAlUWBfCr3UKs="}
2022-11-27T04:58:10.933Z	DEBUG	replica=1	coded-hotterstuff/consensus.go:678	proposal is safe to vote on	{"CURRENT VIEW": 4, "msg": "proposal", "header view": 5, "prepare view": 3, "hash": "jgrj6scOqMsv2tOI5ilebUQ0EAUbjhBGBRf6AbYZ3ZQ=", "parent": "8WqYPi7RnJLtEHQ0we0AUFXAprYP7gJj7Cq2GuiCGb4="}
Node  1 +1 block finalized at time:  2022-11-27 04:58:10.936440529 +0000 UTC m=+36.174933911
replica 1 is forwarding chunk to replica 0
replica 1 is forwarding chunk to replica 2
replica 1 is forwarding chunk to replica 3
replica 1 is forwarding chunk to replica 4
replica 1 is forwarding chunk to replica 6
replica 1 is forwarding chunk to replica 7
replica 1 is forwarding chunk to replica 8
Decoded original proposal, time: 2022-11-27 04:58:13.178142346 +0000 UTC m=+38.416635787 header hash: [142 10 227 234 199 14 168 203 47 218 211 136 230 41 94 109 68 52 16 5 27 142 16 70 5 23 250 1 182 25 221 148]
2022-11-27T04:58:13.178Z	DEBUG	replica=1	coded-hotterstuff/consensus.go:576	received proposal	{"CURRENT VIEW": 5, "msg": "proposal", "header view": 5, "prepare view": 4, "hash": "jgrj6scOqMsv2tOI5ilebUQ0EAUbjhBGBRf6AbYZ3ZQ=", "parent": "8WqYPi7RnJLtEHQ0we0AUFXAprYP7gJj7Cq2GuiCGb4="}
Decoded original proposal, time: 2022-11-27 04:58:14.615660635 +0000 UTC m=+39.854154069 header hash: [142 10 227 234 199 14 168 203 47 218 211 136 230 41 94 109 68 52 16 5 27 142 16 70 5 23 250 1 182 25 221 148]
2022-11-27T04:58:14.615Z	DEBUG	replica=1	coded-hotterstuff/consensus.go:576	received proposal	{"CURRENT VIEW": 5, "msg": "proposal", "header view": 5, "prepare view": 4, "hash": "jgrj6scOqMsv2tOI5ilebUQ0EAUbjhBGBRf6AbYZ3ZQ=", "parent": "8WqYPi7RnJLtEHQ0we0AUFXAprYP7gJj7Cq2GuiCGb4="}
replica 1 is forwarding chunk to replica 0
replica 1 is forwarding chunk to replica 2
replica 1 is forwarding chunk to replica 3
replica 1 is forwarding chunk to replica 4
replica 1 is forwarding chunk to replica 5
replica 1 is forwarding chunk to replica 7
replica 1 is forwarding chunk to replica 8
Decoded original proposal, time: 2022-11-27 04:58:17.74787126 +0000 UTC m=+42.986364689 header hash: [144 90 124 249 42 55 49 193 182 202 159 220 172 15 148 92 178 123 123 95 139 252 214 157 36 122 219 17 149 62 178 46]
2022-11-27T04:58:17.747Z	DEBUG	replica=1	coded-hotterstuff/consensus.go:576	received proposal	{"CURRENT VIEW": 5, "msg": "proposal", "header view": 6, "prepare view": 4, "hash": "kFp8+So3McG2yp/crA+UXLJ7e1+L/NadJHrbEZU+si4=", "parent": "jgrj6scOqMsv2tOI5ilebUQ0EAUbjhBGBRf6AbYZ3ZQ="}
2022-11-27T04:58:17.757Z	DEBUG	replica=1	coded-hotterstuff/consensus.go:809	new block certified	{"CURRENT VIEW": 5, "view": 5, "hash": "jgrj6scOqMsv2tOI5ilebUQ0EAUbjhBGBRf6AbYZ3ZQ="}
2022-11-27T04:58:17.757Z	DEBUG	replica=1	coded-hotterstuff/consensus.go:520	entered new view	{"CURRENT VIEW": 6, "view timeout": 2, "timedout": false}
2022-11-27T04:58:17.757Z	DEBUG	replica=1	coded-hotterstuff/consensus.go:788	new block locked	{"CURRENT VIEW": 6, "view": 4, "hash": "8WqYPi7RnJLtEHQ0we0AUFXAprYP7gJj7Cq2GuiCGb4="}
2022-11-27T04:58:17.757Z	INFO	replica=1	coded-hotterstuff/consensus.go:797	new block commited	{"CURRENT VIEW": 6, "view": 3, "hash": "cLFzFj8B5QK8hCmGW/OU2JuMGjA5BWSI/G1faUNJ6uM="}
2022-11-27T04:58:17.759Z	DEBUG	replica=1	coded-hotterstuff/consensus.go:678	proposal is safe to vote on	{"CURRENT VIEW": 5, "msg": "proposal", "header view": 6, "prepare view": 4, "hash": "kFp8+So3McG2yp/crA+UXLJ7e1+L/NadJHrbEZU+si4=", "parent": "jgrj6scOqMsv2tOI5ilebUQ0EAUbjhBGBRf6AbYZ3ZQ="}
Node  1 +1 block finalized at time:  2022-11-27 04:58:17.761488619 +0000 UTC m=+42.999982006
replica 1 is forwarding chunk to replica 0
replica 1 is forwarding chunk to replica 2
replica 1 is forwarding chunk to replica 3
replica 1 is forwarding chunk to replica 4
replica 1 is forwarding chunk to replica 5
replica 1 is forwarding chunk to replica 7
replica 1 is forwarding chunk to replica 8
replica 1 is forwarding chunk to replica 0
replica 1 is forwarding chunk to replica 2
replica 1 is forwarding chunk to replica 3
replica 1 is forwarding chunk to replica 4
replica 1 is forwarding chunk to replica 5
replica 1 is forwarding chunk to replica 6
replica 1 is forwarding chunk to replica 8
Decoded original proposal, time: 2022-11-27 04:58:20.834920967 +0000 UTC m=+46.073414348 header hash: [144 90 124 249 42 55 49 193 182 202 159 220 172 15 148 92 178 123 123 95 139 252 214 157 36 122 219 17 149 62 178 46]
2022-11-27T04:58:20.834Z	DEBUG	replica=1	coded-hotterstuff/consensus.go:576	received proposal	{"CURRENT VIEW": 6, "msg": "proposal", "header view": 6, "prepare view": 5, "hash": "kFp8+So3McG2yp/crA+UXLJ7e1+L/NadJHrbEZU+si4=", "parent": "jgrj6scOqMsv2tOI5ilebUQ0EAUbjhBGBRf6AbYZ3ZQ="}
replica 1 is forwarding chunk to replica 0
replica 1 is forwarding chunk to replica 2
replica 1 is forwarding chunk to replica 3
replica 1 is forwarding chunk to replica 4
replica 1 is forwarding chunk to replica 5
replica 1 is forwarding chunk to replica 7
replica 1 is forwarding chunk to replica 8
replica 1 is forwarding chunk to replica 0
replica 1 is forwarding chunk to replica 2
replica 1 is forwarding chunk to replica 3
replica 1 is forwarding chunk to replica 4
replica 1 is forwarding chunk to replica 5
replica 1 is forwarding chunk to replica 6
replica 1 is forwarding chunk to replica 8
Decoded original proposal, time: 2022-11-27 04:58:23.335071438 +0000 UTC m=+48.573564866 header hash: [82 186 70 5 171 170 163 31 242 237 216 214 91 95 174 96 9 56 150 120 198 10 139 98 230 188 67 131 78 157 60 15]
2022-11-27T04:58:23.335Z	DEBUG	replica=1	coded-hotterstuff/consensus.go:576	received proposal	{"CURRENT VIEW": 6, "msg": "proposal", "header view": 7, "prepare view": 5, "hash": "UrpGBauqox/y7djWW1+uYAk4lnjGCoti5rxDg06dPA8=", "parent": "kFp8+So3McG2yp/crA+UXLJ7e1+L/NadJHrbEZU+si4="}
2022-11-27T04:58:23.343Z	DEBUG	replica=1	coded-hotterstuff/consensus.go:809	new block certified	{"CURRENT VIEW": 6, "view": 6, "hash": "kFp8+So3McG2yp/crA+UXLJ7e1+L/NadJHrbEZU+si4="}
2022-11-27T04:58:23.343Z	DEBUG	replica=1	coded-hotterstuff/consensus.go:520	entered new view	{"CURRENT VIEW": 7, "view timeout": 2, "timedout": false}
2022-11-27T04:58:23.343Z	DEBUG	replica=1	coded-hotterstuff/consensus.go:788	new block locked	{"CURRENT VIEW": 7, "view": 5, "hash": "jgrj6scOqMsv2tOI5ilebUQ0EAUbjhBGBRf6AbYZ3ZQ="}
2022-11-27T04:58:23.343Z	INFO	replica=1	coded-hotterstuff/consensus.go:797	new block commited	{"CURRENT VIEW": 7, "view": 4, "hash": "8WqYPi7RnJLtEHQ0we0AUFXAprYP7gJj7Cq2GuiCGb4="}
2022-11-27T04:58:23.344Z	DEBUG	replica=1	coded-hotterstuff/consensus.go:678	proposal is safe to vote on	{"CURRENT VIEW": 6, "msg": "proposal", "header view": 7, "prepare view": 5, "hash": "UrpGBauqox/y7djWW1+uYAk4lnjGCoti5rxDg06dPA8=", "parent": "kFp8+So3McG2yp/crA+UXLJ7e1+L/NadJHrbEZU+si4="}
Node  1 +1 block finalized at time:  2022-11-27 04:58:23.346812914 +0000 UTC m=+48.585306294
Decoded original proposal, time: 2022-11-27 04:58:23.407117427 +0000 UTC m=+48.645610871 header hash: [144 90 124 249 42 55 49 193 182 202 159 220 172 15 148 92 178 123 123 95 139 252 214 157 36 122 219 17 149 62 178 46]
2022-11-27T04:58:23.407Z	DEBUG	replica=1	coded-hotterstuff/consensus.go:576	received proposal	{"CURRENT VIEW": 7, "msg": "proposal", "header view": 6, "prepare view": 6, "hash": "kFp8+So3McG2yp/crA+UXLJ7e1+L/NadJHrbEZU+si4=", "parent": "jgrj6scOqMsv2tOI5ilebUQ0EAUbjhBGBRf6AbYZ3ZQ="}
2022-11-27T04:58:23.416Z	DEBUG	replica=1	coded-hotterstuff/consensus.go:667	proposal view doesn't match local view	{"CURRENT VIEW": 7, "msg": "proposal", "header view": 6, "prepare view": 6, "hash": "kFp8+So3McG2yp/crA+UXLJ7e1+L/NadJHrbEZU+si4=", "parent": "jgrj6scOqMsv2tOI5ilebUQ0EAUbjhBGBRf6AbYZ3ZQ="}
Decoded original proposal, time: 2022-11-27 04:58:25.227283632 +0000 UTC m=+50.465777065 header hash: [82 186 70 5 171 170 163 31 242 237 216 214 91 95 174 96 9 56 150 120 198 10 139 98 230 188 67 131 78 157 60 15]
2022-11-27T04:58:25.227Z	DEBUG	replica=1	coded-hotterstuff/consensus.go:576	received proposal	{"CURRENT VIEW": 7, "msg": "proposal", "header view": 7, "prepare view": 6, "hash": "UrpGBauqox/y7djWW1+uYAk4lnjGCoti5rxDg06dPA8=", "parent": "kFp8+So3McG2yp/crA+UXLJ7e1+L/NadJHrbEZU+si4="}
replica 1 is forwarding chunk to replica 0
replica 1 is forwarding chunk to replica 2
replica 1 is forwarding chunk to replica 3
replica 1 is forwarding chunk to replica 4
replica 1 is forwarding chunk to replica 5
replica 1 is forwarding chunk to replica 6
replica 1 is forwarding chunk to replica 8
Decoded original proposal, time: 2022-11-27 04:58:28.899281962 +0000 UTC m=+54.137775391 header hash: [82 186 70 5 171 170 163 31 242 237 216 214 91 95 174 96 9 56 150 120 198 10 139 98 230 188 67 131 78 157 60 15]
2022-11-27T04:58:28.899Z	DEBUG	replica=1	coded-hotterstuff/consensus.go:576	received proposal	{"CURRENT VIEW": 7, "msg": "proposal", "header view": 7, "prepare view": 6, "hash": "UrpGBauqox/y7djWW1+uYAk4lnjGCoti5rxDg06dPA8=", "parent": "kFp8+So3McG2yp/crA+UXLJ7e1+L/NadJHrbEZU+si4="}
replica 1 is forwarding chunk to replica 0
replica 1 is forwarding chunk to replica 2
replica 1 is forwarding chunk to replica 3
replica 1 is forwarding chunk to replica 4
replica 1 is forwarding chunk to replica 5
replica 1 is forwarding chunk to replica 6
replica 1 is forwarding chunk to replica 7
replica 1 is forwarding chunk to replica 0
replica 1 is forwarding chunk to replica 2
replica 1 is forwarding chunk to replica 3
replica 1 is forwarding chunk to replica 4
replica 1 is forwarding chunk to replica 5
replica 1 is forwarding chunk to replica 6
replica 1 is forwarding chunk to replica 7
Decoded original proposal, time: 2022-11-27 04:58:32.349739926 +0000 UTC m=+57.588233356 header hash: [9 212 205 28 110 251 47 242 141 111 167 241 108 89 12 35 155 222 125 75 78 184 7 35 235 24 77 74 102 255 131 11]
2022-11-27T04:58:32.349Z	DEBUG	replica=1	coded-hotterstuff/consensus.go:576	received proposal	{"CURRENT VIEW": 7, "msg": "proposal", "header view": 8, "prepare view": 6, "hash": "CdTNHG77L/KNb6fxbFkMI5vefUtOuAcj6xhNSmb/gws=", "parent": "UrpGBauqox/y7djWW1+uYAk4lnjGCoti5rxDg06dPA8="}
2022-11-27T04:58:32.357Z	DEBUG	replica=1	coded-hotterstuff/consensus.go:809	new block certified	{"CURRENT VIEW": 7, "view": 7, "hash": "UrpGBauqox/y7djWW1+uYAk4lnjGCoti5rxDg06dPA8="}
2022-11-27T04:58:32.357Z	DEBUG	replica=1	coded-hotterstuff/consensus.go:520	entered new view	{"CURRENT VIEW": 8, "view timeout": 2, "timedout": false}
2022-11-27T04:58:32.357Z	DEBUG	replica=1	coded-hotterstuff/consensus.go:788	new block locked	{"CURRENT VIEW": 8, "view": 6, "hash": "kFp8+So3McG2yp/crA+UXLJ7e1+L/NadJHrbEZU+si4="}
2022-11-27T04:58:32.357Z	INFO	replica=1	coded-hotterstuff/consensus.go:797	new block commited	{"CURRENT VIEW": 8, "view": 5, "hash": "jgrj6scOqMsv2tOI5ilebUQ0EAUbjhBGBRf6AbYZ3ZQ="}
2022-11-27T04:58:32.360Z	DEBUG	replica=1	coded-hotterstuff/consensus.go:678	proposal is safe to vote on	{"CURRENT VIEW": 7, "msg": "proposal", "header view": 8, "prepare view": 6, "hash": "CdTNHG77L/KNb6fxbFkMI5vefUtOuAcj6xhNSmb/gws=", "parent": "UrpGBauqox/y7djWW1+uYAk4lnjGCoti5rxDg06dPA8="}
Node  1 +1 block finalized at time:  2022-11-27 04:58:32.362708585 +0000 UTC m=+57.601201952
replica 1 is forwarding chunk to replica 0
replica 1 is forwarding chunk to replica 2
replica 1 is forwarding chunk to replica 3
replica 1 is forwarding chunk to replica 4
replica 1 is forwarding chunk to replica 5
replica 1 is forwarding chunk to replica 6
replica 1 is forwarding chunk to replica 7
Decoded original proposal, time: 2022-11-27 04:58:34.624637747 +0000 UTC m=+59.863131176 header hash: [9 212 205 28 110 251 47 242 141 111 167 241 108 89 12 35 155 222 125 75 78 184 7 35 235 24 77 74 102 255 131 11]
2022-11-27T04:58:34.624Z	DEBUG	replica=1	coded-hotterstuff/consensus.go:576	received proposal	{"CURRENT VIEW": 8, "msg": "proposal", "header view": 8, "prepare view": 7, "hash": "CdTNHG77L/KNb6fxbFkMI5vefUtOuAcj6xhNSmb/gws=", "parent": "UrpGBauqox/y7djWW1+uYAk4lnjGCoti5rxDg06dPA8="}
replica 1 is forwarding chunk to replica 2
replica 1 is forwarding chunk to replica 3
replica 1 is forwarding chunk to replica 4
replica 1 is forwarding chunk to replica 5
replica 1 is forwarding chunk to replica 6
replica 1 is forwarding chunk to replica 7
replica 1 is forwarding chunk to replica 8
2022-11-27T04:58:36.265Z	DEBUG	replica=1	coded-hotterstuff/consensus.go:965	received vote	{"CURRENT VIEW": 8, "msg": "vote", "voter": 0, "view": 8, "hash": "S5jvF8HlmLvBxjERXgBCYm1M/GPQBuOxef9Rwa5UXRA="}
Node  1  received vote before proposal, saving vote in pending votes, hash is  [75 152 239 23 193 229 152 187 193 198 49 17 94 0 66 98 109 76 252 99 208 6 227 177 121 255 81 193 174 84 93 16]  and string is,  9
2022-11-27T04:58:36.265Z	DEBUG	replica=1	coded-hotterstuff/consensus.go:970	Received vote before proposal, key is, 9	{"CURRENT VIEW": 8}
Decoded original proposal, time: 2022-11-27 04:58:36.5225281 +0000 UTC m=+61.761021530 header hash: [9 212 205 28 110 251 47 242 141 111 167 241 108 89 12 35 155 222 125 75 78 184 7 35 235 24 77 74 102 255 131 11]
2022-11-27T04:58:36.522Z	DEBUG	replica=1	coded-hotterstuff/consensus.go:576	received proposal	{"CURRENT VIEW": 8, "msg": "proposal", "header view": 8, "prepare view": 7, "hash": "CdTNHG77L/KNb6fxbFkMI5vefUtOuAcj6xhNSmb/gws=", "parent": "UrpGBauqox/y7djWW1+uYAk4lnjGCoti5rxDg06dPA8="}
2022-11-27T04:58:38.260Z	DEBUG	replica=1	coded-hotterstuff/consensus.go:965	received vote	{"CURRENT VIEW": 8, "msg": "vote", "voter": 3, "view": 8, "hash": "S5jvF8HlmLvBxjERXgBCYm1M/GPQBuOxef9Rwa5UXRA="}
2022-11-27T04:58:38.682Z	DEBUG	replica=1	coded-hotterstuff/consensus.go:965	received vote	{"CURRENT VIEW": 8, "msg": "vote", "voter": 5, "view": 8, "hash": "S5jvF8HlmLvBxjERXgBCYm1M/GPQBuOxef9Rwa5UXRA="}
2022-11-27T04:58:38.723Z	DEBUG	replica=1	coded-hotterstuff/consensus.go:965	received vote	{"CURRENT VIEW": 8, "msg": "vote", "voter": 8, "view": 8, "hash": "S5jvF8HlmLvBxjERXgBCYm1M/GPQBuOxef9Rwa5UXRA="}
replica 1 is forwarding chunk to replica 2
replica 1 is forwarding chunk to replica 3
replica 1 is forwarding chunk to replica 4
replica 1 is forwarding chunk to replica 5
replica 1 is forwarding chunk to replica 6
replica 1 is forwarding chunk to replica 7
replica 1 is forwarding chunk to replica 8
Decoded original proposal, time: 2022-11-27 04:58:39.377009395 +0000 UTC m=+64.615502830 header hash: [75 152 239 23 193 229 152 187 193 198 49 17 94 0 66 98 109 76 252 99 208 6 227 177 121 255 81 193 174 84 93 16]
2022-11-27T04:58:39.377Z	DEBUG	replica=1	coded-hotterstuff/consensus.go:576	received proposal	{"CURRENT VIEW": 8, "msg": "proposal", "header view": 9, "prepare view": 7, "hash": "S5jvF8HlmLvBxjERXgBCYm1M/GPQBuOxef9Rwa5UXRA=", "parent": "CdTNHG77L/KNb6fxbFkMI5vefUtOuAcj6xhNSmb/gws="}
2022-11-27T04:58:39.385Z	DEBUG	replica=1	coded-hotterstuff/consensus.go:809	new block certified	{"CURRENT VIEW": 8, "view": 8, "hash": "CdTNHG77L/KNb6fxbFkMI5vefUtOuAcj6xhNSmb/gws="}
2022-11-27T04:58:39.385Z	DEBUG	replica=1	coded-hotterstuff/consensus.go:520	entered new view	{"CURRENT VIEW": 9, "view timeout": 2, "timedout": false}
2022-11-27T04:58:39.385Z	DEBUG	replica=1	coded-hotterstuff/consensus.go:535	replica is a leader for next view. collecting new-view messages	{"CURRENT VIEW": 9}
2022-11-27T04:58:39.385Z	DEBUG	replica=1	coded-hotterstuff/consensus.go:788	new block locked	{"CURRENT VIEW": 9, "view": 7, "hash": "UrpGBauqox/y7djWW1+uYAk4lnjGCoti5rxDg06dPA8="}
2022-11-27T04:58:39.385Z	INFO	replica=1	coded-hotterstuff/consensus.go:797	new block commited	{"CURRENT VIEW": 9, "view": 6, "hash": "kFp8+So3McG2yp/crA+UXLJ7e1+L/NadJHrbEZU+si4="}
2022-11-27T04:58:39.386Z	DEBUG	replica=1	coded-hotterstuff/consensus.go:678	proposal is safe to vote on	{"CURRENT VIEW": 8, "msg": "proposal", "header view": 9, "prepare view": 7, "hash": "S5jvF8HlmLvBxjERXgBCYm1M/GPQBuOxef9Rwa5UXRA=", "parent": "CdTNHG77L/KNb6fxbFkMI5vefUtOuAcj6xhNSmb/gws="}
2022-11-27T04:58:39.386Z	DEBUG	replica=1	coded-hotterstuff/consensus.go:758	Taking care of pending vote 9	{"CURRENT VIEW": 9}
2022-11-27T04:58:39.386Z	DEBUG	replica=1	coded-hotterstuff/consensus.go:965	received vote	{"CURRENT VIEW": 9, "msg": "vote", "voter": 0, "view": 9, "hash": "S5jvF8HlmLvBxjERXgBCYm1M/GPQBuOxef9Rwa5UXRA="}
2022-11-27T04:58:39.390Z	DEBUG	replica=1	coded-hotterstuff/consensus.go:758	Taking care of pending vote 9	{"CURRENT VIEW": 9}
2022-11-27T04:58:39.390Z	DEBUG	replica=1	coded-hotterstuff/consensus.go:965	received vote	{"CURRENT VIEW": 9, "msg": "vote", "voter": 3, "view": 9, "hash": "S5jvF8HlmLvBxjERXgBCYm1M/GPQBuOxef9Rwa5UXRA="}
2022-11-27T04:58:39.395Z	DEBUG	replica=1	coded-hotterstuff/consensus.go:758	Taking care of pending vote 9	{"CURRENT VIEW": 9}
2022-11-27T04:58:39.395Z	DEBUG	replica=1	coded-hotterstuff/consensus.go:965	received vote	{"CURRENT VIEW": 9, "msg": "vote", "voter": 5, "view": 9, "hash": "S5jvF8HlmLvBxjERXgBCYm1M/GPQBuOxef9Rwa5UXRA="}
2022-11-27T04:58:39.400Z	DEBUG	replica=1	coded-hotterstuff/consensus.go:758	Taking care of pending vote 9	{"CURRENT VIEW": 9}
2022-11-27T04:58:39.400Z	DEBUG	replica=1	coded-hotterstuff/consensus.go:965	received vote	{"CURRENT VIEW": 9, "msg": "vote", "voter": 8, "view": 9, "hash": "S5jvF8HlmLvBxjERXgBCYm1M/GPQBuOxef9Rwa5UXRA="}
2022-11-27T04:58:39.407Z	DEBUG	replica=1	coded-hotterstuff/consensus.go:965	received vote	{"CURRENT VIEW": 9, "msg": "vote", "voter": 1, "view": 9, "hash": "S5jvF8HlmLvBxjERXgBCYm1M/GPQBuOxef9Rwa5UXRA="}
2022-11-27T04:58:39.413Z	DEBUG	replica=1	coded-hotterstuff/consensus.go:965	received vote	{"CURRENT VIEW": 9, "msg": "vote", "voter": 2, "view": 9, "hash": "S5jvF8HlmLvBxjERXgBCYm1M/GPQBuOxef9Rwa5UXRA="}
Node  1 +1 block finalized at time:  2022-11-27 04:58:39.418574557 +0000 UTC m=+64.657067937
2022-11-27T04:58:39.785Z	DEBUG	replica=1	coded-hotterstuff/consensus.go:965	received vote	{"CURRENT VIEW": 9, "msg": "vote", "voter": 7, "view": 9, "hash": "S5jvF8HlmLvBxjERXgBCYm1M/GPQBuOxef9Rwa5UXRA="}
2022-11-27T04:58:39.790Z	DEBUG	replica=1	coded-hotterstuff/consensus.go:809	new block certified	{"CURRENT VIEW": 9, "view": 9, "hash": "S5jvF8HlmLvBxjERXgBCYm1M/GPQBuOxef9Rwa5UXRA="}
2022-11-27T04:58:39.790Z	DEBUG	replica=1	coded-hotterstuff/consensus.go:520	entered new view	{"CURRENT VIEW": 10, "view timeout": 2, "timedout": false}
2022-11-27T04:58:39.790Z	DEBUG	replica=1	coded-hotterstuff/consensus.go:544	replica is a leader for this view. waiting for data	{"CURRENT VIEW": 10}
2022-11-27T04:58:39.790Z	DEBUG	replica=1	coded-hotterstuff/consensus.go:520	entered new view	{"CURRENT VIEW": 10, "view timeout": 2, "timedout": false}
2022-11-27T04:58:39.790Z	DEBUG	replica=1	coded-hotterstuff/consensus.go:544	replica is a leader for this view. waiting for data	{"CURRENT VIEW": 10}
2022-11-27T04:58:39.794Z	DEBUG	replica=1	coded-hotterstuff/consensus.go:238	sending proposal	{"CURRENT VIEW": 10, "hash": "Gymi6tg4A5LZy8aiMG6k221RFpMttMcj9dlrzPCBVG4=", "parent": "S5jvF8HlmLvBxjERXgBCYm1M/GPQBuOxef9Rwa5UXRA=", "signer": 1}
2022-11-27T04:58:39.796Z	DEBUG	replica=1	coded-hotterstuff/consensus.go:576	received proposal	{"CURRENT VIEW": 10, "msg": "proposal", "header view": 10, "prepare view": 9, "hash": "Gymi6tg4A5LZy8aiMG6k221RFpMttMcj9dlrzPCBVG4=", "parent": "S5jvF8HlmLvBxjERXgBCYm1M/GPQBuOxef9Rwa5UXRA="}
2022-11-27T04:58:39.804Z	DEBUG	replica=1	coded-hotterstuff/consensus.go:788	new block locked	{"CURRENT VIEW": 10, "view": 8, "hash": "CdTNHG77L/KNb6fxbFkMI5vefUtOuAcj6xhNSmb/gws="}
2022-11-27T04:58:39.804Z	INFO	replica=1	coded-hotterstuff/consensus.go:797	new block commited	{"CURRENT VIEW": 10, "view": 7, "hash": "UrpGBauqox/y7djWW1+uYAk4lnjGCoti5rxDg06dPA8="}
2022-11-27T04:58:39.807Z	DEBUG	replica=1	coded-hotterstuff/consensus.go:678	proposal is safe to vote on	{"CURRENT VIEW": 10, "msg": "proposal", "header view": 10, "prepare view": 9, "hash": "Gymi6tg4A5LZy8aiMG6k221RFpMttMcj9dlrzPCBVG4=", "parent": "S5jvF8HlmLvBxjERXgBCYm1M/GPQBuOxef9Rwa5UXRA="}
Node  1 +1 block finalized at time:  2022-11-27 04:58:39.810030294 +0000 UTC m=+65.048523661
2022-11-27T04:58:40.167Z	DEBUG	replica=1	coded-hotterstuff/consensus.go:965	received vote	{"CURRENT VIEW": 10, "msg": "vote", "voter": 6, "view": 10, "hash": "S5jvF8HlmLvBxjERXgBCYm1M/GPQBuOxef9Rwa5UXRA="}
2022-11-27T04:58:40.172Z	DEBUG	replica=1	coded-hotterstuff/consensus.go:520	entered new view	{"CURRENT VIEW": 10, "view timeout": 2, "timedout": false}
2022-11-27T04:58:40.172Z	DEBUG	replica=1	coded-hotterstuff/consensus.go:544	replica is a leader for this view. waiting for data	{"CURRENT VIEW": 10}
2022-11-27T04:58:40.176Z	DEBUG	replica=1	coded-hotterstuff/consensus.go:238	sending proposal	{"CURRENT VIEW": 10, "hash": "Gymi6tg4A5LZy8aiMG6k221RFpMttMcj9dlrzPCBVG4=", "parent": "S5jvF8HlmLvBxjERXgBCYm1M/GPQBuOxef9Rwa5UXRA=", "signer": 1}
2022-11-27T04:58:40.177Z	DEBUG	replica=1	coded-hotterstuff/consensus.go:576	received proposal	{"CURRENT VIEW": 10, "msg": "proposal", "header view": 10, "prepare view": 9, "hash": "Gymi6tg4A5LZy8aiMG6k221RFpMttMcj9dlrzPCBVG4=", "parent": "S5jvF8HlmLvBxjERXgBCYm1M/GPQBuOxef9Rwa5UXRA="}
replica 1 is forwarding chunk to replica 2
replica 1 is forwarding chunk to replica 3
replica 1 is forwarding chunk to replica 4
replica 1 is forwarding chunk to replica 5
replica 1 is forwarding chunk to replica 6
replica 1 is forwarding chunk to replica 7
replica 1 is forwarding chunk to replica 8
2022-11-27T04:58:40.397Z	DEBUG	replica=1	coded-hotterstuff/consensus.go:965	received vote	{"CURRENT VIEW": 10, "msg": "vote", "voter": 4, "view": 10, "hash": "S5jvF8HlmLvBxjERXgBCYm1M/GPQBuOxef9Rwa5UXRA="}
2022-11-27T04:58:40.403Z	DEBUG	replica=1	coded-hotterstuff/consensus.go:520	entered new view	{"CURRENT VIEW": 10, "view timeout": 2, "timedout": false}
2022-11-27T04:58:40.403Z	DEBUG	replica=1	coded-hotterstuff/consensus.go:544	replica is a leader for this view. waiting for data	{"CURRENT VIEW": 10}
2022-11-27T04:58:40.407Z	DEBUG	replica=1	coded-hotterstuff/consensus.go:238	sending proposal	{"CURRENT VIEW": 10, "hash": "Gymi6tg4A5LZy8aiMG6k221RFpMttMcj9dlrzPCBVG4=", "parent": "S5jvF8HlmLvBxjERXgBCYm1M/GPQBuOxef9Rwa5UXRA=", "signer": 1}
2022-11-27T04:58:40.408Z	DEBUG	replica=1	coded-hotterstuff/consensus.go:576	received proposal	{"CURRENT VIEW": 10, "msg": "proposal", "header view": 10, "prepare view": 9, "hash": "Gymi6tg4A5LZy8aiMG6k221RFpMttMcj9dlrzPCBVG4=", "parent": "S5jvF8HlmLvBxjERXgBCYm1M/GPQBuOxef9Rwa5UXRA="}
Decoded original proposal, time: 2022-11-27 04:58:42.497636843 +0000 UTC m=+67.736130266 header hash: [75 152 239 23 193 229 152 187 193 198 49 17 94 0 66 98 109 76 252 99 208 6 227 177 121 255 81 193 174 84 93 16]
2022-11-27T04:58:42.497Z	DEBUG	replica=1	coded-hotterstuff/consensus.go:576	received proposal	{"CURRENT VIEW": 10, "msg": "proposal", "header view": 9, "prepare view": 9, "hash": "S5jvF8HlmLvBxjERXgBCYm1M/GPQBuOxef9Rwa5UXRA=", "parent": "CdTNHG77L/KNb6fxbFkMI5vefUtOuAcj6xhNSmb/gws="}
2022-11-27T04:58:42.509Z	DEBUG	replica=1	coded-hotterstuff/consensus.go:667	proposal view doesn't match local view	{"CURRENT VIEW": 10, "msg": "proposal", "header view": 9, "prepare view": 9, "hash": "S5jvF8HlmLvBxjERXgBCYm1M/GPQBuOxef9Rwa5UXRA=", "parent": "CdTNHG77L/KNb6fxbFkMI5vefUtOuAcj6xhNSmb/gws="}
Decoded original proposal, time: 2022-11-27 04:58:44.342375204 +0000 UTC m=+69.580868639 header hash: [75 152 239 23 193 229 152 187 193 198 49 17 94 0 66 98 109 76 252 99 208 6 227 177 121 255 81 193 174 84 93 16]
2022-11-27T04:58:44.342Z	DEBUG	replica=1	coded-hotterstuff/consensus.go:576	received proposal	{"CURRENT VIEW": 10, "msg": "proposal", "header view": 9, "prepare view": 9, "hash": "S5jvF8HlmLvBxjERXgBCYm1M/GPQBuOxef9Rwa5UXRA=", "parent": "CdTNHG77L/KNb6fxbFkMI5vefUtOuAcj6xhNSmb/gws="}
2022-11-27T04:58:44.351Z	DEBUG	replica=1	coded-hotterstuff/consensus.go:667	proposal view doesn't match local view	{"CURRENT VIEW": 10, "msg": "proposal", "header view": 9, "prepare view": 9, "hash": "S5jvF8HlmLvBxjERXgBCYm1M/GPQBuOxef9Rwa5UXRA=", "parent": "CdTNHG77L/KNb6fxbFkMI5vefUtOuAcj6xhNSmb/gws="}
replica 1 is forwarding chunk to replica 0
replica 1 is forwarding chunk to replica 3
replica 1 is forwarding chunk to replica 4
replica 1 is forwarding chunk to replica 5
replica 1 is forwarding chunk to replica 6
replica 1 is forwarding chunk to replica 7
replica 1 is forwarding chunk to replica 8
replica 1 is forwarding chunk to replica 0
replica 1 is forwarding chunk to replica 3
replica 1 is forwarding chunk to replica 4
replica 1 is forwarding chunk to replica 5
replica 1 is forwarding chunk to replica 6
replica 1 is forwarding chunk to replica 7
replica 1 is forwarding chunk to replica 8
Decoded original proposal, time: 2022-11-27 04:58:53.526359458 +0000 UTC m=+78.764852889 header hash: [36 112 202 110 235 231 254 169 68 108 200 133 25 89 215 19 188 251 85 241 73 155 115 67 11 176 16 17 106 100 183 124]
2022-11-27T04:58:53.526Z	DEBUG	replica=1	coded-hotterstuff/consensus.go:576	received proposal	{"CURRENT VIEW": 10, "msg": "proposal", "header view": 11, "prepare view": 9, "hash": "JHDKbuvn/qlEbMiFGVnXE7z7VfFJm3NDC7AQEWpkt3w=", "parent": "Gymi6tg4A5LZy8aiMG6k221RFpMttMcj9dlrzPCBVG4="}
2022-11-27T04:58:53.534Z	DEBUG	replica=1	coded-hotterstuff/consensus.go:809	new block certified	{"CURRENT VIEW": 10, "view": 10, "hash": "Gymi6tg4A5LZy8aiMG6k221RFpMttMcj9dlrzPCBVG4="}
2022-11-27T04:58:53.534Z	DEBUG	replica=1	coded-hotterstuff/consensus.go:520	entered new view	{"CURRENT VIEW": 11, "view timeout": 2, "timedout": false}
2022-11-27T04:58:53.534Z	DEBUG	replica=1	coded-hotterstuff/consensus.go:788	new block locked	{"CURRENT VIEW": 11, "view": 9, "hash": "S5jvF8HlmLvBxjERXgBCYm1M/GPQBuOxef9Rwa5UXRA="}
2022-11-27T04:58:53.534Z	INFO	replica=1	coded-hotterstuff/consensus.go:797	new block commited	{"CURRENT VIEW": 11, "view": 8, "hash": "CdTNHG77L/KNb6fxbFkMI5vefUtOuAcj6xhNSmb/gws="}
2022-11-27T04:58:53.535Z	DEBUG	replica=1	coded-hotterstuff/consensus.go:678	proposal is safe to vote on	{"CURRENT VIEW": 10, "msg": "proposal", "header view": 11, "prepare view": 9, "hash": "JHDKbuvn/qlEbMiFGVnXE7z7VfFJm3NDC7AQEWpkt3w=", "parent": "Gymi6tg4A5LZy8aiMG6k221RFpMttMcj9dlrzPCBVG4="}
Node  1 +1 block finalized at time:  2022-11-27 04:58:53.538134942 +0000 UTC m=+78.776628314
replica 1 is forwarding chunk to replica 0
replica 1 is forwarding chunk to replica 3
replica 1 is forwarding chunk to replica 4
replica 1 is forwarding chunk to replica 5
replica 1 is forwarding chunk to replica 6
replica 1 is forwarding chunk to replica 7
replica 1 is forwarding chunk to replica 8
Decoded original proposal, time: 2022-11-27 04:58:55.556726511 +0000 UTC m=+80.795219902 header hash: [36 112 202 110 235 231 254 169 68 108 200 133 25 89 215 19 188 251 85 241 73 155 115 67 11 176 16 17 106 100 183 124]
2022-11-27T04:58:55.556Z	DEBUG	replica=1	coded-hotterstuff/consensus.go:576	received proposal	{"CURRENT VIEW": 11, "msg": "proposal", "header view": 11, "prepare view": 10, "hash": "JHDKbuvn/qlEbMiFGVnXE7z7VfFJm3NDC7AQEWpkt3w=", "parent": "Gymi6tg4A5LZy8aiMG6k221RFpMttMcj9dlrzPCBVG4="}
Decoded original proposal, time: 2022-11-27 04:58:57.102239168 +0000 UTC m=+82.340732620 header hash: [36 112 202 110 235 231 254 169 68 108 200 133 25 89 215 19 188 251 85 241 73 155 115 67 11 176 16 17 106 100 183 124]
2022-11-27T04:58:57.102Z	DEBUG	replica=1	coded-hotterstuff/consensus.go:576	received proposal	{"CURRENT VIEW": 11, "msg": "proposal", "header view": 11, "prepare view": 10, "hash": "JHDKbuvn/qlEbMiFGVnXE7z7VfFJm3NDC7AQEWpkt3w=", "parent": "Gymi6tg4A5LZy8aiMG6k221RFpMttMcj9dlrzPCBVG4="}
replica 1 is forwarding chunk to replica 0
replica 1 is forwarding chunk to replica 2
replica 1 is forwarding chunk to replica 4
replica 1 is forwarding chunk to replica 5
replica 1 is forwarding chunk to replica 6
replica 1 is forwarding chunk to replica 7
replica 1 is forwarding chunk to replica 8
replica 1 is forwarding chunk to replica 0
replica 1 is forwarding chunk to replica 2
replica 1 is forwarding chunk to replica 4
replica 1 is forwarding chunk to replica 5
replica 1 is forwarding chunk to replica 6
replica 1 is forwarding chunk to replica 7
replica 1 is forwarding chunk to replica 8
Decoded original proposal, time: 2022-11-27 04:59:00.354758535 +0000 UTC m=+85.593251924 header hash: [225 164 165 204 236 180 59 151 178 38 118 190 136 53 193 22 146 46 81 162 175 160 6 50 132 174 159 221 166 0 223 96]
2022-11-27T04:59:00.354Z	DEBUG	replica=1	coded-hotterstuff/consensus.go:576	received proposal	{"CURRENT VIEW": 11, "msg": "proposal", "header view": 12, "prepare view": 10, "hash": "4aSlzOy0O5eyJna+iDXBFpIuUaKvoAYyhK6f3aYA32A=", "parent": "JHDKbuvn/qlEbMiFGVnXE7z7VfFJm3NDC7AQEWpkt3w="}
2022-11-27T04:59:00.362Z	DEBUG	replica=1	coded-hotterstuff/consensus.go:809	new block certified	{"CURRENT VIEW": 11, "view": 11, "hash": "JHDKbuvn/qlEbMiFGVnXE7z7VfFJm3NDC7AQEWpkt3w="}
2022-11-27T04:59:00.362Z	DEBUG	replica=1	coded-hotterstuff/consensus.go:520	entered new view	{"CURRENT VIEW": 12, "view timeout": 2, "timedout": false}
2022-11-27T04:59:00.362Z	DEBUG	replica=1	coded-hotterstuff/consensus.go:788	new block locked	{"CURRENT VIEW": 12, "view": 10, "hash": "Gymi6tg4A5LZy8aiMG6k221RFpMttMcj9dlrzPCBVG4="}
2022-11-27T04:59:00.362Z	INFO	replica=1	coded-hotterstuff/consensus.go:797	new block commited	{"CURRENT VIEW": 12, "view": 9, "hash": "S5jvF8HlmLvBxjERXgBCYm1M/GPQBuOxef9Rwa5UXRA="}
2022-11-27T04:59:00.363Z	DEBUG	replica=1	coded-hotterstuff/consensus.go:678	proposal is safe to vote on	{"CURRENT VIEW": 11, "msg": "proposal", "header view": 12, "prepare view": 10, "hash": "4aSlzOy0O5eyJna+iDXBFpIuUaKvoAYyhK6f3aYA32A=", "parent": "JHDKbuvn/qlEbMiFGVnXE7z7VfFJm3NDC7AQEWpkt3w="}
Node  1 +1 block finalized at time:  2022-11-27 04:59:00.366473503 +0000 UTC m=+85.604966874
replica 1 is forwarding chunk to replica 0
replica 1 is forwarding chunk to replica 2
replica 1 is forwarding chunk to replica 4
replica 1 is forwarding chunk to replica 5
replica 1 is forwarding chunk to replica 6
replica 1 is forwarding chunk to replica 7
replica 1 is forwarding chunk to replica 8
Decoded original proposal, time: 2022-11-27 04:59:02.173962454 +0000 UTC m=+87.412455889 header hash: [225 164 165 204 236 180 59 151 178 38 118 190 136 53 193 22 146 46 81 162 175 160 6 50 132 174 159 221 166 0 223 96]
2022-11-27T04:59:02.174Z	DEBUG	replica=1	coded-hotterstuff/consensus.go:576	received proposal	{"CURRENT VIEW": 12, "msg": "proposal", "header view": 12, "prepare view": 11, "hash": "4aSlzOy0O5eyJna+iDXBFpIuUaKvoAYyhK6f3aYA32A=", "parent": "JHDKbuvn/qlEbMiFGVnXE7z7VfFJm3NDC7AQEWpkt3w="}
Decoded original proposal, time: 2022-11-27 04:59:03.973455933 +0000 UTC m=+89.211949371 header hash: [225 164 165 204 236 180 59 151 178 38 118 190 136 53 193 22 146 46 81 162 175 160 6 50 132 174 159 221 166 0 223 96]
2022-11-27T04:59:03.973Z	DEBUG	replica=1	coded-hotterstuff/consensus.go:576	received proposal	{"CURRENT VIEW": 12, "msg": "proposal", "header view": 12, "prepare view": 11, "hash": "4aSlzOy0O5eyJna+iDXBFpIuUaKvoAYyhK6f3aYA32A=", "parent": "JHDKbuvn/qlEbMiFGVnXE7z7VfFJm3NDC7AQEWpkt3w="}
replica 1 is forwarding chunk to replica 0
replica 1 is forwarding chunk to replica 2
replica 1 is forwarding chunk to replica 3
replica 1 is forwarding chunk to replica 5
replica 1 is forwarding chunk to replica 6
replica 1 is forwarding chunk to replica 7
replica 1 is forwarding chunk to replica 8
replica 1 is forwarding chunk to replica 0
replica 1 is forwarding chunk to replica 2
replica 1 is forwarding chunk to replica 3
replica 1 is forwarding chunk to replica 5
replica 1 is forwarding chunk to replica 6
replica 1 is forwarding chunk to replica 7
replica 1 is forwarding chunk to replica 8
replica 1 is forwarding chunk to replica 0
replica 1 is forwarding chunk to replica 2
replica 1 is forwarding chunk to replica 3
replica 1 is forwarding chunk to replica 5
replica 1 is forwarding chunk to replica 6
replica 1 is forwarding chunk to replica 7
replica 1 is forwarding chunk to replica 8
Decoded original proposal, time: 2022-11-27 04:59:08.1337069 +0000 UTC m=+93.372200333 header hash: [55 71 12 88 170 89 30 100 228 23 243 137 27 6 133 29 78 24 217 198 107 27 88 123 223 127 133 219 145 253 87 161]
2022-11-27T04:59:08.133Z	DEBUG	replica=1	coded-hotterstuff/consensus.go:576	received proposal	{"CURRENT VIEW": 12, "msg": "proposal", "header view": 13, "prepare view": 11, "hash": "N0cMWKpZHmTkF/OJGwaFHU4Y2cZrG1h733+F25H9V6E=", "parent": "4aSlzOy0O5eyJna+iDXBFpIuUaKvoAYyhK6f3aYA32A="}
2022-11-27T04:59:08.141Z	DEBUG	replica=1	coded-hotterstuff/consensus.go:809	new block certified	{"CURRENT VIEW": 12, "view": 12, "hash": "4aSlzOy0O5eyJna+iDXBFpIuUaKvoAYyhK6f3aYA32A="}
2022-11-27T04:59:08.141Z	DEBUG	replica=1	coded-hotterstuff/consensus.go:520	entered new view	{"CURRENT VIEW": 13, "view timeout": 2, "timedout": false}
2022-11-27T04:59:08.141Z	DEBUG	replica=1	coded-hotterstuff/consensus.go:788	new block locked	{"CURRENT VIEW": 13, "view": 11, "hash": "JHDKbuvn/qlEbMiFGVnXE7z7VfFJm3NDC7AQEWpkt3w="}
2022-11-27T04:59:08.141Z	INFO	replica=1	coded-hotterstuff/consensus.go:797	new block commited	{"CURRENT VIEW": 13, "view": 10, "hash": "Gymi6tg4A5LZy8aiMG6k221RFpMttMcj9dlrzPCBVG4="}
2022-11-27T04:59:08.142Z	DEBUG	replica=1	coded-hotterstuff/consensus.go:678	proposal is safe to vote on	{"CURRENT VIEW": 12, "msg": "proposal", "header view": 13, "prepare view": 11, "hash": "N0cMWKpZHmTkF/OJGwaFHU4Y2cZrG1h733+F25H9V6E=", "parent": "4aSlzOy0O5eyJna+iDXBFpIuUaKvoAYyhK6f3aYA32A="}
Node  1 +1 block finalized at time:  2022-11-27 04:59:08.145902166 +0000 UTC m=+93.384395541
Decoded original proposal, time: 2022-11-27 04:59:09.810002541 +0000 UTC m=+95.048495982 header hash: [55 71 12 88 170 89 30 100 228 23 243 137 27 6 133 29 78 24 217 198 107 27 88 123 223 127 133 219 145 253 87 161]
2022-11-27T04:59:09.810Z	DEBUG	replica=1	coded-hotterstuff/consensus.go:576	received proposal	{"CURRENT VIEW": 13, "msg": "proposal", "header view": 13, "prepare view": 12, "hash": "N0cMWKpZHmTkF/OJGwaFHU4Y2cZrG1h733+F25H9V6E=", "parent": "4aSlzOy0O5eyJna+iDXBFpIuUaKvoAYyhK6f3aYA32A="}
Decoded original proposal, time: 2022-11-27 04:59:11.595452886 +0000 UTC m=+96.833946322 header hash: [55 71 12 88 170 89 30 100 228 23 243 137 27 6 133 29 78 24 217 198 107 27 88 123 223 127 133 219 145 253 87 161]
2022-11-27T04:59:11.595Z	DEBUG	replica=1	coded-hotterstuff/consensus.go:576	received proposal	{"CURRENT VIEW": 13, "msg": "proposal", "header view": 13, "prepare view": 12, "hash": "N0cMWKpZHmTkF/OJGwaFHU4Y2cZrG1h733+F25H9V6E=", "parent": "4aSlzOy0O5eyJna+iDXBFpIuUaKvoAYyhK6f3aYA32A="}
replica 1 is forwarding chunk to replica 0
replica 1 is forwarding chunk to replica 2
replica 1 is forwarding chunk to replica 3
replica 1 is forwarding chunk to replica 4
replica 1 is forwarding chunk to replica 6
replica 1 is forwarding chunk to replica 7
replica 1 is forwarding chunk to replica 8
replica 1 is forwarding chunk to replica 0
replica 1 is forwarding chunk to replica 2
replica 1 is forwarding chunk to replica 3
replica 1 is forwarding chunk to replica 4
replica 1 is forwarding chunk to replica 6
replica 1 is forwarding chunk to replica 7
replica 1 is forwarding chunk to replica 8
replica 1 is forwarding chunk to replica 0
replica 1 is forwarding chunk to replica 2
replica 1 is forwarding chunk to replica 3
replica 1 is forwarding chunk to replica 4
replica 1 is forwarding chunk to replica 6
replica 1 is forwarding chunk to replica 7
replica 1 is forwarding chunk to replica 8
Decoded original proposal, time: 2022-11-27 04:59:17.042417036 +0000 UTC m=+102.280910479 header hash: [179 79 157 9 84 57 195 200 132 217 159 131 10 204 29 20 183 79 241 0 252 79 239 189 106 39 9 193 130 153 110 137]
2022-11-27T04:59:17.042Z	DEBUG	replica=1	coded-hotterstuff/consensus.go:576	received proposal	{"CURRENT VIEW": 13, "msg": "proposal", "header view": 14, "prepare view": 12, "hash": "s0+dCVQ5w8iE2Z+DCswdFLdP8QD8T++9aicJwYKZbok=", "parent": "N0cMWKpZHmTkF/OJGwaFHU4Y2cZrG1h733+F25H9V6E="}
2022-11-27T04:59:17.050Z	DEBUG	replica=1	coded-hotterstuff/consensus.go:809	new block certified	{"CURRENT VIEW": 13, "view": 13, "hash": "N0cMWKpZHmTkF/OJGwaFHU4Y2cZrG1h733+F25H9V6E="}
2022-11-27T04:59:17.050Z	DEBUG	replica=1	coded-hotterstuff/consensus.go:520	entered new view	{"CURRENT VIEW": 14, "view timeout": 2, "timedout": false}
2022-11-27T04:59:17.050Z	DEBUG	replica=1	coded-hotterstuff/consensus.go:788	new block locked	{"CURRENT VIEW": 14, "view": 12, "hash": "4aSlzOy0O5eyJna+iDXBFpIuUaKvoAYyhK6f3aYA32A="}
2022-11-27T04:59:17.050Z	INFO	replica=1	coded-hotterstuff/consensus.go:797	new block commited	{"CURRENT VIEW": 14, "view": 11, "hash": "JHDKbuvn/qlEbMiFGVnXE7z7VfFJm3NDC7AQEWpkt3w="}
2022-11-27T04:59:17.052Z	DEBUG	replica=1	coded-hotterstuff/consensus.go:678	proposal is safe to vote on	{"CURRENT VIEW": 13, "msg": "proposal", "header view": 14, "prepare view": 12, "hash": "s0+dCVQ5w8iE2Z+DCswdFLdP8QD8T++9aicJwYKZbok=", "parent": "N0cMWKpZHmTkF/OJGwaFHU4Y2cZrG1h733+F25H9V6E="}
Node  1 +1 block finalized at time:  2022-11-27 04:59:17.05489626 +0000 UTC m=+102.293389640
Decoded original proposal, time: 2022-11-27 04:59:18.260542613 +0000 UTC m=+103.499036049 header hash: [179 79 157 9 84 57 195 200 132 217 159 131 10 204 29 20 183 79 241 0 252 79 239 189 106 39 9 193 130 153 110 137]
2022-11-27T04:59:18.260Z	DEBUG	replica=1	coded-hotterstuff/consensus.go:576	received proposal	{"CURRENT VIEW": 14, "msg": "proposal", "header view": 14, "prepare view": 13, "hash": "s0+dCVQ5w8iE2Z+DCswdFLdP8QD8T++9aicJwYKZbok=", "parent": "N0cMWKpZHmTkF/OJGwaFHU4Y2cZrG1h733+F25H9V6E="}
Decoded original proposal, time: 2022-11-27 04:59:19.421815704 +0000 UTC m=+104.660309137 header hash: [179 79 157 9 84 57 195 200 132 217 159 131 10 204 29 20 183 79 241 0 252 79 239 189 106 39 9 193 130 153 110 137]
2022-11-27T04:59:19.421Z	DEBUG	replica=1	coded-hotterstuff/consensus.go:576	received proposal	{"CURRENT VIEW": 14, "msg": "proposal", "header view": 14, "prepare view": 13, "hash": "s0+dCVQ5w8iE2Z+DCswdFLdP8QD8T++9aicJwYKZbok=", "parent": "N0cMWKpZHmTkF/OJGwaFHU4Y2cZrG1h733+F25H9V6E="}
replica 1 is forwarding chunk to replica 0
replica 1 is forwarding chunk to replica 2
replica 1 is forwarding chunk to replica 3
replica 1 is forwarding chunk to replica 4
replica 1 is forwarding chunk to replica 5
replica 1 is forwarding chunk to replica 7
replica 1 is forwarding chunk to replica 8
