Node index: 5
[10.0.1.0:9000 10.0.1.2:9001 10.0.1.4:9002 10.0.1.6:9003 10.0.1.8:9004 10.0.1.10:9005 10.0.1.12:9006]
node 5 initiating connection to 10.0.1.2:9001
node 5 successfully initiated connection to 10.0.1.2:9001
node 5 initiating connection to 10.0.1.0:9000
node 5 successfully initiated connection to 10.0.1.0:9000
node 5 initiating connection to 10.0.1.4:9002
node 5 successfully initiated connection to 10.0.1.4:9002
node 5 initiating connection to 10.0.1.6:9003
node 5 successfully initiated connection to 10.0.1.6:9003
node 5 initiating connection to 10.0.1.8:9004
node 5 successfully initiated connection to 10.0.1.8:9004
connection established 5 - 6
Node  5 -->  Listening for messages... 
2022-11-27T04:59:50.554Z	DEBUG	replica=5	coded-hotterstuff/consensus.go:520	entered new view	{"CURRENT VIEW": 1, "view timeout": 2, "timedout": false}
connection established 5 - 0
Node  5 -->  Listening for messages... 
connection established 5 - 2
Node  5 -->  Listening for messages... 
connection established 5 - 3
Node  5 -->  Listening for messages... 
connection established 5 - 1
Node  5 -->  Listening for messages... 
connection established 5 - 4
Node  5 -->  Listening for messages... 
replica 5 is forwarding chunk to replica 0
replica 5 is forwarding chunk to replica 2
replica 5 is forwarding chunk to replica 3
replica 5 is forwarding chunk to replica 4
replica 5 is forwarding chunk to replica 6
Decoded original proposal, time: 2022-11-27 04:59:59.721471635 +0000 UTC m=+9.221629053 header hash: [72 160 180 233 149 231 108 139 103 97 149 83 197 114 214 128 107 110 76 231 61 205 42 18 190 82 86 133 4 78 235 255]
2022-11-27T04:59:59.721Z	DEBUG	replica=5	coded-hotterstuff/consensus.go:576	received proposal	{"CURRENT VIEW": 1, "msg": "proposal", "header view": 1, "prepare view": 0, "hash": "SKC06ZXnbItnYZVTxXLWgGtuTOc9zSoSvlJWhQRO6/8=", "parent": "GZWDhiYW+ib6TpJWRLDOftUd8y8ovAaEerQWDbefS7c="}
2022-11-27T04:59:59.729Z	DEBUG	replica=5	coded-hotterstuff/consensus.go:777	could not find gparent header	{"CURRENT VIEW": 1, "view": 0, "hash": "GZWDhiYW+ib6TpJWRLDOftUd8y8ovAaEerQWDbefS7c="}
2022-11-27T04:59:59.732Z	DEBUG	replica=5	coded-hotterstuff/consensus.go:678	proposal is safe to vote on	{"CURRENT VIEW": 1, "msg": "proposal", "header view": 1, "prepare view": 0, "hash": "SKC06ZXnbItnYZVTxXLWgGtuTOc9zSoSvlJWhQRO6/8=", "parent": "GZWDhiYW+ib6TpJWRLDOftUd8y8ovAaEerQWDbefS7c="}
replica 5 is forwarding chunk to replica 0
replica 5 is forwarding chunk to replica 1
replica 5 is forwarding chunk to replica 3
replica 5 is forwarding chunk to replica 4
replica 5 is forwarding chunk to replica 6
replica 5 is forwarding chunk to replica 0
replica 5 is forwarding chunk to replica 1
replica 5 is forwarding chunk to replica 3
replica 5 is forwarding chunk to replica 4
replica 5 is forwarding chunk to replica 6
Decoded original proposal, time: 2022-11-27 05:00:07.342006381 +0000 UTC m=+16.842163856 header hash: [112 240 93 77 174 234 64 155 158 20 106 227 158 234 134 149 230 112 20 24 127 150 17 128 149 69 129 124 42 247 80 171]
2022-11-27T05:00:07.342Z	DEBUG	replica=5	coded-hotterstuff/consensus.go:576	received proposal	{"CURRENT VIEW": 1, "msg": "proposal", "header view": 2, "prepare view": 0, "hash": "cPBdTa7qQJueFGrjnuqGleZwFBh/lhGAlUWBfCr3UKs=", "parent": "SKC06ZXnbItnYZVTxXLWgGtuTOc9zSoSvlJWhQRO6/8="}
2022-11-27T05:00:07.349Z	DEBUG	replica=5	coded-hotterstuff/consensus.go:809	new block certified	{"CURRENT VIEW": 1, "view": 1, "hash": "SKC06ZXnbItnYZVTxXLWgGtuTOc9zSoSvlJWhQRO6/8="}
2022-11-27T05:00:07.349Z	DEBUG	replica=5	coded-hotterstuff/consensus.go:520	entered new view	{"CURRENT VIEW": 2, "view timeout": 2, "timedout": false}
2022-11-27T05:00:07.349Z	DEBUG	replica=5	coded-hotterstuff/consensus.go:782	could not find ggparent header	{"CURRENT VIEW": 2, "view": 0, "hash": "GZWDhiYW+ib6TpJWRLDOftUd8y8ovAaEerQWDbefS7c="}
2022-11-27T05:00:07.351Z	DEBUG	replica=5	coded-hotterstuff/consensus.go:678	proposal is safe to vote on	{"CURRENT VIEW": 1, "msg": "proposal", "header view": 2, "prepare view": 0, "hash": "cPBdTa7qQJueFGrjnuqGleZwFBh/lhGAlUWBfCr3UKs=", "parent": "SKC06ZXnbItnYZVTxXLWgGtuTOc9zSoSvlJWhQRO6/8="}
replica 5 is forwarding chunk to replica 0
replica 5 is forwarding chunk to replica 1
replica 5 is forwarding chunk to replica 3
replica 5 is forwarding chunk to replica 4
replica 5 is forwarding chunk to replica 6
Decoded original proposal, time: 2022-11-27 05:00:10.32230024 +0000 UTC m=+19.822457708 header hash: [112 240 93 77 174 234 64 155 158 20 106 227 158 234 134 149 230 112 20 24 127 150 17 128 149 69 129 124 42 247 80 171]
2022-11-27T05:00:10.322Z	DEBUG	replica=5	coded-hotterstuff/consensus.go:576	received proposal	{"CURRENT VIEW": 2, "msg": "proposal", "header view": 2, "prepare view": 1, "hash": "cPBdTa7qQJueFGrjnuqGleZwFBh/lhGAlUWBfCr3UKs=", "parent": "SKC06ZXnbItnYZVTxXLWgGtuTOc9zSoSvlJWhQRO6/8="}
2022-11-27T05:00:10.330Z	DEBUG	replica=5	coded-hotterstuff/consensus.go:782	could not find ggparent header	{"CURRENT VIEW": 2, "view": 0, "hash": "GZWDhiYW+ib6TpJWRLDOftUd8y8ovAaEerQWDbefS7c="}
Decoded original proposal, time: 2022-11-27 05:00:12.263452426 +0000 UTC m=+21.763609899 header hash: [112 240 93 77 174 234 64 155 158 20 106 227 158 234 134 149 230 112 20 24 127 150 17 128 149 69 129 124 42 247 80 171]
2022-11-27T05:00:12.263Z	DEBUG	replica=5	coded-hotterstuff/consensus.go:576	received proposal	{"CURRENT VIEW": 2, "msg": "proposal", "header view": 2, "prepare view": 1, "hash": "cPBdTa7qQJueFGrjnuqGleZwFBh/lhGAlUWBfCr3UKs=", "parent": "SKC06ZXnbItnYZVTxXLWgGtuTOc9zSoSvlJWhQRO6/8="}
2022-11-27T05:00:12.271Z	DEBUG	replica=5	coded-hotterstuff/consensus.go:782	could not find ggparent header	{"CURRENT VIEW": 2, "view": 0, "hash": "GZWDhiYW+ib6TpJWRLDOftUd8y8ovAaEerQWDbefS7c="}
replica 5 is forwarding chunk to replica 0
replica 5 is forwarding chunk to replica 1
replica 5 is forwarding chunk to replica 2
replica 5 is forwarding chunk to replica 4
replica 5 is forwarding chunk to replica 6
Decoded original proposal, time: 2022-11-27 05:00:14.175137829 +0000 UTC m=+23.675295307 header hash: [112 177 115 22 63 1 229 2 188 132 41 134 91 243 148 216 155 140 26 48 57 5 100 136 252 109 95 105 67 73 234 227]
2022-11-27T05:00:14.175Z	DEBUG	replica=5	coded-hotterstuff/consensus.go:576	received proposal	{"CURRENT VIEW": 2, "msg": "proposal", "header view": 3, "prepare view": 1, "hash": "cLFzFj8B5QK8hCmGW/OU2JuMGjA5BWSI/G1faUNJ6uM=", "parent": "cPBdTa7qQJueFGrjnuqGleZwFBh/lhGAlUWBfCr3UKs="}
2022-11-27T05:00:14.183Z	DEBUG	replica=5	coded-hotterstuff/consensus.go:809	new block certified	{"CURRENT VIEW": 2, "view": 2, "hash": "cPBdTa7qQJueFGrjnuqGleZwFBh/lhGAlUWBfCr3UKs="}
2022-11-27T05:00:14.183Z	DEBUG	replica=5	coded-hotterstuff/consensus.go:520	entered new view	{"CURRENT VIEW": 3, "view timeout": 2, "timedout": false}
2022-11-27T05:00:14.183Z	DEBUG	replica=5	coded-hotterstuff/consensus.go:788	new block locked	{"CURRENT VIEW": 3, "view": 1, "hash": "SKC06ZXnbItnYZVTxXLWgGtuTOc9zSoSvlJWhQRO6/8="}
2022-11-27T05:00:14.186Z	DEBUG	replica=5	coded-hotterstuff/consensus.go:678	proposal is safe to vote on	{"CURRENT VIEW": 2, "msg": "proposal", "header view": 3, "prepare view": 1, "hash": "cLFzFj8B5QK8hCmGW/OU2JuMGjA5BWSI/G1faUNJ6uM=", "parent": "cPBdTa7qQJueFGrjnuqGleZwFBh/lhGAlUWBfCr3UKs="}
replica 5 is forwarding chunk to replica 0
replica 5 is forwarding chunk to replica 1
replica 5 is forwarding chunk to replica 2
replica 5 is forwarding chunk to replica 4
replica 5 is forwarding chunk to replica 6
replica 5 is forwarding chunk to replica 0
replica 5 is forwarding chunk to replica 1
replica 5 is forwarding chunk to replica 2
replica 5 is forwarding chunk to replica 4
replica 5 is forwarding chunk to replica 6
replica 5 is forwarding chunk to replica 0
replica 5 is forwarding chunk to replica 1
replica 5 is forwarding chunk to replica 2
replica 5 is forwarding chunk to replica 3
replica 5 is forwarding chunk to replica 6
2022-11-27T05:00:19.881Z	DEBUG	replica=5	coded-hotterstuff/consensus.go:965	received vote	{"CURRENT VIEW": 3, "msg": "vote", "voter": 4, "view": 3, "hash": "8WqYPi7RnJLtEHQ0we0AUFXAprYP7gJj7Cq2GuiCGb4="}
Node  5  received vote before proposal, saving vote in pending votes, hash is  [241 106 152 62 46 209 156 146 237 16 116 52 193 237 0 80 85 192 166 182 15 238 2 99 236 42 182 26 232 130 25 190]  and string is,  4
2022-11-27T05:00:19.881Z	DEBUG	replica=5	coded-hotterstuff/consensus.go:970	Received vote before proposal, key is, 4	{"CURRENT VIEW": 3}
Decoded original proposal, time: 2022-11-27 05:00:20.2845448 +0000 UTC m=+29.784702272 header hash: [112 177 115 22 63 1 229 2 188 132 41 134 91 243 148 216 155 140 26 48 57 5 100 136 252 109 95 105 67 73 234 227]
2022-11-27T05:00:20.284Z	DEBUG	replica=5	coded-hotterstuff/consensus.go:576	received proposal	{"CURRENT VIEW": 3, "msg": "proposal", "header view": 3, "prepare view": 2, "hash": "cLFzFj8B5QK8hCmGW/OU2JuMGjA5BWSI/G1faUNJ6uM=", "parent": "cPBdTa7qQJueFGrjnuqGleZwFBh/lhGAlUWBfCr3UKs="}
Decoded original proposal, time: 2022-11-27 05:00:21.41190572 +0000 UTC m=+30.912063148 header hash: [241 106 152 62 46 209 156 146 237 16 116 52 193 237 0 80 85 192 166 182 15 238 2 99 236 42 182 26 232 130 25 190]
2022-11-27T05:00:21.411Z	DEBUG	replica=5	coded-hotterstuff/consensus.go:576	received proposal	{"CURRENT VIEW": 3, "msg": "proposal", "header view": 4, "prepare view": 2, "hash": "8WqYPi7RnJLtEHQ0we0AUFXAprYP7gJj7Cq2GuiCGb4=", "parent": "cLFzFj8B5QK8hCmGW/OU2JuMGjA5BWSI/G1faUNJ6uM="}
2022-11-27T05:00:21.420Z	DEBUG	replica=5	coded-hotterstuff/consensus.go:809	new block certified	{"CURRENT VIEW": 3, "view": 3, "hash": "cLFzFj8B5QK8hCmGW/OU2JuMGjA5BWSI/G1faUNJ6uM="}
2022-11-27T05:00:21.420Z	DEBUG	replica=5	coded-hotterstuff/consensus.go:520	entered new view	{"CURRENT VIEW": 4, "view timeout": 2, "timedout": false}
2022-11-27T05:00:21.420Z	DEBUG	replica=5	coded-hotterstuff/consensus.go:535	replica is a leader for next view. collecting new-view messages	{"CURRENT VIEW": 4}
2022-11-27T05:00:21.420Z	DEBUG	replica=5	coded-hotterstuff/consensus.go:788	new block locked	{"CURRENT VIEW": 4, "view": 2, "hash": "cPBdTa7qQJueFGrjnuqGleZwFBh/lhGAlUWBfCr3UKs="}
2022-11-27T05:00:21.420Z	INFO	replica=5	coded-hotterstuff/consensus.go:797	new block commited	{"CURRENT VIEW": 4, "view": 1, "hash": "SKC06ZXnbItnYZVTxXLWgGtuTOc9zSoSvlJWhQRO6/8="}
2022-11-27T05:00:21.423Z	DEBUG	replica=5	coded-hotterstuff/consensus.go:678	proposal is safe to vote on	{"CURRENT VIEW": 3, "msg": "proposal", "header view": 4, "prepare view": 2, "hash": "8WqYPi7RnJLtEHQ0we0AUFXAprYP7gJj7Cq2GuiCGb4=", "parent": "cLFzFj8B5QK8hCmGW/OU2JuMGjA5BWSI/G1faUNJ6uM="}
2022-11-27T05:00:21.423Z	DEBUG	replica=5	coded-hotterstuff/consensus.go:758	Taking care of pending vote 4	{"CURRENT VIEW": 4}
2022-11-27T05:00:21.423Z	DEBUG	replica=5	coded-hotterstuff/consensus.go:965	received vote	{"CURRENT VIEW": 4, "msg": "vote", "voter": 4, "view": 4, "hash": "8WqYPi7RnJLtEHQ0we0AUFXAprYP7gJj7Cq2GuiCGb4="}
2022-11-27T05:00:21.430Z	DEBUG	replica=5	coded-hotterstuff/consensus.go:965	received vote	{"CURRENT VIEW": 4, "msg": "vote", "voter": 5, "view": 4, "hash": "8WqYPi7RnJLtEHQ0we0AUFXAprYP7gJj7Cq2GuiCGb4="}
Node  5 +1 block finalized at time:  2022-11-27 05:00:21.436512215 +0000 UTC m=+30.936669640
2022-11-27T05:00:21.886Z	DEBUG	replica=5	coded-hotterstuff/consensus.go:965	received vote	{"CURRENT VIEW": 4, "msg": "vote", "voter": 6, "view": 4, "hash": "8WqYPi7RnJLtEHQ0we0AUFXAprYP7gJj7Cq2GuiCGb4="}
replica 5 is forwarding chunk to replica 0
replica 5 is forwarding chunk to replica 1
replica 5 is forwarding chunk to replica 2
replica 5 is forwarding chunk to replica 3
replica 5 is forwarding chunk to replica 6
Decoded original proposal, time: 2022-11-27 05:00:23.501013761 +0000 UTC m=+33.001171228 header hash: [241 106 152 62 46 209 156 146 237 16 116 52 193 237 0 80 85 192 166 182 15 238 2 99 236 42 182 26 232 130 25 190]
2022-11-27T05:00:23.501Z	DEBUG	replica=5	coded-hotterstuff/consensus.go:576	received proposal	{"CURRENT VIEW": 4, "msg": "proposal", "header view": 4, "prepare view": 3, "hash": "8WqYPi7RnJLtEHQ0we0AUFXAprYP7gJj7Cq2GuiCGb4=", "parent": "cLFzFj8B5QK8hCmGW/OU2JuMGjA5BWSI/G1faUNJ6uM="}
2022-11-27T05:00:23.535Z	DEBUG	replica=5	coded-hotterstuff/consensus.go:965	received vote	{"CURRENT VIEW": 4, "msg": "vote", "voter": 3, "view": 4, "hash": "8WqYPi7RnJLtEHQ0we0AUFXAprYP7gJj7Cq2GuiCGb4="}
Decoded original proposal, time: 2022-11-27 05:00:23.892700794 +0000 UTC m=+33.392858264 header hash: [112 177 115 22 63 1 229 2 188 132 41 134 91 243 148 216 155 140 26 48 57 5 100 136 252 109 95 105 67 73 234 227]
2022-11-27T05:00:23.892Z	DEBUG	replica=5	coded-hotterstuff/consensus.go:576	received proposal	{"CURRENT VIEW": 4, "msg": "proposal", "header view": 3, "prepare view": 3, "hash": "cLFzFj8B5QK8hCmGW/OU2JuMGjA5BWSI/G1faUNJ6uM=", "parent": "cPBdTa7qQJueFGrjnuqGleZwFBh/lhGAlUWBfCr3UKs="}
2022-11-27T05:00:23.901Z	DEBUG	replica=5	coded-hotterstuff/consensus.go:667	proposal view doesn't match local view	{"CURRENT VIEW": 4, "msg": "proposal", "header view": 3, "prepare view": 3, "hash": "cLFzFj8B5QK8hCmGW/OU2JuMGjA5BWSI/G1faUNJ6uM=", "parent": "cPBdTa7qQJueFGrjnuqGleZwFBh/lhGAlUWBfCr3UKs="}
replica 5 is forwarding chunk to replica 0
replica 5 is forwarding chunk to replica 1
replica 5 is forwarding chunk to replica 2
replica 5 is forwarding chunk to replica 3
replica 5 is forwarding chunk to replica 6
2022-11-27T05:00:25.333Z	DEBUG	replica=5	coded-hotterstuff/consensus.go:965	received vote	{"CURRENT VIEW": 4, "msg": "vote", "voter": 2, "view": 4, "hash": "8WqYPi7RnJLtEHQ0we0AUFXAprYP7gJj7Cq2GuiCGb4="}
2022-11-27T05:00:25.340Z	DEBUG	replica=5	coded-hotterstuff/consensus.go:809	new block certified	{"CURRENT VIEW": 4, "view": 4, "hash": "8WqYPi7RnJLtEHQ0we0AUFXAprYP7gJj7Cq2GuiCGb4="}
2022-11-27T05:00:25.341Z	DEBUG	replica=5	coded-hotterstuff/consensus.go:520	entered new view	{"CURRENT VIEW": 5, "view timeout": 2, "timedout": false}
2022-11-27T05:00:25.341Z	DEBUG	replica=5	coded-hotterstuff/consensus.go:544	replica is a leader for this view. waiting for data	{"CURRENT VIEW": 5}
2022-11-27T05:00:25.341Z	DEBUG	replica=5	coded-hotterstuff/consensus.go:520	entered new view	{"CURRENT VIEW": 5, "view timeout": 2, "timedout": false}
2022-11-27T05:00:25.341Z	DEBUG	replica=5	coded-hotterstuff/consensus.go:544	replica is a leader for this view. waiting for data	{"CURRENT VIEW": 5}
2022-11-27T05:00:25.344Z	DEBUG	replica=5	coded-hotterstuff/consensus.go:238	sending proposal	{"CURRENT VIEW": 5, "hash": "jgrj6scOqMsv2tOI5ilebUQ0EAUbjhBGBRf6AbYZ3ZQ=", "parent": "8WqYPi7RnJLtEHQ0we0AUFXAprYP7gJj7Cq2GuiCGb4=", "signer": 5}
2022-11-27T05:00:25.345Z	DEBUG	replica=5	coded-hotterstuff/consensus.go:576	received proposal	{"CURRENT VIEW": 5, "msg": "proposal", "header view": 5, "prepare view": 4, "hash": "jgrj6scOqMsv2tOI5ilebUQ0EAUbjhBGBRf6AbYZ3ZQ=", "parent": "8WqYPi7RnJLtEHQ0we0AUFXAprYP7gJj7Cq2GuiCGb4="}
2022-11-27T05:00:25.354Z	DEBUG	replica=5	coded-hotterstuff/consensus.go:788	new block locked	{"CURRENT VIEW": 5, "view": 3, "hash": "cLFzFj8B5QK8hCmGW/OU2JuMGjA5BWSI/G1faUNJ6uM="}
2022-11-27T05:00:25.354Z	INFO	replica=5	coded-hotterstuff/consensus.go:797	new block commited	{"CURRENT VIEW": 5, "view": 2, "hash": "cPBdTa7qQJueFGrjnuqGleZwFBh/lhGAlUWBfCr3UKs="}
2022-11-27T05:00:25.356Z	DEBUG	replica=5	coded-hotterstuff/consensus.go:678	proposal is safe to vote on	{"CURRENT VIEW": 5, "msg": "proposal", "header view": 5, "prepare view": 4, "hash": "jgrj6scOqMsv2tOI5ilebUQ0EAUbjhBGBRf6AbYZ3ZQ=", "parent": "8WqYPi7RnJLtEHQ0we0AUFXAprYP7gJj7Cq2GuiCGb4="}
Node  5 +1 block finalized at time:  2022-11-27 05:00:25.36038863 +0000 UTC m=+34.860546056
Decoded original proposal, time: 2022-11-27 05:00:25.838460603 +0000 UTC m=+35.338618073 header hash: [241 106 152 62 46 209 156 146 237 16 116 52 193 237 0 80 85 192 166 182 15 238 2 99 236 42 182 26 232 130 25 190]
2022-11-27T05:00:25.838Z	DEBUG	replica=5	coded-hotterstuff/consensus.go:576	received proposal	{"CURRENT VIEW": 5, "msg": "proposal", "header view": 4, "prepare view": 4, "hash": "8WqYPi7RnJLtEHQ0we0AUFXAprYP7gJj7Cq2GuiCGb4=", "parent": "cLFzFj8B5QK8hCmGW/OU2JuMGjA5BWSI/G1faUNJ6uM="}
2022-11-27T05:00:25.848Z	DEBUG	replica=5	coded-hotterstuff/consensus.go:667	proposal view doesn't match local view	{"CURRENT VIEW": 5, "msg": "proposal", "header view": 4, "prepare view": 4, "hash": "8WqYPi7RnJLtEHQ0we0AUFXAprYP7gJj7Cq2GuiCGb4=", "parent": "cLFzFj8B5QK8hCmGW/OU2JuMGjA5BWSI/G1faUNJ6uM="}
2022-11-27T05:00:26.554Z	DEBUG	replica=5	coded-hotterstuff/consensus.go:965	received vote	{"CURRENT VIEW": 5, "msg": "vote", "voter": 1, "view": 5, "hash": "8WqYPi7RnJLtEHQ0we0AUFXAprYP7gJj7Cq2GuiCGb4="}
2022-11-27T05:00:26.560Z	DEBUG	replica=5	coded-hotterstuff/consensus.go:520	entered new view	{"CURRENT VIEW": 5, "view timeout": 2, "timedout": false}
2022-11-27T05:00:26.560Z	DEBUG	replica=5	coded-hotterstuff/consensus.go:544	replica is a leader for this view. waiting for data	{"CURRENT VIEW": 5}
2022-11-27T05:00:26.564Z	DEBUG	replica=5	coded-hotterstuff/consensus.go:238	sending proposal	{"CURRENT VIEW": 5, "hash": "jgrj6scOqMsv2tOI5ilebUQ0EAUbjhBGBRf6AbYZ3ZQ=", "parent": "8WqYPi7RnJLtEHQ0we0AUFXAprYP7gJj7Cq2GuiCGb4=", "signer": 5}
2022-11-27T05:00:26.567Z	DEBUG	replica=5	coded-hotterstuff/consensus.go:576	received proposal	{"CURRENT VIEW": 5, "msg": "proposal", "header view": 5, "prepare view": 4, "hash": "jgrj6scOqMsv2tOI5ilebUQ0EAUbjhBGBRf6AbYZ3ZQ=", "parent": "8WqYPi7RnJLtEHQ0we0AUFXAprYP7gJj7Cq2GuiCGb4="}
2022-11-27T05:00:28.186Z	DEBUG	replica=5	coded-hotterstuff/consensus.go:965	received vote	{"CURRENT VIEW": 5, "msg": "vote", "voter": 0, "view": 5, "hash": "8WqYPi7RnJLtEHQ0we0AUFXAprYP7gJj7Cq2GuiCGb4="}
2022-11-27T05:00:28.192Z	DEBUG	replica=5	coded-hotterstuff/consensus.go:520	entered new view	{"CURRENT VIEW": 5, "view timeout": 2, "timedout": false}
2022-11-27T05:00:28.192Z	DEBUG	replica=5	coded-hotterstuff/consensus.go:544	replica is a leader for this view. waiting for data	{"CURRENT VIEW": 5}
2022-11-27T05:00:28.196Z	DEBUG	replica=5	coded-hotterstuff/consensus.go:238	sending proposal	{"CURRENT VIEW": 5, "hash": "jgrj6scOqMsv2tOI5ilebUQ0EAUbjhBGBRf6AbYZ3ZQ=", "parent": "8WqYPi7RnJLtEHQ0we0AUFXAprYP7gJj7Cq2GuiCGb4=", "signer": 5}
2022-11-27T05:00:28.198Z	DEBUG	replica=5	coded-hotterstuff/consensus.go:576	received proposal	{"CURRENT VIEW": 5, "msg": "proposal", "header view": 5, "prepare view": 4, "hash": "jgrj6scOqMsv2tOI5ilebUQ0EAUbjhBGBRf6AbYZ3ZQ=", "parent": "8WqYPi7RnJLtEHQ0we0AUFXAprYP7gJj7Cq2GuiCGb4="}
replica 5 is forwarding chunk to replica 0
replica 5 is forwarding chunk to replica 1
replica 5 is forwarding chunk to replica 2
replica 5 is forwarding chunk to replica 3
replica 5 is forwarding chunk to replica 4
replica 5 is forwarding chunk to replica 0
replica 5 is forwarding chunk to replica 1
replica 5 is forwarding chunk to replica 2
replica 5 is forwarding chunk to replica 3
replica 5 is forwarding chunk to replica 4
Decoded original proposal, time: 2022-11-27 05:00:39.827851446 +0000 UTC m=+49.328008915 header hash: [144 90 124 249 42 55 49 193 182 202 159 220 172 15 148 92 178 123 123 95 139 252 214 157 36 122 219 17 149 62 178 46]
2022-11-27T05:00:39.827Z	DEBUG	replica=5	coded-hotterstuff/consensus.go:576	received proposal	{"CURRENT VIEW": 5, "msg": "proposal", "header view": 6, "prepare view": 4, "hash": "kFp8+So3McG2yp/crA+UXLJ7e1+L/NadJHrbEZU+si4=", "parent": "jgrj6scOqMsv2tOI5ilebUQ0EAUbjhBGBRf6AbYZ3ZQ="}
2022-11-27T05:00:39.836Z	DEBUG	replica=5	coded-hotterstuff/consensus.go:809	new block certified	{"CURRENT VIEW": 5, "view": 5, "hash": "jgrj6scOqMsv2tOI5ilebUQ0EAUbjhBGBRf6AbYZ3ZQ="}
2022-11-27T05:00:39.836Z	DEBUG	replica=5	coded-hotterstuff/consensus.go:520	entered new view	{"CURRENT VIEW": 6, "view timeout": 2, "timedout": false}
2022-11-27T05:00:39.836Z	DEBUG	replica=5	coded-hotterstuff/consensus.go:788	new block locked	{"CURRENT VIEW": 6, "view": 4, "hash": "8WqYPi7RnJLtEHQ0we0AUFXAprYP7gJj7Cq2GuiCGb4="}
2022-11-27T05:00:39.836Z	INFO	replica=5	coded-hotterstuff/consensus.go:797	new block commited	{"CURRENT VIEW": 6, "view": 3, "hash": "cLFzFj8B5QK8hCmGW/OU2JuMGjA5BWSI/G1faUNJ6uM="}
2022-11-27T05:00:39.837Z	DEBUG	replica=5	coded-hotterstuff/consensus.go:678	proposal is safe to vote on	{"CURRENT VIEW": 5, "msg": "proposal", "header view": 6, "prepare view": 4, "hash": "kFp8+So3McG2yp/crA+UXLJ7e1+L/NadJHrbEZU+si4=", "parent": "jgrj6scOqMsv2tOI5ilebUQ0EAUbjhBGBRf6AbYZ3ZQ="}
Node  5 +1 block finalized at time:  2022-11-27 05:00:39.839635843 +0000 UTC m=+49.339793270
replica 5 is forwarding chunk to replica 0
replica 5 is forwarding chunk to replica 1
replica 5 is forwarding chunk to replica 2
replica 5 is forwarding chunk to replica 3
replica 5 is forwarding chunk to replica 4
Decoded original proposal, time: 2022-11-27 05:00:43.595176925 +0000 UTC m=+53.095334400 header hash: [144 90 124 249 42 55 49 193 182 202 159 220 172 15 148 92 178 123 123 95 139 252 214 157 36 122 219 17 149 62 178 46]
2022-11-27T05:00:43.595Z	DEBUG	replica=5	coded-hotterstuff/consensus.go:576	received proposal	{"CURRENT VIEW": 6, "msg": "proposal", "header view": 6, "prepare view": 5, "hash": "kFp8+So3McG2yp/crA+UXLJ7e1+L/NadJHrbEZU+si4=", "parent": "jgrj6scOqMsv2tOI5ilebUQ0EAUbjhBGBRf6AbYZ3ZQ="}
replica 5 is forwarding chunk to replica 1
replica 5 is forwarding chunk to replica 2
replica 5 is forwarding chunk to replica 3
replica 5 is forwarding chunk to replica 4
replica 5 is forwarding chunk to replica 6
Decoded original proposal, time: 2022-11-27 05:00:46.250852803 +0000 UTC m=+55.751010269 header hash: [144 90 124 249 42 55 49 193 182 202 159 220 172 15 148 92 178 123 123 95 139 252 214 157 36 122 219 17 149 62 178 46]
2022-11-27T05:00:46.250Z	DEBUG	replica=5	coded-hotterstuff/consensus.go:576	received proposal	{"CURRENT VIEW": 6, "msg": "proposal", "header view": 6, "prepare view": 5, "hash": "kFp8+So3McG2yp/crA+UXLJ7e1+L/NadJHrbEZU+si4=", "parent": "jgrj6scOqMsv2tOI5ilebUQ0EAUbjhBGBRf6AbYZ3ZQ="}
Decoded original proposal, time: 2022-11-27 05:00:49.043539727 +0000 UTC m=+58.543697204 header hash: [82 186 70 5 171 170 163 31 242 237 216 214 91 95 174 96 9 56 150 120 198 10 139 98 230 188 67 131 78 157 60 15]
2022-11-27T05:00:49.043Z	DEBUG	replica=5	coded-hotterstuff/consensus.go:576	received proposal	{"CURRENT VIEW": 6, "msg": "proposal", "header view": 7, "prepare view": 5, "hash": "UrpGBauqox/y7djWW1+uYAk4lnjGCoti5rxDg06dPA8=", "parent": "kFp8+So3McG2yp/crA+UXLJ7e1+L/NadJHrbEZU+si4="}
2022-11-27T05:00:49.051Z	DEBUG	replica=5	coded-hotterstuff/consensus.go:809	new block certified	{"CURRENT VIEW": 6, "view": 6, "hash": "kFp8+So3McG2yp/crA+UXLJ7e1+L/NadJHrbEZU+si4="}
2022-11-27T05:00:49.051Z	DEBUG	replica=5	coded-hotterstuff/consensus.go:520	entered new view	{"CURRENT VIEW": 7, "view timeout": 2, "timedout": false}
2022-11-27T05:00:49.052Z	DEBUG	replica=5	coded-hotterstuff/consensus.go:788	new block locked	{"CURRENT VIEW": 7, "view": 5, "hash": "jgrj6scOqMsv2tOI5ilebUQ0EAUbjhBGBRf6AbYZ3ZQ="}
2022-11-27T05:00:49.052Z	INFO	replica=5	coded-hotterstuff/consensus.go:797	new block commited	{"CURRENT VIEW": 7, "view": 4, "hash": "8WqYPi7RnJLtEHQ0we0AUFXAprYP7gJj7Cq2GuiCGb4="}
2022-11-27T05:00:49.054Z	DEBUG	replica=5	coded-hotterstuff/consensus.go:678	proposal is safe to vote on	{"CURRENT VIEW": 6, "msg": "proposal", "header view": 7, "prepare view": 5, "hash": "UrpGBauqox/y7djWW1+uYAk4lnjGCoti5rxDg06dPA8=", "parent": "kFp8+So3McG2yp/crA+UXLJ7e1+L/NadJHrbEZU+si4="}
replica 5 is forwarding chunk to replica 1
replica 5 is forwarding chunk to replica 2
replica 5 is forwarding chunk to replica 3
replica 5 is forwarding chunk to replica 4
replica 5 is forwarding chunk to replica 6
Node  5 +1 block finalized at time:  2022-11-27 05:00:49.057014548 +0000 UTC m=+58.557171969
Decoded original proposal, time: 2022-11-27 05:00:51.468961398 +0000 UTC m=+60.969118818 header hash: [82 186 70 5 171 170 163 31 242 237 216 214 91 95 174 96 9 56 150 120 198 10 139 98 230 188 67 131 78 157 60 15]
2022-11-27T05:00:51.469Z	DEBUG	replica=5	coded-hotterstuff/consensus.go:576	received proposal	{"CURRENT VIEW": 7, "msg": "proposal", "header view": 7, "prepare view": 6, "hash": "UrpGBauqox/y7djWW1+uYAk4lnjGCoti5rxDg06dPA8=", "parent": "kFp8+So3McG2yp/crA+UXLJ7e1+L/NadJHrbEZU+si4="}
replica 5 is forwarding chunk to replica 1
replica 5 is forwarding chunk to replica 2
replica 5 is forwarding chunk to replica 3
replica 5 is forwarding chunk to replica 4
replica 5 is forwarding chunk to replica 6
Decoded original proposal, time: 2022-11-27 05:00:55.379569284 +0000 UTC m=+64.879726756 header hash: [82 186 70 5 171 170 163 31 242 237 216 214 91 95 174 96 9 56 150 120 198 10 139 98 230 188 67 131 78 157 60 15]
2022-11-27T05:00:55.379Z	DEBUG	replica=5	coded-hotterstuff/consensus.go:576	received proposal	{"CURRENT VIEW": 7, "msg": "proposal", "header view": 7, "prepare view": 6, "hash": "UrpGBauqox/y7djWW1+uYAk4lnjGCoti5rxDg06dPA8=", "parent": "kFp8+So3McG2yp/crA+UXLJ7e1+L/NadJHrbEZU+si4="}
replica 5 is forwarding chunk to replica 0
replica 5 is forwarding chunk to replica 2
replica 5 is forwarding chunk to replica 3
replica 5 is forwarding chunk to replica 4
replica 5 is forwarding chunk to replica 6
Decoded original proposal, time: 2022-11-27 05:00:55.998172667 +0000 UTC m=+65.498330090 header hash: [9 212 205 28 110 251 47 242 141 111 167 241 108 89 12 35 155 222 125 75 78 184 7 35 235 24 77 74 102 255 131 11]
2022-11-27T05:00:55.998Z	DEBUG	replica=5	coded-hotterstuff/consensus.go:576	received proposal	{"CURRENT VIEW": 7, "msg": "proposal", "header view": 8, "prepare view": 6, "hash": "CdTNHG77L/KNb6fxbFkMI5vefUtOuAcj6xhNSmb/gws=", "parent": "UrpGBauqox/y7djWW1+uYAk4lnjGCoti5rxDg06dPA8="}
2022-11-27T05:00:56.007Z	DEBUG	replica=5	coded-hotterstuff/consensus.go:809	new block certified	{"CURRENT VIEW": 7, "view": 7, "hash": "UrpGBauqox/y7djWW1+uYAk4lnjGCoti5rxDg06dPA8="}
2022-11-27T05:00:56.007Z	DEBUG	replica=5	coded-hotterstuff/consensus.go:520	entered new view	{"CURRENT VIEW": 8, "view timeout": 2, "timedout": false}
2022-11-27T05:00:56.007Z	DEBUG	replica=5	coded-hotterstuff/consensus.go:788	new block locked	{"CURRENT VIEW": 8, "view": 6, "hash": "kFp8+So3McG2yp/crA+UXLJ7e1+L/NadJHrbEZU+si4="}
2022-11-27T05:00:56.007Z	INFO	replica=5	coded-hotterstuff/consensus.go:797	new block commited	{"CURRENT VIEW": 8, "view": 5, "hash": "jgrj6scOqMsv2tOI5ilebUQ0EAUbjhBGBRf6AbYZ3ZQ="}
2022-11-27T05:00:56.009Z	DEBUG	replica=5	coded-hotterstuff/consensus.go:678	proposal is safe to vote on	{"CURRENT VIEW": 7, "msg": "proposal", "header view": 8, "prepare view": 6, "hash": "CdTNHG77L/KNb6fxbFkMI5vefUtOuAcj6xhNSmb/gws=", "parent": "UrpGBauqox/y7djWW1+uYAk4lnjGCoti5rxDg06dPA8="}
Node  5 +1 block finalized at time:  2022-11-27 05:00:56.01228459 +0000 UTC m=+65.512442004
replica 5 is forwarding chunk to replica 0
replica 5 is forwarding chunk to replica 2
replica 5 is forwarding chunk to replica 3
replica 5 is forwarding chunk to replica 4
replica 5 is forwarding chunk to replica 6
Decoded original proposal, time: 2022-11-27 05:01:01.233686658 +0000 UTC m=+70.733844128 header hash: [9 212 205 28 110 251 47 242 141 111 167 241 108 89 12 35 155 222 125 75 78 184 7 35 235 24 77 74 102 255 131 11]
2022-11-27T05:01:01.233Z	DEBUG	replica=5	coded-hotterstuff/consensus.go:576	received proposal	{"CURRENT VIEW": 8, "msg": "proposal", "header view": 8, "prepare view": 7, "hash": "CdTNHG77L/KNb6fxbFkMI5vefUtOuAcj6xhNSmb/gws=", "parent": "UrpGBauqox/y7djWW1+uYAk4lnjGCoti5rxDg06dPA8="}
replica 5 is forwarding chunk to replica 0
replica 5 is forwarding chunk to replica 2
replica 5 is forwarding chunk to replica 3
replica 5 is forwarding chunk to replica 4
replica 5 is forwarding chunk to replica 6
Decoded original proposal, time: 2022-11-27 05:01:03.133848157 +0000 UTC m=+72.634005623 header hash: [9 212 205 28 110 251 47 242 141 111 167 241 108 89 12 35 155 222 125 75 78 184 7 35 235 24 77 74 102 255 131 11]
2022-11-27T05:01:03.133Z	DEBUG	replica=5	coded-hotterstuff/consensus.go:576	received proposal	{"CURRENT VIEW": 8, "msg": "proposal", "header view": 8, "prepare view": 7, "hash": "CdTNHG77L/KNb6fxbFkMI5vefUtOuAcj6xhNSmb/gws=", "parent": "UrpGBauqox/y7djWW1+uYAk4lnjGCoti5rxDg06dPA8="}
Decoded original proposal, time: 2022-11-27 05:01:04.81115684 +0000 UTC m=+74.311314315 header hash: [75 152 239 23 193 229 152 187 193 198 49 17 94 0 66 98 109 76 252 99 208 6 227 177 121 255 81 193 174 84 93 16]
2022-11-27T05:01:04.811Z	DEBUG	replica=5	coded-hotterstuff/consensus.go:576	received proposal	{"CURRENT VIEW": 8, "msg": "proposal", "header view": 9, "prepare view": 7, "hash": "S5jvF8HlmLvBxjERXgBCYm1M/GPQBuOxef9Rwa5UXRA=", "parent": "CdTNHG77L/KNb6fxbFkMI5vefUtOuAcj6xhNSmb/gws="}
2022-11-27T05:01:04.819Z	DEBUG	replica=5	coded-hotterstuff/consensus.go:809	new block certified	{"CURRENT VIEW": 8, "view": 8, "hash": "CdTNHG77L/KNb6fxbFkMI5vefUtOuAcj6xhNSmb/gws="}
2022-11-27T05:01:04.819Z	DEBUG	replica=5	coded-hotterstuff/consensus.go:520	entered new view	{"CURRENT VIEW": 9, "view timeout": 2, "timedout": false}
2022-11-27T05:01:04.819Z	DEBUG	replica=5	coded-hotterstuff/consensus.go:788	new block locked	{"CURRENT VIEW": 9, "view": 7, "hash": "UrpGBauqox/y7djWW1+uYAk4lnjGCoti5rxDg06dPA8="}
2022-11-27T05:01:04.819Z	INFO	replica=5	coded-hotterstuff/consensus.go:797	new block commited	{"CURRENT VIEW": 9, "view": 6, "hash": "kFp8+So3McG2yp/crA+UXLJ7e1+L/NadJHrbEZU+si4="}
2022-11-27T05:01:04.820Z	DEBUG	replica=5	coded-hotterstuff/consensus.go:678	proposal is safe to vote on	{"CURRENT VIEW": 8, "msg": "proposal", "header view": 9, "prepare view": 7, "hash": "S5jvF8HlmLvBxjERXgBCYm1M/GPQBuOxef9Rwa5UXRA=", "parent": "CdTNHG77L/KNb6fxbFkMI5vefUtOuAcj6xhNSmb/gws="}
Node  5 +1 block finalized at time:  2022-11-27 05:01:04.822645203 +0000 UTC m=+74.322802624
replica 5 is forwarding chunk to replica 0
replica 5 is forwarding chunk to replica 1
replica 5 is forwarding chunk to replica 3
replica 5 is forwarding chunk to replica 4
replica 5 is forwarding chunk to replica 6
Decoded original proposal, time: 2022-11-27 05:01:06.820792581 +0000 UTC m=+76.320950053 header hash: [75 152 239 23 193 229 152 187 193 198 49 17 94 0 66 98 109 76 252 99 208 6 227 177 121 255 81 193 174 84 93 16]
2022-11-27T05:01:06.820Z	DEBUG	replica=5	coded-hotterstuff/consensus.go:576	received proposal	{"CURRENT VIEW": 9, "msg": "proposal", "header view": 9, "prepare view": 8, "hash": "S5jvF8HlmLvBxjERXgBCYm1M/GPQBuOxef9Rwa5UXRA=", "parent": "CdTNHG77L/KNb6fxbFkMI5vefUtOuAcj6xhNSmb/gws="}
replica 5 is forwarding chunk to replica 0
replica 5 is forwarding chunk to replica 1
replica 5 is forwarding chunk to replica 3
replica 5 is forwarding chunk to replica 4
replica 5 is forwarding chunk to replica 6
replica 5 is forwarding chunk to replica 0
replica 5 is forwarding chunk to replica 1
replica 5 is forwarding chunk to replica 3
replica 5 is forwarding chunk to replica 4
replica 5 is forwarding chunk to replica 6
replica 5 is forwarding chunk to replica 0
replica 5 is forwarding chunk to replica 1
replica 5 is forwarding chunk to replica 2
replica 5 is forwarding chunk to replica 4
replica 5 is forwarding chunk to replica 6
Decoded original proposal, time: 2022-11-27 05:01:09.52192215 +0000 UTC m=+79.022079579 header hash: [75 152 239 23 193 229 152 187 193 198 49 17 94 0 66 98 109 76 252 99 208 6 227 177 121 255 81 193 174 84 93 16]
2022-11-27T05:01:09.521Z	DEBUG	replica=5	coded-hotterstuff/consensus.go:576	received proposal	{"CURRENT VIEW": 9, "msg": "proposal", "header view": 9, "prepare view": 8, "hash": "S5jvF8HlmLvBxjERXgBCYm1M/GPQBuOxef9Rwa5UXRA=", "parent": "CdTNHG77L/KNb6fxbFkMI5vefUtOuAcj6xhNSmb/gws="}
Decoded original proposal, time: 2022-11-27 05:01:12.206467457 +0000 UTC m=+81.706624927 header hash: [27 41 162 234 216 56 3 146 217 203 198 162 48 110 164 219 109 81 22 147 45 180 199 35 245 217 107 204 240 129 84 110]
2022-11-27T05:01:12.206Z	DEBUG	replica=5	coded-hotterstuff/consensus.go:576	received proposal	{"CURRENT VIEW": 9, "msg": "proposal", "header view": 10, "prepare view": 8, "hash": "Gymi6tg4A5LZy8aiMG6k221RFpMttMcj9dlrzPCBVG4=", "parent": "S5jvF8HlmLvBxjERXgBCYm1M/GPQBuOxef9Rwa5UXRA="}
2022-11-27T05:01:12.214Z	DEBUG	replica=5	coded-hotterstuff/consensus.go:809	new block certified	{"CURRENT VIEW": 9, "view": 9, "hash": "S5jvF8HlmLvBxjERXgBCYm1M/GPQBuOxef9Rwa5UXRA="}
2022-11-27T05:01:12.214Z	DEBUG	replica=5	coded-hotterstuff/consensus.go:520	entered new view	{"CURRENT VIEW": 10, "view timeout": 2, "timedout": false}
2022-11-27T05:01:12.214Z	DEBUG	replica=5	coded-hotterstuff/consensus.go:788	new block locked	{"CURRENT VIEW": 10, "view": 8, "hash": "CdTNHG77L/KNb6fxbFkMI5vefUtOuAcj6xhNSmb/gws="}
2022-11-27T05:01:12.214Z	INFO	replica=5	coded-hotterstuff/consensus.go:797	new block commited	{"CURRENT VIEW": 10, "view": 7, "hash": "UrpGBauqox/y7djWW1+uYAk4lnjGCoti5rxDg06dPA8="}
2022-11-27T05:01:12.215Z	DEBUG	replica=5	coded-hotterstuff/consensus.go:678	proposal is safe to vote on	{"CURRENT VIEW": 9, "msg": "proposal", "header view": 10, "prepare view": 8, "hash": "Gymi6tg4A5LZy8aiMG6k221RFpMttMcj9dlrzPCBVG4=", "parent": "S5jvF8HlmLvBxjERXgBCYm1M/GPQBuOxef9Rwa5UXRA="}
Node  5 +1 block finalized at time:  2022-11-27 05:01:12.217835244 +0000 UTC m=+81.717992664
replica 5 is forwarding chunk to replica 0
replica 5 is forwarding chunk to replica 1
replica 5 is forwarding chunk to replica 2
replica 5 is forwarding chunk to replica 4
replica 5 is forwarding chunk to replica 6
Decoded original proposal, time: 2022-11-27 05:01:14.861443394 +0000 UTC m=+84.361600877 header hash: [27 41 162 234 216 56 3 146 217 203 198 162 48 110 164 219 109 81 22 147 45 180 199 35 245 217 107 204 240 129 84 110]
2022-11-27T05:01:14.861Z	DEBUG	replica=5	coded-hotterstuff/consensus.go:576	received proposal	{"CURRENT VIEW": 10, "msg": "proposal", "header view": 10, "prepare view": 9, "hash": "Gymi6tg4A5LZy8aiMG6k221RFpMttMcj9dlrzPCBVG4=", "parent": "S5jvF8HlmLvBxjERXgBCYm1M/GPQBuOxef9Rwa5UXRA="}
replica 5 is forwarding chunk to replica 0
replica 5 is forwarding chunk to replica 1
replica 5 is forwarding chunk to replica 2
replica 5 is forwarding chunk to replica 4
replica 5 is forwarding chunk to replica 6
replica 5 is forwarding chunk to replica 0
replica 5 is forwarding chunk to replica 1
replica 5 is forwarding chunk to replica 2
replica 5 is forwarding chunk to replica 3
replica 5 is forwarding chunk to replica 6
2022-11-27T05:01:16.766Z	DEBUG	replica=5	coded-hotterstuff/consensus.go:965	received vote	{"CURRENT VIEW": 10, "msg": "vote", "voter": 4, "view": 10, "hash": "JHDKbuvn/qlEbMiFGVnXE7z7VfFJm3NDC7AQEWpkt3w="}
Node  5  received vote before proposal, saving vote in pending votes, hash is  [36 112 202 110 235 231 254 169 68 108 200 133 25 89 215 19 188 251 85 241 73 155 115 67 11 176 16 17 106 100 183 124]  and string is,  11
2022-11-27T05:01:16.766Z	DEBUG	replica=5	coded-hotterstuff/consensus.go:970	Received vote before proposal, key is, 11	{"CURRENT VIEW": 10}
2022-11-27T05:01:16.864Z	DEBUG	replica=5	coded-hotterstuff/consensus.go:965	received vote	{"CURRENT VIEW": 10, "msg": "vote", "voter": 1, "view": 10, "hash": "JHDKbuvn/qlEbMiFGVnXE7z7VfFJm3NDC7AQEWpkt3w="}
Decoded original proposal, time: 2022-11-27 05:01:17.212615322 +0000 UTC m=+86.712772798 header hash: [36 112 202 110 235 231 254 169 68 108 200 133 25 89 215 19 188 251 85 241 73 155 115 67 11 176 16 17 106 100 183 124]
2022-11-27T05:01:17.212Z	DEBUG	replica=5	coded-hotterstuff/consensus.go:576	received proposal	{"CURRENT VIEW": 10, "msg": "proposal", "header view": 11, "prepare view": 9, "hash": "JHDKbuvn/qlEbMiFGVnXE7z7VfFJm3NDC7AQEWpkt3w=", "parent": "Gymi6tg4A5LZy8aiMG6k221RFpMttMcj9dlrzPCBVG4="}
2022-11-27T05:01:17.221Z	DEBUG	replica=5	coded-hotterstuff/consensus.go:809	new block certified	{"CURRENT VIEW": 10, "view": 10, "hash": "Gymi6tg4A5LZy8aiMG6k221RFpMttMcj9dlrzPCBVG4="}
2022-11-27T05:01:17.221Z	DEBUG	replica=5	coded-hotterstuff/consensus.go:520	entered new view	{"CURRENT VIEW": 11, "view timeout": 2, "timedout": false}
2022-11-27T05:01:17.221Z	DEBUG	replica=5	coded-hotterstuff/consensus.go:535	replica is a leader for next view. collecting new-view messages	{"CURRENT VIEW": 11}
2022-11-27T05:01:17.221Z	DEBUG	replica=5	coded-hotterstuff/consensus.go:788	new block locked	{"CURRENT VIEW": 11, "view": 9, "hash": "S5jvF8HlmLvBxjERXgBCYm1M/GPQBuOxef9Rwa5UXRA="}
2022-11-27T05:01:17.221Z	INFO	replica=5	coded-hotterstuff/consensus.go:797	new block commited	{"CURRENT VIEW": 11, "view": 8, "hash": "CdTNHG77L/KNb6fxbFkMI5vefUtOuAcj6xhNSmb/gws="}
2022-11-27T05:01:17.224Z	DEBUG	replica=5	coded-hotterstuff/consensus.go:678	proposal is safe to vote on	{"CURRENT VIEW": 10, "msg": "proposal", "header view": 11, "prepare view": 9, "hash": "JHDKbuvn/qlEbMiFGVnXE7z7VfFJm3NDC7AQEWpkt3w=", "parent": "Gymi6tg4A5LZy8aiMG6k221RFpMttMcj9dlrzPCBVG4="}
2022-11-27T05:01:17.224Z	DEBUG	replica=5	coded-hotterstuff/consensus.go:758	Taking care of pending vote 11	{"CURRENT VIEW": 11}
2022-11-27T05:01:17.224Z	DEBUG	replica=5	coded-hotterstuff/consensus.go:965	received vote	{"CURRENT VIEW": 11, "msg": "vote", "voter": 4, "view": 11, "hash": "JHDKbuvn/qlEbMiFGVnXE7z7VfFJm3NDC7AQEWpkt3w="}
2022-11-27T05:01:17.228Z	DEBUG	replica=5	coded-hotterstuff/consensus.go:758	Taking care of pending vote 11	{"CURRENT VIEW": 11}
2022-11-27T05:01:17.228Z	DEBUG	replica=5	coded-hotterstuff/consensus.go:965	received vote	{"CURRENT VIEW": 11, "msg": "vote", "voter": 1, "view": 11, "hash": "JHDKbuvn/qlEbMiFGVnXE7z7VfFJm3NDC7AQEWpkt3w="}
2022-11-27T05:01:17.235Z	DEBUG	replica=5	coded-hotterstuff/consensus.go:965	received vote	{"CURRENT VIEW": 11, "msg": "vote", "voter": 5, "view": 11, "hash": "JHDKbuvn/qlEbMiFGVnXE7z7VfFJm3NDC7AQEWpkt3w="}
Node  5 +1 block finalized at time:  2022-11-27 05:01:17.241164961 +0000 UTC m=+86.741322372
Decoded original proposal, time: 2022-11-27 05:01:17.35562128 +0000 UTC m=+86.855778759 header hash: [27 41 162 234 216 56 3 146 217 203 198 162 48 110 164 219 109 81 22 147 45 180 199 35 245 217 107 204 240 129 84 110]
2022-11-27T05:01:17.355Z	DEBUG	replica=5	coded-hotterstuff/consensus.go:576	received proposal	{"CURRENT VIEW": 11, "msg": "proposal", "header view": 10, "prepare view": 10, "hash": "Gymi6tg4A5LZy8aiMG6k221RFpMttMcj9dlrzPCBVG4=", "parent": "S5jvF8HlmLvBxjERXgBCYm1M/GPQBuOxef9Rwa5UXRA="}
2022-11-27T05:01:17.364Z	DEBUG	replica=5	coded-hotterstuff/consensus.go:667	proposal view doesn't match local view	{"CURRENT VIEW": 11, "msg": "proposal", "header view": 10, "prepare view": 10, "hash": "Gymi6tg4A5LZy8aiMG6k221RFpMttMcj9dlrzPCBVG4=", "parent": "S5jvF8HlmLvBxjERXgBCYm1M/GPQBuOxef9Rwa5UXRA="}
2022-11-27T05:01:17.434Z	DEBUG	replica=5	coded-hotterstuff/consensus.go:965	received vote	{"CURRENT VIEW": 11, "msg": "vote", "voter": 3, "view": 11, "hash": "JHDKbuvn/qlEbMiFGVnXE7z7VfFJm3NDC7AQEWpkt3w="}
replica 5 is forwarding chunk to replica 0
replica 5 is forwarding chunk to replica 1
replica 5 is forwarding chunk to replica 2
replica 5 is forwarding chunk to replica 3
replica 5 is forwarding chunk to replica 6
2022-11-27T05:01:19.687Z	DEBUG	replica=5	coded-hotterstuff/consensus.go:965	received vote	{"CURRENT VIEW": 11, "msg": "vote", "voter": 2, "view": 11, "hash": "JHDKbuvn/qlEbMiFGVnXE7z7VfFJm3NDC7AQEWpkt3w="}
2022-11-27T05:01:19.692Z	DEBUG	replica=5	coded-hotterstuff/consensus.go:809	new block certified	{"CURRENT VIEW": 11, "view": 11, "hash": "JHDKbuvn/qlEbMiFGVnXE7z7VfFJm3NDC7AQEWpkt3w="}
2022-11-27T05:01:19.692Z	DEBUG	replica=5	coded-hotterstuff/consensus.go:520	entered new view	{"CURRENT VIEW": 12, "view timeout": 2, "timedout": false}
2022-11-27T05:01:19.692Z	DEBUG	replica=5	coded-hotterstuff/consensus.go:544	replica is a leader for this view. waiting for data	{"CURRENT VIEW": 12}
2022-11-27T05:01:19.692Z	DEBUG	replica=5	coded-hotterstuff/consensus.go:520	entered new view	{"CURRENT VIEW": 12, "view timeout": 2, "timedout": false}
2022-11-27T05:01:19.692Z	DEBUG	replica=5	coded-hotterstuff/consensus.go:544	replica is a leader for this view. waiting for data	{"CURRENT VIEW": 12}
2022-11-27T05:01:19.696Z	DEBUG	replica=5	coded-hotterstuff/consensus.go:238	sending proposal	{"CURRENT VIEW": 12, "hash": "4aSlzOy0O5eyJna+iDXBFpIuUaKvoAYyhK6f3aYA32A=", "parent": "JHDKbuvn/qlEbMiFGVnXE7z7VfFJm3NDC7AQEWpkt3w=", "signer": 5}
2022-11-27T05:01:19.696Z	DEBUG	replica=5	coded-hotterstuff/consensus.go:576	received proposal	{"CURRENT VIEW": 12, "msg": "proposal", "header view": 12, "prepare view": 11, "hash": "4aSlzOy0O5eyJna+iDXBFpIuUaKvoAYyhK6f3aYA32A=", "parent": "JHDKbuvn/qlEbMiFGVnXE7z7VfFJm3NDC7AQEWpkt3w="}
2022-11-27T05:01:19.704Z	DEBUG	replica=5	coded-hotterstuff/consensus.go:788	new block locked	{"CURRENT VIEW": 12, "view": 10, "hash": "Gymi6tg4A5LZy8aiMG6k221RFpMttMcj9dlrzPCBVG4="}
2022-11-27T05:01:19.704Z	INFO	replica=5	coded-hotterstuff/consensus.go:797	new block commited	{"CURRENT VIEW": 12, "view": 9, "hash": "S5jvF8HlmLvBxjERXgBCYm1M/GPQBuOxef9Rwa5UXRA="}
2022-11-27T05:01:19.707Z	DEBUG	replica=5	coded-hotterstuff/consensus.go:678	proposal is safe to vote on	{"CURRENT VIEW": 12, "msg": "proposal", "header view": 12, "prepare view": 11, "hash": "4aSlzOy0O5eyJna+iDXBFpIuUaKvoAYyhK6f3aYA32A=", "parent": "JHDKbuvn/qlEbMiFGVnXE7z7VfFJm3NDC7AQEWpkt3w="}
Node  5 +1 block finalized at time:  2022-11-27 05:01:19.709698384 +0000 UTC m=+89.209855804
Decoded original proposal, time: 2022-11-27 05:01:20.347347366 +0000 UTC m=+89.847504843 header hash: [36 112 202 110 235 231 254 169 68 108 200 133 25 89 215 19 188 251 85 241 73 155 115 67 11 176 16 17 106 100 183 124]
2022-11-27T05:01:20.347Z	DEBUG	replica=5	coded-hotterstuff/consensus.go:576	received proposal	{"CURRENT VIEW": 12, "msg": "proposal", "header view": 11, "prepare view": 11, "hash": "JHDKbuvn/qlEbMiFGVnXE7z7VfFJm3NDC7AQEWpkt3w=", "parent": "Gymi6tg4A5LZy8aiMG6k221RFpMttMcj9dlrzPCBVG4="}
2022-11-27T05:01:20.355Z	DEBUG	replica=5	coded-hotterstuff/consensus.go:667	proposal view doesn't match local view	{"CURRENT VIEW": 12, "msg": "proposal", "header view": 11, "prepare view": 11, "hash": "JHDKbuvn/qlEbMiFGVnXE7z7VfFJm3NDC7AQEWpkt3w=", "parent": "Gymi6tg4A5LZy8aiMG6k221RFpMttMcj9dlrzPCBVG4="}
2022-11-27T05:01:21.168Z	DEBUG	replica=5	coded-hotterstuff/consensus.go:965	received vote	{"CURRENT VIEW": 12, "msg": "vote", "voter": 6, "view": 12, "hash": "JHDKbuvn/qlEbMiFGVnXE7z7VfFJm3NDC7AQEWpkt3w="}
2022-11-27T05:01:21.174Z	DEBUG	replica=5	coded-hotterstuff/consensus.go:520	entered new view	{"CURRENT VIEW": 12, "view timeout": 2, "timedout": false}
2022-11-27T05:01:21.174Z	DEBUG	replica=5	coded-hotterstuff/consensus.go:544	replica is a leader for this view. waiting for data	{"CURRENT VIEW": 12}
2022-11-27T05:01:21.178Z	DEBUG	replica=5	coded-hotterstuff/consensus.go:238	sending proposal	{"CURRENT VIEW": 12, "hash": "4aSlzOy0O5eyJna+iDXBFpIuUaKvoAYyhK6f3aYA32A=", "parent": "JHDKbuvn/qlEbMiFGVnXE7z7VfFJm3NDC7AQEWpkt3w=", "signer": 5}
2022-11-27T05:01:21.179Z	DEBUG	replica=5	coded-hotterstuff/consensus.go:576	received proposal	{"CURRENT VIEW": 12, "msg": "proposal", "header view": 12, "prepare view": 11, "hash": "4aSlzOy0O5eyJna+iDXBFpIuUaKvoAYyhK6f3aYA32A=", "parent": "JHDKbuvn/qlEbMiFGVnXE7z7VfFJm3NDC7AQEWpkt3w="}
Decoded original proposal, time: 2022-11-27 05:01:22.718933615 +0000 UTC m=+92.219091086 header hash: [36 112 202 110 235 231 254 169 68 108 200 133 25 89 215 19 188 251 85 241 73 155 115 67 11 176 16 17 106 100 183 124]
2022-11-27T05:01:22.718Z	DEBUG	replica=5	coded-hotterstuff/consensus.go:576	received proposal	{"CURRENT VIEW": 12, "msg": "proposal", "header view": 11, "prepare view": 11, "hash": "JHDKbuvn/qlEbMiFGVnXE7z7VfFJm3NDC7AQEWpkt3w=", "parent": "Gymi6tg4A5LZy8aiMG6k221RFpMttMcj9dlrzPCBVG4="}
2022-11-27T05:01:22.726Z	DEBUG	replica=5	coded-hotterstuff/consensus.go:667	proposal view doesn't match local view	{"CURRENT VIEW": 12, "msg": "proposal", "header view": 11, "prepare view": 11, "hash": "JHDKbuvn/qlEbMiFGVnXE7z7VfFJm3NDC7AQEWpkt3w=", "parent": "Gymi6tg4A5LZy8aiMG6k221RFpMttMcj9dlrzPCBVG4="}
replica 5 is forwarding chunk to replica 0
replica 5 is forwarding chunk to replica 1
replica 5 is forwarding chunk to replica 2
replica 5 is forwarding chunk to replica 3
replica 5 is forwarding chunk to replica 6
2022-11-27T05:01:24.617Z	DEBUG	replica=5	coded-hotterstuff/consensus.go:965	received vote	{"CURRENT VIEW": 12, "msg": "vote", "voter": 0, "view": 12, "hash": "JHDKbuvn/qlEbMiFGVnXE7z7VfFJm3NDC7AQEWpkt3w="}
2022-11-27T05:01:24.623Z	DEBUG	replica=5	coded-hotterstuff/consensus.go:520	entered new view	{"CURRENT VIEW": 12, "view timeout": 2, "timedout": false}
2022-11-27T05:01:24.623Z	DEBUG	replica=5	coded-hotterstuff/consensus.go:544	replica is a leader for this view. waiting for data	{"CURRENT VIEW": 12}
2022-11-27T05:01:24.626Z	DEBUG	replica=5	coded-hotterstuff/consensus.go:238	sending proposal	{"CURRENT VIEW": 12, "hash": "4aSlzOy0O5eyJna+iDXBFpIuUaKvoAYyhK6f3aYA32A=", "parent": "JHDKbuvn/qlEbMiFGVnXE7z7VfFJm3NDC7AQEWpkt3w=", "signer": 5}
2022-11-27T05:01:24.627Z	DEBUG	replica=5	coded-hotterstuff/consensus.go:576	received proposal	{"CURRENT VIEW": 12, "msg": "proposal", "header view": 12, "prepare view": 11, "hash": "4aSlzOy0O5eyJna+iDXBFpIuUaKvoAYyhK6f3aYA32A=", "parent": "JHDKbuvn/qlEbMiFGVnXE7z7VfFJm3NDC7AQEWpkt3w="}
replica 5 is forwarding chunk to replica 0
replica 5 is forwarding chunk to replica 1
replica 5 is forwarding chunk to replica 2
replica 5 is forwarding chunk to replica 3
replica 5 is forwarding chunk to replica 4
replica 5 is forwarding chunk to replica 0
replica 5 is forwarding chunk to replica 1
replica 5 is forwarding chunk to replica 2
replica 5 is forwarding chunk to replica 3
replica 5 is forwarding chunk to replica 4
Decoded original proposal, time: 2022-11-27 05:01:33.242607269 +0000 UTC m=+102.742764738 header hash: [55 71 12 88 170 89 30 100 228 23 243 137 27 6 133 29 78 24 217 198 107 27 88 123 223 127 133 219 145 253 87 161]
2022-11-27T05:01:33.242Z	DEBUG	replica=5	coded-hotterstuff/consensus.go:576	received proposal	{"CURRENT VIEW": 12, "msg": "proposal", "header view": 13, "prepare view": 11, "hash": "N0cMWKpZHmTkF/OJGwaFHU4Y2cZrG1h733+F25H9V6E=", "parent": "4aSlzOy0O5eyJna+iDXBFpIuUaKvoAYyhK6f3aYA32A="}
2022-11-27T05:01:33.250Z	DEBUG	replica=5	coded-hotterstuff/consensus.go:809	new block certified	{"CURRENT VIEW": 12, "view": 12, "hash": "4aSlzOy0O5eyJna+iDXBFpIuUaKvoAYyhK6f3aYA32A="}
2022-11-27T05:01:33.250Z	DEBUG	replica=5	coded-hotterstuff/consensus.go:520	entered new view	{"CURRENT VIEW": 13, "view timeout": 2, "timedout": false}
2022-11-27T05:01:33.250Z	DEBUG	replica=5	coded-hotterstuff/consensus.go:788	new block locked	{"CURRENT VIEW": 13, "view": 11, "hash": "JHDKbuvn/qlEbMiFGVnXE7z7VfFJm3NDC7AQEWpkt3w="}
2022-11-27T05:01:33.250Z	INFO	replica=5	coded-hotterstuff/consensus.go:797	new block commited	{"CURRENT VIEW": 13, "view": 10, "hash": "Gymi6tg4A5LZy8aiMG6k221RFpMttMcj9dlrzPCBVG4="}
2022-11-27T05:01:33.253Z	DEBUG	replica=5	coded-hotterstuff/consensus.go:678	proposal is safe to vote on	{"CURRENT VIEW": 12, "msg": "proposal", "header view": 13, "prepare view": 11, "hash": "N0cMWKpZHmTkF/OJGwaFHU4Y2cZrG1h733+F25H9V6E=", "parent": "4aSlzOy0O5eyJna+iDXBFpIuUaKvoAYyhK6f3aYA32A="}
Node  5 +1 block finalized at time:  2022-11-27 05:01:33.254987435 +0000 UTC m=+102.755144858
Decoded original proposal, time: 2022-11-27 05:01:35.323550303 +0000 UTC m=+104.823707769 header hash: [55 71 12 88 170 89 30 100 228 23 243 137 27 6 133 29 78 24 217 198 107 27 88 123 223 127 133 219 145 253 87 161]
2022-11-27T05:01:35.323Z	DEBUG	replica=5	coded-hotterstuff/consensus.go:576	received proposal	{"CURRENT VIEW": 13, "msg": "proposal", "header view": 13, "prepare view": 12, "hash": "N0cMWKpZHmTkF/OJGwaFHU4Y2cZrG1h733+F25H9V6E=", "parent": "4aSlzOy0O5eyJna+iDXBFpIuUaKvoAYyhK6f3aYA32A="}
replica 5 is forwarding chunk to replica 0
replica 5 is forwarding chunk to replica 1
replica 5 is forwarding chunk to replica 2
replica 5 is forwarding chunk to replica 3
replica 5 is forwarding chunk to replica 4
replica 5 is forwarding chunk to replica 1
replica 5 is forwarding chunk to replica 2
replica 5 is forwarding chunk to replica 3
replica 5 is forwarding chunk to replica 4
replica 5 is forwarding chunk to replica 6
replica 5 is forwarding chunk to replica 1
replica 5 is forwarding chunk to replica 2
replica 5 is forwarding chunk to replica 3
replica 5 is forwarding chunk to replica 4
replica 5 is forwarding chunk to replica 6
Decoded original proposal, time: 2022-11-27 05:01:40.303678692 +0000 UTC m=+109.803836163 header hash: [55 71 12 88 170 89 30 100 228 23 243 137 27 6 133 29 78 24 217 198 107 27 88 123 223 127 133 219 145 253 87 161]
2022-11-27T05:01:40.303Z	DEBUG	replica=5	coded-hotterstuff/consensus.go:576	received proposal	{"CURRENT VIEW": 13, "msg": "proposal", "header view": 13, "prepare view": 12, "hash": "N0cMWKpZHmTkF/OJGwaFHU4Y2cZrG1h733+F25H9V6E=", "parent": "4aSlzOy0O5eyJna+iDXBFpIuUaKvoAYyhK6f3aYA32A="}
replica 5 is forwarding chunk to replica 1
replica 5 is forwarding chunk to replica 2
replica 5 is forwarding chunk to replica 3
replica 5 is forwarding chunk to replica 4
replica 5 is forwarding chunk to replica 6
Decoded original proposal, time: 2022-11-27 05:01:42.340815805 +0000 UTC m=+111.840973278 header hash: [179 79 157 9 84 57 195 200 132 217 159 131 10 204 29 20 183 79 241 0 252 79 239 189 106 39 9 193 130 153 110 137]
2022-11-27T05:01:42.340Z	DEBUG	replica=5	coded-hotterstuff/consensus.go:576	received proposal	{"CURRENT VIEW": 13, "msg": "proposal", "header view": 14, "prepare view": 12, "hash": "s0+dCVQ5w8iE2Z+DCswdFLdP8QD8T++9aicJwYKZbok=", "parent": "N0cMWKpZHmTkF/OJGwaFHU4Y2cZrG1h733+F25H9V6E="}
2022-11-27T05:01:42.348Z	DEBUG	replica=5	coded-hotterstuff/consensus.go:809	new block certified	{"CURRENT VIEW": 13, "view": 13, "hash": "N0cMWKpZHmTkF/OJGwaFHU4Y2cZrG1h733+F25H9V6E="}
2022-11-27T05:01:42.348Z	DEBUG	replica=5	coded-hotterstuff/consensus.go:520	entered new view	{"CURRENT VIEW": 14, "view timeout": 2, "timedout": false}
2022-11-27T05:01:42.349Z	DEBUG	replica=5	coded-hotterstuff/consensus.go:788	new block locked	{"CURRENT VIEW": 14, "view": 12, "hash": "4aSlzOy0O5eyJna+iDXBFpIuUaKvoAYyhK6f3aYA32A="}
2022-11-27T05:01:42.349Z	INFO	replica=5	coded-hotterstuff/consensus.go:797	new block commited	{"CURRENT VIEW": 14, "view": 11, "hash": "JHDKbuvn/qlEbMiFGVnXE7z7VfFJm3NDC7AQEWpkt3w="}
2022-11-27T05:01:42.351Z	DEBUG	replica=5	coded-hotterstuff/consensus.go:678	proposal is safe to vote on	{"CURRENT VIEW": 13, "msg": "proposal", "header view": 14, "prepare view": 12, "hash": "s0+dCVQ5w8iE2Z+DCswdFLdP8QD8T++9aicJwYKZbok=", "parent": "N0cMWKpZHmTkF/OJGwaFHU4Y2cZrG1h733+F25H9V6E="}
Node  5 +1 block finalized at time:  2022-11-27 05:01:42.354315636 +0000 UTC m=+111.854473066
Decoded original proposal, time: 2022-11-27 05:01:44.189494879 +0000 UTC m=+113.689652303 header hash: [179 79 157 9 84 57 195 200 132 217 159 131 10 204 29 20 183 79 241 0 252 79 239 189 106 39 9 193 130 153 110 137]
2022-11-27T05:01:44.189Z	DEBUG	replica=5	coded-hotterstuff/consensus.go:576	received proposal	{"CURRENT VIEW": 14, "msg": "proposal", "header view": 14, "prepare view": 13, "hash": "s0+dCVQ5w8iE2Z+DCswdFLdP8QD8T++9aicJwYKZbok=", "parent": "N0cMWKpZHmTkF/OJGwaFHU4Y2cZrG1h733+F25H9V6E="}
Decoded original proposal, time: 2022-11-27 05:01:46.775805017 +0000 UTC m=+116.275962488 header hash: [179 79 157 9 84 57 195 200 132 217 159 131 10 204 29 20 183 79 241 0 252 79 239 189 106 39 9 193 130 153 110 137]
2022-11-27T05:01:46.775Z	DEBUG	replica=5	coded-hotterstuff/consensus.go:576	received proposal	{"CURRENT VIEW": 14, "msg": "proposal", "header view": 14, "prepare view": 13, "hash": "s0+dCVQ5w8iE2Z+DCswdFLdP8QD8T++9aicJwYKZbok=", "parent": "N0cMWKpZHmTkF/OJGwaFHU4Y2cZrG1h733+F25H9V6E="}
replica 5 is forwarding chunk to replica 0
replica 5 is forwarding chunk to replica 2
replica 5 is forwarding chunk to replica 3
replica 5 is forwarding chunk to replica 4
replica 5 is forwarding chunk to replica 6
