Node index: 2
[10.0.1.0:9000 10.0.1.2:9001 10.0.1.4:9002 10.0.1.6:9003 10.0.1.8:9004 10.0.1.10:9005 10.0.1.12:9006]
node 2 initiating connection to 10.0.1.0:9000
node 2 successfully initiated connection to 10.0.1.0:9000
node 2 initiating connection to 10.0.1.2:9001
node 2 successfully initiated connection to 10.0.1.2:9001
connection established 2 - 4
Node  2 -->  Listening for messages... 
connection established 2 - 6
Node  2 -->  Listening for messages... 
connection established 2 - 5
Node  2 -->  Listening for messages... 
connection established 2 - 3
Node  2 -->  Listening for messages... 
2022-11-27T04:59:50.568Z	DEBUG	replica=2	coded-hotterstuff/consensus.go:520	entered new view	{"CURRENT VIEW": 1, "view timeout": 2, "timedout": false}
2022-11-27T04:59:50.568Z	DEBUG	replica=2	coded-hotterstuff/consensus.go:535	replica is a leader for next view. collecting new-view messages	{"CURRENT VIEW": 1}
connection established 2 - 0
Node  2 -->  Listening for messages... 
connection established 2 - 1
Node  2 -->  Listening for messages... 
replica 2 is forwarding chunk to replica 0
replica 2 is forwarding chunk to replica 3
replica 2 is forwarding chunk to replica 4
replica 2 is forwarding chunk to replica 5
replica 2 is forwarding chunk to replica 6
2022-11-27T04:59:56.822Z	DEBUG	replica=2	coded-hotterstuff/consensus.go:965	received vote	{"CURRENT VIEW": 1, "msg": "vote", "voter": 1, "view": 1, "hash": "SKC06ZXnbItnYZVTxXLWgGtuTOc9zSoSvlJWhQRO6/8="}
Node  2  received vote before proposal, saving vote in pending votes, hash is  [72 160 180 233 149 231 108 139 103 97 149 83 197 114 214 128 107 110 76 231 61 205 42 18 190 82 86 133 4 78 235 255]  and string is,  1
2022-11-27T04:59:56.822Z	DEBUG	replica=2	coded-hotterstuff/consensus.go:970	Received vote before proposal, key is, 1	{"CURRENT VIEW": 1}
Decoded original proposal, time: 2022-11-27 04:59:59.709960238 +0000 UTC m=+9.220405660 header hash: [72 160 180 233 149 231 108 139 103 97 149 83 197 114 214 128 107 110 76 231 61 205 42 18 190 82 86 133 4 78 235 255]
2022-11-27T04:59:59.710Z	DEBUG	replica=2	coded-hotterstuff/consensus.go:576	received proposal	{"CURRENT VIEW": 1, "msg": "proposal", "header view": 1, "prepare view": 0, "hash": "SKC06ZXnbItnYZVTxXLWgGtuTOc9zSoSvlJWhQRO6/8=", "parent": "GZWDhiYW+ib6TpJWRLDOftUd8y8ovAaEerQWDbefS7c="}
2022-11-27T04:59:59.717Z	DEBUG	replica=2	coded-hotterstuff/consensus.go:777	could not find gparent header	{"CURRENT VIEW": 1, "view": 0, "hash": "GZWDhiYW+ib6TpJWRLDOftUd8y8ovAaEerQWDbefS7c="}
2022-11-27T04:59:59.719Z	DEBUG	replica=2	coded-hotterstuff/consensus.go:678	proposal is safe to vote on	{"CURRENT VIEW": 1, "msg": "proposal", "header view": 1, "prepare view": 0, "hash": "SKC06ZXnbItnYZVTxXLWgGtuTOc9zSoSvlJWhQRO6/8=", "parent": "GZWDhiYW+ib6TpJWRLDOftUd8y8ovAaEerQWDbefS7c="}
2022-11-27T04:59:59.719Z	DEBUG	replica=2	coded-hotterstuff/consensus.go:758	Taking care of pending vote 1	{"CURRENT VIEW": 1}
2022-11-27T04:59:59.719Z	DEBUG	replica=2	coded-hotterstuff/consensus.go:965	received vote	{"CURRENT VIEW": 1, "msg": "vote", "voter": 1, "view": 1, "hash": "SKC06ZXnbItnYZVTxXLWgGtuTOc9zSoSvlJWhQRO6/8="}
2022-11-27T04:59:59.725Z	DEBUG	replica=2	coded-hotterstuff/consensus.go:965	received vote	{"CURRENT VIEW": 1, "msg": "vote", "voter": 2, "view": 1, "hash": "SKC06ZXnbItnYZVTxXLWgGtuTOc9zSoSvlJWhQRO6/8="}
2022-11-27T04:59:59.745Z	DEBUG	replica=2	coded-hotterstuff/consensus.go:965	received vote	{"CURRENT VIEW": 1, "msg": "vote", "voter": 4, "view": 1, "hash": "SKC06ZXnbItnYZVTxXLWgGtuTOc9zSoSvlJWhQRO6/8="}
2022-11-27T04:59:59.785Z	DEBUG	replica=2	coded-hotterstuff/consensus.go:965	received vote	{"CURRENT VIEW": 1, "msg": "vote", "voter": 5, "view": 1, "hash": "SKC06ZXnbItnYZVTxXLWgGtuTOc9zSoSvlJWhQRO6/8="}
2022-11-27T04:59:59.873Z	DEBUG	replica=2	coded-hotterstuff/consensus.go:965	received vote	{"CURRENT VIEW": 1, "msg": "vote", "voter": 6, "view": 1, "hash": "SKC06ZXnbItnYZVTxXLWgGtuTOc9zSoSvlJWhQRO6/8="}
2022-11-27T04:59:59.879Z	DEBUG	replica=2	coded-hotterstuff/consensus.go:809	new block certified	{"CURRENT VIEW": 1, "view": 1, "hash": "SKC06ZXnbItnYZVTxXLWgGtuTOc9zSoSvlJWhQRO6/8="}
2022-11-27T04:59:59.879Z	DEBUG	replica=2	coded-hotterstuff/consensus.go:520	entered new view	{"CURRENT VIEW": 2, "view timeout": 2, "timedout": false}
2022-11-27T04:59:59.879Z	DEBUG	replica=2	coded-hotterstuff/consensus.go:544	replica is a leader for this view. waiting for data	{"CURRENT VIEW": 2}
2022-11-27T04:59:59.879Z	DEBUG	replica=2	coded-hotterstuff/consensus.go:520	entered new view	{"CURRENT VIEW": 2, "view timeout": 2, "timedout": false}
2022-11-27T04:59:59.879Z	DEBUG	replica=2	coded-hotterstuff/consensus.go:544	replica is a leader for this view. waiting for data	{"CURRENT VIEW": 2}
2022-11-27T04:59:59.882Z	DEBUG	replica=2	coded-hotterstuff/consensus.go:238	sending proposal	{"CURRENT VIEW": 2, "hash": "cPBdTa7qQJueFGrjnuqGleZwFBh/lhGAlUWBfCr3UKs=", "parent": "SKC06ZXnbItnYZVTxXLWgGtuTOc9zSoSvlJWhQRO6/8=", "signer": 2}
2022-11-27T04:59:59.884Z	DEBUG	replica=2	coded-hotterstuff/consensus.go:576	received proposal	{"CURRENT VIEW": 2, "msg": "proposal", "header view": 2, "prepare view": 1, "hash": "cPBdTa7qQJueFGrjnuqGleZwFBh/lhGAlUWBfCr3UKs=", "parent": "SKC06ZXnbItnYZVTxXLWgGtuTOc9zSoSvlJWhQRO6/8="}
2022-11-27T04:59:59.891Z	DEBUG	replica=2	coded-hotterstuff/consensus.go:782	could not find ggparent header	{"CURRENT VIEW": 2, "view": 0, "hash": "GZWDhiYW+ib6TpJWRLDOftUd8y8ovAaEerQWDbefS7c="}
2022-11-27T04:59:59.894Z	DEBUG	replica=2	coded-hotterstuff/consensus.go:678	proposal is safe to vote on	{"CURRENT VIEW": 2, "msg": "proposal", "header view": 2, "prepare view": 1, "hash": "cPBdTa7qQJueFGrjnuqGleZwFBh/lhGAlUWBfCr3UKs=", "parent": "SKC06ZXnbItnYZVTxXLWgGtuTOc9zSoSvlJWhQRO6/8="}
2022-11-27T05:00:00.170Z	DEBUG	replica=2	coded-hotterstuff/consensus.go:965	received vote	{"CURRENT VIEW": 2, "msg": "vote", "voter": 3, "view": 2, "hash": "SKC06ZXnbItnYZVTxXLWgGtuTOc9zSoSvlJWhQRO6/8="}
2022-11-27T05:00:00.175Z	DEBUG	replica=2	coded-hotterstuff/consensus.go:520	entered new view	{"CURRENT VIEW": 2, "view timeout": 2, "timedout": false}
2022-11-27T05:00:00.175Z	DEBUG	replica=2	coded-hotterstuff/consensus.go:544	replica is a leader for this view. waiting for data	{"CURRENT VIEW": 2}
2022-11-27T05:00:00.178Z	DEBUG	replica=2	coded-hotterstuff/consensus.go:238	sending proposal	{"CURRENT VIEW": 2, "hash": "cPBdTa7qQJueFGrjnuqGleZwFBh/lhGAlUWBfCr3UKs=", "parent": "SKC06ZXnbItnYZVTxXLWgGtuTOc9zSoSvlJWhQRO6/8=", "signer": 2}
2022-11-27T05:00:00.180Z	DEBUG	replica=2	coded-hotterstuff/consensus.go:576	received proposal	{"CURRENT VIEW": 2, "msg": "proposal", "header view": 2, "prepare view": 1, "hash": "cPBdTa7qQJueFGrjnuqGleZwFBh/lhGAlUWBfCr3UKs=", "parent": "SKC06ZXnbItnYZVTxXLWgGtuTOc9zSoSvlJWhQRO6/8="}
2022-11-27T05:00:00.187Z	DEBUG	replica=2	coded-hotterstuff/consensus.go:782	could not find ggparent header	{"CURRENT VIEW": 2, "view": 0, "hash": "GZWDhiYW+ib6TpJWRLDOftUd8y8ovAaEerQWDbefS7c="}
2022-11-27T05:00:00.460Z	DEBUG	replica=2	coded-hotterstuff/consensus.go:965	received vote	{"CURRENT VIEW": 2, "msg": "vote", "voter": 0, "view": 2, "hash": "SKC06ZXnbItnYZVTxXLWgGtuTOc9zSoSvlJWhQRO6/8="}
2022-11-27T05:00:00.465Z	DEBUG	replica=2	coded-hotterstuff/consensus.go:520	entered new view	{"CURRENT VIEW": 2, "view timeout": 2, "timedout": false}
2022-11-27T05:00:00.465Z	DEBUG	replica=2	coded-hotterstuff/consensus.go:544	replica is a leader for this view. waiting for data	{"CURRENT VIEW": 2}
2022-11-27T05:00:00.469Z	DEBUG	replica=2	coded-hotterstuff/consensus.go:238	sending proposal	{"CURRENT VIEW": 2, "hash": "cPBdTa7qQJueFGrjnuqGleZwFBh/lhGAlUWBfCr3UKs=", "parent": "SKC06ZXnbItnYZVTxXLWgGtuTOc9zSoSvlJWhQRO6/8=", "signer": 2}
2022-11-27T05:00:00.470Z	DEBUG	replica=2	coded-hotterstuff/consensus.go:576	received proposal	{"CURRENT VIEW": 2, "msg": "proposal", "header view": 2, "prepare view": 1, "hash": "cPBdTa7qQJueFGrjnuqGleZwFBh/lhGAlUWBfCr3UKs=", "parent": "SKC06ZXnbItnYZVTxXLWgGtuTOc9zSoSvlJWhQRO6/8="}
2022-11-27T05:00:00.477Z	DEBUG	replica=2	coded-hotterstuff/consensus.go:782	could not find ggparent header	{"CURRENT VIEW": 2, "view": 0, "hash": "GZWDhiYW+ib6TpJWRLDOftUd8y8ovAaEerQWDbefS7c="}
replica 2 is forwarding chunk to replica 0
replica 2 is forwarding chunk to replica 1
replica 2 is forwarding chunk to replica 4
replica 2 is forwarding chunk to replica 5
replica 2 is forwarding chunk to replica 6
replica 2 is forwarding chunk to replica 0
replica 2 is forwarding chunk to replica 1
replica 2 is forwarding chunk to replica 4
replica 2 is forwarding chunk to replica 5
replica 2 is forwarding chunk to replica 6
Decoded original proposal, time: 2022-11-27 05:00:15.083238796 +0000 UTC m=+24.593684258 header hash: [112 177 115 22 63 1 229 2 188 132 41 134 91 243 148 216 155 140 26 48 57 5 100 136 252 109 95 105 67 73 234 227]
2022-11-27T05:00:15.083Z	DEBUG	replica=2	coded-hotterstuff/consensus.go:576	received proposal	{"CURRENT VIEW": 2, "msg": "proposal", "header view": 3, "prepare view": 1, "hash": "cLFzFj8B5QK8hCmGW/OU2JuMGjA5BWSI/G1faUNJ6uM=", "parent": "cPBdTa7qQJueFGrjnuqGleZwFBh/lhGAlUWBfCr3UKs="}
2022-11-27T05:00:15.091Z	DEBUG	replica=2	coded-hotterstuff/consensus.go:809	new block certified	{"CURRENT VIEW": 2, "view": 2, "hash": "cPBdTa7qQJueFGrjnuqGleZwFBh/lhGAlUWBfCr3UKs="}
2022-11-27T05:00:15.091Z	DEBUG	replica=2	coded-hotterstuff/consensus.go:520	entered new view	{"CURRENT VIEW": 3, "view timeout": 2, "timedout": false}
2022-11-27T05:00:15.091Z	DEBUG	replica=2	coded-hotterstuff/consensus.go:788	new block locked	{"CURRENT VIEW": 3, "view": 1, "hash": "SKC06ZXnbItnYZVTxXLWgGtuTOc9zSoSvlJWhQRO6/8="}
2022-11-27T05:00:15.094Z	DEBUG	replica=2	coded-hotterstuff/consensus.go:678	proposal is safe to vote on	{"CURRENT VIEW": 2, "msg": "proposal", "header view": 3, "prepare view": 1, "hash": "cLFzFj8B5QK8hCmGW/OU2JuMGjA5BWSI/G1faUNJ6uM=", "parent": "cPBdTa7qQJueFGrjnuqGleZwFBh/lhGAlUWBfCr3UKs="}
replica 2 is forwarding chunk to replica 0
replica 2 is forwarding chunk to replica 1
replica 2 is forwarding chunk to replica 4
replica 2 is forwarding chunk to replica 5
replica 2 is forwarding chunk to replica 6
replica 2 is forwarding chunk to replica 0
replica 2 is forwarding chunk to replica 1
replica 2 is forwarding chunk to replica 3
replica 2 is forwarding chunk to replica 5
replica 2 is forwarding chunk to replica 6
replica 2 is forwarding chunk to replica 0
replica 2 is forwarding chunk to replica 1
replica 2 is forwarding chunk to replica 3
replica 2 is forwarding chunk to replica 5
replica 2 is forwarding chunk to replica 6
Decoded original proposal, time: 2022-11-27 05:00:20.789464667 +0000 UTC m=+30.299910081 header hash: [112 177 115 22 63 1 229 2 188 132 41 134 91 243 148 216 155 140 26 48 57 5 100 136 252 109 95 105 67 73 234 227]
2022-11-27T05:00:20.789Z	DEBUG	replica=2	coded-hotterstuff/consensus.go:576	received proposal	{"CURRENT VIEW": 3, "msg": "proposal", "header view": 3, "prepare view": 2, "hash": "cLFzFj8B5QK8hCmGW/OU2JuMGjA5BWSI/G1faUNJ6uM=", "parent": "cPBdTa7qQJueFGrjnuqGleZwFBh/lhGAlUWBfCr3UKs="}
replica 2 is forwarding chunk to replica 0
replica 2 is forwarding chunk to replica 1
replica 2 is forwarding chunk to replica 3
replica 2 is forwarding chunk to replica 5
replica 2 is forwarding chunk to replica 6
Decoded original proposal, time: 2022-11-27 05:00:23.544386365 +0000 UTC m=+33.054831829 header hash: [241 106 152 62 46 209 156 146 237 16 116 52 193 237 0 80 85 192 166 182 15 238 2 99 236 42 182 26 232 130 25 190]
2022-11-27T05:00:23.544Z	DEBUG	replica=2	coded-hotterstuff/consensus.go:576	received proposal	{"CURRENT VIEW": 3, "msg": "proposal", "header view": 4, "prepare view": 2, "hash": "8WqYPi7RnJLtEHQ0we0AUFXAprYP7gJj7Cq2GuiCGb4=", "parent": "cLFzFj8B5QK8hCmGW/OU2JuMGjA5BWSI/G1faUNJ6uM="}
2022-11-27T05:00:23.553Z	DEBUG	replica=2	coded-hotterstuff/consensus.go:809	new block certified	{"CURRENT VIEW": 3, "view": 3, "hash": "cLFzFj8B5QK8hCmGW/OU2JuMGjA5BWSI/G1faUNJ6uM="}
2022-11-27T05:00:23.553Z	DEBUG	replica=2	coded-hotterstuff/consensus.go:520	entered new view	{"CURRENT VIEW": 4, "view timeout": 2, "timedout": false}
2022-11-27T05:00:23.553Z	DEBUG	replica=2	coded-hotterstuff/consensus.go:788	new block locked	{"CURRENT VIEW": 4, "view": 2, "hash": "cPBdTa7qQJueFGrjnuqGleZwFBh/lhGAlUWBfCr3UKs="}
2022-11-27T05:00:23.553Z	INFO	replica=2	coded-hotterstuff/consensus.go:797	new block commited	{"CURRENT VIEW": 4, "view": 1, "hash": "SKC06ZXnbItnYZVTxXLWgGtuTOc9zSoSvlJWhQRO6/8="}
2022-11-27T05:00:23.556Z	DEBUG	replica=2	coded-hotterstuff/consensus.go:678	proposal is safe to vote on	{"CURRENT VIEW": 3, "msg": "proposal", "header view": 4, "prepare view": 2, "hash": "8WqYPi7RnJLtEHQ0we0AUFXAprYP7gJj7Cq2GuiCGb4=", "parent": "cLFzFj8B5QK8hCmGW/OU2JuMGjA5BWSI/G1faUNJ6uM="}
Node  2 +1 block finalized at time:  2022-11-27 05:00:23.559340118 +0000 UTC m=+33.069785520
Decoded original proposal, time: 2022-11-27 05:00:23.873448924 +0000 UTC m=+33.383894389 header hash: [112 177 115 22 63 1 229 2 188 132 41 134 91 243 148 216 155 140 26 48 57 5 100 136 252 109 95 105 67 73 234 227]
2022-11-27T05:00:23.873Z	DEBUG	replica=2	coded-hotterstuff/consensus.go:576	received proposal	{"CURRENT VIEW": 4, "msg": "proposal", "header view": 3, "prepare view": 3, "hash": "cLFzFj8B5QK8hCmGW/OU2JuMGjA5BWSI/G1faUNJ6uM=", "parent": "cPBdTa7qQJueFGrjnuqGleZwFBh/lhGAlUWBfCr3UKs="}
2022-11-27T05:00:23.881Z	DEBUG	replica=2	coded-hotterstuff/consensus.go:667	proposal view doesn't match local view	{"CURRENT VIEW": 4, "msg": "proposal", "header view": 3, "prepare view": 3, "hash": "cLFzFj8B5QK8hCmGW/OU2JuMGjA5BWSI/G1faUNJ6uM=", "parent": "cPBdTa7qQJueFGrjnuqGleZwFBh/lhGAlUWBfCr3UKs="}
Decoded original proposal, time: 2022-11-27 05:00:26.580225625 +0000 UTC m=+36.090671089 header hash: [241 106 152 62 46 209 156 146 237 16 116 52 193 237 0 80 85 192 166 182 15 238 2 99 236 42 182 26 232 130 25 190]
2022-11-27T05:00:26.580Z	DEBUG	replica=2	coded-hotterstuff/consensus.go:576	received proposal	{"CURRENT VIEW": 4, "msg": "proposal", "header view": 4, "prepare view": 3, "hash": "8WqYPi7RnJLtEHQ0we0AUFXAprYP7gJj7Cq2GuiCGb4=", "parent": "cLFzFj8B5QK8hCmGW/OU2JuMGjA5BWSI/G1faUNJ6uM="}
replica 2 is forwarding chunk to replica 0
replica 2 is forwarding chunk to replica 1
replica 2 is forwarding chunk to replica 3
replica 2 is forwarding chunk to replica 4
replica 2 is forwarding chunk to replica 6
Decoded original proposal, time: 2022-11-27 05:00:28.587265316 +0000 UTC m=+38.097710738 header hash: [241 106 152 62 46 209 156 146 237 16 116 52 193 237 0 80 85 192 166 182 15 238 2 99 236 42 182 26 232 130 25 190]
2022-11-27T05:00:28.588Z	DEBUG	replica=2	coded-hotterstuff/consensus.go:576	received proposal	{"CURRENT VIEW": 4, "msg": "proposal", "header view": 4, "prepare view": 3, "hash": "8WqYPi7RnJLtEHQ0we0AUFXAprYP7gJj7Cq2GuiCGb4=", "parent": "cLFzFj8B5QK8hCmGW/OU2JuMGjA5BWSI/G1faUNJ6uM="}
replica 2 is forwarding chunk to replica 0
replica 2 is forwarding chunk to replica 1
replica 2 is forwarding chunk to replica 3
replica 2 is forwarding chunk to replica 4
replica 2 is forwarding chunk to replica 6
replica 2 is forwarding chunk to replica 0
replica 2 is forwarding chunk to replica 1
replica 2 is forwarding chunk to replica 3
replica 2 is forwarding chunk to replica 4
replica 2 is forwarding chunk to replica 6
Decoded original proposal, time: 2022-11-27 05:00:32.156945293 +0000 UTC m=+41.667390763 header hash: [142 10 227 234 199 14 168 203 47 218 211 136 230 41 94 109 68 52 16 5 27 142 16 70 5 23 250 1 182 25 221 148]
2022-11-27T05:00:32.157Z	DEBUG	replica=2	coded-hotterstuff/consensus.go:576	received proposal	{"CURRENT VIEW": 4, "msg": "proposal", "header view": 5, "prepare view": 3, "hash": "jgrj6scOqMsv2tOI5ilebUQ0EAUbjhBGBRf6AbYZ3ZQ=", "parent": "8WqYPi7RnJLtEHQ0we0AUFXAprYP7gJj7Cq2GuiCGb4="}
2022-11-27T05:00:32.166Z	DEBUG	replica=2	coded-hotterstuff/consensus.go:809	new block certified	{"CURRENT VIEW": 4, "view": 4, "hash": "8WqYPi7RnJLtEHQ0we0AUFXAprYP7gJj7Cq2GuiCGb4="}
2022-11-27T05:00:32.166Z	DEBUG	replica=2	coded-hotterstuff/consensus.go:520	entered new view	{"CURRENT VIEW": 5, "view timeout": 2, "timedout": false}
2022-11-27T05:00:32.166Z	DEBUG	replica=2	coded-hotterstuff/consensus.go:788	new block locked	{"CURRENT VIEW": 5, "view": 3, "hash": "cLFzFj8B5QK8hCmGW/OU2JuMGjA5BWSI/G1faUNJ6uM="}
2022-11-27T05:00:32.166Z	INFO	replica=2	coded-hotterstuff/consensus.go:797	new block commited	{"CURRENT VIEW": 5, "view": 2, "hash": "cPBdTa7qQJueFGrjnuqGleZwFBh/lhGAlUWBfCr3UKs="}
2022-11-27T05:00:32.169Z	DEBUG	replica=2	coded-hotterstuff/consensus.go:678	proposal is safe to vote on	{"CURRENT VIEW": 4, "msg": "proposal", "header view": 5, "prepare view": 3, "hash": "jgrj6scOqMsv2tOI5ilebUQ0EAUbjhBGBRf6AbYZ3ZQ=", "parent": "8WqYPi7RnJLtEHQ0we0AUFXAprYP7gJj7Cq2GuiCGb4="}
Node  2 +1 block finalized at time:  2022-11-27 05:00:32.171823809 +0000 UTC m=+41.682269491
Decoded original proposal, time: 2022-11-27 05:00:34.485406757 +0000 UTC m=+43.995852162 header hash: [142 10 227 234 199 14 168 203 47 218 211 136 230 41 94 109 68 52 16 5 27 142 16 70 5 23 250 1 182 25 221 148]
2022-11-27T05:00:34.485Z	DEBUG	replica=2	coded-hotterstuff/consensus.go:576	received proposal	{"CURRENT VIEW": 5, "msg": "proposal", "header view": 5, "prepare view": 4, "hash": "jgrj6scOqMsv2tOI5ilebUQ0EAUbjhBGBRf6AbYZ3ZQ=", "parent": "8WqYPi7RnJLtEHQ0we0AUFXAprYP7gJj7Cq2GuiCGb4="}
replica 2 is forwarding chunk to replica 0
replica 2 is forwarding chunk to replica 1
replica 2 is forwarding chunk to replica 3
replica 2 is forwarding chunk to replica 4
replica 2 is forwarding chunk to replica 5
Decoded original proposal, time: 2022-11-27 05:00:37.322402395 +0000 UTC m=+46.832847861 header hash: [142 10 227 234 199 14 168 203 47 218 211 136 230 41 94 109 68 52 16 5 27 142 16 70 5 23 250 1 182 25 221 148]
2022-11-27T05:00:37.322Z	DEBUG	replica=2	coded-hotterstuff/consensus.go:576	received proposal	{"CURRENT VIEW": 5, "msg": "proposal", "header view": 5, "prepare view": 4, "hash": "jgrj6scOqMsv2tOI5ilebUQ0EAUbjhBGBRf6AbYZ3ZQ=", "parent": "8WqYPi7RnJLtEHQ0we0AUFXAprYP7gJj7Cq2GuiCGb4="}
replica 2 is forwarding chunk to replica 0
replica 2 is forwarding chunk to replica 1
replica 2 is forwarding chunk to replica 3
replica 2 is forwarding chunk to replica 4
replica 2 is forwarding chunk to replica 5
Decoded original proposal, time: 2022-11-27 05:00:40.552916517 +0000 UTC m=+50.063361979 header hash: [144 90 124 249 42 55 49 193 182 202 159 220 172 15 148 92 178 123 123 95 139 252 214 157 36 122 219 17 149 62 178 46]
2022-11-27T05:00:40.552Z	DEBUG	replica=2	coded-hotterstuff/consensus.go:576	received proposal	{"CURRENT VIEW": 5, "msg": "proposal", "header view": 6, "prepare view": 4, "hash": "kFp8+So3McG2yp/crA+UXLJ7e1+L/NadJHrbEZU+si4=", "parent": "jgrj6scOqMsv2tOI5ilebUQ0EAUbjhBGBRf6AbYZ3ZQ="}
2022-11-27T05:00:40.561Z	DEBUG	replica=2	coded-hotterstuff/consensus.go:809	new block certified	{"CURRENT VIEW": 5, "view": 5, "hash": "jgrj6scOqMsv2tOI5ilebUQ0EAUbjhBGBRf6AbYZ3ZQ="}
2022-11-27T05:00:40.561Z	DEBUG	replica=2	coded-hotterstuff/consensus.go:520	entered new view	{"CURRENT VIEW": 6, "view timeout": 2, "timedout": false}
2022-11-27T05:00:40.561Z	DEBUG	replica=2	coded-hotterstuff/consensus.go:788	new block locked	{"CURRENT VIEW": 6, "view": 4, "hash": "8WqYPi7RnJLtEHQ0we0AUFXAprYP7gJj7Cq2GuiCGb4="}
2022-11-27T05:00:40.561Z	INFO	replica=2	coded-hotterstuff/consensus.go:797	new block commited	{"CURRENT VIEW": 6, "view": 3, "hash": "cLFzFj8B5QK8hCmGW/OU2JuMGjA5BWSI/G1faUNJ6uM="}
2022-11-27T05:00:40.563Z	DEBUG	replica=2	coded-hotterstuff/consensus.go:678	proposal is safe to vote on	{"CURRENT VIEW": 5, "msg": "proposal", "header view": 6, "prepare view": 4, "hash": "kFp8+So3McG2yp/crA+UXLJ7e1+L/NadJHrbEZU+si4=", "parent": "jgrj6scOqMsv2tOI5ilebUQ0EAUbjhBGBRf6AbYZ3ZQ="}
Node  2 +1 block finalized at time:  2022-11-27 05:00:40.566260309 +0000 UTC m=+50.076705726
replica 2 is forwarding chunk to replica 0
replica 2 is forwarding chunk to replica 1
replica 2 is forwarding chunk to replica 3
replica 2 is forwarding chunk to replica 4
replica 2 is forwarding chunk to replica 5
Decoded original proposal, time: 2022-11-27 05:00:43.607124851 +0000 UTC m=+53.117570316 header hash: [144 90 124 249 42 55 49 193 182 202 159 220 172 15 148 92 178 123 123 95 139 252 214 157 36 122 219 17 149 62 178 46]
2022-11-27T05:00:43.607Z	DEBUG	replica=2	coded-hotterstuff/consensus.go:576	received proposal	{"CURRENT VIEW": 6, "msg": "proposal", "header view": 6, "prepare view": 5, "hash": "kFp8+So3McG2yp/crA+UXLJ7e1+L/NadJHrbEZU+si4=", "parent": "jgrj6scOqMsv2tOI5ilebUQ0EAUbjhBGBRf6AbYZ3ZQ="}
Decoded original proposal, time: 2022-11-27 05:00:45.702900512 +0000 UTC m=+55.213345925 header hash: [144 90 124 249 42 55 49 193 182 202 159 220 172 15 148 92 178 123 123 95 139 252 214 157 36 122 219 17 149 62 178 46]
2022-11-27T05:00:45.702Z	DEBUG	replica=2	coded-hotterstuff/consensus.go:576	received proposal	{"CURRENT VIEW": 6, "msg": "proposal", "header view": 6, "prepare view": 5, "hash": "kFp8+So3McG2yp/crA+UXLJ7e1+L/NadJHrbEZU+si4=", "parent": "jgrj6scOqMsv2tOI5ilebUQ0EAUbjhBGBRf6AbYZ3ZQ="}
replica 2 is forwarding chunk to replica 1
replica 2 is forwarding chunk to replica 3
replica 2 is forwarding chunk to replica 4
replica 2 is forwarding chunk to replica 5
replica 2 is forwarding chunk to replica 6
Decoded original proposal, time: 2022-11-27 05:00:47.744573833 +0000 UTC m=+57.255019255 header hash: [82 186 70 5 171 170 163 31 242 237 216 214 91 95 174 96 9 56 150 120 198 10 139 98 230 188 67 131 78 157 60 15]
2022-11-27T05:00:47.744Z	DEBUG	replica=2	coded-hotterstuff/consensus.go:576	received proposal	{"CURRENT VIEW": 6, "msg": "proposal", "header view": 7, "prepare view": 5, "hash": "UrpGBauqox/y7djWW1+uYAk4lnjGCoti5rxDg06dPA8=", "parent": "kFp8+So3McG2yp/crA+UXLJ7e1+L/NadJHrbEZU+si4="}
2022-11-27T05:00:47.756Z	DEBUG	replica=2	coded-hotterstuff/consensus.go:809	new block certified	{"CURRENT VIEW": 6, "view": 6, "hash": "kFp8+So3McG2yp/crA+UXLJ7e1+L/NadJHrbEZU+si4="}
2022-11-27T05:00:47.756Z	DEBUG	replica=2	coded-hotterstuff/consensus.go:520	entered new view	{"CURRENT VIEW": 7, "view timeout": 2, "timedout": false}
2022-11-27T05:00:47.756Z	DEBUG	replica=2	coded-hotterstuff/consensus.go:788	new block locked	{"CURRENT VIEW": 7, "view": 5, "hash": "jgrj6scOqMsv2tOI5ilebUQ0EAUbjhBGBRf6AbYZ3ZQ="}
2022-11-27T05:00:47.757Z	INFO	replica=2	coded-hotterstuff/consensus.go:797	new block commited	{"CURRENT VIEW": 7, "view": 4, "hash": "8WqYPi7RnJLtEHQ0we0AUFXAprYP7gJj7Cq2GuiCGb4="}
2022-11-27T05:00:47.758Z	DEBUG	replica=2	coded-hotterstuff/consensus.go:678	proposal is safe to vote on	{"CURRENT VIEW": 6, "msg": "proposal", "header view": 7, "prepare view": 5, "hash": "UrpGBauqox/y7djWW1+uYAk4lnjGCoti5rxDg06dPA8=", "parent": "kFp8+So3McG2yp/crA+UXLJ7e1+L/NadJHrbEZU+si4="}
Node  2 +1 block finalized at time:  2022-11-27 05:00:47.761316775 +0000 UTC m=+57.271762279
replica 2 is forwarding chunk to replica 1
replica 2 is forwarding chunk to replica 3
replica 2 is forwarding chunk to replica 4
replica 2 is forwarding chunk to replica 5
replica 2 is forwarding chunk to replica 6
Decoded original proposal, time: 2022-11-27 05:00:50.870425865 +0000 UTC m=+60.380871329 header hash: [82 186 70 5 171 170 163 31 242 237 216 214 91 95 174 96 9 56 150 120 198 10 139 98 230 188 67 131 78 157 60 15]
2022-11-27T05:00:50.870Z	DEBUG	replica=2	coded-hotterstuff/consensus.go:576	received proposal	{"CURRENT VIEW": 7, "msg": "proposal", "header view": 7, "prepare view": 6, "hash": "UrpGBauqox/y7djWW1+uYAk4lnjGCoti5rxDg06dPA8=", "parent": "kFp8+So3McG2yp/crA+UXLJ7e1+L/NadJHrbEZU+si4="}
replica 2 is forwarding chunk to replica 1
replica 2 is forwarding chunk to replica 3
replica 2 is forwarding chunk to replica 4
replica 2 is forwarding chunk to replica 5
replica 2 is forwarding chunk to replica 6
replica 2 is forwarding chunk to replica 0
replica 2 is forwarding chunk to replica 3
replica 2 is forwarding chunk to replica 4
replica 2 is forwarding chunk to replica 5
replica 2 is forwarding chunk to replica 6
2022-11-27T05:00:53.111Z	DEBUG	replica=2	coded-hotterstuff/consensus.go:965	received vote	{"CURRENT VIEW": 7, "msg": "vote", "voter": 1, "view": 7, "hash": "CdTNHG77L/KNb6fxbFkMI5vefUtOuAcj6xhNSmb/gws="}
Node  2  received vote before proposal, saving vote in pending votes, hash is  [9 212 205 28 110 251 47 242 141 111 167 241 108 89 12 35 155 222 125 75 78 184 7 35 235 24 77 74 102 255 131 11]  and string is,  8
2022-11-27T05:00:53.111Z	DEBUG	replica=2	coded-hotterstuff/consensus.go:970	Received vote before proposal, key is, 8	{"CURRENT VIEW": 7}
Decoded original proposal, time: 2022-11-27 05:00:53.456200005 +0000 UTC m=+62.966645419 header hash: [82 186 70 5 171 170 163 31 242 237 216 214 91 95 174 96 9 56 150 120 198 10 139 98 230 188 67 131 78 157 60 15]
2022-11-27T05:00:53.456Z	DEBUG	replica=2	coded-hotterstuff/consensus.go:576	received proposal	{"CURRENT VIEW": 7, "msg": "proposal", "header view": 7, "prepare view": 6, "hash": "UrpGBauqox/y7djWW1+uYAk4lnjGCoti5rxDg06dPA8=", "parent": "kFp8+So3McG2yp/crA+UXLJ7e1+L/NadJHrbEZU+si4="}
2022-11-27T05:00:55.619Z	DEBUG	replica=2	coded-hotterstuff/consensus.go:965	received vote	{"CURRENT VIEW": 7, "msg": "vote", "voter": 3, "view": 7, "hash": "CdTNHG77L/KNb6fxbFkMI5vefUtOuAcj6xhNSmb/gws="}
replica 2 is forwarding chunk to replica 0
replica 2 is forwarding chunk to replica 3
replica 2 is forwarding chunk to replica 4
replica 2 is forwarding chunk to replica 5
replica 2 is forwarding chunk to replica 6
Decoded original proposal, time: 2022-11-27 05:00:56.652284258 +0000 UTC m=+66.162729681 header hash: [9 212 205 28 110 251 47 242 141 111 167 241 108 89 12 35 155 222 125 75 78 184 7 35 235 24 77 74 102 255 131 11]
2022-11-27T05:00:56.652Z	DEBUG	replica=2	coded-hotterstuff/consensus.go:576	received proposal	{"CURRENT VIEW": 7, "msg": "proposal", "header view": 8, "prepare view": 6, "hash": "CdTNHG77L/KNb6fxbFkMI5vefUtOuAcj6xhNSmb/gws=", "parent": "UrpGBauqox/y7djWW1+uYAk4lnjGCoti5rxDg06dPA8="}
2022-11-27T05:00:56.660Z	DEBUG	replica=2	coded-hotterstuff/consensus.go:809	new block certified	{"CURRENT VIEW": 7, "view": 7, "hash": "UrpGBauqox/y7djWW1+uYAk4lnjGCoti5rxDg06dPA8="}
2022-11-27T05:00:56.660Z	DEBUG	replica=2	coded-hotterstuff/consensus.go:520	entered new view	{"CURRENT VIEW": 8, "view timeout": 2, "timedout": false}
2022-11-27T05:00:56.660Z	DEBUG	replica=2	coded-hotterstuff/consensus.go:535	replica is a leader for next view. collecting new-view messages	{"CURRENT VIEW": 8}
2022-11-27T05:00:56.660Z	DEBUG	replica=2	coded-hotterstuff/consensus.go:788	new block locked	{"CURRENT VIEW": 8, "view": 6, "hash": "kFp8+So3McG2yp/crA+UXLJ7e1+L/NadJHrbEZU+si4="}
2022-11-27T05:00:56.660Z	INFO	replica=2	coded-hotterstuff/consensus.go:797	new block commited	{"CURRENT VIEW": 8, "view": 5, "hash": "jgrj6scOqMsv2tOI5ilebUQ0EAUbjhBGBRf6AbYZ3ZQ="}
2022-11-27T05:00:56.662Z	DEBUG	replica=2	coded-hotterstuff/consensus.go:678	proposal is safe to vote on	{"CURRENT VIEW": 7, "msg": "proposal", "header view": 8, "prepare view": 6, "hash": "CdTNHG77L/KNb6fxbFkMI5vefUtOuAcj6xhNSmb/gws=", "parent": "UrpGBauqox/y7djWW1+uYAk4lnjGCoti5rxDg06dPA8="}
2022-11-27T05:00:56.662Z	DEBUG	replica=2	coded-hotterstuff/consensus.go:758	Taking care of pending vote 8	{"CURRENT VIEW": 8}
2022-11-27T05:00:56.662Z	DEBUG	replica=2	coded-hotterstuff/consensus.go:965	received vote	{"CURRENT VIEW": 8, "msg": "vote", "voter": 1, "view": 8, "hash": "CdTNHG77L/KNb6fxbFkMI5vefUtOuAcj6xhNSmb/gws="}
2022-11-27T05:00:56.666Z	DEBUG	replica=2	coded-hotterstuff/consensus.go:758	Taking care of pending vote 8	{"CURRENT VIEW": 8}
2022-11-27T05:00:56.666Z	DEBUG	replica=2	coded-hotterstuff/consensus.go:965	received vote	{"CURRENT VIEW": 8, "msg": "vote", "voter": 3, "view": 8, "hash": "CdTNHG77L/KNb6fxbFkMI5vefUtOuAcj6xhNSmb/gws="}
2022-11-27T05:00:56.674Z	DEBUG	replica=2	coded-hotterstuff/consensus.go:965	received vote	{"CURRENT VIEW": 8, "msg": "vote", "voter": 2, "view": 8, "hash": "CdTNHG77L/KNb6fxbFkMI5vefUtOuAcj6xhNSmb/gws="}
Node  2 +1 block finalized at time:  2022-11-27 05:00:56.680103615 +0000 UTC m=+66.190549022
2022-11-27T05:00:56.971Z	DEBUG	replica=2	coded-hotterstuff/consensus.go:965	received vote	{"CURRENT VIEW": 8, "msg": "vote", "voter": 5, "view": 8, "hash": "CdTNHG77L/KNb6fxbFkMI5vefUtOuAcj6xhNSmb/gws="}
2022-11-27T05:00:57.374Z	DEBUG	replica=2	coded-hotterstuff/consensus.go:965	received vote	{"CURRENT VIEW": 8, "msg": "vote", "voter": 6, "view": 8, "hash": "CdTNHG77L/KNb6fxbFkMI5vefUtOuAcj6xhNSmb/gws="}
2022-11-27T05:00:57.380Z	DEBUG	replica=2	coded-hotterstuff/consensus.go:809	new block certified	{"CURRENT VIEW": 8, "view": 8, "hash": "CdTNHG77L/KNb6fxbFkMI5vefUtOuAcj6xhNSmb/gws="}
2022-11-27T05:00:57.380Z	DEBUG	replica=2	coded-hotterstuff/consensus.go:520	entered new view	{"CURRENT VIEW": 9, "view timeout": 2, "timedout": false}
2022-11-27T05:00:57.380Z	DEBUG	replica=2	coded-hotterstuff/consensus.go:544	replica is a leader for this view. waiting for data	{"CURRENT VIEW": 9}
2022-11-27T05:00:57.380Z	DEBUG	replica=2	coded-hotterstuff/consensus.go:520	entered new view	{"CURRENT VIEW": 9, "view timeout": 2, "timedout": false}
2022-11-27T05:00:57.380Z	DEBUG	replica=2	coded-hotterstuff/consensus.go:544	replica is a leader for this view. waiting for data	{"CURRENT VIEW": 9}
2022-11-27T05:00:57.383Z	DEBUG	replica=2	coded-hotterstuff/consensus.go:238	sending proposal	{"CURRENT VIEW": 9, "hash": "S5jvF8HlmLvBxjERXgBCYm1M/GPQBuOxef9Rwa5UXRA=", "parent": "CdTNHG77L/KNb6fxbFkMI5vefUtOuAcj6xhNSmb/gws=", "signer": 2}
2022-11-27T05:00:57.384Z	DEBUG	replica=2	coded-hotterstuff/consensus.go:576	received proposal	{"CURRENT VIEW": 9, "msg": "proposal", "header view": 9, "prepare view": 8, "hash": "S5jvF8HlmLvBxjERXgBCYm1M/GPQBuOxef9Rwa5UXRA=", "parent": "CdTNHG77L/KNb6fxbFkMI5vefUtOuAcj6xhNSmb/gws="}
2022-11-27T05:00:57.391Z	DEBUG	replica=2	coded-hotterstuff/consensus.go:788	new block locked	{"CURRENT VIEW": 9, "view": 7, "hash": "UrpGBauqox/y7djWW1+uYAk4lnjGCoti5rxDg06dPA8="}
2022-11-27T05:00:57.391Z	INFO	replica=2	coded-hotterstuff/consensus.go:797	new block commited	{"CURRENT VIEW": 9, "view": 6, "hash": "kFp8+So3McG2yp/crA+UXLJ7e1+L/NadJHrbEZU+si4="}
2022-11-27T05:00:57.392Z	DEBUG	replica=2	coded-hotterstuff/consensus.go:678	proposal is safe to vote on	{"CURRENT VIEW": 9, "msg": "proposal", "header view": 9, "prepare view": 8, "hash": "S5jvF8HlmLvBxjERXgBCYm1M/GPQBuOxef9Rwa5UXRA=", "parent": "CdTNHG77L/KNb6fxbFkMI5vefUtOuAcj6xhNSmb/gws="}
Node  2 +1 block finalized at time:  2022-11-27 05:00:57.394904774 +0000 UTC m=+66.905350174
2022-11-27T05:00:58.277Z	DEBUG	replica=2	coded-hotterstuff/consensus.go:965	received vote	{"CURRENT VIEW": 9, "msg": "vote", "voter": 0, "view": 9, "hash": "CdTNHG77L/KNb6fxbFkMI5vefUtOuAcj6xhNSmb/gws="}
2022-11-27T05:00:58.282Z	DEBUG	replica=2	coded-hotterstuff/consensus.go:520	entered new view	{"CURRENT VIEW": 9, "view timeout": 2, "timedout": false}
2022-11-27T05:00:58.282Z	DEBUG	replica=2	coded-hotterstuff/consensus.go:544	replica is a leader for this view. waiting for data	{"CURRENT VIEW": 9}
2022-11-27T05:00:58.285Z	DEBUG	replica=2	coded-hotterstuff/consensus.go:238	sending proposal	{"CURRENT VIEW": 9, "hash": "S5jvF8HlmLvBxjERXgBCYm1M/GPQBuOxef9Rwa5UXRA=", "parent": "CdTNHG77L/KNb6fxbFkMI5vefUtOuAcj6xhNSmb/gws=", "signer": 2}
2022-11-27T05:00:58.286Z	DEBUG	replica=2	coded-hotterstuff/consensus.go:576	received proposal	{"CURRENT VIEW": 9, "msg": "proposal", "header view": 9, "prepare view": 8, "hash": "S5jvF8HlmLvBxjERXgBCYm1M/GPQBuOxef9Rwa5UXRA=", "parent": "CdTNHG77L/KNb6fxbFkMI5vefUtOuAcj6xhNSmb/gws="}
2022-11-27T05:00:58.742Z	DEBUG	replica=2	coded-hotterstuff/consensus.go:965	received vote	{"CURRENT VIEW": 9, "msg": "vote", "voter": 4, "view": 9, "hash": "CdTNHG77L/KNb6fxbFkMI5vefUtOuAcj6xhNSmb/gws="}
2022-11-27T05:00:58.748Z	DEBUG	replica=2	coded-hotterstuff/consensus.go:520	entered new view	{"CURRENT VIEW": 9, "view timeout": 2, "timedout": false}
2022-11-27T05:00:58.748Z	DEBUG	replica=2	coded-hotterstuff/consensus.go:544	replica is a leader for this view. waiting for data	{"CURRENT VIEW": 9}
2022-11-27T05:00:58.751Z	DEBUG	replica=2	coded-hotterstuff/consensus.go:238	sending proposal	{"CURRENT VIEW": 9, "hash": "S5jvF8HlmLvBxjERXgBCYm1M/GPQBuOxef9Rwa5UXRA=", "parent": "CdTNHG77L/KNb6fxbFkMI5vefUtOuAcj6xhNSmb/gws=", "signer": 2}
2022-11-27T05:00:58.752Z	DEBUG	replica=2	coded-hotterstuff/consensus.go:576	received proposal	{"CURRENT VIEW": 9, "msg": "proposal", "header view": 9, "prepare view": 8, "hash": "S5jvF8HlmLvBxjERXgBCYm1M/GPQBuOxef9Rwa5UXRA=", "parent": "CdTNHG77L/KNb6fxbFkMI5vefUtOuAcj6xhNSmb/gws="}
Decoded original proposal, time: 2022-11-27 05:01:00.49275189 +0000 UTC m=+70.003197339 header hash: [9 212 205 28 110 251 47 242 141 111 167 241 108 89 12 35 155 222 125 75 78 184 7 35 235 24 77 74 102 255 131 11]
2022-11-27T05:01:00.492Z	DEBUG	replica=2	coded-hotterstuff/consensus.go:576	received proposal	{"CURRENT VIEW": 9, "msg": "proposal", "header view": 8, "prepare view": 8, "hash": "CdTNHG77L/KNb6fxbFkMI5vefUtOuAcj6xhNSmb/gws=", "parent": "UrpGBauqox/y7djWW1+uYAk4lnjGCoti5rxDg06dPA8="}
2022-11-27T05:01:00.501Z	DEBUG	replica=2	coded-hotterstuff/consensus.go:667	proposal view doesn't match local view	{"CURRENT VIEW": 9, "msg": "proposal", "header view": 8, "prepare view": 8, "hash": "CdTNHG77L/KNb6fxbFkMI5vefUtOuAcj6xhNSmb/gws=", "parent": "UrpGBauqox/y7djWW1+uYAk4lnjGCoti5rxDg06dPA8="}
replica 2 is forwarding chunk to replica 0
replica 2 is forwarding chunk to replica 3
replica 2 is forwarding chunk to replica 4
replica 2 is forwarding chunk to replica 5
replica 2 is forwarding chunk to replica 6
Decoded original proposal, time: 2022-11-27 05:01:02.03950197 +0000 UTC m=+71.549947435 header hash: [9 212 205 28 110 251 47 242 141 111 167 241 108 89 12 35 155 222 125 75 78 184 7 35 235 24 77 74 102 255 131 11]
2022-11-27T05:01:02.039Z	DEBUG	replica=2	coded-hotterstuff/consensus.go:576	received proposal	{"CURRENT VIEW": 9, "msg": "proposal", "header view": 8, "prepare view": 8, "hash": "CdTNHG77L/KNb6fxbFkMI5vefUtOuAcj6xhNSmb/gws=", "parent": "UrpGBauqox/y7djWW1+uYAk4lnjGCoti5rxDg06dPA8="}
2022-11-27T05:01:02.047Z	DEBUG	replica=2	coded-hotterstuff/consensus.go:667	proposal view doesn't match local view	{"CURRENT VIEW": 9, "msg": "proposal", "header view": 8, "prepare view": 8, "hash": "CdTNHG77L/KNb6fxbFkMI5vefUtOuAcj6xhNSmb/gws=", "parent": "UrpGBauqox/y7djWW1+uYAk4lnjGCoti5rxDg06dPA8="}
replica 2 is forwarding chunk to replica 0
replica 2 is forwarding chunk to replica 1
replica 2 is forwarding chunk to replica 4
replica 2 is forwarding chunk to replica 5
replica 2 is forwarding chunk to replica 6
replica 2 is forwarding chunk to replica 0
replica 2 is forwarding chunk to replica 1
replica 2 is forwarding chunk to replica 4
replica 2 is forwarding chunk to replica 5
replica 2 is forwarding chunk to replica 6
Decoded original proposal, time: 2022-11-27 05:01:10.600486566 +0000 UTC m=+80.110932027 header hash: [27 41 162 234 216 56 3 146 217 203 198 162 48 110 164 219 109 81 22 147 45 180 199 35 245 217 107 204 240 129 84 110]
2022-11-27T05:01:10.600Z	DEBUG	replica=2	coded-hotterstuff/consensus.go:576	received proposal	{"CURRENT VIEW": 9, "msg": "proposal", "header view": 10, "prepare view": 8, "hash": "Gymi6tg4A5LZy8aiMG6k221RFpMttMcj9dlrzPCBVG4=", "parent": "S5jvF8HlmLvBxjERXgBCYm1M/GPQBuOxef9Rwa5UXRA="}
2022-11-27T05:01:10.608Z	DEBUG	replica=2	coded-hotterstuff/consensus.go:809	new block certified	{"CURRENT VIEW": 9, "view": 9, "hash": "S5jvF8HlmLvBxjERXgBCYm1M/GPQBuOxef9Rwa5UXRA="}
2022-11-27T05:01:10.608Z	DEBUG	replica=2	coded-hotterstuff/consensus.go:520	entered new view	{"CURRENT VIEW": 10, "view timeout": 2, "timedout": false}
2022-11-27T05:01:10.608Z	DEBUG	replica=2	coded-hotterstuff/consensus.go:788	new block locked	{"CURRENT VIEW": 10, "view": 8, "hash": "CdTNHG77L/KNb6fxbFkMI5vefUtOuAcj6xhNSmb/gws="}
2022-11-27T05:01:10.608Z	INFO	replica=2	coded-hotterstuff/consensus.go:797	new block commited	{"CURRENT VIEW": 10, "view": 7, "hash": "UrpGBauqox/y7djWW1+uYAk4lnjGCoti5rxDg06dPA8="}
2022-11-27T05:01:10.610Z	DEBUG	replica=2	coded-hotterstuff/consensus.go:678	proposal is safe to vote on	{"CURRENT VIEW": 9, "msg": "proposal", "header view": 10, "prepare view": 8, "hash": "Gymi6tg4A5LZy8aiMG6k221RFpMttMcj9dlrzPCBVG4=", "parent": "S5jvF8HlmLvBxjERXgBCYm1M/GPQBuOxef9Rwa5UXRA="}
Node  2 +1 block finalized at time:  2022-11-27 05:01:10.613248696 +0000 UTC m=+80.123694110
replica 2 is forwarding chunk to replica 0
replica 2 is forwarding chunk to replica 1
replica 2 is forwarding chunk to replica 4
replica 2 is forwarding chunk to replica 5
replica 2 is forwarding chunk to replica 6
replica 2 is forwarding chunk to replica 0
replica 2 is forwarding chunk to replica 1
replica 2 is forwarding chunk to replica 3
replica 2 is forwarding chunk to replica 5
replica 2 is forwarding chunk to replica 6
Decoded original proposal, time: 2022-11-27 05:01:15.822334194 +0000 UTC m=+85.332779670 header hash: [27 41 162 234 216 56 3 146 217 203 198 162 48 110 164 219 109 81 22 147 45 180 199 35 245 217 107 204 240 129 84 110]
2022-11-27T05:01:15.822Z	DEBUG	replica=2	coded-hotterstuff/consensus.go:576	received proposal	{"CURRENT VIEW": 10, "msg": "proposal", "header view": 10, "prepare view": 9, "hash": "Gymi6tg4A5LZy8aiMG6k221RFpMttMcj9dlrzPCBVG4=", "parent": "S5jvF8HlmLvBxjERXgBCYm1M/GPQBuOxef9Rwa5UXRA="}
replica 2 is forwarding chunk to replica 0
replica 2 is forwarding chunk to replica 1
replica 2 is forwarding chunk to replica 3
replica 2 is forwarding chunk to replica 5
replica 2 is forwarding chunk to replica 6
Decoded original proposal, time: 2022-11-27 05:01:17.971111624 +0000 UTC m=+87.481557084 header hash: [36 112 202 110 235 231 254 169 68 108 200 133 25 89 215 19 188 251 85 241 73 155 115 67 11 176 16 17 106 100 183 124]
2022-11-27T05:01:17.971Z	DEBUG	replica=2	coded-hotterstuff/consensus.go:576	received proposal	{"CURRENT VIEW": 10, "msg": "proposal", "header view": 11, "prepare view": 9, "hash": "JHDKbuvn/qlEbMiFGVnXE7z7VfFJm3NDC7AQEWpkt3w=", "parent": "Gymi6tg4A5LZy8aiMG6k221RFpMttMcj9dlrzPCBVG4="}
2022-11-27T05:01:17.978Z	DEBUG	replica=2	coded-hotterstuff/consensus.go:809	new block certified	{"CURRENT VIEW": 10, "view": 10, "hash": "Gymi6tg4A5LZy8aiMG6k221RFpMttMcj9dlrzPCBVG4="}
2022-11-27T05:01:17.978Z	DEBUG	replica=2	coded-hotterstuff/consensus.go:520	entered new view	{"CURRENT VIEW": 11, "view timeout": 2, "timedout": false}
2022-11-27T05:01:17.978Z	DEBUG	replica=2	coded-hotterstuff/consensus.go:788	new block locked	{"CURRENT VIEW": 11, "view": 9, "hash": "S5jvF8HlmLvBxjERXgBCYm1M/GPQBuOxef9Rwa5UXRA="}
2022-11-27T05:01:17.978Z	INFO	replica=2	coded-hotterstuff/consensus.go:797	new block commited	{"CURRENT VIEW": 11, "view": 8, "hash": "CdTNHG77L/KNb6fxbFkMI5vefUtOuAcj6xhNSmb/gws="}
2022-11-27T05:01:17.979Z	DEBUG	replica=2	coded-hotterstuff/consensus.go:678	proposal is safe to vote on	{"CURRENT VIEW": 10, "msg": "proposal", "header view": 11, "prepare view": 9, "hash": "JHDKbuvn/qlEbMiFGVnXE7z7VfFJm3NDC7AQEWpkt3w=", "parent": "Gymi6tg4A5LZy8aiMG6k221RFpMttMcj9dlrzPCBVG4="}
Node  2 +1 block finalized at time:  2022-11-27 05:01:17.982553896 +0000 UTC m=+87.492999296
Decoded original proposal, time: 2022-11-27 05:01:18.309256039 +0000 UTC m=+87.819701539 header hash: [27 41 162 234 216 56 3 146 217 203 198 162 48 110 164 219 109 81 22 147 45 180 199 35 245 217 107 204 240 129 84 110]
2022-11-27T05:01:18.309Z	DEBUG	replica=2	coded-hotterstuff/consensus.go:576	received proposal	{"CURRENT VIEW": 11, "msg": "proposal", "header view": 10, "prepare view": 10, "hash": "Gymi6tg4A5LZy8aiMG6k221RFpMttMcj9dlrzPCBVG4=", "parent": "S5jvF8HlmLvBxjERXgBCYm1M/GPQBuOxef9Rwa5UXRA="}
2022-11-27T05:01:18.318Z	DEBUG	replica=2	coded-hotterstuff/consensus.go:667	proposal view doesn't match local view	{"CURRENT VIEW": 11, "msg": "proposal", "header view": 10, "prepare view": 10, "hash": "Gymi6tg4A5LZy8aiMG6k221RFpMttMcj9dlrzPCBVG4=", "parent": "S5jvF8HlmLvBxjERXgBCYm1M/GPQBuOxef9Rwa5UXRA="}
replica 2 is forwarding chunk to replica 0
replica 2 is forwarding chunk to replica 1
replica 2 is forwarding chunk to replica 3
replica 2 is forwarding chunk to replica 5
replica 2 is forwarding chunk to replica 6
Decoded original proposal, time: 2022-11-27 05:01:21.735520401 +0000 UTC m=+91.245965824 header hash: [36 112 202 110 235 231 254 169 68 108 200 133 25 89 215 19 188 251 85 241 73 155 115 67 11 176 16 17 106 100 183 124]
2022-11-27T05:01:21.735Z	DEBUG	replica=2	coded-hotterstuff/consensus.go:576	received proposal	{"CURRENT VIEW": 11, "msg": "proposal", "header view": 11, "prepare view": 10, "hash": "JHDKbuvn/qlEbMiFGVnXE7z7VfFJm3NDC7AQEWpkt3w=", "parent": "Gymi6tg4A5LZy8aiMG6k221RFpMttMcj9dlrzPCBVG4="}
Decoded original proposal, time: 2022-11-27 05:01:24.499592039 +0000 UTC m=+94.010037506 header hash: [36 112 202 110 235 231 254 169 68 108 200 133 25 89 215 19 188 251 85 241 73 155 115 67 11 176 16 17 106 100 183 124]
2022-11-27T05:01:24.499Z	DEBUG	replica=2	coded-hotterstuff/consensus.go:576	received proposal	{"CURRENT VIEW": 11, "msg": "proposal", "header view": 11, "prepare view": 10, "hash": "JHDKbuvn/qlEbMiFGVnXE7z7VfFJm3NDC7AQEWpkt3w=", "parent": "Gymi6tg4A5LZy8aiMG6k221RFpMttMcj9dlrzPCBVG4="}
replica 2 is forwarding chunk to replica 0
replica 2 is forwarding chunk to replica 1
replica 2 is forwarding chunk to replica 3
replica 2 is forwarding chunk to replica 4
replica 2 is forwarding chunk to replica 6
Decoded original proposal, time: 2022-11-27 05:01:26.613314525 +0000 UTC m=+96.123759988 header hash: [225 164 165 204 236 180 59 151 178 38 118 190 136 53 193 22 146 46 81 162 175 160 6 50 132 174 159 221 166 0 223 96]
2022-11-27T05:01:26.613Z	DEBUG	replica=2	coded-hotterstuff/consensus.go:576	received proposal	{"CURRENT VIEW": 11, "msg": "proposal", "header view": 12, "prepare view": 10, "hash": "4aSlzOy0O5eyJna+iDXBFpIuUaKvoAYyhK6f3aYA32A=", "parent": "JHDKbuvn/qlEbMiFGVnXE7z7VfFJm3NDC7AQEWpkt3w="}
2022-11-27T05:01:26.621Z	DEBUG	replica=2	coded-hotterstuff/consensus.go:809	new block certified	{"CURRENT VIEW": 11, "view": 11, "hash": "JHDKbuvn/qlEbMiFGVnXE7z7VfFJm3NDC7AQEWpkt3w="}
2022-11-27T05:01:26.621Z	DEBUG	replica=2	coded-hotterstuff/consensus.go:520	entered new view	{"CURRENT VIEW": 12, "view timeout": 2, "timedout": false}
2022-11-27T05:01:26.621Z	DEBUG	replica=2	coded-hotterstuff/consensus.go:788	new block locked	{"CURRENT VIEW": 12, "view": 10, "hash": "Gymi6tg4A5LZy8aiMG6k221RFpMttMcj9dlrzPCBVG4="}
2022-11-27T05:01:26.621Z	INFO	replica=2	coded-hotterstuff/consensus.go:797	new block commited	{"CURRENT VIEW": 12, "view": 9, "hash": "S5jvF8HlmLvBxjERXgBCYm1M/GPQBuOxef9Rwa5UXRA="}
2022-11-27T05:01:26.621Z	DEBUG	replica=2	coded-hotterstuff/consensus.go:678	proposal is safe to vote on	{"CURRENT VIEW": 11, "msg": "proposal", "header view": 12, "prepare view": 10, "hash": "4aSlzOy0O5eyJna+iDXBFpIuUaKvoAYyhK6f3aYA32A=", "parent": "JHDKbuvn/qlEbMiFGVnXE7z7VfFJm3NDC7AQEWpkt3w="}
Node  2 +1 block finalized at time:  2022-11-27 05:01:26.624128416 +0000 UTC m=+96.134573818
replica 2 is forwarding chunk to replica 0
replica 2 is forwarding chunk to replica 1
replica 2 is forwarding chunk to replica 3
replica 2 is forwarding chunk to replica 4
replica 2 is forwarding chunk to replica 6
Decoded original proposal, time: 2022-11-27 05:01:28.946418172 +0000 UTC m=+98.456863638 header hash: [225 164 165 204 236 180 59 151 178 38 118 190 136 53 193 22 146 46 81 162 175 160 6 50 132 174 159 221 166 0 223 96]
2022-11-27T05:01:28.946Z	DEBUG	replica=2	coded-hotterstuff/consensus.go:576	received proposal	{"CURRENT VIEW": 12, "msg": "proposal", "header view": 12, "prepare view": 11, "hash": "4aSlzOy0O5eyJna+iDXBFpIuUaKvoAYyhK6f3aYA32A=", "parent": "JHDKbuvn/qlEbMiFGVnXE7z7VfFJm3NDC7AQEWpkt3w="}
replica 2 is forwarding chunk to replica 0
replica 2 is forwarding chunk to replica 1
replica 2 is forwarding chunk to replica 3
replica 2 is forwarding chunk to replica 4
replica 2 is forwarding chunk to replica 5
replica 2 is forwarding chunk to replica 0
replica 2 is forwarding chunk to replica 1
replica 2 is forwarding chunk to replica 3
replica 2 is forwarding chunk to replica 4
replica 2 is forwarding chunk to replica 5
Decoded original proposal, time: 2022-11-27 05:01:34.308013374 +0000 UTC m=+103.818458836 header hash: [55 71 12 88 170 89 30 100 228 23 243 137 27 6 133 29 78 24 217 198 107 27 88 123 223 127 133 219 145 253 87 161]
2022-11-27T05:01:34.308Z	DEBUG	replica=2	coded-hotterstuff/consensus.go:576	received proposal	{"CURRENT VIEW": 12, "msg": "proposal", "header view": 13, "prepare view": 11, "hash": "N0cMWKpZHmTkF/OJGwaFHU4Y2cZrG1h733+F25H9V6E=", "parent": "4aSlzOy0O5eyJna+iDXBFpIuUaKvoAYyhK6f3aYA32A="}
2022-11-27T05:01:34.317Z	DEBUG	replica=2	coded-hotterstuff/consensus.go:809	new block certified	{"CURRENT VIEW": 12, "view": 12, "hash": "4aSlzOy0O5eyJna+iDXBFpIuUaKvoAYyhK6f3aYA32A="}
2022-11-27T05:01:34.317Z	DEBUG	replica=2	coded-hotterstuff/consensus.go:520	entered new view	{"CURRENT VIEW": 13, "view timeout": 2, "timedout": false}
2022-11-27T05:01:34.317Z	DEBUG	replica=2	coded-hotterstuff/consensus.go:788	new block locked	{"CURRENT VIEW": 13, "view": 11, "hash": "JHDKbuvn/qlEbMiFGVnXE7z7VfFJm3NDC7AQEWpkt3w="}
2022-11-27T05:01:34.317Z	INFO	replica=2	coded-hotterstuff/consensus.go:797	new block commited	{"CURRENT VIEW": 13, "view": 10, "hash": "Gymi6tg4A5LZy8aiMG6k221RFpMttMcj9dlrzPCBVG4="}
2022-11-27T05:01:34.318Z	DEBUG	replica=2	coded-hotterstuff/consensus.go:678	proposal is safe to vote on	{"CURRENT VIEW": 12, "msg": "proposal", "header view": 13, "prepare view": 11, "hash": "N0cMWKpZHmTkF/OJGwaFHU4Y2cZrG1h733+F25H9V6E=", "parent": "4aSlzOy0O5eyJna+iDXBFpIuUaKvoAYyhK6f3aYA32A="}
Node  2 +1 block finalized at time:  2022-11-27 05:01:34.32086206 +0000 UTC m=+103.831307460
replica 2 is forwarding chunk to replica 0
replica 2 is forwarding chunk to replica 1
replica 2 is forwarding chunk to replica 3
replica 2 is forwarding chunk to replica 4
replica 2 is forwarding chunk to replica 6
Decoded original proposal, time: 2022-11-27 05:01:34.392619604 +0000 UTC m=+103.903065071 header hash: [225 164 165 204 236 180 59 151 178 38 118 190 136 53 193 22 146 46 81 162 175 160 6 50 132 174 159 221 166 0 223 96]
2022-11-27T05:01:34.392Z	DEBUG	replica=2	coded-hotterstuff/consensus.go:576	received proposal	{"CURRENT VIEW": 13, "msg": "proposal", "header view": 12, "prepare view": 12, "hash": "4aSlzOy0O5eyJna+iDXBFpIuUaKvoAYyhK6f3aYA32A=", "parent": "JHDKbuvn/qlEbMiFGVnXE7z7VfFJm3NDC7AQEWpkt3w="}
2022-11-27T05:01:34.400Z	DEBUG	replica=2	coded-hotterstuff/consensus.go:667	proposal view doesn't match local view	{"CURRENT VIEW": 13, "msg": "proposal", "header view": 12, "prepare view": 12, "hash": "4aSlzOy0O5eyJna+iDXBFpIuUaKvoAYyhK6f3aYA32A=", "parent": "JHDKbuvn/qlEbMiFGVnXE7z7VfFJm3NDC7AQEWpkt3w="}
Decoded original proposal, time: 2022-11-27 05:01:36.062982475 +0000 UTC m=+105.573427953 header hash: [55 71 12 88 170 89 30 100 228 23 243 137 27 6 133 29 78 24 217 198 107 27 88 123 223 127 133 219 145 253 87 161]
2022-11-27T05:01:36.063Z	DEBUG	replica=2	coded-hotterstuff/consensus.go:576	received proposal	{"CURRENT VIEW": 13, "msg": "proposal", "header view": 13, "prepare view": 12, "hash": "N0cMWKpZHmTkF/OJGwaFHU4Y2cZrG1h733+F25H9V6E=", "parent": "4aSlzOy0O5eyJna+iDXBFpIuUaKvoAYyhK6f3aYA32A="}
replica 2 is forwarding chunk to replica 0
replica 2 is forwarding chunk to replica 1
replica 2 is forwarding chunk to replica 3
replica 2 is forwarding chunk to replica 4
replica 2 is forwarding chunk to replica 5
Decoded original proposal, time: 2022-11-27 05:01:40.356741089 +0000 UTC m=+109.867186553 header hash: [55 71 12 88 170 89 30 100 228 23 243 137 27 6 133 29 78 24 217 198 107 27 88 123 223 127 133 219 145 253 87 161]
2022-11-27T05:01:40.356Z	DEBUG	replica=2	coded-hotterstuff/consensus.go:576	received proposal	{"CURRENT VIEW": 13, "msg": "proposal", "header view": 13, "prepare view": 12, "hash": "N0cMWKpZHmTkF/OJGwaFHU4Y2cZrG1h733+F25H9V6E=", "parent": "4aSlzOy0O5eyJna+iDXBFpIuUaKvoAYyhK6f3aYA32A="}
Decoded original proposal, time: 2022-11-27 05:01:42.118733488 +0000 UTC m=+111.629178954 header hash: [179 79 157 9 84 57 195 200 132 217 159 131 10 204 29 20 183 79 241 0 252 79 239 189 106 39 9 193 130 153 110 137]
2022-11-27T05:01:42.118Z	DEBUG	replica=2	coded-hotterstuff/consensus.go:576	received proposal	{"CURRENT VIEW": 13, "msg": "proposal", "header view": 14, "prepare view": 12, "hash": "s0+dCVQ5w8iE2Z+DCswdFLdP8QD8T++9aicJwYKZbok=", "parent": "N0cMWKpZHmTkF/OJGwaFHU4Y2cZrG1h733+F25H9V6E="}
2022-11-27T05:01:42.125Z	DEBUG	replica=2	coded-hotterstuff/consensus.go:809	new block certified	{"CURRENT VIEW": 13, "view": 13, "hash": "N0cMWKpZHmTkF/OJGwaFHU4Y2cZrG1h733+F25H9V6E="}
2022-11-27T05:01:42.125Z	DEBUG	replica=2	coded-hotterstuff/consensus.go:520	entered new view	{"CURRENT VIEW": 14, "view timeout": 2, "timedout": false}
2022-11-27T05:01:42.126Z	DEBUG	replica=2	coded-hotterstuff/consensus.go:788	new block locked	{"CURRENT VIEW": 14, "view": 12, "hash": "4aSlzOy0O5eyJna+iDXBFpIuUaKvoAYyhK6f3aYA32A="}
2022-11-27T05:01:42.126Z	INFO	replica=2	coded-hotterstuff/consensus.go:797	new block commited	{"CURRENT VIEW": 14, "view": 11, "hash": "JHDKbuvn/qlEbMiFGVnXE7z7VfFJm3NDC7AQEWpkt3w="}
2022-11-27T05:01:42.127Z	DEBUG	replica=2	coded-hotterstuff/consensus.go:678	proposal is safe to vote on	{"CURRENT VIEW": 13, "msg": "proposal", "header view": 14, "prepare view": 12, "hash": "s0+dCVQ5w8iE2Z+DCswdFLdP8QD8T++9aicJwYKZbok=", "parent": "N0cMWKpZHmTkF/OJGwaFHU4Y2cZrG1h733+F25H9V6E="}
Node  2 +1 block finalized at time:  2022-11-27 05:01:42.129365374 +0000 UTC m=+111.639810775
replica 2 is forwarding chunk to replica 1
replica 2 is forwarding chunk to replica 3
replica 2 is forwarding chunk to replica 4
replica 2 is forwarding chunk to replica 5
replica 2 is forwarding chunk to replica 6
replica 2 is forwarding chunk to replica 1
replica 2 is forwarding chunk to replica 3
replica 2 is forwarding chunk to replica 4
replica 2 is forwarding chunk to replica 5
replica 2 is forwarding chunk to replica 6
Decoded original proposal, time: 2022-11-27 05:01:44.84758471 +0000 UTC m=+114.358030173 header hash: [179 79 157 9 84 57 195 200 132 217 159 131 10 204 29 20 183 79 241 0 252 79 239 189 106 39 9 193 130 153 110 137]
2022-11-27T05:01:44.847Z	DEBUG	replica=2	coded-hotterstuff/consensus.go:576	received proposal	{"CURRENT VIEW": 14, "msg": "proposal", "header view": 14, "prepare view": 13, "hash": "s0+dCVQ5w8iE2Z+DCswdFLdP8QD8T++9aicJwYKZbok=", "parent": "N0cMWKpZHmTkF/OJGwaFHU4Y2cZrG1h733+F25H9V6E="}
replica 2 is forwarding chunk to replica 0
replica 2 is forwarding chunk to replica 3
replica 2 is forwarding chunk to replica 4
replica 2 is forwarding chunk to replica 5
replica 2 is forwarding chunk to replica 6
2022-11-27T05:01:44.927Z	DEBUG	replica=2	coded-hotterstuff/consensus.go:965	received vote	{"CURRENT VIEW": 14, "msg": "vote", "voter": 1, "view": 14, "hash": "yki5uJhKgjQT5iLa3NRfkhkCHcRSab0ctor/KqZboNA="}
Node  2  received vote before proposal, saving vote in pending votes, hash is  [202 72 185 184 152 74 130 52 19 230 34 218 220 212 95 146 25 2 29 196 82 105 189 28 182 138 255 42 166 91 160 208]  and string is,  15
2022-11-27T05:01:44.927Z	DEBUG	replica=2	coded-hotterstuff/consensus.go:970	Received vote before proposal, key is, 15	{"CURRENT VIEW": 14}
replica 2 is forwarding chunk to replica 1
replica 2 is forwarding chunk to replica 3
replica 2 is forwarding chunk to replica 4
replica 2 is forwarding chunk to replica 5
replica 2 is forwarding chunk to replica 6
replica 2 is forwarding chunk to replica 0
replica 2 is forwarding chunk to replica 3
replica 2 is forwarding chunk to replica 4
replica 2 is forwarding chunk to replica 5
replica 2 is forwarding chunk to replica 6
Decoded original proposal, time: 2022-11-27 05:01:47.48772268 +0000 UTC m=+116.998168148 header hash: [179 79 157 9 84 57 195 200 132 217 159 131 10 204 29 20 183 79 241 0 252 79 239 189 106 39 9 193 130 153 110 137]
2022-11-27T05:01:47.487Z	DEBUG	replica=2	coded-hotterstuff/consensus.go:576	received proposal	{"CURRENT VIEW": 14, "msg": "proposal", "header view": 14, "prepare view": 13, "hash": "s0+dCVQ5w8iE2Z+DCswdFLdP8QD8T++9aicJwYKZbok=", "parent": "N0cMWKpZHmTkF/OJGwaFHU4Y2cZrG1h733+F25H9V6E="}
replica 2 is forwarding chunk to replica 0
replica 2 is forwarding chunk to replica 3
replica 2 is forwarding chunk to replica 4
replica 2 is forwarding chunk to replica 5
replica 2 is forwarding chunk to replica 6
