Node index: 4
[10.0.1.0:9000 10.0.1.2:9001 10.0.1.4:9002 10.0.1.6:9003 10.0.1.8:9004 10.0.1.10:9005 10.0.1.12:9006]
node 4 initiating connection to 10.0.1.0:9000
node 4 successfully initiated connection to 10.0.1.0:9000
node 4 initiating connection to 10.0.1.2:9001
node 4 successfully initiated connection to 10.0.1.2:9001
node 4 initiating connection to 10.0.1.4:9002
node 4 successfully initiated connection to 10.0.1.4:9002
node 4 initiating connection to 10.0.1.6:9003
node 4 successfully initiated connection to 10.0.1.6:9003
connection established 4 - 6
Node  4 -->  Listening for messages... 
connection established 4 - 5
Node  4 -->  Listening for messages... 
2022-11-27T04:59:50.580Z	DEBUG	replica=4	coded-hotterstuff/consensus.go:520	entered new view	{"CURRENT VIEW": 1, "view timeout": 2, "timedout": false}
connection established 4 - 0
Node  4 -->  Listening for messages... 
connection established 4 - 2
Node  4 -->  Listening for messages... 
connection established 4 - 1
Node  4 -->  Listening for messages... 
connection established 4 - 3
Node  4 -->  Listening for messages... 
replica 4 is forwarding chunk to replica 0
replica 4 is forwarding chunk to replica 2
replica 4 is forwarding chunk to replica 3
replica 4 is forwarding chunk to replica 5
replica 4 is forwarding chunk to replica 6
Decoded original proposal, time: 2022-11-27 04:59:59.685007302 +0000 UTC m=+9.189979385 header hash: [72 160 180 233 149 231 108 139 103 97 149 83 197 114 214 128 107 110 76 231 61 205 42 18 190 82 86 133 4 78 235 255]
2022-11-27T04:59:59.685Z	DEBUG	replica=4	coded-hotterstuff/consensus.go:576	received proposal	{"CURRENT VIEW": 1, "msg": "proposal", "header view": 1, "prepare view": 0, "hash": "SKC06ZXnbItnYZVTxXLWgGtuTOc9zSoSvlJWhQRO6/8=", "parent": "GZWDhiYW+ib6TpJWRLDOftUd8y8ovAaEerQWDbefS7c="}
2022-11-27T04:59:59.692Z	DEBUG	replica=4	coded-hotterstuff/consensus.go:777	could not find gparent header	{"CURRENT VIEW": 1, "view": 0, "hash": "GZWDhiYW+ib6TpJWRLDOftUd8y8ovAaEerQWDbefS7c="}
2022-11-27T04:59:59.693Z	DEBUG	replica=4	coded-hotterstuff/consensus.go:678	proposal is safe to vote on	{"CURRENT VIEW": 1, "msg": "proposal", "header view": 1, "prepare view": 0, "hash": "SKC06ZXnbItnYZVTxXLWgGtuTOc9zSoSvlJWhQRO6/8=", "parent": "GZWDhiYW+ib6TpJWRLDOftUd8y8ovAaEerQWDbefS7c="}
replica 4 is forwarding chunk to replica 0
replica 4 is forwarding chunk to replica 1
replica 4 is forwarding chunk to replica 3
replica 4 is forwarding chunk to replica 5
replica 4 is forwarding chunk to replica 6
replica 4 is forwarding chunk to replica 0
replica 4 is forwarding chunk to replica 1
replica 4 is forwarding chunk to replica 3
replica 4 is forwarding chunk to replica 5
replica 4 is forwarding chunk to replica 6
Decoded original proposal, time: 2022-11-27 05:00:07.222834159 +0000 UTC m=+16.727806290 header hash: [112 240 93 77 174 234 64 155 158 20 106 227 158 234 134 149 230 112 20 24 127 150 17 128 149 69 129 124 42 247 80 171]
2022-11-27T05:00:07.222Z	DEBUG	replica=4	coded-hotterstuff/consensus.go:576	received proposal	{"CURRENT VIEW": 1, "msg": "proposal", "header view": 2, "prepare view": 0, "hash": "cPBdTa7qQJueFGrjnuqGleZwFBh/lhGAlUWBfCr3UKs=", "parent": "SKC06ZXnbItnYZVTxXLWgGtuTOc9zSoSvlJWhQRO6/8="}
2022-11-27T05:00:07.230Z	DEBUG	replica=4	coded-hotterstuff/consensus.go:809	new block certified	{"CURRENT VIEW": 1, "view": 1, "hash": "SKC06ZXnbItnYZVTxXLWgGtuTOc9zSoSvlJWhQRO6/8="}
2022-11-27T05:00:07.230Z	DEBUG	replica=4	coded-hotterstuff/consensus.go:520	entered new view	{"CURRENT VIEW": 2, "view timeout": 2, "timedout": false}
2022-11-27T05:00:07.230Z	DEBUG	replica=4	coded-hotterstuff/consensus.go:782	could not find ggparent header	{"CURRENT VIEW": 2, "view": 0, "hash": "GZWDhiYW+ib6TpJWRLDOftUd8y8ovAaEerQWDbefS7c="}
2022-11-27T05:00:07.233Z	DEBUG	replica=4	coded-hotterstuff/consensus.go:678	proposal is safe to vote on	{"CURRENT VIEW": 1, "msg": "proposal", "header view": 2, "prepare view": 0, "hash": "cPBdTa7qQJueFGrjnuqGleZwFBh/lhGAlUWBfCr3UKs=", "parent": "SKC06ZXnbItnYZVTxXLWgGtuTOc9zSoSvlJWhQRO6/8="}
replica 4 is forwarding chunk to replica 0
replica 4 is forwarding chunk to replica 1
replica 4 is forwarding chunk to replica 3
replica 4 is forwarding chunk to replica 5
replica 4 is forwarding chunk to replica 6
Decoded original proposal, time: 2022-11-27 05:00:10.242782886 +0000 UTC m=+19.747755016 header hash: [112 240 93 77 174 234 64 155 158 20 106 227 158 234 134 149 230 112 20 24 127 150 17 128 149 69 129 124 42 247 80 171]
2022-11-27T05:00:10.242Z	DEBUG	replica=4	coded-hotterstuff/consensus.go:576	received proposal	{"CURRENT VIEW": 2, "msg": "proposal", "header view": 2, "prepare view": 1, "hash": "cPBdTa7qQJueFGrjnuqGleZwFBh/lhGAlUWBfCr3UKs=", "parent": "SKC06ZXnbItnYZVTxXLWgGtuTOc9zSoSvlJWhQRO6/8="}
2022-11-27T05:00:10.251Z	DEBUG	replica=4	coded-hotterstuff/consensus.go:782	could not find ggparent header	{"CURRENT VIEW": 2, "view": 0, "hash": "GZWDhiYW+ib6TpJWRLDOftUd8y8ovAaEerQWDbefS7c="}
replica 4 is forwarding chunk to replica 0
replica 4 is forwarding chunk to replica 1
replica 4 is forwarding chunk to replica 2
replica 4 is forwarding chunk to replica 5
replica 4 is forwarding chunk to replica 6
2022-11-27T05:00:12.337Z	DEBUG	replica=4	coded-hotterstuff/consensus.go:965	received vote	{"CURRENT VIEW": 2, "msg": "vote", "voter": 3, "view": 2, "hash": "cLFzFj8B5QK8hCmGW/OU2JuMGjA5BWSI/G1faUNJ6uM="}
Node  4  received vote before proposal, saving vote in pending votes, hash is  [112 177 115 22 63 1 229 2 188 132 41 134 91 243 148 216 155 140 26 48 57 5 100 136 252 109 95 105 67 73 234 227]  and string is,  3
2022-11-27T05:00:12.337Z	DEBUG	replica=4	coded-hotterstuff/consensus.go:970	Received vote before proposal, key is, 3	{"CURRENT VIEW": 2}
Decoded original proposal, time: 2022-11-27 05:00:12.401310514 +0000 UTC m=+21.906282601 header hash: [112 240 93 77 174 234 64 155 158 20 106 227 158 234 134 149 230 112 20 24 127 150 17 128 149 69 129 124 42 247 80 171]
2022-11-27T05:00:12.401Z	DEBUG	replica=4	coded-hotterstuff/consensus.go:576	received proposal	{"CURRENT VIEW": 2, "msg": "proposal", "header view": 2, "prepare view": 1, "hash": "cPBdTa7qQJueFGrjnuqGleZwFBh/lhGAlUWBfCr3UKs=", "parent": "SKC06ZXnbItnYZVTxXLWgGtuTOc9zSoSvlJWhQRO6/8="}
2022-11-27T05:00:12.409Z	DEBUG	replica=4	coded-hotterstuff/consensus.go:782	could not find ggparent header	{"CURRENT VIEW": 2, "view": 0, "hash": "GZWDhiYW+ib6TpJWRLDOftUd8y8ovAaEerQWDbefS7c="}
Decoded original proposal, time: 2022-11-27 05:00:14.216539313 +0000 UTC m=+23.721511425 header hash: [112 177 115 22 63 1 229 2 188 132 41 134 91 243 148 216 155 140 26 48 57 5 100 136 252 109 95 105 67 73 234 227]
2022-11-27T05:00:14.216Z	DEBUG	replica=4	coded-hotterstuff/consensus.go:576	received proposal	{"CURRENT VIEW": 2, "msg": "proposal", "header view": 3, "prepare view": 1, "hash": "cLFzFj8B5QK8hCmGW/OU2JuMGjA5BWSI/G1faUNJ6uM=", "parent": "cPBdTa7qQJueFGrjnuqGleZwFBh/lhGAlUWBfCr3UKs="}
2022-11-27T05:00:14.224Z	DEBUG	replica=4	coded-hotterstuff/consensus.go:809	new block certified	{"CURRENT VIEW": 2, "view": 2, "hash": "cPBdTa7qQJueFGrjnuqGleZwFBh/lhGAlUWBfCr3UKs="}
2022-11-27T05:00:14.224Z	DEBUG	replica=4	coded-hotterstuff/consensus.go:520	entered new view	{"CURRENT VIEW": 3, "view timeout": 2, "timedout": false}
2022-11-27T05:00:14.224Z	DEBUG	replica=4	coded-hotterstuff/consensus.go:535	replica is a leader for next view. collecting new-view messages	{"CURRENT VIEW": 3}
2022-11-27T05:00:14.224Z	DEBUG	replica=4	coded-hotterstuff/consensus.go:788	new block locked	{"CURRENT VIEW": 3, "view": 1, "hash": "SKC06ZXnbItnYZVTxXLWgGtuTOc9zSoSvlJWhQRO6/8="}
2022-11-27T05:00:14.226Z	DEBUG	replica=4	coded-hotterstuff/consensus.go:678	proposal is safe to vote on	{"CURRENT VIEW": 2, "msg": "proposal", "header view": 3, "prepare view": 1, "hash": "cLFzFj8B5QK8hCmGW/OU2JuMGjA5BWSI/G1faUNJ6uM=", "parent": "cPBdTa7qQJueFGrjnuqGleZwFBh/lhGAlUWBfCr3UKs="}
2022-11-27T05:00:14.226Z	DEBUG	replica=4	coded-hotterstuff/consensus.go:758	Taking care of pending vote 3	{"CURRENT VIEW": 3}
2022-11-27T05:00:14.226Z	DEBUG	replica=4	coded-hotterstuff/consensus.go:965	received vote	{"CURRENT VIEW": 3, "msg": "vote", "voter": 3, "view": 3, "hash": "cLFzFj8B5QK8hCmGW/OU2JuMGjA5BWSI/G1faUNJ6uM="}
2022-11-27T05:00:14.235Z	DEBUG	replica=4	coded-hotterstuff/consensus.go:965	received vote	{"CURRENT VIEW": 3, "msg": "vote", "voter": 4, "view": 3, "hash": "cLFzFj8B5QK8hCmGW/OU2JuMGjA5BWSI/G1faUNJ6uM="}
2022-11-27T05:00:14.241Z	DEBUG	replica=4	coded-hotterstuff/consensus.go:965	received vote	{"CURRENT VIEW": 3, "msg": "vote", "voter": 5, "view": 3, "hash": "cLFzFj8B5QK8hCmGW/OU2JuMGjA5BWSI/G1faUNJ6uM="}
2022-11-27T05:00:14.433Z	DEBUG	replica=4	coded-hotterstuff/consensus.go:965	received vote	{"CURRENT VIEW": 3, "msg": "vote", "voter": 6, "view": 3, "hash": "cLFzFj8B5QK8hCmGW/OU2JuMGjA5BWSI/G1faUNJ6uM="}
2022-11-27T05:00:16.677Z	DEBUG	replica=4	coded-hotterstuff/consensus.go:965	received vote	{"CURRENT VIEW": 3, "msg": "vote", "voter": 1, "view": 3, "hash": "cLFzFj8B5QK8hCmGW/OU2JuMGjA5BWSI/G1faUNJ6uM="}
2022-11-27T05:00:16.684Z	DEBUG	replica=4	coded-hotterstuff/consensus.go:809	new block certified	{"CURRENT VIEW": 3, "view": 3, "hash": "cLFzFj8B5QK8hCmGW/OU2JuMGjA5BWSI/G1faUNJ6uM="}
2022-11-27T05:00:16.684Z	DEBUG	replica=4	coded-hotterstuff/consensus.go:520	entered new view	{"CURRENT VIEW": 4, "view timeout": 2, "timedout": false}
2022-11-27T05:00:16.684Z	DEBUG	replica=4	coded-hotterstuff/consensus.go:544	replica is a leader for this view. waiting for data	{"CURRENT VIEW": 4}
2022-11-27T05:00:16.684Z	DEBUG	replica=4	coded-hotterstuff/consensus.go:520	entered new view	{"CURRENT VIEW": 4, "view timeout": 2, "timedout": false}
2022-11-27T05:00:16.684Z	DEBUG	replica=4	coded-hotterstuff/consensus.go:544	replica is a leader for this view. waiting for data	{"CURRENT VIEW": 4}
2022-11-27T05:00:16.687Z	DEBUG	replica=4	coded-hotterstuff/consensus.go:238	sending proposal	{"CURRENT VIEW": 4, "hash": "8WqYPi7RnJLtEHQ0we0AUFXAprYP7gJj7Cq2GuiCGb4=", "parent": "cLFzFj8B5QK8hCmGW/OU2JuMGjA5BWSI/G1faUNJ6uM=", "signer": 4}
2022-11-27T05:00:16.690Z	DEBUG	replica=4	coded-hotterstuff/consensus.go:576	received proposal	{"CURRENT VIEW": 4, "msg": "proposal", "header view": 4, "prepare view": 3, "hash": "8WqYPi7RnJLtEHQ0we0AUFXAprYP7gJj7Cq2GuiCGb4=", "parent": "cLFzFj8B5QK8hCmGW/OU2JuMGjA5BWSI/G1faUNJ6uM="}
2022-11-27T05:00:16.700Z	DEBUG	replica=4	coded-hotterstuff/consensus.go:788	new block locked	{"CURRENT VIEW": 4, "view": 2, "hash": "cPBdTa7qQJueFGrjnuqGleZwFBh/lhGAlUWBfCr3UKs="}
2022-11-27T05:00:16.700Z	INFO	replica=4	coded-hotterstuff/consensus.go:797	new block commited	{"CURRENT VIEW": 4, "view": 1, "hash": "SKC06ZXnbItnYZVTxXLWgGtuTOc9zSoSvlJWhQRO6/8="}
2022-11-27T05:00:16.704Z	DEBUG	replica=4	coded-hotterstuff/consensus.go:678	proposal is safe to vote on	{"CURRENT VIEW": 4, "msg": "proposal", "header view": 4, "prepare view": 3, "hash": "8WqYPi7RnJLtEHQ0we0AUFXAprYP7gJj7Cq2GuiCGb4=", "parent": "cLFzFj8B5QK8hCmGW/OU2JuMGjA5BWSI/G1faUNJ6uM="}
Node  4 +1 block finalized at time:  2022-11-27 05:00:16.707074423 +0000 UTC m=+26.212046508
2022-11-27T05:00:17.539Z	DEBUG	replica=4	coded-hotterstuff/consensus.go:965	received vote	{"CURRENT VIEW": 4, "msg": "vote", "voter": 0, "view": 4, "hash": "cLFzFj8B5QK8hCmGW/OU2JuMGjA5BWSI/G1faUNJ6uM="}
2022-11-27T05:00:17.546Z	DEBUG	replica=4	coded-hotterstuff/consensus.go:520	entered new view	{"CURRENT VIEW": 4, "view timeout": 2, "timedout": false}
2022-11-27T05:00:17.546Z	DEBUG	replica=4	coded-hotterstuff/consensus.go:544	replica is a leader for this view. waiting for data	{"CURRENT VIEW": 4}
2022-11-27T05:00:17.549Z	DEBUG	replica=4	coded-hotterstuff/consensus.go:238	sending proposal	{"CURRENT VIEW": 4, "hash": "8WqYPi7RnJLtEHQ0we0AUFXAprYP7gJj7Cq2GuiCGb4=", "parent": "cLFzFj8B5QK8hCmGW/OU2JuMGjA5BWSI/G1faUNJ6uM=", "signer": 4}
2022-11-27T05:00:17.550Z	DEBUG	replica=4	coded-hotterstuff/consensus.go:576	received proposal	{"CURRENT VIEW": 4, "msg": "proposal", "header view": 4, "prepare view": 3, "hash": "8WqYPi7RnJLtEHQ0we0AUFXAprYP7gJj7Cq2GuiCGb4=", "parent": "cLFzFj8B5QK8hCmGW/OU2JuMGjA5BWSI/G1faUNJ6uM="}
2022-11-27T05:00:17.850Z	DEBUG	replica=4	coded-hotterstuff/consensus.go:965	received vote	{"CURRENT VIEW": 4, "msg": "vote", "voter": 2, "view": 4, "hash": "cLFzFj8B5QK8hCmGW/OU2JuMGjA5BWSI/G1faUNJ6uM="}
2022-11-27T05:00:17.857Z	DEBUG	replica=4	coded-hotterstuff/consensus.go:520	entered new view	{"CURRENT VIEW": 4, "view timeout": 2, "timedout": false}
2022-11-27T05:00:17.857Z	DEBUG	replica=4	coded-hotterstuff/consensus.go:544	replica is a leader for this view. waiting for data	{"CURRENT VIEW": 4}
2022-11-27T05:00:17.861Z	DEBUG	replica=4	coded-hotterstuff/consensus.go:238	sending proposal	{"CURRENT VIEW": 4, "hash": "8WqYPi7RnJLtEHQ0we0AUFXAprYP7gJj7Cq2GuiCGb4=", "parent": "cLFzFj8B5QK8hCmGW/OU2JuMGjA5BWSI/G1faUNJ6uM=", "signer": 4}
2022-11-27T05:00:17.862Z	DEBUG	replica=4	coded-hotterstuff/consensus.go:576	received proposal	{"CURRENT VIEW": 4, "msg": "proposal", "header view": 4, "prepare view": 3, "hash": "8WqYPi7RnJLtEHQ0we0AUFXAprYP7gJj7Cq2GuiCGb4=", "parent": "cLFzFj8B5QK8hCmGW/OU2JuMGjA5BWSI/G1faUNJ6uM="}
replica 4 is forwarding chunk to replica 0
replica 4 is forwarding chunk to replica 1
replica 4 is forwarding chunk to replica 2
replica 4 is forwarding chunk to replica 5
replica 4 is forwarding chunk to replica 6
Decoded original proposal, time: 2022-11-27 05:00:19.465787887 +0000 UTC m=+28.970760016 header hash: [112 177 115 22 63 1 229 2 188 132 41 134 91 243 148 216 155 140 26 48 57 5 100 136 252 109 95 105 67 73 234 227]
2022-11-27T05:00:19.465Z	DEBUG	replica=4	coded-hotterstuff/consensus.go:576	received proposal	{"CURRENT VIEW": 4, "msg": "proposal", "header view": 3, "prepare view": 3, "hash": "cLFzFj8B5QK8hCmGW/OU2JuMGjA5BWSI/G1faUNJ6uM=", "parent": "cPBdTa7qQJueFGrjnuqGleZwFBh/lhGAlUWBfCr3UKs="}
2022-11-27T05:00:19.474Z	DEBUG	replica=4	coded-hotterstuff/consensus.go:667	proposal view doesn't match local view	{"CURRENT VIEW": 4, "msg": "proposal", "header view": 3, "prepare view": 3, "hash": "cLFzFj8B5QK8hCmGW/OU2JuMGjA5BWSI/G1faUNJ6uM=", "parent": "cPBdTa7qQJueFGrjnuqGleZwFBh/lhGAlUWBfCr3UKs="}
replica 4 is forwarding chunk to replica 0
replica 4 is forwarding chunk to replica 1
replica 4 is forwarding chunk to replica 2
replica 4 is forwarding chunk to replica 5
replica 4 is forwarding chunk to replica 6
Decoded original proposal, time: 2022-11-27 05:00:21.933938157 +0000 UTC m=+31.438910239 header hash: [112 177 115 22 63 1 229 2 188 132 41 134 91 243 148 216 155 140 26 48 57 5 100 136 252 109 95 105 67 73 234 227]
2022-11-27T05:00:21.933Z	DEBUG	replica=4	coded-hotterstuff/consensus.go:576	received proposal	{"CURRENT VIEW": 4, "msg": "proposal", "header view": 3, "prepare view": 3, "hash": "cLFzFj8B5QK8hCmGW/OU2JuMGjA5BWSI/G1faUNJ6uM=", "parent": "cPBdTa7qQJueFGrjnuqGleZwFBh/lhGAlUWBfCr3UKs="}
2022-11-27T05:00:21.942Z	DEBUG	replica=4	coded-hotterstuff/consensus.go:667	proposal view doesn't match local view	{"CURRENT VIEW": 4, "msg": "proposal", "header view": 3, "prepare view": 3, "hash": "cLFzFj8B5QK8hCmGW/OU2JuMGjA5BWSI/G1faUNJ6uM=", "parent": "cPBdTa7qQJueFGrjnuqGleZwFBh/lhGAlUWBfCr3UKs="}
replica 4 is forwarding chunk to replica 0
replica 4 is forwarding chunk to replica 1
replica 4 is forwarding chunk to replica 2
replica 4 is forwarding chunk to replica 3
replica 4 is forwarding chunk to replica 6
replica 4 is forwarding chunk to replica 0
replica 4 is forwarding chunk to replica 1
replica 4 is forwarding chunk to replica 2
replica 4 is forwarding chunk to replica 3
replica 4 is forwarding chunk to replica 6
replica 4 is forwarding chunk to replica 0
replica 4 is forwarding chunk to replica 1
replica 4 is forwarding chunk to replica 2
replica 4 is forwarding chunk to replica 3
replica 4 is forwarding chunk to replica 6
Decoded original proposal, time: 2022-11-27 05:00:34.140754414 +0000 UTC m=+43.645726565 header hash: [142 10 227 234 199 14 168 203 47 218 211 136 230 41 94 109 68 52 16 5 27 142 16 70 5 23 250 1 182 25 221 148]
2022-11-27T05:00:34.140Z	DEBUG	replica=4	coded-hotterstuff/consensus.go:576	received proposal	{"CURRENT VIEW": 4, "msg": "proposal", "header view": 5, "prepare view": 3, "hash": "jgrj6scOqMsv2tOI5ilebUQ0EAUbjhBGBRf6AbYZ3ZQ=", "parent": "8WqYPi7RnJLtEHQ0we0AUFXAprYP7gJj7Cq2GuiCGb4="}
2022-11-27T05:00:34.149Z	DEBUG	replica=4	coded-hotterstuff/consensus.go:809	new block certified	{"CURRENT VIEW": 4, "view": 4, "hash": "8WqYPi7RnJLtEHQ0we0AUFXAprYP7gJj7Cq2GuiCGb4="}
2022-11-27T05:00:34.149Z	DEBUG	replica=4	coded-hotterstuff/consensus.go:520	entered new view	{"CURRENT VIEW": 5, "view timeout": 2, "timedout": false}
2022-11-27T05:00:34.149Z	DEBUG	replica=4	coded-hotterstuff/consensus.go:788	new block locked	{"CURRENT VIEW": 5, "view": 3, "hash": "cLFzFj8B5QK8hCmGW/OU2JuMGjA5BWSI/G1faUNJ6uM="}
2022-11-27T05:00:34.149Z	INFO	replica=4	coded-hotterstuff/consensus.go:797	new block commited	{"CURRENT VIEW": 5, "view": 2, "hash": "cPBdTa7qQJueFGrjnuqGleZwFBh/lhGAlUWBfCr3UKs="}
2022-11-27T05:00:34.153Z	DEBUG	replica=4	coded-hotterstuff/consensus.go:678	proposal is safe to vote on	{"CURRENT VIEW": 4, "msg": "proposal", "header view": 5, "prepare view": 3, "hash": "jgrj6scOqMsv2tOI5ilebUQ0EAUbjhBGBRf6AbYZ3ZQ=", "parent": "8WqYPi7RnJLtEHQ0we0AUFXAprYP7gJj7Cq2GuiCGb4="}
Node  4 +1 block finalized at time:  2022-11-27 05:00:34.157244799 +0000 UTC m=+43.662216882
Decoded original proposal, time: 2022-11-27 05:00:36.931701348 +0000 UTC m=+46.436673467 header hash: [142 10 227 234 199 14 168 203 47 218 211 136 230 41 94 109 68 52 16 5 27 142 16 70 5 23 250 1 182 25 221 148]
2022-11-27T05:00:36.931Z	DEBUG	replica=4	coded-hotterstuff/consensus.go:576	received proposal	{"CURRENT VIEW": 5, "msg": "proposal", "header view": 5, "prepare view": 4, "hash": "jgrj6scOqMsv2tOI5ilebUQ0EAUbjhBGBRf6AbYZ3ZQ=", "parent": "8WqYPi7RnJLtEHQ0we0AUFXAprYP7gJj7Cq2GuiCGb4="}
Decoded original proposal, time: 2022-11-27 05:00:39.219745952 +0000 UTC m=+48.724718082 header hash: [142 10 227 234 199 14 168 203 47 218 211 136 230 41 94 109 68 52 16 5 27 142 16 70 5 23 250 1 182 25 221 148]
2022-11-27T05:00:39.219Z	DEBUG	replica=4	coded-hotterstuff/consensus.go:576	received proposal	{"CURRENT VIEW": 5, "msg": "proposal", "header view": 5, "prepare view": 4, "hash": "jgrj6scOqMsv2tOI5ilebUQ0EAUbjhBGBRf6AbYZ3ZQ=", "parent": "8WqYPi7RnJLtEHQ0we0AUFXAprYP7gJj7Cq2GuiCGb4="}
replica 4 is forwarding chunk to replica 0
replica 4 is forwarding chunk to replica 1
replica 4 is forwarding chunk to replica 2
replica 4 is forwarding chunk to replica 3
replica 4 is forwarding chunk to replica 5
Decoded original proposal, time: 2022-11-27 05:00:40.983260888 +0000 UTC m=+50.488232972 header hash: [144 90 124 249 42 55 49 193 182 202 159 220 172 15 148 92 178 123 123 95 139 252 214 157 36 122 219 17 149 62 178 46]
2022-11-27T05:00:40.983Z	DEBUG	replica=4	coded-hotterstuff/consensus.go:576	received proposal	{"CURRENT VIEW": 5, "msg": "proposal", "header view": 6, "prepare view": 4, "hash": "kFp8+So3McG2yp/crA+UXLJ7e1+L/NadJHrbEZU+si4=", "parent": "jgrj6scOqMsv2tOI5ilebUQ0EAUbjhBGBRf6AbYZ3ZQ="}
2022-11-27T05:00:40.991Z	DEBUG	replica=4	coded-hotterstuff/consensus.go:809	new block certified	{"CURRENT VIEW": 5, "view": 5, "hash": "jgrj6scOqMsv2tOI5ilebUQ0EAUbjhBGBRf6AbYZ3ZQ="}
2022-11-27T05:00:40.991Z	DEBUG	replica=4	coded-hotterstuff/consensus.go:520	entered new view	{"CURRENT VIEW": 6, "view timeout": 2, "timedout": false}
2022-11-27T05:00:40.991Z	DEBUG	replica=4	coded-hotterstuff/consensus.go:788	new block locked	{"CURRENT VIEW": 6, "view": 4, "hash": "8WqYPi7RnJLtEHQ0we0AUFXAprYP7gJj7Cq2GuiCGb4="}
2022-11-27T05:00:40.991Z	INFO	replica=4	coded-hotterstuff/consensus.go:797	new block commited	{"CURRENT VIEW": 6, "view": 3, "hash": "cLFzFj8B5QK8hCmGW/OU2JuMGjA5BWSI/G1faUNJ6uM="}
2022-11-27T05:00:40.992Z	DEBUG	replica=4	coded-hotterstuff/consensus.go:678	proposal is safe to vote on	{"CURRENT VIEW": 5, "msg": "proposal", "header view": 6, "prepare view": 4, "hash": "kFp8+So3McG2yp/crA+UXLJ7e1+L/NadJHrbEZU+si4=", "parent": "jgrj6scOqMsv2tOI5ilebUQ0EAUbjhBGBRf6AbYZ3ZQ="}
Node  4 +1 block finalized at time:  2022-11-27 05:00:40.99456534 +0000 UTC m=+50.499537413
replica 4 is forwarding chunk to replica 0
replica 4 is forwarding chunk to replica 1
replica 4 is forwarding chunk to replica 2
replica 4 is forwarding chunk to replica 3
replica 4 is forwarding chunk to replica 5
Decoded original proposal, time: 2022-11-27 05:00:44.566111259 +0000 UTC m=+54.071083397 header hash: [144 90 124 249 42 55 49 193 182 202 159 220 172 15 148 92 178 123 123 95 139 252 214 157 36 122 219 17 149 62 178 46]
2022-11-27T05:00:44.566Z	DEBUG	replica=4	coded-hotterstuff/consensus.go:576	received proposal	{"CURRENT VIEW": 6, "msg": "proposal", "header view": 6, "prepare view": 5, "hash": "kFp8+So3McG2yp/crA+UXLJ7e1+L/NadJHrbEZU+si4=", "parent": "jgrj6scOqMsv2tOI5ilebUQ0EAUbjhBGBRf6AbYZ3ZQ="}
replica 4 is forwarding chunk to replica 0
replica 4 is forwarding chunk to replica 1
replica 4 is forwarding chunk to replica 2
replica 4 is forwarding chunk to replica 3
replica 4 is forwarding chunk to replica 5
Decoded original proposal, time: 2022-11-27 05:00:46.971602041 +0000 UTC m=+56.476574172 header hash: [144 90 124 249 42 55 49 193 182 202 159 220 172 15 148 92 178 123 123 95 139 252 214 157 36 122 219 17 149 62 178 46]
2022-11-27T05:00:46.971Z	DEBUG	replica=4	coded-hotterstuff/consensus.go:576	received proposal	{"CURRENT VIEW": 6, "msg": "proposal", "header view": 6, "prepare view": 5, "hash": "kFp8+So3McG2yp/crA+UXLJ7e1+L/NadJHrbEZU+si4=", "parent": "jgrj6scOqMsv2tOI5ilebUQ0EAUbjhBGBRf6AbYZ3ZQ="}
replica 4 is forwarding chunk to replica 1
replica 4 is forwarding chunk to replica 2
replica 4 is forwarding chunk to replica 3
replica 4 is forwarding chunk to replica 5
replica 4 is forwarding chunk to replica 6
Decoded original proposal, time: 2022-11-27 05:00:49.135190912 +0000 UTC m=+58.640163050 header hash: [82 186 70 5 171 170 163 31 242 237 216 214 91 95 174 96 9 56 150 120 198 10 139 98 230 188 67 131 78 157 60 15]
2022-11-27T05:00:49.135Z	DEBUG	replica=4	coded-hotterstuff/consensus.go:576	received proposal	{"CURRENT VIEW": 6, "msg": "proposal", "header view": 7, "prepare view": 5, "hash": "UrpGBauqox/y7djWW1+uYAk4lnjGCoti5rxDg06dPA8=", "parent": "kFp8+So3McG2yp/crA+UXLJ7e1+L/NadJHrbEZU+si4="}
2022-11-27T05:00:49.143Z	DEBUG	replica=4	coded-hotterstuff/consensus.go:809	new block certified	{"CURRENT VIEW": 6, "view": 6, "hash": "kFp8+So3McG2yp/crA+UXLJ7e1+L/NadJHrbEZU+si4="}
2022-11-27T05:00:49.143Z	DEBUG	replica=4	coded-hotterstuff/consensus.go:520	entered new view	{"CURRENT VIEW": 7, "view timeout": 2, "timedout": false}
2022-11-27T05:00:49.143Z	DEBUG	replica=4	coded-hotterstuff/consensus.go:788	new block locked	{"CURRENT VIEW": 7, "view": 5, "hash": "jgrj6scOqMsv2tOI5ilebUQ0EAUbjhBGBRf6AbYZ3ZQ="}
2022-11-27T05:00:49.143Z	INFO	replica=4	coded-hotterstuff/consensus.go:797	new block commited	{"CURRENT VIEW": 7, "view": 4, "hash": "8WqYPi7RnJLtEHQ0we0AUFXAprYP7gJj7Cq2GuiCGb4="}
2022-11-27T05:00:49.146Z	DEBUG	replica=4	coded-hotterstuff/consensus.go:678	proposal is safe to vote on	{"CURRENT VIEW": 6, "msg": "proposal", "header view": 7, "prepare view": 5, "hash": "UrpGBauqox/y7djWW1+uYAk4lnjGCoti5rxDg06dPA8=", "parent": "kFp8+So3McG2yp/crA+UXLJ7e1+L/NadJHrbEZU+si4="}
Node  4 +1 block finalized at time:  2022-11-27 05:00:49.148436117 +0000 UTC m=+58.653408186
replica 4 is forwarding chunk to replica 1
replica 4 is forwarding chunk to replica 2
replica 4 is forwarding chunk to replica 3
replica 4 is forwarding chunk to replica 5
replica 4 is forwarding chunk to replica 6
Decoded original proposal, time: 2022-11-27 05:00:52.237982627 +0000 UTC m=+61.742954764 header hash: [82 186 70 5 171 170 163 31 242 237 216 214 91 95 174 96 9 56 150 120 198 10 139 98 230 188 67 131 78 157 60 15]
2022-11-27T05:00:52.238Z	DEBUG	replica=4	coded-hotterstuff/consensus.go:576	received proposal	{"CURRENT VIEW": 7, "msg": "proposal", "header view": 7, "prepare view": 6, "hash": "UrpGBauqox/y7djWW1+uYAk4lnjGCoti5rxDg06dPA8=", "parent": "kFp8+So3McG2yp/crA+UXLJ7e1+L/NadJHrbEZU+si4="}
replica 4 is forwarding chunk to replica 1
replica 4 is forwarding chunk to replica 2
replica 4 is forwarding chunk to replica 3
replica 4 is forwarding chunk to replica 5
replica 4 is forwarding chunk to replica 6
replica 4 is forwarding chunk to replica 0
replica 4 is forwarding chunk to replica 2
replica 4 is forwarding chunk to replica 3
replica 4 is forwarding chunk to replica 5
replica 4 is forwarding chunk to replica 6
Decoded original proposal, time: 2022-11-27 05:00:54.831720804 +0000 UTC m=+64.336692948 header hash: [82 186 70 5 171 170 163 31 242 237 216 214 91 95 174 96 9 56 150 120 198 10 139 98 230 188 67 131 78 157 60 15]
2022-11-27T05:00:54.831Z	DEBUG	replica=4	coded-hotterstuff/consensus.go:576	received proposal	{"CURRENT VIEW": 7, "msg": "proposal", "header view": 7, "prepare view": 6, "hash": "UrpGBauqox/y7djWW1+uYAk4lnjGCoti5rxDg06dPA8=", "parent": "kFp8+So3McG2yp/crA+UXLJ7e1+L/NadJHrbEZU+si4="}
Decoded original proposal, time: 2022-11-27 05:00:55.988953775 +0000 UTC m=+65.493925907 header hash: [9 212 205 28 110 251 47 242 141 111 167 241 108 89 12 35 155 222 125 75 78 184 7 35 235 24 77 74 102 255 131 11]
2022-11-27T05:00:55.989Z	DEBUG	replica=4	coded-hotterstuff/consensus.go:576	received proposal	{"CURRENT VIEW": 7, "msg": "proposal", "header view": 8, "prepare view": 6, "hash": "CdTNHG77L/KNb6fxbFkMI5vefUtOuAcj6xhNSmb/gws=", "parent": "UrpGBauqox/y7djWW1+uYAk4lnjGCoti5rxDg06dPA8="}
2022-11-27T05:00:55.997Z	DEBUG	replica=4	coded-hotterstuff/consensus.go:809	new block certified	{"CURRENT VIEW": 7, "view": 7, "hash": "UrpGBauqox/y7djWW1+uYAk4lnjGCoti5rxDg06dPA8="}
2022-11-27T05:00:55.997Z	DEBUG	replica=4	coded-hotterstuff/consensus.go:520	entered new view	{"CURRENT VIEW": 8, "view timeout": 2, "timedout": false}
2022-11-27T05:00:55.997Z	DEBUG	replica=4	coded-hotterstuff/consensus.go:788	new block locked	{"CURRENT VIEW": 8, "view": 6, "hash": "kFp8+So3McG2yp/crA+UXLJ7e1+L/NadJHrbEZU+si4="}
2022-11-27T05:00:55.997Z	INFO	replica=4	coded-hotterstuff/consensus.go:797	new block commited	{"CURRENT VIEW": 8, "view": 5, "hash": "jgrj6scOqMsv2tOI5ilebUQ0EAUbjhBGBRf6AbYZ3ZQ="}
2022-11-27T05:00:55.998Z	DEBUG	replica=4	coded-hotterstuff/consensus.go:678	proposal is safe to vote on	{"CURRENT VIEW": 7, "msg": "proposal", "header view": 8, "prepare view": 6, "hash": "CdTNHG77L/KNb6fxbFkMI5vefUtOuAcj6xhNSmb/gws=", "parent": "UrpGBauqox/y7djWW1+uYAk4lnjGCoti5rxDg06dPA8="}
Node  4 +1 block finalized at time:  2022-11-27 05:00:56.000897314 +0000 UTC m=+65.505869410
replica 4 is forwarding chunk to replica 0
replica 4 is forwarding chunk to replica 2
replica 4 is forwarding chunk to replica 3
replica 4 is forwarding chunk to replica 5
replica 4 is forwarding chunk to replica 6
Decoded original proposal, time: 2022-11-27 05:00:57.950372214 +0000 UTC m=+67.455344345 header hash: [9 212 205 28 110 251 47 242 141 111 167 241 108 89 12 35 155 222 125 75 78 184 7 35 235 24 77 74 102 255 131 11]
2022-11-27T05:00:57.950Z	DEBUG	replica=4	coded-hotterstuff/consensus.go:576	received proposal	{"CURRENT VIEW": 8, "msg": "proposal", "header view": 8, "prepare view": 7, "hash": "CdTNHG77L/KNb6fxbFkMI5vefUtOuAcj6xhNSmb/gws=", "parent": "UrpGBauqox/y7djWW1+uYAk4lnjGCoti5rxDg06dPA8="}
replica 4 is forwarding chunk to replica 0
replica 4 is forwarding chunk to replica 2
replica 4 is forwarding chunk to replica 3
replica 4 is forwarding chunk to replica 5
replica 4 is forwarding chunk to replica 6
replica 4 is forwarding chunk to replica 0
replica 4 is forwarding chunk to replica 1
replica 4 is forwarding chunk to replica 3
replica 4 is forwarding chunk to replica 5
replica 4 is forwarding chunk to replica 6
replica 4 is forwarding chunk to replica 0
replica 4 is forwarding chunk to replica 1
replica 4 is forwarding chunk to replica 3
replica 4 is forwarding chunk to replica 5
replica 4 is forwarding chunk to replica 6
replica 4 is forwarding chunk to replica 0
replica 4 is forwarding chunk to replica 1
replica 4 is forwarding chunk to replica 3
replica 4 is forwarding chunk to replica 5
replica 4 is forwarding chunk to replica 6
Decoded original proposal, time: 2022-11-27 05:01:02.671273963 +0000 UTC m=+72.176246106 header hash: [9 212 205 28 110 251 47 242 141 111 167 241 108 89 12 35 155 222 125 75 78 184 7 35 235 24 77 74 102 255 131 11]
2022-11-27T05:01:02.671Z	DEBUG	replica=4	coded-hotterstuff/consensus.go:576	received proposal	{"CURRENT VIEW": 8, "msg": "proposal", "header view": 8, "prepare view": 7, "hash": "CdTNHG77L/KNb6fxbFkMI5vefUtOuAcj6xhNSmb/gws=", "parent": "UrpGBauqox/y7djWW1+uYAk4lnjGCoti5rxDg06dPA8="}
Decoded original proposal, time: 2022-11-27 05:01:04.418094473 +0000 UTC m=+73.923066606 header hash: [75 152 239 23 193 229 152 187 193 198 49 17 94 0 66 98 109 76 252 99 208 6 227 177 121 255 81 193 174 84 93 16]
2022-11-27T05:01:04.418Z	DEBUG	replica=4	coded-hotterstuff/consensus.go:576	received proposal	{"CURRENT VIEW": 8, "msg": "proposal", "header view": 9, "prepare view": 7, "hash": "S5jvF8HlmLvBxjERXgBCYm1M/GPQBuOxef9Rwa5UXRA=", "parent": "CdTNHG77L/KNb6fxbFkMI5vefUtOuAcj6xhNSmb/gws="}
2022-11-27T05:01:04.425Z	DEBUG	replica=4	coded-hotterstuff/consensus.go:809	new block certified	{"CURRENT VIEW": 8, "view": 8, "hash": "CdTNHG77L/KNb6fxbFkMI5vefUtOuAcj6xhNSmb/gws="}
2022-11-27T05:01:04.425Z	DEBUG	replica=4	coded-hotterstuff/consensus.go:520	entered new view	{"CURRENT VIEW": 9, "view timeout": 2, "timedout": false}
2022-11-27T05:01:04.426Z	DEBUG	replica=4	coded-hotterstuff/consensus.go:788	new block locked	{"CURRENT VIEW": 9, "view": 7, "hash": "UrpGBauqox/y7djWW1+uYAk4lnjGCoti5rxDg06dPA8="}
2022-11-27T05:01:04.426Z	INFO	replica=4	coded-hotterstuff/consensus.go:797	new block commited	{"CURRENT VIEW": 9, "view": 6, "hash": "kFp8+So3McG2yp/crA+UXLJ7e1+L/NadJHrbEZU+si4="}
2022-11-27T05:01:04.426Z	DEBUG	replica=4	coded-hotterstuff/consensus.go:678	proposal is safe to vote on	{"CURRENT VIEW": 8, "msg": "proposal", "header view": 9, "prepare view": 7, "hash": "S5jvF8HlmLvBxjERXgBCYm1M/GPQBuOxef9Rwa5UXRA=", "parent": "CdTNHG77L/KNb6fxbFkMI5vefUtOuAcj6xhNSmb/gws="}
Node  4 +1 block finalized at time:  2022-11-27 05:01:04.429780439 +0000 UTC m=+73.934752531
Decoded original proposal, time: 2022-11-27 05:01:05.791301431 +0000 UTC m=+75.296273568 header hash: [75 152 239 23 193 229 152 187 193 198 49 17 94 0 66 98 109 76 252 99 208 6 227 177 121 255 81 193 174 84 93 16]
2022-11-27T05:01:05.791Z	DEBUG	replica=4	coded-hotterstuff/consensus.go:576	received proposal	{"CURRENT VIEW": 9, "msg": "proposal", "header view": 9, "prepare view": 8, "hash": "S5jvF8HlmLvBxjERXgBCYm1M/GPQBuOxef9Rwa5UXRA=", "parent": "CdTNHG77L/KNb6fxbFkMI5vefUtOuAcj6xhNSmb/gws="}
Decoded original proposal, time: 2022-11-27 05:01:08.72092642 +0000 UTC m=+78.225898509 header hash: [75 152 239 23 193 229 152 187 193 198 49 17 94 0 66 98 109 76 252 99 208 6 227 177 121 255 81 193 174 84 93 16]
2022-11-27T05:01:08.721Z	DEBUG	replica=4	coded-hotterstuff/consensus.go:576	received proposal	{"CURRENT VIEW": 9, "msg": "proposal", "header view": 9, "prepare view": 8, "hash": "S5jvF8HlmLvBxjERXgBCYm1M/GPQBuOxef9Rwa5UXRA=", "parent": "CdTNHG77L/KNb6fxbFkMI5vefUtOuAcj6xhNSmb/gws="}
replica 4 is forwarding chunk to replica 0
replica 4 is forwarding chunk to replica 1
replica 4 is forwarding chunk to replica 2
replica 4 is forwarding chunk to replica 5
replica 4 is forwarding chunk to replica 6
2022-11-27T05:01:08.977Z	DEBUG	replica=4	coded-hotterstuff/consensus.go:965	received vote	{"CURRENT VIEW": 9, "msg": "vote", "voter": 3, "view": 9, "hash": "Gymi6tg4A5LZy8aiMG6k221RFpMttMcj9dlrzPCBVG4="}
Node  4  received vote before proposal, saving vote in pending votes, hash is  [27 41 162 234 216 56 3 146 217 203 198 162 48 110 164 219 109 81 22 147 45 180 199 35 245 217 107 204 240 129 84 110]  and string is,  10
2022-11-27T05:01:08.977Z	DEBUG	replica=4	coded-hotterstuff/consensus.go:970	Received vote before proposal, key is, 10	{"CURRENT VIEW": 9}
Decoded original proposal, time: 2022-11-27 05:01:10.368570596 +0000 UTC m=+79.873542725 header hash: [27 41 162 234 216 56 3 146 217 203 198 162 48 110 164 219 109 81 22 147 45 180 199 35 245 217 107 204 240 129 84 110]
2022-11-27T05:01:10.368Z	DEBUG	replica=4	coded-hotterstuff/consensus.go:576	received proposal	{"CURRENT VIEW": 9, "msg": "proposal", "header view": 10, "prepare view": 8, "hash": "Gymi6tg4A5LZy8aiMG6k221RFpMttMcj9dlrzPCBVG4=", "parent": "S5jvF8HlmLvBxjERXgBCYm1M/GPQBuOxef9Rwa5UXRA="}
2022-11-27T05:01:10.376Z	DEBUG	replica=4	coded-hotterstuff/consensus.go:809	new block certified	{"CURRENT VIEW": 9, "view": 9, "hash": "S5jvF8HlmLvBxjERXgBCYm1M/GPQBuOxef9Rwa5UXRA="}
2022-11-27T05:01:10.376Z	DEBUG	replica=4	coded-hotterstuff/consensus.go:520	entered new view	{"CURRENT VIEW": 10, "view timeout": 2, "timedout": false}
2022-11-27T05:01:10.376Z	DEBUG	replica=4	coded-hotterstuff/consensus.go:535	replica is a leader for next view. collecting new-view messages	{"CURRENT VIEW": 10}
2022-11-27T05:01:10.376Z	DEBUG	replica=4	coded-hotterstuff/consensus.go:788	new block locked	{"CURRENT VIEW": 10, "view": 8, "hash": "CdTNHG77L/KNb6fxbFkMI5vefUtOuAcj6xhNSmb/gws="}
2022-11-27T05:01:10.376Z	INFO	replica=4	coded-hotterstuff/consensus.go:797	new block commited	{"CURRENT VIEW": 10, "view": 7, "hash": "UrpGBauqox/y7djWW1+uYAk4lnjGCoti5rxDg06dPA8="}
2022-11-27T05:01:10.377Z	DEBUG	replica=4	coded-hotterstuff/consensus.go:678	proposal is safe to vote on	{"CURRENT VIEW": 9, "msg": "proposal", "header view": 10, "prepare view": 8, "hash": "Gymi6tg4A5LZy8aiMG6k221RFpMttMcj9dlrzPCBVG4=", "parent": "S5jvF8HlmLvBxjERXgBCYm1M/GPQBuOxef9Rwa5UXRA="}
2022-11-27T05:01:10.377Z	DEBUG	replica=4	coded-hotterstuff/consensus.go:758	Taking care of pending vote 10	{"CURRENT VIEW": 10}
2022-11-27T05:01:10.377Z	DEBUG	replica=4	coded-hotterstuff/consensus.go:965	received vote	{"CURRENT VIEW": 10, "msg": "vote", "voter": 3, "view": 10, "hash": "Gymi6tg4A5LZy8aiMG6k221RFpMttMcj9dlrzPCBVG4="}
2022-11-27T05:01:10.383Z	DEBUG	replica=4	coded-hotterstuff/consensus.go:965	received vote	{"CURRENT VIEW": 10, "msg": "vote", "voter": 4, "view": 10, "hash": "Gymi6tg4A5LZy8aiMG6k221RFpMttMcj9dlrzPCBVG4="}
Node  4 +1 block finalized at time:  2022-11-27 05:01:10.389436239 +0000 UTC m=+79.894408323
2022-11-27T05:01:11.612Z	DEBUG	replica=4	coded-hotterstuff/consensus.go:965	received vote	{"CURRENT VIEW": 10, "msg": "vote", "voter": 0, "view": 10, "hash": "Gymi6tg4A5LZy8aiMG6k221RFpMttMcj9dlrzPCBVG4="}
2022-11-27T05:01:11.638Z	DEBUG	replica=4	coded-hotterstuff/consensus.go:965	received vote	{"CURRENT VIEW": 10, "msg": "vote", "voter": 1, "view": 10, "hash": "Gymi6tg4A5LZy8aiMG6k221RFpMttMcj9dlrzPCBVG4="}
2022-11-27T05:01:11.799Z	DEBUG	replica=4	coded-hotterstuff/consensus.go:965	received vote	{"CURRENT VIEW": 10, "msg": "vote", "voter": 6, "view": 10, "hash": "Gymi6tg4A5LZy8aiMG6k221RFpMttMcj9dlrzPCBVG4="}
2022-11-27T05:01:11.804Z	DEBUG	replica=4	coded-hotterstuff/consensus.go:809	new block certified	{"CURRENT VIEW": 10, "view": 10, "hash": "Gymi6tg4A5LZy8aiMG6k221RFpMttMcj9dlrzPCBVG4="}
2022-11-27T05:01:11.804Z	DEBUG	replica=4	coded-hotterstuff/consensus.go:520	entered new view	{"CURRENT VIEW": 11, "view timeout": 2, "timedout": false}
2022-11-27T05:01:11.804Z	DEBUG	replica=4	coded-hotterstuff/consensus.go:544	replica is a leader for this view. waiting for data	{"CURRENT VIEW": 11}
2022-11-27T05:01:11.804Z	DEBUG	replica=4	coded-hotterstuff/consensus.go:520	entered new view	{"CURRENT VIEW": 11, "view timeout": 2, "timedout": false}
2022-11-27T05:01:11.804Z	DEBUG	replica=4	coded-hotterstuff/consensus.go:544	replica is a leader for this view. waiting for data	{"CURRENT VIEW": 11}
2022-11-27T05:01:11.808Z	DEBUG	replica=4	coded-hotterstuff/consensus.go:238	sending proposal	{"CURRENT VIEW": 11, "hash": "JHDKbuvn/qlEbMiFGVnXE7z7VfFJm3NDC7AQEWpkt3w=", "parent": "Gymi6tg4A5LZy8aiMG6k221RFpMttMcj9dlrzPCBVG4=", "signer": 4}
2022-11-27T05:01:11.810Z	DEBUG	replica=4	coded-hotterstuff/consensus.go:576	received proposal	{"CURRENT VIEW": 11, "msg": "proposal", "header view": 11, "prepare view": 10, "hash": "JHDKbuvn/qlEbMiFGVnXE7z7VfFJm3NDC7AQEWpkt3w=", "parent": "Gymi6tg4A5LZy8aiMG6k221RFpMttMcj9dlrzPCBVG4="}
2022-11-27T05:01:11.818Z	DEBUG	replica=4	coded-hotterstuff/consensus.go:788	new block locked	{"CURRENT VIEW": 11, "view": 9, "hash": "S5jvF8HlmLvBxjERXgBCYm1M/GPQBuOxef9Rwa5UXRA="}
2022-11-27T05:01:11.818Z	INFO	replica=4	coded-hotterstuff/consensus.go:797	new block commited	{"CURRENT VIEW": 11, "view": 8, "hash": "CdTNHG77L/KNb6fxbFkMI5vefUtOuAcj6xhNSmb/gws="}
2022-11-27T05:01:11.819Z	DEBUG	replica=4	coded-hotterstuff/consensus.go:678	proposal is safe to vote on	{"CURRENT VIEW": 11, "msg": "proposal", "header view": 11, "prepare view": 10, "hash": "JHDKbuvn/qlEbMiFGVnXE7z7VfFJm3NDC7AQEWpkt3w=", "parent": "Gymi6tg4A5LZy8aiMG6k221RFpMttMcj9dlrzPCBVG4="}
Node  4 +1 block finalized at time:  2022-11-27 05:01:11.821119011 +0000 UTC m=+81.326091098
2022-11-27T05:01:12.267Z	DEBUG	replica=4	coded-hotterstuff/consensus.go:965	received vote	{"CURRENT VIEW": 11, "msg": "vote", "voter": 5, "view": 11, "hash": "Gymi6tg4A5LZy8aiMG6k221RFpMttMcj9dlrzPCBVG4="}
2022-11-27T05:01:12.273Z	DEBUG	replica=4	coded-hotterstuff/consensus.go:520	entered new view	{"CURRENT VIEW": 11, "view timeout": 2, "timedout": false}
2022-11-27T05:01:12.273Z	DEBUG	replica=4	coded-hotterstuff/consensus.go:544	replica is a leader for this view. waiting for data	{"CURRENT VIEW": 11}
2022-11-27T05:01:12.276Z	DEBUG	replica=4	coded-hotterstuff/consensus.go:238	sending proposal	{"CURRENT VIEW": 11, "hash": "JHDKbuvn/qlEbMiFGVnXE7z7VfFJm3NDC7AQEWpkt3w=", "parent": "Gymi6tg4A5LZy8aiMG6k221RFpMttMcj9dlrzPCBVG4=", "signer": 4}
2022-11-27T05:01:12.277Z	DEBUG	replica=4	coded-hotterstuff/consensus.go:576	received proposal	{"CURRENT VIEW": 11, "msg": "proposal", "header view": 11, "prepare view": 10, "hash": "JHDKbuvn/qlEbMiFGVnXE7z7VfFJm3NDC7AQEWpkt3w=", "parent": "Gymi6tg4A5LZy8aiMG6k221RFpMttMcj9dlrzPCBVG4="}
2022-11-27T05:01:12.912Z	DEBUG	replica=4	coded-hotterstuff/consensus.go:965	received vote	{"CURRENT VIEW": 11, "msg": "vote", "voter": 2, "view": 11, "hash": "Gymi6tg4A5LZy8aiMG6k221RFpMttMcj9dlrzPCBVG4="}
2022-11-27T05:01:12.917Z	DEBUG	replica=4	coded-hotterstuff/consensus.go:520	entered new view	{"CURRENT VIEW": 11, "view timeout": 2, "timedout": false}
2022-11-27T05:01:12.917Z	DEBUG	replica=4	coded-hotterstuff/consensus.go:544	replica is a leader for this view. waiting for data	{"CURRENT VIEW": 11}
2022-11-27T05:01:12.921Z	DEBUG	replica=4	coded-hotterstuff/consensus.go:238	sending proposal	{"CURRENT VIEW": 11, "hash": "JHDKbuvn/qlEbMiFGVnXE7z7VfFJm3NDC7AQEWpkt3w=", "parent": "Gymi6tg4A5LZy8aiMG6k221RFpMttMcj9dlrzPCBVG4=", "signer": 4}
2022-11-27T05:01:12.922Z	DEBUG	replica=4	coded-hotterstuff/consensus.go:576	received proposal	{"CURRENT VIEW": 11, "msg": "proposal", "header view": 11, "prepare view": 10, "hash": "JHDKbuvn/qlEbMiFGVnXE7z7VfFJm3NDC7AQEWpkt3w=", "parent": "Gymi6tg4A5LZy8aiMG6k221RFpMttMcj9dlrzPCBVG4="}
replica 4 is forwarding chunk to replica 0
replica 4 is forwarding chunk to replica 1
replica 4 is forwarding chunk to replica 2
replica 4 is forwarding chunk to replica 5
replica 4 is forwarding chunk to replica 6
Decoded original proposal, time: 2022-11-27 05:01:14.990585965 +0000 UTC m=+84.495558114 header hash: [27 41 162 234 216 56 3 146 217 203 198 162 48 110 164 219 109 81 22 147 45 180 199 35 245 217 107 204 240 129 84 110]
2022-11-27T05:01:14.990Z	DEBUG	replica=4	coded-hotterstuff/consensus.go:576	received proposal	{"CURRENT VIEW": 11, "msg": "proposal", "header view": 10, "prepare view": 10, "hash": "Gymi6tg4A5LZy8aiMG6k221RFpMttMcj9dlrzPCBVG4=", "parent": "S5jvF8HlmLvBxjERXgBCYm1M/GPQBuOxef9Rwa5UXRA="}
2022-11-27T05:01:14.998Z	DEBUG	replica=4	coded-hotterstuff/consensus.go:667	proposal view doesn't match local view	{"CURRENT VIEW": 11, "msg": "proposal", "header view": 10, "prepare view": 10, "hash": "Gymi6tg4A5LZy8aiMG6k221RFpMttMcj9dlrzPCBVG4=", "parent": "S5jvF8HlmLvBxjERXgBCYm1M/GPQBuOxef9Rwa5UXRA="}
Decoded original proposal, time: 2022-11-27 05:01:17.849866464 +0000 UTC m=+87.354838593 header hash: [27 41 162 234 216 56 3 146 217 203 198 162 48 110 164 219 109 81 22 147 45 180 199 35 245 217 107 204 240 129 84 110]
2022-11-27T05:01:17.849Z	DEBUG	replica=4	coded-hotterstuff/consensus.go:576	received proposal	{"CURRENT VIEW": 11, "msg": "proposal", "header view": 10, "prepare view": 10, "hash": "Gymi6tg4A5LZy8aiMG6k221RFpMttMcj9dlrzPCBVG4=", "parent": "S5jvF8HlmLvBxjERXgBCYm1M/GPQBuOxef9Rwa5UXRA="}
2022-11-27T05:01:17.857Z	DEBUG	replica=4	coded-hotterstuff/consensus.go:667	proposal view doesn't match local view	{"CURRENT VIEW": 11, "msg": "proposal", "header view": 10, "prepare view": 10, "hash": "Gymi6tg4A5LZy8aiMG6k221RFpMttMcj9dlrzPCBVG4=", "parent": "S5jvF8HlmLvBxjERXgBCYm1M/GPQBuOxef9Rwa5UXRA="}
replica 4 is forwarding chunk to replica 0
replica 4 is forwarding chunk to replica 1
replica 4 is forwarding chunk to replica 2
replica 4 is forwarding chunk to replica 5
replica 4 is forwarding chunk to replica 6
replica 4 is forwarding chunk to replica 0
replica 4 is forwarding chunk to replica 1
replica 4 is forwarding chunk to replica 2
replica 4 is forwarding chunk to replica 3
replica 4 is forwarding chunk to replica 6
replica 4 is forwarding chunk to replica 0
replica 4 is forwarding chunk to replica 1
replica 4 is forwarding chunk to replica 2
replica 4 is forwarding chunk to replica 3
replica 4 is forwarding chunk to replica 6
replica 4 is forwarding chunk to replica 0
replica 4 is forwarding chunk to replica 1
replica 4 is forwarding chunk to replica 2
replica 4 is forwarding chunk to replica 3
replica 4 is forwarding chunk to replica 6
Decoded original proposal, time: 2022-11-27 05:01:27.160449267 +0000 UTC m=+96.665421399 header hash: [225 164 165 204 236 180 59 151 178 38 118 190 136 53 193 22 146 46 81 162 175 160 6 50 132 174 159 221 166 0 223 96]
2022-11-27T05:01:27.160Z	DEBUG	replica=4	coded-hotterstuff/consensus.go:576	received proposal	{"CURRENT VIEW": 11, "msg": "proposal", "header view": 12, "prepare view": 10, "hash": "4aSlzOy0O5eyJna+iDXBFpIuUaKvoAYyhK6f3aYA32A=", "parent": "JHDKbuvn/qlEbMiFGVnXE7z7VfFJm3NDC7AQEWpkt3w="}
2022-11-27T05:01:27.168Z	DEBUG	replica=4	coded-hotterstuff/consensus.go:809	new block certified	{"CURRENT VIEW": 11, "view": 11, "hash": "JHDKbuvn/qlEbMiFGVnXE7z7VfFJm3NDC7AQEWpkt3w="}
2022-11-27T05:01:27.168Z	DEBUG	replica=4	coded-hotterstuff/consensus.go:520	entered new view	{"CURRENT VIEW": 12, "view timeout": 2, "timedout": false}
2022-11-27T05:01:27.168Z	DEBUG	replica=4	coded-hotterstuff/consensus.go:788	new block locked	{"CURRENT VIEW": 12, "view": 10, "hash": "Gymi6tg4A5LZy8aiMG6k221RFpMttMcj9dlrzPCBVG4="}
2022-11-27T05:01:27.168Z	INFO	replica=4	coded-hotterstuff/consensus.go:797	new block commited	{"CURRENT VIEW": 12, "view": 9, "hash": "S5jvF8HlmLvBxjERXgBCYm1M/GPQBuOxef9Rwa5UXRA="}
2022-11-27T05:01:27.168Z	DEBUG	replica=4	coded-hotterstuff/consensus.go:678	proposal is safe to vote on	{"CURRENT VIEW": 11, "msg": "proposal", "header view": 12, "prepare view": 10, "hash": "4aSlzOy0O5eyJna+iDXBFpIuUaKvoAYyhK6f3aYA32A=", "parent": "JHDKbuvn/qlEbMiFGVnXE7z7VfFJm3NDC7AQEWpkt3w="}
Node  4 +1 block finalized at time:  2022-11-27 05:01:27.171111503 +0000 UTC m=+96.676083576
Decoded original proposal, time: 2022-11-27 05:01:29.148523371 +0000 UTC m=+98.653495505 header hash: [225 164 165 204 236 180 59 151 178 38 118 190 136 53 193 22 146 46 81 162 175 160 6 50 132 174 159 221 166 0 223 96]
2022-11-27T05:01:29.148Z	DEBUG	replica=4	coded-hotterstuff/consensus.go:576	received proposal	{"CURRENT VIEW": 12, "msg": "proposal", "header view": 12, "prepare view": 11, "hash": "4aSlzOy0O5eyJna+iDXBFpIuUaKvoAYyhK6f3aYA32A=", "parent": "JHDKbuvn/qlEbMiFGVnXE7z7VfFJm3NDC7AQEWpkt3w="}
replica 4 is forwarding chunk to replica 0
replica 4 is forwarding chunk to replica 1
replica 4 is forwarding chunk to replica 2
replica 4 is forwarding chunk to replica 3
replica 4 is forwarding chunk to replica 5
replica 4 is forwarding chunk to replica 0
replica 4 is forwarding chunk to replica 1
replica 4 is forwarding chunk to replica 2
replica 4 is forwarding chunk to replica 3
replica 4 is forwarding chunk to replica 5
Decoded original proposal, time: 2022-11-27 05:01:33.122235992 +0000 UTC m=+102.627208124 header hash: [55 71 12 88 170 89 30 100 228 23 243 137 27 6 133 29 78 24 217 198 107 27 88 123 223 127 133 219 145 253 87 161]
2022-11-27T05:01:33.122Z	DEBUG	replica=4	coded-hotterstuff/consensus.go:576	received proposal	{"CURRENT VIEW": 12, "msg": "proposal", "header view": 13, "prepare view": 11, "hash": "N0cMWKpZHmTkF/OJGwaFHU4Y2cZrG1h733+F25H9V6E=", "parent": "4aSlzOy0O5eyJna+iDXBFpIuUaKvoAYyhK6f3aYA32A="}
2022-11-27T05:01:33.130Z	DEBUG	replica=4	coded-hotterstuff/consensus.go:809	new block certified	{"CURRENT VIEW": 12, "view": 12, "hash": "4aSlzOy0O5eyJna+iDXBFpIuUaKvoAYyhK6f3aYA32A="}
2022-11-27T05:01:33.130Z	DEBUG	replica=4	coded-hotterstuff/consensus.go:520	entered new view	{"CURRENT VIEW": 13, "view timeout": 2, "timedout": false}
2022-11-27T05:01:33.130Z	DEBUG	replica=4	coded-hotterstuff/consensus.go:788	new block locked	{"CURRENT VIEW": 13, "view": 11, "hash": "JHDKbuvn/qlEbMiFGVnXE7z7VfFJm3NDC7AQEWpkt3w="}
2022-11-27T05:01:33.130Z	INFO	replica=4	coded-hotterstuff/consensus.go:797	new block commited	{"CURRENT VIEW": 13, "view": 10, "hash": "Gymi6tg4A5LZy8aiMG6k221RFpMttMcj9dlrzPCBVG4="}
2022-11-27T05:01:33.132Z	DEBUG	replica=4	coded-hotterstuff/consensus.go:678	proposal is safe to vote on	{"CURRENT VIEW": 12, "msg": "proposal", "header view": 13, "prepare view": 11, "hash": "N0cMWKpZHmTkF/OJGwaFHU4Y2cZrG1h733+F25H9V6E=", "parent": "4aSlzOy0O5eyJna+iDXBFpIuUaKvoAYyhK6f3aYA32A="}
Node  4 +1 block finalized at time:  2022-11-27 05:01:33.13422796 +0000 UTC m=+102.639200040
Decoded original proposal, time: 2022-11-27 05:01:34.015794126 +0000 UTC m=+103.520766258 header hash: [225 164 165 204 236 180 59 151 178 38 118 190 136 53 193 22 146 46 81 162 175 160 6 50 132 174 159 221 166 0 223 96]
2022-11-27T05:01:34.015Z	DEBUG	replica=4	coded-hotterstuff/consensus.go:576	received proposal	{"CURRENT VIEW": 13, "msg": "proposal", "header view": 12, "prepare view": 12, "hash": "4aSlzOy0O5eyJna+iDXBFpIuUaKvoAYyhK6f3aYA32A=", "parent": "JHDKbuvn/qlEbMiFGVnXE7z7VfFJm3NDC7AQEWpkt3w="}
2022-11-27T05:01:34.023Z	DEBUG	replica=4	coded-hotterstuff/consensus.go:667	proposal view doesn't match local view	{"CURRENT VIEW": 13, "msg": "proposal", "header view": 12, "prepare view": 12, "hash": "4aSlzOy0O5eyJna+iDXBFpIuUaKvoAYyhK6f3aYA32A=", "parent": "JHDKbuvn/qlEbMiFGVnXE7z7VfFJm3NDC7AQEWpkt3w="}
Decoded original proposal, time: 2022-11-27 05:01:35.205393855 +0000 UTC m=+104.710365988 header hash: [55 71 12 88 170 89 30 100 228 23 243 137 27 6 133 29 78 24 217 198 107 27 88 123 223 127 133 219 145 253 87 161]
2022-11-27T05:01:35.205Z	DEBUG	replica=4	coded-hotterstuff/consensus.go:576	received proposal	{"CURRENT VIEW": 13, "msg": "proposal", "header view": 13, "prepare view": 12, "hash": "N0cMWKpZHmTkF/OJGwaFHU4Y2cZrG1h733+F25H9V6E=", "parent": "4aSlzOy0O5eyJna+iDXBFpIuUaKvoAYyhK6f3aYA32A="}
replica 4 is forwarding chunk to replica 0
replica 4 is forwarding chunk to replica 1
replica 4 is forwarding chunk to replica 2
replica 4 is forwarding chunk to replica 3
replica 4 is forwarding chunk to replica 5
Decoded original proposal, time: 2022-11-27 05:01:39.864070162 +0000 UTC m=+109.369042293 header hash: [55 71 12 88 170 89 30 100 228 23 243 137 27 6 133 29 78 24 217 198 107 27 88 123 223 127 133 219 145 253 87 161]
2022-11-27T05:01:39.864Z	DEBUG	replica=4	coded-hotterstuff/consensus.go:576	received proposal	{"CURRENT VIEW": 13, "msg": "proposal", "header view": 13, "prepare view": 12, "hash": "N0cMWKpZHmTkF/OJGwaFHU4Y2cZrG1h733+F25H9V6E=", "parent": "4aSlzOy0O5eyJna+iDXBFpIuUaKvoAYyhK6f3aYA32A="}
replica 4 is forwarding chunk to replica 1
replica 4 is forwarding chunk to replica 2
replica 4 is forwarding chunk to replica 3
replica 4 is forwarding chunk to replica 5
replica 4 is forwarding chunk to replica 6
Decoded original proposal, time: 2022-11-27 05:01:42.272926726 +0000 UTC m=+111.777898869 header hash: [179 79 157 9 84 57 195 200 132 217 159 131 10 204 29 20 183 79 241 0 252 79 239 189 106 39 9 193 130 153 110 137]
2022-11-27T05:01:42.272Z	DEBUG	replica=4	coded-hotterstuff/consensus.go:576	received proposal	{"CURRENT VIEW": 13, "msg": "proposal", "header view": 14, "prepare view": 12, "hash": "s0+dCVQ5w8iE2Z+DCswdFLdP8QD8T++9aicJwYKZbok=", "parent": "N0cMWKpZHmTkF/OJGwaFHU4Y2cZrG1h733+F25H9V6E="}
2022-11-27T05:01:42.280Z	DEBUG	replica=4	coded-hotterstuff/consensus.go:809	new block certified	{"CURRENT VIEW": 13, "view": 13, "hash": "N0cMWKpZHmTkF/OJGwaFHU4Y2cZrG1h733+F25H9V6E="}
2022-11-27T05:01:42.280Z	DEBUG	replica=4	coded-hotterstuff/consensus.go:520	entered new view	{"CURRENT VIEW": 14, "view timeout": 2, "timedout": false}
2022-11-27T05:01:42.280Z	DEBUG	replica=4	coded-hotterstuff/consensus.go:788	new block locked	{"CURRENT VIEW": 14, "view": 12, "hash": "4aSlzOy0O5eyJna+iDXBFpIuUaKvoAYyhK6f3aYA32A="}
2022-11-27T05:01:42.280Z	INFO	replica=4	coded-hotterstuff/consensus.go:797	new block commited	{"CURRENT VIEW": 14, "view": 11, "hash": "JHDKbuvn/qlEbMiFGVnXE7z7VfFJm3NDC7AQEWpkt3w="}
2022-11-27T05:01:42.282Z	DEBUG	replica=4	coded-hotterstuff/consensus.go:678	proposal is safe to vote on	{"CURRENT VIEW": 13, "msg": "proposal", "header view": 14, "prepare view": 12, "hash": "s0+dCVQ5w8iE2Z+DCswdFLdP8QD8T++9aicJwYKZbok=", "parent": "N0cMWKpZHmTkF/OJGwaFHU4Y2cZrG1h733+F25H9V6E="}
Node  4 +1 block finalized at time:  2022-11-27 05:01:42.285047222 +0000 UTC m=+111.790019297
replica 4 is forwarding chunk to replica 1
replica 4 is forwarding chunk to replica 2
replica 4 is forwarding chunk to replica 3
replica 4 is forwarding chunk to replica 5
replica 4 is forwarding chunk to replica 6
Decoded original proposal, time: 2022-11-27 05:01:44.279440832 +0000 UTC m=+113.784412962 header hash: [179 79 157 9 84 57 195 200 132 217 159 131 10 204 29 20 183 79 241 0 252 79 239 189 106 39 9 193 130 153 110 137]
2022-11-27T05:01:44.279Z	DEBUG	replica=4	coded-hotterstuff/consensus.go:576	received proposal	{"CURRENT VIEW": 14, "msg": "proposal", "header view": 14, "prepare view": 13, "hash": "s0+dCVQ5w8iE2Z+DCswdFLdP8QD8T++9aicJwYKZbok=", "parent": "N0cMWKpZHmTkF/OJGwaFHU4Y2cZrG1h733+F25H9V6E="}
replica 4 is forwarding chunk to replica 1
replica 4 is forwarding chunk to replica 2
replica 4 is forwarding chunk to replica 3
replica 4 is forwarding chunk to replica 5
replica 4 is forwarding chunk to replica 6
Decoded original proposal, time: 2022-11-27 05:01:46.667230132 +0000 UTC m=+116.172202222 header hash: [179 79 157 9 84 57 195 200 132 217 159 131 10 204 29 20 183 79 241 0 252 79 239 189 106 39 9 193 130 153 110 137]
2022-11-27T05:01:46.667Z	DEBUG	replica=4	coded-hotterstuff/consensus.go:576	received proposal	{"CURRENT VIEW": 14, "msg": "proposal", "header view": 14, "prepare view": 13, "hash": "s0+dCVQ5w8iE2Z+DCswdFLdP8QD8T++9aicJwYKZbok=", "parent": "N0cMWKpZHmTkF/OJGwaFHU4Y2cZrG1h733+F25H9V6E="}
