Node index: 6
node 6 initiating connection to 10.0.1.2:9001
node 6 initiating connection to 10.0.1.0:9000
node 6 initiating connection to 10.0.1.6:9003
node 6 initiating connection to 10.0.1.4:9002
node 6 initiating connection to 10.0.1.8:9004
node 6 initiating connection to 10.0.1.10:9005
2022-11-28T20:41:39.376Z	DEBUG	replica=6	coded-hotterstuff/consensus.go:220	entered new view	{"CURRENT VIEW": 1, "view timeout": 2, "timedout": false}
node 6 successfully initiated connection to 10.0.1.2:9001
node 6 successfully initiated connection to 10.0.1.0:9000
node 6 successfully initiated connection to 10.0.1.4:9002
node 6 successfully initiated connection to 10.0.1.6:9003
node 6 successfully initiated connection to 10.0.1.8:9004
node 6 successfully initiated connection to 10.0.1.10:9005
connection established 6 - 1
Node  6 -->  Listening for messages... 
connection established 6 - 0
Node  6 -->  Listening for messages... 
connection established 6 - 3
connection established 6 - 2
Node  6 -->  Listening for messages... 
Node  6 -->  Listening for messages... 
connection established 6 - 4
Node  6 -->  Listening for messages... 
connection established 6 - 5
Node  6 -->  Listening for messages... 
2022-11-28T20:41:40.327Z	DEBUG	replica=6	coded-hotterstuff/consensus.go:285	received proposal, called onProposal	{"CURRENT VIEW": 1, "msg": "proposal", "header view": 1, "prepare view": 0, "hash": "SKC06ZXnbItnYZVTxXLWgGtuTOc9zSoSvlJWhQRO6/8=", "parent": "GZWDhiYW+ib6TpJWRLDOftUd8y8ovAaEerQWDbefS7c="}
2022-11-28T20:41:40.339Z	DEBUG	replica=6	coded-hotterstuff/consensus.go:487	could not find gparent header	{"CURRENT VIEW": 1, "view": 0, "hash": "GZWDhiYW+ib6TpJWRLDOftUd8y8ovAaEerQWDbefS7c="}
2022-11-28T20:41:40.352Z	DEBUG	replica=6	coded-hotterstuff/consensus.go:392	proposal is safe to vote on	{"CURRENT VIEW": 1, "msg": "proposal", "header view": 1, "prepare view": 0, "hash": "SKC06ZXnbItnYZVTxXLWgGtuTOc9zSoSvlJWhQRO6/8=", "parent": "GZWDhiYW+ib6TpJWRLDOftUd8y8ovAaEerQWDbefS7c="}
2022-11-28T20:41:41.292Z	DEBUG	replica=6	coded-hotterstuff/consensus.go:285	received proposal, called onProposal	{"CURRENT VIEW": 1, "msg": "proposal", "header view": 2, "prepare view": 0, "hash": "cPBdTa7qQJueFGrjnuqGleZwFBh/lhGAlUWBfCr3UKs=", "parent": "SKC06ZXnbItnYZVTxXLWgGtuTOc9zSoSvlJWhQRO6/8="}
2022-11-28T20:41:41.328Z	DEBUG	replica=6	coded-hotterstuff/consensus.go:519	new block certified	{"CURRENT VIEW": 1, "view": 1, "hash": "SKC06ZXnbItnYZVTxXLWgGtuTOc9zSoSvlJWhQRO6/8="}
2022-11-28T20:41:41.328Z	DEBUG	replica=6	coded-hotterstuff/consensus.go:220	entered new view	{"CURRENT VIEW": 2, "view timeout": 2, "timedout": false}
2022-11-28T20:41:41.328Z	DEBUG	replica=6	coded-hotterstuff/consensus.go:492	could not find ggparent header	{"CURRENT VIEW": 2, "view": 0, "hash": "GZWDhiYW+ib6TpJWRLDOftUd8y8ovAaEerQWDbefS7c="}
2022-11-28T20:41:41.331Z	DEBUG	replica=6	coded-hotterstuff/consensus.go:392	proposal is safe to vote on	{"CURRENT VIEW": 1, "msg": "proposal", "header view": 2, "prepare view": 0, "hash": "cPBdTa7qQJueFGrjnuqGleZwFBh/lhGAlUWBfCr3UKs=", "parent": "SKC06ZXnbItnYZVTxXLWgGtuTOc9zSoSvlJWhQRO6/8="}
2022-11-28T20:41:42.270Z	DEBUG	replica=6	coded-hotterstuff/consensus.go:285	received proposal, called onProposal	{"CURRENT VIEW": 2, "msg": "proposal", "header view": 3, "prepare view": 1, "hash": "cLFzFj8B5QK8hCmGW/OU2JuMGjA5BWSI/G1faUNJ6uM=", "parent": "cPBdTa7qQJueFGrjnuqGleZwFBh/lhGAlUWBfCr3UKs="}
2022-11-28T20:41:42.283Z	DEBUG	replica=6	coded-hotterstuff/consensus.go:519	new block certified	{"CURRENT VIEW": 2, "view": 2, "hash": "cPBdTa7qQJueFGrjnuqGleZwFBh/lhGAlUWBfCr3UKs="}
2022-11-28T20:41:42.283Z	DEBUG	replica=6	coded-hotterstuff/consensus.go:220	entered new view	{"CURRENT VIEW": 3, "view timeout": 2, "timedout": false}
2022-11-28T20:41:42.283Z	DEBUG	replica=6	coded-hotterstuff/consensus.go:498	new block locked	{"CURRENT VIEW": 3, "view": 1, "hash": "SKC06ZXnbItnYZVTxXLWgGtuTOc9zSoSvlJWhQRO6/8="}
2022-11-28T20:41:42.294Z	DEBUG	replica=6	coded-hotterstuff/consensus.go:392	proposal is safe to vote on	{"CURRENT VIEW": 2, "msg": "proposal", "header view": 3, "prepare view": 1, "hash": "cLFzFj8B5QK8hCmGW/OU2JuMGjA5BWSI/G1faUNJ6uM=", "parent": "cPBdTa7qQJueFGrjnuqGleZwFBh/lhGAlUWBfCr3UKs="}
2022-11-28T20:41:42.769Z	DEBUG	replica=6	coded-hotterstuff/consensus.go:285	received proposal, called onProposal	{"CURRENT VIEW": 3, "msg": "proposal", "header view": 3, "prepare view": 2, "hash": "cLFzFj8B5QK8hCmGW/OU2JuMGjA5BWSI/G1faUNJ6uM=", "parent": "cPBdTa7qQJueFGrjnuqGleZwFBh/lhGAlUWBfCr3UKs="}
2022-11-28T20:41:43.220Z	DEBUG	replica=6	coded-hotterstuff/consensus.go:285	received proposal, called onProposal	{"CURRENT VIEW": 3, "msg": "proposal", "header view": 4, "prepare view": 2, "hash": "8WqYPi7RnJLtEHQ0we0AUFXAprYP7gJj7Cq2GuiCGb4=", "parent": "cLFzFj8B5QK8hCmGW/OU2JuMGjA5BWSI/G1faUNJ6uM="}
2022-11-28T20:41:43.234Z	DEBUG	replica=6	coded-hotterstuff/consensus.go:519	new block certified	{"CURRENT VIEW": 3, "view": 3, "hash": "cLFzFj8B5QK8hCmGW/OU2JuMGjA5BWSI/G1faUNJ6uM="}
2022-11-28T20:41:43.234Z	DEBUG	replica=6	coded-hotterstuff/consensus.go:220	entered new view	{"CURRENT VIEW": 4, "view timeout": 2, "timedout": false}
2022-11-28T20:41:43.234Z	DEBUG	replica=6	coded-hotterstuff/consensus.go:498	new block locked	{"CURRENT VIEW": 4, "view": 2, "hash": "cPBdTa7qQJueFGrjnuqGleZwFBh/lhGAlUWBfCr3UKs="}
2022-11-28T20:41:43.234Z	INFO	replica=6	coded-hotterstuff/consensus.go:507	new block commited	{"CURRENT VIEW": 4, "view": 1, "hash": "SKC06ZXnbItnYZVTxXLWgGtuTOc9zSoSvlJWhQRO6/8="}
2022-11-28T20:41:43.242Z	DEBUG	replica=6	coded-hotterstuff/consensus.go:392	proposal is safe to vote on	{"CURRENT VIEW": 3, "msg": "proposal", "header view": 4, "prepare view": 2, "hash": "8WqYPi7RnJLtEHQ0we0AUFXAprYP7gJj7Cq2GuiCGb4=", "parent": "cLFzFj8B5QK8hCmGW/OU2JuMGjA5BWSI/G1faUNJ6uM="}
Node  6 +1 block finalized at time:  2022-11-28 20:41:43.24923771 +0000 UTC m=+3.933667532
2022-11-28T20:41:44.197Z	DEBUG	replica=6	coded-hotterstuff/consensus.go:285	received proposal, called onProposal	{"CURRENT VIEW": 4, "msg": "proposal", "header view": 5, "prepare view": 3, "hash": "jgrj6scOqMsv2tOI5ilebUQ0EAUbjhBGBRf6AbYZ3ZQ=", "parent": "8WqYPi7RnJLtEHQ0we0AUFXAprYP7gJj7Cq2GuiCGb4="}
2022-11-28T20:41:44.211Z	DEBUG	replica=6	coded-hotterstuff/consensus.go:519	new block certified	{"CURRENT VIEW": 4, "view": 4, "hash": "8WqYPi7RnJLtEHQ0we0AUFXAprYP7gJj7Cq2GuiCGb4="}
2022-11-28T20:41:44.212Z	DEBUG	replica=6	coded-hotterstuff/consensus.go:220	entered new view	{"CURRENT VIEW": 5, "view timeout": 2, "timedout": false}
2022-11-28T20:41:44.212Z	DEBUG	replica=6	coded-hotterstuff/consensus.go:235	replica is a leader for next view. collecting new-view messages	{"CURRENT VIEW": 5}
2022-11-28T20:41:44.212Z	DEBUG	replica=6	coded-hotterstuff/consensus.go:498	new block locked	{"CURRENT VIEW": 5, "view": 3, "hash": "cLFzFj8B5QK8hCmGW/OU2JuMGjA5BWSI/G1faUNJ6uM="}
2022-11-28T20:41:44.212Z	INFO	replica=6	coded-hotterstuff/consensus.go:507	new block commited	{"CURRENT VIEW": 5, "view": 2, "hash": "cPBdTa7qQJueFGrjnuqGleZwFBh/lhGAlUWBfCr3UKs="}
2022-11-28T20:41:44.214Z	DEBUG	replica=6	coded-hotterstuff/consensus.go:392	proposal is safe to vote on	{"CURRENT VIEW": 4, "msg": "proposal", "header view": 5, "prepare view": 3, "hash": "jgrj6scOqMsv2tOI5ilebUQ0EAUbjhBGBRf6AbYZ3ZQ=", "parent": "8WqYPi7RnJLtEHQ0we0AUFXAprYP7gJj7Cq2GuiCGb4="}
2022-11-28T20:41:44.218Z	DEBUG	replica=6	coded-hotterstuff/consensus.go:676	received vote	{"CURRENT VIEW": 5, "msg": "vote", "voter": 6, "view": 5, "hash": "jgrj6scOqMsv2tOI5ilebUQ0EAUbjhBGBRf6AbYZ3ZQ="}
2022-11-28T20:41:44.223Z	DEBUG	replica=6	coded-hotterstuff/consensus.go:676	received vote	{"CURRENT VIEW": 5, "msg": "vote", "voter": 5, "view": 5, "hash": "jgrj6scOqMsv2tOI5ilebUQ0EAUbjhBGBRf6AbYZ3ZQ="}
Node  6 +1 block finalized at time:  2022-11-28 20:41:44.229611212 +0000 UTC m=+4.914041035
2022-11-28T20:41:44.248Z	DEBUG	replica=6	coded-hotterstuff/consensus.go:676	received vote	{"CURRENT VIEW": 5, "msg": "vote", "voter": 2, "view": 5, "hash": "jgrj6scOqMsv2tOI5ilebUQ0EAUbjhBGBRf6AbYZ3ZQ="}
2022-11-28T20:41:44.254Z	DEBUG	replica=6	coded-hotterstuff/consensus.go:676	received vote	{"CURRENT VIEW": 5, "msg": "vote", "voter": 3, "view": 5, "hash": "jgrj6scOqMsv2tOI5ilebUQ0EAUbjhBGBRf6AbYZ3ZQ="}
2022-11-28T20:41:44.259Z	DEBUG	replica=6	coded-hotterstuff/consensus.go:676	received vote	{"CURRENT VIEW": 5, "msg": "vote", "voter": 4, "view": 5, "hash": "jgrj6scOqMsv2tOI5ilebUQ0EAUbjhBGBRf6AbYZ3ZQ="}
2022-11-28T20:41:44.265Z	DEBUG	replica=6	coded-hotterstuff/consensus.go:519	new block certified	{"CURRENT VIEW": 5, "view": 5, "hash": "jgrj6scOqMsv2tOI5ilebUQ0EAUbjhBGBRf6AbYZ3ZQ="}
2022-11-28T20:41:44.265Z	DEBUG	replica=6	coded-hotterstuff/consensus.go:220	entered new view	{"CURRENT VIEW": 6, "view timeout": 2, "timedout": false}
2022-11-28T20:41:44.265Z	DEBUG	replica=6	coded-hotterstuff/consensus.go:244	replica is a leader for this view. waiting for data	{"CURRENT VIEW": 6}
2022-11-28T20:41:44.265Z	DEBUG	replica=6	coded-hotterstuff/consensus.go:220	entered new view	{"CURRENT VIEW": 6, "view timeout": 2, "timedout": false}
2022-11-28T20:41:44.265Z	DEBUG	replica=6	coded-hotterstuff/consensus.go:244	replica is a leader for this view. waiting for data	{"CURRENT VIEW": 6}
2022-11-28T20:41:44.268Z	DEBUG	replica=6	coded-hotterstuff/consensus.go:152	sending proposal	{"CURRENT VIEW": 6, "hash": "kFp8+So3McG2yp/crA+UXLJ7e1+L/NadJHrbEZU+si4=", "parent": "jgrj6scOqMsv2tOI5ilebUQ0EAUbjhBGBRf6AbYZ3ZQ=", "signer": 6}
2022-11-28T20:41:44.268Z	DEBUG	replica=6	coded-hotterstuff/consensus.go:285	received proposal, called onProposal	{"CURRENT VIEW": 6, "msg": "proposal", "header view": 6, "prepare view": 5, "hash": "kFp8+So3McG2yp/crA+UXLJ7e1+L/NadJHrbEZU+si4=", "parent": "jgrj6scOqMsv2tOI5ilebUQ0EAUbjhBGBRf6AbYZ3ZQ="}
2022-11-28T20:41:44.276Z	DEBUG	replica=6	coded-hotterstuff/consensus.go:498	new block locked	{"CURRENT VIEW": 6, "view": 4, "hash": "8WqYPi7RnJLtEHQ0we0AUFXAprYP7gJj7Cq2GuiCGb4="}
2022-11-28T20:41:44.276Z	INFO	replica=6	coded-hotterstuff/consensus.go:507	new block commited	{"CURRENT VIEW": 6, "view": 3, "hash": "cLFzFj8B5QK8hCmGW/OU2JuMGjA5BWSI/G1faUNJ6uM="}
2022-11-28T20:41:44.278Z	DEBUG	replica=6	coded-hotterstuff/consensus.go:392	proposal is safe to vote on	{"CURRENT VIEW": 6, "msg": "proposal", "header view": 6, "prepare view": 5, "hash": "kFp8+So3McG2yp/crA+UXLJ7e1+L/NadJHrbEZU+si4=", "parent": "jgrj6scOqMsv2tOI5ilebUQ0EAUbjhBGBRf6AbYZ3ZQ="}
2022-11-28T20:41:44.280Z	DEBUG	replica=6	coded-hotterstuff/consensus.go:676	received vote	{"CURRENT VIEW": 6, "msg": "vote", "voter": 1, "view": 6, "hash": "jgrj6scOqMsv2tOI5ilebUQ0EAUbjhBGBRf6AbYZ3ZQ="}
2022-11-28T20:41:44.285Z	DEBUG	replica=6	coded-hotterstuff/consensus.go:220	entered new view	{"CURRENT VIEW": 6, "view timeout": 2, "timedout": false}
2022-11-28T20:41:44.285Z	DEBUG	replica=6	coded-hotterstuff/consensus.go:244	replica is a leader for this view. waiting for data	{"CURRENT VIEW": 6}
2022-11-28T20:41:44.285Z	DEBUG	replica=6	coded-hotterstuff/consensus.go:676	received vote	{"CURRENT VIEW": 6, "msg": "vote", "voter": 0, "view": 6, "hash": "jgrj6scOqMsv2tOI5ilebUQ0EAUbjhBGBRf6AbYZ3ZQ="}
Node  6 +1 block finalized at time:  2022-11-28 20:41:44.285820482 +0000 UTC m=+4.970250298
2022-11-28T20:41:44.294Z	DEBUG	replica=6	coded-hotterstuff/consensus.go:220	entered new view	{"CURRENT VIEW": 6, "view timeout": 2, "timedout": false}
2022-11-28T20:41:44.294Z	DEBUG	replica=6	coded-hotterstuff/consensus.go:244	replica is a leader for this view. waiting for data	{"CURRENT VIEW": 6}
2022-11-28T20:41:44.296Z	DEBUG	replica=6	coded-hotterstuff/consensus.go:152	sending proposal	{"CURRENT VIEW": 6, "hash": "kFp8+So3McG2yp/crA+UXLJ7e1+L/NadJHrbEZU+si4=", "parent": "jgrj6scOqMsv2tOI5ilebUQ0EAUbjhBGBRf6AbYZ3ZQ=", "signer": 6}
2022-11-28T20:41:44.296Z	DEBUG	replica=6	coded-hotterstuff/consensus.go:285	received proposal, called onProposal	{"CURRENT VIEW": 6, "msg": "proposal", "header view": 6, "prepare view": 5, "hash": "kFp8+So3McG2yp/crA+UXLJ7e1+L/NadJHrbEZU+si4=", "parent": "jgrj6scOqMsv2tOI5ilebUQ0EAUbjhBGBRf6AbYZ3ZQ="}
2022-11-28T20:41:44.695Z	DEBUG	replica=6	coded-hotterstuff/consensus.go:285	received proposal, called onProposal	{"CURRENT VIEW": 6, "msg": "proposal", "header view": 5, "prepare view": 5, "hash": "jgrj6scOqMsv2tOI5ilebUQ0EAUbjhBGBRf6AbYZ3ZQ=", "parent": "8WqYPi7RnJLtEHQ0we0AUFXAprYP7gJj7Cq2GuiCGb4="}
2022-11-28T20:41:44.710Z	DEBUG	replica=6	coded-hotterstuff/consensus.go:377	proposal view doesn't match local view	{"CURRENT VIEW": 6, "msg": "proposal", "header view": 5, "prepare view": 5, "hash": "jgrj6scOqMsv2tOI5ilebUQ0EAUbjhBGBRf6AbYZ3ZQ=", "parent": "8WqYPi7RnJLtEHQ0we0AUFXAprYP7gJj7Cq2GuiCGb4="}
2022-11-28T20:41:46.537Z	DEBUG	replica=6	coded-hotterstuff/consensus.go:285	received proposal, called onProposal	{"CURRENT VIEW": 6, "msg": "proposal", "header view": 7, "prepare view": 5, "hash": "UrpGBauqox/y7djWW1+uYAk4lnjGCoti5rxDg06dPA8=", "parent": "kFp8+So3McG2yp/crA+UXLJ7e1+L/NadJHrbEZU+si4="}
2022-11-28T20:41:46.544Z	DEBUG	replica=6	coded-hotterstuff/consensus.go:519	new block certified	{"CURRENT VIEW": 6, "view": 6, "hash": "kFp8+So3McG2yp/crA+UXLJ7e1+L/NadJHrbEZU+si4="}
2022-11-28T20:41:46.544Z	DEBUG	replica=6	coded-hotterstuff/consensus.go:220	entered new view	{"CURRENT VIEW": 7, "view timeout": 2, "timedout": false}
2022-11-28T20:41:46.544Z	DEBUG	replica=6	coded-hotterstuff/consensus.go:498	new block locked	{"CURRENT VIEW": 7, "view": 5, "hash": "jgrj6scOqMsv2tOI5ilebUQ0EAUbjhBGBRf6AbYZ3ZQ="}
2022-11-28T20:41:46.544Z	INFO	replica=6	coded-hotterstuff/consensus.go:507	new block commited	{"CURRENT VIEW": 7, "view": 4, "hash": "8WqYPi7RnJLtEHQ0we0AUFXAprYP7gJj7Cq2GuiCGb4="}
2022-11-28T20:41:46.547Z	DEBUG	replica=6	coded-hotterstuff/consensus.go:392	proposal is safe to vote on	{"CURRENT VIEW": 6, "msg": "proposal", "header view": 7, "prepare view": 5, "hash": "UrpGBauqox/y7djWW1+uYAk4lnjGCoti5rxDg06dPA8=", "parent": "kFp8+So3McG2yp/crA+UXLJ7e1+L/NadJHrbEZU+si4="}
Node  6 +1 block finalized at time:  2022-11-28 20:41:46.549659691 +0000 UTC m=+7.234089498
2022-11-28T20:41:46.604Z	DEBUG	replica=6	coded-hotterstuff/consensus.go:285	received proposal, called onProposal	{"CURRENT VIEW": 7, "msg": "proposal", "header view": 8, "prepare view": 6, "hash": "CdTNHG77L/KNb6fxbFkMI5vefUtOuAcj6xhNSmb/gws=", "parent": "UrpGBauqox/y7djWW1+uYAk4lnjGCoti5rxDg06dPA8="}
2022-11-28T20:41:46.636Z	DEBUG	replica=6	coded-hotterstuff/consensus.go:519	new block certified	{"CURRENT VIEW": 7, "view": 7, "hash": "UrpGBauqox/y7djWW1+uYAk4lnjGCoti5rxDg06dPA8="}
2022-11-28T20:41:46.636Z	DEBUG	replica=6	coded-hotterstuff/consensus.go:220	entered new view	{"CURRENT VIEW": 8, "view timeout": 2, "timedout": false}
2022-11-28T20:41:46.636Z	DEBUG	replica=6	coded-hotterstuff/consensus.go:498	new block locked	{"CURRENT VIEW": 8, "view": 6, "hash": "kFp8+So3McG2yp/crA+UXLJ7e1+L/NadJHrbEZU+si4="}
2022-11-28T20:41:46.636Z	INFO	replica=6	coded-hotterstuff/consensus.go:507	new block commited	{"CURRENT VIEW": 8, "view": 5, "hash": "jgrj6scOqMsv2tOI5ilebUQ0EAUbjhBGBRf6AbYZ3ZQ="}
2022-11-28T20:41:46.639Z	DEBUG	replica=6	coded-hotterstuff/consensus.go:392	proposal is safe to vote on	{"CURRENT VIEW": 7, "msg": "proposal", "header view": 8, "prepare view": 6, "hash": "CdTNHG77L/KNb6fxbFkMI5vefUtOuAcj6xhNSmb/gws=", "parent": "UrpGBauqox/y7djWW1+uYAk4lnjGCoti5rxDg06dPA8="}
Node  6 +1 block finalized at time:  2022-11-28 20:41:46.641702522 +0000 UTC m=+7.326132330
2022-11-28T20:41:47.138Z	DEBUG	replica=6	coded-hotterstuff/consensus.go:285	received proposal, called onProposal	{"CURRENT VIEW": 8, "msg": "proposal", "header view": 8, "prepare view": 7, "hash": "CdTNHG77L/KNb6fxbFkMI5vefUtOuAcj6xhNSmb/gws=", "parent": "UrpGBauqox/y7djWW1+uYAk4lnjGCoti5rxDg06dPA8="}
2022-11-28T20:41:47.169Z	DEBUG	replica=6	coded-hotterstuff/consensus.go:285	received proposal, called onProposal	{"CURRENT VIEW": 8, "msg": "proposal", "header view": 7, "prepare view": 7, "hash": "UrpGBauqox/y7djWW1+uYAk4lnjGCoti5rxDg06dPA8=", "parent": "kFp8+So3McG2yp/crA+UXLJ7e1+L/NadJHrbEZU+si4="}
2022-11-28T20:41:47.178Z	DEBUG	replica=6	coded-hotterstuff/consensus.go:377	proposal view doesn't match local view	{"CURRENT VIEW": 8, "msg": "proposal", "header view": 7, "prepare view": 7, "hash": "UrpGBauqox/y7djWW1+uYAk4lnjGCoti5rxDg06dPA8=", "parent": "kFp8+So3McG2yp/crA+UXLJ7e1+L/NadJHrbEZU+si4="}
2022-11-28T20:41:47.210Z	DEBUG	replica=6	coded-hotterstuff/consensus.go:285	received proposal, called onProposal	{"CURRENT VIEW": 8, "msg": "proposal", "header view": 9, "prepare view": 7, "hash": "S5jvF8HlmLvBxjERXgBCYm1M/GPQBuOxef9Rwa5UXRA=", "parent": "CdTNHG77L/KNb6fxbFkMI5vefUtOuAcj6xhNSmb/gws="}
2022-11-28T20:41:47.226Z	DEBUG	replica=6	coded-hotterstuff/consensus.go:519	new block certified	{"CURRENT VIEW": 8, "view": 8, "hash": "CdTNHG77L/KNb6fxbFkMI5vefUtOuAcj6xhNSmb/gws="}
2022-11-28T20:41:47.226Z	DEBUG	replica=6	coded-hotterstuff/consensus.go:220	entered new view	{"CURRENT VIEW": 9, "view timeout": 2, "timedout": false}
2022-11-28T20:41:47.226Z	DEBUG	replica=6	coded-hotterstuff/consensus.go:498	new block locked	{"CURRENT VIEW": 9, "view": 7, "hash": "UrpGBauqox/y7djWW1+uYAk4lnjGCoti5rxDg06dPA8="}
2022-11-28T20:41:47.226Z	INFO	replica=6	coded-hotterstuff/consensus.go:507	new block commited	{"CURRENT VIEW": 9, "view": 6, "hash": "kFp8+So3McG2yp/crA+UXLJ7e1+L/NadJHrbEZU+si4="}
2022-11-28T20:41:47.227Z	DEBUG	replica=6	coded-hotterstuff/consensus.go:392	proposal is safe to vote on	{"CURRENT VIEW": 8, "msg": "proposal", "header view": 9, "prepare view": 7, "hash": "S5jvF8HlmLvBxjERXgBCYm1M/GPQBuOxef9Rwa5UXRA=", "parent": "CdTNHG77L/KNb6fxbFkMI5vefUtOuAcj6xhNSmb/gws="}
Node  6 +1 block finalized at time:  2022-11-28 20:41:47.230157299 +0000 UTC m=+7.914587110
2022-11-28T20:41:47.664Z	DEBUG	replica=6	coded-hotterstuff/consensus.go:285	received proposal, called onProposal	{"CURRENT VIEW": 9, "msg": "proposal", "header view": 9, "prepare view": 8, "hash": "S5jvF8HlmLvBxjERXgBCYm1M/GPQBuOxef9Rwa5UXRA=", "parent": "CdTNHG77L/KNb6fxbFkMI5vefUtOuAcj6xhNSmb/gws="}
2022-11-28T20:41:47.771Z	DEBUG	replica=6	coded-hotterstuff/consensus.go:285	received proposal, called onProposal	{"CURRENT VIEW": 9, "msg": "proposal", "header view": 10, "prepare view": 8, "hash": "Gymi6tg4A5LZy8aiMG6k221RFpMttMcj9dlrzPCBVG4=", "parent": "S5jvF8HlmLvBxjERXgBCYm1M/GPQBuOxef9Rwa5UXRA="}
2022-11-28T20:41:47.780Z	DEBUG	replica=6	coded-hotterstuff/consensus.go:519	new block certified	{"CURRENT VIEW": 9, "view": 9, "hash": "S5jvF8HlmLvBxjERXgBCYm1M/GPQBuOxef9Rwa5UXRA="}
2022-11-28T20:41:47.780Z	DEBUG	replica=6	coded-hotterstuff/consensus.go:220	entered new view	{"CURRENT VIEW": 10, "view timeout": 2, "timedout": false}
2022-11-28T20:41:47.780Z	DEBUG	replica=6	coded-hotterstuff/consensus.go:498	new block locked	{"CURRENT VIEW": 10, "view": 8, "hash": "CdTNHG77L/KNb6fxbFkMI5vefUtOuAcj6xhNSmb/gws="}
2022-11-28T20:41:47.780Z	INFO	replica=6	coded-hotterstuff/consensus.go:507	new block commited	{"CURRENT VIEW": 10, "view": 7, "hash": "UrpGBauqox/y7djWW1+uYAk4lnjGCoti5rxDg06dPA8="}
2022-11-28T20:41:47.781Z	DEBUG	replica=6	coded-hotterstuff/consensus.go:392	proposal is safe to vote on	{"CURRENT VIEW": 9, "msg": "proposal", "header view": 10, "prepare view": 8, "hash": "Gymi6tg4A5LZy8aiMG6k221RFpMttMcj9dlrzPCBVG4=", "parent": "S5jvF8HlmLvBxjERXgBCYm1M/GPQBuOxef9Rwa5UXRA="}
Node  6 +1 block finalized at time:  2022-11-28 20:41:47.784097928 +0000 UTC m=+8.468527748
2022-11-28T20:41:47.807Z	DEBUG	replica=6	coded-hotterstuff/consensus.go:285	received proposal, called onProposal	{"CURRENT VIEW": 10, "msg": "proposal", "header view": 7, "prepare view": 9, "hash": "UrpGBauqox/y7djWW1+uYAk4lnjGCoti5rxDg06dPA8=", "parent": "kFp8+So3McG2yp/crA+UXLJ7e1+L/NadJHrbEZU+si4="}
2022-11-28T20:41:47.815Z	DEBUG	replica=6	coded-hotterstuff/consensus.go:377	proposal view doesn't match local view	{"CURRENT VIEW": 10, "msg": "proposal", "header view": 7, "prepare view": 9, "hash": "UrpGBauqox/y7djWW1+uYAk4lnjGCoti5rxDg06dPA8=", "parent": "kFp8+So3McG2yp/crA+UXLJ7e1+L/NadJHrbEZU+si4="}
2022-11-28T20:41:48.168Z	DEBUG	replica=6	coded-hotterstuff/consensus.go:285	received proposal, called onProposal	{"CURRENT VIEW": 10, "msg": "proposal", "header view": 10, "prepare view": 9, "hash": "Gymi6tg4A5LZy8aiMG6k221RFpMttMcj9dlrzPCBVG4=", "parent": "S5jvF8HlmLvBxjERXgBCYm1M/GPQBuOxef9Rwa5UXRA="}
2022-11-28T20:41:48.521Z	DEBUG	replica=6	coded-hotterstuff/consensus.go:285	received proposal, called onProposal	{"CURRENT VIEW": 10, "msg": "proposal", "header view": 10, "prepare view": 9, "hash": "Gymi6tg4A5LZy8aiMG6k221RFpMttMcj9dlrzPCBVG4=", "parent": "S5jvF8HlmLvBxjERXgBCYm1M/GPQBuOxef9Rwa5UXRA="}
2022-11-28T20:41:48.636Z	DEBUG	replica=6	coded-hotterstuff/consensus.go:285	received proposal, called onProposal	{"CURRENT VIEW": 10, "msg": "proposal", "header view": 11, "prepare view": 9, "hash": "JHDKbuvn/qlEbMiFGVnXE7z7VfFJm3NDC7AQEWpkt3w=", "parent": "Gymi6tg4A5LZy8aiMG6k221RFpMttMcj9dlrzPCBVG4="}
2022-11-28T20:41:48.649Z	DEBUG	replica=6	coded-hotterstuff/consensus.go:519	new block certified	{"CURRENT VIEW": 10, "view": 10, "hash": "Gymi6tg4A5LZy8aiMG6k221RFpMttMcj9dlrzPCBVG4="}
2022-11-28T20:41:48.649Z	DEBUG	replica=6	coded-hotterstuff/consensus.go:220	entered new view	{"CURRENT VIEW": 11, "view timeout": 2, "timedout": false}
2022-11-28T20:41:48.649Z	DEBUG	replica=6	coded-hotterstuff/consensus.go:498	new block locked	{"CURRENT VIEW": 11, "view": 9, "hash": "S5jvF8HlmLvBxjERXgBCYm1M/GPQBuOxef9Rwa5UXRA="}
2022-11-28T20:41:48.649Z	INFO	replica=6	coded-hotterstuff/consensus.go:507	new block commited	{"CURRENT VIEW": 11, "view": 8, "hash": "CdTNHG77L/KNb6fxbFkMI5vefUtOuAcj6xhNSmb/gws="}
2022-11-28T20:41:48.676Z	DEBUG	replica=6	coded-hotterstuff/consensus.go:392	proposal is safe to vote on	{"CURRENT VIEW": 10, "msg": "proposal", "header view": 11, "prepare view": 9, "hash": "JHDKbuvn/qlEbMiFGVnXE7z7VfFJm3NDC7AQEWpkt3w=", "parent": "Gymi6tg4A5LZy8aiMG6k221RFpMttMcj9dlrzPCBVG4="}
Node  6 +1 block finalized at time:  2022-11-28 20:41:48.68010805 +0000 UTC m=+9.364537867
2022-11-28T20:41:49.125Z	DEBUG	replica=6	coded-hotterstuff/consensus.go:285	received proposal, called onProposal	{"CURRENT VIEW": 11, "msg": "proposal", "header view": 11, "prepare view": 10, "hash": "JHDKbuvn/qlEbMiFGVnXE7z7VfFJm3NDC7AQEWpkt3w=", "parent": "Gymi6tg4A5LZy8aiMG6k221RFpMttMcj9dlrzPCBVG4="}
2022-11-28T20:41:49.215Z	DEBUG	replica=6	coded-hotterstuff/consensus.go:285	received proposal, called onProposal	{"CURRENT VIEW": 11, "msg": "proposal", "header view": 12, "prepare view": 10, "hash": "4aSlzOy0O5eyJna+iDXBFpIuUaKvoAYyhK6f3aYA32A=", "parent": "JHDKbuvn/qlEbMiFGVnXE7z7VfFJm3NDC7AQEWpkt3w="}
2022-11-28T20:41:49.226Z	DEBUG	replica=6	coded-hotterstuff/consensus.go:519	new block certified	{"CURRENT VIEW": 11, "view": 11, "hash": "JHDKbuvn/qlEbMiFGVnXE7z7VfFJm3NDC7AQEWpkt3w="}
2022-11-28T20:41:49.226Z	DEBUG	replica=6	coded-hotterstuff/consensus.go:220	entered new view	{"CURRENT VIEW": 12, "view timeout": 2, "timedout": false}
2022-11-28T20:41:49.226Z	DEBUG	replica=6	coded-hotterstuff/consensus.go:235	replica is a leader for next view. collecting new-view messages	{"CURRENT VIEW": 12}
2022-11-28T20:41:49.226Z	DEBUG	replica=6	coded-hotterstuff/consensus.go:498	new block locked	{"CURRENT VIEW": 12, "view": 10, "hash": "Gymi6tg4A5LZy8aiMG6k221RFpMttMcj9dlrzPCBVG4="}
2022-11-28T20:41:49.226Z	INFO	replica=6	coded-hotterstuff/consensus.go:507	new block commited	{"CURRENT VIEW": 12, "view": 9, "hash": "S5jvF8HlmLvBxjERXgBCYm1M/GPQBuOxef9Rwa5UXRA="}
2022-11-28T20:41:49.230Z	DEBUG	replica=6	coded-hotterstuff/consensus.go:392	proposal is safe to vote on	{"CURRENT VIEW": 11, "msg": "proposal", "header view": 12, "prepare view": 10, "hash": "4aSlzOy0O5eyJna+iDXBFpIuUaKvoAYyhK6f3aYA32A=", "parent": "JHDKbuvn/qlEbMiFGVnXE7z7VfFJm3NDC7AQEWpkt3w="}
2022-11-28T20:41:49.232Z	DEBUG	replica=6	coded-hotterstuff/consensus.go:676	received vote	{"CURRENT VIEW": 12, "msg": "vote", "voter": 6, "view": 12, "hash": "4aSlzOy0O5eyJna+iDXBFpIuUaKvoAYyhK6f3aYA32A="}
2022-11-28T20:41:49.236Z	DEBUG	replica=6	coded-hotterstuff/consensus.go:676	received vote	{"CURRENT VIEW": 12, "msg": "vote", "voter": 5, "view": 12, "hash": "4aSlzOy0O5eyJna+iDXBFpIuUaKvoAYyhK6f3aYA32A="}
Node  6 +1 block finalized at time:  2022-11-28 20:41:49.236403475 +0000 UTC m=+9.920833303
2022-11-28T20:41:49.279Z	DEBUG	replica=6	coded-hotterstuff/consensus.go:676	received vote	{"CURRENT VIEW": 12, "msg": "vote", "voter": 2, "view": 12, "hash": "4aSlzOy0O5eyJna+iDXBFpIuUaKvoAYyhK6f3aYA32A="}
2022-11-28T20:41:49.284Z	DEBUG	replica=6	coded-hotterstuff/consensus.go:676	received vote	{"CURRENT VIEW": 12, "msg": "vote", "voter": 3, "view": 12, "hash": "4aSlzOy0O5eyJna+iDXBFpIuUaKvoAYyhK6f3aYA32A="}
2022-11-28T20:41:49.488Z	DEBUG	replica=6	coded-hotterstuff/consensus.go:676	received vote	{"CURRENT VIEW": 12, "msg": "vote", "voter": 0, "view": 12, "hash": "4aSlzOy0O5eyJna+iDXBFpIuUaKvoAYyhK6f3aYA32A="}
2022-11-28T20:41:49.493Z	DEBUG	replica=6	coded-hotterstuff/consensus.go:519	new block certified	{"CURRENT VIEW": 12, "view": 12, "hash": "4aSlzOy0O5eyJna+iDXBFpIuUaKvoAYyhK6f3aYA32A="}
2022-11-28T20:41:49.494Z	DEBUG	replica=6	coded-hotterstuff/consensus.go:220	entered new view	{"CURRENT VIEW": 13, "view timeout": 2, "timedout": false}
2022-11-28T20:41:49.494Z	DEBUG	replica=6	coded-hotterstuff/consensus.go:244	replica is a leader for this view. waiting for data	{"CURRENT VIEW": 13}
2022-11-28T20:41:49.494Z	DEBUG	replica=6	coded-hotterstuff/consensus.go:220	entered new view	{"CURRENT VIEW": 13, "view timeout": 2, "timedout": false}
2022-11-28T20:41:49.494Z	DEBUG	replica=6	coded-hotterstuff/consensus.go:244	replica is a leader for this view. waiting for data	{"CURRENT VIEW": 13}
2022-11-28T20:41:49.494Z	DEBUG	replica=6	coded-hotterstuff/consensus.go:676	received vote	{"CURRENT VIEW": 13, "msg": "vote", "voter": 1, "view": 13, "hash": "4aSlzOy0O5eyJna+iDXBFpIuUaKvoAYyhK6f3aYA32A="}
2022-11-28T20:41:49.499Z	DEBUG	replica=6	coded-hotterstuff/consensus.go:220	entered new view	{"CURRENT VIEW": 13, "view timeout": 2, "timedout": false}
2022-11-28T20:41:49.499Z	DEBUG	replica=6	coded-hotterstuff/consensus.go:244	replica is a leader for this view. waiting for data	{"CURRENT VIEW": 13}
2022-11-28T20:41:49.499Z	DEBUG	replica=6	coded-hotterstuff/consensus.go:676	received vote	{"CURRENT VIEW": 13, "msg": "vote", "voter": 4, "view": 13, "hash": "4aSlzOy0O5eyJna+iDXBFpIuUaKvoAYyhK6f3aYA32A="}
2022-11-28T20:41:49.505Z	DEBUG	replica=6	coded-hotterstuff/consensus.go:220	entered new view	{"CURRENT VIEW": 13, "view timeout": 2, "timedout": false}
2022-11-28T20:41:49.505Z	DEBUG	replica=6	coded-hotterstuff/consensus.go:244	replica is a leader for this view. waiting for data	{"CURRENT VIEW": 13}
2022-11-28T20:41:49.507Z	DEBUG	replica=6	coded-hotterstuff/consensus.go:152	sending proposal	{"CURRENT VIEW": 13, "hash": "N0cMWKpZHmTkF/OJGwaFHU4Y2cZrG1h733+F25H9V6E=", "parent": "4aSlzOy0O5eyJna+iDXBFpIuUaKvoAYyhK6f3aYA32A=", "signer": 6}
2022-11-28T20:41:49.507Z	DEBUG	replica=6	coded-hotterstuff/consensus.go:285	received proposal, called onProposal	{"CURRENT VIEW": 13, "msg": "proposal", "header view": 13, "prepare view": 12, "hash": "N0cMWKpZHmTkF/OJGwaFHU4Y2cZrG1h733+F25H9V6E=", "parent": "4aSlzOy0O5eyJna+iDXBFpIuUaKvoAYyhK6f3aYA32A="}
2022-11-28T20:41:49.514Z	DEBUG	replica=6	coded-hotterstuff/consensus.go:498	new block locked	{"CURRENT VIEW": 13, "view": 11, "hash": "JHDKbuvn/qlEbMiFGVnXE7z7VfFJm3NDC7AQEWpkt3w="}
2022-11-28T20:41:49.514Z	INFO	replica=6	coded-hotterstuff/consensus.go:507	new block commited	{"CURRENT VIEW": 13, "view": 10, "hash": "Gymi6tg4A5LZy8aiMG6k221RFpMttMcj9dlrzPCBVG4="}
2022-11-28T20:41:49.515Z	DEBUG	replica=6	coded-hotterstuff/consensus.go:392	proposal is safe to vote on	{"CURRENT VIEW": 13, "msg": "proposal", "header view": 13, "prepare view": 12, "hash": "N0cMWKpZHmTkF/OJGwaFHU4Y2cZrG1h733+F25H9V6E=", "parent": "4aSlzOy0O5eyJna+iDXBFpIuUaKvoAYyhK6f3aYA32A="}
Node  6 +1 block finalized at time:  2022-11-28 20:41:49.518003998 +0000 UTC m=+10.202433814
2022-11-28T20:41:49.560Z	DEBUG	replica=6	coded-hotterstuff/consensus.go:285	received proposal, called onProposal	{"CURRENT VIEW": 13, "msg": "proposal", "header view": 12, "prepare view": 12, "hash": "4aSlzOy0O5eyJna+iDXBFpIuUaKvoAYyhK6f3aYA32A=", "parent": "JHDKbuvn/qlEbMiFGVnXE7z7VfFJm3NDC7AQEWpkt3w="}
2022-11-28T20:41:49.567Z	DEBUG	replica=6	coded-hotterstuff/consensus.go:377	proposal view doesn't match local view	{"CURRENT VIEW": 13, "msg": "proposal", "header view": 12, "prepare view": 12, "hash": "4aSlzOy0O5eyJna+iDXBFpIuUaKvoAYyhK6f3aYA32A=", "parent": "JHDKbuvn/qlEbMiFGVnXE7z7VfFJm3NDC7AQEWpkt3w="}
2022-11-28T20:41:50.360Z	DEBUG	replica=6	coded-hotterstuff/consensus.go:285	received proposal, called onProposal	{"CURRENT VIEW": 13, "msg": "proposal", "header view": 12, "prepare view": 12, "hash": "4aSlzOy0O5eyJna+iDXBFpIuUaKvoAYyhK6f3aYA32A=", "parent": "JHDKbuvn/qlEbMiFGVnXE7z7VfFJm3NDC7AQEWpkt3w="}
2022-11-28T20:41:50.367Z	DEBUG	replica=6	coded-hotterstuff/consensus.go:377	proposal view doesn't match local view	{"CURRENT VIEW": 13, "msg": "proposal", "header view": 12, "prepare view": 12, "hash": "4aSlzOy0O5eyJna+iDXBFpIuUaKvoAYyhK6f3aYA32A=", "parent": "JHDKbuvn/qlEbMiFGVnXE7z7VfFJm3NDC7AQEWpkt3w="}
2022-11-28T20:41:50.644Z	DEBUG	replica=6	coded-hotterstuff/consensus.go:285	received proposal, called onProposal	{"CURRENT VIEW": 13, "msg": "proposal", "header view": 14, "prepare view": 12, "hash": "s0+dCVQ5w8iE2Z+DCswdFLdP8QD8T++9aicJwYKZbok=", "parent": "N0cMWKpZHmTkF/OJGwaFHU4Y2cZrG1h733+F25H9V6E="}
2022-11-28T20:41:50.656Z	DEBUG	replica=6	coded-hotterstuff/consensus.go:519	new block certified	{"CURRENT VIEW": 13, "view": 13, "hash": "N0cMWKpZHmTkF/OJGwaFHU4Y2cZrG1h733+F25H9V6E="}
2022-11-28T20:41:50.656Z	DEBUG	replica=6	coded-hotterstuff/consensus.go:220	entered new view	{"CURRENT VIEW": 14, "view timeout": 2, "timedout": false}
2022-11-28T20:41:50.656Z	DEBUG	replica=6	coded-hotterstuff/consensus.go:498	new block locked	{"CURRENT VIEW": 14, "view": 12, "hash": "4aSlzOy0O5eyJna+iDXBFpIuUaKvoAYyhK6f3aYA32A="}
2022-11-28T20:41:50.656Z	INFO	replica=6	coded-hotterstuff/consensus.go:507	new block commited	{"CURRENT VIEW": 14, "view": 11, "hash": "JHDKbuvn/qlEbMiFGVnXE7z7VfFJm3NDC7AQEWpkt3w="}
2022-11-28T20:41:50.664Z	DEBUG	replica=6	coded-hotterstuff/consensus.go:392	proposal is safe to vote on	{"CURRENT VIEW": 13, "msg": "proposal", "header view": 14, "prepare view": 12, "hash": "s0+dCVQ5w8iE2Z+DCswdFLdP8QD8T++9aicJwYKZbok=", "parent": "N0cMWKpZHmTkF/OJGwaFHU4Y2cZrG1h733+F25H9V6E="}
Node  6 +1 block finalized at time:  2022-11-28 20:41:50.668290423 +0000 UTC m=+11.352720240
2022-11-28T20:41:51.125Z	DEBUG	replica=6	coded-hotterstuff/consensus.go:285	received proposal, called onProposal	{"CURRENT VIEW": 14, "msg": "proposal", "header view": 14, "prepare view": 13, "hash": "s0+dCVQ5w8iE2Z+DCswdFLdP8QD8T++9aicJwYKZbok=", "parent": "N0cMWKpZHmTkF/OJGwaFHU4Y2cZrG1h733+F25H9V6E="}
2022-11-28T20:41:51.395Z	DEBUG	replica=6	coded-hotterstuff/consensus.go:285	received proposal, called onProposal	{"CURRENT VIEW": 14, "msg": "proposal", "header view": 15, "prepare view": 13, "hash": "yki5uJhKgjQT5iLa3NRfkhkCHcRSab0ctor/KqZboNA=", "parent": "s0+dCVQ5w8iE2Z+DCswdFLdP8QD8T++9aicJwYKZbok="}
2022-11-28T20:41:51.407Z	DEBUG	replica=6	coded-hotterstuff/consensus.go:519	new block certified	{"CURRENT VIEW": 14, "view": 14, "hash": "s0+dCVQ5w8iE2Z+DCswdFLdP8QD8T++9aicJwYKZbok="}
2022-11-28T20:41:51.407Z	DEBUG	replica=6	coded-hotterstuff/consensus.go:220	entered new view	{"CURRENT VIEW": 15, "view timeout": 2, "timedout": false}
2022-11-28T20:41:51.407Z	DEBUG	replica=6	coded-hotterstuff/consensus.go:498	new block locked	{"CURRENT VIEW": 15, "view": 13, "hash": "N0cMWKpZHmTkF/OJGwaFHU4Y2cZrG1h733+F25H9V6E="}
2022-11-28T20:41:51.407Z	INFO	replica=6	coded-hotterstuff/consensus.go:507	new block commited	{"CURRENT VIEW": 15, "view": 12, "hash": "4aSlzOy0O5eyJna+iDXBFpIuUaKvoAYyhK6f3aYA32A="}
2022-11-28T20:41:51.409Z	DEBUG	replica=6	coded-hotterstuff/consensus.go:392	proposal is safe to vote on	{"CURRENT VIEW": 14, "msg": "proposal", "header view": 15, "prepare view": 13, "hash": "yki5uJhKgjQT5iLa3NRfkhkCHcRSab0ctor/KqZboNA=", "parent": "s0+dCVQ5w8iE2Z+DCswdFLdP8QD8T++9aicJwYKZbok="}
Node  6 +1 block finalized at time:  2022-11-28 20:41:51.412458523 +0000 UTC m=+12.096888353
2022-11-28T20:41:51.886Z	DEBUG	replica=6	coded-hotterstuff/consensus.go:285	received proposal, called onProposal	{"CURRENT VIEW": 15, "msg": "proposal", "header view": 15, "prepare view": 14, "hash": "yki5uJhKgjQT5iLa3NRfkhkCHcRSab0ctor/KqZboNA=", "parent": "s0+dCVQ5w8iE2Z+DCswdFLdP8QD8T++9aicJwYKZbok="}
2022-11-28T20:41:51.967Z	DEBUG	replica=6	coded-hotterstuff/consensus.go:285	received proposal, called onProposal	{"CURRENT VIEW": 15, "msg": "proposal", "header view": 16, "prepare view": 14, "hash": "PAOswJ5F5FKLEprAJ1SnuPasqGFIM2uhNIcdZdMfaCw=", "parent": "yki5uJhKgjQT5iLa3NRfkhkCHcRSab0ctor/KqZboNA="}
2022-11-28T20:41:51.981Z	DEBUG	replica=6	coded-hotterstuff/consensus.go:519	new block certified	{"CURRENT VIEW": 15, "view": 15, "hash": "yki5uJhKgjQT5iLa3NRfkhkCHcRSab0ctor/KqZboNA="}
2022-11-28T20:41:51.981Z	DEBUG	replica=6	coded-hotterstuff/consensus.go:220	entered new view	{"CURRENT VIEW": 16, "view timeout": 2, "timedout": false}
2022-11-28T20:41:51.981Z	DEBUG	replica=6	coded-hotterstuff/consensus.go:498	new block locked	{"CURRENT VIEW": 16, "view": 14, "hash": "s0+dCVQ5w8iE2Z+DCswdFLdP8QD8T++9aicJwYKZbok="}
2022-11-28T20:41:51.981Z	INFO	replica=6	coded-hotterstuff/consensus.go:507	new block commited	{"CURRENT VIEW": 16, "view": 13, "hash": "N0cMWKpZHmTkF/OJGwaFHU4Y2cZrG1h733+F25H9V6E="}
2022-11-28T20:41:51.982Z	DEBUG	replica=6	coded-hotterstuff/consensus.go:392	proposal is safe to vote on	{"CURRENT VIEW": 15, "msg": "proposal", "header view": 16, "prepare view": 14, "hash": "PAOswJ5F5FKLEprAJ1SnuPasqGFIM2uhNIcdZdMfaCw=", "parent": "yki5uJhKgjQT5iLa3NRfkhkCHcRSab0ctor/KqZboNA="}
Node  6 +1 block finalized at time:  2022-11-28 20:41:51.985874427 +0000 UTC m=+12.670304266
2022-11-28T20:41:52.295Z	DEBUG	replica=6	coded-hotterstuff/consensus.go:285	received proposal, called onProposal	{"CURRENT VIEW": 16, "msg": "proposal", "header view": 15, "prepare view": 15, "hash": "yki5uJhKgjQT5iLa3NRfkhkCHcRSab0ctor/KqZboNA=", "parent": "s0+dCVQ5w8iE2Z+DCswdFLdP8QD8T++9aicJwYKZbok="}
2022-11-28T20:41:52.307Z	DEBUG	replica=6	coded-hotterstuff/consensus.go:377	proposal view doesn't match local view	{"CURRENT VIEW": 16, "msg": "proposal", "header view": 15, "prepare view": 15, "hash": "yki5uJhKgjQT5iLa3NRfkhkCHcRSab0ctor/KqZboNA=", "parent": "s0+dCVQ5w8iE2Z+DCswdFLdP8QD8T++9aicJwYKZbok="}
2022-11-28T20:41:52.378Z	DEBUG	replica=6	coded-hotterstuff/consensus.go:285	received proposal, called onProposal	{"CURRENT VIEW": 16, "msg": "proposal", "header view": 16, "prepare view": 15, "hash": "PAOswJ5F5FKLEprAJ1SnuPasqGFIM2uhNIcdZdMfaCw=", "parent": "yki5uJhKgjQT5iLa3NRfkhkCHcRSab0ctor/KqZboNA="}
2022-11-28T20:41:52.541Z	DEBUG	replica=6	coded-hotterstuff/consensus.go:285	received proposal, called onProposal	{"CURRENT VIEW": 16, "msg": "proposal", "header view": 17, "prepare view": 15, "hash": "fbyAo5VKEVdmy5epf95saK65Dkgc3+iXrMxeW3XrK2g=", "parent": "PAOswJ5F5FKLEprAJ1SnuPasqGFIM2uhNIcdZdMfaCw="}
2022-11-28T20:41:52.553Z	DEBUG	replica=6	coded-hotterstuff/consensus.go:519	new block certified	{"CURRENT VIEW": 16, "view": 16, "hash": "PAOswJ5F5FKLEprAJ1SnuPasqGFIM2uhNIcdZdMfaCw="}
2022-11-28T20:41:52.553Z	DEBUG	replica=6	coded-hotterstuff/consensus.go:220	entered new view	{"CURRENT VIEW": 17, "view timeout": 2, "timedout": false}
2022-11-28T20:41:52.553Z	DEBUG	replica=6	coded-hotterstuff/consensus.go:498	new block locked	{"CURRENT VIEW": 17, "view": 15, "hash": "yki5uJhKgjQT5iLa3NRfkhkCHcRSab0ctor/KqZboNA="}
2022-11-28T20:41:52.553Z	INFO	replica=6	coded-hotterstuff/consensus.go:507	new block commited	{"CURRENT VIEW": 17, "view": 14, "hash": "s0+dCVQ5w8iE2Z+DCswdFLdP8QD8T++9aicJwYKZbok="}
2022-11-28T20:41:52.555Z	DEBUG	replica=6	coded-hotterstuff/consensus.go:392	proposal is safe to vote on	{"CURRENT VIEW": 16, "msg": "proposal", "header view": 17, "prepare view": 15, "hash": "fbyAo5VKEVdmy5epf95saK65Dkgc3+iXrMxeW3XrK2g=", "parent": "PAOswJ5F5FKLEprAJ1SnuPasqGFIM2uhNIcdZdMfaCw="}
Node  6 +1 block finalized at time:  2022-11-28 20:41:52.559220786 +0000 UTC m=+13.243650594
2022-11-28T20:41:53.029Z	DEBUG	replica=6	coded-hotterstuff/consensus.go:285	received proposal, called onProposal	{"CURRENT VIEW": 17, "msg": "proposal", "header view": 17, "prepare view": 16, "hash": "fbyAo5VKEVdmy5epf95saK65Dkgc3+iXrMxeW3XrK2g=", "parent": "PAOswJ5F5FKLEprAJ1SnuPasqGFIM2uhNIcdZdMfaCw="}
2022-11-28T20:41:53.500Z	DEBUG	replica=6	coded-hotterstuff/consensus.go:285	received proposal, called onProposal	{"CURRENT VIEW": 17, "msg": "proposal", "header view": 17, "prepare view": 16, "hash": "fbyAo5VKEVdmy5epf95saK65Dkgc3+iXrMxeW3XrK2g=", "parent": "PAOswJ5F5FKLEprAJ1SnuPasqGFIM2uhNIcdZdMfaCw="}
2022-11-28T20:41:53.511Z	DEBUG	replica=6	coded-hotterstuff/consensus.go:285	received proposal, called onProposal	{"CURRENT VIEW": 17, "msg": "proposal", "header view": 18, "prepare view": 16, "hash": "6UfBJLlIX1wd3MF43w68SPyfPsdwcfzWodH+19bgzRM=", "parent": "fbyAo5VKEVdmy5epf95saK65Dkgc3+iXrMxeW3XrK2g="}
2022-11-28T20:41:53.522Z	DEBUG	replica=6	coded-hotterstuff/consensus.go:519	new block certified	{"CURRENT VIEW": 17, "view": 17, "hash": "fbyAo5VKEVdmy5epf95saK65Dkgc3+iXrMxeW3XrK2g="}
2022-11-28T20:41:53.522Z	DEBUG	replica=6	coded-hotterstuff/consensus.go:220	entered new view	{"CURRENT VIEW": 18, "view timeout": 2, "timedout": false}
2022-11-28T20:41:53.523Z	DEBUG	replica=6	coded-hotterstuff/consensus.go:498	new block locked	{"CURRENT VIEW": 18, "view": 16, "hash": "PAOswJ5F5FKLEprAJ1SnuPasqGFIM2uhNIcdZdMfaCw="}
2022-11-28T20:41:53.523Z	INFO	replica=6	coded-hotterstuff/consensus.go:507	new block commited	{"CURRENT VIEW": 18, "view": 15, "hash": "yki5uJhKgjQT5iLa3NRfkhkCHcRSab0ctor/KqZboNA="}
2022-11-28T20:41:53.525Z	DEBUG	replica=6	coded-hotterstuff/consensus.go:392	proposal is safe to vote on	{"CURRENT VIEW": 17, "msg": "proposal", "header view": 18, "prepare view": 16, "hash": "6UfBJLlIX1wd3MF43w68SPyfPsdwcfzWodH+19bgzRM=", "parent": "fbyAo5VKEVdmy5epf95saK65Dkgc3+iXrMxeW3XrK2g="}
Node  6 +1 block finalized at time:  2022-11-28 20:41:53.529573105 +0000 UTC m=+14.214002922
2022-11-28T20:41:53.898Z	DEBUG	replica=6	coded-hotterstuff/consensus.go:285	received proposal, called onProposal	{"CURRENT VIEW": 18, "msg": "proposal", "header view": 19, "prepare view": 17, "hash": "uSmPJ2ljy8Cf/kVdYaizGHLR6BOCKJsjlWDpYp2SPg4=", "parent": "6UfBJLlIX1wd3MF43w68SPyfPsdwcfzWodH+19bgzRM="}
2022-11-28T20:41:53.907Z	DEBUG	replica=6	coded-hotterstuff/consensus.go:519	new block certified	{"CURRENT VIEW": 18, "view": 18, "hash": "6UfBJLlIX1wd3MF43w68SPyfPsdwcfzWodH+19bgzRM="}
2022-11-28T20:41:53.907Z	DEBUG	replica=6	coded-hotterstuff/consensus.go:220	entered new view	{"CURRENT VIEW": 19, "view timeout": 2, "timedout": false}
2022-11-28T20:41:53.907Z	DEBUG	replica=6	coded-hotterstuff/consensus.go:235	replica is a leader for next view. collecting new-view messages	{"CURRENT VIEW": 19}
2022-11-28T20:41:53.907Z	DEBUG	replica=6	coded-hotterstuff/consensus.go:498	new block locked	{"CURRENT VIEW": 19, "view": 17, "hash": "fbyAo5VKEVdmy5epf95saK65Dkgc3+iXrMxeW3XrK2g="}
2022-11-28T20:41:53.907Z	INFO	replica=6	coded-hotterstuff/consensus.go:507	new block commited	{"CURRENT VIEW": 19, "view": 16, "hash": "PAOswJ5F5FKLEprAJ1SnuPasqGFIM2uhNIcdZdMfaCw="}
2022-11-28T20:41:53.909Z	DEBUG	replica=6	coded-hotterstuff/consensus.go:392	proposal is safe to vote on	{"CURRENT VIEW": 18, "msg": "proposal", "header view": 19, "prepare view": 17, "hash": "uSmPJ2ljy8Cf/kVdYaizGHLR6BOCKJsjlWDpYp2SPg4=", "parent": "6UfBJLlIX1wd3MF43w68SPyfPsdwcfzWodH+19bgzRM="}
2022-11-28T20:41:53.911Z	DEBUG	replica=6	coded-hotterstuff/consensus.go:676	received vote	{"CURRENT VIEW": 19, "msg": "vote", "voter": 6, "view": 19, "hash": "uSmPJ2ljy8Cf/kVdYaizGHLR6BOCKJsjlWDpYp2SPg4="}
2022-11-28T20:41:53.916Z	DEBUG	replica=6	coded-hotterstuff/consensus.go:676	received vote	{"CURRENT VIEW": 19, "msg": "vote", "voter": 5, "view": 19, "hash": "uSmPJ2ljy8Cf/kVdYaizGHLR6BOCKJsjlWDpYp2SPg4="}
Node  6 +1 block finalized at time:  2022-11-28 20:41:53.916401485 +0000 UTC m=+14.600831305
2022-11-28T20:41:53.923Z	DEBUG	replica=6	coded-hotterstuff/consensus.go:285	received proposal, called onProposal	{"CURRENT VIEW": 19, "msg": "proposal", "header view": 18, "prepare view": 18, "hash": "6UfBJLlIX1wd3MF43w68SPyfPsdwcfzWodH+19bgzRM=", "parent": "fbyAo5VKEVdmy5epf95saK65Dkgc3+iXrMxeW3XrK2g="}
2022-11-28T20:41:53.932Z	DEBUG	replica=6	coded-hotterstuff/consensus.go:377	proposal view doesn't match local view	{"CURRENT VIEW": 19, "msg": "proposal", "header view": 18, "prepare view": 18, "hash": "6UfBJLlIX1wd3MF43w68SPyfPsdwcfzWodH+19bgzRM=", "parent": "fbyAo5VKEVdmy5epf95saK65Dkgc3+iXrMxeW3XrK2g="}
2022-11-28T20:41:54.096Z	DEBUG	replica=6	coded-hotterstuff/consensus.go:285	received proposal, called onProposal	{"CURRENT VIEW": 19, "msg": "proposal", "header view": 19, "prepare view": 18, "hash": "uSmPJ2ljy8Cf/kVdYaizGHLR6BOCKJsjlWDpYp2SPg4=", "parent": "6UfBJLlIX1wd3MF43w68SPyfPsdwcfzWodH+19bgzRM="}
2022-11-28T20:41:54.210Z	DEBUG	replica=6	coded-hotterstuff/consensus.go:676	received vote	{"CURRENT VIEW": 19, "msg": "vote", "voter": 1, "view": 19, "hash": "uSmPJ2ljy8Cf/kVdYaizGHLR6BOCKJsjlWDpYp2SPg4="}
2022-11-28T20:41:54.256Z	DEBUG	replica=6	coded-hotterstuff/consensus.go:676	received vote	{"CURRENT VIEW": 19, "msg": "vote", "voter": 0, "view": 19, "hash": "uSmPJ2ljy8Cf/kVdYaizGHLR6BOCKJsjlWDpYp2SPg4="}
2022-11-28T20:41:54.329Z	DEBUG	replica=6	coded-hotterstuff/consensus.go:285	received proposal, called onProposal	{"CURRENT VIEW": 19, "msg": "proposal", "header view": 18, "prepare view": 18, "hash": "6UfBJLlIX1wd3MF43w68SPyfPsdwcfzWodH+19bgzRM=", "parent": "fbyAo5VKEVdmy5epf95saK65Dkgc3+iXrMxeW3XrK2g="}
2022-11-28T20:41:54.336Z	DEBUG	replica=6	coded-hotterstuff/consensus.go:377	proposal view doesn't match local view	{"CURRENT VIEW": 19, "msg": "proposal", "header view": 18, "prepare view": 18, "hash": "6UfBJLlIX1wd3MF43w68SPyfPsdwcfzWodH+19bgzRM=", "parent": "fbyAo5VKEVdmy5epf95saK65Dkgc3+iXrMxeW3XrK2g="}
2022-11-28T20:41:54.542Z	DEBUG	replica=6	coded-hotterstuff/consensus.go:676	received vote	{"CURRENT VIEW": 19, "msg": "vote", "voter": 2, "view": 19, "hash": "uSmPJ2ljy8Cf/kVdYaizGHLR6BOCKJsjlWDpYp2SPg4="}
2022-11-28T20:41:54.547Z	DEBUG	replica=6	coded-hotterstuff/consensus.go:519	new block certified	{"CURRENT VIEW": 19, "view": 19, "hash": "uSmPJ2ljy8Cf/kVdYaizGHLR6BOCKJsjlWDpYp2SPg4="}
2022-11-28T20:41:54.547Z	DEBUG	replica=6	coded-hotterstuff/consensus.go:220	entered new view	{"CURRENT VIEW": 20, "view timeout": 2, "timedout": false}
2022-11-28T20:41:54.547Z	DEBUG	replica=6	coded-hotterstuff/consensus.go:244	replica is a leader for this view. waiting for data	{"CURRENT VIEW": 20}
2022-11-28T20:41:54.547Z	DEBUG	replica=6	coded-hotterstuff/consensus.go:220	entered new view	{"CURRENT VIEW": 20, "view timeout": 2, "timedout": false}
2022-11-28T20:41:54.547Z	DEBUG	replica=6	coded-hotterstuff/consensus.go:244	replica is a leader for this view. waiting for data	{"CURRENT VIEW": 20}
2022-11-28T20:41:54.550Z	DEBUG	replica=6	coded-hotterstuff/consensus.go:152	sending proposal	{"CURRENT VIEW": 20, "hash": "Dba/D48qmB3vVH8kTd18xxswcR8z4rJnptAsC3sfvzQ=", "parent": "uSmPJ2ljy8Cf/kVdYaizGHLR6BOCKJsjlWDpYp2SPg4=", "signer": 6}
2022-11-28T20:41:54.550Z	DEBUG	replica=6	coded-hotterstuff/consensus.go:285	received proposal, called onProposal	{"CURRENT VIEW": 20, "msg": "proposal", "header view": 20, "prepare view": 19, "hash": "Dba/D48qmB3vVH8kTd18xxswcR8z4rJnptAsC3sfvzQ=", "parent": "uSmPJ2ljy8Cf/kVdYaizGHLR6BOCKJsjlWDpYp2SPg4="}
2022-11-28T20:41:54.557Z	DEBUG	replica=6	coded-hotterstuff/consensus.go:498	new block locked	{"CURRENT VIEW": 20, "view": 18, "hash": "6UfBJLlIX1wd3MF43w68SPyfPsdwcfzWodH+19bgzRM="}
2022-11-28T20:41:54.557Z	INFO	replica=6	coded-hotterstuff/consensus.go:507	new block commited	{"CURRENT VIEW": 20, "view": 17, "hash": "fbyAo5VKEVdmy5epf95saK65Dkgc3+iXrMxeW3XrK2g="}
2022-11-28T20:41:54.558Z	DEBUG	replica=6	coded-hotterstuff/consensus.go:392	proposal is safe to vote on	{"CURRENT VIEW": 20, "msg": "proposal", "header view": 20, "prepare view": 19, "hash": "Dba/D48qmB3vVH8kTd18xxswcR8z4rJnptAsC3sfvzQ=", "parent": "uSmPJ2ljy8Cf/kVdYaizGHLR6BOCKJsjlWDpYp2SPg4="}
Node  6 +1 block finalized at time:  2022-11-28 20:41:54.561602607 +0000 UTC m=+15.246032426
2022-11-28T20:41:54.623Z	DEBUG	replica=6	coded-hotterstuff/consensus.go:676	received vote	{"CURRENT VIEW": 20, "msg": "vote", "voter": 3, "view": 20, "hash": "uSmPJ2ljy8Cf/kVdYaizGHLR6BOCKJsjlWDpYp2SPg4="}
2022-11-28T20:41:54.631Z	DEBUG	replica=6	coded-hotterstuff/consensus.go:220	entered new view	{"CURRENT VIEW": 20, "view timeout": 2, "timedout": false}
2022-11-28T20:41:54.631Z	DEBUG	replica=6	coded-hotterstuff/consensus.go:244	replica is a leader for this view. waiting for data	{"CURRENT VIEW": 20}
2022-11-28T20:41:54.636Z	DEBUG	replica=6	coded-hotterstuff/consensus.go:152	sending proposal	{"CURRENT VIEW": 20, "hash": "Dba/D48qmB3vVH8kTd18xxswcR8z4rJnptAsC3sfvzQ=", "parent": "uSmPJ2ljy8Cf/kVdYaizGHLR6BOCKJsjlWDpYp2SPg4=", "signer": 6}
2022-11-28T20:41:54.636Z	DEBUG	replica=6	coded-hotterstuff/consensus.go:285	received proposal, called onProposal	{"CURRENT VIEW": 20, "msg": "proposal", "header view": 20, "prepare view": 19, "hash": "Dba/D48qmB3vVH8kTd18xxswcR8z4rJnptAsC3sfvzQ=", "parent": "uSmPJ2ljy8Cf/kVdYaizGHLR6BOCKJsjlWDpYp2SPg4="}
2022-11-28T20:41:54.698Z	DEBUG	replica=6	coded-hotterstuff/consensus.go:676	received vote	{"CURRENT VIEW": 20, "msg": "vote", "voter": 4, "view": 20, "hash": "uSmPJ2ljy8Cf/kVdYaizGHLR6BOCKJsjlWDpYp2SPg4="}
2022-11-28T20:41:54.704Z	DEBUG	replica=6	coded-hotterstuff/consensus.go:220	entered new view	{"CURRENT VIEW": 20, "view timeout": 2, "timedout": false}
2022-11-28T20:41:54.704Z	DEBUG	replica=6	coded-hotterstuff/consensus.go:244	replica is a leader for this view. waiting for data	{"CURRENT VIEW": 20}
2022-11-28T20:41:54.708Z	DEBUG	replica=6	coded-hotterstuff/consensus.go:152	sending proposal	{"CURRENT VIEW": 20, "hash": "Dba/D48qmB3vVH8kTd18xxswcR8z4rJnptAsC3sfvzQ=", "parent": "uSmPJ2ljy8Cf/kVdYaizGHLR6BOCKJsjlWDpYp2SPg4=", "signer": 6}
2022-11-28T20:41:54.708Z	DEBUG	replica=6	coded-hotterstuff/consensus.go:285	received proposal, called onProposal	{"CURRENT VIEW": 20, "msg": "proposal", "header view": 20, "prepare view": 19, "hash": "Dba/D48qmB3vVH8kTd18xxswcR8z4rJnptAsC3sfvzQ=", "parent": "uSmPJ2ljy8Cf/kVdYaizGHLR6BOCKJsjlWDpYp2SPg4="}
2022-11-28T20:41:56.007Z	DEBUG	replica=6	coded-hotterstuff/consensus.go:285	received proposal, called onProposal	{"CURRENT VIEW": 20, "msg": "proposal", "header view": 21, "prepare view": 19, "hash": "0SZBQS4E4pFqiz2KHQNDBHMPXOkDtszRUc2EO9/2gmc=", "parent": "Dba/D48qmB3vVH8kTd18xxswcR8z4rJnptAsC3sfvzQ="}
2022-11-28T20:41:56.015Z	DEBUG	replica=6	coded-hotterstuff/consensus.go:519	new block certified	{"CURRENT VIEW": 20, "view": 20, "hash": "Dba/D48qmB3vVH8kTd18xxswcR8z4rJnptAsC3sfvzQ="}
2022-11-28T20:41:56.015Z	DEBUG	replica=6	coded-hotterstuff/consensus.go:220	entered new view	{"CURRENT VIEW": 21, "view timeout": 2, "timedout": false}
2022-11-28T20:41:56.015Z	DEBUG	replica=6	coded-hotterstuff/consensus.go:498	new block locked	{"CURRENT VIEW": 21, "view": 19, "hash": "uSmPJ2ljy8Cf/kVdYaizGHLR6BOCKJsjlWDpYp2SPg4="}
2022-11-28T20:41:56.015Z	INFO	replica=6	coded-hotterstuff/consensus.go:507	new block commited	{"CURRENT VIEW": 21, "view": 18, "hash": "6UfBJLlIX1wd3MF43w68SPyfPsdwcfzWodH+19bgzRM="}
2022-11-28T20:41:56.016Z	DEBUG	replica=6	coded-hotterstuff/consensus.go:392	proposal is safe to vote on	{"CURRENT VIEW": 20, "msg": "proposal", "header view": 21, "prepare view": 19, "hash": "0SZBQS4E4pFqiz2KHQNDBHMPXOkDtszRUc2EO9/2gmc=", "parent": "Dba/D48qmB3vVH8kTd18xxswcR8z4rJnptAsC3sfvzQ="}
Node  6 +1 block finalized at time:  2022-11-28 20:41:56.018586216 +0000 UTC m=+16.703016033
2022-11-28T20:41:56.569Z	DEBUG	replica=6	coded-hotterstuff/consensus.go:285	received proposal, called onProposal	{"CURRENT VIEW": 21, "msg": "proposal", "header view": 21, "prepare view": 20, "hash": "0SZBQS4E4pFqiz2KHQNDBHMPXOkDtszRUc2EO9/2gmc=", "parent": "Dba/D48qmB3vVH8kTd18xxswcR8z4rJnptAsC3sfvzQ="}
2022-11-28T20:41:56.981Z	DEBUG	replica=6	coded-hotterstuff/consensus.go:285	received proposal, called onProposal	{"CURRENT VIEW": 21, "msg": "proposal", "header view": 21, "prepare view": 20, "hash": "0SZBQS4E4pFqiz2KHQNDBHMPXOkDtszRUc2EO9/2gmc=", "parent": "Dba/D48qmB3vVH8kTd18xxswcR8z4rJnptAsC3sfvzQ="}
2022-11-28T20:41:56.995Z	DEBUG	replica=6	coded-hotterstuff/consensus.go:285	received proposal, called onProposal	{"CURRENT VIEW": 21, "msg": "proposal", "header view": 22, "prepare view": 20, "hash": "7Bb+cvmJVOtnuxbz/jTx3aPFOlXYkwYfrDz8TccKono=", "parent": "0SZBQS4E4pFqiz2KHQNDBHMPXOkDtszRUc2EO9/2gmc="}
2022-11-28T20:41:57.010Z	DEBUG	replica=6	coded-hotterstuff/consensus.go:519	new block certified	{"CURRENT VIEW": 21, "view": 21, "hash": "0SZBQS4E4pFqiz2KHQNDBHMPXOkDtszRUc2EO9/2gmc="}
2022-11-28T20:41:57.010Z	DEBUG	replica=6	coded-hotterstuff/consensus.go:220	entered new view	{"CURRENT VIEW": 22, "view timeout": 2, "timedout": false}
2022-11-28T20:41:57.010Z	DEBUG	replica=6	coded-hotterstuff/consensus.go:498	new block locked	{"CURRENT VIEW": 22, "view": 20, "hash": "Dba/D48qmB3vVH8kTd18xxswcR8z4rJnptAsC3sfvzQ="}
2022-11-28T20:41:57.010Z	INFO	replica=6	coded-hotterstuff/consensus.go:507	new block commited	{"CURRENT VIEW": 22, "view": 19, "hash": "uSmPJ2ljy8Cf/kVdYaizGHLR6BOCKJsjlWDpYp2SPg4="}
2022-11-28T20:41:57.015Z	DEBUG	replica=6	coded-hotterstuff/consensus.go:392	proposal is safe to vote on	{"CURRENT VIEW": 21, "msg": "proposal", "header view": 22, "prepare view": 20, "hash": "7Bb+cvmJVOtnuxbz/jTx3aPFOlXYkwYfrDz8TccKono=", "parent": "0SZBQS4E4pFqiz2KHQNDBHMPXOkDtszRUc2EO9/2gmc="}
Node  6 +1 block finalized at time:  2022-11-28 20:41:57.020935186 +0000 UTC m=+17.705365005
2022-11-28T20:41:57.387Z	DEBUG	replica=6	coded-hotterstuff/consensus.go:285	received proposal, called onProposal	{"CURRENT VIEW": 22, "msg": "proposal", "header view": 22, "prepare view": 21, "hash": "7Bb+cvmJVOtnuxbz/jTx3aPFOlXYkwYfrDz8TccKono=", "parent": "0SZBQS4E4pFqiz2KHQNDBHMPXOkDtszRUc2EO9/2gmc="}
2022-11-28T20:41:57.651Z	DEBUG	replica=6	coded-hotterstuff/consensus.go:285	received proposal, called onProposal	{"CURRENT VIEW": 22, "msg": "proposal", "header view": 23, "prepare view": 21, "hash": "pmj4OJzIOBXqJKBq/WB/iFAMQJkaLhcosvbRgseJajI=", "parent": "7Bb+cvmJVOtnuxbz/jTx3aPFOlXYkwYfrDz8TccKono="}
2022-11-28T20:41:57.674Z	DEBUG	replica=6	coded-hotterstuff/consensus.go:519	new block certified	{"CURRENT VIEW": 22, "view": 22, "hash": "7Bb+cvmJVOtnuxbz/jTx3aPFOlXYkwYfrDz8TccKono="}
2022-11-28T20:41:57.674Z	DEBUG	replica=6	coded-hotterstuff/consensus.go:220	entered new view	{"CURRENT VIEW": 23, "view timeout": 2, "timedout": false}
2022-11-28T20:41:57.674Z	DEBUG	replica=6	coded-hotterstuff/consensus.go:498	new block locked	{"CURRENT VIEW": 23, "view": 21, "hash": "0SZBQS4E4pFqiz2KHQNDBHMPXOkDtszRUc2EO9/2gmc="}
2022-11-28T20:41:57.674Z	INFO	replica=6	coded-hotterstuff/consensus.go:507	new block commited	{"CURRENT VIEW": 23, "view": 20, "hash": "Dba/D48qmB3vVH8kTd18xxswcR8z4rJnptAsC3sfvzQ="}
2022-11-28T20:41:57.695Z	DEBUG	replica=6	coded-hotterstuff/consensus.go:392	proposal is safe to vote on	{"CURRENT VIEW": 22, "msg": "proposal", "header view": 23, "prepare view": 21, "hash": "pmj4OJzIOBXqJKBq/WB/iFAMQJkaLhcosvbRgseJajI=", "parent": "7Bb+cvmJVOtnuxbz/jTx3aPFOlXYkwYfrDz8TccKono="}
Node  6 +1 block finalized at time:  2022-11-28 20:41:57.697591845 +0000 UTC m=+18.382021670
2022-11-28T20:41:57.781Z	DEBUG	replica=6	coded-hotterstuff/consensus.go:285	received proposal, called onProposal	{"CURRENT VIEW": 23, "msg": "proposal", "header view": 22, "prepare view": 22, "hash": "7Bb+cvmJVOtnuxbz/jTx3aPFOlXYkwYfrDz8TccKono=", "parent": "0SZBQS4E4pFqiz2KHQNDBHMPXOkDtszRUc2EO9/2gmc="}
2022-11-28T20:41:57.805Z	DEBUG	replica=6	coded-hotterstuff/consensus.go:377	proposal view doesn't match local view	{"CURRENT VIEW": 23, "msg": "proposal", "header view": 22, "prepare view": 22, "hash": "7Bb+cvmJVOtnuxbz/jTx3aPFOlXYkwYfrDz8TccKono=", "parent": "0SZBQS4E4pFqiz2KHQNDBHMPXOkDtszRUc2EO9/2gmc="}
2022-11-28T20:41:58.105Z	DEBUG	replica=6	coded-hotterstuff/consensus.go:285	received proposal, called onProposal	{"CURRENT VIEW": 23, "msg": "proposal", "header view": 23, "prepare view": 22, "hash": "pmj4OJzIOBXqJKBq/WB/iFAMQJkaLhcosvbRgseJajI=", "parent": "7Bb+cvmJVOtnuxbz/jTx3aPFOlXYkwYfrDz8TccKono="}
2022-11-28T20:41:58.298Z	DEBUG	replica=6	coded-hotterstuff/consensus.go:285	received proposal, called onProposal	{"CURRENT VIEW": 23, "msg": "proposal", "header view": 24, "prepare view": 22, "hash": "gik/jtFw93imMquZfPKd+FqganPHYY5XCcGc1OKyfB0=", "parent": "pmj4OJzIOBXqJKBq/WB/iFAMQJkaLhcosvbRgseJajI="}
2022-11-28T20:41:58.313Z	DEBUG	replica=6	coded-hotterstuff/consensus.go:519	new block certified	{"CURRENT VIEW": 23, "view": 23, "hash": "pmj4OJzIOBXqJKBq/WB/iFAMQJkaLhcosvbRgseJajI="}
2022-11-28T20:41:58.313Z	DEBUG	replica=6	coded-hotterstuff/consensus.go:220	entered new view	{"CURRENT VIEW": 24, "view timeout": 2, "timedout": false}
2022-11-28T20:41:58.313Z	DEBUG	replica=6	coded-hotterstuff/consensus.go:498	new block locked	{"CURRENT VIEW": 24, "view": 22, "hash": "7Bb+cvmJVOtnuxbz/jTx3aPFOlXYkwYfrDz8TccKono="}
2022-11-28T20:41:58.313Z	INFO	replica=6	coded-hotterstuff/consensus.go:507	new block commited	{"CURRENT VIEW": 24, "view": 21, "hash": "0SZBQS4E4pFqiz2KHQNDBHMPXOkDtszRUc2EO9/2gmc="}
2022-11-28T20:41:58.319Z	DEBUG	replica=6	coded-hotterstuff/consensus.go:392	proposal is safe to vote on	{"CURRENT VIEW": 23, "msg": "proposal", "header view": 24, "prepare view": 22, "hash": "gik/jtFw93imMquZfPKd+FqganPHYY5XCcGc1OKyfB0=", "parent": "pmj4OJzIOBXqJKBq/WB/iFAMQJkaLhcosvbRgseJajI="}
Node  6 +1 block finalized at time:  2022-11-28 20:41:58.321877306 +0000 UTC m=+19.006307124
2022-11-28T20:41:58.763Z	DEBUG	replica=6	coded-hotterstuff/consensus.go:285	received proposal, called onProposal	{"CURRENT VIEW": 24, "msg": "proposal", "header view": 24, "prepare view": 23, "hash": "gik/jtFw93imMquZfPKd+FqganPHYY5XCcGc1OKyfB0=", "parent": "pmj4OJzIOBXqJKBq/WB/iFAMQJkaLhcosvbRgseJajI="}
2022-11-28T20:41:58.997Z	DEBUG	replica=6	coded-hotterstuff/consensus.go:285	received proposal, called onProposal	{"CURRENT VIEW": 24, "msg": "proposal", "header view": 25, "prepare view": 23, "hash": "Ugwh8F3FpQFeRSYscm+DFw01jRZ/5rTD0xHw0SpCo78=", "parent": "gik/jtFw93imMquZfPKd+FqganPHYY5XCcGc1OKyfB0="}
2022-11-28T20:41:59.009Z	DEBUG	replica=6	coded-hotterstuff/consensus.go:519	new block certified	{"CURRENT VIEW": 24, "view": 24, "hash": "gik/jtFw93imMquZfPKd+FqganPHYY5XCcGc1OKyfB0="}
2022-11-28T20:41:59.009Z	DEBUG	replica=6	coded-hotterstuff/consensus.go:220	entered new view	{"CURRENT VIEW": 25, "view timeout": 2, "timedout": false}
2022-11-28T20:41:59.010Z	DEBUG	replica=6	coded-hotterstuff/consensus.go:498	new block locked	{"CURRENT VIEW": 25, "view": 23, "hash": "pmj4OJzIOBXqJKBq/WB/iFAMQJkaLhcosvbRgseJajI="}
2022-11-28T20:41:59.010Z	INFO	replica=6	coded-hotterstuff/consensus.go:507	new block commited	{"CURRENT VIEW": 25, "view": 22, "hash": "7Bb+cvmJVOtnuxbz/jTx3aPFOlXYkwYfrDz8TccKono="}
2022-11-28T20:41:59.011Z	DEBUG	replica=6	coded-hotterstuff/consensus.go:392	proposal is safe to vote on	{"CURRENT VIEW": 24, "msg": "proposal", "header view": 25, "prepare view": 23, "hash": "Ugwh8F3FpQFeRSYscm+DFw01jRZ/5rTD0xHw0SpCo78=", "parent": "gik/jtFw93imMquZfPKd+FqganPHYY5XCcGc1OKyfB0="}
Node  6 +1 block finalized at time:  2022-11-28 20:41:59.018750706 +0000 UTC m=+19.703180526
2022-11-28T20:41:59.318Z	DEBUG	replica=6	coded-hotterstuff/consensus.go:285	received proposal, called onProposal	{"CURRENT VIEW": 25, "msg": "proposal", "header view": 26, "prepare view": 24, "hash": "BFze8lj0ByqIeg5FMeM6QhZCC439W3dnPhgVNdsCCe8=", "parent": "Ugwh8F3FpQFeRSYscm+DFw01jRZ/5rTD0xHw0SpCo78="}
2022-11-28T20:41:59.327Z	DEBUG	replica=6	coded-hotterstuff/consensus.go:519	new block certified	{"CURRENT VIEW": 25, "view": 25, "hash": "Ugwh8F3FpQFeRSYscm+DFw01jRZ/5rTD0xHw0SpCo78="}
2022-11-28T20:41:59.327Z	DEBUG	replica=6	coded-hotterstuff/consensus.go:220	entered new view	{"CURRENT VIEW": 26, "view timeout": 2, "timedout": false}
2022-11-28T20:41:59.327Z	DEBUG	replica=6	coded-hotterstuff/consensus.go:235	replica is a leader for next view. collecting new-view messages	{"CURRENT VIEW": 26}
2022-11-28T20:41:59.328Z	DEBUG	replica=6	coded-hotterstuff/consensus.go:498	new block locked	{"CURRENT VIEW": 26, "view": 24, "hash": "gik/jtFw93imMquZfPKd+FqganPHYY5XCcGc1OKyfB0="}
2022-11-28T20:41:59.328Z	INFO	replica=6	coded-hotterstuff/consensus.go:507	new block commited	{"CURRENT VIEW": 26, "view": 23, "hash": "pmj4OJzIOBXqJKBq/WB/iFAMQJkaLhcosvbRgseJajI="}
2022-11-28T20:41:59.329Z	DEBUG	replica=6	coded-hotterstuff/consensus.go:392	proposal is safe to vote on	{"CURRENT VIEW": 25, "msg": "proposal", "header view": 26, "prepare view": 24, "hash": "BFze8lj0ByqIeg5FMeM6QhZCC439W3dnPhgVNdsCCe8=", "parent": "Ugwh8F3FpQFeRSYscm+DFw01jRZ/5rTD0xHw0SpCo78="}
2022-11-28T20:41:59.331Z	DEBUG	replica=6	coded-hotterstuff/consensus.go:676	received vote	{"CURRENT VIEW": 26, "msg": "vote", "voter": 6, "view": 26, "hash": "BFze8lj0ByqIeg5FMeM6QhZCC439W3dnPhgVNdsCCe8="}
2022-11-28T20:41:59.336Z	DEBUG	replica=6	coded-hotterstuff/consensus.go:676	received vote	{"CURRENT VIEW": 26, "msg": "vote", "voter": 5, "view": 26, "hash": "BFze8lj0ByqIeg5FMeM6QhZCC439W3dnPhgVNdsCCe8="}
Node  6 +1 block finalized at time:  2022-11-28 20:41:59.336278959 +0000 UTC m=+20.020708775
2022-11-28T20:41:59.459Z	DEBUG	replica=6	coded-hotterstuff/consensus.go:285	received proposal, called onProposal	{"CURRENT VIEW": 26, "msg": "proposal", "header view": 25, "prepare view": 25, "hash": "Ugwh8F3FpQFeRSYscm+DFw01jRZ/5rTD0xHw0SpCo78=", "parent": "gik/jtFw93imMquZfPKd+FqganPHYY5XCcGc1OKyfB0="}
2022-11-28T20:41:59.471Z	DEBUG	replica=6	coded-hotterstuff/consensus.go:377	proposal view doesn't match local view	{"CURRENT VIEW": 26, "msg": "proposal", "header view": 25, "prepare view": 25, "hash": "Ugwh8F3FpQFeRSYscm+DFw01jRZ/5rTD0xHw0SpCo78=", "parent": "gik/jtFw93imMquZfPKd+FqganPHYY5XCcGc1OKyfB0="}
2022-11-28T20:41:59.486Z	DEBUG	replica=6	coded-hotterstuff/consensus.go:285	received proposal, called onProposal	{"CURRENT VIEW": 26, "msg": "proposal", "header view": 26, "prepare view": 25, "hash": "BFze8lj0ByqIeg5FMeM6QhZCC439W3dnPhgVNdsCCe8=", "parent": "Ugwh8F3FpQFeRSYscm+DFw01jRZ/5rTD0xHw0SpCo78="}
2022-11-28T20:41:59.764Z	DEBUG	replica=6	coded-hotterstuff/consensus.go:676	received vote	{"CURRENT VIEW": 26, "msg": "vote", "voter": 3, "view": 26, "hash": "BFze8lj0ByqIeg5FMeM6QhZCC439W3dnPhgVNdsCCe8="}
2022-11-28T20:41:59.769Z	DEBUG	replica=6	coded-hotterstuff/consensus.go:676	received vote	{"CURRENT VIEW": 26, "msg": "vote", "voter": 2, "view": 26, "hash": "BFze8lj0ByqIeg5FMeM6QhZCC439W3dnPhgVNdsCCe8="}
2022-11-28T20:41:59.774Z	DEBUG	replica=6	coded-hotterstuff/consensus.go:676	received vote	{"CURRENT VIEW": 26, "msg": "vote", "voter": 1, "view": 26, "hash": "BFze8lj0ByqIeg5FMeM6QhZCC439W3dnPhgVNdsCCe8="}
2022-11-28T20:41:59.780Z	DEBUG	replica=6	coded-hotterstuff/consensus.go:519	new block certified	{"CURRENT VIEW": 26, "view": 26, "hash": "BFze8lj0ByqIeg5FMeM6QhZCC439W3dnPhgVNdsCCe8="}
2022-11-28T20:41:59.780Z	DEBUG	replica=6	coded-hotterstuff/consensus.go:220	entered new view	{"CURRENT VIEW": 27, "view timeout": 2, "timedout": false}
2022-11-28T20:41:59.780Z	DEBUG	replica=6	coded-hotterstuff/consensus.go:244	replica is a leader for this view. waiting for data	{"CURRENT VIEW": 27}
2022-11-28T20:41:59.780Z	DEBUG	replica=6	coded-hotterstuff/consensus.go:220	entered new view	{"CURRENT VIEW": 27, "view timeout": 2, "timedout": false}
2022-11-28T20:41:59.780Z	DEBUG	replica=6	coded-hotterstuff/consensus.go:244	replica is a leader for this view. waiting for data	{"CURRENT VIEW": 27}
2022-11-28T20:41:59.780Z	DEBUG	replica=6	coded-hotterstuff/consensus.go:676	received vote	{"CURRENT VIEW": 27, "msg": "vote", "voter": 0, "view": 27, "hash": "BFze8lj0ByqIeg5FMeM6QhZCC439W3dnPhgVNdsCCe8="}
2022-11-28T20:41:59.785Z	DEBUG	replica=6	coded-hotterstuff/consensus.go:220	entered new view	{"CURRENT VIEW": 27, "view timeout": 2, "timedout": false}
2022-11-28T20:41:59.785Z	DEBUG	replica=6	coded-hotterstuff/consensus.go:244	replica is a leader for this view. waiting for data	{"CURRENT VIEW": 27}
2022-11-28T20:41:59.788Z	DEBUG	replica=6	coded-hotterstuff/consensus.go:152	sending proposal	{"CURRENT VIEW": 27, "hash": "e5XoSmN/fXSHLaD7UtB65IvI3HwizG1xo4howmvtAes=", "parent": "BFze8lj0ByqIeg5FMeM6QhZCC439W3dnPhgVNdsCCe8=", "signer": 6}
2022-11-28T20:41:59.788Z	DEBUG	replica=6	coded-hotterstuff/consensus.go:285	received proposal, called onProposal	{"CURRENT VIEW": 27, "msg": "proposal", "header view": 27, "prepare view": 26, "hash": "e5XoSmN/fXSHLaD7UtB65IvI3HwizG1xo4howmvtAes=", "parent": "BFze8lj0ByqIeg5FMeM6QhZCC439W3dnPhgVNdsCCe8="}
2022-11-28T20:41:59.796Z	DEBUG	replica=6	coded-hotterstuff/consensus.go:498	new block locked	{"CURRENT VIEW": 27, "view": 25, "hash": "Ugwh8F3FpQFeRSYscm+DFw01jRZ/5rTD0xHw0SpCo78="}
2022-11-28T20:41:59.796Z	INFO	replica=6	coded-hotterstuff/consensus.go:507	new block commited	{"CURRENT VIEW": 27, "view": 24, "hash": "gik/jtFw93imMquZfPKd+FqganPHYY5XCcGc1OKyfB0="}
2022-11-28T20:41:59.796Z	DEBUG	replica=6	coded-hotterstuff/consensus.go:392	proposal is safe to vote on	{"CURRENT VIEW": 27, "msg": "proposal", "header view": 27, "prepare view": 26, "hash": "e5XoSmN/fXSHLaD7UtB65IvI3HwizG1xo4howmvtAes=", "parent": "BFze8lj0ByqIeg5FMeM6QhZCC439W3dnPhgVNdsCCe8="}
Node  6 +1 block finalized at time:  2022-11-28 20:41:59.799082691 +0000 UTC m=+20.483512513
2022-11-28T20:42:00.063Z	DEBUG	replica=6	coded-hotterstuff/consensus.go:676	received vote	{"CURRENT VIEW": 27, "msg": "vote", "voter": 4, "view": 27, "hash": "BFze8lj0ByqIeg5FMeM6QhZCC439W3dnPhgVNdsCCe8="}
2022-11-28T20:42:00.070Z	DEBUG	replica=6	coded-hotterstuff/consensus.go:220	entered new view	{"CURRENT VIEW": 27, "view timeout": 2, "timedout": false}
2022-11-28T20:42:00.070Z	DEBUG	replica=6	coded-hotterstuff/consensus.go:244	replica is a leader for this view. waiting for data	{"CURRENT VIEW": 27}
2022-11-28T20:42:00.073Z	DEBUG	replica=6	coded-hotterstuff/consensus.go:152	sending proposal	{"CURRENT VIEW": 27, "hash": "e5XoSmN/fXSHLaD7UtB65IvI3HwizG1xo4howmvtAes=", "parent": "BFze8lj0ByqIeg5FMeM6QhZCC439W3dnPhgVNdsCCe8=", "signer": 6}
2022-11-28T20:42:00.073Z	DEBUG	replica=6	coded-hotterstuff/consensus.go:285	received proposal, called onProposal	{"CURRENT VIEW": 27, "msg": "proposal", "header view": 27, "prepare view": 26, "hash": "e5XoSmN/fXSHLaD7UtB65IvI3HwizG1xo4howmvtAes=", "parent": "BFze8lj0ByqIeg5FMeM6QhZCC439W3dnPhgVNdsCCe8="}
Receiver: failed to read message from reader!
Error: failed to read data!
handleConnection: listenForMessages returned error, calling cancelFunction
Failed to read message from reader
sendMessages: Time to return
