Node index: 0
2022-11-27T04:44:28.809Z	DEBUG	replica=0	coded-hotterstuff/consensus.go:220	entered new view	{"CURRENT VIEW": 1, "view timeout": 2, "timedout": false}
connection established 0 - 4
Node  0 -->  Listening for messages... 
connection established 0 - 3
Node  0 -->  Listening for messages... 
connection established 0 - 5
Node  0 -->  Listening for messages... 
connection established 0 - 6
Node  0 -->  Listening for messages... 
connection established 0 - 2
Node  0 -->  Listening for messages... 
connection established 0 - 1
Node  0 -->  Listening for messages... 
2022-11-27T04:44:33.991Z	DEBUG	replica=0	coded-hotterstuff/consensus.go:285	received proposal, called onProposal	{"CURRENT VIEW": 1, "msg": "proposal", "header view": 1, "prepare view": 0, "hash": "SKC06ZXnbItnYZVTxXLWgGtuTOc9zSoSvlJWhQRO6/8=", "parent": "GZWDhiYW+ib6TpJWRLDOftUd8y8ovAaEerQWDbefS7c="}
2022-11-27T04:44:34.000Z	DEBUG	replica=0	coded-hotterstuff/consensus.go:487	could not find gparent header	{"CURRENT VIEW": 1, "view": 0, "hash": "GZWDhiYW+ib6TpJWRLDOftUd8y8ovAaEerQWDbefS7c="}
2022-11-27T04:44:34.003Z	DEBUG	replica=0	coded-hotterstuff/consensus.go:392	proposal is safe to vote on	{"CURRENT VIEW": 1, "msg": "proposal", "header view": 1, "prepare view": 0, "hash": "SKC06ZXnbItnYZVTxXLWgGtuTOc9zSoSvlJWhQRO6/8=", "parent": "GZWDhiYW+ib6TpJWRLDOftUd8y8ovAaEerQWDbefS7c="}
2022-11-27T04:44:39.097Z	DEBUG	replica=0	coded-hotterstuff/consensus.go:285	received proposal, called onProposal	{"CURRENT VIEW": 1, "msg": "proposal", "header view": 2, "prepare view": 0, "hash": "cPBdTa7qQJueFGrjnuqGleZwFBh/lhGAlUWBfCr3UKs=", "parent": "SKC06ZXnbItnYZVTxXLWgGtuTOc9zSoSvlJWhQRO6/8="}
2022-11-27T04:44:39.108Z	DEBUG	replica=0	coded-hotterstuff/consensus.go:519	new block certified	{"CURRENT VIEW": 1, "view": 1, "hash": "SKC06ZXnbItnYZVTxXLWgGtuTOc9zSoSvlJWhQRO6/8="}
2022-11-27T04:44:39.108Z	DEBUG	replica=0	coded-hotterstuff/consensus.go:220	entered new view	{"CURRENT VIEW": 2, "view timeout": 2, "timedout": false}
2022-11-27T04:44:39.108Z	DEBUG	replica=0	coded-hotterstuff/consensus.go:492	could not find ggparent header	{"CURRENT VIEW": 2, "view": 0, "hash": "GZWDhiYW+ib6TpJWRLDOftUd8y8ovAaEerQWDbefS7c="}
2022-11-27T04:44:39.111Z	DEBUG	replica=0	coded-hotterstuff/consensus.go:392	proposal is safe to vote on	{"CURRENT VIEW": 1, "msg": "proposal", "header view": 2, "prepare view": 0, "hash": "cPBdTa7qQJueFGrjnuqGleZwFBh/lhGAlUWBfCr3UKs=", "parent": "SKC06ZXnbItnYZVTxXLWgGtuTOc9zSoSvlJWhQRO6/8="}
2022-11-27T04:44:43.903Z	DEBUG	replica=0	coded-hotterstuff/consensus.go:285	received proposal, called onProposal	{"CURRENT VIEW": 2, "msg": "proposal", "header view": 2, "prepare view": 1, "hash": "cPBdTa7qQJueFGrjnuqGleZwFBh/lhGAlUWBfCr3UKs=", "parent": "SKC06ZXnbItnYZVTxXLWgGtuTOc9zSoSvlJWhQRO6/8="}
2022-11-27T04:44:43.911Z	DEBUG	replica=0	coded-hotterstuff/consensus.go:492	could not find ggparent header	{"CURRENT VIEW": 2, "view": 0, "hash": "GZWDhiYW+ib6TpJWRLDOftUd8y8ovAaEerQWDbefS7c="}
2022-11-27T04:44:43.936Z	DEBUG	replica=0	coded-hotterstuff/consensus.go:285	received proposal, called onProposal	{"CURRENT VIEW": 2, "msg": "proposal", "header view": 3, "prepare view": 1, "hash": "cLFzFj8B5QK8hCmGW/OU2JuMGjA5BWSI/G1faUNJ6uM=", "parent": "cPBdTa7qQJueFGrjnuqGleZwFBh/lhGAlUWBfCr3UKs="}
2022-11-27T04:44:43.949Z	DEBUG	replica=0	coded-hotterstuff/consensus.go:519	new block certified	{"CURRENT VIEW": 2, "view": 2, "hash": "cPBdTa7qQJueFGrjnuqGleZwFBh/lhGAlUWBfCr3UKs="}
2022-11-27T04:44:43.949Z	DEBUG	replica=0	coded-hotterstuff/consensus.go:220	entered new view	{"CURRENT VIEW": 3, "view timeout": 2, "timedout": false}
2022-11-27T04:44:43.949Z	DEBUG	replica=0	coded-hotterstuff/consensus.go:498	new block locked	{"CURRENT VIEW": 3, "view": 1, "hash": "SKC06ZXnbItnYZVTxXLWgGtuTOc9zSoSvlJWhQRO6/8="}
2022-11-27T04:44:43.951Z	DEBUG	replica=0	coded-hotterstuff/consensus.go:392	proposal is safe to vote on	{"CURRENT VIEW": 2, "msg": "proposal", "header view": 3, "prepare view": 1, "hash": "cLFzFj8B5QK8hCmGW/OU2JuMGjA5BWSI/G1faUNJ6uM=", "parent": "cPBdTa7qQJueFGrjnuqGleZwFBh/lhGAlUWBfCr3UKs="}
2022-11-27T04:44:48.546Z	DEBUG	replica=0	coded-hotterstuff/consensus.go:285	received proposal, called onProposal	{"CURRENT VIEW": 3, "msg": "proposal", "header view": 3, "prepare view": 2, "hash": "cLFzFj8B5QK8hCmGW/OU2JuMGjA5BWSI/G1faUNJ6uM=", "parent": "cPBdTa7qQJueFGrjnuqGleZwFBh/lhGAlUWBfCr3UKs="}
2022-11-27T04:44:48.569Z	DEBUG	replica=0	coded-hotterstuff/consensus.go:285	received proposal, called onProposal	{"CURRENT VIEW": 3, "msg": "proposal", "header view": 4, "prepare view": 2, "hash": "8WqYPi7RnJLtEHQ0we0AUFXAprYP7gJj7Cq2GuiCGb4=", "parent": "cLFzFj8B5QK8hCmGW/OU2JuMGjA5BWSI/G1faUNJ6uM="}
2022-11-27T04:44:48.587Z	DEBUG	replica=0	coded-hotterstuff/consensus.go:519	new block certified	{"CURRENT VIEW": 3, "view": 3, "hash": "cLFzFj8B5QK8hCmGW/OU2JuMGjA5BWSI/G1faUNJ6uM="}
2022-11-27T04:44:48.588Z	DEBUG	replica=0	coded-hotterstuff/consensus.go:220	entered new view	{"CURRENT VIEW": 4, "view timeout": 2, "timedout": false}
2022-11-27T04:44:48.588Z	DEBUG	replica=0	coded-hotterstuff/consensus.go:498	new block locked	{"CURRENT VIEW": 4, "view": 2, "hash": "cPBdTa7qQJueFGrjnuqGleZwFBh/lhGAlUWBfCr3UKs="}
2022-11-27T04:44:48.588Z	INFO	replica=0	coded-hotterstuff/consensus.go:507	new block commited	{"CURRENT VIEW": 4, "view": 1, "hash": "SKC06ZXnbItnYZVTxXLWgGtuTOc9zSoSvlJWhQRO6/8="}
2022-11-27T04:44:48.589Z	DEBUG	replica=0	coded-hotterstuff/consensus.go:392	proposal is safe to vote on	{"CURRENT VIEW": 3, "msg": "proposal", "header view": 4, "prepare view": 2, "hash": "8WqYPi7RnJLtEHQ0we0AUFXAprYP7gJj7Cq2GuiCGb4=", "parent": "cLFzFj8B5QK8hCmGW/OU2JuMGjA5BWSI/G1faUNJ6uM="}
Node  0 +1 block finalized at time:  2022-11-27 04:44:48.592905944 +0000 UTC m=+19.896586069
2022-11-27T04:44:52.940Z	DEBUG	replica=0	coded-hotterstuff/consensus.go:285	received proposal, called onProposal	{"CURRENT VIEW": 4, "msg": "proposal", "header view": 4, "prepare view": 3, "hash": "8WqYPi7RnJLtEHQ0we0AUFXAprYP7gJj7Cq2GuiCGb4=", "parent": "cLFzFj8B5QK8hCmGW/OU2JuMGjA5BWSI/G1faUNJ6uM="}
2022-11-27T04:44:53.385Z	DEBUG	replica=0	coded-hotterstuff/consensus.go:285	received proposal, called onProposal	{"CURRENT VIEW": 4, "msg": "proposal", "header view": 5, "prepare view": 3, "hash": "jgrj6scOqMsv2tOI5ilebUQ0EAUbjhBGBRf6AbYZ3ZQ=", "parent": "8WqYPi7RnJLtEHQ0we0AUFXAprYP7gJj7Cq2GuiCGb4="}
2022-11-27T04:44:53.393Z	DEBUG	replica=0	coded-hotterstuff/consensus.go:519	new block certified	{"CURRENT VIEW": 4, "view": 4, "hash": "8WqYPi7RnJLtEHQ0we0AUFXAprYP7gJj7Cq2GuiCGb4="}
2022-11-27T04:44:53.393Z	DEBUG	replica=0	coded-hotterstuff/consensus.go:220	entered new view	{"CURRENT VIEW": 5, "view timeout": 2, "timedout": false}
2022-11-27T04:44:53.393Z	DEBUG	replica=0	coded-hotterstuff/consensus.go:498	new block locked	{"CURRENT VIEW": 5, "view": 3, "hash": "cLFzFj8B5QK8hCmGW/OU2JuMGjA5BWSI/G1faUNJ6uM="}
2022-11-27T04:44:53.393Z	INFO	replica=0	coded-hotterstuff/consensus.go:507	new block commited	{"CURRENT VIEW": 5, "view": 2, "hash": "cPBdTa7qQJueFGrjnuqGleZwFBh/lhGAlUWBfCr3UKs="}
2022-11-27T04:44:53.394Z	DEBUG	replica=0	coded-hotterstuff/consensus.go:392	proposal is safe to vote on	{"CURRENT VIEW": 4, "msg": "proposal", "header view": 5, "prepare view": 3, "hash": "jgrj6scOqMsv2tOI5ilebUQ0EAUbjhBGBRf6AbYZ3ZQ=", "parent": "8WqYPi7RnJLtEHQ0we0AUFXAprYP7gJj7Cq2GuiCGb4="}
Node  0 +1 block finalized at time:  2022-11-27 04:44:53.396823505 +0000 UTC m=+24.700503640
2022-11-27T04:44:57.485Z	DEBUG	replica=0	coded-hotterstuff/consensus.go:285	received proposal, called onProposal	{"CURRENT VIEW": 5, "msg": "proposal", "header view": 5, "prepare view": 4, "hash": "jgrj6scOqMsv2tOI5ilebUQ0EAUbjhBGBRf6AbYZ3ZQ=", "parent": "8WqYPi7RnJLtEHQ0we0AUFXAprYP7gJj7Cq2GuiCGb4="}
2022-11-27T04:44:58.264Z	DEBUG	replica=0	coded-hotterstuff/consensus.go:285	received proposal, called onProposal	{"CURRENT VIEW": 5, "msg": "proposal", "header view": 6, "prepare view": 4, "hash": "kFp8+So3McG2yp/crA+UXLJ7e1+L/NadJHrbEZU+si4=", "parent": "jgrj6scOqMsv2tOI5ilebUQ0EAUbjhBGBRf6AbYZ3ZQ="}
2022-11-27T04:44:58.278Z	DEBUG	replica=0	coded-hotterstuff/consensus.go:519	new block certified	{"CURRENT VIEW": 5, "view": 5, "hash": "jgrj6scOqMsv2tOI5ilebUQ0EAUbjhBGBRf6AbYZ3ZQ="}
2022-11-27T04:44:58.278Z	DEBUG	replica=0	coded-hotterstuff/consensus.go:220	entered new view	{"CURRENT VIEW": 6, "view timeout": 2, "timedout": false}
2022-11-27T04:44:58.278Z	DEBUG	replica=0	coded-hotterstuff/consensus.go:235	replica is a leader for next view. collecting new-view messages	{"CURRENT VIEW": 6}
2022-11-27T04:44:58.278Z	DEBUG	replica=0	coded-hotterstuff/consensus.go:498	new block locked	{"CURRENT VIEW": 6, "view": 4, "hash": "8WqYPi7RnJLtEHQ0we0AUFXAprYP7gJj7Cq2GuiCGb4="}
2022-11-27T04:44:58.278Z	INFO	replica=0	coded-hotterstuff/consensus.go:507	new block commited	{"CURRENT VIEW": 6, "view": 3, "hash": "cLFzFj8B5QK8hCmGW/OU2JuMGjA5BWSI/G1faUNJ6uM="}
2022-11-27T04:44:58.279Z	DEBUG	replica=0	coded-hotterstuff/consensus.go:392	proposal is safe to vote on	{"CURRENT VIEW": 5, "msg": "proposal", "header view": 6, "prepare view": 4, "hash": "kFp8+So3McG2yp/crA+UXLJ7e1+L/NadJHrbEZU+si4=", "parent": "jgrj6scOqMsv2tOI5ilebUQ0EAUbjhBGBRf6AbYZ3ZQ="}
2022-11-27T04:44:58.281Z	DEBUG	replica=0	coded-hotterstuff/consensus.go:676	received vote	{"CURRENT VIEW": 6, "msg": "vote", "voter": 0, "view": 6, "hash": "kFp8+So3McG2yp/crA+UXLJ7e1+L/NadJHrbEZU+si4="}
2022-11-27T04:44:58.285Z	DEBUG	replica=0	coded-hotterstuff/consensus.go:676	received vote	{"CURRENT VIEW": 6, "msg": "vote", "voter": 6, "view": 6, "hash": "kFp8+So3McG2yp/crA+UXLJ7e1+L/NadJHrbEZU+si4="}
Node  0 +1 block finalized at time:  2022-11-27 04:44:58.28603858 +0000 UTC m=+29.589718787
2022-11-27T04:44:58.296Z	DEBUG	replica=0	coded-hotterstuff/consensus.go:676	received vote	{"CURRENT VIEW": 6, "msg": "vote", "voter": 3, "view": 6, "hash": "kFp8+So3McG2yp/crA+UXLJ7e1+L/NadJHrbEZU+si4="}
2022-11-27T04:44:58.329Z	DEBUG	replica=0	coded-hotterstuff/consensus.go:676	received vote	{"CURRENT VIEW": 6, "msg": "vote", "voter": 4, "view": 6, "hash": "kFp8+So3McG2yp/crA+UXLJ7e1+L/NadJHrbEZU+si4="}
2022-11-27T04:44:58.334Z	DEBUG	replica=0	coded-hotterstuff/consensus.go:676	received vote	{"CURRENT VIEW": 6, "msg": "vote", "voter": 1, "view": 6, "hash": "kFp8+So3McG2yp/crA+UXLJ7e1+L/NadJHrbEZU+si4="}
2022-11-27T04:44:58.339Z	DEBUG	replica=0	coded-hotterstuff/consensus.go:519	new block certified	{"CURRENT VIEW": 6, "view": 6, "hash": "kFp8+So3McG2yp/crA+UXLJ7e1+L/NadJHrbEZU+si4="}
2022-11-27T04:44:58.339Z	DEBUG	replica=0	coded-hotterstuff/consensus.go:220	entered new view	{"CURRENT VIEW": 7, "view timeout": 2, "timedout": false}
2022-11-27T04:44:58.339Z	DEBUG	replica=0	coded-hotterstuff/consensus.go:244	replica is a leader for this view. waiting for data	{"CURRENT VIEW": 7}
2022-11-27T04:44:58.339Z	DEBUG	replica=0	coded-hotterstuff/consensus.go:220	entered new view	{"CURRENT VIEW": 7, "view timeout": 2, "timedout": false}
2022-11-27T04:44:58.339Z	DEBUG	replica=0	coded-hotterstuff/consensus.go:244	replica is a leader for this view. waiting for data	{"CURRENT VIEW": 7}
2022-11-27T04:44:58.339Z	DEBUG	replica=0	coded-hotterstuff/consensus.go:676	received vote	{"CURRENT VIEW": 7, "msg": "vote", "voter": 2, "view": 7, "hash": "kFp8+So3McG2yp/crA+UXLJ7e1+L/NadJHrbEZU+si4="}
2022-11-27T04:44:58.344Z	DEBUG	replica=0	coded-hotterstuff/consensus.go:220	entered new view	{"CURRENT VIEW": 7, "view timeout": 2, "timedout": false}
2022-11-27T04:44:58.344Z	DEBUG	replica=0	coded-hotterstuff/consensus.go:244	replica is a leader for this view. waiting for data	{"CURRENT VIEW": 7}
2022-11-27T04:44:58.346Z	DEBUG	replica=0	coded-hotterstuff/consensus.go:152	sending proposal	{"CURRENT VIEW": 7, "hash": "UrpGBauqox/y7djWW1+uYAk4lnjGCoti5rxDg06dPA8=", "parent": "kFp8+So3McG2yp/crA+UXLJ7e1+L/NadJHrbEZU+si4=", "signer": 0}
2022-11-27T04:44:58.346Z	DEBUG	replica=0	coded-hotterstuff/consensus.go:285	received proposal, called onProposal	{"CURRENT VIEW": 7, "msg": "proposal", "header view": 7, "prepare view": 6, "hash": "UrpGBauqox/y7djWW1+uYAk4lnjGCoti5rxDg06dPA8=", "parent": "kFp8+So3McG2yp/crA+UXLJ7e1+L/NadJHrbEZU+si4="}
2022-11-27T04:44:58.354Z	DEBUG	replica=0	coded-hotterstuff/consensus.go:498	new block locked	{"CURRENT VIEW": 7, "view": 5, "hash": "jgrj6scOqMsv2tOI5ilebUQ0EAUbjhBGBRf6AbYZ3ZQ="}
2022-11-27T04:44:58.354Z	INFO	replica=0	coded-hotterstuff/consensus.go:507	new block commited	{"CURRENT VIEW": 7, "view": 4, "hash": "8WqYPi7RnJLtEHQ0we0AUFXAprYP7gJj7Cq2GuiCGb4="}
2022-11-27T04:44:58.356Z	DEBUG	replica=0	coded-hotterstuff/consensus.go:392	proposal is safe to vote on	{"CURRENT VIEW": 7, "msg": "proposal", "header view": 7, "prepare view": 6, "hash": "UrpGBauqox/y7djWW1+uYAk4lnjGCoti5rxDg06dPA8=", "parent": "kFp8+So3McG2yp/crA+UXLJ7e1+L/NadJHrbEZU+si4="}
Node  0 +1 block finalized at time:  2022-11-27 04:44:58.359283775 +0000 UTC m=+29.662963908
2022-11-27T04:45:00.595Z	DEBUG	replica=0	coded-hotterstuff/consensus.go:676	received vote	{"CURRENT VIEW": 7, "msg": "vote", "voter": 5, "view": 7, "hash": "kFp8+So3McG2yp/crA+UXLJ7e1+L/NadJHrbEZU+si4="}
2022-11-27T04:45:00.600Z	DEBUG	replica=0	coded-hotterstuff/consensus.go:220	entered new view	{"CURRENT VIEW": 7, "view timeout": 2, "timedout": false}
2022-11-27T04:45:00.600Z	DEBUG	replica=0	coded-hotterstuff/consensus.go:244	replica is a leader for this view. waiting for data	{"CURRENT VIEW": 7}
2022-11-27T04:45:00.604Z	DEBUG	replica=0	coded-hotterstuff/consensus.go:152	sending proposal	{"CURRENT VIEW": 7, "hash": "UrpGBauqox/y7djWW1+uYAk4lnjGCoti5rxDg06dPA8=", "parent": "kFp8+So3McG2yp/crA+UXLJ7e1+L/NadJHrbEZU+si4=", "signer": 0}
2022-11-27T04:45:00.604Z	DEBUG	replica=0	coded-hotterstuff/consensus.go:285	received proposal, called onProposal	{"CURRENT VIEW": 7, "msg": "proposal", "header view": 7, "prepare view": 6, "hash": "UrpGBauqox/y7djWW1+uYAk4lnjGCoti5rxDg06dPA8=", "parent": "kFp8+So3McG2yp/crA+UXLJ7e1+L/NadJHrbEZU+si4="}
2022-11-27T04:45:08.045Z	DEBUG	replica=0	coded-hotterstuff/consensus.go:285	received proposal, called onProposal	{"CURRENT VIEW": 7, "msg": "proposal", "header view": 6, "prepare view": 6, "hash": "kFp8+So3McG2yp/crA+UXLJ7e1+L/NadJHrbEZU+si4=", "parent": "jgrj6scOqMsv2tOI5ilebUQ0EAUbjhBGBRf6AbYZ3ZQ="}
2022-11-27T04:45:08.053Z	DEBUG	replica=0	coded-hotterstuff/consensus.go:377	proposal view doesn't match local view	{"CURRENT VIEW": 7, "msg": "proposal", "header view": 6, "prepare view": 6, "hash": "kFp8+So3McG2yp/crA+UXLJ7e1+L/NadJHrbEZU+si4=", "parent": "jgrj6scOqMsv2tOI5ilebUQ0EAUbjhBGBRf6AbYZ3ZQ="}
2022-11-27T04:45:09.493Z	DEBUG	replica=0	coded-hotterstuff/consensus.go:285	received proposal, called onProposal	{"CURRENT VIEW": 7, "msg": "proposal", "header view": 8, "prepare view": 6, "hash": "CdTNHG77L/KNb6fxbFkMI5vefUtOuAcj6xhNSmb/gws=", "parent": "UrpGBauqox/y7djWW1+uYAk4lnjGCoti5rxDg06dPA8="}
2022-11-27T04:45:09.500Z	DEBUG	replica=0	coded-hotterstuff/consensus.go:519	new block certified	{"CURRENT VIEW": 7, "view": 7, "hash": "UrpGBauqox/y7djWW1+uYAk4lnjGCoti5rxDg06dPA8="}
2022-11-27T04:45:09.500Z	DEBUG	replica=0	coded-hotterstuff/consensus.go:220	entered new view	{"CURRENT VIEW": 8, "view timeout": 2, "timedout": false}
2022-11-27T04:45:09.500Z	DEBUG	replica=0	coded-hotterstuff/consensus.go:498	new block locked	{"CURRENT VIEW": 8, "view": 6, "hash": "kFp8+So3McG2yp/crA+UXLJ7e1+L/NadJHrbEZU+si4="}
2022-11-27T04:45:09.500Z	INFO	replica=0	coded-hotterstuff/consensus.go:507	new block commited	{"CURRENT VIEW": 8, "view": 5, "hash": "jgrj6scOqMsv2tOI5ilebUQ0EAUbjhBGBRf6AbYZ3ZQ="}
2022-11-27T04:45:09.502Z	DEBUG	replica=0	coded-hotterstuff/consensus.go:392	proposal is safe to vote on	{"CURRENT VIEW": 7, "msg": "proposal", "header view": 8, "prepare view": 6, "hash": "CdTNHG77L/KNb6fxbFkMI5vefUtOuAcj6xhNSmb/gws=", "parent": "UrpGBauqox/y7djWW1+uYAk4lnjGCoti5rxDg06dPA8="}
Node  0 +1 block finalized at time:  2022-11-27 04:45:09.504238989 +0000 UTC m=+40.807919112
2022-11-27T04:45:09.856Z	DEBUG	replica=0	coded-hotterstuff/consensus.go:285	received proposal, called onProposal	{"CURRENT VIEW": 8, "msg": "proposal", "header view": 6, "prepare view": 7, "hash": "kFp8+So3McG2yp/crA+UXLJ7e1+L/NadJHrbEZU+si4=", "parent": "jgrj6scOqMsv2tOI5ilebUQ0EAUbjhBGBRf6AbYZ3ZQ="}
2022-11-27T04:45:09.864Z	DEBUG	replica=0	coded-hotterstuff/consensus.go:377	proposal view doesn't match local view	{"CURRENT VIEW": 8, "msg": "proposal", "header view": 6, "prepare view": 7, "hash": "kFp8+So3McG2yp/crA+UXLJ7e1+L/NadJHrbEZU+si4=", "parent": "jgrj6scOqMsv2tOI5ilebUQ0EAUbjhBGBRf6AbYZ3ZQ="}
2022-11-27T04:45:12.183Z	DEBUG	replica=0	coded-hotterstuff/consensus.go:285	received proposal, called onProposal	{"CURRENT VIEW": 8, "msg": "proposal", "header view": 9, "prepare view": 7, "hash": "S5jvF8HlmLvBxjERXgBCYm1M/GPQBuOxef9Rwa5UXRA=", "parent": "CdTNHG77L/KNb6fxbFkMI5vefUtOuAcj6xhNSmb/gws="}
2022-11-27T04:45:12.198Z	DEBUG	replica=0	coded-hotterstuff/consensus.go:519	new block certified	{"CURRENT VIEW": 8, "view": 8, "hash": "CdTNHG77L/KNb6fxbFkMI5vefUtOuAcj6xhNSmb/gws="}
2022-11-27T04:45:12.198Z	DEBUG	replica=0	coded-hotterstuff/consensus.go:220	entered new view	{"CURRENT VIEW": 9, "view timeout": 2, "timedout": false}
2022-11-27T04:45:12.198Z	DEBUG	replica=0	coded-hotterstuff/consensus.go:498	new block locked	{"CURRENT VIEW": 9, "view": 7, "hash": "UrpGBauqox/y7djWW1+uYAk4lnjGCoti5rxDg06dPA8="}
2022-11-27T04:45:12.198Z	INFO	replica=0	coded-hotterstuff/consensus.go:507	new block commited	{"CURRENT VIEW": 9, "view": 6, "hash": "kFp8+So3McG2yp/crA+UXLJ7e1+L/NadJHrbEZU+si4="}
2022-11-27T04:45:12.199Z	DEBUG	replica=0	coded-hotterstuff/consensus.go:392	proposal is safe to vote on	{"CURRENT VIEW": 8, "msg": "proposal", "header view": 9, "prepare view": 7, "hash": "S5jvF8HlmLvBxjERXgBCYm1M/GPQBuOxef9Rwa5UXRA=", "parent": "CdTNHG77L/KNb6fxbFkMI5vefUtOuAcj6xhNSmb/gws="}
Node  0 +1 block finalized at time:  2022-11-27 04:45:12.201429198 +0000 UTC m=+43.505109321
2022-11-27T04:45:15.573Z	DEBUG	replica=0	coded-hotterstuff/consensus.go:285	received proposal, called onProposal	{"CURRENT VIEW": 9, "msg": "proposal", "header view": 8, "prepare view": 8, "hash": "CdTNHG77L/KNb6fxbFkMI5vefUtOuAcj6xhNSmb/gws=", "parent": "UrpGBauqox/y7djWW1+uYAk4lnjGCoti5rxDg06dPA8="}
2022-11-27T04:45:15.581Z	DEBUG	replica=0	coded-hotterstuff/consensus.go:377	proposal view doesn't match local view	{"CURRENT VIEW": 9, "msg": "proposal", "header view": 8, "prepare view": 8, "hash": "CdTNHG77L/KNb6fxbFkMI5vefUtOuAcj6xhNSmb/gws=", "parent": "UrpGBauqox/y7djWW1+uYAk4lnjGCoti5rxDg06dPA8="}
2022-11-27T04:45:16.569Z	DEBUG	replica=0	coded-hotterstuff/consensus.go:285	received proposal, called onProposal	{"CURRENT VIEW": 9, "msg": "proposal", "header view": 9, "prepare view": 8, "hash": "S5jvF8HlmLvBxjERXgBCYm1M/GPQBuOxef9Rwa5UXRA=", "parent": "CdTNHG77L/KNb6fxbFkMI5vefUtOuAcj6xhNSmb/gws="}
2022-11-27T04:45:18.045Z	DEBUG	replica=0	coded-hotterstuff/consensus.go:285	received proposal, called onProposal	{"CURRENT VIEW": 9, "msg": "proposal", "header view": 8, "prepare view": 8, "hash": "CdTNHG77L/KNb6fxbFkMI5vefUtOuAcj6xhNSmb/gws=", "parent": "UrpGBauqox/y7djWW1+uYAk4lnjGCoti5rxDg06dPA8="}
2022-11-27T04:45:18.052Z	DEBUG	replica=0	coded-hotterstuff/consensus.go:377	proposal view doesn't match local view	{"CURRENT VIEW": 9, "msg": "proposal", "header view": 8, "prepare view": 8, "hash": "CdTNHG77L/KNb6fxbFkMI5vefUtOuAcj6xhNSmb/gws=", "parent": "UrpGBauqox/y7djWW1+uYAk4lnjGCoti5rxDg06dPA8="}
2022-11-27T04:45:20.614Z	DEBUG	replica=0	coded-hotterstuff/consensus.go:285	received proposal, called onProposal	{"CURRENT VIEW": 9, "msg": "proposal", "header view": 9, "prepare view": 8, "hash": "S5jvF8HlmLvBxjERXgBCYm1M/GPQBuOxef9Rwa5UXRA=", "parent": "CdTNHG77L/KNb6fxbFkMI5vefUtOuAcj6xhNSmb/gws="}
2022-11-27T04:45:21.013Z	DEBUG	replica=0	coded-hotterstuff/consensus.go:285	received proposal, called onProposal	{"CURRENT VIEW": 9, "msg": "proposal", "header view": 10, "prepare view": 8, "hash": "Gymi6tg4A5LZy8aiMG6k221RFpMttMcj9dlrzPCBVG4=", "parent": "S5jvF8HlmLvBxjERXgBCYm1M/GPQBuOxef9Rwa5UXRA="}
2022-11-27T04:45:21.021Z	DEBUG	replica=0	coded-hotterstuff/consensus.go:519	new block certified	{"CURRENT VIEW": 9, "view": 9, "hash": "S5jvF8HlmLvBxjERXgBCYm1M/GPQBuOxef9Rwa5UXRA="}
2022-11-27T04:45:21.021Z	DEBUG	replica=0	coded-hotterstuff/consensus.go:220	entered new view	{"CURRENT VIEW": 10, "view timeout": 2, "timedout": false}
2022-11-27T04:45:21.021Z	DEBUG	replica=0	coded-hotterstuff/consensus.go:498	new block locked	{"CURRENT VIEW": 10, "view": 8, "hash": "CdTNHG77L/KNb6fxbFkMI5vefUtOuAcj6xhNSmb/gws="}
2022-11-27T04:45:21.021Z	INFO	replica=0	coded-hotterstuff/consensus.go:507	new block commited	{"CURRENT VIEW": 10, "view": 7, "hash": "UrpGBauqox/y7djWW1+uYAk4lnjGCoti5rxDg06dPA8="}
2022-11-27T04:45:21.047Z	DEBUG	replica=0	coded-hotterstuff/consensus.go:392	proposal is safe to vote on	{"CURRENT VIEW": 9, "msg": "proposal", "header view": 10, "prepare view": 8, "hash": "Gymi6tg4A5LZy8aiMG6k221RFpMttMcj9dlrzPCBVG4=", "parent": "S5jvF8HlmLvBxjERXgBCYm1M/GPQBuOxef9Rwa5UXRA="}
Node  0 +1 block finalized at time:  2022-11-27 04:45:21.05077652 +0000 UTC m=+52.354456663
2022-11-27T04:45:25.392Z	DEBUG	replica=0	coded-hotterstuff/consensus.go:285	received proposal, called onProposal	{"CURRENT VIEW": 10, "msg": "proposal", "header view": 10, "prepare view": 9, "hash": "Gymi6tg4A5LZy8aiMG6k221RFpMttMcj9dlrzPCBVG4=", "parent": "S5jvF8HlmLvBxjERXgBCYm1M/GPQBuOxef9Rwa5UXRA="}
2022-11-27T04:45:26.072Z	DEBUG	replica=0	coded-hotterstuff/consensus.go:285	received proposal, called onProposal	{"CURRENT VIEW": 10, "msg": "proposal", "header view": 11, "prepare view": 9, "hash": "JHDKbuvn/qlEbMiFGVnXE7z7VfFJm3NDC7AQEWpkt3w=", "parent": "Gymi6tg4A5LZy8aiMG6k221RFpMttMcj9dlrzPCBVG4="}
2022-11-27T04:45:26.083Z	DEBUG	replica=0	coded-hotterstuff/consensus.go:519	new block certified	{"CURRENT VIEW": 10, "view": 10, "hash": "Gymi6tg4A5LZy8aiMG6k221RFpMttMcj9dlrzPCBVG4="}
2022-11-27T04:45:26.083Z	DEBUG	replica=0	coded-hotterstuff/consensus.go:220	entered new view	{"CURRENT VIEW": 11, "view timeout": 2, "timedout": false}
2022-11-27T04:45:26.083Z	DEBUG	replica=0	coded-hotterstuff/consensus.go:498	new block locked	{"CURRENT VIEW": 11, "view": 9, "hash": "S5jvF8HlmLvBxjERXgBCYm1M/GPQBuOxef9Rwa5UXRA="}
2022-11-27T04:45:26.083Z	INFO	replica=0	coded-hotterstuff/consensus.go:507	new block commited	{"CURRENT VIEW": 11, "view": 8, "hash": "CdTNHG77L/KNb6fxbFkMI5vefUtOuAcj6xhNSmb/gws="}
2022-11-27T04:45:26.086Z	DEBUG	replica=0	coded-hotterstuff/consensus.go:392	proposal is safe to vote on	{"CURRENT VIEW": 10, "msg": "proposal", "header view": 11, "prepare view": 9, "hash": "JHDKbuvn/qlEbMiFGVnXE7z7VfFJm3NDC7AQEWpkt3w=", "parent": "Gymi6tg4A5LZy8aiMG6k221RFpMttMcj9dlrzPCBVG4="}
Node  0 +1 block finalized at time:  2022-11-27 04:45:26.088410739 +0000 UTC m=+57.392090862
2022-11-27T04:45:30.410Z	DEBUG	replica=0	coded-hotterstuff/consensus.go:285	received proposal, called onProposal	{"CURRENT VIEW": 11, "msg": "proposal", "header view": 11, "prepare view": 10, "hash": "JHDKbuvn/qlEbMiFGVnXE7z7VfFJm3NDC7AQEWpkt3w=", "parent": "Gymi6tg4A5LZy8aiMG6k221RFpMttMcj9dlrzPCBVG4="}
2022-11-27T04:45:31.083Z	DEBUG	replica=0	coded-hotterstuff/consensus.go:285	received proposal, called onProposal	{"CURRENT VIEW": 11, "msg": "proposal", "header view": 12, "prepare view": 10, "hash": "4aSlzOy0O5eyJna+iDXBFpIuUaKvoAYyhK6f3aYA32A=", "parent": "JHDKbuvn/qlEbMiFGVnXE7z7VfFJm3NDC7AQEWpkt3w="}
2022-11-27T04:45:31.091Z	DEBUG	replica=0	coded-hotterstuff/consensus.go:519	new block certified	{"CURRENT VIEW": 11, "view": 11, "hash": "JHDKbuvn/qlEbMiFGVnXE7z7VfFJm3NDC7AQEWpkt3w="}
2022-11-27T04:45:31.091Z	DEBUG	replica=0	coded-hotterstuff/consensus.go:220	entered new view	{"CURRENT VIEW": 12, "view timeout": 2, "timedout": false}
2022-11-27T04:45:31.091Z	DEBUG	replica=0	coded-hotterstuff/consensus.go:498	new block locked	{"CURRENT VIEW": 12, "view": 10, "hash": "Gymi6tg4A5LZy8aiMG6k221RFpMttMcj9dlrzPCBVG4="}
2022-11-27T04:45:31.091Z	INFO	replica=0	coded-hotterstuff/consensus.go:507	new block commited	{"CURRENT VIEW": 12, "view": 9, "hash": "S5jvF8HlmLvBxjERXgBCYm1M/GPQBuOxef9Rwa5UXRA="}
2022-11-27T04:45:31.098Z	DEBUG	replica=0	coded-hotterstuff/consensus.go:392	proposal is safe to vote on	{"CURRENT VIEW": 11, "msg": "proposal", "header view": 12, "prepare view": 10, "hash": "4aSlzOy0O5eyJna+iDXBFpIuUaKvoAYyhK6f3aYA32A=", "parent": "JHDKbuvn/qlEbMiFGVnXE7z7VfFJm3NDC7AQEWpkt3w="}
Node  0 +1 block finalized at time:  2022-11-27 04:45:31.103573377 +0000 UTC m=+62.407253511
2022-11-27T04:45:34.292Z	DEBUG	replica=0	coded-hotterstuff/consensus.go:285	received proposal, called onProposal	{"CURRENT VIEW": 12, "msg": "proposal", "header view": 11, "prepare view": 11, "hash": "JHDKbuvn/qlEbMiFGVnXE7z7VfFJm3NDC7AQEWpkt3w=", "parent": "Gymi6tg4A5LZy8aiMG6k221RFpMttMcj9dlrzPCBVG4="}
2022-11-27T04:45:34.300Z	DEBUG	replica=0	coded-hotterstuff/consensus.go:377	proposal view doesn't match local view	{"CURRENT VIEW": 12, "msg": "proposal", "header view": 11, "prepare view": 11, "hash": "JHDKbuvn/qlEbMiFGVnXE7z7VfFJm3NDC7AQEWpkt3w=", "parent": "Gymi6tg4A5LZy8aiMG6k221RFpMttMcj9dlrzPCBVG4="}
2022-11-27T04:45:35.489Z	DEBUG	replica=0	coded-hotterstuff/consensus.go:285	received proposal, called onProposal	{"CURRENT VIEW": 12, "msg": "proposal", "header view": 12, "prepare view": 11, "hash": "4aSlzOy0O5eyJna+iDXBFpIuUaKvoAYyhK6f3aYA32A=", "parent": "JHDKbuvn/qlEbMiFGVnXE7z7VfFJm3NDC7AQEWpkt3w="}
2022-11-27T04:45:36.241Z	DEBUG	replica=0	coded-hotterstuff/consensus.go:285	received proposal, called onProposal	{"CURRENT VIEW": 12, "msg": "proposal", "header view": 13, "prepare view": 11, "hash": "N0cMWKpZHmTkF/OJGwaFHU4Y2cZrG1h733+F25H9V6E=", "parent": "4aSlzOy0O5eyJna+iDXBFpIuUaKvoAYyhK6f3aYA32A="}
2022-11-27T04:45:36.248Z	DEBUG	replica=0	coded-hotterstuff/consensus.go:519	new block certified	{"CURRENT VIEW": 12, "view": 12, "hash": "4aSlzOy0O5eyJna+iDXBFpIuUaKvoAYyhK6f3aYA32A="}
2022-11-27T04:45:36.248Z	DEBUG	replica=0	coded-hotterstuff/consensus.go:220	entered new view	{"CURRENT VIEW": 13, "view timeout": 2, "timedout": false}
2022-11-27T04:45:36.248Z	DEBUG	replica=0	coded-hotterstuff/consensus.go:235	replica is a leader for next view. collecting new-view messages	{"CURRENT VIEW": 13}
2022-11-27T04:45:36.248Z	DEBUG	replica=0	coded-hotterstuff/consensus.go:498	new block locked	{"CURRENT VIEW": 13, "view": 11, "hash": "JHDKbuvn/qlEbMiFGVnXE7z7VfFJm3NDC7AQEWpkt3w="}
2022-11-27T04:45:36.248Z	INFO	replica=0	coded-hotterstuff/consensus.go:507	new block commited	{"CURRENT VIEW": 13, "view": 10, "hash": "Gymi6tg4A5LZy8aiMG6k221RFpMttMcj9dlrzPCBVG4="}
2022-11-27T04:45:36.250Z	DEBUG	replica=0	coded-hotterstuff/consensus.go:392	proposal is safe to vote on	{"CURRENT VIEW": 12, "msg": "proposal", "header view": 13, "prepare view": 11, "hash": "N0cMWKpZHmTkF/OJGwaFHU4Y2cZrG1h733+F25H9V6E=", "parent": "4aSlzOy0O5eyJna+iDXBFpIuUaKvoAYyhK6f3aYA32A="}
2022-11-27T04:45:36.252Z	DEBUG	replica=0	coded-hotterstuff/consensus.go:676	received vote	{"CURRENT VIEW": 13, "msg": "vote", "voter": 0, "view": 13, "hash": "N0cMWKpZHmTkF/OJGwaFHU4Y2cZrG1h733+F25H9V6E="}
2022-11-27T04:45:36.255Z	DEBUG	replica=0	coded-hotterstuff/consensus.go:676	received vote	{"CURRENT VIEW": 13, "msg": "vote", "voter": 6, "view": 13, "hash": "N0cMWKpZHmTkF/OJGwaFHU4Y2cZrG1h733+F25H9V6E="}
Node  0 +1 block finalized at time:  2022-11-27 04:45:36.255883641 +0000 UTC m=+67.559563774
2022-11-27T04:45:36.285Z	DEBUG	replica=0	coded-hotterstuff/consensus.go:676	received vote	{"CURRENT VIEW": 13, "msg": "vote", "voter": 1, "view": 13, "hash": "N0cMWKpZHmTkF/OJGwaFHU4Y2cZrG1h733+F25H9V6E="}
2022-11-27T04:45:36.292Z	DEBUG	replica=0	coded-hotterstuff/consensus.go:676	received vote	{"CURRENT VIEW": 13, "msg": "vote", "voter": 2, "view": 13, "hash": "N0cMWKpZHmTkF/OJGwaFHU4Y2cZrG1h733+F25H9V6E="}
2022-11-27T04:45:36.297Z	DEBUG	replica=0	coded-hotterstuff/consensus.go:676	received vote	{"CURRENT VIEW": 13, "msg": "vote", "voter": 3, "view": 13, "hash": "N0cMWKpZHmTkF/OJGwaFHU4Y2cZrG1h733+F25H9V6E="}
2022-11-27T04:45:36.302Z	DEBUG	replica=0	coded-hotterstuff/consensus.go:519	new block certified	{"CURRENT VIEW": 13, "view": 13, "hash": "N0cMWKpZHmTkF/OJGwaFHU4Y2cZrG1h733+F25H9V6E="}
2022-11-27T04:45:36.302Z	DEBUG	replica=0	coded-hotterstuff/consensus.go:220	entered new view	{"CURRENT VIEW": 14, "view timeout": 2, "timedout": false}
2022-11-27T04:45:36.302Z	DEBUG	replica=0	coded-hotterstuff/consensus.go:244	replica is a leader for this view. waiting for data	{"CURRENT VIEW": 14}
2022-11-27T04:45:36.302Z	DEBUG	replica=0	coded-hotterstuff/consensus.go:220	entered new view	{"CURRENT VIEW": 14, "view timeout": 2, "timedout": false}
2022-11-27T04:45:36.302Z	DEBUG	replica=0	coded-hotterstuff/consensus.go:244	replica is a leader for this view. waiting for data	{"CURRENT VIEW": 14}
2022-11-27T04:45:36.305Z	DEBUG	replica=0	coded-hotterstuff/consensus.go:152	sending proposal	{"CURRENT VIEW": 14, "hash": "s0+dCVQ5w8iE2Z+DCswdFLdP8QD8T++9aicJwYKZbok=", "parent": "N0cMWKpZHmTkF/OJGwaFHU4Y2cZrG1h733+F25H9V6E=", "signer": 0}
2022-11-27T04:45:36.305Z	DEBUG	replica=0	coded-hotterstuff/consensus.go:285	received proposal, called onProposal	{"CURRENT VIEW": 14, "msg": "proposal", "header view": 14, "prepare view": 13, "hash": "s0+dCVQ5w8iE2Z+DCswdFLdP8QD8T++9aicJwYKZbok=", "parent": "N0cMWKpZHmTkF/OJGwaFHU4Y2cZrG1h733+F25H9V6E="}
2022-11-27T04:45:36.312Z	DEBUG	replica=0	coded-hotterstuff/consensus.go:498	new block locked	{"CURRENT VIEW": 14, "view": 12, "hash": "4aSlzOy0O5eyJna+iDXBFpIuUaKvoAYyhK6f3aYA32A="}
2022-11-27T04:45:36.312Z	INFO	replica=0	coded-hotterstuff/consensus.go:507	new block commited	{"CURRENT VIEW": 14, "view": 11, "hash": "JHDKbuvn/qlEbMiFGVnXE7z7VfFJm3NDC7AQEWpkt3w="}
2022-11-27T04:45:36.313Z	DEBUG	replica=0	coded-hotterstuff/consensus.go:392	proposal is safe to vote on	{"CURRENT VIEW": 14, "msg": "proposal", "header view": 14, "prepare view": 13, "hash": "s0+dCVQ5w8iE2Z+DCswdFLdP8QD8T++9aicJwYKZbok=", "parent": "N0cMWKpZHmTkF/OJGwaFHU4Y2cZrG1h733+F25H9V6E="}
Node  0 +1 block finalized at time:  2022-11-27 04:45:36.315769204 +0000 UTC m=+67.619449324
2022-11-27T04:45:36.512Z	DEBUG	replica=0	coded-hotterstuff/consensus.go:676	received vote	{"CURRENT VIEW": 14, "msg": "vote", "voter": 5, "view": 14, "hash": "N0cMWKpZHmTkF/OJGwaFHU4Y2cZrG1h733+F25H9V6E="}
2022-11-27T04:45:36.517Z	DEBUG	replica=0	coded-hotterstuff/consensus.go:220	entered new view	{"CURRENT VIEW": 14, "view timeout": 2, "timedout": false}
2022-11-27T04:45:36.517Z	DEBUG	replica=0	coded-hotterstuff/consensus.go:244	replica is a leader for this view. waiting for data	{"CURRENT VIEW": 14}
2022-11-27T04:45:36.520Z	DEBUG	replica=0	coded-hotterstuff/consensus.go:152	sending proposal	{"CURRENT VIEW": 14, "hash": "s0+dCVQ5w8iE2Z+DCswdFLdP8QD8T++9aicJwYKZbok=", "parent": "N0cMWKpZHmTkF/OJGwaFHU4Y2cZrG1h733+F25H9V6E=", "signer": 0}
2022-11-27T04:45:36.520Z	DEBUG	replica=0	coded-hotterstuff/consensus.go:285	received proposal, called onProposal	{"CURRENT VIEW": 14, "msg": "proposal", "header view": 14, "prepare view": 13, "hash": "s0+dCVQ5w8iE2Z+DCswdFLdP8QD8T++9aicJwYKZbok=", "parent": "N0cMWKpZHmTkF/OJGwaFHU4Y2cZrG1h733+F25H9V6E="}
2022-11-27T04:45:37.722Z	DEBUG	replica=0	coded-hotterstuff/consensus.go:676	received vote	{"CURRENT VIEW": 14, "msg": "vote", "voter": 4, "view": 14, "hash": "N0cMWKpZHmTkF/OJGwaFHU4Y2cZrG1h733+F25H9V6E="}
2022-11-27T04:45:37.727Z	DEBUG	replica=0	coded-hotterstuff/consensus.go:220	entered new view	{"CURRENT VIEW": 14, "view timeout": 2, "timedout": false}
2022-11-27T04:45:37.727Z	DEBUG	replica=0	coded-hotterstuff/consensus.go:244	replica is a leader for this view. waiting for data	{"CURRENT VIEW": 14}
2022-11-27T04:45:37.730Z	DEBUG	replica=0	coded-hotterstuff/consensus.go:152	sending proposal	{"CURRENT VIEW": 14, "hash": "s0+dCVQ5w8iE2Z+DCswdFLdP8QD8T++9aicJwYKZbok=", "parent": "N0cMWKpZHmTkF/OJGwaFHU4Y2cZrG1h733+F25H9V6E=", "signer": 0}
2022-11-27T04:45:37.730Z	DEBUG	replica=0	coded-hotterstuff/consensus.go:285	received proposal, called onProposal	{"CURRENT VIEW": 14, "msg": "proposal", "header view": 14, "prepare view": 13, "hash": "s0+dCVQ5w8iE2Z+DCswdFLdP8QD8T++9aicJwYKZbok=", "parent": "N0cMWKpZHmTkF/OJGwaFHU4Y2cZrG1h733+F25H9V6E="}
2022-11-27T04:45:45.273Z	DEBUG	replica=0	coded-hotterstuff/consensus.go:285	received proposal, called onProposal	{"CURRENT VIEW": 14, "msg": "proposal", "header view": 13, "prepare view": 13, "hash": "N0cMWKpZHmTkF/OJGwaFHU4Y2cZrG1h733+F25H9V6E=", "parent": "4aSlzOy0O5eyJna+iDXBFpIuUaKvoAYyhK6f3aYA32A="}
2022-11-27T04:45:45.280Z	DEBUG	replica=0	coded-hotterstuff/consensus.go:377	proposal view doesn't match local view	{"CURRENT VIEW": 14, "msg": "proposal", "header view": 13, "prepare view": 13, "hash": "N0cMWKpZHmTkF/OJGwaFHU4Y2cZrG1h733+F25H9V6E=", "parent": "4aSlzOy0O5eyJna+iDXBFpIuUaKvoAYyhK6f3aYA32A="}
2022-11-27T04:45:49.348Z	DEBUG	replica=0	coded-hotterstuff/consensus.go:285	received proposal, called onProposal	{"CURRENT VIEW": 14, "msg": "proposal", "header view": 15, "prepare view": 13, "hash": "yki5uJhKgjQT5iLa3NRfkhkCHcRSab0ctor/KqZboNA=", "parent": "s0+dCVQ5w8iE2Z+DCswdFLdP8QD8T++9aicJwYKZbok="}
2022-11-27T04:45:49.355Z	DEBUG	replica=0	coded-hotterstuff/consensus.go:519	new block certified	{"CURRENT VIEW": 14, "view": 14, "hash": "s0+dCVQ5w8iE2Z+DCswdFLdP8QD8T++9aicJwYKZbok="}
2022-11-27T04:45:49.356Z	DEBUG	replica=0	coded-hotterstuff/consensus.go:220	entered new view	{"CURRENT VIEW": 15, "view timeout": 2, "timedout": false}
2022-11-27T04:45:49.356Z	DEBUG	replica=0	coded-hotterstuff/consensus.go:498	new block locked	{"CURRENT VIEW": 15, "view": 13, "hash": "N0cMWKpZHmTkF/OJGwaFHU4Y2cZrG1h733+F25H9V6E="}
2022-11-27T04:45:49.356Z	INFO	replica=0	coded-hotterstuff/consensus.go:507	new block commited	{"CURRENT VIEW": 15, "view": 12, "hash": "4aSlzOy0O5eyJna+iDXBFpIuUaKvoAYyhK6f3aYA32A="}
2022-11-27T04:45:49.357Z	DEBUG	replica=0	coded-hotterstuff/consensus.go:392	proposal is safe to vote on	{"CURRENT VIEW": 14, "msg": "proposal", "header view": 15, "prepare view": 13, "hash": "yki5uJhKgjQT5iLa3NRfkhkCHcRSab0ctor/KqZboNA=", "parent": "s0+dCVQ5w8iE2Z+DCswdFLdP8QD8T++9aicJwYKZbok="}
Node  0 +1 block finalized at time:  2022-11-27 04:45:49.359544826 +0000 UTC m=+80.663224945
2022-11-27T04:45:54.445Z	DEBUG	replica=0	coded-hotterstuff/consensus.go:285	received proposal, called onProposal	{"CURRENT VIEW": 15, "msg": "proposal", "header view": 16, "prepare view": 14, "hash": "PAOswJ5F5FKLEprAJ1SnuPasqGFIM2uhNIcdZdMfaCw=", "parent": "yki5uJhKgjQT5iLa3NRfkhkCHcRSab0ctor/KqZboNA="}
2022-11-27T04:45:54.457Z	DEBUG	replica=0	coded-hotterstuff/consensus.go:519	new block certified	{"CURRENT VIEW": 15, "view": 15, "hash": "yki5uJhKgjQT5iLa3NRfkhkCHcRSab0ctor/KqZboNA="}
2022-11-27T04:45:54.457Z	DEBUG	replica=0	coded-hotterstuff/consensus.go:220	entered new view	{"CURRENT VIEW": 16, "view timeout": 2, "timedout": false}
2022-11-27T04:45:54.457Z	DEBUG	replica=0	coded-hotterstuff/consensus.go:498	new block locked	{"CURRENT VIEW": 16, "view": 14, "hash": "s0+dCVQ5w8iE2Z+DCswdFLdP8QD8T++9aicJwYKZbok="}
2022-11-27T04:45:54.457Z	INFO	replica=0	coded-hotterstuff/consensus.go:507	new block commited	{"CURRENT VIEW": 16, "view": 13, "hash": "N0cMWKpZHmTkF/OJGwaFHU4Y2cZrG1h733+F25H9V6E="}
2022-11-27T04:45:54.458Z	DEBUG	replica=0	coded-hotterstuff/consensus.go:392	proposal is safe to vote on	{"CURRENT VIEW": 15, "msg": "proposal", "header view": 16, "prepare view": 14, "hash": "PAOswJ5F5FKLEprAJ1SnuPasqGFIM2uhNIcdZdMfaCw=", "parent": "yki5uJhKgjQT5iLa3NRfkhkCHcRSab0ctor/KqZboNA="}
Node  0 +1 block finalized at time:  2022-11-27 04:45:54.461989415 +0000 UTC m=+85.765669547
2022-11-27T04:45:59.085Z	DEBUG	replica=0	coded-hotterstuff/consensus.go:285	received proposal, called onProposal	{"CURRENT VIEW": 16, "msg": "proposal", "header view": 16, "prepare view": 15, "hash": "PAOswJ5F5FKLEprAJ1SnuPasqGFIM2uhNIcdZdMfaCw=", "parent": "yki5uJhKgjQT5iLa3NRfkhkCHcRSab0ctor/KqZboNA="}
2022-11-27T04:45:59.285Z	DEBUG	replica=0	coded-hotterstuff/consensus.go:285	received proposal, called onProposal	{"CURRENT VIEW": 16, "msg": "proposal", "header view": 17, "prepare view": 15, "hash": "fbyAo5VKEVdmy5epf95saK65Dkgc3+iXrMxeW3XrK2g=", "parent": "PAOswJ5F5FKLEprAJ1SnuPasqGFIM2uhNIcdZdMfaCw="}
2022-11-27T04:45:59.297Z	DEBUG	replica=0	coded-hotterstuff/consensus.go:519	new block certified	{"CURRENT VIEW": 16, "view": 16, "hash": "PAOswJ5F5FKLEprAJ1SnuPasqGFIM2uhNIcdZdMfaCw="}
2022-11-27T04:45:59.297Z	DEBUG	replica=0	coded-hotterstuff/consensus.go:220	entered new view	{"CURRENT VIEW": 17, "view timeout": 2, "timedout": false}
2022-11-27T04:45:59.297Z	DEBUG	replica=0	coded-hotterstuff/consensus.go:498	new block locked	{"CURRENT VIEW": 17, "view": 15, "hash": "yki5uJhKgjQT5iLa3NRfkhkCHcRSab0ctor/KqZboNA="}
2022-11-27T04:45:59.297Z	INFO	replica=0	coded-hotterstuff/consensus.go:507	new block commited	{"CURRENT VIEW": 17, "view": 14, "hash": "s0+dCVQ5w8iE2Z+DCswdFLdP8QD8T++9aicJwYKZbok="}
2022-11-27T04:45:59.298Z	DEBUG	replica=0	coded-hotterstuff/consensus.go:392	proposal is safe to vote on	{"CURRENT VIEW": 16, "msg": "proposal", "header view": 17, "prepare view": 15, "hash": "fbyAo5VKEVdmy5epf95saK65Dkgc3+iXrMxeW3XrK2g=", "parent": "PAOswJ5F5FKLEprAJ1SnuPasqGFIM2uhNIcdZdMfaCw="}
Node  0 +1 block finalized at time:  2022-11-27 04:45:59.302247029 +0000 UTC m=+90.605927162
2022-11-27T04:46:03.393Z	DEBUG	replica=0	coded-hotterstuff/consensus.go:285	received proposal, called onProposal	{"CURRENT VIEW": 17, "msg": "proposal", "header view": 17, "prepare view": 16, "hash": "fbyAo5VKEVdmy5epf95saK65Dkgc3+iXrMxeW3XrK2g=", "parent": "PAOswJ5F5FKLEprAJ1SnuPasqGFIM2uhNIcdZdMfaCw="}
2022-11-27T04:46:04.148Z	DEBUG	replica=0	coded-hotterstuff/consensus.go:285	received proposal, called onProposal	{"CURRENT VIEW": 17, "msg": "proposal", "header view": 18, "prepare view": 16, "hash": "6UfBJLlIX1wd3MF43w68SPyfPsdwcfzWodH+19bgzRM=", "parent": "fbyAo5VKEVdmy5epf95saK65Dkgc3+iXrMxeW3XrK2g="}
2022-11-27T04:46:04.156Z	DEBUG	replica=0	coded-hotterstuff/consensus.go:519	new block certified	{"CURRENT VIEW": 17, "view": 17, "hash": "fbyAo5VKEVdmy5epf95saK65Dkgc3+iXrMxeW3XrK2g="}
2022-11-27T04:46:04.156Z	DEBUG	replica=0	coded-hotterstuff/consensus.go:220	entered new view	{"CURRENT VIEW": 18, "view timeout": 2, "timedout": false}
2022-11-27T04:46:04.156Z	DEBUG	replica=0	coded-hotterstuff/consensus.go:498	new block locked	{"CURRENT VIEW": 18, "view": 16, "hash": "PAOswJ5F5FKLEprAJ1SnuPasqGFIM2uhNIcdZdMfaCw="}
2022-11-27T04:46:04.156Z	INFO	replica=0	coded-hotterstuff/consensus.go:507	new block commited	{"CURRENT VIEW": 18, "view": 15, "hash": "yki5uJhKgjQT5iLa3NRfkhkCHcRSab0ctor/KqZboNA="}
2022-11-27T04:46:04.157Z	DEBUG	replica=0	coded-hotterstuff/consensus.go:392	proposal is safe to vote on	{"CURRENT VIEW": 17, "msg": "proposal", "header view": 18, "prepare view": 16, "hash": "6UfBJLlIX1wd3MF43w68SPyfPsdwcfzWodH+19bgzRM=", "parent": "fbyAo5VKEVdmy5epf95saK65Dkgc3+iXrMxeW3XrK2g="}
Node  0 +1 block finalized at time:  2022-11-27 04:46:04.159110532 +0000 UTC m=+95.462790670
2022-11-27T04:46:07.478Z	DEBUG	replica=0	coded-hotterstuff/consensus.go:285	received proposal, called onProposal	{"CURRENT VIEW": 18, "msg": "proposal", "header view": 17, "prepare view": 17, "hash": "fbyAo5VKEVdmy5epf95saK65Dkgc3+iXrMxeW3XrK2g=", "parent": "PAOswJ5F5FKLEprAJ1SnuPasqGFIM2uhNIcdZdMfaCw="}
2022-11-27T04:46:07.485Z	DEBUG	replica=0	coded-hotterstuff/consensus.go:377	proposal view doesn't match local view	{"CURRENT VIEW": 18, "msg": "proposal", "header view": 17, "prepare view": 17, "hash": "fbyAo5VKEVdmy5epf95saK65Dkgc3+iXrMxeW3XrK2g=", "parent": "PAOswJ5F5FKLEprAJ1SnuPasqGFIM2uhNIcdZdMfaCw="}
2022-11-27T04:46:08.681Z	DEBUG	replica=0	coded-hotterstuff/consensus.go:285	received proposal, called onProposal	{"CURRENT VIEW": 18, "msg": "proposal", "header view": 18, "prepare view": 17, "hash": "6UfBJLlIX1wd3MF43w68SPyfPsdwcfzWodH+19bgzRM=", "parent": "fbyAo5VKEVdmy5epf95saK65Dkgc3+iXrMxeW3XrK2g="}
2022-11-27T04:46:08.737Z	DEBUG	replica=0	coded-hotterstuff/consensus.go:285	received proposal, called onProposal	{"CURRENT VIEW": 18, "msg": "proposal", "header view": 19, "prepare view": 17, "hash": "uSmPJ2ljy8Cf/kVdYaizGHLR6BOCKJsjlWDpYp2SPg4=", "parent": "6UfBJLlIX1wd3MF43w68SPyfPsdwcfzWodH+19bgzRM="}
2022-11-27T04:46:08.754Z	DEBUG	replica=0	coded-hotterstuff/consensus.go:519	new block certified	{"CURRENT VIEW": 18, "view": 18, "hash": "6UfBJLlIX1wd3MF43w68SPyfPsdwcfzWodH+19bgzRM="}
2022-11-27T04:46:08.754Z	DEBUG	replica=0	coded-hotterstuff/consensus.go:220	entered new view	{"CURRENT VIEW": 19, "view timeout": 2, "timedout": false}
2022-11-27T04:46:08.754Z	DEBUG	replica=0	coded-hotterstuff/consensus.go:498	new block locked	{"CURRENT VIEW": 19, "view": 17, "hash": "fbyAo5VKEVdmy5epf95saK65Dkgc3+iXrMxeW3XrK2g="}
2022-11-27T04:46:08.754Z	INFO	replica=0	coded-hotterstuff/consensus.go:507	new block commited	{"CURRENT VIEW": 19, "view": 16, "hash": "PAOswJ5F5FKLEprAJ1SnuPasqGFIM2uhNIcdZdMfaCw="}
2022-11-27T04:46:08.758Z	DEBUG	replica=0	coded-hotterstuff/consensus.go:392	proposal is safe to vote on	{"CURRENT VIEW": 18, "msg": "proposal", "header view": 19, "prepare view": 17, "hash": "uSmPJ2ljy8Cf/kVdYaizGHLR6BOCKJsjlWDpYp2SPg4=", "parent": "6UfBJLlIX1wd3MF43w68SPyfPsdwcfzWodH+19bgzRM="}
Node  0 +1 block finalized at time:  2022-11-27 04:46:08.760695358 +0000 UTC m=+100.064375483
2022-11-27T04:46:12.609Z	DEBUG	replica=0	coded-hotterstuff/consensus.go:285	received proposal, called onProposal	{"CURRENT VIEW": 19, "msg": "proposal", "header view": 19, "prepare view": 18, "hash": "uSmPJ2ljy8Cf/kVdYaizGHLR6BOCKJsjlWDpYp2SPg4=", "parent": "6UfBJLlIX1wd3MF43w68SPyfPsdwcfzWodH+19bgzRM="}
2022-11-27T04:46:13.688Z	DEBUG	replica=0	coded-hotterstuff/consensus.go:285	received proposal, called onProposal	{"CURRENT VIEW": 19, "msg": "proposal", "header view": 20, "prepare view": 18, "hash": "Dba/D48qmB3vVH8kTd18xxswcR8z4rJnptAsC3sfvzQ=", "parent": "uSmPJ2ljy8Cf/kVdYaizGHLR6BOCKJsjlWDpYp2SPg4="}
2022-11-27T04:46:13.697Z	DEBUG	replica=0	coded-hotterstuff/consensus.go:519	new block certified	{"CURRENT VIEW": 19, "view": 19, "hash": "uSmPJ2ljy8Cf/kVdYaizGHLR6BOCKJsjlWDpYp2SPg4="}
2022-11-27T04:46:13.697Z	DEBUG	replica=0	coded-hotterstuff/consensus.go:220	entered new view	{"CURRENT VIEW": 20, "view timeout": 2, "timedout": false}
2022-11-27T04:46:13.697Z	DEBUG	replica=0	coded-hotterstuff/consensus.go:235	replica is a leader for next view. collecting new-view messages	{"CURRENT VIEW": 20}
2022-11-27T04:46:13.697Z	DEBUG	replica=0	coded-hotterstuff/consensus.go:498	new block locked	{"CURRENT VIEW": 20, "view": 18, "hash": "6UfBJLlIX1wd3MF43w68SPyfPsdwcfzWodH+19bgzRM="}
2022-11-27T04:46:13.697Z	INFO	replica=0	coded-hotterstuff/consensus.go:507	new block commited	{"CURRENT VIEW": 20, "view": 17, "hash": "fbyAo5VKEVdmy5epf95saK65Dkgc3+iXrMxeW3XrK2g="}
2022-11-27T04:46:13.699Z	DEBUG	replica=0	coded-hotterstuff/consensus.go:392	proposal is safe to vote on	{"CURRENT VIEW": 19, "msg": "proposal", "header view": 20, "prepare view": 18, "hash": "Dba/D48qmB3vVH8kTd18xxswcR8z4rJnptAsC3sfvzQ=", "parent": "uSmPJ2ljy8Cf/kVdYaizGHLR6BOCKJsjlWDpYp2SPg4="}
2022-11-27T04:46:13.702Z	DEBUG	replica=0	coded-hotterstuff/consensus.go:676	received vote	{"CURRENT VIEW": 20, "msg": "vote", "voter": 0, "view": 20, "hash": "Dba/D48qmB3vVH8kTd18xxswcR8z4rJnptAsC3sfvzQ="}
2022-11-27T04:46:13.707Z	DEBUG	replica=0	coded-hotterstuff/consensus.go:676	received vote	{"CURRENT VIEW": 20, "msg": "vote", "voter": 6, "view": 20, "hash": "Dba/D48qmB3vVH8kTd18xxswcR8z4rJnptAsC3sfvzQ="}
Node  0 +1 block finalized at time:  2022-11-27 04:46:13.714269945 +0000 UTC m=+105.017950090
2022-11-27T04:46:13.744Z	DEBUG	replica=0	coded-hotterstuff/consensus.go:676	received vote	{"CURRENT VIEW": 20, "msg": "vote", "voter": 4, "view": 20, "hash": "Dba/D48qmB3vVH8kTd18xxswcR8z4rJnptAsC3sfvzQ="}
2022-11-27T04:46:13.752Z	DEBUG	replica=0	coded-hotterstuff/consensus.go:676	received vote	{"CURRENT VIEW": 20, "msg": "vote", "voter": 1, "view": 20, "hash": "Dba/D48qmB3vVH8kTd18xxswcR8z4rJnptAsC3sfvzQ="}
2022-11-27T04:46:13.761Z	DEBUG	replica=0	coded-hotterstuff/consensus.go:676	received vote	{"CURRENT VIEW": 20, "msg": "vote", "voter": 2, "view": 20, "hash": "Dba/D48qmB3vVH8kTd18xxswcR8z4rJnptAsC3sfvzQ="}
2022-11-27T04:46:13.766Z	DEBUG	replica=0	coded-hotterstuff/consensus.go:519	new block certified	{"CURRENT VIEW": 20, "view": 20, "hash": "Dba/D48qmB3vVH8kTd18xxswcR8z4rJnptAsC3sfvzQ="}
2022-11-27T04:46:13.766Z	DEBUG	replica=0	coded-hotterstuff/consensus.go:220	entered new view	{"CURRENT VIEW": 21, "view timeout": 2, "timedout": false}
2022-11-27T04:46:13.766Z	DEBUG	replica=0	coded-hotterstuff/consensus.go:244	replica is a leader for this view. waiting for data	{"CURRENT VIEW": 21}
2022-11-27T04:46:13.766Z	DEBUG	replica=0	coded-hotterstuff/consensus.go:220	entered new view	{"CURRENT VIEW": 21, "view timeout": 2, "timedout": false}
2022-11-27T04:46:13.766Z	DEBUG	replica=0	coded-hotterstuff/consensus.go:244	replica is a leader for this view. waiting for data	{"CURRENT VIEW": 21}
2022-11-27T04:46:13.771Z	DEBUG	replica=0	coded-hotterstuff/consensus.go:152	sending proposal	{"CURRENT VIEW": 21, "hash": "0SZBQS4E4pFqiz2KHQNDBHMPXOkDtszRUc2EO9/2gmc=", "parent": "Dba/D48qmB3vVH8kTd18xxswcR8z4rJnptAsC3sfvzQ=", "signer": 0}
2022-11-27T04:46:13.771Z	DEBUG	replica=0	coded-hotterstuff/consensus.go:285	received proposal, called onProposal	{"CURRENT VIEW": 21, "msg": "proposal", "header view": 21, "prepare view": 20, "hash": "0SZBQS4E4pFqiz2KHQNDBHMPXOkDtszRUc2EO9/2gmc=", "parent": "Dba/D48qmB3vVH8kTd18xxswcR8z4rJnptAsC3sfvzQ="}
2022-11-27T04:46:13.779Z	DEBUG	replica=0	coded-hotterstuff/consensus.go:498	new block locked	{"CURRENT VIEW": 21, "view": 19, "hash": "uSmPJ2ljy8Cf/kVdYaizGHLR6BOCKJsjlWDpYp2SPg4="}
2022-11-27T04:46:13.779Z	INFO	replica=0	coded-hotterstuff/consensus.go:507	new block commited	{"CURRENT VIEW": 21, "view": 18, "hash": "6UfBJLlIX1wd3MF43w68SPyfPsdwcfzWodH+19bgzRM="}
2022-11-27T04:46:13.780Z	DEBUG	replica=0	coded-hotterstuff/consensus.go:392	proposal is safe to vote on	{"CURRENT VIEW": 21, "msg": "proposal", "header view": 21, "prepare view": 20, "hash": "0SZBQS4E4pFqiz2KHQNDBHMPXOkDtszRUc2EO9/2gmc=", "parent": "Dba/D48qmB3vVH8kTd18xxswcR8z4rJnptAsC3sfvzQ="}
Node  0 +1 block finalized at time:  2022-11-27 04:46:13.782165103 +0000 UTC m=+105.085845245
2022-11-27T04:46:13.783Z	DEBUG	replica=0	coded-hotterstuff/consensus.go:676	received vote	{"CURRENT VIEW": 21, "msg": "vote", "voter": 3, "view": 21, "hash": "Dba/D48qmB3vVH8kTd18xxswcR8z4rJnptAsC3sfvzQ="}
2022-11-27T04:46:13.788Z	DEBUG	replica=0	coded-hotterstuff/consensus.go:220	entered new view	{"CURRENT VIEW": 21, "view timeout": 2, "timedout": false}
2022-11-27T04:46:13.788Z	DEBUG	replica=0	coded-hotterstuff/consensus.go:244	replica is a leader for this view. waiting for data	{"CURRENT VIEW": 21}
2022-11-27T04:46:13.791Z	DEBUG	replica=0	coded-hotterstuff/consensus.go:152	sending proposal	{"CURRENT VIEW": 21, "hash": "0SZBQS4E4pFqiz2KHQNDBHMPXOkDtszRUc2EO9/2gmc=", "parent": "Dba/D48qmB3vVH8kTd18xxswcR8z4rJnptAsC3sfvzQ=", "signer": 0}
2022-11-27T04:46:13.791Z	DEBUG	replica=0	coded-hotterstuff/consensus.go:285	received proposal, called onProposal	{"CURRENT VIEW": 21, "msg": "proposal", "header view": 21, "prepare view": 20, "hash": "0SZBQS4E4pFqiz2KHQNDBHMPXOkDtszRUc2EO9/2gmc=", "parent": "Dba/D48qmB3vVH8kTd18xxswcR8z4rJnptAsC3sfvzQ="}
2022-11-27T04:46:19.811Z	DEBUG	replica=0	coded-hotterstuff/consensus.go:285	received proposal, called onProposal	{"CURRENT VIEW": 21, "msg": "proposal", "header view": 19, "prepare view": 20, "hash": "uSmPJ2ljy8Cf/kVdYaizGHLR6BOCKJsjlWDpYp2SPg4=", "parent": "6UfBJLlIX1wd3MF43w68SPyfPsdwcfzWodH+19bgzRM="}
2022-11-27T04:46:19.819Z	DEBUG	replica=0	coded-hotterstuff/consensus.go:377	proposal view doesn't match local view	{"CURRENT VIEW": 21, "msg": "proposal", "header view": 19, "prepare view": 20, "hash": "uSmPJ2ljy8Cf/kVdYaizGHLR6BOCKJsjlWDpYp2SPg4=", "parent": "6UfBJLlIX1wd3MF43w68SPyfPsdwcfzWodH+19bgzRM="}
2022-11-27T04:46:19.819Z	DEBUG	replica=0	coded-hotterstuff/consensus.go:676	received vote	{"CURRENT VIEW": 21, "msg": "vote", "voter": 5, "view": 21, "hash": "Dba/D48qmB3vVH8kTd18xxswcR8z4rJnptAsC3sfvzQ="}
2022-11-27T04:46:19.824Z	DEBUG	replica=0	coded-hotterstuff/consensus.go:220	entered new view	{"CURRENT VIEW": 21, "view timeout": 2, "timedout": false}
2022-11-27T04:46:19.824Z	DEBUG	replica=0	coded-hotterstuff/consensus.go:244	replica is a leader for this view. waiting for data	{"CURRENT VIEW": 21}
2022-11-27T04:46:19.826Z	DEBUG	replica=0	coded-hotterstuff/consensus.go:152	sending proposal	{"CURRENT VIEW": 21, "hash": "0SZBQS4E4pFqiz2KHQNDBHMPXOkDtszRUc2EO9/2gmc=", "parent": "Dba/D48qmB3vVH8kTd18xxswcR8z4rJnptAsC3sfvzQ=", "signer": 0}
2022-11-27T04:46:19.826Z	DEBUG	replica=0	coded-hotterstuff/consensus.go:285	received proposal, called onProposal	{"CURRENT VIEW": 21, "msg": "proposal", "header view": 21, "prepare view": 20, "hash": "0SZBQS4E4pFqiz2KHQNDBHMPXOkDtszRUc2EO9/2gmc=", "parent": "Dba/D48qmB3vVH8kTd18xxswcR8z4rJnptAsC3sfvzQ="}
2022-11-27T04:46:27.410Z	DEBUG	replica=0	coded-hotterstuff/consensus.go:285	received proposal, called onProposal	{"CURRENT VIEW": 21, "msg": "proposal", "header view": 22, "prepare view": 20, "hash": "7Bb+cvmJVOtnuxbz/jTx3aPFOlXYkwYfrDz8TccKono=", "parent": "0SZBQS4E4pFqiz2KHQNDBHMPXOkDtszRUc2EO9/2gmc="}
2022-11-27T04:46:27.417Z	DEBUG	replica=0	coded-hotterstuff/consensus.go:519	new block certified	{"CURRENT VIEW": 21, "view": 21, "hash": "0SZBQS4E4pFqiz2KHQNDBHMPXOkDtszRUc2EO9/2gmc="}
2022-11-27T04:46:27.417Z	DEBUG	replica=0	coded-hotterstuff/consensus.go:220	entered new view	{"CURRENT VIEW": 22, "view timeout": 2, "timedout": false}
2022-11-27T04:46:27.418Z	DEBUG	replica=0	coded-hotterstuff/consensus.go:498	new block locked	{"CURRENT VIEW": 22, "view": 20, "hash": "Dba/D48qmB3vVH8kTd18xxswcR8z4rJnptAsC3sfvzQ="}
2022-11-27T04:46:27.418Z	INFO	replica=0	coded-hotterstuff/consensus.go:507	new block commited	{"CURRENT VIEW": 22, "view": 19, "hash": "uSmPJ2ljy8Cf/kVdYaizGHLR6BOCKJsjlWDpYp2SPg4="}
2022-11-27T04:46:27.418Z	DEBUG	replica=0	coded-hotterstuff/consensus.go:392	proposal is safe to vote on	{"CURRENT VIEW": 21, "msg": "proposal", "header view": 22, "prepare view": 20, "hash": "7Bb+cvmJVOtnuxbz/jTx3aPFOlXYkwYfrDz8TccKono=", "parent": "0SZBQS4E4pFqiz2KHQNDBHMPXOkDtszRUc2EO9/2gmc="}
Node  0 +1 block finalized at time:  2022-11-27 04:46:27.420721294 +0000 UTC m=+118.724401426
2022-11-27T04:46:27.850Z	DEBUG	replica=0	coded-hotterstuff/consensus.go:285	received proposal, called onProposal	{"CURRENT VIEW": 22, "msg": "proposal", "header view": 20, "prepare view": 21, "hash": "Dba/D48qmB3vVH8kTd18xxswcR8z4rJnptAsC3sfvzQ=", "parent": "uSmPJ2ljy8Cf/kVdYaizGHLR6BOCKJsjlWDpYp2SPg4="}
2022-11-27T04:46:27.857Z	DEBUG	replica=0	coded-hotterstuff/consensus.go:377	proposal view doesn't match local view	{"CURRENT VIEW": 22, "msg": "proposal", "header view": 20, "prepare view": 21, "hash": "Dba/D48qmB3vVH8kTd18xxswcR8z4rJnptAsC3sfvzQ=", "parent": "uSmPJ2ljy8Cf/kVdYaizGHLR6BOCKJsjlWDpYp2SPg4="}
2022-11-27T04:46:29.766Z	DEBUG	replica=0	coded-hotterstuff/consensus.go:285	received proposal, called onProposal	{"CURRENT VIEW": 22, "msg": "proposal", "header view": 23, "prepare view": 21, "hash": "pmj4OJzIOBXqJKBq/WB/iFAMQJkaLhcosvbRgseJajI=", "parent": "7Bb+cvmJVOtnuxbz/jTx3aPFOlXYkwYfrDz8TccKono="}
2022-11-27T04:46:29.773Z	DEBUG	replica=0	coded-hotterstuff/consensus.go:519	new block certified	{"CURRENT VIEW": 22, "view": 22, "hash": "7Bb+cvmJVOtnuxbz/jTx3aPFOlXYkwYfrDz8TccKono="}
2022-11-27T04:46:29.773Z	DEBUG	replica=0	coded-hotterstuff/consensus.go:220	entered new view	{"CURRENT VIEW": 23, "view timeout": 2, "timedout": false}
2022-11-27T04:46:29.773Z	DEBUG	replica=0	coded-hotterstuff/consensus.go:498	new block locked	{"CURRENT VIEW": 23, "view": 21, "hash": "0SZBQS4E4pFqiz2KHQNDBHMPXOkDtszRUc2EO9/2gmc="}
2022-11-27T04:46:29.773Z	INFO	replica=0	coded-hotterstuff/consensus.go:507	new block commited	{"CURRENT VIEW": 23, "view": 20, "hash": "Dba/D48qmB3vVH8kTd18xxswcR8z4rJnptAsC3sfvzQ="}
2022-11-27T04:46:29.775Z	DEBUG	replica=0	coded-hotterstuff/consensus.go:392	proposal is safe to vote on	{"CURRENT VIEW": 22, "msg": "proposal", "header view": 23, "prepare view": 21, "hash": "pmj4OJzIOBXqJKBq/WB/iFAMQJkaLhcosvbRgseJajI=", "parent": "7Bb+cvmJVOtnuxbz/jTx3aPFOlXYkwYfrDz8TccKono="}
Node  0 +1 block finalized at time:  2022-11-27 04:46:29.778453163 +0000 UTC m=+121.082133387
2022-11-27T04:46:29.919Z	DEBUG	replica=0	coded-hotterstuff/consensus.go:285	received proposal, called onProposal	{"CURRENT VIEW": 23, "msg": "proposal", "header view": 20, "prepare view": 22, "hash": "Dba/D48qmB3vVH8kTd18xxswcR8z4rJnptAsC3sfvzQ=", "parent": "uSmPJ2ljy8Cf/kVdYaizGHLR6BOCKJsjlWDpYp2SPg4="}
2022-11-27T04:46:29.927Z	DEBUG	replica=0	coded-hotterstuff/consensus.go:377	proposal view doesn't match local view	{"CURRENT VIEW": 23, "msg": "proposal", "header view": 20, "prepare view": 22, "hash": "Dba/D48qmB3vVH8kTd18xxswcR8z4rJnptAsC3sfvzQ=", "parent": "uSmPJ2ljy8Cf/kVdYaizGHLR6BOCKJsjlWDpYp2SPg4="}
2022-11-27T04:46:32.361Z	DEBUG	replica=0	coded-hotterstuff/consensus.go:285	received proposal, called onProposal	{"CURRENT VIEW": 23, "msg": "proposal", "header view": 22, "prepare view": 22, "hash": "7Bb+cvmJVOtnuxbz/jTx3aPFOlXYkwYfrDz8TccKono=", "parent": "0SZBQS4E4pFqiz2KHQNDBHMPXOkDtszRUc2EO9/2gmc="}
2022-11-27T04:46:32.368Z	DEBUG	replica=0	coded-hotterstuff/consensus.go:377	proposal view doesn't match local view	{"CURRENT VIEW": 23, "msg": "proposal", "header view": 22, "prepare view": 22, "hash": "7Bb+cvmJVOtnuxbz/jTx3aPFOlXYkwYfrDz8TccKono=", "parent": "0SZBQS4E4pFqiz2KHQNDBHMPXOkDtszRUc2EO9/2gmc="}
2022-11-27T04:46:32.524Z	DEBUG	replica=0	coded-hotterstuff/consensus.go:285	received proposal, called onProposal	{"CURRENT VIEW": 23, "msg": "proposal", "header view": 24, "prepare view": 22, "hash": "gik/jtFw93imMquZfPKd+FqganPHYY5XCcGc1OKyfB0=", "parent": "pmj4OJzIOBXqJKBq/WB/iFAMQJkaLhcosvbRgseJajI="}
2022-11-27T04:46:32.532Z	DEBUG	replica=0	coded-hotterstuff/consensus.go:519	new block certified	{"CURRENT VIEW": 23, "view": 23, "hash": "pmj4OJzIOBXqJKBq/WB/iFAMQJkaLhcosvbRgseJajI="}
2022-11-27T04:46:32.532Z	DEBUG	replica=0	coded-hotterstuff/consensus.go:220	entered new view	{"CURRENT VIEW": 24, "view timeout": 2, "timedout": false}
2022-11-27T04:46:32.532Z	DEBUG	replica=0	coded-hotterstuff/consensus.go:498	new block locked	{"CURRENT VIEW": 24, "view": 22, "hash": "7Bb+cvmJVOtnuxbz/jTx3aPFOlXYkwYfrDz8TccKono="}
2022-11-27T04:46:32.532Z	INFO	replica=0	coded-hotterstuff/consensus.go:507	new block commited	{"CURRENT VIEW": 24, "view": 21, "hash": "0SZBQS4E4pFqiz2KHQNDBHMPXOkDtszRUc2EO9/2gmc="}
2022-11-27T04:46:32.534Z	DEBUG	replica=0	coded-hotterstuff/consensus.go:392	proposal is safe to vote on	{"CURRENT VIEW": 23, "msg": "proposal", "header view": 24, "prepare view": 22, "hash": "gik/jtFw93imMquZfPKd+FqganPHYY5XCcGc1OKyfB0=", "parent": "pmj4OJzIOBXqJKBq/WB/iFAMQJkaLhcosvbRgseJajI="}
Node  0 +1 block finalized at time:  2022-11-27 04:46:32.536526115 +0000 UTC m=+123.840206250
2022-11-27T04:46:33.984Z	DEBUG	replica=0	coded-hotterstuff/consensus.go:285	received proposal, called onProposal	{"CURRENT VIEW": 24, "msg": "proposal", "header view": 22, "prepare view": 23, "hash": "7Bb+cvmJVOtnuxbz/jTx3aPFOlXYkwYfrDz8TccKono=", "parent": "0SZBQS4E4pFqiz2KHQNDBHMPXOkDtszRUc2EO9/2gmc="}
2022-11-27T04:46:33.992Z	DEBUG	replica=0	coded-hotterstuff/consensus.go:377	proposal view doesn't match local view	{"CURRENT VIEW": 24, "msg": "proposal", "header view": 22, "prepare view": 23, "hash": "7Bb+cvmJVOtnuxbz/jTx3aPFOlXYkwYfrDz8TccKono=", "parent": "0SZBQS4E4pFqiz2KHQNDBHMPXOkDtszRUc2EO9/2gmc="}
2022-11-27T04:46:34.587Z	DEBUG	replica=0	coded-hotterstuff/consensus.go:285	received proposal, called onProposal	{"CURRENT VIEW": 24, "msg": "proposal", "header view": 23, "prepare view": 23, "hash": "pmj4OJzIOBXqJKBq/WB/iFAMQJkaLhcosvbRgseJajI=", "parent": "7Bb+cvmJVOtnuxbz/jTx3aPFOlXYkwYfrDz8TccKono="}
2022-11-27T04:46:34.595Z	DEBUG	replica=0	coded-hotterstuff/consensus.go:377	proposal view doesn't match local view	{"CURRENT VIEW": 24, "msg": "proposal", "header view": 23, "prepare view": 23, "hash": "pmj4OJzIOBXqJKBq/WB/iFAMQJkaLhcosvbRgseJajI=", "parent": "7Bb+cvmJVOtnuxbz/jTx3aPFOlXYkwYfrDz8TccKono="}
2022-11-27T04:46:36.577Z	DEBUG	replica=0	coded-hotterstuff/consensus.go:285	received proposal, called onProposal	{"CURRENT VIEW": 24, "msg": "proposal", "header view": 23, "prepare view": 23, "hash": "pmj4OJzIOBXqJKBq/WB/iFAMQJkaLhcosvbRgseJajI=", "parent": "7Bb+cvmJVOtnuxbz/jTx3aPFOlXYkwYfrDz8TccKono="}
2022-11-27T04:46:36.585Z	DEBUG	replica=0	coded-hotterstuff/consensus.go:377	proposal view doesn't match local view	{"CURRENT VIEW": 24, "msg": "proposal", "header view": 23, "prepare view": 23, "hash": "pmj4OJzIOBXqJKBq/WB/iFAMQJkaLhcosvbRgseJajI=", "parent": "7Bb+cvmJVOtnuxbz/jTx3aPFOlXYkwYfrDz8TccKono="}
2022-11-27T04:46:36.994Z	DEBUG	replica=0	coded-hotterstuff/consensus.go:285	received proposal, called onProposal	{"CURRENT VIEW": 24, "msg": "proposal", "header view": 25, "prepare view": 23, "hash": "Ugwh8F3FpQFeRSYscm+DFw01jRZ/5rTD0xHw0SpCo78=", "parent": "gik/jtFw93imMquZfPKd+FqganPHYY5XCcGc1OKyfB0="}
2022-11-27T04:46:37.001Z	DEBUG	replica=0	coded-hotterstuff/consensus.go:519	new block certified	{"CURRENT VIEW": 24, "view": 24, "hash": "gik/jtFw93imMquZfPKd+FqganPHYY5XCcGc1OKyfB0="}
2022-11-27T04:46:37.001Z	DEBUG	replica=0	coded-hotterstuff/consensus.go:220	entered new view	{"CURRENT VIEW": 25, "view timeout": 2, "timedout": false}
2022-11-27T04:46:37.003Z	DEBUG	replica=0	coded-hotterstuff/consensus.go:498	new block locked	{"CURRENT VIEW": 25, "view": 23, "hash": "pmj4OJzIOBXqJKBq/WB/iFAMQJkaLhcosvbRgseJajI="}
2022-11-27T04:46:37.003Z	INFO	replica=0	coded-hotterstuff/consensus.go:507	new block commited	{"CURRENT VIEW": 25, "view": 22, "hash": "7Bb+cvmJVOtnuxbz/jTx3aPFOlXYkwYfrDz8TccKono="}
2022-11-27T04:46:37.005Z	DEBUG	replica=0	coded-hotterstuff/consensus.go:392	proposal is safe to vote on	{"CURRENT VIEW": 24, "msg": "proposal", "header view": 25, "prepare view": 23, "hash": "Ugwh8F3FpQFeRSYscm+DFw01jRZ/5rTD0xHw0SpCo78=", "parent": "gik/jtFw93imMquZfPKd+FqganPHYY5XCcGc1OKyfB0="}
Node  0 +1 block finalized at time:  2022-11-27 04:46:37.007097799 +0000 UTC m=+128.310777919
2022-11-27T04:46:37.037Z	DEBUG	replica=0	coded-hotterstuff/consensus.go:285	received proposal, called onProposal	{"CURRENT VIEW": 25, "msg": "proposal", "header view": 24, "prepare view": 24, "hash": "gik/jtFw93imMquZfPKd+FqganPHYY5XCcGc1OKyfB0=", "parent": "pmj4OJzIOBXqJKBq/WB/iFAMQJkaLhcosvbRgseJajI="}
2022-11-27T04:46:37.045Z	DEBUG	replica=0	coded-hotterstuff/consensus.go:377	proposal view doesn't match local view	{"CURRENT VIEW": 25, "msg": "proposal", "header view": 24, "prepare view": 24, "hash": "gik/jtFw93imMquZfPKd+FqganPHYY5XCcGc1OKyfB0=", "parent": "pmj4OJzIOBXqJKBq/WB/iFAMQJkaLhcosvbRgseJajI="}
2022-11-27T04:46:40.821Z	DEBUG	replica=0	coded-hotterstuff/consensus.go:285	received proposal, called onProposal	{"CURRENT VIEW": 25, "msg": "proposal", "header view": 25, "prepare view": 24, "hash": "Ugwh8F3FpQFeRSYscm+DFw01jRZ/5rTD0xHw0SpCo78=", "parent": "gik/jtFw93imMquZfPKd+FqganPHYY5XCcGc1OKyfB0="}
2022-11-27T04:46:40.877Z	DEBUG	replica=0	coded-hotterstuff/consensus.go:285	received proposal, called onProposal	{"CURRENT VIEW": 25, "msg": "proposal", "header view": 24, "prepare view": 24, "hash": "gik/jtFw93imMquZfPKd+FqganPHYY5XCcGc1OKyfB0=", "parent": "pmj4OJzIOBXqJKBq/WB/iFAMQJkaLhcosvbRgseJajI="}
2022-11-27T04:46:40.884Z	DEBUG	replica=0	coded-hotterstuff/consensus.go:377	proposal view doesn't match local view	{"CURRENT VIEW": 25, "msg": "proposal", "header view": 24, "prepare view": 24, "hash": "gik/jtFw93imMquZfPKd+FqganPHYY5XCcGc1OKyfB0=", "parent": "pmj4OJzIOBXqJKBq/WB/iFAMQJkaLhcosvbRgseJajI="}
2022-11-27T04:46:41.879Z	DEBUG	replica=0	coded-hotterstuff/consensus.go:285	received proposal, called onProposal	{"CURRENT VIEW": 25, "msg": "proposal", "header view": 26, "prepare view": 24, "hash": "BFze8lj0ByqIeg5FMeM6QhZCC439W3dnPhgVNdsCCe8=", "parent": "Ugwh8F3FpQFeRSYscm+DFw01jRZ/5rTD0xHw0SpCo78="}
2022-11-27T04:46:41.886Z	DEBUG	replica=0	coded-hotterstuff/consensus.go:519	new block certified	{"CURRENT VIEW": 25, "view": 25, "hash": "Ugwh8F3FpQFeRSYscm+DFw01jRZ/5rTD0xHw0SpCo78="}
2022-11-27T04:46:41.886Z	DEBUG	replica=0	coded-hotterstuff/consensus.go:220	entered new view	{"CURRENT VIEW": 26, "view timeout": 2, "timedout": false}
2022-11-27T04:46:41.886Z	DEBUG	replica=0	coded-hotterstuff/consensus.go:498	new block locked	{"CURRENT VIEW": 26, "view": 24, "hash": "gik/jtFw93imMquZfPKd+FqganPHYY5XCcGc1OKyfB0="}
2022-11-27T04:46:41.886Z	INFO	replica=0	coded-hotterstuff/consensus.go:507	new block commited	{"CURRENT VIEW": 26, "view": 23, "hash": "pmj4OJzIOBXqJKBq/WB/iFAMQJkaLhcosvbRgseJajI="}
2022-11-27T04:46:41.887Z	DEBUG	replica=0	coded-hotterstuff/consensus.go:392	proposal is safe to vote on	{"CURRENT VIEW": 25, "msg": "proposal", "header view": 26, "prepare view": 24, "hash": "BFze8lj0ByqIeg5FMeM6QhZCC439W3dnPhgVNdsCCe8=", "parent": "Ugwh8F3FpQFeRSYscm+DFw01jRZ/5rTD0xHw0SpCo78="}
Node  0 +1 block finalized at time:  2022-11-27 04:46:41.889708902 +0000 UTC m=+133.193389036
2022-11-27T04:46:44.246Z	DEBUG	replica=0	coded-hotterstuff/consensus.go:285	received proposal, called onProposal	{"CURRENT VIEW": 26, "msg": "proposal", "header view": 25, "prepare view": 25, "hash": "Ugwh8F3FpQFeRSYscm+DFw01jRZ/5rTD0xHw0SpCo78=", "parent": "gik/jtFw93imMquZfPKd+FqganPHYY5XCcGc1OKyfB0="}
2022-11-27T04:46:44.254Z	DEBUG	replica=0	coded-hotterstuff/consensus.go:377	proposal view doesn't match local view	{"CURRENT VIEW": 26, "msg": "proposal", "header view": 25, "prepare view": 25, "hash": "Ugwh8F3FpQFeRSYscm+DFw01jRZ/5rTD0xHw0SpCo78=", "parent": "gik/jtFw93imMquZfPKd+FqganPHYY5XCcGc1OKyfB0="}
2022-11-27T04:46:46.110Z	DEBUG	replica=0	coded-hotterstuff/consensus.go:285	received proposal, called onProposal	{"CURRENT VIEW": 26, "msg": "proposal", "header view": 26, "prepare view": 25, "hash": "BFze8lj0ByqIeg5FMeM6QhZCC439W3dnPhgVNdsCCe8=", "parent": "Ugwh8F3FpQFeRSYscm+DFw01jRZ/5rTD0xHw0SpCo78="}
2022-11-27T04:46:46.707Z	DEBUG	replica=0	coded-hotterstuff/consensus.go:285	received proposal, called onProposal	{"CURRENT VIEW": 26, "msg": "proposal", "header view": 27, "prepare view": 25, "hash": "e5XoSmN/fXSHLaD7UtB65IvI3HwizG1xo4howmvtAes=", "parent": "BFze8lj0ByqIeg5FMeM6QhZCC439W3dnPhgVNdsCCe8="}
2022-11-27T04:46:46.716Z	DEBUG	replica=0	coded-hotterstuff/consensus.go:519	new block certified	{"CURRENT VIEW": 26, "view": 26, "hash": "BFze8lj0ByqIeg5FMeM6QhZCC439W3dnPhgVNdsCCe8="}
2022-11-27T04:46:46.716Z	DEBUG	replica=0	coded-hotterstuff/consensus.go:220	entered new view	{"CURRENT VIEW": 27, "view timeout": 2, "timedout": false}
2022-11-27T04:46:46.716Z	DEBUG	replica=0	coded-hotterstuff/consensus.go:235	replica is a leader for next view. collecting new-view messages	{"CURRENT VIEW": 27}
2022-11-27T04:46:46.716Z	DEBUG	replica=0	coded-hotterstuff/consensus.go:498	new block locked	{"CURRENT VIEW": 27, "view": 25, "hash": "Ugwh8F3FpQFeRSYscm+DFw01jRZ/5rTD0xHw0SpCo78="}
2022-11-27T04:46:46.716Z	INFO	replica=0	coded-hotterstuff/consensus.go:507	new block commited	{"CURRENT VIEW": 27, "view": 24, "hash": "gik/jtFw93imMquZfPKd+FqganPHYY5XCcGc1OKyfB0="}
2022-11-27T04:46:46.717Z	DEBUG	replica=0	coded-hotterstuff/consensus.go:392	proposal is safe to vote on	{"CURRENT VIEW": 26, "msg": "proposal", "header view": 27, "prepare view": 25, "hash": "e5XoSmN/fXSHLaD7UtB65IvI3HwizG1xo4howmvtAes=", "parent": "BFze8lj0ByqIeg5FMeM6QhZCC439W3dnPhgVNdsCCe8="}
2022-11-27T04:46:46.719Z	DEBUG	replica=0	coded-hotterstuff/consensus.go:676	received vote	{"CURRENT VIEW": 27, "msg": "vote", "voter": 0, "view": 27, "hash": "e5XoSmN/fXSHLaD7UtB65IvI3HwizG1xo4howmvtAes="}
2022-11-27T04:46:46.723Z	DEBUG	replica=0	coded-hotterstuff/consensus.go:676	received vote	{"CURRENT VIEW": 27, "msg": "vote", "voter": 6, "view": 27, "hash": "e5XoSmN/fXSHLaD7UtB65IvI3HwizG1xo4howmvtAes="}
Node  0 +1 block finalized at time:  2022-11-27 04:46:46.727949471 +0000 UTC m=+138.031629591
2022-11-27T04:46:46.757Z	DEBUG	replica=0	coded-hotterstuff/consensus.go:676	received vote	{"CURRENT VIEW": 27, "msg": "vote", "voter": 1, "view": 27, "hash": "e5XoSmN/fXSHLaD7UtB65IvI3HwizG1xo4howmvtAes="}
2022-11-27T04:46:46.762Z	DEBUG	replica=0	coded-hotterstuff/consensus.go:676	received vote	{"CURRENT VIEW": 27, "msg": "vote", "voter": 2, "view": 27, "hash": "e5XoSmN/fXSHLaD7UtB65IvI3HwizG1xo4howmvtAes="}
2022-11-27T04:46:47.012Z	DEBUG	replica=0	coded-hotterstuff/consensus.go:676	received vote	{"CURRENT VIEW": 27, "msg": "vote", "voter": 3, "view": 27, "hash": "e5XoSmN/fXSHLaD7UtB65IvI3HwizG1xo4howmvtAes="}
2022-11-27T04:46:47.017Z	DEBUG	replica=0	coded-hotterstuff/consensus.go:519	new block certified	{"CURRENT VIEW": 27, "view": 27, "hash": "e5XoSmN/fXSHLaD7UtB65IvI3HwizG1xo4howmvtAes="}
2022-11-27T04:46:47.017Z	DEBUG	replica=0	coded-hotterstuff/consensus.go:220	entered new view	{"CURRENT VIEW": 28, "view timeout": 2, "timedout": false}
2022-11-27T04:46:47.017Z	DEBUG	replica=0	coded-hotterstuff/consensus.go:244	replica is a leader for this view. waiting for data	{"CURRENT VIEW": 28}
2022-11-27T04:46:47.017Z	DEBUG	replica=0	coded-hotterstuff/consensus.go:220	entered new view	{"CURRENT VIEW": 28, "view timeout": 2, "timedout": false}
2022-11-27T04:46:47.017Z	DEBUG	replica=0	coded-hotterstuff/consensus.go:244	replica is a leader for this view. waiting for data	{"CURRENT VIEW": 28}
2022-11-27T04:46:47.021Z	DEBUG	replica=0	coded-hotterstuff/consensus.go:152	sending proposal	{"CURRENT VIEW": 28, "hash": "3+UNLakfs7xey4DO9WAie2wp4O9UkkidUzDArWMloJk=", "parent": "e5XoSmN/fXSHLaD7UtB65IvI3HwizG1xo4howmvtAes=", "signer": 0}
2022-11-27T04:46:47.021Z	DEBUG	replica=0	coded-hotterstuff/consensus.go:285	received proposal, called onProposal	{"CURRENT VIEW": 28, "msg": "proposal", "header view": 28, "prepare view": 27, "hash": "3+UNLakfs7xey4DO9WAie2wp4O9UkkidUzDArWMloJk=", "parent": "e5XoSmN/fXSHLaD7UtB65IvI3HwizG1xo4howmvtAes="}
2022-11-27T04:46:47.028Z	DEBUG	replica=0	coded-hotterstuff/consensus.go:498	new block locked	{"CURRENT VIEW": 28, "view": 26, "hash": "BFze8lj0ByqIeg5FMeM6QhZCC439W3dnPhgVNdsCCe8="}
2022-11-27T04:46:47.028Z	INFO	replica=0	coded-hotterstuff/consensus.go:507	new block commited	{"CURRENT VIEW": 28, "view": 25, "hash": "Ugwh8F3FpQFeRSYscm+DFw01jRZ/5rTD0xHw0SpCo78="}
2022-11-27T04:46:47.028Z	DEBUG	replica=0	coded-hotterstuff/consensus.go:392	proposal is safe to vote on	{"CURRENT VIEW": 28, "msg": "proposal", "header view": 28, "prepare view": 27, "hash": "3+UNLakfs7xey4DO9WAie2wp4O9UkkidUzDArWMloJk=", "parent": "e5XoSmN/fXSHLaD7UtB65IvI3HwizG1xo4howmvtAes="}
Node  0 +1 block finalized at time:  2022-11-27 04:46:47.031147317 +0000 UTC m=+138.334827450
2022-11-27T04:46:48.126Z	DEBUG	replica=0	coded-hotterstuff/consensus.go:676	received vote	{"CURRENT VIEW": 28, "msg": "vote", "voter": 4, "view": 28, "hash": "e5XoSmN/fXSHLaD7UtB65IvI3HwizG1xo4howmvtAes="}
2022-11-27T04:46:48.131Z	DEBUG	replica=0	coded-hotterstuff/consensus.go:220	entered new view	{"CURRENT VIEW": 28, "view timeout": 2, "timedout": false}
2022-11-27T04:46:48.131Z	DEBUG	replica=0	coded-hotterstuff/consensus.go:244	replica is a leader for this view. waiting for data	{"CURRENT VIEW": 28}
2022-11-27T04:46:48.134Z	DEBUG	replica=0	coded-hotterstuff/consensus.go:152	sending proposal	{"CURRENT VIEW": 28, "hash": "3+UNLakfs7xey4DO9WAie2wp4O9UkkidUzDArWMloJk=", "parent": "e5XoSmN/fXSHLaD7UtB65IvI3HwizG1xo4howmvtAes=", "signer": 0}
2022-11-27T04:46:48.134Z	DEBUG	replica=0	coded-hotterstuff/consensus.go:285	received proposal, called onProposal	{"CURRENT VIEW": 28, "msg": "proposal", "header view": 28, "prepare view": 27, "hash": "3+UNLakfs7xey4DO9WAie2wp4O9UkkidUzDArWMloJk=", "parent": "e5XoSmN/fXSHLaD7UtB65IvI3HwizG1xo4howmvtAes="}
