Node index: 3
node 3 initiating connection to 10.0.1.0:9000
node 3 initiating connection to 10.0.1.2:9001
node 3 initiating connection to 10.0.1.4:9002
2022-11-27T04:44:28.773Z	DEBUG	replica=3	coded-hotterstuff/consensus.go:220	entered new view	{"CURRENT VIEW": 1, "view timeout": 2, "timedout": false}
node 3 successfully initiated connection to 10.0.1.2:9001
node 3 successfully initiated connection to 10.0.1.0:9000
node 3 successfully initiated connection to 10.0.1.4:9002
connection established 3 - 4
Node  3 -->  Listening for messages... 
connection established 3 - 5
Node  3 -->  Listening for messages... 
connection established 3 - 6
Node  3 -->  Listening for messages... 
connection established 3 - 0
Node  3 -->  Listening for messages... 
connection established 3 - 1
Node  3 -->  Listening for messages... 
connection established 3 - 2
Node  3 -->  Listening for messages... 
2022-11-27T04:44:33.920Z	DEBUG	replica=3	coded-hotterstuff/consensus.go:285	received proposal, called onProposal	{"CURRENT VIEW": 1, "msg": "proposal", "header view": 1, "prepare view": 0, "hash": "SKC06ZXnbItnYZVTxXLWgGtuTOc9zSoSvlJWhQRO6/8=", "parent": "GZWDhiYW+ib6TpJWRLDOftUd8y8ovAaEerQWDbefS7c="}
2022-11-27T04:44:33.931Z	DEBUG	replica=3	coded-hotterstuff/consensus.go:487	could not find gparent header	{"CURRENT VIEW": 1, "view": 0, "hash": "GZWDhiYW+ib6TpJWRLDOftUd8y8ovAaEerQWDbefS7c="}
2022-11-27T04:44:33.947Z	DEBUG	replica=3	coded-hotterstuff/consensus.go:392	proposal is safe to vote on	{"CURRENT VIEW": 1, "msg": "proposal", "header view": 1, "prepare view": 0, "hash": "SKC06ZXnbItnYZVTxXLWgGtuTOc9zSoSvlJWhQRO6/8=", "parent": "GZWDhiYW+ib6TpJWRLDOftUd8y8ovAaEerQWDbefS7c="}
2022-11-27T04:44:39.088Z	DEBUG	replica=3	coded-hotterstuff/consensus.go:285	received proposal, called onProposal	{"CURRENT VIEW": 1, "msg": "proposal", "header view": 2, "prepare view": 0, "hash": "cPBdTa7qQJueFGrjnuqGleZwFBh/lhGAlUWBfCr3UKs=", "parent": "SKC06ZXnbItnYZVTxXLWgGtuTOc9zSoSvlJWhQRO6/8="}
2022-11-27T04:44:39.098Z	DEBUG	replica=3	coded-hotterstuff/consensus.go:519	new block certified	{"CURRENT VIEW": 1, "view": 1, "hash": "SKC06ZXnbItnYZVTxXLWgGtuTOc9zSoSvlJWhQRO6/8="}
2022-11-27T04:44:39.099Z	DEBUG	replica=3	coded-hotterstuff/consensus.go:220	entered new view	{"CURRENT VIEW": 2, "view timeout": 2, "timedout": false}
2022-11-27T04:44:39.099Z	DEBUG	replica=3	coded-hotterstuff/consensus.go:235	replica is a leader for next view. collecting new-view messages	{"CURRENT VIEW": 2}
2022-11-27T04:44:39.099Z	DEBUG	replica=3	coded-hotterstuff/consensus.go:492	could not find ggparent header	{"CURRENT VIEW": 2, "view": 0, "hash": "GZWDhiYW+ib6TpJWRLDOftUd8y8ovAaEerQWDbefS7c="}
2022-11-27T04:44:39.101Z	DEBUG	replica=3	coded-hotterstuff/consensus.go:392	proposal is safe to vote on	{"CURRENT VIEW": 1, "msg": "proposal", "header view": 2, "prepare view": 0, "hash": "cPBdTa7qQJueFGrjnuqGleZwFBh/lhGAlUWBfCr3UKs=", "parent": "SKC06ZXnbItnYZVTxXLWgGtuTOc9zSoSvlJWhQRO6/8="}
2022-11-27T04:44:39.104Z	DEBUG	replica=3	coded-hotterstuff/consensus.go:676	received vote	{"CURRENT VIEW": 2, "msg": "vote", "voter": 3, "view": 2, "hash": "cPBdTa7qQJueFGrjnuqGleZwFBh/lhGAlUWBfCr3UKs="}
2022-11-27T04:44:39.109Z	DEBUG	replica=3	coded-hotterstuff/consensus.go:676	received vote	{"CURRENT VIEW": 2, "msg": "vote", "voter": 2, "view": 2, "hash": "cPBdTa7qQJueFGrjnuqGleZwFBh/lhGAlUWBfCr3UKs="}
2022-11-27T04:44:39.146Z	DEBUG	replica=3	coded-hotterstuff/consensus.go:676	received vote	{"CURRENT VIEW": 2, "msg": "vote", "voter": 6, "view": 2, "hash": "cPBdTa7qQJueFGrjnuqGleZwFBh/lhGAlUWBfCr3UKs="}
2022-11-27T04:44:39.159Z	DEBUG	replica=3	coded-hotterstuff/consensus.go:676	received vote	{"CURRENT VIEW": 2, "msg": "vote", "voter": 4, "view": 2, "hash": "cPBdTa7qQJueFGrjnuqGleZwFBh/lhGAlUWBfCr3UKs="}
2022-11-27T04:44:39.164Z	DEBUG	replica=3	coded-hotterstuff/consensus.go:676	received vote	{"CURRENT VIEW": 2, "msg": "vote", "voter": 0, "view": 2, "hash": "cPBdTa7qQJueFGrjnuqGleZwFBh/lhGAlUWBfCr3UKs="}
2022-11-27T04:44:39.169Z	DEBUG	replica=3	coded-hotterstuff/consensus.go:519	new block certified	{"CURRENT VIEW": 2, "view": 2, "hash": "cPBdTa7qQJueFGrjnuqGleZwFBh/lhGAlUWBfCr3UKs="}
2022-11-27T04:44:39.169Z	DEBUG	replica=3	coded-hotterstuff/consensus.go:220	entered new view	{"CURRENT VIEW": 3, "view timeout": 2, "timedout": false}
2022-11-27T04:44:39.169Z	DEBUG	replica=3	coded-hotterstuff/consensus.go:244	replica is a leader for this view. waiting for data	{"CURRENT VIEW": 3}
2022-11-27T04:44:39.169Z	DEBUG	replica=3	coded-hotterstuff/consensus.go:220	entered new view	{"CURRENT VIEW": 3, "view timeout": 2, "timedout": false}
2022-11-27T04:44:39.169Z	DEBUG	replica=3	coded-hotterstuff/consensus.go:244	replica is a leader for this view. waiting for data	{"CURRENT VIEW": 3}
2022-11-27T04:44:39.169Z	DEBUG	replica=3	coded-hotterstuff/consensus.go:676	received vote	{"CURRENT VIEW": 3, "msg": "vote", "voter": 1, "view": 3, "hash": "cPBdTa7qQJueFGrjnuqGleZwFBh/lhGAlUWBfCr3UKs="}
2022-11-27T04:44:39.174Z	DEBUG	replica=3	coded-hotterstuff/consensus.go:220	entered new view	{"CURRENT VIEW": 3, "view timeout": 2, "timedout": false}
2022-11-27T04:44:39.174Z	DEBUG	replica=3	coded-hotterstuff/consensus.go:244	replica is a leader for this view. waiting for data	{"CURRENT VIEW": 3}
2022-11-27T04:44:39.177Z	DEBUG	replica=3	coded-hotterstuff/consensus.go:152	sending proposal	{"CURRENT VIEW": 3, "hash": "cLFzFj8B5QK8hCmGW/OU2JuMGjA5BWSI/G1faUNJ6uM=", "parent": "cPBdTa7qQJueFGrjnuqGleZwFBh/lhGAlUWBfCr3UKs=", "signer": 3}
2022-11-27T04:44:39.177Z	DEBUG	replica=3	coded-hotterstuff/consensus.go:285	received proposal, called onProposal	{"CURRENT VIEW": 3, "msg": "proposal", "header view": 3, "prepare view": 2, "hash": "cLFzFj8B5QK8hCmGW/OU2JuMGjA5BWSI/G1faUNJ6uM=", "parent": "cPBdTa7qQJueFGrjnuqGleZwFBh/lhGAlUWBfCr3UKs="}
2022-11-27T04:44:39.184Z	DEBUG	replica=3	coded-hotterstuff/consensus.go:498	new block locked	{"CURRENT VIEW": 3, "view": 1, "hash": "SKC06ZXnbItnYZVTxXLWgGtuTOc9zSoSvlJWhQRO6/8="}
2022-11-27T04:44:39.187Z	DEBUG	replica=3	coded-hotterstuff/consensus.go:392	proposal is safe to vote on	{"CURRENT VIEW": 3, "msg": "proposal", "header view": 3, "prepare view": 2, "hash": "cLFzFj8B5QK8hCmGW/OU2JuMGjA5BWSI/G1faUNJ6uM=", "parent": "cPBdTa7qQJueFGrjnuqGleZwFBh/lhGAlUWBfCr3UKs="}
2022-11-27T04:44:39.335Z	DEBUG	replica=3	coded-hotterstuff/consensus.go:676	received vote	{"CURRENT VIEW": 3, "msg": "vote", "voter": 5, "view": 3, "hash": "cPBdTa7qQJueFGrjnuqGleZwFBh/lhGAlUWBfCr3UKs="}
2022-11-27T04:44:39.340Z	DEBUG	replica=3	coded-hotterstuff/consensus.go:220	entered new view	{"CURRENT VIEW": 3, "view timeout": 2, "timedout": false}
2022-11-27T04:44:39.340Z	DEBUG	replica=3	coded-hotterstuff/consensus.go:244	replica is a leader for this view. waiting for data	{"CURRENT VIEW": 3}
2022-11-27T04:44:39.344Z	DEBUG	replica=3	coded-hotterstuff/consensus.go:152	sending proposal	{"CURRENT VIEW": 3, "hash": "cLFzFj8B5QK8hCmGW/OU2JuMGjA5BWSI/G1faUNJ6uM=", "parent": "cPBdTa7qQJueFGrjnuqGleZwFBh/lhGAlUWBfCr3UKs=", "signer": 3}
2022-11-27T04:44:39.344Z	DEBUG	replica=3	coded-hotterstuff/consensus.go:285	received proposal, called onProposal	{"CURRENT VIEW": 3, "msg": "proposal", "header view": 3, "prepare view": 2, "hash": "cLFzFj8B5QK8hCmGW/OU2JuMGjA5BWSI/G1faUNJ6uM=", "parent": "cPBdTa7qQJueFGrjnuqGleZwFBh/lhGAlUWBfCr3UKs="}
2022-11-27T04:44:48.274Z	DEBUG	replica=3	coded-hotterstuff/consensus.go:285	received proposal, called onProposal	{"CURRENT VIEW": 3, "msg": "proposal", "header view": 2, "prepare view": 2, "hash": "cPBdTa7qQJueFGrjnuqGleZwFBh/lhGAlUWBfCr3UKs=", "parent": "SKC06ZXnbItnYZVTxXLWgGtuTOc9zSoSvlJWhQRO6/8="}
2022-11-27T04:44:48.280Z	DEBUG	replica=3	coded-hotterstuff/consensus.go:492	could not find ggparent header	{"CURRENT VIEW": 3, "view": 0, "hash": "GZWDhiYW+ib6TpJWRLDOftUd8y8ovAaEerQWDbefS7c="}
2022-11-27T04:44:48.280Z	DEBUG	replica=3	coded-hotterstuff/consensus.go:377	proposal view doesn't match local view	{"CURRENT VIEW": 3, "msg": "proposal", "header view": 2, "prepare view": 2, "hash": "cPBdTa7qQJueFGrjnuqGleZwFBh/lhGAlUWBfCr3UKs=", "parent": "SKC06ZXnbItnYZVTxXLWgGtuTOc9zSoSvlJWhQRO6/8="}
2022-11-27T04:44:52.976Z	DEBUG	replica=3	coded-hotterstuff/consensus.go:285	received proposal, called onProposal	{"CURRENT VIEW": 3, "msg": "proposal", "header view": 4, "prepare view": 2, "hash": "8WqYPi7RnJLtEHQ0we0AUFXAprYP7gJj7Cq2GuiCGb4=", "parent": "cLFzFj8B5QK8hCmGW/OU2JuMGjA5BWSI/G1faUNJ6uM="}
2022-11-27T04:44:52.984Z	DEBUG	replica=3	coded-hotterstuff/consensus.go:519	new block certified	{"CURRENT VIEW": 3, "view": 3, "hash": "cLFzFj8B5QK8hCmGW/OU2JuMGjA5BWSI/G1faUNJ6uM="}
2022-11-27T04:44:52.984Z	DEBUG	replica=3	coded-hotterstuff/consensus.go:220	entered new view	{"CURRENT VIEW": 4, "view timeout": 2, "timedout": false}
2022-11-27T04:44:52.984Z	DEBUG	replica=3	coded-hotterstuff/consensus.go:498	new block locked	{"CURRENT VIEW": 4, "view": 2, "hash": "cPBdTa7qQJueFGrjnuqGleZwFBh/lhGAlUWBfCr3UKs="}
2022-11-27T04:44:52.984Z	INFO	replica=3	coded-hotterstuff/consensus.go:507	new block commited	{"CURRENT VIEW": 4, "view": 1, "hash": "SKC06ZXnbItnYZVTxXLWgGtuTOc9zSoSvlJWhQRO6/8="}
2022-11-27T04:44:52.986Z	DEBUG	replica=3	coded-hotterstuff/consensus.go:392	proposal is safe to vote on	{"CURRENT VIEW": 3, "msg": "proposal", "header view": 4, "prepare view": 2, "hash": "8WqYPi7RnJLtEHQ0we0AUFXAprYP7gJj7Cq2GuiCGb4=", "parent": "cLFzFj8B5QK8hCmGW/OU2JuMGjA5BWSI/G1faUNJ6uM="}
Node  3 +1 block finalized at time:  2022-11-27 04:44:52.989145575 +0000 UTC m=+24.277755515
2022-11-27T04:44:53.392Z	DEBUG	replica=3	coded-hotterstuff/consensus.go:285	received proposal, called onProposal	{"CURRENT VIEW": 4, "msg": "proposal", "header view": 5, "prepare view": 3, "hash": "jgrj6scOqMsv2tOI5ilebUQ0EAUbjhBGBRf6AbYZ3ZQ=", "parent": "8WqYPi7RnJLtEHQ0we0AUFXAprYP7gJj7Cq2GuiCGb4="}
2022-11-27T04:44:53.405Z	DEBUG	replica=3	coded-hotterstuff/consensus.go:519	new block certified	{"CURRENT VIEW": 4, "view": 4, "hash": "8WqYPi7RnJLtEHQ0we0AUFXAprYP7gJj7Cq2GuiCGb4="}
2022-11-27T04:44:53.405Z	DEBUG	replica=3	coded-hotterstuff/consensus.go:220	entered new view	{"CURRENT VIEW": 5, "view timeout": 2, "timedout": false}
2022-11-27T04:44:53.405Z	DEBUG	replica=3	coded-hotterstuff/consensus.go:498	new block locked	{"CURRENT VIEW": 5, "view": 3, "hash": "cLFzFj8B5QK8hCmGW/OU2JuMGjA5BWSI/G1faUNJ6uM="}
2022-11-27T04:44:53.405Z	INFO	replica=3	coded-hotterstuff/consensus.go:507	new block commited	{"CURRENT VIEW": 5, "view": 2, "hash": "cPBdTa7qQJueFGrjnuqGleZwFBh/lhGAlUWBfCr3UKs="}
2022-11-27T04:44:53.407Z	DEBUG	replica=3	coded-hotterstuff/consensus.go:392	proposal is safe to vote on	{"CURRENT VIEW": 4, "msg": "proposal", "header view": 5, "prepare view": 3, "hash": "jgrj6scOqMsv2tOI5ilebUQ0EAUbjhBGBRf6AbYZ3ZQ=", "parent": "8WqYPi7RnJLtEHQ0we0AUFXAprYP7gJj7Cq2GuiCGb4="}
Node  3 +1 block finalized at time:  2022-11-27 04:44:53.409801678 +0000 UTC m=+24.698411625
2022-11-27T04:44:55.023Z	DEBUG	replica=3	coded-hotterstuff/consensus.go:285	received proposal, called onProposal	{"CURRENT VIEW": 5, "msg": "proposal", "header view": 4, "prepare view": 4, "hash": "8WqYPi7RnJLtEHQ0we0AUFXAprYP7gJj7Cq2GuiCGb4=", "parent": "cLFzFj8B5QK8hCmGW/OU2JuMGjA5BWSI/G1faUNJ6uM="}
2022-11-27T04:44:55.031Z	DEBUG	replica=3	coded-hotterstuff/consensus.go:377	proposal view doesn't match local view	{"CURRENT VIEW": 5, "msg": "proposal", "header view": 4, "prepare view": 4, "hash": "8WqYPi7RnJLtEHQ0we0AUFXAprYP7gJj7Cq2GuiCGb4=", "parent": "cLFzFj8B5QK8hCmGW/OU2JuMGjA5BWSI/G1faUNJ6uM="}
2022-11-27T04:44:57.489Z	DEBUG	replica=3	coded-hotterstuff/consensus.go:285	received proposal, called onProposal	{"CURRENT VIEW": 5, "msg": "proposal", "header view": 5, "prepare view": 4, "hash": "jgrj6scOqMsv2tOI5ilebUQ0EAUbjhBGBRf6AbYZ3ZQ=", "parent": "8WqYPi7RnJLtEHQ0we0AUFXAprYP7gJj7Cq2GuiCGb4="}
2022-11-27T04:44:58.235Z	DEBUG	replica=3	coded-hotterstuff/consensus.go:285	received proposal, called onProposal	{"CURRENT VIEW": 5, "msg": "proposal", "header view": 6, "prepare view": 4, "hash": "kFp8+So3McG2yp/crA+UXLJ7e1+L/NadJHrbEZU+si4=", "parent": "jgrj6scOqMsv2tOI5ilebUQ0EAUbjhBGBRf6AbYZ3ZQ="}
2022-11-27T04:44:58.243Z	DEBUG	replica=3	coded-hotterstuff/consensus.go:519	new block certified	{"CURRENT VIEW": 5, "view": 5, "hash": "jgrj6scOqMsv2tOI5ilebUQ0EAUbjhBGBRf6AbYZ3ZQ="}
2022-11-27T04:44:58.243Z	DEBUG	replica=3	coded-hotterstuff/consensus.go:220	entered new view	{"CURRENT VIEW": 6, "view timeout": 2, "timedout": false}
2022-11-27T04:44:58.243Z	DEBUG	replica=3	coded-hotterstuff/consensus.go:498	new block locked	{"CURRENT VIEW": 6, "view": 4, "hash": "8WqYPi7RnJLtEHQ0we0AUFXAprYP7gJj7Cq2GuiCGb4="}
2022-11-27T04:44:58.243Z	INFO	replica=3	coded-hotterstuff/consensus.go:507	new block commited	{"CURRENT VIEW": 6, "view": 3, "hash": "cLFzFj8B5QK8hCmGW/OU2JuMGjA5BWSI/G1faUNJ6uM="}
2022-11-27T04:44:58.244Z	DEBUG	replica=3	coded-hotterstuff/consensus.go:392	proposal is safe to vote on	{"CURRENT VIEW": 5, "msg": "proposal", "header view": 6, "prepare view": 4, "hash": "kFp8+So3McG2yp/crA+UXLJ7e1+L/NadJHrbEZU+si4=", "parent": "jgrj6scOqMsv2tOI5ilebUQ0EAUbjhBGBRf6AbYZ3ZQ="}
Node  3 +1 block finalized at time:  2022-11-27 04:44:58.246444537 +0000 UTC m=+29.535054475
2022-11-27T04:45:02.483Z	DEBUG	replica=3	coded-hotterstuff/consensus.go:285	received proposal, called onProposal	{"CURRENT VIEW": 6, "msg": "proposal", "header view": 6, "prepare view": 5, "hash": "kFp8+So3McG2yp/crA+UXLJ7e1+L/NadJHrbEZU+si4=", "parent": "jgrj6scOqMsv2tOI5ilebUQ0EAUbjhBGBRf6AbYZ3ZQ="}
2022-11-27T04:45:03.158Z	DEBUG	replica=3	coded-hotterstuff/consensus.go:285	received proposal, called onProposal	{"CURRENT VIEW": 6, "msg": "proposal", "header view": 7, "prepare view": 5, "hash": "UrpGBauqox/y7djWW1+uYAk4lnjGCoti5rxDg06dPA8=", "parent": "kFp8+So3McG2yp/crA+UXLJ7e1+L/NadJHrbEZU+si4="}
2022-11-27T04:45:03.171Z	DEBUG	replica=3	coded-hotterstuff/consensus.go:519	new block certified	{"CURRENT VIEW": 6, "view": 6, "hash": "kFp8+So3McG2yp/crA+UXLJ7e1+L/NadJHrbEZU+si4="}
2022-11-27T04:45:03.171Z	DEBUG	replica=3	coded-hotterstuff/consensus.go:220	entered new view	{"CURRENT VIEW": 7, "view timeout": 2, "timedout": false}
2022-11-27T04:45:03.171Z	DEBUG	replica=3	coded-hotterstuff/consensus.go:498	new block locked	{"CURRENT VIEW": 7, "view": 5, "hash": "jgrj6scOqMsv2tOI5ilebUQ0EAUbjhBGBRf6AbYZ3ZQ="}
2022-11-27T04:45:03.171Z	INFO	replica=3	coded-hotterstuff/consensus.go:507	new block commited	{"CURRENT VIEW": 7, "view": 4, "hash": "8WqYPi7RnJLtEHQ0we0AUFXAprYP7gJj7Cq2GuiCGb4="}
2022-11-27T04:45:03.172Z	DEBUG	replica=3	coded-hotterstuff/consensus.go:392	proposal is safe to vote on	{"CURRENT VIEW": 6, "msg": "proposal", "header view": 7, "prepare view": 5, "hash": "UrpGBauqox/y7djWW1+uYAk4lnjGCoti5rxDg06dPA8=", "parent": "kFp8+So3McG2yp/crA+UXLJ7e1+L/NadJHrbEZU+si4="}
Node  3 +1 block finalized at time:  2022-11-27 04:45:03.17577162 +0000 UTC m=+34.464381562
2022-11-27T04:45:06.619Z	DEBUG	replica=3	coded-hotterstuff/consensus.go:285	received proposal, called onProposal	{"CURRENT VIEW": 7, "msg": "proposal", "header view": 6, "prepare view": 6, "hash": "kFp8+So3McG2yp/crA+UXLJ7e1+L/NadJHrbEZU+si4=", "parent": "jgrj6scOqMsv2tOI5ilebUQ0EAUbjhBGBRf6AbYZ3ZQ="}
2022-11-27T04:45:06.628Z	DEBUG	replica=3	coded-hotterstuff/consensus.go:377	proposal view doesn't match local view	{"CURRENT VIEW": 7, "msg": "proposal", "header view": 6, "prepare view": 6, "hash": "kFp8+So3McG2yp/crA+UXLJ7e1+L/NadJHrbEZU+si4=", "parent": "jgrj6scOqMsv2tOI5ilebUQ0EAUbjhBGBRf6AbYZ3ZQ="}
2022-11-27T04:45:07.375Z	DEBUG	replica=3	coded-hotterstuff/consensus.go:285	received proposal, called onProposal	{"CURRENT VIEW": 7, "msg": "proposal", "header view": 7, "prepare view": 6, "hash": "UrpGBauqox/y7djWW1+uYAk4lnjGCoti5rxDg06dPA8=", "parent": "kFp8+So3McG2yp/crA+UXLJ7e1+L/NadJHrbEZU+si4="}
2022-11-27T04:45:07.689Z	DEBUG	replica=3	coded-hotterstuff/consensus.go:285	received proposal, called onProposal	{"CURRENT VIEW": 7, "msg": "proposal", "header view": 8, "prepare view": 6, "hash": "CdTNHG77L/KNb6fxbFkMI5vefUtOuAcj6xhNSmb/gws=", "parent": "UrpGBauqox/y7djWW1+uYAk4lnjGCoti5rxDg06dPA8="}
2022-11-27T04:45:07.701Z	DEBUG	replica=3	coded-hotterstuff/consensus.go:519	new block certified	{"CURRENT VIEW": 7, "view": 7, "hash": "UrpGBauqox/y7djWW1+uYAk4lnjGCoti5rxDg06dPA8="}
2022-11-27T04:45:07.701Z	DEBUG	replica=3	coded-hotterstuff/consensus.go:220	entered new view	{"CURRENT VIEW": 8, "view timeout": 2, "timedout": false}
2022-11-27T04:45:07.701Z	DEBUG	replica=3	coded-hotterstuff/consensus.go:498	new block locked	{"CURRENT VIEW": 8, "view": 6, "hash": "kFp8+So3McG2yp/crA+UXLJ7e1+L/NadJHrbEZU+si4="}
2022-11-27T04:45:07.701Z	INFO	replica=3	coded-hotterstuff/consensus.go:507	new block commited	{"CURRENT VIEW": 8, "view": 5, "hash": "jgrj6scOqMsv2tOI5ilebUQ0EAUbjhBGBRf6AbYZ3ZQ="}
2022-11-27T04:45:07.702Z	DEBUG	replica=3	coded-hotterstuff/consensus.go:392	proposal is safe to vote on	{"CURRENT VIEW": 7, "msg": "proposal", "header view": 8, "prepare view": 6, "hash": "CdTNHG77L/KNb6fxbFkMI5vefUtOuAcj6xhNSmb/gws=", "parent": "UrpGBauqox/y7djWW1+uYAk4lnjGCoti5rxDg06dPA8="}
Node  3 +1 block finalized at time:  2022-11-27 04:45:07.706204045 +0000 UTC m=+38.994813993
2022-11-27T04:45:11.717Z	DEBUG	replica=3	coded-hotterstuff/consensus.go:285	received proposal, called onProposal	{"CURRENT VIEW": 8, "msg": "proposal", "header view": 8, "prepare view": 7, "hash": "CdTNHG77L/KNb6fxbFkMI5vefUtOuAcj6xhNSmb/gws=", "parent": "UrpGBauqox/y7djWW1+uYAk4lnjGCoti5rxDg06dPA8="}
2022-11-27T04:45:12.238Z	DEBUG	replica=3	coded-hotterstuff/consensus.go:676	received vote	{"CURRENT VIEW": 8, "msg": "vote", "voter": 4, "view": 8, "hash": "S5jvF8HlmLvBxjERXgBCYm1M/GPQBuOxef9Rwa5UXRA="}
Node  3  received vote before proposal, saving vote in pending votes, hash is  [75 152 239 23 193 229 152 187 193 198 49 17 94 0 66 98 109 76 252 99 208 6 227 177 121 255 81 193 174 84 93 16]  and string is,  9
2022-11-27T04:45:12.238Z	DEBUG	replica=3	coded-hotterstuff/consensus.go:681	Received vote before proposal, key is, 9	{"CURRENT VIEW": 8}
2022-11-27T04:45:12.243Z	DEBUG	replica=3	coded-hotterstuff/consensus.go:676	received vote	{"CURRENT VIEW": 8, "msg": "vote", "voter": 5, "view": 8, "hash": "S5jvF8HlmLvBxjERXgBCYm1M/GPQBuOxef9Rwa5UXRA="}
2022-11-27T04:45:12.251Z	DEBUG	replica=3	coded-hotterstuff/consensus.go:676	received vote	{"CURRENT VIEW": 8, "msg": "vote", "voter": 0, "view": 8, "hash": "S5jvF8HlmLvBxjERXgBCYm1M/GPQBuOxef9Rwa5UXRA="}
2022-11-27T04:45:12.257Z	DEBUG	replica=3	coded-hotterstuff/consensus.go:676	received vote	{"CURRENT VIEW": 8, "msg": "vote", "voter": 6, "view": 8, "hash": "S5jvF8HlmLvBxjERXgBCYm1M/GPQBuOxef9Rwa5UXRA="}
2022-11-27T04:45:15.947Z	DEBUG	replica=3	coded-hotterstuff/consensus.go:285	received proposal, called onProposal	{"CURRENT VIEW": 8, "msg": "proposal", "header view": 9, "prepare view": 7, "hash": "S5jvF8HlmLvBxjERXgBCYm1M/GPQBuOxef9Rwa5UXRA=", "parent": "CdTNHG77L/KNb6fxbFkMI5vefUtOuAcj6xhNSmb/gws="}
2022-11-27T04:45:15.955Z	DEBUG	replica=3	coded-hotterstuff/consensus.go:519	new block certified	{"CURRENT VIEW": 8, "view": 8, "hash": "CdTNHG77L/KNb6fxbFkMI5vefUtOuAcj6xhNSmb/gws="}
2022-11-27T04:45:15.955Z	DEBUG	replica=3	coded-hotterstuff/consensus.go:220	entered new view	{"CURRENT VIEW": 9, "view timeout": 2, "timedout": false}
2022-11-27T04:45:15.955Z	DEBUG	replica=3	coded-hotterstuff/consensus.go:235	replica is a leader for next view. collecting new-view messages	{"CURRENT VIEW": 9}
2022-11-27T04:45:15.955Z	DEBUG	replica=3	coded-hotterstuff/consensus.go:498	new block locked	{"CURRENT VIEW": 9, "view": 7, "hash": "UrpGBauqox/y7djWW1+uYAk4lnjGCoti5rxDg06dPA8="}
2022-11-27T04:45:15.955Z	INFO	replica=3	coded-hotterstuff/consensus.go:507	new block commited	{"CURRENT VIEW": 9, "view": 6, "hash": "kFp8+So3McG2yp/crA+UXLJ7e1+L/NadJHrbEZU+si4="}
2022-11-27T04:45:15.956Z	DEBUG	replica=3	coded-hotterstuff/consensus.go:392	proposal is safe to vote on	{"CURRENT VIEW": 8, "msg": "proposal", "header view": 9, "prepare view": 7, "hash": "S5jvF8HlmLvBxjERXgBCYm1M/GPQBuOxef9Rwa5UXRA=", "parent": "CdTNHG77L/KNb6fxbFkMI5vefUtOuAcj6xhNSmb/gws="}
2022-11-27T04:45:15.956Z	DEBUG	replica=3	coded-hotterstuff/consensus.go:467	Taking care of pending vote 9	{"CURRENT VIEW": 9}
2022-11-27T04:45:15.956Z	DEBUG	replica=3	coded-hotterstuff/consensus.go:676	received vote	{"CURRENT VIEW": 9, "msg": "vote", "voter": 4, "view": 9, "hash": "S5jvF8HlmLvBxjERXgBCYm1M/GPQBuOxef9Rwa5UXRA="}
2022-11-27T04:45:15.959Z	DEBUG	replica=3	coded-hotterstuff/consensus.go:467	Taking care of pending vote 9	{"CURRENT VIEW": 9}
2022-11-27T04:45:15.959Z	DEBUG	replica=3	coded-hotterstuff/consensus.go:676	received vote	{"CURRENT VIEW": 9, "msg": "vote", "voter": 5, "view": 9, "hash": "S5jvF8HlmLvBxjERXgBCYm1M/GPQBuOxef9Rwa5UXRA="}
2022-11-27T04:45:15.964Z	DEBUG	replica=3	coded-hotterstuff/consensus.go:467	Taking care of pending vote 9	{"CURRENT VIEW": 9}
2022-11-27T04:45:15.964Z	DEBUG	replica=3	coded-hotterstuff/consensus.go:676	received vote	{"CURRENT VIEW": 9, "msg": "vote", "voter": 0, "view": 9, "hash": "S5jvF8HlmLvBxjERXgBCYm1M/GPQBuOxef9Rwa5UXRA="}
2022-11-27T04:45:15.969Z	DEBUG	replica=3	coded-hotterstuff/consensus.go:467	Taking care of pending vote 9	{"CURRENT VIEW": 9}
2022-11-27T04:45:15.969Z	DEBUG	replica=3	coded-hotterstuff/consensus.go:676	received vote	{"CURRENT VIEW": 9, "msg": "vote", "voter": 6, "view": 9, "hash": "S5jvF8HlmLvBxjERXgBCYm1M/GPQBuOxef9Rwa5UXRA="}
2022-11-27T04:45:15.976Z	DEBUG	replica=3	coded-hotterstuff/consensus.go:676	received vote	{"CURRENT VIEW": 9, "msg": "vote", "voter": 3, "view": 9, "hash": "S5jvF8HlmLvBxjERXgBCYm1M/GPQBuOxef9Rwa5UXRA="}
2022-11-27T04:45:15.981Z	DEBUG	replica=3	coded-hotterstuff/consensus.go:519	new block certified	{"CURRENT VIEW": 9, "view": 9, "hash": "S5jvF8HlmLvBxjERXgBCYm1M/GPQBuOxef9Rwa5UXRA="}
2022-11-27T04:45:15.981Z	DEBUG	replica=3	coded-hotterstuff/consensus.go:220	entered new view	{"CURRENT VIEW": 10, "view timeout": 2, "timedout": false}
2022-11-27T04:45:15.981Z	DEBUG	replica=3	coded-hotterstuff/consensus.go:244	replica is a leader for this view. waiting for data	{"CURRENT VIEW": 10}
2022-11-27T04:45:15.981Z	DEBUG	replica=3	coded-hotterstuff/consensus.go:220	entered new view	{"CURRENT VIEW": 10, "view timeout": 2, "timedout": false}
2022-11-27T04:45:15.981Z	DEBUG	replica=3	coded-hotterstuff/consensus.go:244	replica is a leader for this view. waiting for data	{"CURRENT VIEW": 10}
2022-11-27T04:45:15.981Z	DEBUG	replica=3	coded-hotterstuff/consensus.go:676	received vote	{"CURRENT VIEW": 10, "msg": "vote", "voter": 2, "view": 10, "hash": "S5jvF8HlmLvBxjERXgBCYm1M/GPQBuOxef9Rwa5UXRA="}
Node  3 +1 block finalized at time:  2022-11-27 04:45:15.982543937 +0000 UTC m=+47.271153933
2022-11-27T04:45:15.986Z	DEBUG	replica=3	coded-hotterstuff/consensus.go:220	entered new view	{"CURRENT VIEW": 10, "view timeout": 2, "timedout": false}
2022-11-27T04:45:15.986Z	DEBUG	replica=3	coded-hotterstuff/consensus.go:244	replica is a leader for this view. waiting for data	{"CURRENT VIEW": 10}
2022-11-27T04:45:15.988Z	DEBUG	replica=3	coded-hotterstuff/consensus.go:152	sending proposal	{"CURRENT VIEW": 10, "hash": "Gymi6tg4A5LZy8aiMG6k221RFpMttMcj9dlrzPCBVG4=", "parent": "S5jvF8HlmLvBxjERXgBCYm1M/GPQBuOxef9Rwa5UXRA=", "signer": 3}
2022-11-27T04:45:15.988Z	DEBUG	replica=3	coded-hotterstuff/consensus.go:285	received proposal, called onProposal	{"CURRENT VIEW": 10, "msg": "proposal", "header view": 10, "prepare view": 9, "hash": "Gymi6tg4A5LZy8aiMG6k221RFpMttMcj9dlrzPCBVG4=", "parent": "S5jvF8HlmLvBxjERXgBCYm1M/GPQBuOxef9Rwa5UXRA="}
2022-11-27T04:45:15.995Z	DEBUG	replica=3	coded-hotterstuff/consensus.go:498	new block locked	{"CURRENT VIEW": 10, "view": 8, "hash": "CdTNHG77L/KNb6fxbFkMI5vefUtOuAcj6xhNSmb/gws="}
2022-11-27T04:45:15.995Z	INFO	replica=3	coded-hotterstuff/consensus.go:507	new block commited	{"CURRENT VIEW": 10, "view": 7, "hash": "UrpGBauqox/y7djWW1+uYAk4lnjGCoti5rxDg06dPA8="}
2022-11-27T04:45:15.997Z	DEBUG	replica=3	coded-hotterstuff/consensus.go:392	proposal is safe to vote on	{"CURRENT VIEW": 10, "msg": "proposal", "header view": 10, "prepare view": 9, "hash": "Gymi6tg4A5LZy8aiMG6k221RFpMttMcj9dlrzPCBVG4=", "parent": "S5jvF8HlmLvBxjERXgBCYm1M/GPQBuOxef9Rwa5UXRA="}
Node  3 +1 block finalized at time:  2022-11-27 04:45:15.999634346 +0000 UTC m=+47.288244292
2022-11-27T04:45:16.153Z	DEBUG	replica=3	coded-hotterstuff/consensus.go:285	received proposal, called onProposal	{"CURRENT VIEW": 10, "msg": "proposal", "header view": 8, "prepare view": 9, "hash": "CdTNHG77L/KNb6fxbFkMI5vefUtOuAcj6xhNSmb/gws=", "parent": "UrpGBauqox/y7djWW1+uYAk4lnjGCoti5rxDg06dPA8="}
2022-11-27T04:45:16.161Z	DEBUG	replica=3	coded-hotterstuff/consensus.go:377	proposal view doesn't match local view	{"CURRENT VIEW": 10, "msg": "proposal", "header view": 8, "prepare view": 9, "hash": "CdTNHG77L/KNb6fxbFkMI5vefUtOuAcj6xhNSmb/gws=", "parent": "UrpGBauqox/y7djWW1+uYAk4lnjGCoti5rxDg06dPA8="}
2022-11-27T04:45:16.161Z	DEBUG	replica=3	coded-hotterstuff/consensus.go:676	received vote	{"CURRENT VIEW": 10, "msg": "vote", "voter": 1, "view": 10, "hash": "S5jvF8HlmLvBxjERXgBCYm1M/GPQBuOxef9Rwa5UXRA="}
2022-11-27T04:45:16.166Z	DEBUG	replica=3	coded-hotterstuff/consensus.go:220	entered new view	{"CURRENT VIEW": 10, "view timeout": 2, "timedout": false}
2022-11-27T04:45:16.166Z	DEBUG	replica=3	coded-hotterstuff/consensus.go:244	replica is a leader for this view. waiting for data	{"CURRENT VIEW": 10}
2022-11-27T04:45:16.172Z	DEBUG	replica=3	coded-hotterstuff/consensus.go:152	sending proposal	{"CURRENT VIEW": 10, "hash": "Gymi6tg4A5LZy8aiMG6k221RFpMttMcj9dlrzPCBVG4=", "parent": "S5jvF8HlmLvBxjERXgBCYm1M/GPQBuOxef9Rwa5UXRA=", "signer": 3}
2022-11-27T04:45:16.172Z	DEBUG	replica=3	coded-hotterstuff/consensus.go:285	received proposal, called onProposal	{"CURRENT VIEW": 10, "msg": "proposal", "header view": 10, "prepare view": 9, "hash": "Gymi6tg4A5LZy8aiMG6k221RFpMttMcj9dlrzPCBVG4=", "parent": "S5jvF8HlmLvBxjERXgBCYm1M/GPQBuOxef9Rwa5UXRA="}
2022-11-27T04:45:26.743Z	DEBUG	replica=3	coded-hotterstuff/consensus.go:285	received proposal, called onProposal	{"CURRENT VIEW": 10, "msg": "proposal", "header view": 11, "prepare view": 9, "hash": "JHDKbuvn/qlEbMiFGVnXE7z7VfFJm3NDC7AQEWpkt3w=", "parent": "Gymi6tg4A5LZy8aiMG6k221RFpMttMcj9dlrzPCBVG4="}
2022-11-27T04:45:26.750Z	DEBUG	replica=3	coded-hotterstuff/consensus.go:519	new block certified	{"CURRENT VIEW": 10, "view": 10, "hash": "Gymi6tg4A5LZy8aiMG6k221RFpMttMcj9dlrzPCBVG4="}
2022-11-27T04:45:26.750Z	DEBUG	replica=3	coded-hotterstuff/consensus.go:220	entered new view	{"CURRENT VIEW": 11, "view timeout": 2, "timedout": false}
2022-11-27T04:45:26.750Z	DEBUG	replica=3	coded-hotterstuff/consensus.go:498	new block locked	{"CURRENT VIEW": 11, "view": 9, "hash": "S5jvF8HlmLvBxjERXgBCYm1M/GPQBuOxef9Rwa5UXRA="}
2022-11-27T04:45:26.750Z	INFO	replica=3	coded-hotterstuff/consensus.go:507	new block commited	{"CURRENT VIEW": 11, "view": 8, "hash": "CdTNHG77L/KNb6fxbFkMI5vefUtOuAcj6xhNSmb/gws="}
2022-11-27T04:45:26.751Z	DEBUG	replica=3	coded-hotterstuff/consensus.go:392	proposal is safe to vote on	{"CURRENT VIEW": 10, "msg": "proposal", "header view": 11, "prepare view": 9, "hash": "JHDKbuvn/qlEbMiFGVnXE7z7VfFJm3NDC7AQEWpkt3w=", "parent": "Gymi6tg4A5LZy8aiMG6k221RFpMttMcj9dlrzPCBVG4="}
Node  3 +1 block finalized at time:  2022-11-27 04:45:26.753411874 +0000 UTC m=+58.042021828
2022-11-27T04:45:27.225Z	DEBUG	replica=3	coded-hotterstuff/consensus.go:285	received proposal, called onProposal	{"CURRENT VIEW": 11, "msg": "proposal", "header view": 9, "prepare view": 10, "hash": "S5jvF8HlmLvBxjERXgBCYm1M/GPQBuOxef9Rwa5UXRA=", "parent": "CdTNHG77L/KNb6fxbFkMI5vefUtOuAcj6xhNSmb/gws="}
2022-11-27T04:45:27.233Z	DEBUG	replica=3	coded-hotterstuff/consensus.go:377	proposal view doesn't match local view	{"CURRENT VIEW": 11, "msg": "proposal", "header view": 9, "prepare view": 10, "hash": "S5jvF8HlmLvBxjERXgBCYm1M/GPQBuOxef9Rwa5UXRA=", "parent": "CdTNHG77L/KNb6fxbFkMI5vefUtOuAcj6xhNSmb/gws="}
2022-11-27T04:45:28.482Z	DEBUG	replica=3	coded-hotterstuff/consensus.go:285	received proposal, called onProposal	{"CURRENT VIEW": 11, "msg": "proposal", "header view": 9, "prepare view": 10, "hash": "S5jvF8HlmLvBxjERXgBCYm1M/GPQBuOxef9Rwa5UXRA=", "parent": "CdTNHG77L/KNb6fxbFkMI5vefUtOuAcj6xhNSmb/gws="}
2022-11-27T04:45:28.488Z	DEBUG	replica=3	coded-hotterstuff/consensus.go:377	proposal view doesn't match local view	{"CURRENT VIEW": 11, "msg": "proposal", "header view": 9, "prepare view": 10, "hash": "S5jvF8HlmLvBxjERXgBCYm1M/GPQBuOxef9Rwa5UXRA=", "parent": "CdTNHG77L/KNb6fxbFkMI5vefUtOuAcj6xhNSmb/gws="}
2022-11-27T04:45:31.090Z	DEBUG	replica=3	coded-hotterstuff/consensus.go:285	received proposal, called onProposal	{"CURRENT VIEW": 11, "msg": "proposal", "header view": 12, "prepare view": 10, "hash": "4aSlzOy0O5eyJna+iDXBFpIuUaKvoAYyhK6f3aYA32A=", "parent": "JHDKbuvn/qlEbMiFGVnXE7z7VfFJm3NDC7AQEWpkt3w="}
2022-11-27T04:45:31.101Z	DEBUG	replica=3	coded-hotterstuff/consensus.go:519	new block certified	{"CURRENT VIEW": 11, "view": 11, "hash": "JHDKbuvn/qlEbMiFGVnXE7z7VfFJm3NDC7AQEWpkt3w="}
2022-11-27T04:45:31.101Z	DEBUG	replica=3	coded-hotterstuff/consensus.go:220	entered new view	{"CURRENT VIEW": 12, "view timeout": 2, "timedout": false}
2022-11-27T04:45:31.101Z	DEBUG	replica=3	coded-hotterstuff/consensus.go:498	new block locked	{"CURRENT VIEW": 12, "view": 10, "hash": "Gymi6tg4A5LZy8aiMG6k221RFpMttMcj9dlrzPCBVG4="}
2022-11-27T04:45:31.101Z	INFO	replica=3	coded-hotterstuff/consensus.go:507	new block commited	{"CURRENT VIEW": 12, "view": 9, "hash": "S5jvF8HlmLvBxjERXgBCYm1M/GPQBuOxef9Rwa5UXRA="}
2022-11-27T04:45:31.102Z	DEBUG	replica=3	coded-hotterstuff/consensus.go:392	proposal is safe to vote on	{"CURRENT VIEW": 11, "msg": "proposal", "header view": 12, "prepare view": 10, "hash": "4aSlzOy0O5eyJna+iDXBFpIuUaKvoAYyhK6f3aYA32A=", "parent": "JHDKbuvn/qlEbMiFGVnXE7z7VfFJm3NDC7AQEWpkt3w="}
Node  3 +1 block finalized at time:  2022-11-27 04:45:31.104793798 +0000 UTC m=+62.393403732
2022-11-27T04:45:31.129Z	DEBUG	replica=3	coded-hotterstuff/consensus.go:285	received proposal, called onProposal	{"CURRENT VIEW": 12, "msg": "proposal", "header view": 11, "prepare view": 11, "hash": "JHDKbuvn/qlEbMiFGVnXE7z7VfFJm3NDC7AQEWpkt3w=", "parent": "Gymi6tg4A5LZy8aiMG6k221RFpMttMcj9dlrzPCBVG4="}
2022-11-27T04:45:31.136Z	DEBUG	replica=3	coded-hotterstuff/consensus.go:377	proposal view doesn't match local view	{"CURRENT VIEW": 12, "msg": "proposal", "header view": 11, "prepare view": 11, "hash": "JHDKbuvn/qlEbMiFGVnXE7z7VfFJm3NDC7AQEWpkt3w=", "parent": "Gymi6tg4A5LZy8aiMG6k221RFpMttMcj9dlrzPCBVG4="}
2022-11-27T04:45:34.606Z	DEBUG	replica=3	coded-hotterstuff/consensus.go:285	received proposal, called onProposal	{"CURRENT VIEW": 12, "msg": "proposal", "header view": 11, "prepare view": 11, "hash": "JHDKbuvn/qlEbMiFGVnXE7z7VfFJm3NDC7AQEWpkt3w=", "parent": "Gymi6tg4A5LZy8aiMG6k221RFpMttMcj9dlrzPCBVG4="}
2022-11-27T04:45:34.613Z	DEBUG	replica=3	coded-hotterstuff/consensus.go:377	proposal view doesn't match local view	{"CURRENT VIEW": 12, "msg": "proposal", "header view": 11, "prepare view": 11, "hash": "JHDKbuvn/qlEbMiFGVnXE7z7VfFJm3NDC7AQEWpkt3w=", "parent": "Gymi6tg4A5LZy8aiMG6k221RFpMttMcj9dlrzPCBVG4="}
2022-11-27T04:45:35.500Z	DEBUG	replica=3	coded-hotterstuff/consensus.go:285	received proposal, called onProposal	{"CURRENT VIEW": 12, "msg": "proposal", "header view": 12, "prepare view": 11, "hash": "4aSlzOy0O5eyJna+iDXBFpIuUaKvoAYyhK6f3aYA32A=", "parent": "JHDKbuvn/qlEbMiFGVnXE7z7VfFJm3NDC7AQEWpkt3w="}
2022-11-27T04:45:36.229Z	DEBUG	replica=3	coded-hotterstuff/consensus.go:285	received proposal, called onProposal	{"CURRENT VIEW": 12, "msg": "proposal", "header view": 13, "prepare view": 11, "hash": "N0cMWKpZHmTkF/OJGwaFHU4Y2cZrG1h733+F25H9V6E=", "parent": "4aSlzOy0O5eyJna+iDXBFpIuUaKvoAYyhK6f3aYA32A="}
2022-11-27T04:45:36.240Z	DEBUG	replica=3	coded-hotterstuff/consensus.go:519	new block certified	{"CURRENT VIEW": 12, "view": 12, "hash": "4aSlzOy0O5eyJna+iDXBFpIuUaKvoAYyhK6f3aYA32A="}
2022-11-27T04:45:36.240Z	DEBUG	replica=3	coded-hotterstuff/consensus.go:220	entered new view	{"CURRENT VIEW": 13, "view timeout": 2, "timedout": false}
2022-11-27T04:45:36.240Z	DEBUG	replica=3	coded-hotterstuff/consensus.go:498	new block locked	{"CURRENT VIEW": 13, "view": 11, "hash": "JHDKbuvn/qlEbMiFGVnXE7z7VfFJm3NDC7AQEWpkt3w="}
2022-11-27T04:45:36.240Z	INFO	replica=3	coded-hotterstuff/consensus.go:507	new block commited	{"CURRENT VIEW": 13, "view": 10, "hash": "Gymi6tg4A5LZy8aiMG6k221RFpMttMcj9dlrzPCBVG4="}
2022-11-27T04:45:36.241Z	DEBUG	replica=3	coded-hotterstuff/consensus.go:392	proposal is safe to vote on	{"CURRENT VIEW": 12, "msg": "proposal", "header view": 13, "prepare view": 11, "hash": "N0cMWKpZHmTkF/OJGwaFHU4Y2cZrG1h733+F25H9V6E=", "parent": "4aSlzOy0O5eyJna+iDXBFpIuUaKvoAYyhK6f3aYA32A="}
Node  3 +1 block finalized at time:  2022-11-27 04:45:36.243607465 +0000 UTC m=+67.532217400
2022-11-27T04:45:40.732Z	DEBUG	replica=3	coded-hotterstuff/consensus.go:285	received proposal, called onProposal	{"CURRENT VIEW": 13, "msg": "proposal", "header view": 14, "prepare view": 12, "hash": "s0+dCVQ5w8iE2Z+DCswdFLdP8QD8T++9aicJwYKZbok=", "parent": "N0cMWKpZHmTkF/OJGwaFHU4Y2cZrG1h733+F25H9V6E="}
2022-11-27T04:45:40.741Z	DEBUG	replica=3	coded-hotterstuff/consensus.go:519	new block certified	{"CURRENT VIEW": 13, "view": 13, "hash": "N0cMWKpZHmTkF/OJGwaFHU4Y2cZrG1h733+F25H9V6E="}
2022-11-27T04:45:40.741Z	DEBUG	replica=3	coded-hotterstuff/consensus.go:220	entered new view	{"CURRENT VIEW": 14, "view timeout": 2, "timedout": false}
2022-11-27T04:45:40.741Z	DEBUG	replica=3	coded-hotterstuff/consensus.go:498	new block locked	{"CURRENT VIEW": 14, "view": 12, "hash": "4aSlzOy0O5eyJna+iDXBFpIuUaKvoAYyhK6f3aYA32A="}
2022-11-27T04:45:40.741Z	INFO	replica=3	coded-hotterstuff/consensus.go:507	new block commited	{"CURRENT VIEW": 14, "view": 11, "hash": "JHDKbuvn/qlEbMiFGVnXE7z7VfFJm3NDC7AQEWpkt3w="}
2022-11-27T04:45:40.745Z	DEBUG	replica=3	coded-hotterstuff/consensus.go:392	proposal is safe to vote on	{"CURRENT VIEW": 13, "msg": "proposal", "header view": 14, "prepare view": 12, "hash": "s0+dCVQ5w8iE2Z+DCswdFLdP8QD8T++9aicJwYKZbok=", "parent": "N0cMWKpZHmTkF/OJGwaFHU4Y2cZrG1h733+F25H9V6E="}
Node  3 +1 block finalized at time:  2022-11-27 04:45:40.748554995 +0000 UTC m=+72.037164947
2022-11-27T04:45:41.560Z	DEBUG	replica=3	coded-hotterstuff/consensus.go:285	received proposal, called onProposal	{"CURRENT VIEW": 14, "msg": "proposal", "header view": 13, "prepare view": 13, "hash": "N0cMWKpZHmTkF/OJGwaFHU4Y2cZrG1h733+F25H9V6E=", "parent": "4aSlzOy0O5eyJna+iDXBFpIuUaKvoAYyhK6f3aYA32A="}
2022-11-27T04:45:41.569Z	DEBUG	replica=3	coded-hotterstuff/consensus.go:377	proposal view doesn't match local view	{"CURRENT VIEW": 14, "msg": "proposal", "header view": 13, "prepare view": 13, "hash": "N0cMWKpZHmTkF/OJGwaFHU4Y2cZrG1h733+F25H9V6E=", "parent": "4aSlzOy0O5eyJna+iDXBFpIuUaKvoAYyhK6f3aYA32A="}
2022-11-27T04:45:45.092Z	DEBUG	replica=3	coded-hotterstuff/consensus.go:285	received proposal, called onProposal	{"CURRENT VIEW": 14, "msg": "proposal", "header view": 14, "prepare view": 13, "hash": "s0+dCVQ5w8iE2Z+DCswdFLdP8QD8T++9aicJwYKZbok=", "parent": "N0cMWKpZHmTkF/OJGwaFHU4Y2cZrG1h733+F25H9V6E="}
2022-11-27T04:45:49.312Z	DEBUG	replica=3	coded-hotterstuff/consensus.go:285	received proposal, called onProposal	{"CURRENT VIEW": 14, "msg": "proposal", "header view": 15, "prepare view": 13, "hash": "yki5uJhKgjQT5iLa3NRfkhkCHcRSab0ctor/KqZboNA=", "parent": "s0+dCVQ5w8iE2Z+DCswdFLdP8QD8T++9aicJwYKZbok="}
2022-11-27T04:45:49.332Z	DEBUG	replica=3	coded-hotterstuff/consensus.go:519	new block certified	{"CURRENT VIEW": 14, "view": 14, "hash": "s0+dCVQ5w8iE2Z+DCswdFLdP8QD8T++9aicJwYKZbok="}
2022-11-27T04:45:49.332Z	DEBUG	replica=3	coded-hotterstuff/consensus.go:220	entered new view	{"CURRENT VIEW": 15, "view timeout": 2, "timedout": false}
2022-11-27T04:45:49.332Z	DEBUG	replica=3	coded-hotterstuff/consensus.go:498	new block locked	{"CURRENT VIEW": 15, "view": 13, "hash": "N0cMWKpZHmTkF/OJGwaFHU4Y2cZrG1h733+F25H9V6E="}
2022-11-27T04:45:49.332Z	INFO	replica=3	coded-hotterstuff/consensus.go:507	new block commited	{"CURRENT VIEW": 15, "view": 12, "hash": "4aSlzOy0O5eyJna+iDXBFpIuUaKvoAYyhK6f3aYA32A="}
2022-11-27T04:45:49.339Z	DEBUG	replica=3	coded-hotterstuff/consensus.go:392	proposal is safe to vote on	{"CURRENT VIEW": 14, "msg": "proposal", "header view": 15, "prepare view": 13, "hash": "yki5uJhKgjQT5iLa3NRfkhkCHcRSab0ctor/KqZboNA=", "parent": "s0+dCVQ5w8iE2Z+DCswdFLdP8QD8T++9aicJwYKZbok="}
Node  3 +1 block finalized at time:  2022-11-27 04:45:49.341305068 +0000 UTC m=+80.629915007
2022-11-27T04:45:49.373Z	DEBUG	replica=3	coded-hotterstuff/consensus.go:285	received proposal, called onProposal	{"CURRENT VIEW": 15, "msg": "proposal", "header view": 14, "prepare view": 14, "hash": "s0+dCVQ5w8iE2Z+DCswdFLdP8QD8T++9aicJwYKZbok=", "parent": "N0cMWKpZHmTkF/OJGwaFHU4Y2cZrG1h733+F25H9V6E="}
2022-11-27T04:45:49.383Z	DEBUG	replica=3	coded-hotterstuff/consensus.go:377	proposal view doesn't match local view	{"CURRENT VIEW": 15, "msg": "proposal", "header view": 14, "prepare view": 14, "hash": "s0+dCVQ5w8iE2Z+DCswdFLdP8QD8T++9aicJwYKZbok=", "parent": "N0cMWKpZHmTkF/OJGwaFHU4Y2cZrG1h733+F25H9V6E="}
2022-11-27T04:45:54.435Z	DEBUG	replica=3	coded-hotterstuff/consensus.go:285	received proposal, called onProposal	{"CURRENT VIEW": 15, "msg": "proposal", "header view": 16, "prepare view": 14, "hash": "PAOswJ5F5FKLEprAJ1SnuPasqGFIM2uhNIcdZdMfaCw=", "parent": "yki5uJhKgjQT5iLa3NRfkhkCHcRSab0ctor/KqZboNA="}
2022-11-27T04:45:54.443Z	DEBUG	replica=3	coded-hotterstuff/consensus.go:519	new block certified	{"CURRENT VIEW": 15, "view": 15, "hash": "yki5uJhKgjQT5iLa3NRfkhkCHcRSab0ctor/KqZboNA="}
2022-11-27T04:45:54.443Z	DEBUG	replica=3	coded-hotterstuff/consensus.go:220	entered new view	{"CURRENT VIEW": 16, "view timeout": 2, "timedout": false}
2022-11-27T04:45:54.443Z	DEBUG	replica=3	coded-hotterstuff/consensus.go:235	replica is a leader for next view. collecting new-view messages	{"CURRENT VIEW": 16}
2022-11-27T04:45:54.443Z	DEBUG	replica=3	coded-hotterstuff/consensus.go:498	new block locked	{"CURRENT VIEW": 16, "view": 14, "hash": "s0+dCVQ5w8iE2Z+DCswdFLdP8QD8T++9aicJwYKZbok="}
2022-11-27T04:45:54.443Z	INFO	replica=3	coded-hotterstuff/consensus.go:507	new block commited	{"CURRENT VIEW": 16, "view": 13, "hash": "N0cMWKpZHmTkF/OJGwaFHU4Y2cZrG1h733+F25H9V6E="}
2022-11-27T04:45:54.443Z	DEBUG	replica=3	coded-hotterstuff/consensus.go:392	proposal is safe to vote on	{"CURRENT VIEW": 15, "msg": "proposal", "header view": 16, "prepare view": 14, "hash": "PAOswJ5F5FKLEprAJ1SnuPasqGFIM2uhNIcdZdMfaCw=", "parent": "yki5uJhKgjQT5iLa3NRfkhkCHcRSab0ctor/KqZboNA="}
2022-11-27T04:45:54.446Z	DEBUG	replica=3	coded-hotterstuff/consensus.go:676	received vote	{"CURRENT VIEW": 16, "msg": "vote", "voter": 3, "view": 16, "hash": "PAOswJ5F5FKLEprAJ1SnuPasqGFIM2uhNIcdZdMfaCw="}
2022-11-27T04:45:54.453Z	DEBUG	replica=3	coded-hotterstuff/consensus.go:676	received vote	{"CURRENT VIEW": 16, "msg": "vote", "voter": 2, "view": 16, "hash": "PAOswJ5F5FKLEprAJ1SnuPasqGFIM2uhNIcdZdMfaCw="}
Node  3 +1 block finalized at time:  2022-11-27 04:45:54.453150874 +0000 UTC m=+85.741760821
2022-11-27T04:45:54.512Z	DEBUG	replica=3	coded-hotterstuff/consensus.go:676	received vote	{"CURRENT VIEW": 16, "msg": "vote", "voter": 0, "view": 16, "hash": "PAOswJ5F5FKLEprAJ1SnuPasqGFIM2uhNIcdZdMfaCw="}
2022-11-27T04:45:54.517Z	DEBUG	replica=3	coded-hotterstuff/consensus.go:676	received vote	{"CURRENT VIEW": 16, "msg": "vote", "voter": 1, "view": 16, "hash": "PAOswJ5F5FKLEprAJ1SnuPasqGFIM2uhNIcdZdMfaCw="}
2022-11-27T04:45:54.522Z	DEBUG	replica=3	coded-hotterstuff/consensus.go:676	received vote	{"CURRENT VIEW": 16, "msg": "vote", "voter": 4, "view": 16, "hash": "PAOswJ5F5FKLEprAJ1SnuPasqGFIM2uhNIcdZdMfaCw="}
2022-11-27T04:45:54.527Z	DEBUG	replica=3	coded-hotterstuff/consensus.go:519	new block certified	{"CURRENT VIEW": 16, "view": 16, "hash": "PAOswJ5F5FKLEprAJ1SnuPasqGFIM2uhNIcdZdMfaCw="}
2022-11-27T04:45:54.527Z	DEBUG	replica=3	coded-hotterstuff/consensus.go:220	entered new view	{"CURRENT VIEW": 17, "view timeout": 2, "timedout": false}
2022-11-27T04:45:54.527Z	DEBUG	replica=3	coded-hotterstuff/consensus.go:244	replica is a leader for this view. waiting for data	{"CURRENT VIEW": 17}
2022-11-27T04:45:54.527Z	DEBUG	replica=3	coded-hotterstuff/consensus.go:220	entered new view	{"CURRENT VIEW": 17, "view timeout": 2, "timedout": false}
2022-11-27T04:45:54.527Z	DEBUG	replica=3	coded-hotterstuff/consensus.go:244	replica is a leader for this view. waiting for data	{"CURRENT VIEW": 17}
2022-11-27T04:45:54.530Z	DEBUG	replica=3	coded-hotterstuff/consensus.go:152	sending proposal	{"CURRENT VIEW": 17, "hash": "fbyAo5VKEVdmy5epf95saK65Dkgc3+iXrMxeW3XrK2g=", "parent": "PAOswJ5F5FKLEprAJ1SnuPasqGFIM2uhNIcdZdMfaCw=", "signer": 3}
2022-11-27T04:45:54.530Z	DEBUG	replica=3	coded-hotterstuff/consensus.go:285	received proposal, called onProposal	{"CURRENT VIEW": 17, "msg": "proposal", "header view": 17, "prepare view": 16, "hash": "fbyAo5VKEVdmy5epf95saK65Dkgc3+iXrMxeW3XrK2g=", "parent": "PAOswJ5F5FKLEprAJ1SnuPasqGFIM2uhNIcdZdMfaCw="}
2022-11-27T04:45:54.537Z	DEBUG	replica=3	coded-hotterstuff/consensus.go:498	new block locked	{"CURRENT VIEW": 17, "view": 15, "hash": "yki5uJhKgjQT5iLa3NRfkhkCHcRSab0ctor/KqZboNA="}
2022-11-27T04:45:54.538Z	INFO	replica=3	coded-hotterstuff/consensus.go:507	new block commited	{"CURRENT VIEW": 17, "view": 14, "hash": "s0+dCVQ5w8iE2Z+DCswdFLdP8QD8T++9aicJwYKZbok="}
2022-11-27T04:45:54.538Z	DEBUG	replica=3	coded-hotterstuff/consensus.go:392	proposal is safe to vote on	{"CURRENT VIEW": 17, "msg": "proposal", "header view": 17, "prepare view": 16, "hash": "fbyAo5VKEVdmy5epf95saK65Dkgc3+iXrMxeW3XrK2g=", "parent": "PAOswJ5F5FKLEprAJ1SnuPasqGFIM2uhNIcdZdMfaCw="}
Node  3 +1 block finalized at time:  2022-11-27 04:45:54.540991707 +0000 UTC m=+85.829601643
2022-11-27T04:45:54.618Z	DEBUG	replica=3	coded-hotterstuff/consensus.go:676	received vote	{"CURRENT VIEW": 17, "msg": "vote", "voter": 5, "view": 17, "hash": "PAOswJ5F5FKLEprAJ1SnuPasqGFIM2uhNIcdZdMfaCw="}
2022-11-27T04:45:54.623Z	DEBUG	replica=3	coded-hotterstuff/consensus.go:220	entered new view	{"CURRENT VIEW": 17, "view timeout": 2, "timedout": false}
2022-11-27T04:45:54.624Z	DEBUG	replica=3	coded-hotterstuff/consensus.go:244	replica is a leader for this view. waiting for data	{"CURRENT VIEW": 17}
2022-11-27T04:45:54.627Z	DEBUG	replica=3	coded-hotterstuff/consensus.go:152	sending proposal	{"CURRENT VIEW": 17, "hash": "fbyAo5VKEVdmy5epf95saK65Dkgc3+iXrMxeW3XrK2g=", "parent": "PAOswJ5F5FKLEprAJ1SnuPasqGFIM2uhNIcdZdMfaCw=", "signer": 3}
2022-11-27T04:45:54.627Z	DEBUG	replica=3	coded-hotterstuff/consensus.go:285	received proposal, called onProposal	{"CURRENT VIEW": 17, "msg": "proposal", "header view": 17, "prepare view": 16, "hash": "fbyAo5VKEVdmy5epf95saK65Dkgc3+iXrMxeW3XrK2g=", "parent": "PAOswJ5F5FKLEprAJ1SnuPasqGFIM2uhNIcdZdMfaCw="}
2022-11-27T04:45:54.647Z	DEBUG	replica=3	coded-hotterstuff/consensus.go:676	received vote	{"CURRENT VIEW": 17, "msg": "vote", "voter": 6, "view": 17, "hash": "PAOswJ5F5FKLEprAJ1SnuPasqGFIM2uhNIcdZdMfaCw="}
2022-11-27T04:45:54.653Z	DEBUG	replica=3	coded-hotterstuff/consensus.go:220	entered new view	{"CURRENT VIEW": 17, "view timeout": 2, "timedout": false}
2022-11-27T04:45:54.653Z	DEBUG	replica=3	coded-hotterstuff/consensus.go:244	replica is a leader for this view. waiting for data	{"CURRENT VIEW": 17}
2022-11-27T04:45:54.656Z	DEBUG	replica=3	coded-hotterstuff/consensus.go:152	sending proposal	{"CURRENT VIEW": 17, "hash": "fbyAo5VKEVdmy5epf95saK65Dkgc3+iXrMxeW3XrK2g=", "parent": "PAOswJ5F5FKLEprAJ1SnuPasqGFIM2uhNIcdZdMfaCw=", "signer": 3}
2022-11-27T04:45:54.656Z	DEBUG	replica=3	coded-hotterstuff/consensus.go:285	received proposal, called onProposal	{"CURRENT VIEW": 17, "msg": "proposal", "header view": 17, "prepare view": 16, "hash": "fbyAo5VKEVdmy5epf95saK65Dkgc3+iXrMxeW3XrK2g=", "parent": "PAOswJ5F5FKLEprAJ1SnuPasqGFIM2uhNIcdZdMfaCw="}
2022-11-27T04:46:01.752Z	DEBUG	replica=3	coded-hotterstuff/consensus.go:285	received proposal, called onProposal	{"CURRENT VIEW": 17, "msg": "proposal", "header view": 16, "prepare view": 16, "hash": "PAOswJ5F5FKLEprAJ1SnuPasqGFIM2uhNIcdZdMfaCw=", "parent": "yki5uJhKgjQT5iLa3NRfkhkCHcRSab0ctor/KqZboNA="}
2022-11-27T04:46:01.759Z	DEBUG	replica=3	coded-hotterstuff/consensus.go:377	proposal view doesn't match local view	{"CURRENT VIEW": 17, "msg": "proposal", "header view": 16, "prepare view": 16, "hash": "PAOswJ5F5FKLEprAJ1SnuPasqGFIM2uhNIcdZdMfaCw=", "parent": "yki5uJhKgjQT5iLa3NRfkhkCHcRSab0ctor/KqZboNA="}
2022-11-27T04:46:06.041Z	DEBUG	replica=3	coded-hotterstuff/consensus.go:285	received proposal, called onProposal	{"CURRENT VIEW": 17, "msg": "proposal", "header view": 18, "prepare view": 16, "hash": "6UfBJLlIX1wd3MF43w68SPyfPsdwcfzWodH+19bgzRM=", "parent": "fbyAo5VKEVdmy5epf95saK65Dkgc3+iXrMxeW3XrK2g="}
2022-11-27T04:46:06.048Z	DEBUG	replica=3	coded-hotterstuff/consensus.go:519	new block certified	{"CURRENT VIEW": 17, "view": 17, "hash": "fbyAo5VKEVdmy5epf95saK65Dkgc3+iXrMxeW3XrK2g="}
2022-11-27T04:46:06.048Z	DEBUG	replica=3	coded-hotterstuff/consensus.go:220	entered new view	{"CURRENT VIEW": 18, "view timeout": 2, "timedout": false}
2022-11-27T04:46:06.048Z	DEBUG	replica=3	coded-hotterstuff/consensus.go:498	new block locked	{"CURRENT VIEW": 18, "view": 16, "hash": "PAOswJ5F5FKLEprAJ1SnuPasqGFIM2uhNIcdZdMfaCw="}
2022-11-27T04:46:06.048Z	INFO	replica=3	coded-hotterstuff/consensus.go:507	new block commited	{"CURRENT VIEW": 18, "view": 15, "hash": "yki5uJhKgjQT5iLa3NRfkhkCHcRSab0ctor/KqZboNA="}
2022-11-27T04:46:06.049Z	DEBUG	replica=3	coded-hotterstuff/consensus.go:392	proposal is safe to vote on	{"CURRENT VIEW": 17, "msg": "proposal", "header view": 18, "prepare view": 16, "hash": "6UfBJLlIX1wd3MF43w68SPyfPsdwcfzWodH+19bgzRM=", "parent": "fbyAo5VKEVdmy5epf95saK65Dkgc3+iXrMxeW3XrK2g="}
Node  3 +1 block finalized at time:  2022-11-27 04:46:06.051404858 +0000 UTC m=+97.340014804
2022-11-27T04:46:09.237Z	DEBUG	replica=3	coded-hotterstuff/consensus.go:285	received proposal, called onProposal	{"CURRENT VIEW": 18, "msg": "proposal", "header view": 18, "prepare view": 17, "hash": "6UfBJLlIX1wd3MF43w68SPyfPsdwcfzWodH+19bgzRM=", "parent": "fbyAo5VKEVdmy5epf95saK65Dkgc3+iXrMxeW3XrK2g="}
2022-11-27T04:46:10.566Z	DEBUG	replica=3	coded-hotterstuff/consensus.go:285	received proposal, called onProposal	{"CURRENT VIEW": 18, "msg": "proposal", "header view": 19, "prepare view": 17, "hash": "uSmPJ2ljy8Cf/kVdYaizGHLR6BOCKJsjlWDpYp2SPg4=", "parent": "6UfBJLlIX1wd3MF43w68SPyfPsdwcfzWodH+19bgzRM="}
2022-11-27T04:46:10.576Z	DEBUG	replica=3	coded-hotterstuff/consensus.go:519	new block certified	{"CURRENT VIEW": 18, "view": 18, "hash": "6UfBJLlIX1wd3MF43w68SPyfPsdwcfzWodH+19bgzRM="}
2022-11-27T04:46:10.576Z	DEBUG	replica=3	coded-hotterstuff/consensus.go:220	entered new view	{"CURRENT VIEW": 19, "view timeout": 2, "timedout": false}
2022-11-27T04:46:10.576Z	DEBUG	replica=3	coded-hotterstuff/consensus.go:498	new block locked	{"CURRENT VIEW": 19, "view": 17, "hash": "fbyAo5VKEVdmy5epf95saK65Dkgc3+iXrMxeW3XrK2g="}
2022-11-27T04:46:10.576Z	INFO	replica=3	coded-hotterstuff/consensus.go:507	new block commited	{"CURRENT VIEW": 19, "view": 16, "hash": "PAOswJ5F5FKLEprAJ1SnuPasqGFIM2uhNIcdZdMfaCw="}
2022-11-27T04:46:10.578Z	DEBUG	replica=3	coded-hotterstuff/consensus.go:392	proposal is safe to vote on	{"CURRENT VIEW": 18, "msg": "proposal", "header view": 19, "prepare view": 17, "hash": "uSmPJ2ljy8Cf/kVdYaizGHLR6BOCKJsjlWDpYp2SPg4=", "parent": "6UfBJLlIX1wd3MF43w68SPyfPsdwcfzWodH+19bgzRM="}
Node  3 +1 block finalized at time:  2022-11-27 04:46:10.58030411 +0000 UTC m=+101.868914058
2022-11-27T04:46:13.721Z	DEBUG	replica=3	coded-hotterstuff/consensus.go:285	received proposal, called onProposal	{"CURRENT VIEW": 19, "msg": "proposal", "header view": 20, "prepare view": 18, "hash": "Dba/D48qmB3vVH8kTd18xxswcR8z4rJnptAsC3sfvzQ=", "parent": "uSmPJ2ljy8Cf/kVdYaizGHLR6BOCKJsjlWDpYp2SPg4="}
2022-11-27T04:46:13.728Z	DEBUG	replica=3	coded-hotterstuff/consensus.go:519	new block certified	{"CURRENT VIEW": 19, "view": 19, "hash": "uSmPJ2ljy8Cf/kVdYaizGHLR6BOCKJsjlWDpYp2SPg4="}
2022-11-27T04:46:13.728Z	DEBUG	replica=3	coded-hotterstuff/consensus.go:220	entered new view	{"CURRENT VIEW": 20, "view timeout": 2, "timedout": false}
2022-11-27T04:46:13.729Z	DEBUG	replica=3	coded-hotterstuff/consensus.go:498	new block locked	{"CURRENT VIEW": 20, "view": 18, "hash": "6UfBJLlIX1wd3MF43w68SPyfPsdwcfzWodH+19bgzRM="}
2022-11-27T04:46:13.729Z	INFO	replica=3	coded-hotterstuff/consensus.go:507	new block commited	{"CURRENT VIEW": 20, "view": 17, "hash": "fbyAo5VKEVdmy5epf95saK65Dkgc3+iXrMxeW3XrK2g="}
2022-11-27T04:46:13.731Z	DEBUG	replica=3	coded-hotterstuff/consensus.go:392	proposal is safe to vote on	{"CURRENT VIEW": 19, "msg": "proposal", "header view": 20, "prepare view": 18, "hash": "Dba/D48qmB3vVH8kTd18xxswcR8z4rJnptAsC3sfvzQ=", "parent": "uSmPJ2ljy8Cf/kVdYaizGHLR6BOCKJsjlWDpYp2SPg4="}
Node  3 +1 block finalized at time:  2022-11-27 04:46:13.732921558 +0000 UTC m=+105.021531498
2022-11-27T04:46:14.716Z	DEBUG	replica=3	coded-hotterstuff/consensus.go:285	received proposal, called onProposal	{"CURRENT VIEW": 20, "msg": "proposal", "header view": 19, "prepare view": 19, "hash": "uSmPJ2ljy8Cf/kVdYaizGHLR6BOCKJsjlWDpYp2SPg4=", "parent": "6UfBJLlIX1wd3MF43w68SPyfPsdwcfzWodH+19bgzRM="}
2022-11-27T04:46:14.723Z	DEBUG	replica=3	coded-hotterstuff/consensus.go:377	proposal view doesn't match local view	{"CURRENT VIEW": 20, "msg": "proposal", "header view": 19, "prepare view": 19, "hash": "uSmPJ2ljy8Cf/kVdYaizGHLR6BOCKJsjlWDpYp2SPg4=", "parent": "6UfBJLlIX1wd3MF43w68SPyfPsdwcfzWodH+19bgzRM="}
2022-11-27T04:46:17.814Z	DEBUG	replica=3	coded-hotterstuff/consensus.go:285	received proposal, called onProposal	{"CURRENT VIEW": 20, "msg": "proposal", "header view": 19, "prepare view": 19, "hash": "uSmPJ2ljy8Cf/kVdYaizGHLR6BOCKJsjlWDpYp2SPg4=", "parent": "6UfBJLlIX1wd3MF43w68SPyfPsdwcfzWodH+19bgzRM="}
2022-11-27T04:46:17.821Z	DEBUG	replica=3	coded-hotterstuff/consensus.go:377	proposal view doesn't match local view	{"CURRENT VIEW": 20, "msg": "proposal", "header view": 19, "prepare view": 19, "hash": "uSmPJ2ljy8Cf/kVdYaizGHLR6BOCKJsjlWDpYp2SPg4=", "parent": "6UfBJLlIX1wd3MF43w68SPyfPsdwcfzWodH+19bgzRM="}
2022-11-27T04:46:17.941Z	DEBUG	replica=3	coded-hotterstuff/consensus.go:285	received proposal, called onProposal	{"CURRENT VIEW": 20, "msg": "proposal", "header view": 20, "prepare view": 19, "hash": "Dba/D48qmB3vVH8kTd18xxswcR8z4rJnptAsC3sfvzQ=", "parent": "uSmPJ2ljy8Cf/kVdYaizGHLR6BOCKJsjlWDpYp2SPg4="}
2022-11-27T04:46:18.540Z	DEBUG	replica=3	coded-hotterstuff/consensus.go:285	received proposal, called onProposal	{"CURRENT VIEW": 20, "msg": "proposal", "header view": 21, "prepare view": 19, "hash": "0SZBQS4E4pFqiz2KHQNDBHMPXOkDtszRUc2EO9/2gmc=", "parent": "Dba/D48qmB3vVH8kTd18xxswcR8z4rJnptAsC3sfvzQ="}
2022-11-27T04:46:18.552Z	DEBUG	replica=3	coded-hotterstuff/consensus.go:519	new block certified	{"CURRENT VIEW": 20, "view": 20, "hash": "Dba/D48qmB3vVH8kTd18xxswcR8z4rJnptAsC3sfvzQ="}
2022-11-27T04:46:18.552Z	DEBUG	replica=3	coded-hotterstuff/consensus.go:220	entered new view	{"CURRENT VIEW": 21, "view timeout": 2, "timedout": false}
2022-11-27T04:46:18.553Z	DEBUG	replica=3	coded-hotterstuff/consensus.go:498	new block locked	{"CURRENT VIEW": 21, "view": 19, "hash": "uSmPJ2ljy8Cf/kVdYaizGHLR6BOCKJsjlWDpYp2SPg4="}
2022-11-27T04:46:18.553Z	INFO	replica=3	coded-hotterstuff/consensus.go:507	new block commited	{"CURRENT VIEW": 21, "view": 18, "hash": "6UfBJLlIX1wd3MF43w68SPyfPsdwcfzWodH+19bgzRM="}
2022-11-27T04:46:18.554Z	DEBUG	replica=3	coded-hotterstuff/consensus.go:392	proposal is safe to vote on	{"CURRENT VIEW": 20, "msg": "proposal", "header view": 21, "prepare view": 19, "hash": "0SZBQS4E4pFqiz2KHQNDBHMPXOkDtszRUc2EO9/2gmc=", "parent": "Dba/D48qmB3vVH8kTd18xxswcR8z4rJnptAsC3sfvzQ="}
Node  3 +1 block finalized at time:  2022-11-27 04:46:18.557256741 +0000 UTC m=+109.845866677
2022-11-27T04:46:21.346Z	DEBUG	replica=3	coded-hotterstuff/consensus.go:285	received proposal, called onProposal	{"CURRENT VIEW": 21, "msg": "proposal", "header view": 20, "prepare view": 20, "hash": "Dba/D48qmB3vVH8kTd18xxswcR8z4rJnptAsC3sfvzQ=", "parent": "uSmPJ2ljy8Cf/kVdYaizGHLR6BOCKJsjlWDpYp2SPg4="}
2022-11-27T04:46:21.354Z	DEBUG	replica=3	coded-hotterstuff/consensus.go:377	proposal view doesn't match local view	{"CURRENT VIEW": 21, "msg": "proposal", "header view": 20, "prepare view": 20, "hash": "Dba/D48qmB3vVH8kTd18xxswcR8z4rJnptAsC3sfvzQ=", "parent": "uSmPJ2ljy8Cf/kVdYaizGHLR6BOCKJsjlWDpYp2SPg4="}
2022-11-27T04:46:22.823Z	DEBUG	replica=3	coded-hotterstuff/consensus.go:285	received proposal, called onProposal	{"CURRENT VIEW": 21, "msg": "proposal", "header view": 21, "prepare view": 20, "hash": "0SZBQS4E4pFqiz2KHQNDBHMPXOkDtszRUc2EO9/2gmc=", "parent": "Dba/D48qmB3vVH8kTd18xxswcR8z4rJnptAsC3sfvzQ="}
2022-11-27T04:46:23.147Z	DEBUG	replica=3	coded-hotterstuff/consensus.go:285	received proposal, called onProposal	{"CURRENT VIEW": 21, "msg": "proposal", "header view": 22, "prepare view": 20, "hash": "7Bb+cvmJVOtnuxbz/jTx3aPFOlXYkwYfrDz8TccKono=", "parent": "0SZBQS4E4pFqiz2KHQNDBHMPXOkDtszRUc2EO9/2gmc="}
2022-11-27T04:46:23.160Z	DEBUG	replica=3	coded-hotterstuff/consensus.go:519	new block certified	{"CURRENT VIEW": 21, "view": 21, "hash": "0SZBQS4E4pFqiz2KHQNDBHMPXOkDtszRUc2EO9/2gmc="}
2022-11-27T04:46:23.160Z	DEBUG	replica=3	coded-hotterstuff/consensus.go:220	entered new view	{"CURRENT VIEW": 22, "view timeout": 2, "timedout": false}
2022-11-27T04:46:23.160Z	DEBUG	replica=3	coded-hotterstuff/consensus.go:498	new block locked	{"CURRENT VIEW": 22, "view": 20, "hash": "Dba/D48qmB3vVH8kTd18xxswcR8z4rJnptAsC3sfvzQ="}
2022-11-27T04:46:23.160Z	INFO	replica=3	coded-hotterstuff/consensus.go:507	new block commited	{"CURRENT VIEW": 22, "view": 19, "hash": "uSmPJ2ljy8Cf/kVdYaizGHLR6BOCKJsjlWDpYp2SPg4="}
2022-11-27T04:46:23.162Z	DEBUG	replica=3	coded-hotterstuff/consensus.go:392	proposal is safe to vote on	{"CURRENT VIEW": 21, "msg": "proposal", "header view": 22, "prepare view": 20, "hash": "7Bb+cvmJVOtnuxbz/jTx3aPFOlXYkwYfrDz8TccKono=", "parent": "0SZBQS4E4pFqiz2KHQNDBHMPXOkDtszRUc2EO9/2gmc="}
Node  3 +1 block finalized at time:  2022-11-27 04:46:23.164948747 +0000 UTC m=+114.453558693
2022-11-27T04:46:26.864Z	DEBUG	replica=3	coded-hotterstuff/consensus.go:285	received proposal, called onProposal	{"CURRENT VIEW": 22, "msg": "proposal", "header view": 22, "prepare view": 21, "hash": "7Bb+cvmJVOtnuxbz/jTx3aPFOlXYkwYfrDz8TccKono=", "parent": "0SZBQS4E4pFqiz2KHQNDBHMPXOkDtszRUc2EO9/2gmc="}
2022-11-27T04:46:26.994Z	DEBUG	replica=3	coded-hotterstuff/consensus.go:285	received proposal, called onProposal	{"CURRENT VIEW": 22, "msg": "proposal", "header view": 21, "prepare view": 21, "hash": "0SZBQS4E4pFqiz2KHQNDBHMPXOkDtszRUc2EO9/2gmc=", "parent": "Dba/D48qmB3vVH8kTd18xxswcR8z4rJnptAsC3sfvzQ="}
2022-11-27T04:46:27.001Z	DEBUG	replica=3	coded-hotterstuff/consensus.go:377	proposal view doesn't match local view	{"CURRENT VIEW": 22, "msg": "proposal", "header view": 21, "prepare view": 21, "hash": "0SZBQS4E4pFqiz2KHQNDBHMPXOkDtszRUc2EO9/2gmc=", "parent": "Dba/D48qmB3vVH8kTd18xxswcR8z4rJnptAsC3sfvzQ="}
2022-11-27T04:46:27.668Z	DEBUG	replica=3	coded-hotterstuff/consensus.go:285	received proposal, called onProposal	{"CURRENT VIEW": 22, "msg": "proposal", "header view": 23, "prepare view": 21, "hash": "pmj4OJzIOBXqJKBq/WB/iFAMQJkaLhcosvbRgseJajI=", "parent": "7Bb+cvmJVOtnuxbz/jTx3aPFOlXYkwYfrDz8TccKono="}
2022-11-27T04:46:27.677Z	DEBUG	replica=3	coded-hotterstuff/consensus.go:519	new block certified	{"CURRENT VIEW": 22, "view": 22, "hash": "7Bb+cvmJVOtnuxbz/jTx3aPFOlXYkwYfrDz8TccKono="}
2022-11-27T04:46:27.677Z	DEBUG	replica=3	coded-hotterstuff/consensus.go:220	entered new view	{"CURRENT VIEW": 23, "view timeout": 2, "timedout": false}
2022-11-27T04:46:27.677Z	DEBUG	replica=3	coded-hotterstuff/consensus.go:235	replica is a leader for next view. collecting new-view messages	{"CURRENT VIEW": 23}
2022-11-27T04:46:27.677Z	DEBUG	replica=3	coded-hotterstuff/consensus.go:498	new block locked	{"CURRENT VIEW": 23, "view": 21, "hash": "0SZBQS4E4pFqiz2KHQNDBHMPXOkDtszRUc2EO9/2gmc="}
2022-11-27T04:46:27.677Z	INFO	replica=3	coded-hotterstuff/consensus.go:507	new block commited	{"CURRENT VIEW": 23, "view": 20, "hash": "Dba/D48qmB3vVH8kTd18xxswcR8z4rJnptAsC3sfvzQ="}
2022-11-27T04:46:27.678Z	DEBUG	replica=3	coded-hotterstuff/consensus.go:392	proposal is safe to vote on	{"CURRENT VIEW": 22, "msg": "proposal", "header view": 23, "prepare view": 21, "hash": "pmj4OJzIOBXqJKBq/WB/iFAMQJkaLhcosvbRgseJajI=", "parent": "7Bb+cvmJVOtnuxbz/jTx3aPFOlXYkwYfrDz8TccKono="}
2022-11-27T04:46:27.681Z	DEBUG	replica=3	coded-hotterstuff/consensus.go:676	received vote	{"CURRENT VIEW": 23, "msg": "vote", "voter": 3, "view": 23, "hash": "pmj4OJzIOBXqJKBq/WB/iFAMQJkaLhcosvbRgseJajI="}
2022-11-27T04:46:27.691Z	DEBUG	replica=3	coded-hotterstuff/consensus.go:676	received vote	{"CURRENT VIEW": 23, "msg": "vote", "voter": 2, "view": 23, "hash": "pmj4OJzIOBXqJKBq/WB/iFAMQJkaLhcosvbRgseJajI="}
Node  3 +1 block finalized at time:  2022-11-27 04:46:27.697330521 +0000 UTC m=+118.985940467
2022-11-27T04:46:27.722Z	DEBUG	replica=3	coded-hotterstuff/consensus.go:676	received vote	{"CURRENT VIEW": 23, "msg": "vote", "voter": 4, "view": 23, "hash": "pmj4OJzIOBXqJKBq/WB/iFAMQJkaLhcosvbRgseJajI="}
2022-11-27T04:46:27.727Z	DEBUG	replica=3	coded-hotterstuff/consensus.go:676	received vote	{"CURRENT VIEW": 23, "msg": "vote", "voter": 6, "view": 23, "hash": "pmj4OJzIOBXqJKBq/WB/iFAMQJkaLhcosvbRgseJajI="}
2022-11-27T04:46:27.745Z	DEBUG	replica=3	coded-hotterstuff/consensus.go:676	received vote	{"CURRENT VIEW": 23, "msg": "vote", "voter": 5, "view": 23, "hash": "pmj4OJzIOBXqJKBq/WB/iFAMQJkaLhcosvbRgseJajI="}
2022-11-27T04:46:27.750Z	DEBUG	replica=3	coded-hotterstuff/consensus.go:519	new block certified	{"CURRENT VIEW": 23, "view": 23, "hash": "pmj4OJzIOBXqJKBq/WB/iFAMQJkaLhcosvbRgseJajI="}
2022-11-27T04:46:27.750Z	DEBUG	replica=3	coded-hotterstuff/consensus.go:220	entered new view	{"CURRENT VIEW": 24, "view timeout": 2, "timedout": false}
2022-11-27T04:46:27.750Z	DEBUG	replica=3	coded-hotterstuff/consensus.go:244	replica is a leader for this view. waiting for data	{"CURRENT VIEW": 24}
2022-11-27T04:46:27.750Z	DEBUG	replica=3	coded-hotterstuff/consensus.go:220	entered new view	{"CURRENT VIEW": 24, "view timeout": 2, "timedout": false}
2022-11-27T04:46:27.750Z	DEBUG	replica=3	coded-hotterstuff/consensus.go:244	replica is a leader for this view. waiting for data	{"CURRENT VIEW": 24}
2022-11-27T04:46:27.753Z	DEBUG	replica=3	coded-hotterstuff/consensus.go:152	sending proposal	{"CURRENT VIEW": 24, "hash": "gik/jtFw93imMquZfPKd+FqganPHYY5XCcGc1OKyfB0=", "parent": "pmj4OJzIOBXqJKBq/WB/iFAMQJkaLhcosvbRgseJajI=", "signer": 3}
2022-11-27T04:46:27.753Z	DEBUG	replica=3	coded-hotterstuff/consensus.go:285	received proposal, called onProposal	{"CURRENT VIEW": 24, "msg": "proposal", "header view": 24, "prepare view": 23, "hash": "gik/jtFw93imMquZfPKd+FqganPHYY5XCcGc1OKyfB0=", "parent": "pmj4OJzIOBXqJKBq/WB/iFAMQJkaLhcosvbRgseJajI="}
2022-11-27T04:46:27.762Z	DEBUG	replica=3	coded-hotterstuff/consensus.go:498	new block locked	{"CURRENT VIEW": 24, "view": 22, "hash": "7Bb+cvmJVOtnuxbz/jTx3aPFOlXYkwYfrDz8TccKono="}
2022-11-27T04:46:27.762Z	INFO	replica=3	coded-hotterstuff/consensus.go:507	new block commited	{"CURRENT VIEW": 24, "view": 21, "hash": "0SZBQS4E4pFqiz2KHQNDBHMPXOkDtszRUc2EO9/2gmc="}
2022-11-27T04:46:27.764Z	DEBUG	replica=3	coded-hotterstuff/consensus.go:392	proposal is safe to vote on	{"CURRENT VIEW": 24, "msg": "proposal", "header view": 24, "prepare view": 23, "hash": "gik/jtFw93imMquZfPKd+FqganPHYY5XCcGc1OKyfB0=", "parent": "pmj4OJzIOBXqJKBq/WB/iFAMQJkaLhcosvbRgseJajI="}
Node  3 +1 block finalized at time:  2022-11-27 04:46:27.767752718 +0000 UTC m=+119.056362667
2022-11-27T04:46:29.828Z	DEBUG	replica=3	coded-hotterstuff/consensus.go:676	received vote	{"CURRENT VIEW": 24, "msg": "vote", "voter": 0, "view": 24, "hash": "pmj4OJzIOBXqJKBq/WB/iFAMQJkaLhcosvbRgseJajI="}
2022-11-27T04:46:29.834Z	DEBUG	replica=3	coded-hotterstuff/consensus.go:220	entered new view	{"CURRENT VIEW": 24, "view timeout": 2, "timedout": false}
2022-11-27T04:46:29.834Z	DEBUG	replica=3	coded-hotterstuff/consensus.go:244	replica is a leader for this view. waiting for data	{"CURRENT VIEW": 24}
2022-11-27T04:46:29.837Z	DEBUG	replica=3	coded-hotterstuff/consensus.go:152	sending proposal	{"CURRENT VIEW": 24, "hash": "gik/jtFw93imMquZfPKd+FqganPHYY5XCcGc1OKyfB0=", "parent": "pmj4OJzIOBXqJKBq/WB/iFAMQJkaLhcosvbRgseJajI=", "signer": 3}
2022-11-27T04:46:29.837Z	DEBUG	replica=3	coded-hotterstuff/consensus.go:285	received proposal, called onProposal	{"CURRENT VIEW": 24, "msg": "proposal", "header view": 24, "prepare view": 23, "hash": "gik/jtFw93imMquZfPKd+FqganPHYY5XCcGc1OKyfB0=", "parent": "pmj4OJzIOBXqJKBq/WB/iFAMQJkaLhcosvbRgseJajI="}
2022-11-27T04:46:34.745Z	DEBUG	replica=3	coded-hotterstuff/consensus.go:285	received proposal, called onProposal	{"CURRENT VIEW": 24, "msg": "proposal", "header view": 22, "prepare view": 23, "hash": "7Bb+cvmJVOtnuxbz/jTx3aPFOlXYkwYfrDz8TccKono=", "parent": "0SZBQS4E4pFqiz2KHQNDBHMPXOkDtszRUc2EO9/2gmc="}
2022-11-27T04:46:34.752Z	DEBUG	replica=3	coded-hotterstuff/consensus.go:377	proposal view doesn't match local view	{"CURRENT VIEW": 24, "msg": "proposal", "header view": 22, "prepare view": 23, "hash": "7Bb+cvmJVOtnuxbz/jTx3aPFOlXYkwYfrDz8TccKono=", "parent": "0SZBQS4E4pFqiz2KHQNDBHMPXOkDtszRUc2EO9/2gmc="}
2022-11-27T04:46:34.752Z	DEBUG	replica=3	coded-hotterstuff/consensus.go:676	received vote	{"CURRENT VIEW": 24, "msg": "vote", "voter": 1, "view": 24, "hash": "pmj4OJzIOBXqJKBq/WB/iFAMQJkaLhcosvbRgseJajI="}
2022-11-27T04:46:34.757Z	DEBUG	replica=3	coded-hotterstuff/consensus.go:220	entered new view	{"CURRENT VIEW": 24, "view timeout": 2, "timedout": false}
2022-11-27T04:46:34.757Z	DEBUG	replica=3	coded-hotterstuff/consensus.go:244	replica is a leader for this view. waiting for data	{"CURRENT VIEW": 24}
2022-11-27T04:46:34.760Z	DEBUG	replica=3	coded-hotterstuff/consensus.go:152	sending proposal	{"CURRENT VIEW": 24, "hash": "gik/jtFw93imMquZfPKd+FqganPHYY5XCcGc1OKyfB0=", "parent": "pmj4OJzIOBXqJKBq/WB/iFAMQJkaLhcosvbRgseJajI=", "signer": 3}
2022-11-27T04:46:34.760Z	DEBUG	replica=3	coded-hotterstuff/consensus.go:285	received proposal, called onProposal	{"CURRENT VIEW": 24, "msg": "proposal", "header view": 24, "prepare view": 23, "hash": "gik/jtFw93imMquZfPKd+FqganPHYY5XCcGc1OKyfB0=", "parent": "pmj4OJzIOBXqJKBq/WB/iFAMQJkaLhcosvbRgseJajI="}
2022-11-27T04:46:40.994Z	DEBUG	replica=3	coded-hotterstuff/consensus.go:285	received proposal, called onProposal	{"CURRENT VIEW": 24, "msg": "proposal", "header view": 23, "prepare view": 23, "hash": "pmj4OJzIOBXqJKBq/WB/iFAMQJkaLhcosvbRgseJajI=", "parent": "7Bb+cvmJVOtnuxbz/jTx3aPFOlXYkwYfrDz8TccKono="}
2022-11-27T04:46:41.001Z	DEBUG	replica=3	coded-hotterstuff/consensus.go:377	proposal view doesn't match local view	{"CURRENT VIEW": 24, "msg": "proposal", "header view": 23, "prepare view": 23, "hash": "pmj4OJzIOBXqJKBq/WB/iFAMQJkaLhcosvbRgseJajI=", "parent": "7Bb+cvmJVOtnuxbz/jTx3aPFOlXYkwYfrDz8TccKono="}
2022-11-27T04:46:41.637Z	DEBUG	replica=3	coded-hotterstuff/consensus.go:285	received proposal, called onProposal	{"CURRENT VIEW": 24, "msg": "proposal", "header view": 25, "prepare view": 23, "hash": "Ugwh8F3FpQFeRSYscm+DFw01jRZ/5rTD0xHw0SpCo78=", "parent": "gik/jtFw93imMquZfPKd+FqganPHYY5XCcGc1OKyfB0="}
2022-11-27T04:46:41.644Z	DEBUG	replica=3	coded-hotterstuff/consensus.go:519	new block certified	{"CURRENT VIEW": 24, "view": 24, "hash": "gik/jtFw93imMquZfPKd+FqganPHYY5XCcGc1OKyfB0="}
2022-11-27T04:46:41.644Z	DEBUG	replica=3	coded-hotterstuff/consensus.go:220	entered new view	{"CURRENT VIEW": 25, "view timeout": 2, "timedout": false}
2022-11-27T04:46:41.644Z	DEBUG	replica=3	coded-hotterstuff/consensus.go:498	new block locked	{"CURRENT VIEW": 25, "view": 23, "hash": "pmj4OJzIOBXqJKBq/WB/iFAMQJkaLhcosvbRgseJajI="}
2022-11-27T04:46:41.644Z	INFO	replica=3	coded-hotterstuff/consensus.go:507	new block commited	{"CURRENT VIEW": 25, "view": 22, "hash": "7Bb+cvmJVOtnuxbz/jTx3aPFOlXYkwYfrDz8TccKono="}
2022-11-27T04:46:41.645Z	DEBUG	replica=3	coded-hotterstuff/consensus.go:392	proposal is safe to vote on	{"CURRENT VIEW": 24, "msg": "proposal", "header view": 25, "prepare view": 23, "hash": "Ugwh8F3FpQFeRSYscm+DFw01jRZ/5rTD0xHw0SpCo78=", "parent": "gik/jtFw93imMquZfPKd+FqganPHYY5XCcGc1OKyfB0="}
Node  3 +1 block finalized at time:  2022-11-27 04:46:41.647835285 +0000 UTC m=+132.936445220
2022-11-27T04:46:42.566Z	DEBUG	replica=3	coded-hotterstuff/consensus.go:285	received proposal, called onProposal	{"CURRENT VIEW": 25, "msg": "proposal", "header view": 26, "prepare view": 24, "hash": "BFze8lj0ByqIeg5FMeM6QhZCC439W3dnPhgVNdsCCe8=", "parent": "Ugwh8F3FpQFeRSYscm+DFw01jRZ/5rTD0xHw0SpCo78="}
2022-11-27T04:46:42.574Z	DEBUG	replica=3	coded-hotterstuff/consensus.go:519	new block certified	{"CURRENT VIEW": 25, "view": 25, "hash": "Ugwh8F3FpQFeRSYscm+DFw01jRZ/5rTD0xHw0SpCo78="}
2022-11-27T04:46:42.574Z	DEBUG	replica=3	coded-hotterstuff/consensus.go:220	entered new view	{"CURRENT VIEW": 26, "view timeout": 2, "timedout": false}
2022-11-27T04:46:42.574Z	DEBUG	replica=3	coded-hotterstuff/consensus.go:498	new block locked	{"CURRENT VIEW": 26, "view": 24, "hash": "gik/jtFw93imMquZfPKd+FqganPHYY5XCcGc1OKyfB0="}
2022-11-27T04:46:42.575Z	INFO	replica=3	coded-hotterstuff/consensus.go:507	new block commited	{"CURRENT VIEW": 26, "view": 23, "hash": "pmj4OJzIOBXqJKBq/WB/iFAMQJkaLhcosvbRgseJajI="}
2022-11-27T04:46:42.576Z	DEBUG	replica=3	coded-hotterstuff/consensus.go:392	proposal is safe to vote on	{"CURRENT VIEW": 25, "msg": "proposal", "header view": 26, "prepare view": 24, "hash": "BFze8lj0ByqIeg5FMeM6QhZCC439W3dnPhgVNdsCCe8=", "parent": "Ugwh8F3FpQFeRSYscm+DFw01jRZ/5rTD0xHw0SpCo78="}
Node  3 +1 block finalized at time:  2022-11-27 04:46:42.578209708 +0000 UTC m=+133.866819643
2022-11-27T04:46:42.950Z	DEBUG	replica=3	coded-hotterstuff/consensus.go:285	received proposal, called onProposal	{"CURRENT VIEW": 26, "msg": "proposal", "header view": 23, "prepare view": 25, "hash": "pmj4OJzIOBXqJKBq/WB/iFAMQJkaLhcosvbRgseJajI=", "parent": "7Bb+cvmJVOtnuxbz/jTx3aPFOlXYkwYfrDz8TccKono="}
2022-11-27T04:46:42.958Z	DEBUG	replica=3	coded-hotterstuff/consensus.go:377	proposal view doesn't match local view	{"CURRENT VIEW": 26, "msg": "proposal", "header view": 23, "prepare view": 25, "hash": "pmj4OJzIOBXqJKBq/WB/iFAMQJkaLhcosvbRgseJajI=", "parent": "7Bb+cvmJVOtnuxbz/jTx3aPFOlXYkwYfrDz8TccKono="}
2022-11-27T04:46:45.563Z	DEBUG	replica=3	coded-hotterstuff/consensus.go:285	received proposal, called onProposal	{"CURRENT VIEW": 26, "msg": "proposal", "header view": 25, "prepare view": 25, "hash": "Ugwh8F3FpQFeRSYscm+DFw01jRZ/5rTD0xHw0SpCo78=", "parent": "gik/jtFw93imMquZfPKd+FqganPHYY5XCcGc1OKyfB0="}
2022-11-27T04:46:45.571Z	DEBUG	replica=3	coded-hotterstuff/consensus.go:377	proposal view doesn't match local view	{"CURRENT VIEW": 26, "msg": "proposal", "header view": 25, "prepare view": 25, "hash": "Ugwh8F3FpQFeRSYscm+DFw01jRZ/5rTD0xHw0SpCo78=", "parent": "gik/jtFw93imMquZfPKd+FqganPHYY5XCcGc1OKyfB0="}
2022-11-27T04:46:46.903Z	DEBUG	replica=3	coded-hotterstuff/consensus.go:285	received proposal, called onProposal	{"CURRENT VIEW": 26, "msg": "proposal", "header view": 26, "prepare view": 25, "hash": "BFze8lj0ByqIeg5FMeM6QhZCC439W3dnPhgVNdsCCe8=", "parent": "Ugwh8F3FpQFeRSYscm+DFw01jRZ/5rTD0xHw0SpCo78="}
2022-11-27T04:46:46.952Z	DEBUG	replica=3	coded-hotterstuff/consensus.go:285	received proposal, called onProposal	{"CURRENT VIEW": 26, "msg": "proposal", "header view": 27, "prepare view": 25, "hash": "e5XoSmN/fXSHLaD7UtB65IvI3HwizG1xo4howmvtAes=", "parent": "BFze8lj0ByqIeg5FMeM6QhZCC439W3dnPhgVNdsCCe8="}
2022-11-27T04:46:46.959Z	DEBUG	replica=3	coded-hotterstuff/consensus.go:519	new block certified	{"CURRENT VIEW": 26, "view": 26, "hash": "BFze8lj0ByqIeg5FMeM6QhZCC439W3dnPhgVNdsCCe8="}
2022-11-27T04:46:46.959Z	DEBUG	replica=3	coded-hotterstuff/consensus.go:220	entered new view	{"CURRENT VIEW": 27, "view timeout": 2, "timedout": false}
2022-11-27T04:46:46.959Z	DEBUG	replica=3	coded-hotterstuff/consensus.go:498	new block locked	{"CURRENT VIEW": 27, "view": 25, "hash": "Ugwh8F3FpQFeRSYscm+DFw01jRZ/5rTD0xHw0SpCo78="}
2022-11-27T04:46:46.959Z	INFO	replica=3	coded-hotterstuff/consensus.go:507	new block commited	{"CURRENT VIEW": 27, "view": 24, "hash": "gik/jtFw93imMquZfPKd+FqganPHYY5XCcGc1OKyfB0="}
2022-11-27T04:46:46.959Z	DEBUG	replica=3	coded-hotterstuff/consensus.go:392	proposal is safe to vote on	{"CURRENT VIEW": 26, "msg": "proposal", "header view": 27, "prepare view": 25, "hash": "e5XoSmN/fXSHLaD7UtB65IvI3HwizG1xo4howmvtAes=", "parent": "BFze8lj0ByqIeg5FMeM6QhZCC439W3dnPhgVNdsCCe8="}
Node  3 +1 block finalized at time:  2022-11-27 04:46:46.961706972 +0000 UTC m=+138.250316921
2022-11-27T04:46:47.053Z	DEBUG	replica=3	coded-hotterstuff/consensus.go:285	received proposal, called onProposal	{"CURRENT VIEW": 27, "msg": "proposal", "header view": 25, "prepare view": 26, "hash": "Ugwh8F3FpQFeRSYscm+DFw01jRZ/5rTD0xHw0SpCo78=", "parent": "gik/jtFw93imMquZfPKd+FqganPHYY5XCcGc1OKyfB0="}
2022-11-27T04:46:47.060Z	DEBUG	replica=3	coded-hotterstuff/consensus.go:377	proposal view doesn't match local view	{"CURRENT VIEW": 27, "msg": "proposal", "header view": 25, "prepare view": 26, "hash": "Ugwh8F3FpQFeRSYscm+DFw01jRZ/5rTD0xHw0SpCo78=", "parent": "gik/jtFw93imMquZfPKd+FqganPHYY5XCcGc1OKyfB0="}
2022-11-27T04:46:50.803Z	DEBUG	replica=3	coded-hotterstuff/consensus.go:285	received proposal, called onProposal	{"CURRENT VIEW": 27, "msg": "proposal", "header view": 26, "prepare view": 26, "hash": "BFze8lj0ByqIeg5FMeM6QhZCC439W3dnPhgVNdsCCe8=", "parent": "Ugwh8F3FpQFeRSYscm+DFw01jRZ/5rTD0xHw0SpCo78="}
2022-11-27T04:46:50.813Z	DEBUG	replica=3	coded-hotterstuff/consensus.go:377	proposal view doesn't match local view	{"CURRENT VIEW": 27, "msg": "proposal", "header view": 26, "prepare view": 26, "hash": "BFze8lj0ByqIeg5FMeM6QhZCC439W3dnPhgVNdsCCe8=", "parent": "Ugwh8F3FpQFeRSYscm+DFw01jRZ/5rTD0xHw0SpCo78="}
