Node index: 4
node 4 initiating connection to 10.0.1.0:9000
node 4 initiating connection to 10.0.1.2:9001
node 4 initiating connection to 10.0.1.4:9002
node 4 initiating connection to 10.0.1.6:9003
2022-11-28T20:41:39.386Z	DEBUG	replica=4	coded-hotterstuff/consensus.go:220	entered new view	{"CURRENT VIEW": 1, "view timeout": 2, "timedout": false}
node 4 successfully initiated connection to 10.0.1.0:9000
node 4 successfully initiated connection to 10.0.1.2:9001
node 4 successfully initiated connection to 10.0.1.4:9002
node 4 successfully initiated connection to 10.0.1.6:9003
connection established 4 - 6
Node  4 -->  Listening for messages... 
connection established 4 - 5
Node  4 -->  Listening for messages... 
connection established 4 - 0
Node  4 -->  Listening for messages... 
connection established 4 - 1
Node  4 -->  Listening for messages... 
connection established 4 - 2
Node  4 -->  Listening for messages... 
connection established 4 - 3
Node  4 -->  Listening for messages... 
2022-11-28T20:41:40.300Z	DEBUG	replica=4	coded-hotterstuff/consensus.go:285	received proposal, called onProposal	{"CURRENT VIEW": 1, "msg": "proposal", "header view": 1, "prepare view": 0, "hash": "SKC06ZXnbItnYZVTxXLWgGtuTOc9zSoSvlJWhQRO6/8=", "parent": "GZWDhiYW+ib6TpJWRLDOftUd8y8ovAaEerQWDbefS7c="}
2022-11-28T20:41:40.308Z	DEBUG	replica=4	coded-hotterstuff/consensus.go:487	could not find gparent header	{"CURRENT VIEW": 1, "view": 0, "hash": "GZWDhiYW+ib6TpJWRLDOftUd8y8ovAaEerQWDbefS7c="}
2022-11-28T20:41:40.312Z	DEBUG	replica=4	coded-hotterstuff/consensus.go:392	proposal is safe to vote on	{"CURRENT VIEW": 1, "msg": "proposal", "header view": 1, "prepare view": 0, "hash": "SKC06ZXnbItnYZVTxXLWgGtuTOc9zSoSvlJWhQRO6/8=", "parent": "GZWDhiYW+ib6TpJWRLDOftUd8y8ovAaEerQWDbefS7c="}
2022-11-28T20:41:41.293Z	DEBUG	replica=4	coded-hotterstuff/consensus.go:285	received proposal, called onProposal	{"CURRENT VIEW": 1, "msg": "proposal", "header view": 2, "prepare view": 0, "hash": "cPBdTa7qQJueFGrjnuqGleZwFBh/lhGAlUWBfCr3UKs=", "parent": "SKC06ZXnbItnYZVTxXLWgGtuTOc9zSoSvlJWhQRO6/8="}
2022-11-28T20:41:41.310Z	DEBUG	replica=4	coded-hotterstuff/consensus.go:519	new block certified	{"CURRENT VIEW": 1, "view": 1, "hash": "SKC06ZXnbItnYZVTxXLWgGtuTOc9zSoSvlJWhQRO6/8="}
2022-11-28T20:41:41.310Z	DEBUG	replica=4	coded-hotterstuff/consensus.go:220	entered new view	{"CURRENT VIEW": 2, "view timeout": 2, "timedout": false}
2022-11-28T20:41:41.310Z	DEBUG	replica=4	coded-hotterstuff/consensus.go:492	could not find ggparent header	{"CURRENT VIEW": 2, "view": 0, "hash": "GZWDhiYW+ib6TpJWRLDOftUd8y8ovAaEerQWDbefS7c="}
2022-11-28T20:41:41.312Z	DEBUG	replica=4	coded-hotterstuff/consensus.go:392	proposal is safe to vote on	{"CURRENT VIEW": 1, "msg": "proposal", "header view": 2, "prepare view": 0, "hash": "cPBdTa7qQJueFGrjnuqGleZwFBh/lhGAlUWBfCr3UKs=", "parent": "SKC06ZXnbItnYZVTxXLWgGtuTOc9zSoSvlJWhQRO6/8="}
2022-11-28T20:41:42.271Z	DEBUG	replica=4	coded-hotterstuff/consensus.go:285	received proposal, called onProposal	{"CURRENT VIEW": 2, "msg": "proposal", "header view": 3, "prepare view": 1, "hash": "cLFzFj8B5QK8hCmGW/OU2JuMGjA5BWSI/G1faUNJ6uM=", "parent": "cPBdTa7qQJueFGrjnuqGleZwFBh/lhGAlUWBfCr3UKs="}
2022-11-28T20:41:42.287Z	DEBUG	replica=4	coded-hotterstuff/consensus.go:519	new block certified	{"CURRENT VIEW": 2, "view": 2, "hash": "cPBdTa7qQJueFGrjnuqGleZwFBh/lhGAlUWBfCr3UKs="}
2022-11-28T20:41:42.287Z	DEBUG	replica=4	coded-hotterstuff/consensus.go:220	entered new view	{"CURRENT VIEW": 3, "view timeout": 2, "timedout": false}
2022-11-28T20:41:42.287Z	DEBUG	replica=4	coded-hotterstuff/consensus.go:235	replica is a leader for next view. collecting new-view messages	{"CURRENT VIEW": 3}
2022-11-28T20:41:42.287Z	DEBUG	replica=4	coded-hotterstuff/consensus.go:498	new block locked	{"CURRENT VIEW": 3, "view": 1, "hash": "SKC06ZXnbItnYZVTxXLWgGtuTOc9zSoSvlJWhQRO6/8="}
2022-11-28T20:41:42.298Z	DEBUG	replica=4	coded-hotterstuff/consensus.go:392	proposal is safe to vote on	{"CURRENT VIEW": 2, "msg": "proposal", "header view": 3, "prepare view": 1, "hash": "cLFzFj8B5QK8hCmGW/OU2JuMGjA5BWSI/G1faUNJ6uM=", "parent": "cPBdTa7qQJueFGrjnuqGleZwFBh/lhGAlUWBfCr3UKs="}
2022-11-28T20:41:42.303Z	DEBUG	replica=4	coded-hotterstuff/consensus.go:676	received vote	{"CURRENT VIEW": 3, "msg": "vote", "voter": 4, "view": 3, "hash": "cLFzFj8B5QK8hCmGW/OU2JuMGjA5BWSI/G1faUNJ6uM="}
2022-11-28T20:41:42.309Z	DEBUG	replica=4	coded-hotterstuff/consensus.go:676	received vote	{"CURRENT VIEW": 3, "msg": "vote", "voter": 3, "view": 3, "hash": "cLFzFj8B5QK8hCmGW/OU2JuMGjA5BWSI/G1faUNJ6uM="}
2022-11-28T20:41:42.316Z	DEBUG	replica=4	coded-hotterstuff/consensus.go:676	received vote	{"CURRENT VIEW": 3, "msg": "vote", "voter": 2, "view": 3, "hash": "cLFzFj8B5QK8hCmGW/OU2JuMGjA5BWSI/G1faUNJ6uM="}
2022-11-28T20:41:42.348Z	DEBUG	replica=4	coded-hotterstuff/consensus.go:676	received vote	{"CURRENT VIEW": 3, "msg": "vote", "voter": 6, "view": 3, "hash": "cLFzFj8B5QK8hCmGW/OU2JuMGjA5BWSI/G1faUNJ6uM="}
2022-11-28T20:41:42.356Z	DEBUG	replica=4	coded-hotterstuff/consensus.go:676	received vote	{"CURRENT VIEW": 3, "msg": "vote", "voter": 5, "view": 3, "hash": "cLFzFj8B5QK8hCmGW/OU2JuMGjA5BWSI/G1faUNJ6uM="}
2022-11-28T20:41:42.363Z	DEBUG	replica=4	coded-hotterstuff/consensus.go:519	new block certified	{"CURRENT VIEW": 3, "view": 3, "hash": "cLFzFj8B5QK8hCmGW/OU2JuMGjA5BWSI/G1faUNJ6uM="}
2022-11-28T20:41:42.363Z	DEBUG	replica=4	coded-hotterstuff/consensus.go:220	entered new view	{"CURRENT VIEW": 4, "view timeout": 2, "timedout": false}
2022-11-28T20:41:42.363Z	DEBUG	replica=4	coded-hotterstuff/consensus.go:244	replica is a leader for this view. waiting for data	{"CURRENT VIEW": 4}
2022-11-28T20:41:42.363Z	DEBUG	replica=4	coded-hotterstuff/consensus.go:220	entered new view	{"CURRENT VIEW": 4, "view timeout": 2, "timedout": false}
2022-11-28T20:41:42.363Z	DEBUG	replica=4	coded-hotterstuff/consensus.go:244	replica is a leader for this view. waiting for data	{"CURRENT VIEW": 4}
2022-11-28T20:41:42.363Z	DEBUG	replica=4	coded-hotterstuff/consensus.go:676	received vote	{"CURRENT VIEW": 4, "msg": "vote", "voter": 1, "view": 4, "hash": "cLFzFj8B5QK8hCmGW/OU2JuMGjA5BWSI/G1faUNJ6uM="}
2022-11-28T20:41:42.369Z	DEBUG	replica=4	coded-hotterstuff/consensus.go:220	entered new view	{"CURRENT VIEW": 4, "view timeout": 2, "timedout": false}
2022-11-28T20:41:42.369Z	DEBUG	replica=4	coded-hotterstuff/consensus.go:244	replica is a leader for this view. waiting for data	{"CURRENT VIEW": 4}
2022-11-28T20:41:42.370Z	DEBUG	replica=4	coded-hotterstuff/consensus.go:676	received vote	{"CURRENT VIEW": 4, "msg": "vote", "voter": 0, "view": 4, "hash": "cLFzFj8B5QK8hCmGW/OU2JuMGjA5BWSI/G1faUNJ6uM="}
2022-11-28T20:41:42.376Z	DEBUG	replica=4	coded-hotterstuff/consensus.go:220	entered new view	{"CURRENT VIEW": 4, "view timeout": 2, "timedout": false}
2022-11-28T20:41:42.376Z	DEBUG	replica=4	coded-hotterstuff/consensus.go:244	replica is a leader for this view. waiting for data	{"CURRENT VIEW": 4}
2022-11-28T20:41:42.378Z	DEBUG	replica=4	coded-hotterstuff/consensus.go:152	sending proposal	{"CURRENT VIEW": 4, "hash": "8WqYPi7RnJLtEHQ0we0AUFXAprYP7gJj7Cq2GuiCGb4=", "parent": "cLFzFj8B5QK8hCmGW/OU2JuMGjA5BWSI/G1faUNJ6uM=", "signer": 4}
2022-11-28T20:41:42.378Z	DEBUG	replica=4	coded-hotterstuff/consensus.go:285	received proposal, called onProposal	{"CURRENT VIEW": 4, "msg": "proposal", "header view": 4, "prepare view": 3, "hash": "8WqYPi7RnJLtEHQ0we0AUFXAprYP7gJj7Cq2GuiCGb4=", "parent": "cLFzFj8B5QK8hCmGW/OU2JuMGjA5BWSI/G1faUNJ6uM="}
2022-11-28T20:41:42.387Z	DEBUG	replica=4	coded-hotterstuff/consensus.go:498	new block locked	{"CURRENT VIEW": 4, "view": 2, "hash": "cPBdTa7qQJueFGrjnuqGleZwFBh/lhGAlUWBfCr3UKs="}
2022-11-28T20:41:42.387Z	INFO	replica=4	coded-hotterstuff/consensus.go:507	new block commited	{"CURRENT VIEW": 4, "view": 1, "hash": "SKC06ZXnbItnYZVTxXLWgGtuTOc9zSoSvlJWhQRO6/8="}
2022-11-28T20:41:42.388Z	DEBUG	replica=4	coded-hotterstuff/consensus.go:392	proposal is safe to vote on	{"CURRENT VIEW": 4, "msg": "proposal", "header view": 4, "prepare view": 3, "hash": "8WqYPi7RnJLtEHQ0we0AUFXAprYP7gJj7Cq2GuiCGb4=", "parent": "cLFzFj8B5QK8hCmGW/OU2JuMGjA5BWSI/G1faUNJ6uM="}
Node  4 +1 block finalized at time:  2022-11-28 20:41:42.391873394 +0000 UTC m=+3.097535360
2022-11-28T20:41:42.777Z	DEBUG	replica=4	coded-hotterstuff/consensus.go:285	received proposal, called onProposal	{"CURRENT VIEW": 4, "msg": "proposal", "header view": 3, "prepare view": 3, "hash": "cLFzFj8B5QK8hCmGW/OU2JuMGjA5BWSI/G1faUNJ6uM=", "parent": "cPBdTa7qQJueFGrjnuqGleZwFBh/lhGAlUWBfCr3UKs="}
2022-11-28T20:41:42.790Z	DEBUG	replica=4	coded-hotterstuff/consensus.go:377	proposal view doesn't match local view	{"CURRENT VIEW": 4, "msg": "proposal", "header view": 3, "prepare view": 3, "hash": "cLFzFj8B5QK8hCmGW/OU2JuMGjA5BWSI/G1faUNJ6uM=", "parent": "cPBdTa7qQJueFGrjnuqGleZwFBh/lhGAlUWBfCr3UKs="}
2022-11-28T20:41:44.182Z	DEBUG	replica=4	coded-hotterstuff/consensus.go:285	received proposal, called onProposal	{"CURRENT VIEW": 4, "msg": "proposal", "header view": 5, "prepare view": 3, "hash": "jgrj6scOqMsv2tOI5ilebUQ0EAUbjhBGBRf6AbYZ3ZQ=", "parent": "8WqYPi7RnJLtEHQ0we0AUFXAprYP7gJj7Cq2GuiCGb4="}
2022-11-28T20:41:44.197Z	DEBUG	replica=4	coded-hotterstuff/consensus.go:519	new block certified	{"CURRENT VIEW": 4, "view": 4, "hash": "8WqYPi7RnJLtEHQ0we0AUFXAprYP7gJj7Cq2GuiCGb4="}
2022-11-28T20:41:44.197Z	DEBUG	replica=4	coded-hotterstuff/consensus.go:220	entered new view	{"CURRENT VIEW": 5, "view timeout": 2, "timedout": false}
2022-11-28T20:41:44.197Z	DEBUG	replica=4	coded-hotterstuff/consensus.go:498	new block locked	{"CURRENT VIEW": 5, "view": 3, "hash": "cLFzFj8B5QK8hCmGW/OU2JuMGjA5BWSI/G1faUNJ6uM="}
2022-11-28T20:41:44.197Z	INFO	replica=4	coded-hotterstuff/consensus.go:507	new block commited	{"CURRENT VIEW": 5, "view": 2, "hash": "cPBdTa7qQJueFGrjnuqGleZwFBh/lhGAlUWBfCr3UKs="}
2022-11-28T20:41:44.202Z	DEBUG	replica=4	coded-hotterstuff/consensus.go:392	proposal is safe to vote on	{"CURRENT VIEW": 4, "msg": "proposal", "header view": 5, "prepare view": 3, "hash": "jgrj6scOqMsv2tOI5ilebUQ0EAUbjhBGBRf6AbYZ3ZQ=", "parent": "8WqYPi7RnJLtEHQ0we0AUFXAprYP7gJj7Cq2GuiCGb4="}
Node  4 +1 block finalized at time:  2022-11-28 20:41:44.205567901 +0000 UTC m=+4.911229867
2022-11-28T20:41:44.685Z	DEBUG	replica=4	coded-hotterstuff/consensus.go:285	received proposal, called onProposal	{"CURRENT VIEW": 5, "msg": "proposal", "header view": 5, "prepare view": 4, "hash": "jgrj6scOqMsv2tOI5ilebUQ0EAUbjhBGBRf6AbYZ3ZQ=", "parent": "8WqYPi7RnJLtEHQ0we0AUFXAprYP7gJj7Cq2GuiCGb4="}
2022-11-28T20:41:45.098Z	DEBUG	replica=4	coded-hotterstuff/consensus.go:285	received proposal, called onProposal	{"CURRENT VIEW": 5, "msg": "proposal", "header view": 6, "prepare view": 4, "hash": "kFp8+So3McG2yp/crA+UXLJ7e1+L/NadJHrbEZU+si4=", "parent": "jgrj6scOqMsv2tOI5ilebUQ0EAUbjhBGBRf6AbYZ3ZQ="}
2022-11-28T20:41:45.107Z	DEBUG	replica=4	coded-hotterstuff/consensus.go:519	new block certified	{"CURRENT VIEW": 5, "view": 5, "hash": "jgrj6scOqMsv2tOI5ilebUQ0EAUbjhBGBRf6AbYZ3ZQ="}
2022-11-28T20:41:45.107Z	DEBUG	replica=4	coded-hotterstuff/consensus.go:220	entered new view	{"CURRENT VIEW": 6, "view timeout": 2, "timedout": false}
2022-11-28T20:41:45.107Z	DEBUG	replica=4	coded-hotterstuff/consensus.go:498	new block locked	{"CURRENT VIEW": 6, "view": 4, "hash": "8WqYPi7RnJLtEHQ0we0AUFXAprYP7gJj7Cq2GuiCGb4="}
2022-11-28T20:41:45.107Z	INFO	replica=4	coded-hotterstuff/consensus.go:507	new block commited	{"CURRENT VIEW": 6, "view": 3, "hash": "cLFzFj8B5QK8hCmGW/OU2JuMGjA5BWSI/G1faUNJ6uM="}
2022-11-28T20:41:45.110Z	DEBUG	replica=4	coded-hotterstuff/consensus.go:392	proposal is safe to vote on	{"CURRENT VIEW": 5, "msg": "proposal", "header view": 6, "prepare view": 4, "hash": "kFp8+So3McG2yp/crA+UXLJ7e1+L/NadJHrbEZU+si4=", "parent": "jgrj6scOqMsv2tOI5ilebUQ0EAUbjhBGBRf6AbYZ3ZQ="}
Node  4 +1 block finalized at time:  2022-11-28 20:41:45.112637364 +0000 UTC m=+5.818299331
2022-11-28T20:41:45.556Z	DEBUG	replica=4	coded-hotterstuff/consensus.go:285	received proposal, called onProposal	{"CURRENT VIEW": 6, "msg": "proposal", "header view": 6, "prepare view": 5, "hash": "kFp8+So3McG2yp/crA+UXLJ7e1+L/NadJHrbEZU+si4=", "parent": "jgrj6scOqMsv2tOI5ilebUQ0EAUbjhBGBRf6AbYZ3ZQ="}
2022-11-28T20:41:45.998Z	DEBUG	replica=4	coded-hotterstuff/consensus.go:285	received proposal, called onProposal	{"CURRENT VIEW": 6, "msg": "proposal", "header view": 7, "prepare view": 5, "hash": "UrpGBauqox/y7djWW1+uYAk4lnjGCoti5rxDg06dPA8=", "parent": "kFp8+So3McG2yp/crA+UXLJ7e1+L/NadJHrbEZU+si4="}
2022-11-28T20:41:46.010Z	DEBUG	replica=4	coded-hotterstuff/consensus.go:519	new block certified	{"CURRENT VIEW": 6, "view": 6, "hash": "kFp8+So3McG2yp/crA+UXLJ7e1+L/NadJHrbEZU+si4="}
2022-11-28T20:41:46.010Z	DEBUG	replica=4	coded-hotterstuff/consensus.go:220	entered new view	{"CURRENT VIEW": 7, "view timeout": 2, "timedout": false}
2022-11-28T20:41:46.010Z	DEBUG	replica=4	coded-hotterstuff/consensus.go:498	new block locked	{"CURRENT VIEW": 7, "view": 5, "hash": "jgrj6scOqMsv2tOI5ilebUQ0EAUbjhBGBRf6AbYZ3ZQ="}
2022-11-28T20:41:46.010Z	INFO	replica=4	coded-hotterstuff/consensus.go:507	new block commited	{"CURRENT VIEW": 7, "view": 4, "hash": "8WqYPi7RnJLtEHQ0we0AUFXAprYP7gJj7Cq2GuiCGb4="}
2022-11-28T20:41:46.014Z	DEBUG	replica=4	coded-hotterstuff/consensus.go:392	proposal is safe to vote on	{"CURRENT VIEW": 6, "msg": "proposal", "header view": 7, "prepare view": 5, "hash": "UrpGBauqox/y7djWW1+uYAk4lnjGCoti5rxDg06dPA8=", "parent": "kFp8+So3McG2yp/crA+UXLJ7e1+L/NadJHrbEZU+si4="}
Node  4 +1 block finalized at time:  2022-11-28 20:41:46.01644824 +0000 UTC m=+6.722110213
2022-11-28T20:41:46.454Z	DEBUG	replica=4	coded-hotterstuff/consensus.go:285	received proposal, called onProposal	{"CURRENT VIEW": 7, "msg": "proposal", "header view": 7, "prepare view": 6, "hash": "UrpGBauqox/y7djWW1+uYAk4lnjGCoti5rxDg06dPA8=", "parent": "kFp8+So3McG2yp/crA+UXLJ7e1+L/NadJHrbEZU+si4="}
2022-11-28T20:41:46.609Z	DEBUG	replica=4	coded-hotterstuff/consensus.go:285	received proposal, called onProposal	{"CURRENT VIEW": 7, "msg": "proposal", "header view": 8, "prepare view": 6, "hash": "CdTNHG77L/KNb6fxbFkMI5vefUtOuAcj6xhNSmb/gws=", "parent": "UrpGBauqox/y7djWW1+uYAk4lnjGCoti5rxDg06dPA8="}
2022-11-28T20:41:46.629Z	DEBUG	replica=4	coded-hotterstuff/consensus.go:519	new block certified	{"CURRENT VIEW": 7, "view": 7, "hash": "UrpGBauqox/y7djWW1+uYAk4lnjGCoti5rxDg06dPA8="}
2022-11-28T20:41:46.629Z	DEBUG	replica=4	coded-hotterstuff/consensus.go:220	entered new view	{"CURRENT VIEW": 8, "view timeout": 2, "timedout": false}
2022-11-28T20:41:46.629Z	DEBUG	replica=4	coded-hotterstuff/consensus.go:498	new block locked	{"CURRENT VIEW": 8, "view": 6, "hash": "kFp8+So3McG2yp/crA+UXLJ7e1+L/NadJHrbEZU+si4="}
2022-11-28T20:41:46.629Z	INFO	replica=4	coded-hotterstuff/consensus.go:507	new block commited	{"CURRENT VIEW": 8, "view": 5, "hash": "jgrj6scOqMsv2tOI5ilebUQ0EAUbjhBGBRf6AbYZ3ZQ="}
2022-11-28T20:41:46.631Z	DEBUG	replica=4	coded-hotterstuff/consensus.go:392	proposal is safe to vote on	{"CURRENT VIEW": 7, "msg": "proposal", "header view": 8, "prepare view": 6, "hash": "CdTNHG77L/KNb6fxbFkMI5vefUtOuAcj6xhNSmb/gws=", "parent": "UrpGBauqox/y7djWW1+uYAk4lnjGCoti5rxDg06dPA8="}
Node  4 +1 block finalized at time:  2022-11-28 20:41:46.635517509 +0000 UTC m=+7.341179476
2022-11-28T20:41:46.876Z	DEBUG	replica=4	coded-hotterstuff/consensus.go:285	received proposal, called onProposal	{"CURRENT VIEW": 8, "msg": "proposal", "header view": 7, "prepare view": 7, "hash": "UrpGBauqox/y7djWW1+uYAk4lnjGCoti5rxDg06dPA8=", "parent": "kFp8+So3McG2yp/crA+UXLJ7e1+L/NadJHrbEZU+si4="}
2022-11-28T20:41:46.888Z	DEBUG	replica=4	coded-hotterstuff/consensus.go:377	proposal view doesn't match local view	{"CURRENT VIEW": 8, "msg": "proposal", "header view": 7, "prepare view": 7, "hash": "UrpGBauqox/y7djWW1+uYAk4lnjGCoti5rxDg06dPA8=", "parent": "kFp8+So3McG2yp/crA+UXLJ7e1+L/NadJHrbEZU+si4="}
2022-11-28T20:41:47.137Z	DEBUG	replica=4	coded-hotterstuff/consensus.go:285	received proposal, called onProposal	{"CURRENT VIEW": 8, "msg": "proposal", "header view": 8, "prepare view": 7, "hash": "CdTNHG77L/KNb6fxbFkMI5vefUtOuAcj6xhNSmb/gws=", "parent": "UrpGBauqox/y7djWW1+uYAk4lnjGCoti5rxDg06dPA8="}
2022-11-28T20:41:47.210Z	DEBUG	replica=4	coded-hotterstuff/consensus.go:285	received proposal, called onProposal	{"CURRENT VIEW": 8, "msg": "proposal", "header view": 9, "prepare view": 7, "hash": "S5jvF8HlmLvBxjERXgBCYm1M/GPQBuOxef9Rwa5UXRA=", "parent": "CdTNHG77L/KNb6fxbFkMI5vefUtOuAcj6xhNSmb/gws="}
2022-11-28T20:41:47.220Z	DEBUG	replica=4	coded-hotterstuff/consensus.go:519	new block certified	{"CURRENT VIEW": 8, "view": 8, "hash": "CdTNHG77L/KNb6fxbFkMI5vefUtOuAcj6xhNSmb/gws="}
2022-11-28T20:41:47.221Z	DEBUG	replica=4	coded-hotterstuff/consensus.go:220	entered new view	{"CURRENT VIEW": 9, "view timeout": 2, "timedout": false}
2022-11-28T20:41:47.221Z	DEBUG	replica=4	coded-hotterstuff/consensus.go:498	new block locked	{"CURRENT VIEW": 9, "view": 7, "hash": "UrpGBauqox/y7djWW1+uYAk4lnjGCoti5rxDg06dPA8="}
2022-11-28T20:41:47.221Z	INFO	replica=4	coded-hotterstuff/consensus.go:507	new block commited	{"CURRENT VIEW": 9, "view": 6, "hash": "kFp8+So3McG2yp/crA+UXLJ7e1+L/NadJHrbEZU+si4="}
2022-11-28T20:41:47.222Z	DEBUG	replica=4	coded-hotterstuff/consensus.go:392	proposal is safe to vote on	{"CURRENT VIEW": 8, "msg": "proposal", "header view": 9, "prepare view": 7, "hash": "S5jvF8HlmLvBxjERXgBCYm1M/GPQBuOxef9Rwa5UXRA=", "parent": "CdTNHG77L/KNb6fxbFkMI5vefUtOuAcj6xhNSmb/gws="}
Node  4 +1 block finalized at time:  2022-11-28 20:41:47.225121362 +0000 UTC m=+7.930783331
2022-11-28T20:41:47.657Z	DEBUG	replica=4	coded-hotterstuff/consensus.go:285	received proposal, called onProposal	{"CURRENT VIEW": 9, "msg": "proposal", "header view": 9, "prepare view": 8, "hash": "S5jvF8HlmLvBxjERXgBCYm1M/GPQBuOxef9Rwa5UXRA=", "parent": "CdTNHG77L/KNb6fxbFkMI5vefUtOuAcj6xhNSmb/gws="}
2022-11-28T20:41:47.771Z	DEBUG	replica=4	coded-hotterstuff/consensus.go:285	received proposal, called onProposal	{"CURRENT VIEW": 9, "msg": "proposal", "header view": 10, "prepare view": 8, "hash": "Gymi6tg4A5LZy8aiMG6k221RFpMttMcj9dlrzPCBVG4=", "parent": "S5jvF8HlmLvBxjERXgBCYm1M/GPQBuOxef9Rwa5UXRA="}
2022-11-28T20:41:47.782Z	DEBUG	replica=4	coded-hotterstuff/consensus.go:519	new block certified	{"CURRENT VIEW": 9, "view": 9, "hash": "S5jvF8HlmLvBxjERXgBCYm1M/GPQBuOxef9Rwa5UXRA="}
2022-11-28T20:41:47.782Z	DEBUG	replica=4	coded-hotterstuff/consensus.go:220	entered new view	{"CURRENT VIEW": 10, "view timeout": 2, "timedout": false}
2022-11-28T20:41:47.782Z	DEBUG	replica=4	coded-hotterstuff/consensus.go:235	replica is a leader for next view. collecting new-view messages	{"CURRENT VIEW": 10}
2022-11-28T20:41:47.782Z	DEBUG	replica=4	coded-hotterstuff/consensus.go:498	new block locked	{"CURRENT VIEW": 10, "view": 8, "hash": "CdTNHG77L/KNb6fxbFkMI5vefUtOuAcj6xhNSmb/gws="}
2022-11-28T20:41:47.783Z	INFO	replica=4	coded-hotterstuff/consensus.go:507	new block commited	{"CURRENT VIEW": 10, "view": 7, "hash": "UrpGBauqox/y7djWW1+uYAk4lnjGCoti5rxDg06dPA8="}
2022-11-28T20:41:47.785Z	DEBUG	replica=4	coded-hotterstuff/consensus.go:392	proposal is safe to vote on	{"CURRENT VIEW": 9, "msg": "proposal", "header view": 10, "prepare view": 8, "hash": "Gymi6tg4A5LZy8aiMG6k221RFpMttMcj9dlrzPCBVG4=", "parent": "S5jvF8HlmLvBxjERXgBCYm1M/GPQBuOxef9Rwa5UXRA="}
2022-11-28T20:41:47.788Z	DEBUG	replica=4	coded-hotterstuff/consensus.go:676	received vote	{"CURRENT VIEW": 10, "msg": "vote", "voter": 4, "view": 10, "hash": "Gymi6tg4A5LZy8aiMG6k221RFpMttMcj9dlrzPCBVG4="}
2022-11-28T20:41:47.794Z	DEBUG	replica=4	coded-hotterstuff/consensus.go:676	received vote	{"CURRENT VIEW": 10, "msg": "vote", "voter": 3, "view": 10, "hash": "Gymi6tg4A5LZy8aiMG6k221RFpMttMcj9dlrzPCBVG4="}
Node  4 +1 block finalized at time:  2022-11-28 20:41:47.799673728 +0000 UTC m=+8.505335701
2022-11-28T20:41:47.834Z	DEBUG	replica=4	coded-hotterstuff/consensus.go:676	received vote	{"CURRENT VIEW": 10, "msg": "vote", "voter": 6, "view": 10, "hash": "Gymi6tg4A5LZy8aiMG6k221RFpMttMcj9dlrzPCBVG4="}
2022-11-28T20:41:47.841Z	DEBUG	replica=4	coded-hotterstuff/consensus.go:676	received vote	{"CURRENT VIEW": 10, "msg": "vote", "voter": 5, "view": 10, "hash": "Gymi6tg4A5LZy8aiMG6k221RFpMttMcj9dlrzPCBVG4="}
2022-11-28T20:41:48.061Z	DEBUG	replica=4	coded-hotterstuff/consensus.go:676	received vote	{"CURRENT VIEW": 10, "msg": "vote", "voter": 0, "view": 10, "hash": "Gymi6tg4A5LZy8aiMG6k221RFpMttMcj9dlrzPCBVG4="}
2022-11-28T20:41:48.067Z	DEBUG	replica=4	coded-hotterstuff/consensus.go:519	new block certified	{"CURRENT VIEW": 10, "view": 10, "hash": "Gymi6tg4A5LZy8aiMG6k221RFpMttMcj9dlrzPCBVG4="}
2022-11-28T20:41:48.067Z	DEBUG	replica=4	coded-hotterstuff/consensus.go:220	entered new view	{"CURRENT VIEW": 11, "view timeout": 2, "timedout": false}
2022-11-28T20:41:48.067Z	DEBUG	replica=4	coded-hotterstuff/consensus.go:244	replica is a leader for this view. waiting for data	{"CURRENT VIEW": 11}
2022-11-28T20:41:48.067Z	DEBUG	replica=4	coded-hotterstuff/consensus.go:220	entered new view	{"CURRENT VIEW": 11, "view timeout": 2, "timedout": false}
2022-11-28T20:41:48.067Z	DEBUG	replica=4	coded-hotterstuff/consensus.go:244	replica is a leader for this view. waiting for data	{"CURRENT VIEW": 11}
2022-11-28T20:41:48.067Z	DEBUG	replica=4	coded-hotterstuff/consensus.go:676	received vote	{"CURRENT VIEW": 11, "msg": "vote", "voter": 1, "view": 11, "hash": "Gymi6tg4A5LZy8aiMG6k221RFpMttMcj9dlrzPCBVG4="}
2022-11-28T20:41:48.073Z	DEBUG	replica=4	coded-hotterstuff/consensus.go:220	entered new view	{"CURRENT VIEW": 11, "view timeout": 2, "timedout": false}
2022-11-28T20:41:48.073Z	DEBUG	replica=4	coded-hotterstuff/consensus.go:244	replica is a leader for this view. waiting for data	{"CURRENT VIEW": 11}
2022-11-28T20:41:48.075Z	DEBUG	replica=4	coded-hotterstuff/consensus.go:152	sending proposal	{"CURRENT VIEW": 11, "hash": "JHDKbuvn/qlEbMiFGVnXE7z7VfFJm3NDC7AQEWpkt3w=", "parent": "Gymi6tg4A5LZy8aiMG6k221RFpMttMcj9dlrzPCBVG4=", "signer": 4}
2022-11-28T20:41:48.075Z	DEBUG	replica=4	coded-hotterstuff/consensus.go:285	received proposal, called onProposal	{"CURRENT VIEW": 11, "msg": "proposal", "header view": 11, "prepare view": 10, "hash": "JHDKbuvn/qlEbMiFGVnXE7z7VfFJm3NDC7AQEWpkt3w=", "parent": "Gymi6tg4A5LZy8aiMG6k221RFpMttMcj9dlrzPCBVG4="}
2022-11-28T20:41:48.083Z	DEBUG	replica=4	coded-hotterstuff/consensus.go:498	new block locked	{"CURRENT VIEW": 11, "view": 9, "hash": "S5jvF8HlmLvBxjERXgBCYm1M/GPQBuOxef9Rwa5UXRA="}
2022-11-28T20:41:48.083Z	INFO	replica=4	coded-hotterstuff/consensus.go:507	new block commited	{"CURRENT VIEW": 11, "view": 8, "hash": "CdTNHG77L/KNb6fxbFkMI5vefUtOuAcj6xhNSmb/gws="}
2022-11-28T20:41:48.083Z	DEBUG	replica=4	coded-hotterstuff/consensus.go:392	proposal is safe to vote on	{"CURRENT VIEW": 11, "msg": "proposal", "header view": 11, "prepare view": 10, "hash": "JHDKbuvn/qlEbMiFGVnXE7z7VfFJm3NDC7AQEWpkt3w=", "parent": "Gymi6tg4A5LZy8aiMG6k221RFpMttMcj9dlrzPCBVG4="}
Node  4 +1 block finalized at time:  2022-11-28 20:41:48.085818939 +0000 UTC m=+8.791480909
2022-11-28T20:41:48.129Z	DEBUG	replica=4	coded-hotterstuff/consensus.go:676	received vote	{"CURRENT VIEW": 11, "msg": "vote", "voter": 2, "view": 11, "hash": "Gymi6tg4A5LZy8aiMG6k221RFpMttMcj9dlrzPCBVG4="}
2022-11-28T20:41:48.134Z	DEBUG	replica=4	coded-hotterstuff/consensus.go:220	entered new view	{"CURRENT VIEW": 11, "view timeout": 2, "timedout": false}
2022-11-28T20:41:48.134Z	DEBUG	replica=4	coded-hotterstuff/consensus.go:244	replica is a leader for this view. waiting for data	{"CURRENT VIEW": 11}
2022-11-28T20:41:48.138Z	DEBUG	replica=4	coded-hotterstuff/consensus.go:152	sending proposal	{"CURRENT VIEW": 11, "hash": "JHDKbuvn/qlEbMiFGVnXE7z7VfFJm3NDC7AQEWpkt3w=", "parent": "Gymi6tg4A5LZy8aiMG6k221RFpMttMcj9dlrzPCBVG4=", "signer": 4}
2022-11-28T20:41:48.138Z	DEBUG	replica=4	coded-hotterstuff/consensus.go:285	received proposal, called onProposal	{"CURRENT VIEW": 11, "msg": "proposal", "header view": 11, "prepare view": 10, "hash": "JHDKbuvn/qlEbMiFGVnXE7z7VfFJm3NDC7AQEWpkt3w=", "parent": "Gymi6tg4A5LZy8aiMG6k221RFpMttMcj9dlrzPCBVG4="}
2022-11-28T20:41:48.167Z	DEBUG	replica=4	coded-hotterstuff/consensus.go:285	received proposal, called onProposal	{"CURRENT VIEW": 11, "msg": "proposal", "header view": 10, "prepare view": 10, "hash": "Gymi6tg4A5LZy8aiMG6k221RFpMttMcj9dlrzPCBVG4=", "parent": "S5jvF8HlmLvBxjERXgBCYm1M/GPQBuOxef9Rwa5UXRA="}
2022-11-28T20:41:48.182Z	DEBUG	replica=4	coded-hotterstuff/consensus.go:377	proposal view doesn't match local view	{"CURRENT VIEW": 11, "msg": "proposal", "header view": 10, "prepare view": 10, "hash": "Gymi6tg4A5LZy8aiMG6k221RFpMttMcj9dlrzPCBVG4=", "parent": "S5jvF8HlmLvBxjERXgBCYm1M/GPQBuOxef9Rwa5UXRA="}
2022-11-28T20:41:48.655Z	DEBUG	replica=4	coded-hotterstuff/consensus.go:285	received proposal, called onProposal	{"CURRENT VIEW": 11, "msg": "proposal", "header view": 10, "prepare view": 10, "hash": "Gymi6tg4A5LZy8aiMG6k221RFpMttMcj9dlrzPCBVG4=", "parent": "S5jvF8HlmLvBxjERXgBCYm1M/GPQBuOxef9Rwa5UXRA="}
2022-11-28T20:41:48.667Z	DEBUG	replica=4	coded-hotterstuff/consensus.go:377	proposal view doesn't match local view	{"CURRENT VIEW": 11, "msg": "proposal", "header view": 10, "prepare view": 10, "hash": "Gymi6tg4A5LZy8aiMG6k221RFpMttMcj9dlrzPCBVG4=", "parent": "S5jvF8HlmLvBxjERXgBCYm1M/GPQBuOxef9Rwa5UXRA="}
2022-11-28T20:41:49.430Z	DEBUG	replica=4	coded-hotterstuff/consensus.go:285	received proposal, called onProposal	{"CURRENT VIEW": 11, "msg": "proposal", "header view": 12, "prepare view": 10, "hash": "4aSlzOy0O5eyJna+iDXBFpIuUaKvoAYyhK6f3aYA32A=", "parent": "JHDKbuvn/qlEbMiFGVnXE7z7VfFJm3NDC7AQEWpkt3w="}
2022-11-28T20:41:49.437Z	DEBUG	replica=4	coded-hotterstuff/consensus.go:519	new block certified	{"CURRENT VIEW": 11, "view": 11, "hash": "JHDKbuvn/qlEbMiFGVnXE7z7VfFJm3NDC7AQEWpkt3w="}
2022-11-28T20:41:49.437Z	DEBUG	replica=4	coded-hotterstuff/consensus.go:220	entered new view	{"CURRENT VIEW": 12, "view timeout": 2, "timedout": false}
2022-11-28T20:41:49.438Z	DEBUG	replica=4	coded-hotterstuff/consensus.go:498	new block locked	{"CURRENT VIEW": 12, "view": 10, "hash": "Gymi6tg4A5LZy8aiMG6k221RFpMttMcj9dlrzPCBVG4="}
2022-11-28T20:41:49.438Z	INFO	replica=4	coded-hotterstuff/consensus.go:507	new block commited	{"CURRENT VIEW": 12, "view": 9, "hash": "S5jvF8HlmLvBxjERXgBCYm1M/GPQBuOxef9Rwa5UXRA="}
2022-11-28T20:41:49.439Z	DEBUG	replica=4	coded-hotterstuff/consensus.go:392	proposal is safe to vote on	{"CURRENT VIEW": 11, "msg": "proposal", "header view": 12, "prepare view": 10, "hash": "4aSlzOy0O5eyJna+iDXBFpIuUaKvoAYyhK6f3aYA32A=", "parent": "JHDKbuvn/qlEbMiFGVnXE7z7VfFJm3NDC7AQEWpkt3w="}
Node  4 +1 block finalized at time:  2022-11-28 20:41:49.441193528 +0000 UTC m=+10.146855495
2022-11-28T20:41:49.919Z	DEBUG	replica=4	coded-hotterstuff/consensus.go:285	received proposal, called onProposal	{"CURRENT VIEW": 12, "msg": "proposal", "header view": 12, "prepare view": 11, "hash": "4aSlzOy0O5eyJna+iDXBFpIuUaKvoAYyhK6f3aYA32A=", "parent": "JHDKbuvn/qlEbMiFGVnXE7z7VfFJm3NDC7AQEWpkt3w="}
2022-11-28T20:41:50.017Z	DEBUG	replica=4	coded-hotterstuff/consensus.go:285	received proposal, called onProposal	{"CURRENT VIEW": 12, "msg": "proposal", "header view": 13, "prepare view": 11, "hash": "N0cMWKpZHmTkF/OJGwaFHU4Y2cZrG1h733+F25H9V6E=", "parent": "4aSlzOy0O5eyJna+iDXBFpIuUaKvoAYyhK6f3aYA32A="}
2022-11-28T20:41:50.031Z	DEBUG	replica=4	coded-hotterstuff/consensus.go:519	new block certified	{"CURRENT VIEW": 12, "view": 12, "hash": "4aSlzOy0O5eyJna+iDXBFpIuUaKvoAYyhK6f3aYA32A="}
2022-11-28T20:41:50.031Z	DEBUG	replica=4	coded-hotterstuff/consensus.go:220	entered new view	{"CURRENT VIEW": 13, "view timeout": 2, "timedout": false}
2022-11-28T20:41:50.031Z	DEBUG	replica=4	coded-hotterstuff/consensus.go:498	new block locked	{"CURRENT VIEW": 13, "view": 11, "hash": "JHDKbuvn/qlEbMiFGVnXE7z7VfFJm3NDC7AQEWpkt3w="}
2022-11-28T20:41:50.031Z	INFO	replica=4	coded-hotterstuff/consensus.go:507	new block commited	{"CURRENT VIEW": 13, "view": 10, "hash": "Gymi6tg4A5LZy8aiMG6k221RFpMttMcj9dlrzPCBVG4="}
2022-11-28T20:41:50.032Z	DEBUG	replica=4	coded-hotterstuff/consensus.go:392	proposal is safe to vote on	{"CURRENT VIEW": 12, "msg": "proposal", "header view": 13, "prepare view": 11, "hash": "N0cMWKpZHmTkF/OJGwaFHU4Y2cZrG1h733+F25H9V6E=", "parent": "4aSlzOy0O5eyJna+iDXBFpIuUaKvoAYyhK6f3aYA32A="}
Node  4 +1 block finalized at time:  2022-11-28 20:41:50.036233578 +0000 UTC m=+10.741895541
2022-11-28T20:41:50.263Z	DEBUG	replica=4	coded-hotterstuff/consensus.go:285	received proposal, called onProposal	{"CURRENT VIEW": 13, "msg": "proposal", "header view": 12, "prepare view": 12, "hash": "4aSlzOy0O5eyJna+iDXBFpIuUaKvoAYyhK6f3aYA32A=", "parent": "JHDKbuvn/qlEbMiFGVnXE7z7VfFJm3NDC7AQEWpkt3w="}
2022-11-28T20:41:50.271Z	DEBUG	replica=4	coded-hotterstuff/consensus.go:377	proposal view doesn't match local view	{"CURRENT VIEW": 13, "msg": "proposal", "header view": 12, "prepare view": 12, "hash": "4aSlzOy0O5eyJna+iDXBFpIuUaKvoAYyhK6f3aYA32A=", "parent": "JHDKbuvn/qlEbMiFGVnXE7z7VfFJm3NDC7AQEWpkt3w="}
2022-11-28T20:41:50.631Z	DEBUG	replica=4	coded-hotterstuff/consensus.go:285	received proposal, called onProposal	{"CURRENT VIEW": 13, "msg": "proposal", "header view": 14, "prepare view": 12, "hash": "s0+dCVQ5w8iE2Z+DCswdFLdP8QD8T++9aicJwYKZbok=", "parent": "N0cMWKpZHmTkF/OJGwaFHU4Y2cZrG1h733+F25H9V6E="}
2022-11-28T20:41:50.643Z	DEBUG	replica=4	coded-hotterstuff/consensus.go:519	new block certified	{"CURRENT VIEW": 13, "view": 13, "hash": "N0cMWKpZHmTkF/OJGwaFHU4Y2cZrG1h733+F25H9V6E="}
2022-11-28T20:41:50.643Z	DEBUG	replica=4	coded-hotterstuff/consensus.go:220	entered new view	{"CURRENT VIEW": 14, "view timeout": 2, "timedout": false}
2022-11-28T20:41:50.643Z	DEBUG	replica=4	coded-hotterstuff/consensus.go:498	new block locked	{"CURRENT VIEW": 14, "view": 12, "hash": "4aSlzOy0O5eyJna+iDXBFpIuUaKvoAYyhK6f3aYA32A="}
2022-11-28T20:41:50.643Z	INFO	replica=4	coded-hotterstuff/consensus.go:507	new block commited	{"CURRENT VIEW": 14, "view": 11, "hash": "JHDKbuvn/qlEbMiFGVnXE7z7VfFJm3NDC7AQEWpkt3w="}
2022-11-28T20:41:50.659Z	DEBUG	replica=4	coded-hotterstuff/consensus.go:392	proposal is safe to vote on	{"CURRENT VIEW": 13, "msg": "proposal", "header view": 14, "prepare view": 12, "hash": "s0+dCVQ5w8iE2Z+DCswdFLdP8QD8T++9aicJwYKZbok=", "parent": "N0cMWKpZHmTkF/OJGwaFHU4Y2cZrG1h733+F25H9V6E="}
Node  4 +1 block finalized at time:  2022-11-28 20:41:50.662773549 +0000 UTC m=+11.368435515
2022-11-28T20:41:51.117Z	DEBUG	replica=4	coded-hotterstuff/consensus.go:285	received proposal, called onProposal	{"CURRENT VIEW": 14, "msg": "proposal", "header view": 14, "prepare view": 13, "hash": "s0+dCVQ5w8iE2Z+DCswdFLdP8QD8T++9aicJwYKZbok=", "parent": "N0cMWKpZHmTkF/OJGwaFHU4Y2cZrG1h733+F25H9V6E="}
2022-11-28T20:41:51.391Z	DEBUG	replica=4	coded-hotterstuff/consensus.go:285	received proposal, called onProposal	{"CURRENT VIEW": 14, "msg": "proposal", "header view": 15, "prepare view": 13, "hash": "yki5uJhKgjQT5iLa3NRfkhkCHcRSab0ctor/KqZboNA=", "parent": "s0+dCVQ5w8iE2Z+DCswdFLdP8QD8T++9aicJwYKZbok="}
2022-11-28T20:41:51.403Z	DEBUG	replica=4	coded-hotterstuff/consensus.go:519	new block certified	{"CURRENT VIEW": 14, "view": 14, "hash": "s0+dCVQ5w8iE2Z+DCswdFLdP8QD8T++9aicJwYKZbok="}
2022-11-28T20:41:51.403Z	DEBUG	replica=4	coded-hotterstuff/consensus.go:220	entered new view	{"CURRENT VIEW": 15, "view timeout": 2, "timedout": false}
2022-11-28T20:41:51.403Z	DEBUG	replica=4	coded-hotterstuff/consensus.go:498	new block locked	{"CURRENT VIEW": 15, "view": 13, "hash": "N0cMWKpZHmTkF/OJGwaFHU4Y2cZrG1h733+F25H9V6E="}
2022-11-28T20:41:51.403Z	INFO	replica=4	coded-hotterstuff/consensus.go:507	new block commited	{"CURRENT VIEW": 15, "view": 12, "hash": "4aSlzOy0O5eyJna+iDXBFpIuUaKvoAYyhK6f3aYA32A="}
2022-11-28T20:41:51.407Z	DEBUG	replica=4	coded-hotterstuff/consensus.go:392	proposal is safe to vote on	{"CURRENT VIEW": 14, "msg": "proposal", "header view": 15, "prepare view": 13, "hash": "yki5uJhKgjQT5iLa3NRfkhkCHcRSab0ctor/KqZboNA=", "parent": "s0+dCVQ5w8iE2Z+DCswdFLdP8QD8T++9aicJwYKZbok="}
Node  4 +1 block finalized at time:  2022-11-28 20:41:51.410569275 +0000 UTC m=+12.116231247
2022-11-28T20:41:51.884Z	DEBUG	replica=4	coded-hotterstuff/consensus.go:285	received proposal, called onProposal	{"CURRENT VIEW": 15, "msg": "proposal", "header view": 15, "prepare view": 14, "hash": "yki5uJhKgjQT5iLa3NRfkhkCHcRSab0ctor/KqZboNA=", "parent": "s0+dCVQ5w8iE2Z+DCswdFLdP8QD8T++9aicJwYKZbok="}
2022-11-28T20:41:51.960Z	DEBUG	replica=4	coded-hotterstuff/consensus.go:285	received proposal, called onProposal	{"CURRENT VIEW": 15, "msg": "proposal", "header view": 16, "prepare view": 14, "hash": "PAOswJ5F5FKLEprAJ1SnuPasqGFIM2uhNIcdZdMfaCw=", "parent": "yki5uJhKgjQT5iLa3NRfkhkCHcRSab0ctor/KqZboNA="}
2022-11-28T20:41:51.974Z	DEBUG	replica=4	coded-hotterstuff/consensus.go:519	new block certified	{"CURRENT VIEW": 15, "view": 15, "hash": "yki5uJhKgjQT5iLa3NRfkhkCHcRSab0ctor/KqZboNA="}
2022-11-28T20:41:51.974Z	DEBUG	replica=4	coded-hotterstuff/consensus.go:220	entered new view	{"CURRENT VIEW": 16, "view timeout": 2, "timedout": false}
2022-11-28T20:41:51.974Z	DEBUG	replica=4	coded-hotterstuff/consensus.go:498	new block locked	{"CURRENT VIEW": 16, "view": 14, "hash": "s0+dCVQ5w8iE2Z+DCswdFLdP8QD8T++9aicJwYKZbok="}
2022-11-28T20:41:51.975Z	INFO	replica=4	coded-hotterstuff/consensus.go:507	new block commited	{"CURRENT VIEW": 16, "view": 13, "hash": "N0cMWKpZHmTkF/OJGwaFHU4Y2cZrG1h733+F25H9V6E="}
2022-11-28T20:41:51.975Z	DEBUG	replica=4	coded-hotterstuff/consensus.go:392	proposal is safe to vote on	{"CURRENT VIEW": 15, "msg": "proposal", "header view": 16, "prepare view": 14, "hash": "PAOswJ5F5FKLEprAJ1SnuPasqGFIM2uhNIcdZdMfaCw=", "parent": "yki5uJhKgjQT5iLa3NRfkhkCHcRSab0ctor/KqZboNA="}
Node  4 +1 block finalized at time:  2022-11-28 20:41:51.978686583 +0000 UTC m=+12.684348554
2022-11-28T20:41:52.293Z	DEBUG	replica=4	coded-hotterstuff/consensus.go:285	received proposal, called onProposal	{"CURRENT VIEW": 16, "msg": "proposal", "header view": 15, "prepare view": 15, "hash": "yki5uJhKgjQT5iLa3NRfkhkCHcRSab0ctor/KqZboNA=", "parent": "s0+dCVQ5w8iE2Z+DCswdFLdP8QD8T++9aicJwYKZbok="}
2022-11-28T20:41:52.305Z	DEBUG	replica=4	coded-hotterstuff/consensus.go:377	proposal view doesn't match local view	{"CURRENT VIEW": 16, "msg": "proposal", "header view": 15, "prepare view": 15, "hash": "yki5uJhKgjQT5iLa3NRfkhkCHcRSab0ctor/KqZboNA=", "parent": "s0+dCVQ5w8iE2Z+DCswdFLdP8QD8T++9aicJwYKZbok="}
2022-11-28T20:41:52.379Z	DEBUG	replica=4	coded-hotterstuff/consensus.go:285	received proposal, called onProposal	{"CURRENT VIEW": 16, "msg": "proposal", "header view": 16, "prepare view": 15, "hash": "PAOswJ5F5FKLEprAJ1SnuPasqGFIM2uhNIcdZdMfaCw=", "parent": "yki5uJhKgjQT5iLa3NRfkhkCHcRSab0ctor/KqZboNA="}
2022-11-28T20:41:52.541Z	DEBUG	replica=4	coded-hotterstuff/consensus.go:285	received proposal, called onProposal	{"CURRENT VIEW": 16, "msg": "proposal", "header view": 17, "prepare view": 15, "hash": "fbyAo5VKEVdmy5epf95saK65Dkgc3+iXrMxeW3XrK2g=", "parent": "PAOswJ5F5FKLEprAJ1SnuPasqGFIM2uhNIcdZdMfaCw="}
2022-11-28T20:41:52.550Z	DEBUG	replica=4	coded-hotterstuff/consensus.go:519	new block certified	{"CURRENT VIEW": 16, "view": 16, "hash": "PAOswJ5F5FKLEprAJ1SnuPasqGFIM2uhNIcdZdMfaCw="}
2022-11-28T20:41:52.550Z	DEBUG	replica=4	coded-hotterstuff/consensus.go:220	entered new view	{"CURRENT VIEW": 17, "view timeout": 2, "timedout": false}
2022-11-28T20:41:52.550Z	DEBUG	replica=4	coded-hotterstuff/consensus.go:235	replica is a leader for next view. collecting new-view messages	{"CURRENT VIEW": 17}
2022-11-28T20:41:52.550Z	DEBUG	replica=4	coded-hotterstuff/consensus.go:498	new block locked	{"CURRENT VIEW": 17, "view": 15, "hash": "yki5uJhKgjQT5iLa3NRfkhkCHcRSab0ctor/KqZboNA="}
2022-11-28T20:41:52.550Z	INFO	replica=4	coded-hotterstuff/consensus.go:507	new block commited	{"CURRENT VIEW": 17, "view": 14, "hash": "s0+dCVQ5w8iE2Z+DCswdFLdP8QD8T++9aicJwYKZbok="}
2022-11-28T20:41:52.552Z	DEBUG	replica=4	coded-hotterstuff/consensus.go:392	proposal is safe to vote on	{"CURRENT VIEW": 16, "msg": "proposal", "header view": 17, "prepare view": 15, "hash": "fbyAo5VKEVdmy5epf95saK65Dkgc3+iXrMxeW3XrK2g=", "parent": "PAOswJ5F5FKLEprAJ1SnuPasqGFIM2uhNIcdZdMfaCw="}
2022-11-28T20:41:52.555Z	DEBUG	replica=4	coded-hotterstuff/consensus.go:676	received vote	{"CURRENT VIEW": 17, "msg": "vote", "voter": 4, "view": 17, "hash": "fbyAo5VKEVdmy5epf95saK65Dkgc3+iXrMxeW3XrK2g="}
2022-11-28T20:41:52.560Z	DEBUG	replica=4	coded-hotterstuff/consensus.go:676	received vote	{"CURRENT VIEW": 17, "msg": "vote", "voter": 3, "view": 17, "hash": "fbyAo5VKEVdmy5epf95saK65Dkgc3+iXrMxeW3XrK2g="}
Node  4 +1 block finalized at time:  2022-11-28 20:41:52.568586316 +0000 UTC m=+13.274248284
2022-11-28T20:41:52.609Z	DEBUG	replica=4	coded-hotterstuff/consensus.go:676	received vote	{"CURRENT VIEW": 17, "msg": "vote", "voter": 6, "view": 17, "hash": "fbyAo5VKEVdmy5epf95saK65Dkgc3+iXrMxeW3XrK2g="}
2022-11-28T20:41:52.615Z	DEBUG	replica=4	coded-hotterstuff/consensus.go:676	received vote	{"CURRENT VIEW": 17, "msg": "vote", "voter": 5, "view": 17, "hash": "fbyAo5VKEVdmy5epf95saK65Dkgc3+iXrMxeW3XrK2g="}
2022-11-28T20:41:52.625Z	DEBUG	replica=4	coded-hotterstuff/consensus.go:676	received vote	{"CURRENT VIEW": 17, "msg": "vote", "voter": 0, "view": 17, "hash": "fbyAo5VKEVdmy5epf95saK65Dkgc3+iXrMxeW3XrK2g="}
2022-11-28T20:41:52.631Z	DEBUG	replica=4	coded-hotterstuff/consensus.go:519	new block certified	{"CURRENT VIEW": 17, "view": 17, "hash": "fbyAo5VKEVdmy5epf95saK65Dkgc3+iXrMxeW3XrK2g="}
2022-11-28T20:41:52.631Z	DEBUG	replica=4	coded-hotterstuff/consensus.go:220	entered new view	{"CURRENT VIEW": 18, "view timeout": 2, "timedout": false}
2022-11-28T20:41:52.631Z	DEBUG	replica=4	coded-hotterstuff/consensus.go:244	replica is a leader for this view. waiting for data	{"CURRENT VIEW": 18}
2022-11-28T20:41:52.631Z	DEBUG	replica=4	coded-hotterstuff/consensus.go:220	entered new view	{"CURRENT VIEW": 18, "view timeout": 2, "timedout": false}
2022-11-28T20:41:52.631Z	DEBUG	replica=4	coded-hotterstuff/consensus.go:244	replica is a leader for this view. waiting for data	{"CURRENT VIEW": 18}
2022-11-28T20:41:52.634Z	DEBUG	replica=4	coded-hotterstuff/consensus.go:152	sending proposal	{"CURRENT VIEW": 18, "hash": "6UfBJLlIX1wd3MF43w68SPyfPsdwcfzWodH+19bgzRM=", "parent": "fbyAo5VKEVdmy5epf95saK65Dkgc3+iXrMxeW3XrK2g=", "signer": 4}
2022-11-28T20:41:52.634Z	DEBUG	replica=4	coded-hotterstuff/consensus.go:285	received proposal, called onProposal	{"CURRENT VIEW": 18, "msg": "proposal", "header view": 18, "prepare view": 17, "hash": "6UfBJLlIX1wd3MF43w68SPyfPsdwcfzWodH+19bgzRM=", "parent": "fbyAo5VKEVdmy5epf95saK65Dkgc3+iXrMxeW3XrK2g="}
2022-11-28T20:41:52.642Z	DEBUG	replica=4	coded-hotterstuff/consensus.go:498	new block locked	{"CURRENT VIEW": 18, "view": 16, "hash": "PAOswJ5F5FKLEprAJ1SnuPasqGFIM2uhNIcdZdMfaCw="}
2022-11-28T20:41:52.642Z	INFO	replica=4	coded-hotterstuff/consensus.go:507	new block commited	{"CURRENT VIEW": 18, "view": 15, "hash": "yki5uJhKgjQT5iLa3NRfkhkCHcRSab0ctor/KqZboNA="}
2022-11-28T20:41:52.643Z	DEBUG	replica=4	coded-hotterstuff/consensus.go:392	proposal is safe to vote on	{"CURRENT VIEW": 18, "msg": "proposal", "header view": 18, "prepare view": 17, "hash": "6UfBJLlIX1wd3MF43w68SPyfPsdwcfzWodH+19bgzRM=", "parent": "fbyAo5VKEVdmy5epf95saK65Dkgc3+iXrMxeW3XrK2g="}
Node  4 +1 block finalized at time:  2022-11-28 20:41:52.64535545 +0000 UTC m=+13.351017419
2022-11-28T20:41:52.775Z	DEBUG	replica=4	coded-hotterstuff/consensus.go:676	received vote	{"CURRENT VIEW": 18, "msg": "vote", "voter": 2, "view": 18, "hash": "fbyAo5VKEVdmy5epf95saK65Dkgc3+iXrMxeW3XrK2g="}
2022-11-28T20:41:52.782Z	DEBUG	replica=4	coded-hotterstuff/consensus.go:220	entered new view	{"CURRENT VIEW": 18, "view timeout": 2, "timedout": false}
2022-11-28T20:41:52.782Z	DEBUG	replica=4	coded-hotterstuff/consensus.go:244	replica is a leader for this view. waiting for data	{"CURRENT VIEW": 18}
2022-11-28T20:41:52.786Z	DEBUG	replica=4	coded-hotterstuff/consensus.go:152	sending proposal	{"CURRENT VIEW": 18, "hash": "6UfBJLlIX1wd3MF43w68SPyfPsdwcfzWodH+19bgzRM=", "parent": "fbyAo5VKEVdmy5epf95saK65Dkgc3+iXrMxeW3XrK2g=", "signer": 4}
2022-11-28T20:41:52.786Z	DEBUG	replica=4	coded-hotterstuff/consensus.go:285	received proposal, called onProposal	{"CURRENT VIEW": 18, "msg": "proposal", "header view": 18, "prepare view": 17, "hash": "6UfBJLlIX1wd3MF43w68SPyfPsdwcfzWodH+19bgzRM=", "parent": "fbyAo5VKEVdmy5epf95saK65Dkgc3+iXrMxeW3XrK2g="}
2022-11-28T20:41:52.869Z	DEBUG	replica=4	coded-hotterstuff/consensus.go:676	received vote	{"CURRENT VIEW": 18, "msg": "vote", "voter": 1, "view": 18, "hash": "fbyAo5VKEVdmy5epf95saK65Dkgc3+iXrMxeW3XrK2g="}
2022-11-28T20:41:52.875Z	DEBUG	replica=4	coded-hotterstuff/consensus.go:220	entered new view	{"CURRENT VIEW": 18, "view timeout": 2, "timedout": false}
2022-11-28T20:41:52.875Z	DEBUG	replica=4	coded-hotterstuff/consensus.go:244	replica is a leader for this view. waiting for data	{"CURRENT VIEW": 18}
2022-11-28T20:41:52.879Z	DEBUG	replica=4	coded-hotterstuff/consensus.go:152	sending proposal	{"CURRENT VIEW": 18, "hash": "6UfBJLlIX1wd3MF43w68SPyfPsdwcfzWodH+19bgzRM=", "parent": "fbyAo5VKEVdmy5epf95saK65Dkgc3+iXrMxeW3XrK2g=", "signer": 4}
2022-11-28T20:41:52.879Z	DEBUG	replica=4	coded-hotterstuff/consensus.go:285	received proposal, called onProposal	{"CURRENT VIEW": 18, "msg": "proposal", "header view": 18, "prepare view": 17, "hash": "6UfBJLlIX1wd3MF43w68SPyfPsdwcfzWodH+19bgzRM=", "parent": "fbyAo5VKEVdmy5epf95saK65Dkgc3+iXrMxeW3XrK2g="}
2022-11-28T20:41:53.084Z	DEBUG	replica=4	coded-hotterstuff/consensus.go:285	received proposal, called onProposal	{"CURRENT VIEW": 18, "msg": "proposal", "header view": 17, "prepare view": 17, "hash": "fbyAo5VKEVdmy5epf95saK65Dkgc3+iXrMxeW3XrK2g=", "parent": "PAOswJ5F5FKLEprAJ1SnuPasqGFIM2uhNIcdZdMfaCw="}
2022-11-28T20:41:53.094Z	DEBUG	replica=4	coded-hotterstuff/consensus.go:377	proposal view doesn't match local view	{"CURRENT VIEW": 18, "msg": "proposal", "header view": 17, "prepare view": 17, "hash": "fbyAo5VKEVdmy5epf95saK65Dkgc3+iXrMxeW3XrK2g=", "parent": "PAOswJ5F5FKLEprAJ1SnuPasqGFIM2uhNIcdZdMfaCw="}
2022-11-28T20:41:53.618Z	DEBUG	replica=4	coded-hotterstuff/consensus.go:285	received proposal, called onProposal	{"CURRENT VIEW": 18, "msg": "proposal", "header view": 17, "prepare view": 17, "hash": "fbyAo5VKEVdmy5epf95saK65Dkgc3+iXrMxeW3XrK2g=", "parent": "PAOswJ5F5FKLEprAJ1SnuPasqGFIM2uhNIcdZdMfaCw="}
2022-11-28T20:41:53.630Z	DEBUG	replica=4	coded-hotterstuff/consensus.go:377	proposal view doesn't match local view	{"CURRENT VIEW": 18, "msg": "proposal", "header view": 17, "prepare view": 17, "hash": "fbyAo5VKEVdmy5epf95saK65Dkgc3+iXrMxeW3XrK2g=", "parent": "PAOswJ5F5FKLEprAJ1SnuPasqGFIM2uhNIcdZdMfaCw="}
2022-11-28T20:41:54.624Z	DEBUG	replica=4	coded-hotterstuff/consensus.go:285	received proposal, called onProposal	{"CURRENT VIEW": 18, "msg": "proposal", "header view": 19, "prepare view": 17, "hash": "uSmPJ2ljy8Cf/kVdYaizGHLR6BOCKJsjlWDpYp2SPg4=", "parent": "6UfBJLlIX1wd3MF43w68SPyfPsdwcfzWodH+19bgzRM="}
2022-11-28T20:41:54.639Z	DEBUG	replica=4	coded-hotterstuff/consensus.go:519	new block certified	{"CURRENT VIEW": 18, "view": 18, "hash": "6UfBJLlIX1wd3MF43w68SPyfPsdwcfzWodH+19bgzRM="}
2022-11-28T20:41:54.639Z	DEBUG	replica=4	coded-hotterstuff/consensus.go:220	entered new view	{"CURRENT VIEW": 19, "view timeout": 2, "timedout": false}
2022-11-28T20:41:54.640Z	DEBUG	replica=4	coded-hotterstuff/consensus.go:498	new block locked	{"CURRENT VIEW": 19, "view": 17, "hash": "fbyAo5VKEVdmy5epf95saK65Dkgc3+iXrMxeW3XrK2g="}
2022-11-28T20:41:54.640Z	INFO	replica=4	coded-hotterstuff/consensus.go:507	new block commited	{"CURRENT VIEW": 19, "view": 16, "hash": "PAOswJ5F5FKLEprAJ1SnuPasqGFIM2uhNIcdZdMfaCw="}
2022-11-28T20:41:54.644Z	DEBUG	replica=4	coded-hotterstuff/consensus.go:392	proposal is safe to vote on	{"CURRENT VIEW": 18, "msg": "proposal", "header view": 19, "prepare view": 17, "hash": "uSmPJ2ljy8Cf/kVdYaizGHLR6BOCKJsjlWDpYp2SPg4=", "parent": "6UfBJLlIX1wd3MF43w68SPyfPsdwcfzWodH+19bgzRM="}
Node  4 +1 block finalized at time:  2022-11-28 20:41:54.648559617 +0000 UTC m=+15.354221584
2022-11-28T20:41:54.967Z	DEBUG	replica=4	coded-hotterstuff/consensus.go:285	received proposal, called onProposal	{"CURRENT VIEW": 19, "msg": "proposal", "header view": 19, "prepare view": 18, "hash": "uSmPJ2ljy8Cf/kVdYaizGHLR6BOCKJsjlWDpYp2SPg4=", "parent": "6UfBJLlIX1wd3MF43w68SPyfPsdwcfzWodH+19bgzRM="}
2022-11-28T20:41:55.053Z	DEBUG	replica=4	coded-hotterstuff/consensus.go:285	received proposal, called onProposal	{"CURRENT VIEW": 19, "msg": "proposal", "header view": 20, "prepare view": 18, "hash": "Dba/D48qmB3vVH8kTd18xxswcR8z4rJnptAsC3sfvzQ=", "parent": "uSmPJ2ljy8Cf/kVdYaizGHLR6BOCKJsjlWDpYp2SPg4="}
2022-11-28T20:41:55.060Z	DEBUG	replica=4	coded-hotterstuff/consensus.go:519	new block certified	{"CURRENT VIEW": 19, "view": 19, "hash": "uSmPJ2ljy8Cf/kVdYaizGHLR6BOCKJsjlWDpYp2SPg4="}
2022-11-28T20:41:55.060Z	DEBUG	replica=4	coded-hotterstuff/consensus.go:220	entered new view	{"CURRENT VIEW": 20, "view timeout": 2, "timedout": false}
2022-11-28T20:41:55.060Z	DEBUG	replica=4	coded-hotterstuff/consensus.go:498	new block locked	{"CURRENT VIEW": 20, "view": 18, "hash": "6UfBJLlIX1wd3MF43w68SPyfPsdwcfzWodH+19bgzRM="}
2022-11-28T20:41:55.060Z	INFO	replica=4	coded-hotterstuff/consensus.go:507	new block commited	{"CURRENT VIEW": 20, "view": 17, "hash": "fbyAo5VKEVdmy5epf95saK65Dkgc3+iXrMxeW3XrK2g="}
2022-11-28T20:41:55.062Z	DEBUG	replica=4	coded-hotterstuff/consensus.go:392	proposal is safe to vote on	{"CURRENT VIEW": 19, "msg": "proposal", "header view": 20, "prepare view": 18, "hash": "Dba/D48qmB3vVH8kTd18xxswcR8z4rJnptAsC3sfvzQ=", "parent": "uSmPJ2ljy8Cf/kVdYaizGHLR6BOCKJsjlWDpYp2SPg4="}
Node  4 +1 block finalized at time:  2022-11-28 20:41:55.065468475 +0000 UTC m=+15.771130442
2022-11-28T20:41:55.504Z	DEBUG	replica=4	coded-hotterstuff/consensus.go:285	received proposal, called onProposal	{"CURRENT VIEW": 20, "msg": "proposal", "header view": 20, "prepare view": 19, "hash": "Dba/D48qmB3vVH8kTd18xxswcR8z4rJnptAsC3sfvzQ=", "parent": "uSmPJ2ljy8Cf/kVdYaizGHLR6BOCKJsjlWDpYp2SPg4="}
2022-11-28T20:41:55.908Z	DEBUG	replica=4	coded-hotterstuff/consensus.go:285	received proposal, called onProposal	{"CURRENT VIEW": 20, "msg": "proposal", "header view": 20, "prepare view": 19, "hash": "Dba/D48qmB3vVH8kTd18xxswcR8z4rJnptAsC3sfvzQ=", "parent": "uSmPJ2ljy8Cf/kVdYaizGHLR6BOCKJsjlWDpYp2SPg4="}
2022-11-28T20:41:55.923Z	DEBUG	replica=4	coded-hotterstuff/consensus.go:285	received proposal, called onProposal	{"CURRENT VIEW": 20, "msg": "proposal", "header view": 21, "prepare view": 19, "hash": "0SZBQS4E4pFqiz2KHQNDBHMPXOkDtszRUc2EO9/2gmc=", "parent": "Dba/D48qmB3vVH8kTd18xxswcR8z4rJnptAsC3sfvzQ="}
2022-11-28T20:41:55.931Z	DEBUG	replica=4	coded-hotterstuff/consensus.go:519	new block certified	{"CURRENT VIEW": 20, "view": 20, "hash": "Dba/D48qmB3vVH8kTd18xxswcR8z4rJnptAsC3sfvzQ="}
2022-11-28T20:41:55.931Z	DEBUG	replica=4	coded-hotterstuff/consensus.go:220	entered new view	{"CURRENT VIEW": 21, "view timeout": 2, "timedout": false}
2022-11-28T20:41:55.931Z	DEBUG	replica=4	coded-hotterstuff/consensus.go:498	new block locked	{"CURRENT VIEW": 21, "view": 19, "hash": "uSmPJ2ljy8Cf/kVdYaizGHLR6BOCKJsjlWDpYp2SPg4="}
2022-11-28T20:41:55.931Z	INFO	replica=4	coded-hotterstuff/consensus.go:507	new block commited	{"CURRENT VIEW": 21, "view": 18, "hash": "6UfBJLlIX1wd3MF43w68SPyfPsdwcfzWodH+19bgzRM="}
2022-11-28T20:41:55.932Z	DEBUG	replica=4	coded-hotterstuff/consensus.go:392	proposal is safe to vote on	{"CURRENT VIEW": 20, "msg": "proposal", "header view": 21, "prepare view": 19, "hash": "0SZBQS4E4pFqiz2KHQNDBHMPXOkDtszRUc2EO9/2gmc=", "parent": "Dba/D48qmB3vVH8kTd18xxswcR8z4rJnptAsC3sfvzQ="}
Node  4 +1 block finalized at time:  2022-11-28 20:41:55.934212443 +0000 UTC m=+16.639874399
2022-11-28T20:41:56.345Z	DEBUG	replica=4	coded-hotterstuff/consensus.go:285	received proposal, called onProposal	{"CURRENT VIEW": 21, "msg": "proposal", "header view": 21, "prepare view": 20, "hash": "0SZBQS4E4pFqiz2KHQNDBHMPXOkDtszRUc2EO9/2gmc=", "parent": "Dba/D48qmB3vVH8kTd18xxswcR8z4rJnptAsC3sfvzQ="}
2022-11-28T20:41:56.817Z	DEBUG	replica=4	coded-hotterstuff/consensus.go:285	received proposal, called onProposal	{"CURRENT VIEW": 21, "msg": "proposal", "header view": 21, "prepare view": 20, "hash": "0SZBQS4E4pFqiz2KHQNDBHMPXOkDtszRUc2EO9/2gmc=", "parent": "Dba/D48qmB3vVH8kTd18xxswcR8z4rJnptAsC3sfvzQ="}
2022-11-28T20:41:56.995Z	DEBUG	replica=4	coded-hotterstuff/consensus.go:285	received proposal, called onProposal	{"CURRENT VIEW": 21, "msg": "proposal", "header view": 22, "prepare view": 20, "hash": "7Bb+cvmJVOtnuxbz/jTx3aPFOlXYkwYfrDz8TccKono=", "parent": "0SZBQS4E4pFqiz2KHQNDBHMPXOkDtszRUc2EO9/2gmc="}
2022-11-28T20:41:57.008Z	DEBUG	replica=4	coded-hotterstuff/consensus.go:519	new block certified	{"CURRENT VIEW": 21, "view": 21, "hash": "0SZBQS4E4pFqiz2KHQNDBHMPXOkDtszRUc2EO9/2gmc="}
2022-11-28T20:41:57.008Z	DEBUG	replica=4	coded-hotterstuff/consensus.go:220	entered new view	{"CURRENT VIEW": 22, "view timeout": 2, "timedout": false}
2022-11-28T20:41:57.008Z	DEBUG	replica=4	coded-hotterstuff/consensus.go:498	new block locked	{"CURRENT VIEW": 22, "view": 20, "hash": "Dba/D48qmB3vVH8kTd18xxswcR8z4rJnptAsC3sfvzQ="}
2022-11-28T20:41:57.008Z	INFO	replica=4	coded-hotterstuff/consensus.go:507	new block commited	{"CURRENT VIEW": 22, "view": 19, "hash": "uSmPJ2ljy8Cf/kVdYaizGHLR6BOCKJsjlWDpYp2SPg4="}
2022-11-28T20:41:57.020Z	DEBUG	replica=4	coded-hotterstuff/consensus.go:392	proposal is safe to vote on	{"CURRENT VIEW": 21, "msg": "proposal", "header view": 22, "prepare view": 20, "hash": "7Bb+cvmJVOtnuxbz/jTx3aPFOlXYkwYfrDz8TccKono=", "parent": "0SZBQS4E4pFqiz2KHQNDBHMPXOkDtszRUc2EO9/2gmc="}
Node  4 +1 block finalized at time:  2022-11-28 20:41:57.022744639 +0000 UTC m=+17.728406596
2022-11-28T20:41:57.394Z	DEBUG	replica=4	coded-hotterstuff/consensus.go:285	received proposal, called onProposal	{"CURRENT VIEW": 22, "msg": "proposal", "header view": 22, "prepare view": 21, "hash": "7Bb+cvmJVOtnuxbz/jTx3aPFOlXYkwYfrDz8TccKono=", "parent": "0SZBQS4E4pFqiz2KHQNDBHMPXOkDtszRUc2EO9/2gmc="}
2022-11-28T20:41:57.665Z	DEBUG	replica=4	coded-hotterstuff/consensus.go:285	received proposal, called onProposal	{"CURRENT VIEW": 22, "msg": "proposal", "header view": 23, "prepare view": 21, "hash": "pmj4OJzIOBXqJKBq/WB/iFAMQJkaLhcosvbRgseJajI=", "parent": "7Bb+cvmJVOtnuxbz/jTx3aPFOlXYkwYfrDz8TccKono="}
2022-11-28T20:41:57.682Z	DEBUG	replica=4	coded-hotterstuff/consensus.go:519	new block certified	{"CURRENT VIEW": 22, "view": 22, "hash": "7Bb+cvmJVOtnuxbz/jTx3aPFOlXYkwYfrDz8TccKono="}
2022-11-28T20:41:57.682Z	DEBUG	replica=4	coded-hotterstuff/consensus.go:220	entered new view	{"CURRENT VIEW": 23, "view timeout": 2, "timedout": false}
2022-11-28T20:41:57.682Z	DEBUG	replica=4	coded-hotterstuff/consensus.go:498	new block locked	{"CURRENT VIEW": 23, "view": 21, "hash": "0SZBQS4E4pFqiz2KHQNDBHMPXOkDtszRUc2EO9/2gmc="}
2022-11-28T20:41:57.682Z	INFO	replica=4	coded-hotterstuff/consensus.go:507	new block commited	{"CURRENT VIEW": 23, "view": 20, "hash": "Dba/D48qmB3vVH8kTd18xxswcR8z4rJnptAsC3sfvzQ="}
2022-11-28T20:41:57.695Z	DEBUG	replica=4	coded-hotterstuff/consensus.go:392	proposal is safe to vote on	{"CURRENT VIEW": 22, "msg": "proposal", "header view": 23, "prepare view": 21, "hash": "pmj4OJzIOBXqJKBq/WB/iFAMQJkaLhcosvbRgseJajI=", "parent": "7Bb+cvmJVOtnuxbz/jTx3aPFOlXYkwYfrDz8TccKono="}
Node  4 +1 block finalized at time:  2022-11-28 20:41:57.697543603 +0000 UTC m=+18.403205572
2022-11-28T20:41:57.781Z	DEBUG	replica=4	coded-hotterstuff/consensus.go:285	received proposal, called onProposal	{"CURRENT VIEW": 23, "msg": "proposal", "header view": 22, "prepare view": 22, "hash": "7Bb+cvmJVOtnuxbz/jTx3aPFOlXYkwYfrDz8TccKono=", "parent": "0SZBQS4E4pFqiz2KHQNDBHMPXOkDtszRUc2EO9/2gmc="}
2022-11-28T20:41:57.794Z	DEBUG	replica=4	coded-hotterstuff/consensus.go:377	proposal view doesn't match local view	{"CURRENT VIEW": 23, "msg": "proposal", "header view": 22, "prepare view": 22, "hash": "7Bb+cvmJVOtnuxbz/jTx3aPFOlXYkwYfrDz8TccKono=", "parent": "0SZBQS4E4pFqiz2KHQNDBHMPXOkDtszRUc2EO9/2gmc="}
2022-11-28T20:41:58.107Z	DEBUG	replica=4	coded-hotterstuff/consensus.go:285	received proposal, called onProposal	{"CURRENT VIEW": 23, "msg": "proposal", "header view": 23, "prepare view": 22, "hash": "pmj4OJzIOBXqJKBq/WB/iFAMQJkaLhcosvbRgseJajI=", "parent": "7Bb+cvmJVOtnuxbz/jTx3aPFOlXYkwYfrDz8TccKono="}
2022-11-28T20:41:58.298Z	DEBUG	replica=4	coded-hotterstuff/consensus.go:285	received proposal, called onProposal	{"CURRENT VIEW": 23, "msg": "proposal", "header view": 24, "prepare view": 22, "hash": "gik/jtFw93imMquZfPKd+FqganPHYY5XCcGc1OKyfB0=", "parent": "pmj4OJzIOBXqJKBq/WB/iFAMQJkaLhcosvbRgseJajI="}
2022-11-28T20:41:58.315Z	DEBUG	replica=4	coded-hotterstuff/consensus.go:519	new block certified	{"CURRENT VIEW": 23, "view": 23, "hash": "pmj4OJzIOBXqJKBq/WB/iFAMQJkaLhcosvbRgseJajI="}
2022-11-28T20:41:58.315Z	DEBUG	replica=4	coded-hotterstuff/consensus.go:220	entered new view	{"CURRENT VIEW": 24, "view timeout": 2, "timedout": false}
2022-11-28T20:41:58.315Z	DEBUG	replica=4	coded-hotterstuff/consensus.go:235	replica is a leader for next view. collecting new-view messages	{"CURRENT VIEW": 24}
2022-11-28T20:41:58.316Z	DEBUG	replica=4	coded-hotterstuff/consensus.go:498	new block locked	{"CURRENT VIEW": 24, "view": 22, "hash": "7Bb+cvmJVOtnuxbz/jTx3aPFOlXYkwYfrDz8TccKono="}
2022-11-28T20:41:58.316Z	INFO	replica=4	coded-hotterstuff/consensus.go:507	new block commited	{"CURRENT VIEW": 24, "view": 21, "hash": "0SZBQS4E4pFqiz2KHQNDBHMPXOkDtszRUc2EO9/2gmc="}
2022-11-28T20:41:58.318Z	DEBUG	replica=4	coded-hotterstuff/consensus.go:392	proposal is safe to vote on	{"CURRENT VIEW": 23, "msg": "proposal", "header view": 24, "prepare view": 22, "hash": "gik/jtFw93imMquZfPKd+FqganPHYY5XCcGc1OKyfB0=", "parent": "pmj4OJzIOBXqJKBq/WB/iFAMQJkaLhcosvbRgseJajI="}
2022-11-28T20:41:58.321Z	DEBUG	replica=4	coded-hotterstuff/consensus.go:676	received vote	{"CURRENT VIEW": 24, "msg": "vote", "voter": 4, "view": 24, "hash": "gik/jtFw93imMquZfPKd+FqganPHYY5XCcGc1OKyfB0="}
2022-11-28T20:41:58.326Z	DEBUG	replica=4	coded-hotterstuff/consensus.go:676	received vote	{"CURRENT VIEW": 24, "msg": "vote", "voter": 3, "view": 24, "hash": "gik/jtFw93imMquZfPKd+FqganPHYY5XCcGc1OKyfB0="}
Node  4 +1 block finalized at time:  2022-11-28 20:41:58.326371981 +0000 UTC m=+19.032033948
2022-11-28T20:41:58.367Z	DEBUG	replica=4	coded-hotterstuff/consensus.go:676	received vote	{"CURRENT VIEW": 24, "msg": "vote", "voter": 0, "view": 24, "hash": "gik/jtFw93imMquZfPKd+FqganPHYY5XCcGc1OKyfB0="}
2022-11-28T20:41:58.373Z	DEBUG	replica=4	coded-hotterstuff/consensus.go:676	received vote	{"CURRENT VIEW": 24, "msg": "vote", "voter": 6, "view": 24, "hash": "gik/jtFw93imMquZfPKd+FqganPHYY5XCcGc1OKyfB0="}
2022-11-28T20:41:58.378Z	DEBUG	replica=4	coded-hotterstuff/consensus.go:676	received vote	{"CURRENT VIEW": 24, "msg": "vote", "voter": 1, "view": 24, "hash": "gik/jtFw93imMquZfPKd+FqganPHYY5XCcGc1OKyfB0="}
2022-11-28T20:41:58.384Z	DEBUG	replica=4	coded-hotterstuff/consensus.go:519	new block certified	{"CURRENT VIEW": 24, "view": 24, "hash": "gik/jtFw93imMquZfPKd+FqganPHYY5XCcGc1OKyfB0="}
2022-11-28T20:41:58.384Z	DEBUG	replica=4	coded-hotterstuff/consensus.go:220	entered new view	{"CURRENT VIEW": 25, "view timeout": 2, "timedout": false}
2022-11-28T20:41:58.384Z	DEBUG	replica=4	coded-hotterstuff/consensus.go:244	replica is a leader for this view. waiting for data	{"CURRENT VIEW": 25}
2022-11-28T20:41:58.384Z	DEBUG	replica=4	coded-hotterstuff/consensus.go:220	entered new view	{"CURRENT VIEW": 25, "view timeout": 2, "timedout": false}
2022-11-28T20:41:58.384Z	DEBUG	replica=4	coded-hotterstuff/consensus.go:244	replica is a leader for this view. waiting for data	{"CURRENT VIEW": 25}
2022-11-28T20:41:58.384Z	DEBUG	replica=4	coded-hotterstuff/consensus.go:676	received vote	{"CURRENT VIEW": 25, "msg": "vote", "voter": 5, "view": 25, "hash": "gik/jtFw93imMquZfPKd+FqganPHYY5XCcGc1OKyfB0="}
2022-11-28T20:41:58.390Z	DEBUG	replica=4	coded-hotterstuff/consensus.go:220	entered new view	{"CURRENT VIEW": 25, "view timeout": 2, "timedout": false}
2022-11-28T20:41:58.390Z	DEBUG	replica=4	coded-hotterstuff/consensus.go:244	replica is a leader for this view. waiting for data	{"CURRENT VIEW": 25}
2022-11-28T20:41:58.394Z	DEBUG	replica=4	coded-hotterstuff/consensus.go:152	sending proposal	{"CURRENT VIEW": 25, "hash": "Ugwh8F3FpQFeRSYscm+DFw01jRZ/5rTD0xHw0SpCo78=", "parent": "gik/jtFw93imMquZfPKd+FqganPHYY5XCcGc1OKyfB0=", "signer": 4}
2022-11-28T20:41:58.394Z	DEBUG	replica=4	coded-hotterstuff/consensus.go:285	received proposal, called onProposal	{"CURRENT VIEW": 25, "msg": "proposal", "header view": 25, "prepare view": 24, "hash": "Ugwh8F3FpQFeRSYscm+DFw01jRZ/5rTD0xHw0SpCo78=", "parent": "gik/jtFw93imMquZfPKd+FqganPHYY5XCcGc1OKyfB0="}
2022-11-28T20:41:58.401Z	DEBUG	replica=4	coded-hotterstuff/consensus.go:498	new block locked	{"CURRENT VIEW": 25, "view": 23, "hash": "pmj4OJzIOBXqJKBq/WB/iFAMQJkaLhcosvbRgseJajI="}
2022-11-28T20:41:58.401Z	INFO	replica=4	coded-hotterstuff/consensus.go:507	new block commited	{"CURRENT VIEW": 25, "view": 22, "hash": "7Bb+cvmJVOtnuxbz/jTx3aPFOlXYkwYfrDz8TccKono="}
2022-11-28T20:41:58.402Z	DEBUG	replica=4	coded-hotterstuff/consensus.go:392	proposal is safe to vote on	{"CURRENT VIEW": 25, "msg": "proposal", "header view": 25, "prepare view": 24, "hash": "Ugwh8F3FpQFeRSYscm+DFw01jRZ/5rTD0xHw0SpCo78=", "parent": "gik/jtFw93imMquZfPKd+FqganPHYY5XCcGc1OKyfB0="}
Node  4 +1 block finalized at time:  2022-11-28 20:41:58.404384011 +0000 UTC m=+19.110045976
2022-11-28T20:41:58.665Z	DEBUG	replica=4	coded-hotterstuff/consensus.go:676	received vote	{"CURRENT VIEW": 25, "msg": "vote", "voter": 2, "view": 25, "hash": "gik/jtFw93imMquZfPKd+FqganPHYY5XCcGc1OKyfB0="}
2022-11-28T20:41:58.671Z	DEBUG	replica=4	coded-hotterstuff/consensus.go:220	entered new view	{"CURRENT VIEW": 25, "view timeout": 2, "timedout": false}
2022-11-28T20:41:58.671Z	DEBUG	replica=4	coded-hotterstuff/consensus.go:244	replica is a leader for this view. waiting for data	{"CURRENT VIEW": 25}
2022-11-28T20:41:58.675Z	DEBUG	replica=4	coded-hotterstuff/consensus.go:152	sending proposal	{"CURRENT VIEW": 25, "hash": "Ugwh8F3FpQFeRSYscm+DFw01jRZ/5rTD0xHw0SpCo78=", "parent": "gik/jtFw93imMquZfPKd+FqganPHYY5XCcGc1OKyfB0=", "signer": 4}
2022-11-28T20:41:58.675Z	DEBUG	replica=4	coded-hotterstuff/consensus.go:285	received proposal, called onProposal	{"CURRENT VIEW": 25, "msg": "proposal", "header view": 25, "prepare view": 24, "hash": "Ugwh8F3FpQFeRSYscm+DFw01jRZ/5rTD0xHw0SpCo78=", "parent": "gik/jtFw93imMquZfPKd+FqganPHYY5XCcGc1OKyfB0="}
2022-11-28T20:41:58.824Z	DEBUG	replica=4	coded-hotterstuff/consensus.go:285	received proposal, called onProposal	{"CURRENT VIEW": 25, "msg": "proposal", "header view": 24, "prepare view": 24, "hash": "gik/jtFw93imMquZfPKd+FqganPHYY5XCcGc1OKyfB0=", "parent": "pmj4OJzIOBXqJKBq/WB/iFAMQJkaLhcosvbRgseJajI="}
2022-11-28T20:41:58.833Z	DEBUG	replica=4	coded-hotterstuff/consensus.go:377	proposal view doesn't match local view	{"CURRENT VIEW": 25, "msg": "proposal", "header view": 24, "prepare view": 24, "hash": "gik/jtFw93imMquZfPKd+FqganPHYY5XCcGc1OKyfB0=", "parent": "pmj4OJzIOBXqJKBq/WB/iFAMQJkaLhcosvbRgseJajI="}
2022-11-28T20:42:00.001Z	DEBUG	replica=4	coded-hotterstuff/consensus.go:285	received proposal, called onProposal	{"CURRENT VIEW": 25, "msg": "proposal", "header view": 26, "prepare view": 24, "hash": "BFze8lj0ByqIeg5FMeM6QhZCC439W3dnPhgVNdsCCe8=", "parent": "Ugwh8F3FpQFeRSYscm+DFw01jRZ/5rTD0xHw0SpCo78="}
2022-11-28T20:42:00.009Z	DEBUG	replica=4	coded-hotterstuff/consensus.go:519	new block certified	{"CURRENT VIEW": 25, "view": 25, "hash": "Ugwh8F3FpQFeRSYscm+DFw01jRZ/5rTD0xHw0SpCo78="}
2022-11-28T20:42:00.010Z	DEBUG	replica=4	coded-hotterstuff/consensus.go:220	entered new view	{"CURRENT VIEW": 26, "view timeout": 2, "timedout": false}
2022-11-28T20:42:00.010Z	DEBUG	replica=4	coded-hotterstuff/consensus.go:498	new block locked	{"CURRENT VIEW": 26, "view": 24, "hash": "gik/jtFw93imMquZfPKd+FqganPHYY5XCcGc1OKyfB0="}
2022-11-28T20:42:00.010Z	INFO	replica=4	coded-hotterstuff/consensus.go:507	new block commited	{"CURRENT VIEW": 26, "view": 23, "hash": "pmj4OJzIOBXqJKBq/WB/iFAMQJkaLhcosvbRgseJajI="}
2022-11-28T20:42:00.011Z	DEBUG	replica=4	coded-hotterstuff/consensus.go:392	proposal is safe to vote on	{"CURRENT VIEW": 25, "msg": "proposal", "header view": 26, "prepare view": 24, "hash": "BFze8lj0ByqIeg5FMeM6QhZCC439W3dnPhgVNdsCCe8=", "parent": "Ugwh8F3FpQFeRSYscm+DFw01jRZ/5rTD0xHw0SpCo78="}
Node  4 +1 block finalized at time:  2022-11-28 20:42:00.013812701 +0000 UTC m=+20.719474672
2022-11-28T20:42:00.196Z	DEBUG	replica=4	coded-hotterstuff/consensus.go:285	received proposal, called onProposal	{"CURRENT VIEW": 26, "msg": "proposal", "header view": 26, "prepare view": 25, "hash": "BFze8lj0ByqIeg5FMeM6QhZCC439W3dnPhgVNdsCCe8=", "parent": "Ugwh8F3FpQFeRSYscm+DFw01jRZ/5rTD0xHw0SpCo78="}
2022-11-28T20:42:00.389Z	DEBUG	replica=4	coded-hotterstuff/consensus.go:285	received proposal, called onProposal	{"CURRENT VIEW": 26, "msg": "proposal", "header view": 27, "prepare view": 25, "hash": "e5XoSmN/fXSHLaD7UtB65IvI3HwizG1xo4howmvtAes=", "parent": "BFze8lj0ByqIeg5FMeM6QhZCC439W3dnPhgVNdsCCe8="}
2022-11-28T20:42:00.437Z	DEBUG	replica=4	coded-hotterstuff/consensus.go:519	new block certified	{"CURRENT VIEW": 26, "view": 26, "hash": "BFze8lj0ByqIeg5FMeM6QhZCC439W3dnPhgVNdsCCe8="}
2022-11-28T20:42:00.437Z	DEBUG	replica=4	coded-hotterstuff/consensus.go:220	entered new view	{"CURRENT VIEW": 27, "view timeout": 2, "timedout": false}
2022-11-28T20:42:00.437Z	DEBUG	replica=4	coded-hotterstuff/consensus.go:498	new block locked	{"CURRENT VIEW": 27, "view": 25, "hash": "Ugwh8F3FpQFeRSYscm+DFw01jRZ/5rTD0xHw0SpCo78="}
2022-11-28T20:42:00.437Z	INFO	replica=4	coded-hotterstuff/consensus.go:507	new block commited	{"CURRENT VIEW": 27, "view": 24, "hash": "gik/jtFw93imMquZfPKd+FqganPHYY5XCcGc1OKyfB0="}
2022-11-28T20:42:00.437Z	DEBUG	replica=4	coded-hotterstuff/consensus.go:392	proposal is safe to vote on	{"CURRENT VIEW": 26, "msg": "proposal", "header view": 27, "prepare view": 25, "hash": "e5XoSmN/fXSHLaD7UtB65IvI3HwizG1xo4howmvtAes=", "parent": "BFze8lj0ByqIeg5FMeM6QhZCC439W3dnPhgVNdsCCe8="}
Node  4 +1 block finalized at time:  2022-11-28 20:42:00.442237426 +0000 UTC m=+21.147899392
Receiver: failed to read first 4 bytes from reader, EOF
Error: failed to read data!
handleConnection: listenForMessages returned error, calling cancelFunction
Failed to read first 4 bytes from reader
sendMessages: Time to return
2022-11-28T20:42:00.854Z	DEBUG	replica=4	coded-hotterstuff/consensus.go:285	received proposal, called onProposal	{"CURRENT VIEW": 27, "msg": "proposal", "header view": 27, "prepare view": 26, "hash": "e5XoSmN/fXSHLaD7UtB65IvI3HwizG1xo4howmvtAes=", "parent": "BFze8lj0ByqIeg5FMeM6QhZCC439W3dnPhgVNdsCCe8="}
